[2024-09-21T20:19:04.774+0000] {taskinstance.py:1159} INFO - Dependencies all met for dep_context=non-requeueable deps ti=<TaskInstance: raw_ingestion.spark_raw_ingestion_previsao scheduled__2024-09-20T16:30:00+00:00 [queued]>
[2024-09-21T20:19:04.792+0000] {taskinstance.py:1159} INFO - Dependencies all met for dep_context=requeueable deps ti=<TaskInstance: raw_ingestion.spark_raw_ingestion_previsao scheduled__2024-09-20T16:30:00+00:00 [queued]>
[2024-09-21T20:19:04.794+0000] {taskinstance.py:1361} INFO - Starting attempt 1 of 0
[2024-09-21T20:19:04.831+0000] {taskinstance.py:1382} INFO - Executing <Task(SSHOperator): spark_raw_ingestion_previsao> on 2024-09-20 16:30:00+00:00
[2024-09-21T20:19:04.838+0000] {standard_task_runner.py:57} INFO - Started process 208 to run task
[2024-09-21T20:19:04.842+0000] {standard_task_runner.py:84} INFO - Running: ['airflow', 'tasks', 'run', 'raw_ingestion', 'spark_raw_ingestion_previsao', 'scheduled__2024-09-20T16:30:00+00:00', '--job-id', '289', '--raw', '--subdir', 'DAGS_FOLDER/raw_ingestion.py', '--cfg-path', '/tmp/tmpmtw95ggo']
[2024-09-21T20:19:04.844+0000] {standard_task_runner.py:85} INFO - Job 289: Subtask spark_raw_ingestion_previsao
[2024-09-21T20:19:05.177+0000] {task_command.py:416} INFO - Running <TaskInstance: raw_ingestion.spark_raw_ingestion_previsao scheduled__2024-09-20T16:30:00+00:00 [running]> on host airflow-worker
[2024-09-21T20:19:05.864+0000] {taskinstance.py:1662} INFO - Exporting env vars: AIRFLOW_CTX_DAG_OWNER='***' AIRFLOW_CTX_DAG_ID='raw_ingestion' AIRFLOW_CTX_TASK_ID='spark_raw_ingestion_previsao' AIRFLOW_CTX_EXECUTION_DATE='2024-09-20T16:30:00+00:00' AIRFLOW_CTX_TRY_NUMBER='1' AIRFLOW_CTX_DAG_RUN_ID='scheduled__2024-09-20T16:30:00+00:00'
[2024-09-21T20:19:05.869+0000] {ssh.py:141} INFO - Creating ssh_client
[2024-09-21T20:19:05.871+0000] {ssh.py:114} INFO - ssh_hook is not provided or invalid. Trying ssh_conn_id to create SSHHook.
[2024-09-21T20:19:05.979+0000] {base.py:73} INFO - Using connection ID 'spark_ssh_default' for task execution.
[2024-09-21T20:19:05.982+0000] {ssh.py:300} WARNING - No Host Key Verification. This won't protect against Man-In-The-Middle attacks
[2024-09-21T20:19:06.034+0000] {transport.py:1893} INFO - Connected (version 2.0, client OpenSSH_8.9p1)
[2024-09-21T20:19:06.224+0000] {transport.py:1893} INFO - Authentication (password) successful!
[2024-09-21T20:19:06.228+0000] {ssh.py:478} INFO - Running command: export SPARK_HOME=/usr/local/spark; /opt/conda/bin/spark-submit --master local[*] --executor-memory 2g /opt/shared/scripts/raw_ingestion.py 2024-09-20 previsao
[2024-09-21T20:19:15.613+0000] {ssh.py:524} INFO - [DEBUG] dt_now: 2024-09-20
[2024-09-21T20:19:15.614+0000] {ssh.py:524} INFO - [DEBUG] endpoint: previsao
[2024-09-21T20:19:16.516+0000] {ssh.py:524} INFO - 24/09/21 20:19:16 INFO SparkContext: Running Spark version 3.3.1
[2024-09-21T20:19:16.673+0000] {ssh.py:524} INFO - 24/09/21 20:19:16 WARN NativeCodeLoader: Unable to load native-hadoop library for your platform... using builtin-java classes where applicable
[2024-09-21T20:19:17.128+0000] {ssh.py:524} INFO - 24/09/21 20:19:17 INFO ResourceUtils: ==============================================================
[2024-09-21T20:19:17.129+0000] {ssh.py:524} INFO - 24/09/21 20:19:17 INFO ResourceUtils: No custom resources configured for spark.driver.
[2024-09-21T20:19:17.132+0000] {ssh.py:524} INFO - 24/09/21 20:19:17 INFO ResourceUtils: ==============================================================
[2024-09-21T20:19:17.132+0000] {ssh.py:524} INFO - 24/09/21 20:19:17 INFO SparkContext: Submitted application: raw_ingestion_previsao
[2024-09-21T20:19:17.233+0000] {ssh.py:524} INFO - 24/09/21 20:19:17 INFO ResourceProfile: Default ResourceProfile created, executor resources: Map(cores -> name: cores, amount: 1, script: , vendor: , memory -> name: memory, amount: 1024, script: , vendor: , offHeap -> name: offHeap, amount: 0, script: , vendor: ), task resources: Map(cpus -> name: cpus, amount: 1.0)
[2024-09-21T20:19:17.274+0000] {ssh.py:524} INFO - 24/09/21 20:19:17 INFO ResourceProfile: Limiting resource is cpu
[2024-09-21T20:19:17.280+0000] {ssh.py:524} INFO - 24/09/21 20:19:17 INFO ResourceProfileManager: Added ResourceProfile id: 0
[2024-09-21T20:19:17.466+0000] {ssh.py:524} INFO - 24/09/21 20:19:17 INFO SecurityManager: Changing view acls to: root
[2024-09-21T20:19:17.470+0000] {ssh.py:524} INFO - 24/09/21 20:19:17 INFO SecurityManager: Changing modify acls to: root
[2024-09-21T20:19:17.475+0000] {ssh.py:524} INFO - 24/09/21 20:19:17 INFO SecurityManager: Changing view acls groups to: 
[2024-09-21T20:19:17.476+0000] {ssh.py:524} INFO - 24/09/21 20:19:17 INFO SecurityManager: Changing modify acls groups to: 
[2024-09-21T20:19:17.479+0000] {ssh.py:524} INFO - 24/09/21 20:19:17 INFO SecurityManager: SecurityManager: authentication disabled; ui acls disabled; users  with view permissions: Set(root); groups with view permissions: Set(); users  with modify permissions: Set(root); groups with modify permissions: Set()
[2024-09-21T20:19:18.421+0000] {ssh.py:524} INFO - 24/09/21 20:19:18 INFO Utils: Successfully started service 'sparkDriver' on port 44803.
[2024-09-21T20:19:18.535+0000] {ssh.py:524} INFO - 24/09/21 20:19:18 INFO SparkEnv: Registering MapOutputTracker
[2024-09-21T20:19:18.596+0000] {ssh.py:524} INFO - 24/09/21 20:19:18 INFO SparkEnv: Registering BlockManagerMaster
[2024-09-21T20:19:18.626+0000] {ssh.py:524} INFO - 24/09/21 20:19:18 INFO BlockManagerMasterEndpoint: Using org.apache.spark.storage.DefaultTopologyMapper for getting topology information
[2024-09-21T20:19:18.630+0000] {ssh.py:524} INFO - 24/09/21 20:19:18 INFO BlockManagerMasterEndpoint: BlockManagerMasterEndpoint up
[2024-09-21T20:19:18.643+0000] {ssh.py:524} INFO - 24/09/21 20:19:18 INFO SparkEnv: Registering BlockManagerMasterHeartbeat
[2024-09-21T20:19:18.689+0000] {ssh.py:524} INFO - 24/09/21 20:19:18 INFO DiskBlockManager: Created local directory at /tmp/blockmgr-41985e52-c8d4-4a1c-8538-e2305e71528c
[2024-09-21T20:19:18.738+0000] {ssh.py:524} INFO - 24/09/21 20:19:18 INFO MemoryStore: MemoryStore started with capacity 434.4 MiB
[2024-09-21T20:19:18.843+0000] {ssh.py:524} INFO - 24/09/21 20:19:18 INFO SparkEnv: Registering OutputCommitCoordinator
[2024-09-21T20:19:19.538+0000] {ssh.py:524} INFO - 24/09/21 20:19:19 WARN Utils: Service 'SparkUI' could not bind on port 4040. Attempting port 4041.
[2024-09-21T20:19:19.539+0000] {ssh.py:524} INFO - 24/09/21 20:19:19 WARN Utils: Service 'SparkUI' could not bind on port 4041. Attempting port 4042.
[2024-09-21T20:19:19.554+0000] {ssh.py:524} INFO - 24/09/21 20:19:19 INFO Utils: Successfully started service 'SparkUI' on port 4042.
[2024-09-21T20:19:20.155+0000] {ssh.py:524} INFO - 24/09/21 20:19:20 INFO Executor: Starting executor ID driver on host spark-master
[2024-09-21T20:19:20.219+0000] {ssh.py:524} INFO - 24/09/21 20:19:20 INFO Executor: Starting executor with user classpath (userClassPathFirst = false): ''
[2024-09-21T20:19:20.391+0000] {ssh.py:524} INFO - 24/09/21 20:19:20 INFO Utils: Successfully started service 'org.apache.spark.network.netty.NettyBlockTransferService' on port 32993.
[2024-09-21T20:19:20.392+0000] {ssh.py:524} INFO - 24/09/21 20:19:20 INFO NettyBlockTransferService: Server created on spark-master:32993
[2024-09-21T20:19:20.396+0000] {ssh.py:524} INFO - 24/09/21 20:19:20 INFO BlockManager: Using org.apache.spark.storage.RandomBlockReplicationPolicy for block replication policy
[2024-09-21T20:19:20.423+0000] {ssh.py:524} INFO - 24/09/21 20:19:20 INFO BlockManagerMaster: Registering BlockManager BlockManagerId(driver, spark-master, 32993, None)
[2024-09-21T20:19:20.440+0000] {ssh.py:524} INFO - 24/09/21 20:19:20 INFO BlockManagerMasterEndpoint: Registering block manager spark-master:32993 with 434.4 MiB RAM, BlockManagerId(driver, spark-master, 32993, None)
[2024-09-21T20:19:20.456+0000] {ssh.py:524} INFO - 24/09/21 20:19:20 INFO BlockManagerMaster: Registered BlockManager BlockManagerId(driver, spark-master, 32993, None)
[2024-09-21T20:19:20.459+0000] {ssh.py:524} INFO - 24/09/21 20:19:20 INFO BlockManager: Initialized BlockManager: BlockManagerId(driver, spark-master, 32993, None)
[2024-09-21T20:19:25.745+0000] {taskinstance.py:1937} ERROR - Task failed with exception
Traceback (most recent call last):
  File "/home/airflow/.local/lib/python3.8/site-packages/airflow/providers/ssh/operators/ssh.py", line 178, in execute
    result = self.run_ssh_client_command(ssh_client, self.command, context=context)
  File "/home/airflow/.local/lib/python3.8/site-packages/airflow/providers/ssh/operators/ssh.py", line 166, in run_ssh_client_command
    self.raise_for_status(exit_status, agg_stderr, context=context)
  File "/home/airflow/.local/lib/python3.8/site-packages/airflow/providers/ssh/operators/ssh.py", line 160, in raise_for_status
    raise AirflowException(f"SSH operator error: exit status = {exit_status}")
airflow.exceptions.AirflowException: SSH operator error: exit status = -1
[2024-09-21T20:19:25.753+0000] {taskinstance.py:1400} INFO - Marking task as FAILED. dag_id=raw_ingestion, task_id=spark_raw_ingestion_previsao, execution_date=20240920T163000, start_date=20240921T201904, end_date=20240921T201925
[2024-09-21T20:19:25.789+0000] {standard_task_runner.py:104} ERROR - Failed to execute job 289 for task spark_raw_ingestion_previsao (SSH operator error: exit status = -1; 208)
[2024-09-21T20:19:25.815+0000] {local_task_job_runner.py:228} INFO - Task exited with return code 1
[2024-09-21T20:19:25.886+0000] {taskinstance.py:2778} INFO - 0 downstream tasks scheduled from follow-on schedule check
