[2024-09-23T02:04:59.617+0000] {taskinstance.py:1159} INFO - Dependencies all met for dep_context=non-requeueable deps ti=<TaskInstance: raw_ingestion_15min.spark_raw_ingestion_corredor manual__2024-09-23T02:04:58.519614+00:00 [queued]>
[2024-09-23T02:04:59.626+0000] {taskinstance.py:1159} INFO - Dependencies all met for dep_context=requeueable deps ti=<TaskInstance: raw_ingestion_15min.spark_raw_ingestion_corredor manual__2024-09-23T02:04:58.519614+00:00 [queued]>
[2024-09-23T02:04:59.627+0000] {taskinstance.py:1361} INFO - Starting attempt 1 of 0
[2024-09-23T02:04:59.640+0000] {taskinstance.py:1382} INFO - Executing <Task(SSHOperator): spark_raw_ingestion_corredor> on 2024-09-23 02:04:58.519614+00:00
[2024-09-23T02:04:59.645+0000] {standard_task_runner.py:57} INFO - Started process 4353 to run task
[2024-09-23T02:04:59.647+0000] {standard_task_runner.py:84} INFO - Running: ['airflow', 'tasks', 'run', 'raw_ingestion_15min', 'spark_raw_ingestion_corredor', 'manual__2024-09-23T02:04:58.519614+00:00', '--job-id', '469', '--raw', '--subdir', 'DAGS_FOLDER/raw_ingestion_15min.py', '--cfg-path', '/tmp/tmp5u78mpt1']
[2024-09-23T02:04:59.648+0000] {standard_task_runner.py:85} INFO - Job 469: Subtask spark_raw_ingestion_corredor
[2024-09-23T02:04:59.760+0000] {task_command.py:416} INFO - Running <TaskInstance: raw_ingestion_15min.spark_raw_ingestion_corredor manual__2024-09-23T02:04:58.519614+00:00 [running]> on host airflow-worker
[2024-09-23T02:04:59.963+0000] {taskinstance.py:1662} INFO - Exporting env vars: AIRFLOW_CTX_DAG_OWNER='***' AIRFLOW_CTX_DAG_ID='raw_ingestion_15min' AIRFLOW_CTX_TASK_ID='spark_raw_ingestion_corredor' AIRFLOW_CTX_EXECUTION_DATE='2024-09-23T02:04:58.519614+00:00' AIRFLOW_CTX_TRY_NUMBER='1' AIRFLOW_CTX_DAG_RUN_ID='manual__2024-09-23T02:04:58.519614+00:00'
[2024-09-23T02:04:59.964+0000] {ssh.py:141} INFO - Creating ssh_client
[2024-09-23T02:04:59.964+0000] {ssh.py:114} INFO - ssh_hook is not provided or invalid. Trying ssh_conn_id to create SSHHook.
[2024-09-23T02:04:59.994+0000] {base.py:73} INFO - Using connection ID 'spark_ssh_default' for task execution.
[2024-09-23T02:04:59.995+0000] {ssh.py:300} WARNING - No Host Key Verification. This won't protect against Man-In-The-Middle attacks
[2024-09-23T02:05:00.005+0000] {transport.py:1893} INFO - Connected (version 2.0, client OpenSSH_8.9p1)
[2024-09-23T02:05:00.087+0000] {transport.py:1893} INFO - Authentication (password) successful!
[2024-09-23T02:05:00.088+0000] {ssh.py:478} INFO - Running command: export SPARK_HOME=/usr/local/spark; /opt/conda/bin/spark-submit --master local[*] --driver-cores 2 --executor-cores 2 --driver-memory 4G --executor-memory 4G /opt/shared/scripts/raw_ingestion.py 2024-09-23 corredor
[2024-09-23T02:05:02.546+0000] {ssh.py:524} INFO - [DEBUG] dt_now: 2024-09-23
[2024-09-23T02:05:02.547+0000] {ssh.py:524} INFO - [DEBUG] endpoint: corredor
[2024-09-23T02:05:02.613+0000] {ssh.py:524} INFO - 24/09/23 02:05:02 INFO SparkContext: Running Spark version 3.3.1
[2024-09-23T02:05:02.634+0000] {ssh.py:524} INFO - 24/09/23 02:05:02 WARN NativeCodeLoader: Unable to load native-hadoop library for your platform... using builtin-java classes where applicable
[2024-09-23T02:05:02.723+0000] {ssh.py:524} INFO - 24/09/23 02:05:02 INFO ResourceUtils: ==============================================================
[2024-09-23T02:05:02.723+0000] {ssh.py:524} INFO - 24/09/23 02:05:02 INFO ResourceUtils: No custom resources configured for spark.driver.
[2024-09-23T02:05:02.724+0000] {ssh.py:524} INFO - 24/09/23 02:05:02 INFO ResourceUtils: ==============================================================
[2024-09-23T02:05:02.724+0000] {ssh.py:524} INFO - 24/09/23 02:05:02 INFO SparkContext: Submitted application: raw_ingestion_corredor
[2024-09-23T02:05:02.743+0000] {ssh.py:524} INFO - 24/09/23 02:05:02 INFO ResourceProfile: Default ResourceProfile created, executor resources: Map(cores -> name: cores, amount: 1, script: , vendor: , memory -> name: memory, amount: 1024, script: , vendor: , offHeap -> name: offHeap, amount: 0, script: , vendor: ), task resources: Map(cpus -> name: cpus, amount: 1.0)
[2024-09-23T02:05:02.750+0000] {ssh.py:524} INFO - 24/09/23 02:05:02 INFO ResourceProfile: Limiting resource is cpu
[2024-09-23T02:05:02.750+0000] {ssh.py:524} INFO - 24/09/23 02:05:02 INFO ResourceProfileManager: Added ResourceProfile id: 0
[2024-09-23T02:05:02.786+0000] {ssh.py:524} INFO - 24/09/23 02:05:02 INFO SecurityManager: Changing view acls to: root
[2024-09-23T02:05:02.787+0000] {ssh.py:524} INFO - 24/09/23 02:05:02 INFO SecurityManager: Changing modify acls to: root
[2024-09-23T02:05:02.787+0000] {ssh.py:524} INFO - 24/09/23 02:05:02 INFO SecurityManager: Changing view acls groups to: 
[2024-09-23T02:05:02.788+0000] {ssh.py:524} INFO - 24/09/23 02:05:02 INFO SecurityManager: Changing modify acls groups to: 
[2024-09-23T02:05:02.788+0000] {ssh.py:524} INFO - 24/09/23 02:05:02 INFO SecurityManager: SecurityManager: authentication disabled; ui acls disabled; users  with view permissions: Set(root); groups with view permissions: Set(); users  with modify permissions: Set(root); groups with modify permissions: Set()
[2024-09-23T02:05:03.069+0000] {ssh.py:524} INFO - 24/09/23 02:05:03 INFO Utils: Successfully started service 'sparkDriver' on port 44869.
[2024-09-23T02:05:03.118+0000] {ssh.py:524} INFO - 24/09/23 02:05:03 INFO SparkEnv: Registering MapOutputTracker
[2024-09-23T02:05:03.158+0000] {ssh.py:524} INFO - 24/09/23 02:05:03 INFO SparkEnv: Registering BlockManagerMaster
[2024-09-23T02:05:03.178+0000] {ssh.py:524} INFO - 24/09/23 02:05:03 INFO BlockManagerMasterEndpoint: Using org.apache.spark.storage.DefaultTopologyMapper for getting topology information
[2024-09-23T02:05:03.178+0000] {ssh.py:524} INFO - 24/09/23 02:05:03 INFO BlockManagerMasterEndpoint: BlockManagerMasterEndpoint up
[2024-09-23T02:05:03.184+0000] {ssh.py:524} INFO - 24/09/23 02:05:03 INFO SparkEnv: Registering BlockManagerMasterHeartbeat
[2024-09-23T02:05:03.206+0000] {ssh.py:524} INFO - 24/09/23 02:05:03 INFO DiskBlockManager: Created local directory at /tmp/blockmgr-92b78bf5-9469-4013-ac21-0b0678e79d1f
[2024-09-23T02:05:03.226+0000] {ssh.py:524} INFO - 24/09/23 02:05:03 INFO MemoryStore: MemoryStore started with capacity 2.2 GiB
[2024-09-23T02:05:03.245+0000] {ssh.py:524} INFO - 24/09/23 02:05:03 INFO SparkEnv: Registering OutputCommitCoordinator
[2024-09-23T02:05:03.414+0000] {ssh.py:524} INFO - 24/09/23 02:05:03 INFO Utils: Successfully started service 'SparkUI' on port 4040.
[2024-09-23T02:05:03.515+0000] {ssh.py:524} INFO - 24/09/23 02:05:03 INFO Executor: Starting executor ID driver on host spark-master
[2024-09-23T02:05:03.528+0000] {ssh.py:524} INFO - 24/09/23 02:05:03 INFO Executor: Starting executor with user classpath (userClassPathFirst = false): ''
[2024-09-23T02:05:03.539+0000] {ssh.py:524} INFO - 24/09/23 02:05:03 INFO Utils: Successfully started service 'org.apache.spark.network.netty.NettyBlockTransferService' on port 44493.
[2024-09-23T02:05:03.540+0000] {ssh.py:524} INFO - 24/09/23 02:05:03 INFO NettyBlockTransferService: Server created on spark-master:44493
[2024-09-23T02:05:03.542+0000] {ssh.py:524} INFO - 24/09/23 02:05:03 INFO BlockManager: Using org.apache.spark.storage.RandomBlockReplicationPolicy for block replication policy
[2024-09-23T02:05:03.547+0000] {ssh.py:524} INFO - 24/09/23 02:05:03 INFO BlockManagerMaster: Registering BlockManager BlockManagerId(driver, spark-master, 44493, None)
[2024-09-23T02:05:03.552+0000] {ssh.py:524} INFO - 24/09/23 02:05:03 INFO BlockManagerMasterEndpoint: Registering block manager spark-master:44493 with 2.2 GiB RAM, BlockManagerId(driver, spark-master, 44493, None)
[2024-09-23T02:05:03.553+0000] {ssh.py:524} INFO - 24/09/23 02:05:03 INFO BlockManagerMaster: Registered BlockManager BlockManagerId(driver, spark-master, 44493, None)
[2024-09-23T02:05:03.553+0000] {ssh.py:524} INFO - 24/09/23 02:05:03 INFO BlockManager: Initialized BlockManager: BlockManagerId(driver, spark-master, 44493, None)
[2024-09-23T02:05:04.418+0000] {ssh.py:524} INFO - 24/09/23 02:05:04 INFO SharedState: Setting hive.metastore.warehouse.dir ('null') to the value of spark.sql.warehouse.dir.
[2024-09-23T02:05:04.424+0000] {ssh.py:524} INFO - 24/09/23 02:05:04 INFO SharedState: Warehouse path is 'file:/root/spark-warehouse'.
[2024-09-23T02:05:06.280+0000] {ssh.py:524} INFO - 24/09/23 02:05:06 WARN MetricsConfig: Cannot locate configuration: tried hadoop-metrics2-s3a-file-system.properties,hadoop-metrics2.properties
[2024-09-23T02:05:06.290+0000] {ssh.py:524} INFO - 24/09/23 02:05:06 INFO MetricsSystemImpl: Scheduled Metric snapshot period at 10 second(s).
[2024-09-23T02:05:06.291+0000] {ssh.py:524} INFO - 24/09/23 02:05:06 INFO MetricsSystemImpl: s3a-file-system metrics system started
[2024-09-23T02:05:07.328+0000] {ssh.py:524} INFO - 24/09/23 02:05:07 WARN AbstractS3ACommitterFactory: Using standard FileOutputCommitter to commit work. This is slow and potentially unsafe.
[2024-09-23T02:05:07.329+0000] {ssh.py:524} INFO - 24/09/23 02:05:07 INFO FileOutputCommitter: File Output Committer Algorithm version is 1
[2024-09-23T02:05:07.329+0000] {ssh.py:524} INFO - 24/09/23 02:05:07 INFO FileOutputCommitter: FileOutputCommitter skip cleanup _temporary folders under output directory:false, ignore cleanup failures: false
[2024-09-23T02:05:07.332+0000] {ssh.py:524} INFO - 24/09/23 02:05:07 INFO AbstractS3ACommitterFactory: Using Committer FileOutputCommitter{PathOutputCommitter{context=TaskAttemptContextImpl{JobContextImpl{jobId=job_202409230205074541106646810797551_0000}; taskId=attempt_202409230205074541106646810797551_0000_m_000000_0, status=''}; org.apache.hadoop.mapreduce.lib.output.FileOutputCommitter@1ced96dc}; outputPath=s3a://raw/olhovivo/corredor/dt=2024-09-23, workPath=s3a://raw/olhovivo/corredor/dt=2024-09-23/_temporary/0/_temporary/attempt_202409230205074541106646810797551_0000_m_000000_0, algorithmVersion=1, skipCleanup=false, ignoreCleanupFailures=false} for s3a://raw/olhovivo/corredor/dt=2024-09-23
[2024-09-23T02:05:07.333+0000] {ssh.py:524} INFO - 24/09/23 02:05:07 INFO SQLHadoopMapReduceCommitProtocol: Using output committer class org.apache.hadoop.mapreduce.lib.output.FileOutputCommitter
[2024-09-23T02:05:07.724+0000] {ssh.py:524} INFO - 24/09/23 02:05:07 INFO CodeGenerator: Code generated in 108.519585 ms
[2024-09-23T02:05:07.828+0000] {ssh.py:524} INFO - 24/09/23 02:05:07 INFO SparkContext: Starting job: save at NativeMethodAccessorImpl.java:0
[2024-09-23T02:05:07.839+0000] {ssh.py:524} INFO - 24/09/23 02:05:07 INFO DAGScheduler: Got job 0 (save at NativeMethodAccessorImpl.java:0) with 12 output partitions
[2024-09-23T02:05:07.840+0000] {ssh.py:524} INFO - 24/09/23 02:05:07 INFO DAGScheduler: Final stage: ResultStage 0 (save at NativeMethodAccessorImpl.java:0)
[2024-09-23T02:05:07.840+0000] {ssh.py:524} INFO - 24/09/23 02:05:07 INFO DAGScheduler: Parents of final stage: List()
[2024-09-23T02:05:07.841+0000] {ssh.py:524} INFO - 24/09/23 02:05:07 INFO DAGScheduler: Missing parents: List()
[2024-09-23T02:05:07.844+0000] {ssh.py:524} INFO - 24/09/23 02:05:07 INFO DAGScheduler: Submitting ResultStage 0 (MapPartitionsRDD[5] at save at NativeMethodAccessorImpl.java:0), which has no missing parents
[2024-09-23T02:05:07.939+0000] {ssh.py:524} INFO - 24/09/23 02:05:07 INFO MemoryStore: Block broadcast_0 stored as values in memory (estimated size 219.9 KiB, free 2.2 GiB)
[2024-09-23T02:05:07.964+0000] {ssh.py:524} INFO - 24/09/23 02:05:07 INFO MemoryStore: Block broadcast_0_piece0 stored as bytes in memory (estimated size 80.5 KiB, free 2.2 GiB)
[2024-09-23T02:05:07.967+0000] {ssh.py:524} INFO - 24/09/23 02:05:07 INFO BlockManagerInfo: Added broadcast_0_piece0 in memory on spark-master:44493 (size: 80.5 KiB, free: 2.2 GiB)
[2024-09-23T02:05:07.970+0000] {ssh.py:524} INFO - 24/09/23 02:05:07 INFO SparkContext: Created broadcast 0 from broadcast at DAGScheduler.scala:1513
[2024-09-23T02:05:07.979+0000] {ssh.py:524} INFO - 24/09/23 02:05:07 INFO DAGScheduler: Submitting 12 missing tasks from ResultStage 0 (MapPartitionsRDD[5] at save at NativeMethodAccessorImpl.java:0) (first 15 tasks are for partitions Vector(0, 1, 2, 3, 4, 5, 6, 7, 8, 9, 10, 11))
[2024-09-23T02:05:07.980+0000] {ssh.py:524} INFO - 24/09/23 02:05:07 INFO TaskSchedulerImpl: Adding task set 0.0 with 12 tasks resource profile 0
[2024-09-23T02:05:08.022+0000] {ssh.py:524} INFO - 24/09/23 02:05:08 INFO TaskSetManager: Starting task 0.0 in stage 0.0 (TID 0) (spark-master, executor driver, partition 0, PROCESS_LOCAL, 4433 bytes) taskResourceAssignments Map()
[2024-09-23T02:05:08.026+0000] {ssh.py:524} INFO - 24/09/23 02:05:08 INFO TaskSetManager: Starting task 1.0 in stage 0.0 (TID 1) (spark-master, executor driver, partition 1, PROCESS_LOCAL, 4476 bytes) taskResourceAssignments Map()
[2024-09-23T02:05:08.027+0000] {ssh.py:524} INFO - 24/09/23 02:05:08 INFO TaskSetManager: Starting task 2.0 in stage 0.0 (TID 2) (spark-master, executor driver, partition 2, PROCESS_LOCAL, 4433 bytes) taskResourceAssignments Map()
[2024-09-23T02:05:08.029+0000] {ssh.py:524} INFO - 24/09/23 02:05:08 INFO TaskSetManager: Starting task 3.0 in stage 0.0 (TID 3) (spark-master, executor driver, partition 3, PROCESS_LOCAL, 4484 bytes) taskResourceAssignments Map()
[2024-09-23T02:05:08.037+0000] {ssh.py:524} INFO - 24/09/23 02:05:08 INFO TaskSetManager: Starting task 4.0 in stage 0.0 (TID 4) (spark-master, executor driver, partition 4, PROCESS_LOCAL, 4433 bytes) taskResourceAssignments Map()
[2024-09-23T02:05:08.038+0000] {ssh.py:524} INFO - 24/09/23 02:05:08 INFO TaskSetManager: Starting task 5.0 in stage 0.0 (TID 5) (spark-master, executor driver, partition 5, PROCESS_LOCAL, 4480 bytes) taskResourceAssignments Map()
[2024-09-23T02:05:08.039+0000] {ssh.py:524} INFO - 24/09/23 02:05:08 INFO TaskSetManager: Starting task 6.0 in stage 0.0 (TID 6) (spark-master, executor driver, partition 6, PROCESS_LOCAL, 4476 bytes) taskResourceAssignments Map()
[2024-09-23T02:05:08.039+0000] {ssh.py:524} INFO - 24/09/23 02:05:08 INFO TaskSetManager: Starting task 7.0 in stage 0.0 (TID 7) (spark-master, executor driver, partition 7, PROCESS_LOCAL, 4433 bytes) taskResourceAssignments Map()
[2024-09-23T02:05:08.040+0000] {ssh.py:524} INFO - 24/09/23 02:05:08 INFO TaskSetManager: Starting task 8.0 in stage 0.0 (TID 8) (spark-master, executor driver, partition 8, PROCESS_LOCAL, 4473 bytes) taskResourceAssignments Map()
[2024-09-23T02:05:08.040+0000] {ssh.py:524} INFO - 24/09/23 02:05:08 INFO TaskSetManager: Starting task 9.0 in stage 0.0 (TID 9) (spark-master, executor driver, partition 9, PROCESS_LOCAL, 4433 bytes) taskResourceAssignments Map()
[2024-09-23T02:05:08.041+0000] {ssh.py:524} INFO - 24/09/23 02:05:08 INFO TaskSetManager: Starting task 10.0 in stage 0.0 (TID 10) (spark-master, executor driver, partition 10, PROCESS_LOCAL, 4476 bytes) taskResourceAssignments Map()
[2024-09-23T02:05:08.042+0000] {ssh.py:524} INFO - 24/09/23 02:05:08 INFO TaskSetManager: Starting task 11.0 in stage 0.0 (TID 11) (spark-master, executor driver, partition 11, PROCESS_LOCAL, 4479 bytes) taskResourceAssignments Map()
[2024-09-23T02:05:08.053+0000] {ssh.py:524} INFO - 24/09/23 02:05:08 INFO Executor: Running task 5.0 in stage 0.0 (TID 5)
[2024-09-23T02:05:08.054+0000] {ssh.py:524} INFO - 24/09/23 02:05:08 INFO Executor: Running task 1.0 in stage 0.0 (TID 1)
[2024-09-23T02:05:08.054+0000] {ssh.py:524} INFO - 24/09/23 02:05:08 INFO Executor: Running task 3.0 in stage 0.0 (TID 3)
[2024-09-23T02:05:08.055+0000] {ssh.py:524} INFO - 24/09/23 02:05:08 INFO Executor: Running task 0.0 in stage 0.0 (TID 0)
[2024-09-23T02:05:08.055+0000] {ssh.py:524} INFO - 24/09/23 02:05:08 INFO Executor: Running task 2.0 in stage 0.0 (TID 2)
[2024-09-23T02:05:08.056+0000] {ssh.py:524} INFO - 24/09/23 02:05:08 INFO Executor: Running task 7.0 in stage 0.0 (TID 7)
[2024-09-23T02:05:08.056+0000] {ssh.py:524} INFO - 24/09/23 02:05:08 INFO Executor: Running task 6.0 in stage 0.0 (TID 6)
[2024-09-23T02:05:08.057+0000] {ssh.py:524} INFO - 24/09/23 02:05:08 INFO Executor: Running task 4.0 in stage 0.0 (TID 4)
[2024-09-23T02:05:08.057+0000] {ssh.py:524} INFO - 24/09/23 02:05:08 INFO Executor: Running task 8.0 in stage 0.0 (TID 8)
[2024-09-23T02:05:08.058+0000] {ssh.py:524} INFO - 24/09/23 02:05:08 INFO Executor: Running task 9.0 in stage 0.0 (TID 9)
[2024-09-23T02:05:08.059+0000] {ssh.py:524} INFO - 24/09/23 02:05:08 INFO Executor: Running task 10.0 in stage 0.0 (TID 10)
[2024-09-23T02:05:08.059+0000] {ssh.py:524} INFO - 24/09/23 02:05:08 INFO Executor: Running task 11.0 in stage 0.0 (TID 11)
[2024-09-23T02:05:08.763+0000] {ssh.py:524} INFO - 24/09/23 02:05:08 WARN AbstractS3ACommitterFactory: Using standard FileOutputCommitter to commit work. This is slow and potentially unsafe.
[2024-09-23T02:05:08.764+0000] {ssh.py:524} INFO - 24/09/23 02:05:08 INFO FileOutputCommitter: File Output Committer Algorithm version is 1
[2024-09-23T02:05:08.765+0000] {ssh.py:524} INFO - 24/09/23 02:05:08 INFO FileOutputCommitter: FileOutputCommitter skip cleanup _temporary folders under output directory:false, ignore cleanup failures: false
[2024-09-23T02:05:08.766+0000] {ssh.py:524} INFO - 24/09/23 02:05:08 WARN AbstractS3ACommitterFactory: Using standard FileOutputCommitter to commit work. This is slow and potentially unsafe.
[2024-09-23T02:05:08.766+0000] {ssh.py:524} INFO - 24/09/23 02:05:08 INFO AbstractS3ACommitterFactory: Using Committer FileOutputCommitter{PathOutputCommitter{context=TaskAttemptContextImpl{JobContextImpl{jobId=job_202409230205074525975744847314764_0000}; taskId=attempt_202409230205074525975744847314764_0000_m_000001_1, status=''}; org.apache.hadoop.mapreduce.lib.output.FileOutputCommitter@595a9492}; outputPath=s3a://raw/olhovivo/corredor/dt=2024-09-23, workPath=s3a://raw/olhovivo/corredor/dt=2024-09-23/_temporary/0/_temporary/attempt_202409230205074525975744847314764_0000_m_000001_1, algorithmVersion=1, skipCleanup=false, ignoreCleanupFailures=false} for s3a://raw/olhovivo/corredor/dt=2024-09-23
[2024-09-23T02:05:08.767+0000] {ssh.py:524} INFO - 24/09/23 02:05:08 INFO FileOutputCommitter: File Output Committer Algorithm version is 1
[2024-09-23T02:05:08.767+0000] {ssh.py:524} INFO - 24/09/23 02:05:08 INFO FileOutputCommitter: FileOutputCommitter skip cleanup _temporary folders under output directory:false, ignore cleanup failures: false
[2024-09-23T02:05:08.767+0000] {ssh.py:524} INFO - 24/09/23 02:05:08 INFO SQLHadoopMapReduceCommitProtocol: Using output committer class org.apache.hadoop.mapreduce.lib.output.FileOutputCommitter
[2024-09-23T02:05:08.768+0000] {ssh.py:524} INFO - 24/09/23 02:05:08 INFO AbstractS3ACommitterFactory: Using Committer FileOutputCommitter{PathOutputCommitter{context=TaskAttemptContextImpl{JobContextImpl{jobId=job_202409230205073319648184000401525_0000}; taskId=attempt_202409230205073319648184000401525_0000_m_000005_5, status=''}; org.apache.hadoop.mapreduce.lib.output.FileOutputCommitter@72103334}; outputPath=s3a://raw/olhovivo/corredor/dt=2024-09-23, workPath=s3a://raw/olhovivo/corredor/dt=2024-09-23/_temporary/0/_temporary/attempt_202409230205073319648184000401525_0000_m_000005_5, algorithmVersion=1, skipCleanup=false, ignoreCleanupFailures=false} for s3a://raw/olhovivo/corredor/dt=2024-09-23
[2024-09-23T02:05:08.769+0000] {ssh.py:524} INFO - 24/09/23 02:05:08 INFO SQLHadoopMapReduceCommitProtocol: Using output committer class org.apache.hadoop.mapreduce.lib.output.FileOutputCommitter
[2024-09-23T02:05:08.769+0000] {ssh.py:524} INFO - 24/09/23 02:05:08 WARN AbstractS3ACommitterFactory: Using standard FileOutputCommitter to commit work. This is slow and potentially unsafe.
[2024-09-23T02:05:08.770+0000] {ssh.py:524} INFO - 24/09/23 02:05:08 INFO FileOutputCommitter: File Output Committer Algorithm version is 1
[2024-09-23T02:05:08.770+0000] {ssh.py:524} INFO - 24/09/23 02:05:08 INFO FileOutputCommitter: FileOutputCommitter skip cleanup _temporary folders under output directory:false, ignore cleanup failures: false
[2024-09-23T02:05:08.770+0000] {ssh.py:524} INFO - 24/09/23 02:05:08 INFO AbstractS3ACommitterFactory: Using Committer FileOutputCommitter{PathOutputCommitter{context=TaskAttemptContextImpl{JobContextImpl{jobId=job_202409230205078755422079934633200_0000}; taskId=attempt_202409230205078755422079934633200_0000_m_000006_6, status=''}; org.apache.hadoop.mapreduce.lib.output.FileOutputCommitter@6ab63ab}; outputPath=s3a://raw/olhovivo/corredor/dt=2024-09-23, workPath=s3a://raw/olhovivo/corredor/dt=2024-09-23/_temporary/0/_temporary/attempt_202409230205078755422079934633200_0000_m_000006_6, algorithmVersion=1, skipCleanup=false, ignoreCleanupFailures=false} for s3a://raw/olhovivo/corredor/dt=2024-09-23
[2024-09-23T02:05:08.771+0000] {ssh.py:524} INFO - 24/09/23 02:05:08 INFO SQLHadoopMapReduceCommitProtocol: Using output committer class org.apache.hadoop.mapreduce.lib.output.FileOutputCommitter
[2024-09-23T02:05:08.771+0000] {ssh.py:524} INFO - 24/09/23 02:05:08 WARN AbstractS3ACommitterFactory: Using standard FileOutputCommitter to commit work. This is slow and potentially unsafe.
[2024-09-23T02:05:08.772+0000] {ssh.py:524} INFO - 24/09/23 02:05:08 INFO FileOutputCommitter: File Output Committer Algorithm version is 1
[2024-09-23T02:05:08.772+0000] {ssh.py:524} INFO - 24/09/23 02:05:08 INFO FileOutputCommitter: FileOutputCommitter skip cleanup _temporary folders under output directory:false, ignore cleanup failures: false
[2024-09-23T02:05:08.772+0000] {ssh.py:524} INFO - 24/09/23 02:05:08 INFO AbstractS3ACommitterFactory: Using Committer FileOutputCommitter{PathOutputCommitter{context=TaskAttemptContextImpl{JobContextImpl{jobId=job_202409230205074216387226718422432_0000}; taskId=attempt_202409230205074216387226718422432_0000_m_000010_10, status=''}; org.apache.hadoop.mapreduce.lib.output.FileOutputCommitter@1b3de931}; outputPath=s3a://raw/olhovivo/corredor/dt=2024-09-23, workPath=s3a://raw/olhovivo/corredor/dt=2024-09-23/_temporary/0/_temporary/attempt_202409230205074216387226718422432_0000_m_000010_10, algorithmVersion=1, skipCleanup=false, ignoreCleanupFailures=false} for s3a://raw/olhovivo/corredor/dt=2024-09-23
[2024-09-23T02:05:08.772+0000] {ssh.py:524} INFO - 24/09/23 02:05:08 INFO SQLHadoopMapReduceCommitProtocol: Using output committer class org.apache.hadoop.mapreduce.lib.output.FileOutputCommitter
[2024-09-23T02:05:08.790+0000] {ssh.py:524} INFO - 24/09/23 02:05:08 WARN AbstractS3ACommitterFactory: Using standard FileOutputCommitter to commit work. This is slow and potentially unsafe.
[2024-09-23T02:05:08.791+0000] {ssh.py:524} INFO - 24/09/23 02:05:08 INFO FileOutputCommitter: File Output Committer Algorithm version is 1
[2024-09-23T02:05:08.792+0000] {ssh.py:524} INFO - 24/09/23 02:05:08 INFO FileOutputCommitter: FileOutputCommitter skip cleanup _temporary folders under output directory:false, ignore cleanup failures: false
[2024-09-23T02:05:08.792+0000] {ssh.py:524} INFO - 24/09/23 02:05:08 INFO AbstractS3ACommitterFactory: Using Committer FileOutputCommitter{PathOutputCommitter{context=TaskAttemptContextImpl{JobContextImpl{jobId=job_202409230205077609470681541259783_0000}; taskId=attempt_202409230205077609470681541259783_0000_m_000004_4, status=''}; org.apache.hadoop.mapreduce.lib.output.FileOutputCommitter@2870d944}; outputPath=s3a://raw/olhovivo/corredor/dt=2024-09-23, workPath=s3a://raw/olhovivo/corredor/dt=2024-09-23/_temporary/0/_temporary/attempt_202409230205077609470681541259783_0000_m_000004_4, algorithmVersion=1, skipCleanup=false, ignoreCleanupFailures=false} for s3a://raw/olhovivo/corredor/dt=2024-09-23
[2024-09-23T02:05:08.792+0000] {ssh.py:524} INFO - 24/09/23 02:05:08 INFO SQLHadoopMapReduceCommitProtocol: Using output committer class org.apache.hadoop.mapreduce.lib.output.FileOutputCommitter
[2024-09-23T02:05:08.807+0000] {ssh.py:524} INFO - 24/09/23 02:05:08 WARN AbstractS3ACommitterFactory: Using standard FileOutputCommitter to commit work. This is slow and potentially unsafe.
[2024-09-23T02:05:08.807+0000] {ssh.py:524} INFO - 24/09/23 02:05:08 INFO FileOutputCommitter: File Output Committer Algorithm version is 1
[2024-09-23T02:05:08.808+0000] {ssh.py:524} INFO - 24/09/23 02:05:08 INFO FileOutputCommitter: FileOutputCommitter skip cleanup _temporary folders under output directory:false, ignore cleanup failures: false
[2024-09-23T02:05:08.810+0000] {ssh.py:524} INFO - 24/09/23 02:05:08 INFO AbstractS3ACommitterFactory: Using Committer FileOutputCommitter{PathOutputCommitter{context=TaskAttemptContextImpl{JobContextImpl{jobId=job_202409230205073653453860842732761_0000}; taskId=attempt_202409230205073653453860842732761_0000_m_000007_7, status=''}; org.apache.hadoop.mapreduce.lib.output.FileOutputCommitter@725ae801}; outputPath=s3a://raw/olhovivo/corredor/dt=2024-09-23, workPath=s3a://raw/olhovivo/corredor/dt=2024-09-23/_temporary/0/_temporary/attempt_202409230205073653453860842732761_0000_m_000007_7, algorithmVersion=1, skipCleanup=false, ignoreCleanupFailures=false} for s3a://raw/olhovivo/corredor/dt=2024-09-23
[2024-09-23T02:05:08.810+0000] {ssh.py:524} INFO - 24/09/23 02:05:08 INFO SQLHadoopMapReduceCommitProtocol: Using output committer class org.apache.hadoop.mapreduce.lib.output.FileOutputCommitter
[2024-09-23T02:05:08.818+0000] {ssh.py:524} INFO - 24/09/23 02:05:08 WARN AbstractS3ACommitterFactory: Using standard FileOutputCommitter to commit work. This is slow and potentially unsafe.
[2024-09-23T02:05:08.819+0000] {ssh.py:524} INFO - 24/09/23 02:05:08 INFO FileOutputCommitter: File Output Committer Algorithm version is 1
[2024-09-23T02:05:08.819+0000] {ssh.py:524} INFO - 24/09/23 02:05:08 INFO FileOutputCommitter: FileOutputCommitter skip cleanup _temporary folders under output directory:false, ignore cleanup failures: false
[2024-09-23T02:05:08.819+0000] {ssh.py:524} INFO - 24/09/23 02:05:08 INFO AbstractS3ACommitterFactory: Using Committer FileOutputCommitter{PathOutputCommitter{context=TaskAttemptContextImpl{JobContextImpl{jobId=job_20240923020507194819755197584984_0000}; taskId=attempt_20240923020507194819755197584984_0000_m_000002_2, status=''}; org.apache.hadoop.mapreduce.lib.output.FileOutputCommitter@29f79c22}; outputPath=s3a://raw/olhovivo/corredor/dt=2024-09-23, workPath=s3a://raw/olhovivo/corredor/dt=2024-09-23/_temporary/0/_temporary/attempt_20240923020507194819755197584984_0000_m_000002_2, algorithmVersion=1, skipCleanup=false, ignoreCleanupFailures=false} for s3a://raw/olhovivo/corredor/dt=2024-09-23
[2024-09-23T02:05:08.820+0000] {ssh.py:524} INFO - 24/09/23 02:05:08 INFO SQLHadoopMapReduceCommitProtocol: Using output committer class org.apache.hadoop.mapreduce.lib.output.FileOutputCommitter
[2024-09-23T02:05:08.852+0000] {ssh.py:524} INFO - 24/09/23 02:05:08 WARN AbstractS3ACommitterFactory: Using standard FileOutputCommitter to commit work. This is slow and potentially unsafe.
[2024-09-23T02:05:08.853+0000] {ssh.py:524} INFO - 24/09/23 02:05:08 INFO FileOutputCommitter: File Output Committer Algorithm version is 1
[2024-09-23T02:05:08.854+0000] {ssh.py:524} INFO - 24/09/23 02:05:08 INFO FileOutputCommitter: FileOutputCommitter skip cleanup _temporary folders under output directory:false, ignore cleanup failures: false
[2024-09-23T02:05:08.855+0000] {ssh.py:524} INFO - 24/09/23 02:05:08 INFO AbstractS3ACommitterFactory: Using Committer FileOutputCommitter{PathOutputCommitter{context=TaskAttemptContextImpl{JobContextImpl{jobId=job_202409230205072411840086534125617_0000}; taskId=attempt_202409230205072411840086534125617_0000_m_000009_9, status=''}; org.apache.hadoop.mapreduce.lib.output.FileOutputCommitter@584d25f8}; outputPath=s3a://raw/olhovivo/corredor/dt=2024-09-23, workPath=s3a://raw/olhovivo/corredor/dt=2024-09-23/_temporary/0/_temporary/attempt_202409230205072411840086534125617_0000_m_000009_9, algorithmVersion=1, skipCleanup=false, ignoreCleanupFailures=false} for s3a://raw/olhovivo/corredor/dt=2024-09-23
[2024-09-23T02:05:08.859+0000] {ssh.py:524} INFO - 24/09/23 02:05:08 INFO SQLHadoopMapReduceCommitProtocol: Using output committer class org.apache.hadoop.mapreduce.lib.output.FileOutputCommitter
[2024-09-23T02:05:08.897+0000] {ssh.py:524} INFO - 24/09/23 02:05:08 WARN AbstractS3ACommitterFactory: Using standard FileOutputCommitter to commit work. This is slow and potentially unsafe.
[2024-09-23T02:05:08.900+0000] {ssh.py:524} INFO - 24/09/23 02:05:08 INFO FileOutputCommitter: File Output Committer Algorithm version is 1
[2024-09-23T02:05:08.909+0000] {ssh.py:524} INFO - 24/09/23 02:05:08 INFO PythonRunner: Times: total = 592, boot = 458, init = 134, finish = 0
[2024-09-23T02:05:08.909+0000] {ssh.py:524} INFO - 24/09/23 02:05:08 WARN AbstractS3ACommitterFactory: Using standard FileOutputCommitter to commit work. This is slow and potentially unsafe.
[2024-09-23T02:05:08.910+0000] {ssh.py:524} INFO - 24/09/23 02:05:08 INFO FileOutputCommitter: File Output Committer Algorithm version is 1
[2024-09-23T02:05:08.912+0000] {ssh.py:524} INFO - 24/09/23 02:05:08 INFO FileOutputCommitter: FileOutputCommitter skip cleanup _temporary folders under output directory:false, ignore cleanup failures: false
[2024-09-23T02:05:08.913+0000] {ssh.py:524} INFO - 24/09/23 02:05:08 INFO AbstractS3ACommitterFactory: Using Committer FileOutputCommitter{PathOutputCommitter{context=TaskAttemptContextImpl{JobContextImpl{jobId=job_202409230205078751848837477059818_0000}; taskId=attempt_202409230205078751848837477059818_0000_m_000003_3, status=''}; org.apache.hadoop.mapreduce.lib.output.FileOutputCommitter@3204d2c}; outputPath=s3a://raw/olhovivo/corredor/dt=2024-09-23, workPath=s3a://raw/olhovivo/corredor/dt=2024-09-23/_temporary/0/_temporary/attempt_202409230205078751848837477059818_0000_m_000003_3, algorithmVersion=1, skipCleanup=false, ignoreCleanupFailures=false} for s3a://raw/olhovivo/corredor/dt=2024-09-23
[2024-09-23T02:05:08.913+0000] {ssh.py:524} INFO - 24/09/23 02:05:08 INFO SQLHadoopMapReduceCommitProtocol: Using output committer class org.apache.hadoop.mapreduce.lib.output.FileOutputCommitter
[2024-09-23T02:05:08.914+0000] {ssh.py:524} INFO - 24/09/23 02:05:08 INFO FileOutputCommitter: FileOutputCommitter skip cleanup _temporary folders under output directory:false, ignore cleanup failures: false
[2024-09-23T02:05:08.919+0000] {ssh.py:524} INFO - 24/09/23 02:05:08 INFO AbstractS3ACommitterFactory: Using Committer FileOutputCommitter{PathOutputCommitter{context=TaskAttemptContextImpl{JobContextImpl{jobId=job_202409230205073115906292954286799_0000}; taskId=attempt_202409230205073115906292954286799_0000_m_000000_0, status=''}; org.apache.hadoop.mapreduce.lib.output.FileOutputCommitter@286f708d}; outputPath=s3a://raw/olhovivo/corredor/dt=2024-09-23, workPath=s3a://raw/olhovivo/corredor/dt=2024-09-23/_temporary/0/_temporary/attempt_202409230205073115906292954286799_0000_m_000000_0, algorithmVersion=1, skipCleanup=false, ignoreCleanupFailures=false} for s3a://raw/olhovivo/corredor/dt=2024-09-23
[2024-09-23T02:05:08.920+0000] {ssh.py:524} INFO - 24/09/23 02:05:08 INFO SQLHadoopMapReduceCommitProtocol: Using output committer class org.apache.hadoop.mapreduce.lib.output.FileOutputCommitter
[2024-09-23T02:05:08.952+0000] {ssh.py:524} INFO - 24/09/23 02:05:08 INFO PythonRunner: Times: total = 642, boot = 482, init = 160, finish = 0
[2024-09-23T02:05:08.953+0000] {ssh.py:524} INFO - 24/09/23 02:05:08 WARN AbstractS3ACommitterFactory: Using standard FileOutputCommitter to commit work. This is slow and potentially unsafe.
[2024-09-23T02:05:08.953+0000] {ssh.py:524} INFO - 24/09/23 02:05:08 INFO FileOutputCommitter: File Output Committer Algorithm version is 1
[2024-09-23T02:05:08.954+0000] {ssh.py:524} INFO - 24/09/23 02:05:08 INFO FileOutputCommitter: FileOutputCommitter skip cleanup _temporary folders under output directory:false, ignore cleanup failures: false
[2024-09-23T02:05:08.955+0000] {ssh.py:524} INFO - 24/09/23 02:05:08 INFO AbstractS3ACommitterFactory: Using Committer FileOutputCommitter{PathOutputCommitter{context=TaskAttemptContextImpl{JobContextImpl{jobId=job_202409230205073972896368122467712_0000}; taskId=attempt_202409230205073972896368122467712_0000_m_000008_8, status=''}; org.apache.hadoop.mapreduce.lib.output.FileOutputCommitter@69d37ebb}; outputPath=s3a://raw/olhovivo/corredor/dt=2024-09-23, workPath=s3a://raw/olhovivo/corredor/dt=2024-09-23/_temporary/0/_temporary/attempt_202409230205073972896368122467712_0000_m_000008_8, algorithmVersion=1, skipCleanup=false, ignoreCleanupFailures=false} for s3a://raw/olhovivo/corredor/dt=2024-09-23
[2024-09-23T02:05:08.956+0000] {ssh.py:524} INFO - 24/09/23 02:05:08 INFO SQLHadoopMapReduceCommitProtocol: Using output committer class org.apache.hadoop.mapreduce.lib.output.FileOutputCommitter
[2024-09-23T02:05:08.956+0000] {ssh.py:524} INFO - 24/09/23 02:05:08 WARN AbstractS3ACommitterFactory: Using standard FileOutputCommitter to commit work. This is slow and potentially unsafe.
[2024-09-23T02:05:08.956+0000] {ssh.py:524} INFO - 24/09/23 02:05:08 INFO FileOutputCommitter: File Output Committer Algorithm version is 1
[2024-09-23T02:05:08.957+0000] {ssh.py:524} INFO - 24/09/23 02:05:08 INFO FileOutputCommitter: FileOutputCommitter skip cleanup _temporary folders under output directory:false, ignore cleanup failures: false
[2024-09-23T02:05:08.957+0000] {ssh.py:524} INFO - 24/09/23 02:05:08 INFO AbstractS3ACommitterFactory: Using Committer FileOutputCommitter{PathOutputCommitter{context=TaskAttemptContextImpl{JobContextImpl{jobId=job_202409230205076856950984536127302_0000}; taskId=attempt_202409230205076856950984536127302_0000_m_000011_11, status=''}; org.apache.hadoop.mapreduce.lib.output.FileOutputCommitter@1c88b7d4}; outputPath=s3a://raw/olhovivo/corredor/dt=2024-09-23, workPath=s3a://raw/olhovivo/corredor/dt=2024-09-23/_temporary/0/_temporary/attempt_202409230205076856950984536127302_0000_m_000011_11, algorithmVersion=1, skipCleanup=false, ignoreCleanupFailures=false} for s3a://raw/olhovivo/corredor/dt=2024-09-23
[2024-09-23T02:05:08.958+0000] {ssh.py:524} INFO - 24/09/23 02:05:08 INFO SQLHadoopMapReduceCommitProtocol: Using output committer class org.apache.hadoop.mapreduce.lib.output.FileOutputCommitter
[2024-09-23T02:05:08.958+0000] {ssh.py:524} INFO - 24/09/23 02:05:08 INFO PythonRunner: Times: total = 647, boot = 466, init = 181, finish = 0
[2024-09-23T02:05:08.960+0000] {ssh.py:524} INFO - 24/09/23 02:05:08 INFO SparkHadoopMapRedUtil: No need to commit output of task because needsTaskCommit=false: attempt_20240923020507194819755197584984_0000_m_000002_2
[2024-09-23T02:05:08.961+0000] {ssh.py:524} INFO - 24/09/23 02:05:08 INFO PythonRunner: Times: total = 664, boot = 501, init = 163, finish = 0
[2024-09-23T02:05:08.967+0000] {ssh.py:524} INFO - 24/09/23 02:05:08 INFO SparkHadoopMapRedUtil: No need to commit output of task because needsTaskCommit=false: attempt_202409230205077609470681541259783_0000_m_000004_4
[2024-09-23T02:05:08.969+0000] {ssh.py:524} INFO - 24/09/23 02:05:08 INFO SparkHadoopMapRedUtil: No need to commit output of task because needsTaskCommit=false: attempt_202409230205073653453860842732761_0000_m_000007_7
[2024-09-23T02:05:08.979+0000] {ssh.py:524} INFO - 24/09/23 02:05:08 INFO SparkHadoopMapRedUtil: No need to commit output of task because needsTaskCommit=false: attempt_202409230205072411840086534125617_0000_m_000009_9
[2024-09-23T02:05:08.986+0000] {ssh.py:524} INFO - 24/09/23 02:05:08 INFO Executor: Finished task 9.0 in stage 0.0 (TID 9). 2828 bytes result sent to driver
[2024-09-23T02:05:08.987+0000] {ssh.py:524} INFO - 24/09/23 02:05:08 INFO Executor: Finished task 7.0 in stage 0.0 (TID 7). 2871 bytes result sent to driver
[2024-09-23T02:05:08.987+0000] {ssh.py:524} INFO - 24/09/23 02:05:08 INFO Executor: Finished task 4.0 in stage 0.0 (TID 4). 2871 bytes result sent to driver
[2024-09-23T02:05:08.988+0000] {ssh.py:524} INFO - 24/09/23 02:05:08 INFO Executor: Finished task 2.0 in stage 0.0 (TID 2). 2871 bytes result sent to driver
[2024-09-23T02:05:08.997+0000] {ssh.py:524} INFO - 24/09/23 02:05:08 INFO TaskSetManager: Finished task 9.0 in stage 0.0 (TID 9) in 955 ms on spark-master (executor driver) (1/12)
[2024-09-23T02:05:08.999+0000] {ssh.py:524} INFO - 24/09/23 02:05:08 INFO TaskSetManager: Finished task 7.0 in stage 0.0 (TID 7) in 961 ms on spark-master (executor driver) (2/12)
[2024-09-23T02:05:09.000+0000] {ssh.py:524} INFO - 24/09/23 02:05:08 INFO TaskSetManager: Finished task 4.0 in stage 0.0 (TID 4) in 971 ms on spark-master (executor driver) (3/12)
[2024-09-23T02:05:09.001+0000] {ssh.py:524} INFO - 24/09/23 02:05:09 INFO TaskSetManager: Finished task 2.0 in stage 0.0 (TID 2) in 974 ms on spark-master (executor driver) (4/12)
[2024-09-23T02:05:09.003+0000] {ssh.py:524} INFO - 24/09/23 02:05:09 INFO PythonAccumulatorV2: Connected to AccumulatorServer at host: 127.0.0.1 port: 55105
[2024-09-23T02:05:09.012+0000] {ssh.py:524} INFO - 24/09/23 02:05:09 INFO PythonRunner: Times: total = 635, boot = 463, init = 171, finish = 1
[2024-09-23T02:05:09.012+0000] {ssh.py:524} INFO - 24/09/23 02:05:09 INFO PythonRunner: Times: total = 578, boot = 452, init = 126, finish = 0
[2024-09-23T02:05:09.013+0000] {ssh.py:524} INFO - 24/09/23 02:05:09 INFO PythonRunner: Times: total = 544, boot = 449, init = 95, finish = 0
[2024-09-23T02:05:09.013+0000] {ssh.py:524} INFO - 24/09/23 02:05:09 INFO PythonRunner: Times: total = 699, boot = 475, init = 224, finish = 0
[2024-09-23T02:05:09.014+0000] {ssh.py:524} INFO - 24/09/23 02:05:09 INFO PythonRunner: Times: total = 549, boot = 453, init = 96, finish = 0
[2024-09-23T02:05:09.014+0000] {ssh.py:524} INFO - 24/09/23 02:05:09 INFO PythonRunner: Times: total = 591, boot = 444, init = 147, finish = 0
[2024-09-23T02:05:09.031+0000] {ssh.py:524} INFO - 24/09/23 02:05:09 INFO PythonRunner: Times: total = 723, boot = 536, init = 187, finish = 0
[2024-09-23T02:05:09.052+0000] {ssh.py:524} INFO - 24/09/23 02:05:09 INFO PythonRunner: Times: total = 738, boot = 503, init = 235, finish = 0
[2024-09-23T02:05:09.379+0000] {ssh.py:524} INFO - 24/09/23 02:05:09 INFO FileOutputCommitter: Saved output of task 'attempt_202409230205074216387226718422432_0000_m_000010_10' to s3a://raw/olhovivo/corredor/dt=2024-09-23/_temporary/0/task_202409230205074216387226718422432_0000_m_000010
[2024-09-23T02:05:09.382+0000] {ssh.py:524} INFO - 24/09/23 02:05:09 INFO SparkHadoopMapRedUtil: attempt_202409230205074216387226718422432_0000_m_000010_10: Committed. Elapsed time: 291 ms.
[2024-09-23T02:05:09.386+0000] {ssh.py:524} INFO - 24/09/23 02:05:09 INFO FileOutputCommitter: Saved output of task 'attempt_202409230205073115906292954286799_0000_m_000000_0' to s3a://raw/olhovivo/corredor/dt=2024-09-23/_temporary/0/task_202409230205073115906292954286799_0000_m_000000
[2024-09-23T02:05:09.387+0000] {ssh.py:524} INFO - 24/09/23 02:05:09 INFO Executor: Finished task 10.0 in stage 0.0 (TID 10). 2957 bytes result sent to driver
[2024-09-23T02:05:09.389+0000] {ssh.py:524} INFO - 24/09/23 02:05:09 INFO TaskSetManager: Finished task 10.0 in stage 0.0 (TID 10) in 1348 ms on spark-master (executor driver) (5/12)
[2024-09-23T02:05:09.391+0000] {ssh.py:524} INFO - 24/09/23 02:05:09 INFO SparkHadoopMapRedUtil: attempt_202409230205073115906292954286799_0000_m_000000_0: Committed. Elapsed time: 315 ms.
[2024-09-23T02:05:09.393+0000] {ssh.py:524} INFO - 24/09/23 02:05:09 INFO Executor: Finished task 0.0 in stage 0.0 (TID 0). 2828 bytes result sent to driver
[2024-09-23T02:05:09.397+0000] {ssh.py:524} INFO - 24/09/23 02:05:09 INFO TaskSetManager: Finished task 0.0 in stage 0.0 (TID 0) in 1386 ms on spark-master (executor driver) (6/12)
[2024-09-23T02:05:09.399+0000] {ssh.py:524} INFO - 24/09/23 02:05:09 INFO FileOutputCommitter: Saved output of task 'attempt_202409230205076856950984536127302_0000_m_000011_11' to s3a://raw/olhovivo/corredor/dt=2024-09-23/_temporary/0/task_202409230205076856950984536127302_0000_m_000011
[2024-09-23T02:05:09.402+0000] {ssh.py:524} INFO - 24/09/23 02:05:09 INFO SparkHadoopMapRedUtil: attempt_202409230205076856950984536127302_0000_m_000011_11: Committed. Elapsed time: 330 ms.
[2024-09-23T02:05:09.407+0000] {ssh.py:524} INFO - 24/09/23 02:05:09 INFO FileOutputCommitter: Saved output of task 'attempt_202409230205078755422079934633200_0000_m_000006_6' to s3a://raw/olhovivo/corredor/dt=2024-09-23/_temporary/0/task_202409230205078755422079934633200_0000_m_000006
[2024-09-23T02:05:09.408+0000] {ssh.py:524} INFO - 24/09/23 02:05:09 INFO SparkHadoopMapRedUtil: attempt_202409230205078755422079934633200_0000_m_000006_6: Committed. Elapsed time: 332 ms.
[2024-09-23T02:05:09.409+0000] {ssh.py:524} INFO - 24/09/23 02:05:09 INFO FileOutputCommitter: Saved output of task 'attempt_202409230205073972896368122467712_0000_m_000008_8' to s3a://raw/olhovivo/corredor/dt=2024-09-23/_temporary/0/task_202409230205073972896368122467712_0000_m_000008
[2024-09-23T02:05:09.409+0000] {ssh.py:524} INFO - 24/09/23 02:05:09 INFO SparkHadoopMapRedUtil: attempt_202409230205073972896368122467712_0000_m_000008_8: Committed. Elapsed time: 327 ms.
[2024-09-23T02:05:09.410+0000] {ssh.py:524} INFO - 24/09/23 02:05:09 INFO Executor: Finished task 11.0 in stage 0.0 (TID 11). 2914 bytes result sent to driver
[2024-09-23T02:05:09.410+0000] {ssh.py:524} INFO - 24/09/23 02:05:09 INFO Executor: Finished task 6.0 in stage 0.0 (TID 6). 2914 bytes result sent to driver
[2024-09-23T02:05:09.410+0000] {ssh.py:524} INFO - 24/09/23 02:05:09 INFO TaskSetManager: Finished task 11.0 in stage 0.0 (TID 11) in 1365 ms on spark-master (executor driver) (7/12)
[2024-09-23T02:05:09.411+0000] {ssh.py:524} INFO - 24/09/23 02:05:09 INFO Executor: Finished task 8.0 in stage 0.0 (TID 8). 2914 bytes result sent to driver
[2024-09-23T02:05:09.412+0000] {ssh.py:524} INFO - 24/09/23 02:05:09 INFO FileOutputCommitter: Saved output of task 'attempt_202409230205074525975744847314764_0000_m_000001_1' to s3a://raw/olhovivo/corredor/dt=2024-09-23/_temporary/0/task_202409230205074525975744847314764_0000_m_000001
[2024-09-23T02:05:09.413+0000] {ssh.py:524} INFO - 24/09/23 02:05:09 INFO SparkHadoopMapRedUtil: attempt_202409230205074525975744847314764_0000_m_000001_1: Committed. Elapsed time: 337 ms.
[2024-09-23T02:05:09.413+0000] {ssh.py:524} INFO - 24/09/23 02:05:09 INFO Executor: Finished task 1.0 in stage 0.0 (TID 1). 2914 bytes result sent to driver
[2024-09-23T02:05:09.414+0000] {ssh.py:524} INFO - 24/09/23 02:05:09 INFO TaskSetManager: Finished task 8.0 in stage 0.0 (TID 8) in 1375 ms on spark-master (executor driver) (8/12)
[2024-09-23T02:05:09.419+0000] {ssh.py:524} INFO - 24/09/23 02:05:09 INFO FileOutputCommitter: Saved output of task 'attempt_202409230205078751848837477059818_0000_m_000003_3' to s3a://raw/olhovivo/corredor/dt=2024-09-23/_temporary/0/task_202409230205078751848837477059818_0000_m_000003
[2024-09-23T02:05:09.420+0000] {ssh.py:524} INFO - 24/09/23 02:05:09 INFO SparkHadoopMapRedUtil: attempt_202409230205078751848837477059818_0000_m_000003_3: Committed. Elapsed time: 316 ms.
[2024-09-23T02:05:09.423+0000] {ssh.py:524} INFO - 24/09/23 02:05:09 INFO Executor: Finished task 3.0 in stage 0.0 (TID 3). 2914 bytes result sent to driver
[2024-09-23T02:05:09.425+0000] {ssh.py:524} INFO - 24/09/23 02:05:09 INFO TaskSetManager: Finished task 3.0 in stage 0.0 (TID 3) in 1397 ms on spark-master (executor driver) (9/12)
[2024-09-23T02:05:09.425+0000] {ssh.py:524} INFO - 24/09/23 02:05:09 INFO TaskSetManager: Finished task 6.0 in stage 0.0 (TID 6) in 1387 ms on spark-master (executor driver) (10/12)
[2024-09-23T02:05:09.427+0000] {ssh.py:524} INFO - 24/09/23 02:05:09 INFO TaskSetManager: Finished task 1.0 in stage 0.0 (TID 1) in 1403 ms on spark-master (executor driver) (11/12)
[2024-09-23T02:05:09.440+0000] {ssh.py:524} INFO - 24/09/23 02:05:09 INFO FileOutputCommitter: Saved output of task 'attempt_202409230205073319648184000401525_0000_m_000005_5' to s3a://raw/olhovivo/corredor/dt=2024-09-23/_temporary/0/task_202409230205073319648184000401525_0000_m_000005
[2024-09-23T02:05:09.441+0000] {ssh.py:524} INFO - 24/09/23 02:05:09 INFO SparkHadoopMapRedUtil: attempt_202409230205073319648184000401525_0000_m_000005_5: Committed. Elapsed time: 331 ms.
[2024-09-23T02:05:09.441+0000] {ssh.py:524} INFO - 24/09/23 02:05:09 INFO Executor: Finished task 5.0 in stage 0.0 (TID 5). 2914 bytes result sent to driver
[2024-09-23T02:05:09.442+0000] {ssh.py:524} INFO - 24/09/23 02:05:09 INFO TaskSetManager: Finished task 5.0 in stage 0.0 (TID 5) in 1404 ms on spark-master (executor driver) (12/12)
[2024-09-23T02:05:09.442+0000] {ssh.py:524} INFO - 24/09/23 02:05:09 INFO TaskSchedulerImpl: Removed TaskSet 0.0, whose tasks have all completed, from pool 
[2024-09-23T02:05:09.448+0000] {ssh.py:524} INFO - 24/09/23 02:05:09 INFO DAGScheduler: ResultStage 0 (save at NativeMethodAccessorImpl.java:0) finished in 1.587 s
[2024-09-23T02:05:09.452+0000] {ssh.py:524} INFO - 24/09/23 02:05:09 INFO DAGScheduler: Job 0 is finished. Cancelling potential speculative or zombie tasks for this job
[2024-09-23T02:05:09.452+0000] {ssh.py:524} INFO - 24/09/23 02:05:09 INFO TaskSchedulerImpl: Killing all running tasks in stage 0: Stage finished
[2024-09-23T02:05:09.454+0000] {ssh.py:524} INFO - 24/09/23 02:05:09 INFO DAGScheduler: Job 0 finished: save at NativeMethodAccessorImpl.java:0, took 1.626023 s
[2024-09-23T02:05:09.457+0000] {ssh.py:524} INFO - 24/09/23 02:05:09 INFO FileFormatWriter: Start to commit write Job 52414932-a8cb-4e3c-b2f1-290e820ffa15.
[2024-09-23T02:05:10.355+0000] {ssh.py:524} INFO - 24/09/23 02:05:10 INFO FileFormatWriter: Write Job 52414932-a8cb-4e3c-b2f1-290e820ffa15 committed. Elapsed time: 896 ms.
[2024-09-23T02:05:10.367+0000] {ssh.py:524} INFO - 24/09/23 02:05:10 INFO FileFormatWriter: Finished processing stats for write job 52414932-a8cb-4e3c-b2f1-290e820ffa15.
[2024-09-23T02:05:10.394+0000] {ssh.py:524} INFO - [DEBUG] Done.
[2024-09-23T02:05:10.472+0000] {ssh.py:524} INFO - 24/09/23 02:05:10 INFO SparkContext: Invoking stop() from shutdown hook
[2024-09-23T02:05:10.492+0000] {ssh.py:524} INFO - 24/09/23 02:05:10 INFO SparkUI: Stopped Spark web UI at http://spark-master:4040
[2024-09-23T02:05:10.524+0000] {ssh.py:524} INFO - 24/09/23 02:05:10 INFO MapOutputTrackerMasterEndpoint: MapOutputTrackerMasterEndpoint stopped!
[2024-09-23T02:05:10.543+0000] {ssh.py:524} INFO - 24/09/23 02:05:10 INFO MemoryStore: MemoryStore cleared
[2024-09-23T02:05:10.543+0000] {ssh.py:524} INFO - 24/09/23 02:05:10 INFO BlockManager: BlockManager stopped
[2024-09-23T02:05:10.549+0000] {ssh.py:524} INFO - 24/09/23 02:05:10 INFO BlockManagerMaster: BlockManagerMaster stopped
[2024-09-23T02:05:10.551+0000] {ssh.py:524} INFO - 24/09/23 02:05:10 INFO OutputCommitCoordinator$OutputCommitCoordinatorEndpoint: OutputCommitCoordinator stopped!
[2024-09-23T02:05:10.565+0000] {ssh.py:524} INFO - 24/09/23 02:05:10 INFO SparkContext: Successfully stopped SparkContext
[2024-09-23T02:05:10.566+0000] {ssh.py:524} INFO - 24/09/23 02:05:10 INFO ShutdownHookManager: Shutdown hook called
[2024-09-23T02:05:10.566+0000] {ssh.py:524} INFO - 24/09/23 02:05:10 INFO ShutdownHookManager: Deleting directory /tmp/spark-3480727d-7a18-48fe-bd29-3c1f0de6410b
[2024-09-23T02:05:10.569+0000] {ssh.py:524} INFO - 24/09/23 02:05:10 INFO ShutdownHookManager: Deleting directory /tmp/spark-8502f3df-40df-4c03-8a10-a3ae2e5f86c2/pyspark-4fa0bc2e-4561-4f62-b996-fbc8d2fecd2c
[2024-09-23T02:05:10.572+0000] {ssh.py:524} INFO - 24/09/23 02:05:10 INFO ShutdownHookManager: Deleting directory /tmp/spark-8502f3df-40df-4c03-8a10-a3ae2e5f86c2
[2024-09-23T02:05:10.585+0000] {ssh.py:524} INFO - 24/09/23 02:05:10 INFO MetricsSystemImpl: Stopping s3a-file-system metrics system...
[2024-09-23T02:05:10.585+0000] {ssh.py:524} INFO - 24/09/23 02:05:10 INFO MetricsSystemImpl: s3a-file-system metrics system stopped.
[2024-09-23T02:05:10.586+0000] {ssh.py:524} INFO - 24/09/23 02:05:10 INFO MetricsSystemImpl: s3a-file-system metrics system shutdown complete.
[2024-09-23T02:05:10.780+0000] {taskinstance.py:1400} INFO - Marking task as SUCCESS. dag_id=raw_ingestion_15min, task_id=spark_raw_ingestion_corredor, execution_date=20240923T020458, start_date=20240923T020459, end_date=20240923T020510
[2024-09-23T02:05:10.840+0000] {local_task_job_runner.py:228} INFO - Task exited with return code 0
[2024-09-23T02:05:10.893+0000] {taskinstance.py:2778} INFO - 0 downstream tasks scheduled from follow-on schedule check
