[2024-09-21T20:34:13.495+0000] {taskinstance.py:1159} INFO - Dependencies all met for dep_context=non-requeueable deps ti=<TaskInstance: raw_ingestion.spark_raw_ingestion_empresa manual__2024-09-21T20:34:12.585150+00:00 [queued]>
[2024-09-21T20:34:13.503+0000] {taskinstance.py:1159} INFO - Dependencies all met for dep_context=requeueable deps ti=<TaskInstance: raw_ingestion.spark_raw_ingestion_empresa manual__2024-09-21T20:34:12.585150+00:00 [queued]>
[2024-09-21T20:34:13.504+0000] {taskinstance.py:1361} INFO - Starting attempt 1 of 0
[2024-09-21T20:34:13.518+0000] {taskinstance.py:1382} INFO - Executing <Task(SSHOperator): spark_raw_ingestion_empresa> on 2024-09-21 20:34:12.585150+00:00
[2024-09-21T20:34:13.522+0000] {standard_task_runner.py:57} INFO - Started process 134 to run task
[2024-09-21T20:34:13.524+0000] {standard_task_runner.py:84} INFO - Running: ['airflow', 'tasks', 'run', 'raw_ingestion', 'spark_raw_ingestion_empresa', 'manual__2024-09-21T20:34:12.585150+00:00', '--job-id', '347', '--raw', '--subdir', 'DAGS_FOLDER/raw_ingestion.py', '--cfg-path', '/tmp/tmpqdw4r_2p']
[2024-09-21T20:34:13.525+0000] {standard_task_runner.py:85} INFO - Job 347: Subtask spark_raw_ingestion_empresa
[2024-09-21T20:34:13.645+0000] {task_command.py:416} INFO - Running <TaskInstance: raw_ingestion.spark_raw_ingestion_empresa manual__2024-09-21T20:34:12.585150+00:00 [running]> on host airflow-worker
[2024-09-21T20:34:13.840+0000] {taskinstance.py:1662} INFO - Exporting env vars: AIRFLOW_CTX_DAG_OWNER='***' AIRFLOW_CTX_DAG_ID='raw_ingestion' AIRFLOW_CTX_TASK_ID='spark_raw_ingestion_empresa' AIRFLOW_CTX_EXECUTION_DATE='2024-09-21T20:34:12.585150+00:00' AIRFLOW_CTX_TRY_NUMBER='1' AIRFLOW_CTX_DAG_RUN_ID='manual__2024-09-21T20:34:12.585150+00:00'
[2024-09-21T20:34:13.841+0000] {ssh.py:141} INFO - Creating ssh_client
[2024-09-21T20:34:13.842+0000] {ssh.py:114} INFO - ssh_hook is not provided or invalid. Trying ssh_conn_id to create SSHHook.
[2024-09-21T20:34:13.872+0000] {base.py:73} INFO - Using connection ID 'spark_ssh_default' for task execution.
[2024-09-21T20:34:13.873+0000] {ssh.py:300} WARNING - No Host Key Verification. This won't protect against Man-In-The-Middle attacks
[2024-09-21T20:34:13.881+0000] {transport.py:1893} INFO - Connected (version 2.0, client OpenSSH_8.9p1)
[2024-09-21T20:34:13.978+0000] {transport.py:1893} INFO - Authentication (password) successful!
[2024-09-21T20:34:13.979+0000] {ssh.py:478} INFO - Running command: export SPARK_HOME=/usr/local/spark; /opt/conda/bin/spark-submit --master local[*] --executor-memory 2g /opt/shared/scripts/raw_ingestion.py 2024-09-21 empresa
[2024-09-21T20:34:16.207+0000] {ssh.py:524} INFO - Traceback (most recent call last):
[2024-09-21T20:34:16.208+0000] {ssh.py:524} INFO -   File "/opt/shared/scripts/raw_ingestion.py", line 1, in <module>
[2024-09-21T20:34:16.209+0000] {ssh.py:524} INFO -     import requests, json, time, sys
[2024-09-21T20:34:16.209+0000] {ssh.py:524} INFO - ModuleNotFoundError: No module named 'requests'
[2024-09-21T20:34:16.219+0000] {ssh.py:524} INFO - 24/09/21 20:34:16 INFO ShutdownHookManager: Shutdown hook called
[2024-09-21T20:34:16.221+0000] {ssh.py:524} INFO - 24/09/21 20:34:16 INFO ShutdownHookManager: Deleting directory /tmp/spark-700af036-1e70-45ad-bbb2-9e47505c4b2f
[2024-09-21T20:34:16.341+0000] {taskinstance.py:1937} ERROR - Task failed with exception
Traceback (most recent call last):
  File "/home/airflow/.local/lib/python3.8/site-packages/airflow/providers/ssh/operators/ssh.py", line 178, in execute
    result = self.run_ssh_client_command(ssh_client, self.command, context=context)
  File "/home/airflow/.local/lib/python3.8/site-packages/airflow/providers/ssh/operators/ssh.py", line 166, in run_ssh_client_command
    self.raise_for_status(exit_status, agg_stderr, context=context)
  File "/home/airflow/.local/lib/python3.8/site-packages/airflow/providers/ssh/operators/ssh.py", line 160, in raise_for_status
    raise AirflowException(f"SSH operator error: exit status = {exit_status}")
airflow.exceptions.AirflowException: SSH operator error: exit status = 1
[2024-09-21T20:34:16.345+0000] {taskinstance.py:1400} INFO - Marking task as FAILED. dag_id=raw_ingestion, task_id=spark_raw_ingestion_empresa, execution_date=20240921T203412, start_date=20240921T203413, end_date=20240921T203416
[2024-09-21T20:34:16.369+0000] {standard_task_runner.py:104} ERROR - Failed to execute job 347 for task spark_raw_ingestion_empresa (SSH operator error: exit status = 1; 134)
[2024-09-21T20:34:16.427+0000] {local_task_job_runner.py:228} INFO - Task exited with return code 1
[2024-09-21T20:34:16.482+0000] {taskinstance.py:2778} INFO - 0 downstream tasks scheduled from follow-on schedule check
