[2024-09-17T23:28:18.335+0000] {taskinstance.py:1159} INFO - Dependencies all met for dep_context=non-requeueable deps ti=<TaskInstance: raw_ingestion.raw_ingestion scheduled__2024-09-17T17:00:00+00:00 [queued]>
[2024-09-17T23:28:18.355+0000] {taskinstance.py:1159} INFO - Dependencies all met for dep_context=requeueable deps ti=<TaskInstance: raw_ingestion.raw_ingestion scheduled__2024-09-17T17:00:00+00:00 [queued]>
[2024-09-17T23:28:18.355+0000] {taskinstance.py:1361} INFO - Starting attempt 1 of 0
[2024-09-17T23:28:18.389+0000] {taskinstance.py:1382} INFO - Executing <Task(SSHOperator): raw_ingestion> on 2024-09-17 17:00:00+00:00
[2024-09-17T23:28:18.395+0000] {standard_task_runner.py:57} INFO - Started process 1398 to run task
[2024-09-17T23:28:18.398+0000] {standard_task_runner.py:84} INFO - Running: ['airflow', 'tasks', 'run', 'raw_ingestion', 'raw_ingestion', 'scheduled__2024-09-17T17:00:00+00:00', '--job-id', '106', '--raw', '--subdir', 'DAGS_FOLDER/raw_ingestion.py', '--cfg-path', '/tmp/tmphe3lzu1m']
[2024-09-17T23:28:18.399+0000] {standard_task_runner.py:85} INFO - Job 106: Subtask raw_ingestion
[2024-09-17T23:28:18.638+0000] {task_command.py:416} INFO - Running <TaskInstance: raw_ingestion.raw_ingestion scheduled__2024-09-17T17:00:00+00:00 [running]> on host airflow-worker
[2024-09-17T23:28:19.568+0000] {taskinstance.py:1662} INFO - Exporting env vars: AIRFLOW_CTX_DAG_OWNER='***' AIRFLOW_CTX_DAG_ID='raw_ingestion' AIRFLOW_CTX_TASK_ID='raw_ingestion' AIRFLOW_CTX_EXECUTION_DATE='2024-09-17T17:00:00+00:00' AIRFLOW_CTX_TRY_NUMBER='1' AIRFLOW_CTX_DAG_RUN_ID='scheduled__2024-09-17T17:00:00+00:00'
[2024-09-17T23:28:19.573+0000] {ssh.py:141} INFO - Creating ssh_client
[2024-09-17T23:28:19.574+0000] {ssh.py:114} INFO - ssh_hook is not provided or invalid. Trying ssh_conn_id to create SSHHook.
[2024-09-17T23:28:19.661+0000] {base.py:73} INFO - Using connection ID 'spark_ssh_default' for task execution.
[2024-09-17T23:28:19.664+0000] {ssh.py:300} WARNING - No Host Key Verification. This won't protect against Man-In-The-Middle attacks
[2024-09-17T23:28:19.719+0000] {transport.py:1893} INFO - Connected (version 2.0, client OpenSSH_8.9p1)
[2024-09-17T23:28:20.050+0000] {transport.py:1893} INFO - Authentication (password) successful!
[2024-09-17T23:28:20.051+0000] {ssh.py:478} INFO - Running command: export SPARK_HOME=/usr/local/spark; /opt/conda/bin/spark-submit --master local[*] --executor-memory 2g /opt/shared/scripts/raw_ingestion.py
[2024-09-17T23:28:29.856+0000] {ssh.py:524} INFO - 24/09/17 23:28:29 INFO SparkContext: Running Spark version 3.3.1
[2024-09-17T23:28:30.071+0000] {ssh.py:524} INFO - 24/09/17 23:28:30 WARN NativeCodeLoader: Unable to load native-hadoop library for your platform... using builtin-java classes where applicable
[2024-09-17T23:28:30.808+0000] {ssh.py:524} INFO - 24/09/17 23:28:30 INFO ResourceUtils: ==============================================================
[2024-09-17T23:28:30.810+0000] {ssh.py:524} INFO - 24/09/17 23:28:30 INFO ResourceUtils: No custom resources configured for spark.driver.
[2024-09-17T23:28:30.811+0000] {ssh.py:524} INFO - 24/09/17 23:28:30 INFO ResourceUtils: ==============================================================
[2024-09-17T23:28:30.812+0000] {ssh.py:524} INFO - 24/09/17 23:28:30 INFO SparkContext: Submitted application: load
[2024-09-17T23:28:31.101+0000] {ssh.py:524} INFO - 24/09/17 23:28:31 INFO ResourceProfile: Default ResourceProfile created, executor resources: Map(cores -> name: cores, amount: 1, script: , vendor: , memory -> name: memory, amount: 1024, script: , vendor: , offHeap -> name: offHeap, amount: 0, script: , vendor: ), task resources: Map(cpus -> name: cpus, amount: 1.0)
[2024-09-17T23:28:31.151+0000] {ssh.py:524} INFO - 24/09/17 23:28:31 INFO ResourceProfile: Limiting resource is cpu
[2024-09-17T23:28:31.156+0000] {ssh.py:524} INFO - 24/09/17 23:28:31 INFO ResourceProfileManager: Added ResourceProfile id: 0
[2024-09-17T23:28:31.463+0000] {ssh.py:524} INFO - 24/09/17 23:28:31 INFO SecurityManager: Changing view acls to: root
[2024-09-17T23:28:31.465+0000] {ssh.py:524} INFO - 24/09/17 23:28:31 INFO SecurityManager: Changing modify acls to: root
[2024-09-17T23:28:31.477+0000] {ssh.py:524} INFO - 24/09/17 23:28:31 INFO SecurityManager: Changing view acls groups to: 
[2024-09-17T23:28:31.484+0000] {ssh.py:524} INFO - 24/09/17 23:28:31 INFO SecurityManager: Changing modify acls groups to: 
[2024-09-17T23:28:31.505+0000] {ssh.py:524} INFO - 24/09/17 23:28:31 INFO SecurityManager: SecurityManager: authentication disabled; ui acls disabled; users  with view permissions: Set(root); groups with view permissions: Set(); users  with modify permissions: Set(root); groups with modify permissions: Set()
[2024-09-17T23:28:32.662+0000] {ssh.py:524} INFO - 24/09/17 23:28:32 INFO Utils: Successfully started service 'sparkDriver' on port 43817.
[2024-09-17T23:28:32.847+0000] {ssh.py:524} INFO - 24/09/17 23:28:32 INFO SparkEnv: Registering MapOutputTracker
[2024-09-17T23:28:33.027+0000] {ssh.py:524} INFO - 24/09/17 23:28:33 INFO SparkEnv: Registering BlockManagerMaster
[2024-09-17T23:28:33.097+0000] {ssh.py:524} INFO - 24/09/17 23:28:33 INFO BlockManagerMasterEndpoint: Using org.apache.spark.storage.DefaultTopologyMapper for getting topology information
[2024-09-17T23:28:33.110+0000] {ssh.py:524} INFO - 24/09/17 23:28:33 INFO BlockManagerMasterEndpoint: BlockManagerMasterEndpoint up
[2024-09-17T23:28:33.125+0000] {ssh.py:524} INFO - 24/09/17 23:28:33 INFO SparkEnv: Registering BlockManagerMasterHeartbeat
[2024-09-17T23:28:33.235+0000] {ssh.py:524} INFO - 24/09/17 23:28:33 INFO DiskBlockManager: Created local directory at /tmp/blockmgr-5a833f31-c81f-484a-8d84-406489fd424f
[2024-09-17T23:28:33.358+0000] {ssh.py:524} INFO - 24/09/17 23:28:33 INFO MemoryStore: MemoryStore started with capacity 434.4 MiB
[2024-09-17T23:28:33.405+0000] {ssh.py:524} INFO - 24/09/17 23:28:33 INFO SparkEnv: Registering OutputCommitCoordinator
[2024-09-17T23:28:34.682+0000] {ssh.py:524} INFO - 24/09/17 23:28:34 INFO Utils: Successfully started service 'SparkUI' on port 4040.
[2024-09-17T23:28:35.663+0000] {ssh.py:524} INFO - 24/09/17 23:28:35 INFO Executor: Starting executor ID driver on host spark-master
[2024-09-17T23:28:35.718+0000] {ssh.py:524} INFO - 24/09/17 23:28:35 INFO Executor: Starting executor with user classpath (userClassPathFirst = false): ''
[2024-09-17T23:28:35.861+0000] {ssh.py:524} INFO - 24/09/17 23:28:35 INFO Utils: Successfully started service 'org.apache.spark.network.netty.NettyBlockTransferService' on port 34063.
[2024-09-17T23:28:35.861+0000] {ssh.py:524} INFO - 24/09/17 23:28:35 INFO NettyBlockTransferService: Server created on spark-master:34063
[2024-09-17T23:28:35.866+0000] {ssh.py:524} INFO - 24/09/17 23:28:35 INFO BlockManager: Using org.apache.spark.storage.RandomBlockReplicationPolicy for block replication policy
[2024-09-17T23:28:35.877+0000] {ssh.py:524} INFO - 24/09/17 23:28:35 INFO BlockManagerMaster: Registering BlockManager BlockManagerId(driver, spark-master, 34063, None)
[2024-09-17T23:28:35.884+0000] {ssh.py:524} INFO - 24/09/17 23:28:35 INFO BlockManagerMasterEndpoint: Registering block manager spark-master:34063 with 434.4 MiB RAM, BlockManagerId(driver, spark-master, 34063, None)
[2024-09-17T23:28:35.899+0000] {ssh.py:524} INFO - 24/09/17 23:28:35 INFO BlockManagerMaster: Registered BlockManager BlockManagerId(driver, spark-master, 34063, None)
[2024-09-17T23:28:35.905+0000] {ssh.py:524} INFO - 24/09/17 23:28:35 INFO BlockManager: Initialized BlockManager: BlockManagerId(driver, spark-master, 34063, None)
[2024-09-17T23:28:45.959+0000] {taskinstance.py:1937} ERROR - Task failed with exception
Traceback (most recent call last):
  File "/home/airflow/.local/lib/python3.8/site-packages/airflow/providers/ssh/operators/ssh.py", line 178, in execute
    result = self.run_ssh_client_command(ssh_client, self.command, context=context)
  File "/home/airflow/.local/lib/python3.8/site-packages/airflow/providers/ssh/operators/ssh.py", line 163, in run_ssh_client_command
    exit_status, agg_stdout, agg_stderr = self.hook.exec_ssh_client_command(
  File "/home/airflow/.local/lib/python3.8/site-packages/airflow/providers/ssh/hooks/ssh.py", line 549, in exec_ssh_client_command
    raise AirflowException("SSH command timed out")
airflow.exceptions.AirflowException: SSH command timed out
[2024-09-17T23:28:45.966+0000] {taskinstance.py:1400} INFO - Marking task as FAILED. dag_id=raw_ingestion, task_id=raw_ingestion, execution_date=20240917T170000, start_date=20240917T232818, end_date=20240917T232845
[2024-09-17T23:28:46.006+0000] {standard_task_runner.py:104} ERROR - Failed to execute job 106 for task raw_ingestion (SSH command timed out; 1398)
[2024-09-17T23:28:46.048+0000] {local_task_job_runner.py:228} INFO - Task exited with return code 1
[2024-09-17T23:28:46.117+0000] {taskinstance.py:2778} INFO - 0 downstream tasks scheduled from follow-on schedule check
