[2024-09-21T22:34:04.173+0000] {taskinstance.py:1159} INFO - Dependencies all met for dep_context=non-requeueable deps ti=<TaskInstance: raw_ingestion.spark_raw_ingestion_corredor manual__2024-09-21T22:34:03.095033+00:00 [queued]>
[2024-09-21T22:34:04.185+0000] {taskinstance.py:1159} INFO - Dependencies all met for dep_context=requeueable deps ti=<TaskInstance: raw_ingestion.spark_raw_ingestion_corredor manual__2024-09-21T22:34:03.095033+00:00 [queued]>
[2024-09-21T22:34:04.185+0000] {taskinstance.py:1361} INFO - Starting attempt 1 of 0
[2024-09-21T22:34:04.202+0000] {taskinstance.py:1382} INFO - Executing <Task(SSHOperator): spark_raw_ingestion_corredor> on 2024-09-21 22:34:03.095033+00:00
[2024-09-21T22:34:04.209+0000] {standard_task_runner.py:57} INFO - Started process 2254 to run task
[2024-09-21T22:34:04.212+0000] {standard_task_runner.py:84} INFO - Running: ['airflow', 'tasks', 'run', 'raw_ingestion', 'spark_raw_ingestion_corredor', 'manual__2024-09-21T22:34:03.095033+00:00', '--job-id', '425', '--raw', '--subdir', 'DAGS_FOLDER/raw_ingestion.py', '--cfg-path', '/tmp/tmpipjyn9ld']
[2024-09-21T22:34:04.212+0000] {standard_task_runner.py:85} INFO - Job 425: Subtask spark_raw_ingestion_corredor
[2024-09-21T22:34:04.357+0000] {task_command.py:416} INFO - Running <TaskInstance: raw_ingestion.spark_raw_ingestion_corredor manual__2024-09-21T22:34:03.095033+00:00 [running]> on host airflow-worker
[2024-09-21T22:34:04.570+0000] {taskinstance.py:1662} INFO - Exporting env vars: AIRFLOW_CTX_DAG_OWNER='***' AIRFLOW_CTX_DAG_ID='raw_ingestion' AIRFLOW_CTX_TASK_ID='spark_raw_ingestion_corredor' AIRFLOW_CTX_EXECUTION_DATE='2024-09-21T22:34:03.095033+00:00' AIRFLOW_CTX_TRY_NUMBER='1' AIRFLOW_CTX_DAG_RUN_ID='manual__2024-09-21T22:34:03.095033+00:00'
[2024-09-21T22:34:04.571+0000] {ssh.py:141} INFO - Creating ssh_client
[2024-09-21T22:34:04.572+0000] {ssh.py:114} INFO - ssh_hook is not provided or invalid. Trying ssh_conn_id to create SSHHook.
[2024-09-21T22:34:04.603+0000] {base.py:73} INFO - Using connection ID 'spark_ssh_default' for task execution.
[2024-09-21T22:34:04.604+0000] {ssh.py:300} WARNING - No Host Key Verification. This won't protect against Man-In-The-Middle attacks
[2024-09-21T22:34:04.612+0000] {transport.py:1893} INFO - Connected (version 2.0, client OpenSSH_8.9p1)
[2024-09-21T22:34:04.736+0000] {transport.py:1893} INFO - Authentication (password) successful!
[2024-09-21T22:34:04.737+0000] {ssh.py:478} INFO - Running command: export SPARK_HOME=/usr/local/spark; /opt/conda/bin/spark-submit --master local[*] --executor-memory 4g /opt/shared/scripts/raw_ingestion.py 2024-09-21 corredor
[2024-09-21T22:34:07.448+0000] {ssh.py:524} INFO - [DEBUG] dt_now: 2024-09-21
[2024-09-21T22:34:07.449+0000] {ssh.py:524} INFO - [DEBUG] endpoint: corredor
[2024-09-21T22:34:07.533+0000] {ssh.py:524} INFO - 24/09/21 22:34:07 INFO SparkContext: Running Spark version 3.3.1
[2024-09-21T22:34:07.555+0000] {ssh.py:524} INFO - 24/09/21 22:34:07 WARN NativeCodeLoader: Unable to load native-hadoop library for your platform... using builtin-java classes where applicable
[2024-09-21T22:34:07.641+0000] {ssh.py:524} INFO - 24/09/21 22:34:07 INFO ResourceUtils: ==============================================================
[2024-09-21T22:34:07.643+0000] {ssh.py:524} INFO - 24/09/21 22:34:07 INFO ResourceUtils: No custom resources configured for spark.driver.
[2024-09-21T22:34:07.643+0000] {ssh.py:524} INFO - 24/09/21 22:34:07 INFO ResourceUtils: ==============================================================
[2024-09-21T22:34:07.644+0000] {ssh.py:524} INFO - 24/09/21 22:34:07 INFO SparkContext: Submitted application: raw_ingestion_corredor
[2024-09-21T22:34:07.665+0000] {ssh.py:524} INFO - 24/09/21 22:34:07 INFO ResourceProfile: Default ResourceProfile created, executor resources: Map(cores -> name: cores, amount: 1, script: , vendor: , memory -> name: memory, amount: 1024, script: , vendor: , offHeap -> name: offHeap, amount: 0, script: , vendor: ), task resources: Map(cpus -> name: cpus, amount: 1.0)
[2024-09-21T22:34:07.674+0000] {ssh.py:524} INFO - 24/09/21 22:34:07 INFO ResourceProfile: Limiting resource is cpu
[2024-09-21T22:34:07.675+0000] {ssh.py:524} INFO - 24/09/21 22:34:07 INFO ResourceProfileManager: Added ResourceProfile id: 0
[2024-09-21T22:34:07.723+0000] {ssh.py:524} INFO - 24/09/21 22:34:07 INFO SecurityManager: Changing view acls to: root
[2024-09-21T22:34:07.724+0000] {ssh.py:524} INFO - 24/09/21 22:34:07 INFO SecurityManager: Changing modify acls to: root
[2024-09-21T22:34:07.725+0000] {ssh.py:524} INFO - 24/09/21 22:34:07 INFO SecurityManager: Changing view acls groups to: 
[2024-09-21T22:34:07.726+0000] {ssh.py:524} INFO - 24/09/21 22:34:07 INFO SecurityManager: Changing modify acls groups to: 
[2024-09-21T22:34:07.726+0000] {ssh.py:524} INFO - 24/09/21 22:34:07 INFO SecurityManager: SecurityManager: authentication disabled; ui acls disabled; users  with view permissions: Set(root); groups with view permissions: Set(); users  with modify permissions: Set(root); groups with modify permissions: Set()
[2024-09-21T22:34:08.082+0000] {ssh.py:524} INFO - 24/09/21 22:34:08 INFO Utils: Successfully started service 'sparkDriver' on port 35181.
[2024-09-21T22:34:08.133+0000] {ssh.py:524} INFO - 24/09/21 22:34:08 INFO SparkEnv: Registering MapOutputTracker
[2024-09-21T22:34:08.178+0000] {ssh.py:524} INFO - 24/09/21 22:34:08 INFO SparkEnv: Registering BlockManagerMaster
[2024-09-21T22:34:08.201+0000] {ssh.py:524} INFO - 24/09/21 22:34:08 INFO BlockManagerMasterEndpoint: Using org.apache.spark.storage.DefaultTopologyMapper for getting topology information
[2024-09-21T22:34:08.203+0000] {ssh.py:524} INFO - 24/09/21 22:34:08 INFO BlockManagerMasterEndpoint: BlockManagerMasterEndpoint up
[2024-09-21T22:34:08.228+0000] {ssh.py:524} INFO - 24/09/21 22:34:08 INFO SparkEnv: Registering BlockManagerMasterHeartbeat
[2024-09-21T22:34:08.251+0000] {ssh.py:524} INFO - 24/09/21 22:34:08 INFO DiskBlockManager: Created local directory at /tmp/blockmgr-264dcded-8003-4afd-80ed-688c75a7ab56
[2024-09-21T22:34:08.275+0000] {ssh.py:524} INFO - 24/09/21 22:34:08 INFO MemoryStore: MemoryStore started with capacity 434.4 MiB
[2024-09-21T22:34:08.297+0000] {ssh.py:524} INFO - 24/09/21 22:34:08 INFO SparkEnv: Registering OutputCommitCoordinator
[2024-09-21T22:34:08.566+0000] {ssh.py:524} INFO - 24/09/21 22:34:08 WARN Utils: Service 'SparkUI' could not bind on port 4040. Attempting port 4041.
[2024-09-21T22:34:08.568+0000] {ssh.py:524} INFO - 24/09/21 22:34:08 WARN Utils: Service 'SparkUI' could not bind on port 4041. Attempting port 4042.
[2024-09-21T22:34:08.587+0000] {ssh.py:524} INFO - 24/09/21 22:34:08 INFO Utils: Successfully started service 'SparkUI' on port 4042.
[2024-09-21T22:34:08.709+0000] {ssh.py:524} INFO - 24/09/21 22:34:08 INFO Executor: Starting executor ID driver on host spark-master
[2024-09-21T22:34:08.719+0000] {ssh.py:524} INFO - 24/09/21 22:34:08 INFO Executor: Starting executor with user classpath (userClassPathFirst = false): ''
[2024-09-21T22:34:08.741+0000] {ssh.py:524} INFO - 24/09/21 22:34:08 INFO Utils: Successfully started service 'org.apache.spark.network.netty.NettyBlockTransferService' on port 40919.
[2024-09-21T22:34:08.741+0000] {ssh.py:524} INFO - 24/09/21 22:34:08 INFO NettyBlockTransferService: Server created on spark-master:40919
[2024-09-21T22:34:08.743+0000] {ssh.py:524} INFO - 24/09/21 22:34:08 INFO BlockManager: Using org.apache.spark.storage.RandomBlockReplicationPolicy for block replication policy
[2024-09-21T22:34:08.749+0000] {ssh.py:524} INFO - 24/09/21 22:34:08 INFO BlockManagerMaster: Registering BlockManager BlockManagerId(driver, spark-master, 40919, None)
[2024-09-21T22:34:08.758+0000] {ssh.py:524} INFO - 24/09/21 22:34:08 INFO BlockManagerMasterEndpoint: Registering block manager spark-master:40919 with 434.4 MiB RAM, BlockManagerId(driver, spark-master, 40919, None)
[2024-09-21T22:34:08.761+0000] {ssh.py:524} INFO - 24/09/21 22:34:08 INFO BlockManagerMaster: Registered BlockManager BlockManagerId(driver, spark-master, 40919, None)
[2024-09-21T22:34:08.762+0000] {ssh.py:524} INFO - 24/09/21 22:34:08 INFO BlockManager: Initialized BlockManager: BlockManagerId(driver, spark-master, 40919, None)
[2024-09-21T22:34:09.814+0000] {ssh.py:524} INFO - 24/09/21 22:34:09 INFO SharedState: Setting hive.metastore.warehouse.dir ('null') to the value of spark.sql.warehouse.dir.
[2024-09-21T22:34:09.821+0000] {ssh.py:524} INFO - 24/09/21 22:34:09 INFO SharedState: Warehouse path is 'file:/root/spark-warehouse'.
[2024-09-21T22:34:12.276+0000] {ssh.py:524} INFO - 24/09/21 22:34:12 WARN MetricsConfig: Cannot locate configuration: tried hadoop-metrics2-s3a-file-system.properties,hadoop-metrics2.properties
[2024-09-21T22:34:12.296+0000] {ssh.py:524} INFO - 24/09/21 22:34:12 INFO MetricsSystemImpl: Scheduled Metric snapshot period at 10 second(s).
[2024-09-21T22:34:12.296+0000] {ssh.py:524} INFO - 24/09/21 22:34:12 INFO MetricsSystemImpl: s3a-file-system metrics system started
[2024-09-21T22:34:13.512+0000] {ssh.py:524} INFO - 24/09/21 22:34:13 WARN AbstractS3ACommitterFactory: Using standard FileOutputCommitter to commit work. This is slow and potentially unsafe.
[2024-09-21T22:34:13.513+0000] {ssh.py:524} INFO - 24/09/21 22:34:13 INFO FileOutputCommitter: File Output Committer Algorithm version is 1
[2024-09-21T22:34:13.514+0000] {ssh.py:524} INFO - 24/09/21 22:34:13 INFO FileOutputCommitter: FileOutputCommitter skip cleanup _temporary folders under output directory:false, ignore cleanup failures: false
[2024-09-21T22:34:13.515+0000] {ssh.py:524} INFO - 24/09/21 22:34:13 INFO AbstractS3ACommitterFactory: Using Committer FileOutputCommitter{PathOutputCommitter{context=TaskAttemptContextImpl{JobContextImpl{jobId=job_202409212234134537624541972902498_0000}; taskId=attempt_202409212234134537624541972902498_0000_m_000000_0, status=''}; org.apache.hadoop.mapreduce.lib.output.FileOutputCommitter@dc35ede}; outputPath=s3a://raw/olhovivo/corredor/dt=2024-09-21, workPath=s3a://raw/olhovivo/corredor/dt=2024-09-21/_temporary/0/_temporary/attempt_202409212234134537624541972902498_0000_m_000000_0, algorithmVersion=1, skipCleanup=false, ignoreCleanupFailures=false} for s3a://raw/olhovivo/corredor/dt=2024-09-21
[2024-09-21T22:34:13.516+0000] {ssh.py:524} INFO - 24/09/21 22:34:13 INFO SQLHadoopMapReduceCommitProtocol: Using output committer class org.apache.hadoop.mapreduce.lib.output.FileOutputCommitter
[2024-09-21T22:34:13.983+0000] {ssh.py:524} INFO - 24/09/21 22:34:13 INFO CodeGenerator: Code generated in 120.969684 ms
[2024-09-21T22:34:14.084+0000] {ssh.py:524} INFO - 24/09/21 22:34:14 INFO SparkContext: Starting job: save at NativeMethodAccessorImpl.java:0
[2024-09-21T22:34:14.098+0000] {ssh.py:524} INFO - 24/09/21 22:34:14 INFO DAGScheduler: Got job 0 (save at NativeMethodAccessorImpl.java:0) with 12 output partitions
[2024-09-21T22:34:14.099+0000] {ssh.py:524} INFO - 24/09/21 22:34:14 INFO DAGScheduler: Final stage: ResultStage 0 (save at NativeMethodAccessorImpl.java:0)
[2024-09-21T22:34:14.100+0000] {ssh.py:524} INFO - 24/09/21 22:34:14 INFO DAGScheduler: Parents of final stage: List()
[2024-09-21T22:34:14.103+0000] {ssh.py:524} INFO - 24/09/21 22:34:14 INFO DAGScheduler: Missing parents: List()
[2024-09-21T22:34:14.107+0000] {ssh.py:524} INFO - 24/09/21 22:34:14 INFO DAGScheduler: Submitting ResultStage 0 (MapPartitionsRDD[5] at save at NativeMethodAccessorImpl.java:0), which has no missing parents
[2024-09-21T22:34:14.210+0000] {ssh.py:524} INFO - 24/09/21 22:34:14 INFO MemoryStore: Block broadcast_0 stored as values in memory (estimated size 219.7 KiB, free 434.2 MiB)
[2024-09-21T22:34:14.239+0000] {ssh.py:524} INFO - 24/09/21 22:34:14 INFO MemoryStore: Block broadcast_0_piece0 stored as bytes in memory (estimated size 80.4 KiB, free 434.1 MiB)
[2024-09-21T22:34:14.242+0000] {ssh.py:524} INFO - 24/09/21 22:34:14 INFO BlockManagerInfo: Added broadcast_0_piece0 in memory on spark-master:40919 (size: 80.4 KiB, free: 434.3 MiB)
[2024-09-21T22:34:14.246+0000] {ssh.py:524} INFO - 24/09/21 22:34:14 INFO SparkContext: Created broadcast 0 from broadcast at DAGScheduler.scala:1513
[2024-09-21T22:34:14.264+0000] {ssh.py:524} INFO - 24/09/21 22:34:14 INFO DAGScheduler: Submitting 12 missing tasks from ResultStage 0 (MapPartitionsRDD[5] at save at NativeMethodAccessorImpl.java:0) (first 15 tasks are for partitions Vector(0, 1, 2, 3, 4, 5, 6, 7, 8, 9, 10, 11))
[2024-09-21T22:34:14.265+0000] {ssh.py:524} INFO - 24/09/21 22:34:14 INFO TaskSchedulerImpl: Adding task set 0.0 with 12 tasks resource profile 0
[2024-09-21T22:34:14.349+0000] {ssh.py:524} INFO - 24/09/21 22:34:14 INFO TaskSetManager: Starting task 0.0 in stage 0.0 (TID 0) (spark-master, executor driver, partition 0, PROCESS_LOCAL, 4433 bytes) taskResourceAssignments Map()
[2024-09-21T22:34:14.356+0000] {ssh.py:524} INFO - 24/09/21 22:34:14 INFO TaskSetManager: Starting task 1.0 in stage 0.0 (TID 1) (spark-master, executor driver, partition 1, PROCESS_LOCAL, 4476 bytes) taskResourceAssignments Map()
[2024-09-21T22:34:14.357+0000] {ssh.py:524} INFO - 24/09/21 22:34:14 INFO TaskSetManager: Starting task 2.0 in stage 0.0 (TID 2) (spark-master, executor driver, partition 2, PROCESS_LOCAL, 4433 bytes) taskResourceAssignments Map()
[2024-09-21T22:34:14.358+0000] {ssh.py:524} INFO - 24/09/21 22:34:14 INFO TaskSetManager: Starting task 3.0 in stage 0.0 (TID 3) (spark-master, executor driver, partition 3, PROCESS_LOCAL, 4484 bytes) taskResourceAssignments Map()
[2024-09-21T22:34:14.358+0000] {ssh.py:524} INFO - 24/09/21 22:34:14 INFO TaskSetManager: Starting task 4.0 in stage 0.0 (TID 4) (spark-master, executor driver, partition 4, PROCESS_LOCAL, 4433 bytes) taskResourceAssignments Map()
[2024-09-21T22:34:14.359+0000] {ssh.py:524} INFO - 24/09/21 22:34:14 INFO TaskSetManager: Starting task 5.0 in stage 0.0 (TID 5) (spark-master, executor driver, partition 5, PROCESS_LOCAL, 4480 bytes) taskResourceAssignments Map()
[2024-09-21T22:34:14.360+0000] {ssh.py:524} INFO - 24/09/21 22:34:14 INFO TaskSetManager: Starting task 6.0 in stage 0.0 (TID 6) (spark-master, executor driver, partition 6, PROCESS_LOCAL, 4476 bytes) taskResourceAssignments Map()
[2024-09-21T22:34:14.362+0000] {ssh.py:524} INFO - 24/09/21 22:34:14 INFO TaskSetManager: Starting task 7.0 in stage 0.0 (TID 7) (spark-master, executor driver, partition 7, PROCESS_LOCAL, 4433 bytes) taskResourceAssignments Map()
[2024-09-21T22:34:14.376+0000] {ssh.py:524} INFO - 24/09/21 22:34:14 INFO TaskSetManager: Starting task 8.0 in stage 0.0 (TID 8) (spark-master, executor driver, partition 8, PROCESS_LOCAL, 4473 bytes) taskResourceAssignments Map()
[2024-09-21T22:34:14.376+0000] {ssh.py:524} INFO - 24/09/21 22:34:14 INFO TaskSetManager: Starting task 9.0 in stage 0.0 (TID 9) (spark-master, executor driver, partition 9, PROCESS_LOCAL, 4433 bytes) taskResourceAssignments Map()
[2024-09-21T22:34:14.382+0000] {ssh.py:524} INFO - 24/09/21 22:34:14 INFO TaskSetManager: Starting task 10.0 in stage 0.0 (TID 10) (spark-master, executor driver, partition 10, PROCESS_LOCAL, 4476 bytes) taskResourceAssignments Map()
[2024-09-21T22:34:14.384+0000] {ssh.py:524} INFO - 24/09/21 22:34:14 INFO TaskSetManager: Starting task 11.0 in stage 0.0 (TID 11) (spark-master, executor driver, partition 11, PROCESS_LOCAL, 4479 bytes) taskResourceAssignments Map()
[2024-09-21T22:34:14.405+0000] {ssh.py:524} INFO - 24/09/21 22:34:14 INFO Executor: Running task 0.0 in stage 0.0 (TID 0)
[2024-09-21T22:34:14.409+0000] {ssh.py:524} INFO - 24/09/21 22:34:14 INFO Executor: Running task 2.0 in stage 0.0 (TID 2)
[2024-09-21T22:34:14.410+0000] {ssh.py:524} INFO - 24/09/21 22:34:14 INFO Executor: Running task 1.0 in stage 0.0 (TID 1)
[2024-09-21T22:34:14.414+0000] {ssh.py:524} INFO - 24/09/21 22:34:14 INFO Executor: Running task 3.0 in stage 0.0 (TID 3)
[2024-09-21T22:34:14.419+0000] {ssh.py:524} INFO - 24/09/21 22:34:14 INFO Executor: Running task 4.0 in stage 0.0 (TID 4)
[2024-09-21T22:34:14.420+0000] {ssh.py:524} INFO - 24/09/21 22:34:14 INFO Executor: Running task 5.0 in stage 0.0 (TID 5)
[2024-09-21T22:34:14.435+0000] {ssh.py:524} INFO - 24/09/21 22:34:14 INFO Executor: Running task 7.0 in stage 0.0 (TID 7)
[2024-09-21T22:34:14.436+0000] {ssh.py:524} INFO - 24/09/21 22:34:14 INFO Executor: Running task 6.0 in stage 0.0 (TID 6)
[2024-09-21T22:34:14.454+0000] {ssh.py:524} INFO - 24/09/21 22:34:14 INFO Executor: Running task 9.0 in stage 0.0 (TID 9)
[2024-09-21T22:34:14.455+0000] {ssh.py:524} INFO - 24/09/21 22:34:14 INFO Executor: Running task 8.0 in stage 0.0 (TID 8)
[2024-09-21T22:34:14.459+0000] {ssh.py:524} INFO - 24/09/21 22:34:14 INFO Executor: Running task 10.0 in stage 0.0 (TID 10)
[2024-09-21T22:34:14.475+0000] {ssh.py:524} INFO - 24/09/21 22:34:14 INFO Executor: Running task 11.0 in stage 0.0 (TID 11)
[2024-09-21T22:34:15.282+0000] {ssh.py:524} INFO - 24/09/21 22:34:15 WARN AbstractS3ACommitterFactory: Using standard FileOutputCommitter to commit work. This is slow and potentially unsafe.
[2024-09-21T22:34:15.283+0000] {ssh.py:524} INFO - 24/09/21 22:34:15 INFO FileOutputCommitter: File Output Committer Algorithm version is 1
[2024-09-21T22:34:15.284+0000] {ssh.py:524} INFO - 24/09/21 22:34:15 INFO FileOutputCommitter: FileOutputCommitter skip cleanup _temporary folders under output directory:false, ignore cleanup failures: false
[2024-09-21T22:34:15.287+0000] {ssh.py:524} INFO - 24/09/21 22:34:15 INFO AbstractS3ACommitterFactory: Using Committer FileOutputCommitter{PathOutputCommitter{context=TaskAttemptContextImpl{JobContextImpl{jobId=job_202409212234146474878897555441128_0000}; taskId=attempt_202409212234146474878897555441128_0000_m_000004_4, status=''}; org.apache.hadoop.mapreduce.lib.output.FileOutputCommitter@48258876}; outputPath=s3a://raw/olhovivo/corredor/dt=2024-09-21, workPath=s3a://raw/olhovivo/corredor/dt=2024-09-21/_temporary/0/_temporary/attempt_202409212234146474878897555441128_0000_m_000004_4, algorithmVersion=1, skipCleanup=false, ignoreCleanupFailures=false} for s3a://raw/olhovivo/corredor/dt=2024-09-21
[2024-09-21T22:34:15.288+0000] {ssh.py:524} INFO - 24/09/21 22:34:15 INFO SQLHadoopMapReduceCommitProtocol: Using output committer class org.apache.hadoop.mapreduce.lib.output.FileOutputCommitter
[2024-09-21T22:34:15.299+0000] {ssh.py:524} INFO - 24/09/21 22:34:15 WARN AbstractS3ACommitterFactory: Using standard FileOutputCommitter to commit work. This is slow and potentially unsafe.
[2024-09-21T22:34:15.301+0000] {ssh.py:524} INFO - 24/09/21 22:34:15 INFO FileOutputCommitter: File Output Committer Algorithm version is 1
[2024-09-21T22:34:15.302+0000] {ssh.py:524} INFO - 24/09/21 22:34:15 INFO FileOutputCommitter: FileOutputCommitter skip cleanup _temporary folders under output directory:false, ignore cleanup failures: false
[2024-09-21T22:34:15.302+0000] {ssh.py:524} INFO - 24/09/21 22:34:15 INFO AbstractS3ACommitterFactory: Using Committer FileOutputCommitter{PathOutputCommitter{context=TaskAttemptContextImpl{JobContextImpl{jobId=job_202409212234141702586378346055040_0000}; taskId=attempt_202409212234141702586378346055040_0000_m_000009_9, status=''}; org.apache.hadoop.mapreduce.lib.output.FileOutputCommitter@7b117726}; outputPath=s3a://raw/olhovivo/corredor/dt=2024-09-21, workPath=s3a://raw/olhovivo/corredor/dt=2024-09-21/_temporary/0/_temporary/attempt_202409212234141702586378346055040_0000_m_000009_9, algorithmVersion=1, skipCleanup=false, ignoreCleanupFailures=false} for s3a://raw/olhovivo/corredor/dt=2024-09-21
[2024-09-21T22:34:15.303+0000] {ssh.py:524} INFO - 24/09/21 22:34:15 INFO SQLHadoopMapReduceCommitProtocol: Using output committer class org.apache.hadoop.mapreduce.lib.output.FileOutputCommitter
[2024-09-21T22:34:15.308+0000] {ssh.py:524} INFO - 24/09/21 22:34:15 WARN AbstractS3ACommitterFactory: Using standard FileOutputCommitter to commit work. This is slow and potentially unsafe.
[2024-09-21T22:34:15.316+0000] {ssh.py:524} INFO - 24/09/21 22:34:15 INFO FileOutputCommitter: File Output Committer Algorithm version is 1
[2024-09-21T22:34:15.319+0000] {ssh.py:524} INFO - 24/09/21 22:34:15 INFO FileOutputCommitter: FileOutputCommitter skip cleanup _temporary folders under output directory:false, ignore cleanup failures: false
[2024-09-21T22:34:15.320+0000] {ssh.py:524} INFO - 24/09/21 22:34:15 INFO AbstractS3ACommitterFactory: Using Committer FileOutputCommitter{PathOutputCommitter{context=TaskAttemptContextImpl{JobContextImpl{jobId=job_202409212234144148706407721422400_0000}; taskId=attempt_202409212234144148706407721422400_0000_m_000010_10, status=''}; org.apache.hadoop.mapreduce.lib.output.FileOutputCommitter@39a8a146}; outputPath=s3a://raw/olhovivo/corredor/dt=2024-09-21, workPath=s3a://raw/olhovivo/corredor/dt=2024-09-21/_temporary/0/_temporary/attempt_202409212234144148706407721422400_0000_m_000010_10, algorithmVersion=1, skipCleanup=false, ignoreCleanupFailures=false} for s3a://raw/olhovivo/corredor/dt=2024-09-21
[2024-09-21T22:34:15.320+0000] {ssh.py:524} INFO - 24/09/21 22:34:15 INFO SQLHadoopMapReduceCommitProtocol: Using output committer class org.apache.hadoop.mapreduce.lib.output.FileOutputCommitter
[2024-09-21T22:34:15.403+0000] {ssh.py:524} INFO - 24/09/21 22:34:15 WARN AbstractS3ACommitterFactory: Using standard FileOutputCommitter to commit work. This is slow and potentially unsafe.
[2024-09-21T22:34:15.403+0000] {ssh.py:524} INFO - 24/09/21 22:34:15 INFO FileOutputCommitter: File Output Committer Algorithm version is 1
[2024-09-21T22:34:15.404+0000] {ssh.py:524} INFO - 24/09/21 22:34:15 INFO FileOutputCommitter: FileOutputCommitter skip cleanup _temporary folders under output directory:false, ignore cleanup failures: false
[2024-09-21T22:34:15.405+0000] {ssh.py:524} INFO - 24/09/21 22:34:15 INFO AbstractS3ACommitterFactory: Using Committer FileOutputCommitter{PathOutputCommitter{context=TaskAttemptContextImpl{JobContextImpl{jobId=job_202409212234148109529768122608471_0000}; taskId=attempt_202409212234148109529768122608471_0000_m_000002_2, status=''}; org.apache.hadoop.mapreduce.lib.output.FileOutputCommitter@1cc8ec94}; outputPath=s3a://raw/olhovivo/corredor/dt=2024-09-21, workPath=s3a://raw/olhovivo/corredor/dt=2024-09-21/_temporary/0/_temporary/attempt_202409212234148109529768122608471_0000_m_000002_2, algorithmVersion=1, skipCleanup=false, ignoreCleanupFailures=false} for s3a://raw/olhovivo/corredor/dt=2024-09-21
[2024-09-21T22:34:15.405+0000] {ssh.py:524} INFO - 24/09/21 22:34:15 INFO SQLHadoopMapReduceCommitProtocol: Using output committer class org.apache.hadoop.mapreduce.lib.output.FileOutputCommitter
[2024-09-21T22:34:15.433+0000] {ssh.py:524} INFO - 24/09/21 22:34:15 INFO PythonRunner: Times: total = 718, boot = 479, init = 239, finish = 0
[2024-09-21T22:34:15.437+0000] {ssh.py:524} INFO - 24/09/21 22:34:15 INFO PythonRunner: Times: total = 714, boot = 509, init = 205, finish = 0
[2024-09-21T22:34:15.440+0000] {ssh.py:524} INFO - 24/09/21 22:34:15 WARN AbstractS3ACommitterFactory: Using standard FileOutputCommitter to commit work. This is slow and potentially unsafe.
[2024-09-21T22:34:15.440+0000] {ssh.py:524} INFO - 24/09/21 22:34:15 INFO FileOutputCommitter: File Output Committer Algorithm version is 1
[2024-09-21T22:34:15.441+0000] {ssh.py:524} INFO - 24/09/21 22:34:15 INFO FileOutputCommitter: FileOutputCommitter skip cleanup _temporary folders under output directory:false, ignore cleanup failures: false
[2024-09-21T22:34:15.441+0000] {ssh.py:524} INFO - 24/09/21 22:34:15 INFO AbstractS3ACommitterFactory: Using Committer FileOutputCommitter{PathOutputCommitter{context=TaskAttemptContextImpl{JobContextImpl{jobId=job_202409212234142077082200438600312_0000}; taskId=attempt_202409212234142077082200438600312_0000_m_000011_11, status=''}; org.apache.hadoop.mapreduce.lib.output.FileOutputCommitter@5715fcec}; outputPath=s3a://raw/olhovivo/corredor/dt=2024-09-21, workPath=s3a://raw/olhovivo/corredor/dt=2024-09-21/_temporary/0/_temporary/attempt_202409212234142077082200438600312_0000_m_000011_11, algorithmVersion=1, skipCleanup=false, ignoreCleanupFailures=false} for s3a://raw/olhovivo/corredor/dt=2024-09-21
[2024-09-21T22:34:15.441+0000] {ssh.py:524} INFO - 24/09/21 22:34:15 INFO SQLHadoopMapReduceCommitProtocol: Using output committer class org.apache.hadoop.mapreduce.lib.output.FileOutputCommitter
[2024-09-21T22:34:15.474+0000] {ssh.py:524} INFO - 24/09/21 22:34:15 INFO SparkHadoopMapRedUtil: No need to commit output of task because needsTaskCommit=false: attempt_202409212234146474878897555441128_0000_m_000004_4
[2024-09-21T22:34:15.475+0000] {ssh.py:524} INFO - 24/09/21 22:34:15 INFO SparkHadoopMapRedUtil: No need to commit output of task because needsTaskCommit=false: attempt_202409212234141702586378346055040_0000_m_000009_9
[2024-09-21T22:34:15.494+0000] {ssh.py:524} INFO - 24/09/21 22:34:15 WARN AbstractS3ACommitterFactory: Using standard FileOutputCommitter to commit work. This is slow and potentially unsafe.
[2024-09-21T22:34:15.495+0000] {ssh.py:524} INFO - 24/09/21 22:34:15 INFO FileOutputCommitter: File Output Committer Algorithm version is 1
[2024-09-21T22:34:15.495+0000] {ssh.py:524} INFO - 24/09/21 22:34:15 INFO FileOutputCommitter: FileOutputCommitter skip cleanup _temporary folders under output directory:false, ignore cleanup failures: false
[2024-09-21T22:34:15.496+0000] {ssh.py:524} INFO - 24/09/21 22:34:15 INFO AbstractS3ACommitterFactory: Using Committer FileOutputCommitter{PathOutputCommitter{context=TaskAttemptContextImpl{JobContextImpl{jobId=job_202409212234142364383088280294900_0000}; taskId=attempt_202409212234142364383088280294900_0000_m_000001_1, status=''}; org.apache.hadoop.mapreduce.lib.output.FileOutputCommitter@697e817f}; outputPath=s3a://raw/olhovivo/corredor/dt=2024-09-21, workPath=s3a://raw/olhovivo/corredor/dt=2024-09-21/_temporary/0/_temporary/attempt_202409212234142364383088280294900_0000_m_000001_1, algorithmVersion=1, skipCleanup=false, ignoreCleanupFailures=false} for s3a://raw/olhovivo/corredor/dt=2024-09-21
[2024-09-21T22:34:15.496+0000] {ssh.py:524} INFO - 24/09/21 22:34:15 INFO SQLHadoopMapReduceCommitProtocol: Using output committer class org.apache.hadoop.mapreduce.lib.output.FileOutputCommitter
[2024-09-21T22:34:15.514+0000] {ssh.py:524} INFO - 24/09/21 22:34:15 INFO PythonRunner: Times: total = 807, boot = 570, init = 237, finish = 0
[2024-09-21T22:34:15.514+0000] {ssh.py:524} INFO - 24/09/21 22:34:15 INFO Executor: Finished task 9.0 in stage 0.0 (TID 9). 2871 bytes result sent to driver
[2024-09-21T22:34:15.515+0000] {ssh.py:524} INFO - 24/09/21 22:34:15 INFO Executor: Finished task 4.0 in stage 0.0 (TID 4). 2871 bytes result sent to driver
[2024-09-21T22:34:15.520+0000] {ssh.py:524} INFO - 24/09/21 22:34:15 INFO SparkHadoopMapRedUtil: No need to commit output of task because needsTaskCommit=false: attempt_202409212234148109529768122608471_0000_m_000002_2
[2024-09-21T22:34:15.522+0000] {ssh.py:524} INFO - 24/09/21 22:34:15 INFO Executor: Finished task 2.0 in stage 0.0 (TID 2). 2828 bytes result sent to driver
[2024-09-21T22:34:15.555+0000] {ssh.py:524} INFO - 24/09/21 22:34:15 WARN AbstractS3ACommitterFactory: Using standard FileOutputCommitter to commit work. This is slow and potentially unsafe.
[2024-09-21T22:34:15.562+0000] {ssh.py:524} INFO - 24/09/21 22:34:15 INFO FileOutputCommitter: File Output Committer Algorithm version is 1
[2024-09-21T22:34:15.562+0000] {ssh.py:524} INFO - 24/09/21 22:34:15 INFO FileOutputCommitter: FileOutputCommitter skip cleanup _temporary folders under output directory:false, ignore cleanup failures: false
[2024-09-21T22:34:15.563+0000] {ssh.py:524} INFO - 24/09/21 22:34:15 INFO AbstractS3ACommitterFactory: Using Committer FileOutputCommitter{PathOutputCommitter{context=TaskAttemptContextImpl{JobContextImpl{jobId=job_202409212234149033323001849637603_0000}; taskId=attempt_202409212234149033323001849637603_0000_m_000008_8, status=''}; org.apache.hadoop.mapreduce.lib.output.FileOutputCommitter@b32226b}; outputPath=s3a://raw/olhovivo/corredor/dt=2024-09-21, workPath=s3a://raw/olhovivo/corredor/dt=2024-09-21/_temporary/0/_temporary/attempt_202409212234149033323001849637603_0000_m_000008_8, algorithmVersion=1, skipCleanup=false, ignoreCleanupFailures=false} for s3a://raw/olhovivo/corredor/dt=2024-09-21
[2024-09-21T22:34:15.563+0000] {ssh.py:524} INFO - 24/09/21 22:34:15 INFO SQLHadoopMapReduceCommitProtocol: Using output committer class org.apache.hadoop.mapreduce.lib.output.FileOutputCommitter
[2024-09-21T22:34:15.579+0000] {ssh.py:524} INFO - 24/09/21 22:34:15 WARN AbstractS3ACommitterFactory: Using standard FileOutputCommitter to commit work. This is slow and potentially unsafe.
[2024-09-21T22:34:15.579+0000] {ssh.py:524} INFO - 24/09/21 22:34:15 INFO FileOutputCommitter: File Output Committer Algorithm version is 1
[2024-09-21T22:34:15.580+0000] {ssh.py:524} INFO - 24/09/21 22:34:15 INFO FileOutputCommitter: FileOutputCommitter skip cleanup _temporary folders under output directory:false, ignore cleanup failures: false
[2024-09-21T22:34:15.580+0000] {ssh.py:524} INFO - 24/09/21 22:34:15 INFO AbstractS3ACommitterFactory: Using Committer FileOutputCommitter{PathOutputCommitter{context=TaskAttemptContextImpl{JobContextImpl{jobId=job_202409212234147717643604671762982_0000}; taskId=attempt_202409212234147717643604671762982_0000_m_000006_6, status=''}; org.apache.hadoop.mapreduce.lib.output.FileOutputCommitter@2c77fc2}; outputPath=s3a://raw/olhovivo/corredor/dt=2024-09-21, workPath=s3a://raw/olhovivo/corredor/dt=2024-09-21/_temporary/0/_temporary/attempt_202409212234147717643604671762982_0000_m_000006_6, algorithmVersion=1, skipCleanup=false, ignoreCleanupFailures=false} for s3a://raw/olhovivo/corredor/dt=2024-09-21
[2024-09-21T22:34:15.580+0000] {ssh.py:524} INFO - 24/09/21 22:34:15 INFO SQLHadoopMapReduceCommitProtocol: Using output committer class org.apache.hadoop.mapreduce.lib.output.FileOutputCommitter
[2024-09-21T22:34:15.588+0000] {ssh.py:524} INFO - 24/09/21 22:34:15 WARN AbstractS3ACommitterFactory: Using standard FileOutputCommitter to commit work. This is slow and potentially unsafe.
[2024-09-21T22:34:15.589+0000] {ssh.py:524} INFO - 24/09/21 22:34:15 INFO FileOutputCommitter: File Output Committer Algorithm version is 1
[2024-09-21T22:34:15.589+0000] {ssh.py:524} INFO - 24/09/21 22:34:15 INFO FileOutputCommitter: FileOutputCommitter skip cleanup _temporary folders under output directory:false, ignore cleanup failures: false
[2024-09-21T22:34:15.590+0000] {ssh.py:524} INFO - 24/09/21 22:34:15 INFO AbstractS3ACommitterFactory: Using Committer FileOutputCommitter{PathOutputCommitter{context=TaskAttemptContextImpl{JobContextImpl{jobId=job_202409212234148037522624994871813_0000}; taskId=attempt_202409212234148037522624994871813_0000_m_000005_5, status=''}; org.apache.hadoop.mapreduce.lib.output.FileOutputCommitter@425fcf2b}; outputPath=s3a://raw/olhovivo/corredor/dt=2024-09-21, workPath=s3a://raw/olhovivo/corredor/dt=2024-09-21/_temporary/0/_temporary/attempt_202409212234148037522624994871813_0000_m_000005_5, algorithmVersion=1, skipCleanup=false, ignoreCleanupFailures=false} for s3a://raw/olhovivo/corredor/dt=2024-09-21
[2024-09-21T22:34:15.590+0000] {ssh.py:524} INFO - 24/09/21 22:34:15 INFO SQLHadoopMapReduceCommitProtocol: Using output committer class org.apache.hadoop.mapreduce.lib.output.FileOutputCommitter
[2024-09-21T22:34:15.591+0000] {ssh.py:524} INFO - 24/09/21 22:34:15 WARN AbstractS3ACommitterFactory: Using standard FileOutputCommitter to commit work. This is slow and potentially unsafe.
[2024-09-21T22:34:15.591+0000] {ssh.py:524} INFO - 24/09/21 22:34:15 INFO FileOutputCommitter: File Output Committer Algorithm version is 1
[2024-09-21T22:34:15.591+0000] {ssh.py:524} INFO - 24/09/21 22:34:15 INFO FileOutputCommitter: FileOutputCommitter skip cleanup _temporary folders under output directory:false, ignore cleanup failures: false
[2024-09-21T22:34:15.592+0000] {ssh.py:524} INFO - 24/09/21 22:34:15 INFO AbstractS3ACommitterFactory: Using Committer FileOutputCommitter{PathOutputCommitter{context=TaskAttemptContextImpl{JobContextImpl{jobId=job_202409212234146735934458148401304_0000}; taskId=attempt_202409212234146735934458148401304_0000_m_000007_7, status=''}; org.apache.hadoop.mapreduce.lib.output.FileOutputCommitter@261dc283}; outputPath=s3a://raw/olhovivo/corredor/dt=2024-09-21, workPath=s3a://raw/olhovivo/corredor/dt=2024-09-21/_temporary/0/_temporary/attempt_202409212234146735934458148401304_0000_m_000007_7, algorithmVersion=1, skipCleanup=false, ignoreCleanupFailures=false} for s3a://raw/olhovivo/corredor/dt=2024-09-21
[2024-09-21T22:34:15.592+0000] {ssh.py:524} INFO - 24/09/21 22:34:15 INFO SQLHadoopMapReduceCommitProtocol: Using output committer class org.apache.hadoop.mapreduce.lib.output.FileOutputCommitter
[2024-09-21T22:34:15.596+0000] {ssh.py:524} INFO - 24/09/21 22:34:15 INFO PythonRunner: Times: total = 848, boot = 562, init = 286, finish = 0
[2024-09-21T22:34:15.602+0000] {ssh.py:524} INFO - 24/09/21 22:34:15 WARN AbstractS3ACommitterFactory: Using standard FileOutputCommitter to commit work. This is slow and potentially unsafe.
[2024-09-21T22:34:15.603+0000] {ssh.py:524} INFO - 24/09/21 22:34:15 INFO FileOutputCommitter: File Output Committer Algorithm version is 1
[2024-09-21T22:34:15.603+0000] {ssh.py:524} INFO - 24/09/21 22:34:15 INFO FileOutputCommitter: FileOutputCommitter skip cleanup _temporary folders under output directory:false, ignore cleanup failures: false
[2024-09-21T22:34:15.603+0000] {ssh.py:524} INFO - 24/09/21 22:34:15 INFO AbstractS3ACommitterFactory: Using Committer FileOutputCommitter{PathOutputCommitter{context=TaskAttemptContextImpl{JobContextImpl{jobId=job_202409212234145684597754422951623_0000}; taskId=attempt_202409212234145684597754422951623_0000_m_000003_3, status=''}; org.apache.hadoop.mapreduce.lib.output.FileOutputCommitter@77876c8b}; outputPath=s3a://raw/olhovivo/corredor/dt=2024-09-21, workPath=s3a://raw/olhovivo/corredor/dt=2024-09-21/_temporary/0/_temporary/attempt_202409212234145684597754422951623_0000_m_000003_3, algorithmVersion=1, skipCleanup=false, ignoreCleanupFailures=false} for s3a://raw/olhovivo/corredor/dt=2024-09-21
[2024-09-21T22:34:15.604+0000] {ssh.py:524} INFO - 24/09/21 22:34:15 INFO SQLHadoopMapReduceCommitProtocol: Using output committer class org.apache.hadoop.mapreduce.lib.output.FileOutputCommitter
[2024-09-21T22:34:15.605+0000] {ssh.py:524} INFO - 24/09/21 22:34:15 WARN AbstractS3ACommitterFactory: Using standard FileOutputCommitter to commit work. This is slow and potentially unsafe.
[2024-09-21T22:34:15.605+0000] {ssh.py:524} INFO - 24/09/21 22:34:15 INFO FileOutputCommitter: File Output Committer Algorithm version is 1
[2024-09-21T22:34:15.605+0000] {ssh.py:524} INFO - 24/09/21 22:34:15 INFO FileOutputCommitter: FileOutputCommitter skip cleanup _temporary folders under output directory:false, ignore cleanup failures: false
[2024-09-21T22:34:15.606+0000] {ssh.py:524} INFO - 24/09/21 22:34:15 INFO AbstractS3ACommitterFactory: Using Committer FileOutputCommitter{PathOutputCommitter{context=TaskAttemptContextImpl{JobContextImpl{jobId=job_202409212234144328796186744132201_0000}; taskId=attempt_202409212234144328796186744132201_0000_m_000000_0, status=''}; org.apache.hadoop.mapreduce.lib.output.FileOutputCommitter@31beb4ff}; outputPath=s3a://raw/olhovivo/corredor/dt=2024-09-21, workPath=s3a://raw/olhovivo/corredor/dt=2024-09-21/_temporary/0/_temporary/attempt_202409212234144328796186744132201_0000_m_000000_0, algorithmVersion=1, skipCleanup=false, ignoreCleanupFailures=false} for s3a://raw/olhovivo/corredor/dt=2024-09-21
[2024-09-21T22:34:15.606+0000] {ssh.py:524} INFO - 24/09/21 22:34:15 INFO SQLHadoopMapReduceCommitProtocol: Using output committer class org.apache.hadoop.mapreduce.lib.output.FileOutputCommitter
[2024-09-21T22:34:15.607+0000] {ssh.py:524} INFO - 24/09/21 22:34:15 INFO SparkHadoopMapRedUtil: No need to commit output of task because needsTaskCommit=false: attempt_202409212234146735934458148401304_0000_m_000007_7
[2024-09-21T22:34:15.610+0000] {ssh.py:524} INFO - 24/09/21 22:34:15 INFO Executor: Finished task 7.0 in stage 0.0 (TID 7). 2828 bytes result sent to driver
[2024-09-21T22:34:15.638+0000] {ssh.py:524} INFO - 24/09/21 22:34:15 INFO TaskSetManager: Finished task 2.0 in stage 0.0 (TID 2) in 1282 ms on spark-master (executor driver) (1/12)
[2024-09-21T22:34:15.641+0000] {ssh.py:524} INFO - 24/09/21 22:34:15 INFO TaskSetManager: Finished task 9.0 in stage 0.0 (TID 9) in 1265 ms on spark-master (executor driver) (2/12)
[2024-09-21T22:34:15.643+0000] {ssh.py:524} INFO - 24/09/21 22:34:15 INFO TaskSetManager: Finished task 4.0 in stage 0.0 (TID 4) in 1285 ms on spark-master (executor driver) (3/12)
[2024-09-21T22:34:15.646+0000] {ssh.py:524} INFO - 24/09/21 22:34:15 INFO PythonAccumulatorV2: Connected to AccumulatorServer at host: 127.0.0.1 port: 51921
[2024-09-21T22:34:15.652+0000] {ssh.py:524} INFO - 24/09/21 22:34:15 INFO TaskSetManager: Finished task 7.0 in stage 0.0 (TID 7) in 1291 ms on spark-master (executor driver) (4/12)
[2024-09-21T22:34:15.667+0000] {ssh.py:524} INFO - 24/09/21 22:34:15 INFO PythonRunner: Times: total = 953, boot = 571, init = 382, finish = 0
[2024-09-21T22:34:15.671+0000] {ssh.py:524} INFO - 24/09/21 22:34:15 INFO PythonRunner: Times: total = 810, boot = 486, init = 324, finish = 0
[2024-09-21T22:34:15.672+0000] {ssh.py:524} INFO - 24/09/21 22:34:15 INFO PythonRunner: Times: total = 830, boot = 532, init = 298, finish = 0
[2024-09-21T22:34:15.674+0000] {ssh.py:524} INFO - 24/09/21 22:34:15 INFO PythonRunner: Times: total = 807, boot = 537, init = 270, finish = 0
[2024-09-21T22:34:15.675+0000] {ssh.py:524} INFO - 24/09/21 22:34:15 INFO PythonRunner: Times: total = 607, boot = 495, init = 111, finish = 1
[2024-09-21T22:34:15.676+0000] {ssh.py:524} INFO - 24/09/21 22:34:15 INFO PythonRunner: Times: total = 899, boot = 555, init = 344, finish = 0
[2024-09-21T22:34:15.676+0000] {ssh.py:524} INFO - 24/09/21 22:34:15 INFO PythonRunner: Times: total = 793, boot = 541, init = 251, finish = 1
[2024-09-21T22:34:15.677+0000] {ssh.py:524} INFO - 24/09/21 22:34:15 INFO PythonRunner: Times: total = 951, boot = 549, init = 402, finish = 0
[2024-09-21T22:34:16.124+0000] {ssh.py:524} INFO - 24/09/21 22:34:16 INFO FileOutputCommitter: Saved output of task 'attempt_202409212234148037522624994871813_0000_m_000005_5' to s3a://raw/olhovivo/corredor/dt=2024-09-21/_temporary/0/task_202409212234148037522624994871813_0000_m_000005
[2024-09-21T22:34:16.131+0000] {ssh.py:524} INFO - 24/09/21 22:34:16 INFO SparkHadoopMapRedUtil: attempt_202409212234148037522624994871813_0000_m_000005_5: Committed. Elapsed time: 296 ms.
[2024-09-21T22:34:16.136+0000] {ssh.py:524} INFO - 24/09/21 22:34:16 INFO FileOutputCommitter: Saved output of task 'attempt_202409212234144148706407721422400_0000_m_000010_10' to s3a://raw/olhovivo/corredor/dt=2024-09-21/_temporary/0/task_202409212234144148706407721422400_0000_m_000010
[2024-09-21T22:34:16.137+0000] {ssh.py:524} INFO - 24/09/21 22:34:16 INFO SparkHadoopMapRedUtil: attempt_202409212234144148706407721422400_0000_m_000010_10: Committed. Elapsed time: 313 ms.
[2024-09-21T22:34:16.138+0000] {ssh.py:524} INFO - 24/09/21 22:34:16 INFO FileOutputCommitter: Saved output of task 'attempt_202409212234145684597754422951623_0000_m_000003_3' to s3a://raw/olhovivo/corredor/dt=2024-09-21/_temporary/0/task_202409212234145684597754422951623_0000_m_000003
[2024-09-21T22:34:16.138+0000] {ssh.py:524} INFO - 24/09/21 22:34:16 INFO FileOutputCommitter: Saved output of task 'attempt_202409212234142077082200438600312_0000_m_000011_11' to s3a://raw/olhovivo/corredor/dt=2024-09-21/_temporary/0/task_202409212234142077082200438600312_0000_m_000011
[2024-09-21T22:34:16.140+0000] {ssh.py:524} INFO - 24/09/21 22:34:16 INFO FileOutputCommitter: Saved output of task 'attempt_202409212234144328796186744132201_0000_m_000000_0' to s3a://raw/olhovivo/corredor/dt=2024-09-21/_temporary/0/task_202409212234144328796186744132201_0000_m_000000
[2024-09-21T22:34:16.140+0000] {ssh.py:524} INFO - 24/09/21 22:34:16 INFO SparkHadoopMapRedUtil: attempt_202409212234145684597754422951623_0000_m_000003_3: Committed. Elapsed time: 314 ms.
[2024-09-21T22:34:16.141+0000] {ssh.py:524} INFO - 24/09/21 22:34:16 INFO SparkHadoopMapRedUtil: attempt_202409212234144328796186744132201_0000_m_000000_0: Committed. Elapsed time: 312 ms.
[2024-09-21T22:34:16.142+0000] {ssh.py:524} INFO - 24/09/21 22:34:16 INFO SparkHadoopMapRedUtil: attempt_202409212234142077082200438600312_0000_m_000011_11: Committed. Elapsed time: 288 ms.
[2024-09-21T22:34:16.142+0000] {ssh.py:524} INFO - 24/09/21 22:34:16 INFO Executor: Finished task 10.0 in stage 0.0 (TID 10). 2914 bytes result sent to driver
[2024-09-21T22:34:16.143+0000] {ssh.py:524} INFO - 24/09/21 22:34:16 INFO Executor: Finished task 3.0 in stage 0.0 (TID 3). 2914 bytes result sent to driver
[2024-09-21T22:34:16.143+0000] {ssh.py:524} INFO - 24/09/21 22:34:16 INFO TaskSetManager: Finished task 3.0 in stage 0.0 (TID 3) in 1787 ms on spark-master (executor driver) (5/12)
[2024-09-21T22:34:16.144+0000] {ssh.py:524} INFO - 24/09/21 22:34:16 INFO TaskSetManager: Finished task 10.0 in stage 0.0 (TID 10) in 1768 ms on spark-master (executor driver) (6/12)
[2024-09-21T22:34:16.145+0000] {ssh.py:524} INFO - 24/09/21 22:34:16 INFO Executor: Finished task 11.0 in stage 0.0 (TID 11). 2914 bytes result sent to driver
[2024-09-21T22:34:16.147+0000] {ssh.py:524} INFO - 24/09/21 22:34:16 INFO TaskSetManager: Finished task 11.0 in stage 0.0 (TID 11) in 1765 ms on spark-master (executor driver) (7/12)
[2024-09-21T22:34:16.147+0000] {ssh.py:524} INFO - 24/09/21 22:34:16 INFO Executor: Finished task 0.0 in stage 0.0 (TID 0). 2828 bytes result sent to driver
[2024-09-21T22:34:16.148+0000] {ssh.py:524} INFO - 24/09/21 22:34:16 INFO TaskSetManager: Finished task 0.0 in stage 0.0 (TID 0) in 1824 ms on spark-master (executor driver) (8/12)
[2024-09-21T22:34:16.161+0000] {ssh.py:524} INFO - 24/09/21 22:34:16 INFO FileOutputCommitter: Saved output of task 'attempt_202409212234149033323001849637603_0000_m_000008_8' to s3a://raw/olhovivo/corredor/dt=2024-09-21/_temporary/0/task_202409212234149033323001849637603_0000_m_000008
[2024-09-21T22:34:16.165+0000] {ssh.py:524} INFO - 24/09/21 22:34:16 INFO SparkHadoopMapRedUtil: attempt_202409212234149033323001849637603_0000_m_000008_8: Committed. Elapsed time: 337 ms.
[2024-09-21T22:34:16.167+0000] {ssh.py:524} INFO - 24/09/21 22:34:16 INFO Executor: Finished task 5.0 in stage 0.0 (TID 5). 2914 bytes result sent to driver
[2024-09-21T22:34:16.169+0000] {ssh.py:524} INFO - 24/09/21 22:34:16 INFO TaskSetManager: Finished task 5.0 in stage 0.0 (TID 5) in 1806 ms on spark-master (executor driver) (9/12)
[2024-09-21T22:34:16.170+0000] {ssh.py:524} INFO - 24/09/21 22:34:16 INFO FileOutputCommitter: Saved output of task 'attempt_202409212234147717643604671762982_0000_m_000006_6' to s3a://raw/olhovivo/corredor/dt=2024-09-21/_temporary/0/task_202409212234147717643604671762982_0000_m_000006
[2024-09-21T22:34:16.173+0000] {ssh.py:524} INFO - 24/09/21 22:34:16 INFO SparkHadoopMapRedUtil: attempt_202409212234147717643604671762982_0000_m_000006_6: Committed. Elapsed time: 321 ms.
[2024-09-21T22:34:16.173+0000] {ssh.py:524} INFO - 24/09/21 22:34:16 INFO Executor: Finished task 8.0 in stage 0.0 (TID 8). 2914 bytes result sent to driver
[2024-09-21T22:34:16.174+0000] {ssh.py:524} INFO - 24/09/21 22:34:16 INFO TaskSetManager: Finished task 8.0 in stage 0.0 (TID 8) in 1807 ms on spark-master (executor driver) (10/12)
[2024-09-21T22:34:16.174+0000] {ssh.py:524} INFO - 24/09/21 22:34:16 INFO Executor: Finished task 6.0 in stage 0.0 (TID 6). 2914 bytes result sent to driver
[2024-09-21T22:34:16.175+0000] {ssh.py:524} INFO - 24/09/21 22:34:16 INFO TaskSetManager: Finished task 6.0 in stage 0.0 (TID 6) in 1815 ms on spark-master (executor driver) (11/12)
[2024-09-21T22:34:16.199+0000] {ssh.py:524} INFO - 24/09/21 22:34:16 INFO FileOutputCommitter: Saved output of task 'attempt_202409212234142364383088280294900_0000_m_000001_1' to s3a://raw/olhovivo/corredor/dt=2024-09-21/_temporary/0/task_202409212234142364383088280294900_0000_m_000001
[2024-09-21T22:34:16.199+0000] {ssh.py:524} INFO - 24/09/21 22:34:16 INFO SparkHadoopMapRedUtil: attempt_202409212234142364383088280294900_0000_m_000001_1: Committed. Elapsed time: 350 ms.
[2024-09-21T22:34:16.202+0000] {ssh.py:524} INFO - 24/09/21 22:34:16 INFO Executor: Finished task 1.0 in stage 0.0 (TID 1). 2914 bytes result sent to driver
[2024-09-21T22:34:16.205+0000] {ssh.py:524} INFO - 24/09/21 22:34:16 INFO TaskSetManager: Finished task 1.0 in stage 0.0 (TID 1) in 1850 ms on spark-master (executor driver) (12/12)
[2024-09-21T22:34:16.206+0000] {ssh.py:524} INFO - 24/09/21 22:34:16 INFO TaskSchedulerImpl: Removed TaskSet 0.0, whose tasks have all completed, from pool 
[2024-09-21T22:34:16.208+0000] {ssh.py:524} INFO - 24/09/21 22:34:16 INFO DAGScheduler: ResultStage 0 (save at NativeMethodAccessorImpl.java:0) finished in 2.086 s
[2024-09-21T22:34:16.211+0000] {ssh.py:524} INFO - 24/09/21 22:34:16 INFO DAGScheduler: Job 0 is finished. Cancelling potential speculative or zombie tasks for this job
[2024-09-21T22:34:16.212+0000] {ssh.py:524} INFO - 24/09/21 22:34:16 INFO TaskSchedulerImpl: Killing all running tasks in stage 0: Stage finished
[2024-09-21T22:34:16.214+0000] {ssh.py:524} INFO - 24/09/21 22:34:16 INFO DAGScheduler: Job 0 finished: save at NativeMethodAccessorImpl.java:0, took 2.129433 s
[2024-09-21T22:34:16.216+0000] {ssh.py:524} INFO - 24/09/21 22:34:16 INFO FileFormatWriter: Start to commit write Job 923d89d0-7dbc-4438-80b3-6f137c96410e.
[2024-09-21T22:34:17.246+0000] {ssh.py:524} INFO - 24/09/21 22:34:17 INFO FileFormatWriter: Write Job 923d89d0-7dbc-4438-80b3-6f137c96410e committed. Elapsed time: 1028 ms.
[2024-09-21T22:34:17.251+0000] {ssh.py:524} INFO - 24/09/21 22:34:17 INFO FileFormatWriter: Finished processing stats for write job 923d89d0-7dbc-4438-80b3-6f137c96410e.
[2024-09-21T22:34:17.268+0000] {ssh.py:524} INFO - [DEBUG] Done.
[2024-09-21T22:34:17.341+0000] {ssh.py:524} INFO - 24/09/21 22:34:17 INFO SparkContext: Invoking stop() from shutdown hook
[2024-09-21T22:34:17.354+0000] {ssh.py:524} INFO - 24/09/21 22:34:17 INFO SparkUI: Stopped Spark web UI at http://spark-master:4042
[2024-09-21T22:34:17.386+0000] {ssh.py:524} INFO - 24/09/21 22:34:17 INFO MapOutputTrackerMasterEndpoint: MapOutputTrackerMasterEndpoint stopped!
[2024-09-21T22:34:17.424+0000] {ssh.py:524} INFO - 24/09/21 22:34:17 INFO MemoryStore: MemoryStore cleared
[2024-09-21T22:34:17.425+0000] {ssh.py:524} INFO - 24/09/21 22:34:17 INFO BlockManager: BlockManager stopped
[2024-09-21T22:34:17.432+0000] {ssh.py:524} INFO - 24/09/21 22:34:17 INFO BlockManagerMaster: BlockManagerMaster stopped
[2024-09-21T22:34:17.434+0000] {ssh.py:524} INFO - 24/09/21 22:34:17 INFO OutputCommitCoordinator$OutputCommitCoordinatorEndpoint: OutputCommitCoordinator stopped!
[2024-09-21T22:34:17.457+0000] {ssh.py:524} INFO - 24/09/21 22:34:17 INFO SparkContext: Successfully stopped SparkContext
[2024-09-21T22:34:17.458+0000] {ssh.py:524} INFO - 24/09/21 22:34:17 INFO ShutdownHookManager: Shutdown hook called
[2024-09-21T22:34:17.458+0000] {ssh.py:524} INFO - 24/09/21 22:34:17 INFO ShutdownHookManager: Deleting directory /tmp/spark-9f1ec68b-3d55-42ac-8f9f-842fb0cff59a/pyspark-3712ea8c-91cb-43fd-b111-a37d8fc1d3eb
[2024-09-21T22:34:17.461+0000] {ssh.py:524} INFO - 24/09/21 22:34:17 INFO ShutdownHookManager: Deleting directory /tmp/spark-9e85a73e-bcd8-40f2-a8c8-3552c4e43b09
[2024-09-21T22:34:17.467+0000] {ssh.py:524} INFO - 24/09/21 22:34:17 INFO ShutdownHookManager: Deleting directory /tmp/spark-9f1ec68b-3d55-42ac-8f9f-842fb0cff59a
[2024-09-21T22:34:17.481+0000] {ssh.py:524} INFO - 24/09/21 22:34:17 INFO MetricsSystemImpl: Stopping s3a-file-system metrics system...
[2024-09-21T22:34:17.481+0000] {ssh.py:524} INFO - 24/09/21 22:34:17 INFO MetricsSystemImpl: s3a-file-system metrics system stopped.
[2024-09-21T22:34:17.482+0000] {ssh.py:524} INFO - 24/09/21 22:34:17 INFO MetricsSystemImpl: s3a-file-system metrics system shutdown complete.
[2024-09-21T22:34:17.696+0000] {taskinstance.py:1400} INFO - Marking task as SUCCESS. dag_id=raw_ingestion, task_id=spark_raw_ingestion_corredor, execution_date=20240921T223403, start_date=20240921T223404, end_date=20240921T223417
[2024-09-21T22:34:17.760+0000] {local_task_job_runner.py:228} INFO - Task exited with return code 0
[2024-09-21T22:34:17.827+0000] {taskinstance.py:2778} INFO - 0 downstream tasks scheduled from follow-on schedule check
