[2024-09-17T23:23:41.323+0000] {taskinstance.py:1159} INFO - Dependencies all met for dep_context=non-requeueable deps ti=<TaskInstance: raw_ingestion.raw_ingestion scheduled__2024-09-17T06:30:00+00:00 [queued]>
[2024-09-17T23:23:41.339+0000] {taskinstance.py:1159} INFO - Dependencies all met for dep_context=requeueable deps ti=<TaskInstance: raw_ingestion.raw_ingestion scheduled__2024-09-17T06:30:00+00:00 [queued]>
[2024-09-17T23:23:41.340+0000] {taskinstance.py:1361} INFO - Starting attempt 1 of 2
[2024-09-17T23:23:41.377+0000] {taskinstance.py:1382} INFO - Executing <Task(SSHOperator): raw_ingestion> on 2024-09-17 06:30:00+00:00
[2024-09-17T23:23:41.384+0000] {standard_task_runner.py:57} INFO - Started process 1238 to run task
[2024-09-17T23:23:41.394+0000] {standard_task_runner.py:84} INFO - Running: ['airflow', 'tasks', 'run', 'raw_ingestion', 'raw_ingestion', 'scheduled__2024-09-17T06:30:00+00:00', '--job-id', '83', '--raw', '--subdir', 'DAGS_FOLDER/raw_ingestion.py', '--cfg-path', '/tmp/tmp3zrva7gl']
[2024-09-17T23:23:41.396+0000] {standard_task_runner.py:85} INFO - Job 83: Subtask raw_ingestion
[2024-09-17T23:23:41.632+0000] {task_command.py:416} INFO - Running <TaskInstance: raw_ingestion.raw_ingestion scheduled__2024-09-17T06:30:00+00:00 [running]> on host airflow-worker
[2024-09-17T23:23:41.967+0000] {taskinstance.py:1662} INFO - Exporting env vars: AIRFLOW_CTX_DAG_OWNER='***' AIRFLOW_CTX_DAG_ID='raw_ingestion' AIRFLOW_CTX_TASK_ID='raw_ingestion' AIRFLOW_CTX_EXECUTION_DATE='2024-09-17T06:30:00+00:00' AIRFLOW_CTX_TRY_NUMBER='1' AIRFLOW_CTX_DAG_RUN_ID='scheduled__2024-09-17T06:30:00+00:00'
[2024-09-17T23:23:41.968+0000] {ssh.py:141} INFO - Creating ssh_client
[2024-09-17T23:23:41.969+0000] {ssh.py:114} INFO - ssh_hook is not provided or invalid. Trying ssh_conn_id to create SSHHook.
[2024-09-17T23:23:42.019+0000] {base.py:73} INFO - Using connection ID 'spark_ssh_default' for task execution.
[2024-09-17T23:23:42.020+0000] {ssh.py:300} WARNING - No Host Key Verification. This won't protect against Man-In-The-Middle attacks
[2024-09-17T23:23:46.786+0000] {transport.py:1893} INFO - Connected (version 2.0, client OpenSSH_8.9p1)
[2024-09-17T23:23:46.933+0000] {transport.py:1893} INFO - Authentication (password) successful!
[2024-09-17T23:23:46.934+0000] {ssh.py:478} INFO - Running command: export SPARK_HOME=/usr/local/spark; /opt/conda/bin/spark-submit --master local[*] --executor-memory 2g /opt/shared/scripts/raw_ingestion.py
[2024-09-17T23:23:53.295+0000] {ssh.py:524} INFO - 24/09/17 23:23:53 INFO SparkContext: Running Spark version 3.3.1
[2024-09-17T23:23:53.324+0000] {ssh.py:524} INFO - 24/09/17 23:23:53 WARN NativeCodeLoader: Unable to load native-hadoop library for your platform... using builtin-java classes where applicable
[2024-09-17T23:23:53.452+0000] {ssh.py:524} INFO - 24/09/17 23:23:53 INFO ResourceUtils: ==============================================================
[2024-09-17T23:23:53.453+0000] {ssh.py:524} INFO - 24/09/17 23:23:53 INFO ResourceUtils: No custom resources configured for spark.driver.
[2024-09-17T23:23:53.454+0000] {ssh.py:524} INFO - 24/09/17 23:23:53 INFO ResourceUtils: ==============================================================
[2024-09-17T23:23:53.455+0000] {ssh.py:524} INFO - 24/09/17 23:23:53 INFO SparkContext: Submitted application: load
[2024-09-17T23:23:53.489+0000] {ssh.py:524} INFO - 24/09/17 23:23:53 INFO ResourceProfile: Default ResourceProfile created, executor resources: Map(cores -> name: cores, amount: 1, script: , vendor: , memory -> name: memory, amount: 1024, script: , vendor: , offHeap -> name: offHeap, amount: 0, script: , vendor: ), task resources: Map(cpus -> name: cpus, amount: 1.0)
[2024-09-17T23:23:53.506+0000] {ssh.py:524} INFO - 24/09/17 23:23:53 INFO ResourceProfile: Limiting resource is cpu
[2024-09-17T23:23:53.508+0000] {ssh.py:524} INFO - 24/09/17 23:23:53 INFO ResourceProfileManager: Added ResourceProfile id: 0
[2024-09-17T23:23:53.568+0000] {ssh.py:524} INFO - 24/09/17 23:23:53 INFO SecurityManager: Changing view acls to: root
[2024-09-17T23:23:53.569+0000] {ssh.py:524} INFO - 24/09/17 23:23:53 INFO SecurityManager: Changing modify acls to: root
[2024-09-17T23:23:53.571+0000] {ssh.py:524} INFO - 24/09/17 23:23:53 INFO SecurityManager: Changing view acls groups to: 
[2024-09-17T23:23:53.572+0000] {ssh.py:524} INFO - 24/09/17 23:23:53 INFO SecurityManager: Changing modify acls groups to: 
[2024-09-17T23:23:53.573+0000] {ssh.py:524} INFO - 24/09/17 23:23:53 INFO SecurityManager: SecurityManager: authentication disabled; ui acls disabled; users  with view permissions: Set(root); groups with view permissions: Set(); users  with modify permissions: Set(root); groups with modify permissions: Set()
[2024-09-17T23:23:53.875+0000] {ssh.py:524} INFO - 24/09/17 23:23:53 INFO Utils: Successfully started service 'sparkDriver' on port 44891.
[2024-09-17T23:23:53.933+0000] {ssh.py:524} INFO - 24/09/17 23:23:53 INFO SparkEnv: Registering MapOutputTracker
[2024-09-17T23:23:53.991+0000] {ssh.py:524} INFO - 24/09/17 23:23:53 INFO SparkEnv: Registering BlockManagerMaster
[2024-09-17T23:23:54.014+0000] {ssh.py:524} INFO - 24/09/17 23:23:54 INFO BlockManagerMasterEndpoint: Using org.apache.spark.storage.DefaultTopologyMapper for getting topology information
[2024-09-17T23:23:54.015+0000] {ssh.py:524} INFO - 24/09/17 23:23:54 INFO BlockManagerMasterEndpoint: BlockManagerMasterEndpoint up
[2024-09-17T23:23:54.023+0000] {ssh.py:524} INFO - 24/09/17 23:23:54 INFO SparkEnv: Registering BlockManagerMasterHeartbeat
[2024-09-17T23:23:54.072+0000] {ssh.py:524} INFO - 24/09/17 23:23:54 INFO DiskBlockManager: Created local directory at /tmp/blockmgr-3cde635c-8651-436c-9610-aa1b128810c3
[2024-09-17T23:23:54.095+0000] {ssh.py:524} INFO - 24/09/17 23:23:54 INFO MemoryStore: MemoryStore started with capacity 434.4 MiB
[2024-09-17T23:23:54.117+0000] {ssh.py:524} INFO - 24/09/17 23:23:54 INFO SparkEnv: Registering OutputCommitCoordinator
[2024-09-17T23:23:54.407+0000] {ssh.py:524} INFO - 24/09/17 23:23:54 WARN Utils: Service 'SparkUI' could not bind on port 4040. Attempting port 4041.
[2024-09-17T23:23:54.408+0000] {ssh.py:524} INFO - 24/09/17 23:23:54 WARN Utils: Service 'SparkUI' could not bind on port 4041. Attempting port 4042.
[2024-09-17T23:23:54.409+0000] {ssh.py:524} INFO - 24/09/17 23:23:54 WARN Utils: Service 'SparkUI' could not bind on port 4042. Attempting port 4043.
[2024-09-17T23:23:54.410+0000] {ssh.py:524} INFO - 24/09/17 23:23:54 WARN Utils: Service 'SparkUI' could not bind on port 4043. Attempting port 4044.
[2024-09-17T23:23:54.412+0000] {ssh.py:524} INFO - 24/09/17 23:23:54 WARN Utils: Service 'SparkUI' could not bind on port 4044. Attempting port 4045.
[2024-09-17T23:23:54.426+0000] {ssh.py:524} INFO - 24/09/17 23:23:54 INFO Utils: Successfully started service 'SparkUI' on port 4045.
[2024-09-17T23:23:54.625+0000] {ssh.py:524} INFO - 24/09/17 23:23:54 INFO Executor: Starting executor ID driver on host spark-master
[2024-09-17T23:23:54.637+0000] {ssh.py:524} INFO - 24/09/17 23:23:54 INFO Executor: Starting executor with user classpath (userClassPathFirst = false): ''
[2024-09-17T23:23:54.664+0000] {ssh.py:524} INFO - 24/09/17 23:23:54 INFO Utils: Successfully started service 'org.apache.spark.network.netty.NettyBlockTransferService' on port 33437.
[2024-09-17T23:23:54.666+0000] {ssh.py:524} INFO - 24/09/17 23:23:54 INFO NettyBlockTransferService: Server created on spark-master:33437
[2024-09-17T23:23:54.668+0000] {ssh.py:524} INFO - 24/09/17 23:23:54 INFO BlockManager: Using org.apache.spark.storage.RandomBlockReplicationPolicy for block replication policy
[2024-09-17T23:23:54.675+0000] {ssh.py:524} INFO - 24/09/17 23:23:54 INFO BlockManagerMaster: Registering BlockManager BlockManagerId(driver, spark-master, 33437, None)
[2024-09-17T23:23:54.679+0000] {ssh.py:524} INFO - 24/09/17 23:23:54 INFO BlockManagerMasterEndpoint: Registering block manager spark-master:33437 with 434.4 MiB RAM, BlockManagerId(driver, spark-master, 33437, None)
[2024-09-17T23:23:54.681+0000] {ssh.py:524} INFO - 24/09/17 23:23:54 INFO BlockManagerMaster: Registered BlockManager BlockManagerId(driver, spark-master, 33437, None)
[2024-09-17T23:23:54.683+0000] {ssh.py:524} INFO - 24/09/17 23:23:54 INFO BlockManager: Initialized BlockManager: BlockManagerId(driver, spark-master, 33437, None)
[2024-09-17T23:23:56.404+0000] {ssh.py:524} INFO - 24/09/17 23:23:56 INFO SharedState: Setting hive.metastore.warehouse.dir ('null') to the value of spark.sql.warehouse.dir.
[2024-09-17T23:23:56.423+0000] {ssh.py:524} INFO - 24/09/17 23:23:56 INFO SharedState: Warehouse path is 'file:/root/spark-warehouse'.
[2024-09-17T23:24:03.674+0000] {ssh.py:524} INFO - 24/09/17 23:24:03 WARN MetricsConfig: Cannot locate configuration: tried hadoop-metrics2-s3a-file-system.properties,hadoop-metrics2.properties
[2024-09-17T23:24:03.777+0000] {ssh.py:524} INFO - 24/09/17 23:24:03 INFO MetricsSystemImpl: Scheduled Metric snapshot period at 10 second(s).
[2024-09-17T23:24:03.779+0000] {ssh.py:524} INFO - 24/09/17 23:24:03 INFO MetricsSystemImpl: s3a-file-system metrics system started
[2024-09-17T23:24:13.848+0000] {taskinstance.py:1937} ERROR - Task failed with exception
Traceback (most recent call last):
  File "/home/airflow/.local/lib/python3.8/site-packages/airflow/providers/ssh/operators/ssh.py", line 178, in execute
    result = self.run_ssh_client_command(ssh_client, self.command, context=context)
  File "/home/airflow/.local/lib/python3.8/site-packages/airflow/providers/ssh/operators/ssh.py", line 163, in run_ssh_client_command
    exit_status, agg_stdout, agg_stderr = self.hook.exec_ssh_client_command(
  File "/home/airflow/.local/lib/python3.8/site-packages/airflow/providers/ssh/hooks/ssh.py", line 549, in exec_ssh_client_command
    raise AirflowException("SSH command timed out")
airflow.exceptions.AirflowException: SSH command timed out
[2024-09-17T23:24:13.855+0000] {taskinstance.py:1400} INFO - Marking task as UP_FOR_RETRY. dag_id=raw_ingestion, task_id=raw_ingestion, execution_date=20240917T063000, start_date=20240917T232341, end_date=20240917T232413
[2024-09-17T23:24:13.896+0000] {standard_task_runner.py:104} ERROR - Failed to execute job 83 for task raw_ingestion (SSH command timed out; 1238)
[2024-09-17T23:24:13.917+0000] {local_task_job_runner.py:228} INFO - Task exited with return code 1
[2024-09-17T23:24:13.990+0000] {taskinstance.py:2778} INFO - 0 downstream tasks scheduled from follow-on schedule check
