[2024-09-20T12:48:35.410+0000] {taskinstance.py:1159} INFO - Dependencies all met for dep_context=non-requeueable deps ti=<TaskInstance: raw_ingestion.spark_stage_processing scheduled__2024-09-20T06:30:00+00:00 [queued]>
[2024-09-20T12:48:35.428+0000] {taskinstance.py:1159} INFO - Dependencies all met for dep_context=requeueable deps ti=<TaskInstance: raw_ingestion.spark_stage_processing scheduled__2024-09-20T06:30:00+00:00 [queued]>
[2024-09-20T12:48:35.430+0000] {taskinstance.py:1361} INFO - Starting attempt 1 of 0
[2024-09-20T12:48:35.464+0000] {taskinstance.py:1382} INFO - Executing <Task(SSHOperator): spark_stage_processing> on 2024-09-20 06:30:00+00:00
[2024-09-20T12:48:35.470+0000] {standard_task_runner.py:57} INFO - Started process 74 to run task
[2024-09-20T12:48:35.472+0000] {standard_task_runner.py:84} INFO - Running: ['airflow', 'tasks', 'run', 'raw_ingestion', 'spark_stage_processing', 'scheduled__2024-09-20T06:30:00+00:00', '--job-id', '234', '--raw', '--subdir', 'DAGS_FOLDER/raw_ingestion.py', '--cfg-path', '/tmp/tmpwsq0tzs0']
[2024-09-20T12:48:35.475+0000] {standard_task_runner.py:85} INFO - Job 234: Subtask spark_stage_processing
[2024-09-20T12:48:35.811+0000] {task_command.py:416} INFO - Running <TaskInstance: raw_ingestion.spark_stage_processing scheduled__2024-09-20T06:30:00+00:00 [running]> on host airflow-worker
[2024-09-20T12:48:36.456+0000] {taskinstance.py:1662} INFO - Exporting env vars: AIRFLOW_CTX_DAG_OWNER='***' AIRFLOW_CTX_DAG_ID='raw_ingestion' AIRFLOW_CTX_TASK_ID='spark_stage_processing' AIRFLOW_CTX_EXECUTION_DATE='2024-09-20T06:30:00+00:00' AIRFLOW_CTX_TRY_NUMBER='1' AIRFLOW_CTX_DAG_RUN_ID='scheduled__2024-09-20T06:30:00+00:00'
[2024-09-20T12:48:36.458+0000] {ssh.py:141} INFO - Creating ssh_client
[2024-09-20T12:48:36.459+0000] {ssh.py:114} INFO - ssh_hook is not provided or invalid. Trying ssh_conn_id to create SSHHook.
[2024-09-20T12:48:36.585+0000] {base.py:73} INFO - Using connection ID 'spark_ssh_default' for task execution.
[2024-09-20T12:48:36.590+0000] {ssh.py:300} WARNING - No Host Key Verification. This won't protect against Man-In-The-Middle attacks
[2024-09-20T12:48:36.604+0000] {transport.py:1893} INFO - Connected (version 2.0, client OpenSSH_8.9p1)
[2024-09-20T12:48:36.741+0000] {transport.py:1893} INFO - Authentication (password) successful!
[2024-09-20T12:48:36.742+0000] {ssh.py:478} INFO - Running command: export SPARK_HOME=/usr/local/spark; /opt/conda/bin/spark-submit --master local[*] --executor-memory 2g /opt/shared/scripts/raw_ingestion.py 2024-09-20
[2024-09-20T12:48:46.378+0000] {ssh.py:524} INFO - [DEBUG] dt_now: 2024-09-20
[2024-09-20T12:48:47.812+0000] {ssh.py:524} INFO - 24/09/20 12:48:47 INFO SparkContext: Running Spark version 3.3.1
[2024-09-20T12:48:48.340+0000] {ssh.py:524} INFO - 24/09/20 12:48:48 WARN NativeCodeLoader: Unable to load native-hadoop library for your platform... using builtin-java classes where applicable
[2024-09-20T12:48:49.084+0000] {ssh.py:524} INFO - 24/09/20 12:48:49 INFO ResourceUtils: ==============================================================
[2024-09-20T12:48:49.093+0000] {ssh.py:524} INFO - 24/09/20 12:48:49 INFO ResourceUtils: No custom resources configured for spark.driver.
[2024-09-20T12:48:49.098+0000] {ssh.py:524} INFO - 24/09/20 12:48:49 INFO ResourceUtils: ==============================================================
[2024-09-20T12:48:49.102+0000] {ssh.py:524} INFO - 24/09/20 12:48:49 INFO SparkContext: Submitted application: raw_ingestion
[2024-09-20T12:48:49.360+0000] {ssh.py:524} INFO - 24/09/20 12:48:49 INFO ResourceProfile: Default ResourceProfile created, executor resources: Map(cores -> name: cores, amount: 1, script: , vendor: , memory -> name: memory, amount: 1024, script: , vendor: , offHeap -> name: offHeap, amount: 0, script: , vendor: ), task resources: Map(cpus -> name: cpus, amount: 1.0)
[2024-09-20T12:48:49.433+0000] {ssh.py:524} INFO - 24/09/20 12:48:49 INFO ResourceProfile: Limiting resource is cpu
[2024-09-20T12:48:49.447+0000] {ssh.py:524} INFO - 24/09/20 12:48:49 INFO ResourceProfileManager: Added ResourceProfile id: 0
[2024-09-20T12:48:50.005+0000] {ssh.py:524} INFO - 24/09/20 12:48:50 INFO SecurityManager: Changing view acls to: root
[2024-09-20T12:48:50.011+0000] {ssh.py:524} INFO - 24/09/20 12:48:50 INFO SecurityManager: Changing modify acls to: root
[2024-09-20T12:48:50.045+0000] {ssh.py:524} INFO - 24/09/20 12:48:50 INFO SecurityManager: Changing view acls groups to: 
[2024-09-20T12:48:50.052+0000] {ssh.py:524} INFO - 24/09/20 12:48:50 INFO SecurityManager: Changing modify acls groups to: 
[2024-09-20T12:48:50.057+0000] {ssh.py:524} INFO - 24/09/20 12:48:50 INFO SecurityManager: SecurityManager: authentication disabled; ui acls disabled; users  with view permissions: Set(root); groups with view permissions: Set(); users  with modify permissions: Set(root); groups with modify permissions: Set()
[2024-09-20T12:48:52.553+0000] {ssh.py:524} INFO - 24/09/20 12:48:52 INFO Utils: Successfully started service 'sparkDriver' on port 43435.
[2024-09-20T12:48:53.011+0000] {ssh.py:524} INFO - 24/09/20 12:48:53 INFO SparkEnv: Registering MapOutputTracker
[2024-09-20T12:48:53.283+0000] {ssh.py:524} INFO - 24/09/20 12:48:53 INFO SparkEnv: Registering BlockManagerMaster
[2024-09-20T12:48:53.457+0000] {ssh.py:524} INFO - 24/09/20 12:48:53 INFO BlockManagerMasterEndpoint: Using org.apache.spark.storage.DefaultTopologyMapper for getting topology information
[2024-09-20T12:48:53.459+0000] {ssh.py:524} INFO - 24/09/20 12:48:53 INFO BlockManagerMasterEndpoint: BlockManagerMasterEndpoint up
[2024-09-20T12:48:53.486+0000] {ssh.py:524} INFO - 24/09/20 12:48:53 INFO SparkEnv: Registering BlockManagerMasterHeartbeat
[2024-09-20T12:48:53.612+0000] {ssh.py:524} INFO - 24/09/20 12:48:53 INFO DiskBlockManager: Created local directory at /tmp/blockmgr-b95c7bb0-27d1-4b4a-ba81-904e9e90ebd0
[2024-09-20T12:48:53.786+0000] {ssh.py:524} INFO - 24/09/20 12:48:53 INFO MemoryStore: MemoryStore started with capacity 434.4 MiB
[2024-09-20T12:48:53.888+0000] {ssh.py:524} INFO - 24/09/20 12:48:53 INFO SparkEnv: Registering OutputCommitCoordinator
[2024-09-20T12:48:55.194+0000] {ssh.py:524} INFO - 24/09/20 12:48:55 WARN Utils: Service 'SparkUI' could not bind on port 4040. Attempting port 4041.
[2024-09-20T12:48:55.197+0000] {ssh.py:524} INFO - 24/09/20 12:48:55 WARN Utils: Service 'SparkUI' could not bind on port 4041. Attempting port 4042.
[2024-09-20T12:48:55.200+0000] {ssh.py:524} INFO - 24/09/20 12:48:55 WARN Utils: Service 'SparkUI' could not bind on port 4042. Attempting port 4043.
[2024-09-20T12:48:55.205+0000] {ssh.py:524} INFO - 24/09/20 12:48:55 WARN Utils: Service 'SparkUI' could not bind on port 4043. Attempting port 4044.
[2024-09-20T12:48:55.206+0000] {ssh.py:524} INFO - 24/09/20 12:48:55 WARN Utils: Service 'SparkUI' could not bind on port 4044. Attempting port 4045.
[2024-09-20T12:48:55.206+0000] {ssh.py:524} INFO - 24/09/20 12:48:55 WARN Utils: Service 'SparkUI' could not bind on port 4045. Attempting port 4046.
[2024-09-20T12:48:55.207+0000] {ssh.py:524} INFO - 24/09/20 12:48:55 WARN Utils: Service 'SparkUI' could not bind on port 4046. Attempting port 4047.
[2024-09-20T12:48:55.207+0000] {ssh.py:524} INFO - 24/09/20 12:48:55 WARN Utils: Service 'SparkUI' could not bind on port 4047. Attempting port 4048.
[2024-09-20T12:48:55.208+0000] {ssh.py:524} INFO - 24/09/20 12:48:55 WARN Utils: Service 'SparkUI' could not bind on port 4048. Attempting port 4049.
[2024-09-20T12:48:55.214+0000] {ssh.py:524} INFO - 24/09/20 12:48:55 WARN Utils: Service 'SparkUI' could not bind on port 4049. Attempting port 4050.
[2024-09-20T12:48:55.271+0000] {ssh.py:524} INFO - 24/09/20 12:48:55 INFO Utils: Successfully started service 'SparkUI' on port 4050.
[2024-09-20T12:48:57.901+0000] {ssh.py:524} INFO - 24/09/20 12:48:57 INFO Executor: Starting executor ID driver on host spark-master
[2024-09-20T12:48:57.943+0000] {ssh.py:524} INFO - 24/09/20 12:48:57 INFO Executor: Starting executor with user classpath (userClassPathFirst = false): ''
[2024-09-20T12:48:58.142+0000] {ssh.py:524} INFO - 24/09/20 12:48:58 INFO Utils: Successfully started service 'org.apache.spark.network.netty.NettyBlockTransferService' on port 43413.
[2024-09-20T12:48:58.144+0000] {ssh.py:524} INFO - 24/09/20 12:48:58 INFO NettyBlockTransferService: Server created on spark-master:43413
[2024-09-20T12:48:58.148+0000] {ssh.py:524} INFO - 24/09/20 12:48:58 INFO BlockManager: Using org.apache.spark.storage.RandomBlockReplicationPolicy for block replication policy
[2024-09-20T12:48:58.177+0000] {ssh.py:524} INFO - 24/09/20 12:48:58 INFO BlockManagerMaster: Registering BlockManager BlockManagerId(driver, spark-master, 43413, None)
[2024-09-20T12:48:58.187+0000] {ssh.py:524} INFO - 24/09/20 12:48:58 INFO BlockManagerMasterEndpoint: Registering block manager spark-master:43413 with 434.4 MiB RAM, BlockManagerId(driver, spark-master, 43413, None)
[2024-09-20T12:48:58.192+0000] {ssh.py:524} INFO - 24/09/20 12:48:58 INFO BlockManagerMaster: Registered BlockManager BlockManagerId(driver, spark-master, 43413, None)
[2024-09-20T12:48:58.193+0000] {ssh.py:524} INFO - 24/09/20 12:48:58 INFO BlockManager: Initialized BlockManager: BlockManagerId(driver, spark-master, 43413, None)
[2024-09-20T12:49:08.268+0000] {taskinstance.py:1937} ERROR - Task failed with exception
Traceback (most recent call last):
  File "/home/airflow/.local/lib/python3.8/site-packages/airflow/providers/ssh/operators/ssh.py", line 178, in execute
    result = self.run_ssh_client_command(ssh_client, self.command, context=context)
  File "/home/airflow/.local/lib/python3.8/site-packages/airflow/providers/ssh/operators/ssh.py", line 163, in run_ssh_client_command
    exit_status, agg_stdout, agg_stderr = self.hook.exec_ssh_client_command(
  File "/home/airflow/.local/lib/python3.8/site-packages/airflow/providers/ssh/hooks/ssh.py", line 549, in exec_ssh_client_command
    raise AirflowException("SSH command timed out")
airflow.exceptions.AirflowException: SSH command timed out
[2024-09-20T12:49:08.274+0000] {taskinstance.py:1400} INFO - Marking task as FAILED. dag_id=raw_ingestion, task_id=spark_stage_processing, execution_date=20240920T063000, start_date=20240920T124835, end_date=20240920T124908
[2024-09-20T12:49:08.318+0000] {standard_task_runner.py:104} ERROR - Failed to execute job 234 for task spark_stage_processing (SSH command timed out; 74)
[2024-09-20T12:49:08.351+0000] {local_task_job_runner.py:228} INFO - Task exited with return code 1
[2024-09-20T12:49:08.459+0000] {taskinstance.py:2778} INFO - 0 downstream tasks scheduled from follow-on schedule check
