[2024-09-21T20:19:44.749+0000] {taskinstance.py:1159} INFO - Dependencies all met for dep_context=non-requeueable deps ti=<TaskInstance: raw_ingestion.spark_raw_ingestion_corredor scheduled__2024-09-20T20:00:00+00:00 [queued]>
[2024-09-21T20:19:44.782+0000] {taskinstance.py:1159} INFO - Dependencies all met for dep_context=requeueable deps ti=<TaskInstance: raw_ingestion.spark_raw_ingestion_corredor scheduled__2024-09-20T20:00:00+00:00 [queued]>
[2024-09-21T20:19:44.783+0000] {taskinstance.py:1361} INFO - Starting attempt 1 of 0
[2024-09-21T20:19:44.822+0000] {taskinstance.py:1382} INFO - Executing <Task(SSHOperator): spark_raw_ingestion_corredor> on 2024-09-20 20:00:00+00:00
[2024-09-21T20:19:44.840+0000] {standard_task_runner.py:57} INFO - Started process 327 to run task
[2024-09-21T20:19:44.849+0000] {standard_task_runner.py:84} INFO - Running: ['airflow', 'tasks', 'run', 'raw_ingestion', 'spark_raw_ingestion_corredor', 'scheduled__2024-09-20T20:00:00+00:00', '--job-id', '318', '--raw', '--subdir', 'DAGS_FOLDER/raw_ingestion.py', '--cfg-path', '/tmp/tmph0xwnzsk']
[2024-09-21T20:19:44.855+0000] {standard_task_runner.py:85} INFO - Job 318: Subtask spark_raw_ingestion_corredor
[2024-09-21T20:19:45.832+0000] {task_command.py:416} INFO - Running <TaskInstance: raw_ingestion.spark_raw_ingestion_corredor scheduled__2024-09-20T20:00:00+00:00 [running]> on host airflow-worker
[2024-09-21T20:19:46.733+0000] {taskinstance.py:1662} INFO - Exporting env vars: AIRFLOW_CTX_DAG_OWNER='***' AIRFLOW_CTX_DAG_ID='raw_ingestion' AIRFLOW_CTX_TASK_ID='spark_raw_ingestion_corredor' AIRFLOW_CTX_EXECUTION_DATE='2024-09-20T20:00:00+00:00' AIRFLOW_CTX_TRY_NUMBER='1' AIRFLOW_CTX_DAG_RUN_ID='scheduled__2024-09-20T20:00:00+00:00'
[2024-09-21T20:19:46.740+0000] {ssh.py:141} INFO - Creating ssh_client
[2024-09-21T20:19:46.741+0000] {ssh.py:114} INFO - ssh_hook is not provided or invalid. Trying ssh_conn_id to create SSHHook.
[2024-09-21T20:19:46.961+0000] {base.py:73} INFO - Using connection ID 'spark_ssh_default' for task execution.
[2024-09-21T20:19:46.964+0000] {ssh.py:300} WARNING - No Host Key Verification. This won't protect against Man-In-The-Middle attacks
[2024-09-21T20:19:47.099+0000] {transport.py:1893} INFO - Connected (version 2.0, client OpenSSH_8.9p1)
[2024-09-21T20:19:47.420+0000] {transport.py:1893} INFO - Authentication (password) successful!
[2024-09-21T20:19:47.421+0000] {ssh.py:478} INFO - Running command: export SPARK_HOME=/usr/local/spark; /opt/conda/bin/spark-submit --master local[*] --executor-memory 2g /opt/shared/scripts/raw_ingestion.py 2024-09-20 corredor
[2024-09-21T20:19:58.005+0000] {taskinstance.py:1937} ERROR - Task failed with exception
Traceback (most recent call last):
  File "/home/airflow/.local/lib/python3.8/site-packages/airflow/providers/ssh/operators/ssh.py", line 178, in execute
    result = self.run_ssh_client_command(ssh_client, self.command, context=context)
  File "/home/airflow/.local/lib/python3.8/site-packages/airflow/providers/ssh/operators/ssh.py", line 163, in run_ssh_client_command
    exit_status, agg_stdout, agg_stderr = self.hook.exec_ssh_client_command(
  File "/home/airflow/.local/lib/python3.8/site-packages/airflow/providers/ssh/hooks/ssh.py", line 549, in exec_ssh_client_command
    raise AirflowException("SSH command timed out")
airflow.exceptions.AirflowException: SSH command timed out
[2024-09-21T20:19:58.009+0000] {taskinstance.py:1400} INFO - Marking task as FAILED. dag_id=raw_ingestion, task_id=spark_raw_ingestion_corredor, execution_date=20240920T200000, start_date=20240921T201944, end_date=20240921T201958
[2024-09-21T20:19:58.098+0000] {standard_task_runner.py:104} ERROR - Failed to execute job 318 for task spark_raw_ingestion_corredor (SSH command timed out; 327)
[2024-09-21T20:19:58.118+0000] {local_task_job_runner.py:228} INFO - Task exited with return code 1
[2024-09-21T20:19:58.526+0000] {taskinstance.py:2778} INFO - 0 downstream tasks scheduled from follow-on schedule check
