[2024-09-23T22:07:36.781+0000] {taskinstance.py:1159} INFO - Dependencies all met for dep_context=non-requeueable deps ti=<TaskInstance: raw_ingestion_15min.spark_raw_ingestion_posicao scheduled__2024-09-23T21:45:00+00:00 [queued]>
[2024-09-23T22:07:36.792+0000] {taskinstance.py:1159} INFO - Dependencies all met for dep_context=requeueable deps ti=<TaskInstance: raw_ingestion_15min.spark_raw_ingestion_posicao scheduled__2024-09-23T21:45:00+00:00 [queued]>
[2024-09-23T22:07:36.792+0000] {taskinstance.py:1361} INFO - Starting attempt 1 of 1
[2024-09-23T22:07:36.809+0000] {taskinstance.py:1382} INFO - Executing <Task(SSHOperator): spark_raw_ingestion_posicao> on 2024-09-23 21:45:00+00:00
[2024-09-23T22:07:36.816+0000] {standard_task_runner.py:57} INFO - Started process 66 to run task
[2024-09-23T22:07:36.819+0000] {standard_task_runner.py:84} INFO - Running: ['airflow', 'tasks', 'run', 'raw_ingestion_15min', 'spark_raw_ingestion_posicao', 'scheduled__2024-09-23T21:45:00+00:00', '--job-id', '500', '--raw', '--subdir', 'DAGS_FOLDER/raw_ingestion_15min.py', '--cfg-path', '/tmp/tmpxaa1vpo2']
[2024-09-23T22:07:36.820+0000] {standard_task_runner.py:85} INFO - Job 500: Subtask spark_raw_ingestion_posicao
[2024-09-23T22:07:36.992+0000] {task_command.py:416} INFO - Running <TaskInstance: raw_ingestion_15min.spark_raw_ingestion_posicao scheduled__2024-09-23T21:45:00+00:00 [running]> on host airflow-worker
[2024-09-23T22:07:37.296+0000] {taskinstance.py:1662} INFO - Exporting env vars: AIRFLOW_CTX_DAG_OWNER='***' AIRFLOW_CTX_DAG_ID='raw_ingestion_15min' AIRFLOW_CTX_TASK_ID='spark_raw_ingestion_posicao' AIRFLOW_CTX_EXECUTION_DATE='2024-09-23T21:45:00+00:00' AIRFLOW_CTX_TRY_NUMBER='1' AIRFLOW_CTX_DAG_RUN_ID='scheduled__2024-09-23T21:45:00+00:00'
[2024-09-23T22:07:37.296+0000] {ssh.py:141} INFO - Creating ssh_client
[2024-09-23T22:07:37.297+0000] {ssh.py:114} INFO - ssh_hook is not provided or invalid. Trying ssh_conn_id to create SSHHook.
[2024-09-23T22:07:37.348+0000] {base.py:73} INFO - Using connection ID 'spark_ssh_default' for task execution.
[2024-09-23T22:07:37.350+0000] {ssh.py:300} WARNING - No Host Key Verification. This won't protect against Man-In-The-Middle attacks
[2024-09-23T22:07:37.363+0000] {transport.py:1893} INFO - Connected (version 2.0, client OpenSSH_8.9p1)
[2024-09-23T22:07:37.485+0000] {transport.py:1893} INFO - Authentication (password) successful!
[2024-09-23T22:07:37.486+0000] {ssh.py:478} INFO - Running command: export SPARK_HOME=/usr/local/spark; /opt/conda/bin/spark-submit --master local[*] --driver-cores 2 --executor-cores 2 --driver-memory 4G --executor-memory 4G /opt/shared/scripts/raw_ingestion.py 2024-09-23 posicao
[2024-09-23T22:07:42.016+0000] {ssh.py:524} INFO - [DEBUG] dt_now: 2024-09-23
[2024-09-23T22:07:42.016+0000] {ssh.py:524} INFO - [DEBUG] endpoint: posicao
[2024-09-23T22:07:42.105+0000] {ssh.py:524} INFO - 24/09/23 22:07:42 INFO SparkContext: Running Spark version 3.3.1
[2024-09-23T22:07:42.129+0000] {ssh.py:524} INFO - 24/09/23 22:07:42 WARN NativeCodeLoader: Unable to load native-hadoop library for your platform... using builtin-java classes where applicable
[2024-09-23T22:07:42.285+0000] {ssh.py:524} INFO - 24/09/23 22:07:42 INFO ResourceUtils: ==============================================================
[2024-09-23T22:07:42.285+0000] {ssh.py:524} INFO - 24/09/23 22:07:42 INFO ResourceUtils: No custom resources configured for spark.driver.
[2024-09-23T22:07:42.286+0000] {ssh.py:524} INFO - 24/09/23 22:07:42 INFO ResourceUtils: ==============================================================
[2024-09-23T22:07:42.287+0000] {ssh.py:524} INFO - 24/09/23 22:07:42 INFO SparkContext: Submitted application: raw_ingestion_posicao
[2024-09-23T22:07:42.313+0000] {ssh.py:524} INFO - 24/09/23 22:07:42 INFO ResourceProfile: Default ResourceProfile created, executor resources: Map(cores -> name: cores, amount: 1, script: , vendor: , memory -> name: memory, amount: 1024, script: , vendor: , offHeap -> name: offHeap, amount: 0, script: , vendor: ), task resources: Map(cpus -> name: cpus, amount: 1.0)
[2024-09-23T22:07:42.322+0000] {ssh.py:524} INFO - 24/09/23 22:07:42 INFO ResourceProfile: Limiting resource is cpu
[2024-09-23T22:07:42.324+0000] {ssh.py:524} INFO - 24/09/23 22:07:42 INFO ResourceProfileManager: Added ResourceProfile id: 0
[2024-09-23T22:07:42.375+0000] {ssh.py:524} INFO - 24/09/23 22:07:42 INFO SecurityManager: Changing view acls to: root
[2024-09-23T22:07:42.377+0000] {ssh.py:524} INFO - 24/09/23 22:07:42 INFO SecurityManager: Changing modify acls to: root
[2024-09-23T22:07:42.378+0000] {ssh.py:524} INFO - 24/09/23 22:07:42 INFO SecurityManager: Changing view acls groups to: 
[2024-09-23T22:07:42.379+0000] {ssh.py:524} INFO - 24/09/23 22:07:42 INFO SecurityManager: Changing modify acls groups to: 
[2024-09-23T22:07:42.379+0000] {ssh.py:524} INFO - 24/09/23 22:07:42 INFO SecurityManager: SecurityManager: authentication disabled; ui acls disabled; users  with view permissions: Set(root); groups with view permissions: Set(); users  with modify permissions: Set(root); groups with modify permissions: Set()
[2024-09-23T22:07:42.869+0000] {ssh.py:524} INFO - 24/09/23 22:07:42 INFO Utils: Successfully started service 'sparkDriver' on port 37829.
[2024-09-23T22:07:42.938+0000] {ssh.py:524} INFO - 24/09/23 22:07:42 INFO SparkEnv: Registering MapOutputTracker
[2024-09-23T22:07:43.040+0000] {ssh.py:524} INFO - 24/09/23 22:07:43 INFO SparkEnv: Registering BlockManagerMaster
[2024-09-23T22:07:43.058+0000] {ssh.py:524} INFO - 24/09/23 22:07:43 INFO BlockManagerMasterEndpoint: Using org.apache.spark.storage.DefaultTopologyMapper for getting topology information
[2024-09-23T22:07:43.059+0000] {ssh.py:524} INFO - 24/09/23 22:07:43 INFO BlockManagerMasterEndpoint: BlockManagerMasterEndpoint up
[2024-09-23T22:07:43.065+0000] {ssh.py:524} INFO - 24/09/23 22:07:43 INFO SparkEnv: Registering BlockManagerMasterHeartbeat
[2024-09-23T22:07:43.117+0000] {ssh.py:524} INFO - 24/09/23 22:07:43 INFO DiskBlockManager: Created local directory at /tmp/blockmgr-96872bf8-e573-47b3-84f4-122f02e4aabb
[2024-09-23T22:07:43.141+0000] {ssh.py:524} INFO - 24/09/23 22:07:43 INFO MemoryStore: MemoryStore started with capacity 2.2 GiB
[2024-09-23T22:07:43.170+0000] {ssh.py:524} INFO - 24/09/23 22:07:43 INFO SparkEnv: Registering OutputCommitCoordinator
[2024-09-23T22:07:43.520+0000] {ssh.py:524} INFO - 24/09/23 22:07:43 WARN Utils: Service 'SparkUI' could not bind on port 4040. Attempting port 4041.
[2024-09-23T22:07:43.521+0000] {ssh.py:524} INFO - 24/09/23 22:07:43 WARN Utils: Service 'SparkUI' could not bind on port 4041. Attempting port 4042.
[2024-09-23T22:07:43.522+0000] {ssh.py:524} INFO - 24/09/23 22:07:43 INFO Utils: Successfully started service 'SparkUI' on port 4042.
[2024-09-23T22:07:43.755+0000] {ssh.py:524} INFO - 24/09/23 22:07:43 INFO Executor: Starting executor ID driver on host spark-master
[2024-09-23T22:07:43.774+0000] {ssh.py:524} INFO - 24/09/23 22:07:43 INFO Executor: Starting executor with user classpath (userClassPathFirst = false): ''
[2024-09-23T22:07:43.808+0000] {ssh.py:524} INFO - 24/09/23 22:07:43 INFO Utils: Successfully started service 'org.apache.spark.network.netty.NettyBlockTransferService' on port 33601.
[2024-09-23T22:07:43.809+0000] {ssh.py:524} INFO - 24/09/23 22:07:43 INFO NettyBlockTransferService: Server created on spark-master:33601
[2024-09-23T22:07:43.812+0000] {ssh.py:524} INFO - 24/09/23 22:07:43 INFO BlockManager: Using org.apache.spark.storage.RandomBlockReplicationPolicy for block replication policy
[2024-09-23T22:07:43.817+0000] {ssh.py:524} INFO - 24/09/23 22:07:43 INFO BlockManagerMaster: Registering BlockManager BlockManagerId(driver, spark-master, 33601, None)
[2024-09-23T22:07:43.820+0000] {ssh.py:524} INFO - 24/09/23 22:07:43 INFO BlockManagerMasterEndpoint: Registering block manager spark-master:33601 with 2.2 GiB RAM, BlockManagerId(driver, spark-master, 33601, None)
[2024-09-23T22:07:43.822+0000] {ssh.py:524} INFO - 24/09/23 22:07:43 INFO BlockManagerMaster: Registered BlockManager BlockManagerId(driver, spark-master, 33601, None)
[2024-09-23T22:07:43.823+0000] {ssh.py:524} INFO - 24/09/23 22:07:43 INFO BlockManager: Initialized BlockManager: BlockManagerId(driver, spark-master, 33601, None)
[2024-09-23T22:07:46.397+0000] {ssh.py:524} INFO - 24/09/23 22:07:46 INFO SharedState: Setting hive.metastore.warehouse.dir ('null') to the value of spark.sql.warehouse.dir.
[2024-09-23T22:07:46.404+0000] {ssh.py:524} INFO - 24/09/23 22:07:46 INFO SharedState: Warehouse path is 'file:/root/spark-warehouse'.
[2024-09-23T22:07:48.727+0000] {ssh.py:524} INFO - 24/09/23 22:07:48 WARN MetricsConfig: Cannot locate configuration: tried hadoop-metrics2-s3a-file-system.properties,hadoop-metrics2.properties
[2024-09-23T22:07:48.738+0000] {ssh.py:524} INFO - 24/09/23 22:07:48 INFO MetricsSystemImpl: Scheduled Metric snapshot period at 10 second(s).
[2024-09-23T22:07:48.738+0000] {ssh.py:524} INFO - 24/09/23 22:07:48 INFO MetricsSystemImpl: s3a-file-system metrics system started
[2024-09-23T22:07:50.068+0000] {ssh.py:524} INFO - 24/09/23 22:07:50 WARN AbstractS3ACommitterFactory: Using standard FileOutputCommitter to commit work. This is slow and potentially unsafe.
[2024-09-23T22:07:50.073+0000] {ssh.py:524} INFO - 24/09/23 22:07:50 INFO FileOutputCommitter: File Output Committer Algorithm version is 1
[2024-09-23T22:07:50.073+0000] {ssh.py:524} INFO - 24/09/23 22:07:50 INFO FileOutputCommitter: FileOutputCommitter skip cleanup _temporary folders under output directory:false, ignore cleanup failures: false
[2024-09-23T22:07:50.084+0000] {ssh.py:524} INFO - 24/09/23 22:07:50 INFO AbstractS3ACommitterFactory: Using Committer FileOutputCommitter{PathOutputCommitter{context=TaskAttemptContextImpl{JobContextImpl{jobId=job_20240923220750279295911400771708_0000}; taskId=attempt_20240923220750279295911400771708_0000_m_000000_0, status=''}; org.apache.hadoop.mapreduce.lib.output.FileOutputCommitter@1034b462}; outputPath=s3a://raw/olhovivo/posicao/dt=2024-09-23, workPath=s3a://raw/olhovivo/posicao/dt=2024-09-23/_temporary/0/_temporary/attempt_20240923220750279295911400771708_0000_m_000000_0, algorithmVersion=1, skipCleanup=false, ignoreCleanupFailures=false} for s3a://raw/olhovivo/posicao/dt=2024-09-23
[2024-09-23T22:07:50.087+0000] {ssh.py:524} INFO - 24/09/23 22:07:50 INFO SQLHadoopMapReduceCommitProtocol: Using output committer class org.apache.hadoop.mapreduce.lib.output.FileOutputCommitter
[2024-09-23T22:07:51.180+0000] {ssh.py:524} INFO - 24/09/23 22:07:51 INFO CodeGenerator: Code generated in 259.139367 ms
[2024-09-23T22:07:51.334+0000] {ssh.py:524} INFO - 24/09/23 22:07:51 INFO SparkContext: Starting job: save at NativeMethodAccessorImpl.java:0
[2024-09-23T22:07:51.349+0000] {ssh.py:524} INFO - 24/09/23 22:07:51 INFO DAGScheduler: Got job 0 (save at NativeMethodAccessorImpl.java:0) with 12 output partitions
[2024-09-23T22:07:51.349+0000] {ssh.py:524} INFO - 24/09/23 22:07:51 INFO DAGScheduler: Final stage: ResultStage 0 (save at NativeMethodAccessorImpl.java:0)
[2024-09-23T22:07:51.350+0000] {ssh.py:524} INFO - 24/09/23 22:07:51 INFO DAGScheduler: Parents of final stage: List()
[2024-09-23T22:07:51.351+0000] {ssh.py:524} INFO - 24/09/23 22:07:51 INFO DAGScheduler: Missing parents: List()
[2024-09-23T22:07:51.357+0000] {ssh.py:524} INFO - 24/09/23 22:07:51 INFO DAGScheduler: Submitting ResultStage 0 (MapPartitionsRDD[5] at save at NativeMethodAccessorImpl.java:0), which has no missing parents
[2024-09-23T22:07:51.486+0000] {ssh.py:524} INFO - 24/09/23 22:07:51 INFO MemoryStore: Block broadcast_0 stored as values in memory (estimated size 225.5 KiB, free 2.2 GiB)
[2024-09-23T22:07:51.528+0000] {ssh.py:524} INFO - 24/09/23 22:07:51 INFO MemoryStore: Block broadcast_0_piece0 stored as bytes in memory (estimated size 82.0 KiB, free 2.2 GiB)
[2024-09-23T22:07:51.543+0000] {ssh.py:524} INFO - 24/09/23 22:07:51 INFO BlockManagerInfo: Added broadcast_0_piece0 in memory on spark-master:33601 (size: 82.0 KiB, free: 2.2 GiB)
[2024-09-23T22:07:51.546+0000] {ssh.py:524} INFO - 24/09/23 22:07:51 INFO SparkContext: Created broadcast 0 from broadcast at DAGScheduler.scala:1513
[2024-09-23T22:07:51.565+0000] {ssh.py:524} INFO - 24/09/23 22:07:51 INFO DAGScheduler: Submitting 12 missing tasks from ResultStage 0 (MapPartitionsRDD[5] at save at NativeMethodAccessorImpl.java:0) (first 15 tasks are for partitions Vector(0, 1, 2, 3, 4, 5, 6, 7, 8, 9, 10, 11))
[2024-09-23T22:07:51.567+0000] {ssh.py:524} INFO - 24/09/23 22:07:51 INFO TaskSchedulerImpl: Adding task set 0.0 with 12 tasks resource profile 0
[2024-09-23T22:07:51.625+0000] {ssh.py:524} INFO - 24/09/23 22:07:51 INFO TaskSetManager: Starting task 0.0 in stage 0.0 (TID 0) (spark-master, executor driver, partition 0, PROCESS_LOCAL, 4433 bytes) taskResourceAssignments Map()
[2024-09-23T22:07:51.629+0000] {ssh.py:524} INFO - 24/09/23 22:07:51 INFO TaskSetManager: Starting task 1.0 in stage 0.0 (TID 1) (spark-master, executor driver, partition 1, PROCESS_LOCAL, 4433 bytes) taskResourceAssignments Map()
[2024-09-23T22:07:51.631+0000] {ssh.py:524} INFO - 24/09/23 22:07:51 INFO TaskSetManager: Starting task 2.0 in stage 0.0 (TID 2) (spark-master, executor driver, partition 2, PROCESS_LOCAL, 4433 bytes) taskResourceAssignments Map()
[2024-09-23T22:07:51.632+0000] {ssh.py:524} INFO - 24/09/23 22:07:51 INFO TaskSetManager: Starting task 3.0 in stage 0.0 (TID 3) (spark-master, executor driver, partition 3, PROCESS_LOCAL, 4433 bytes) taskResourceAssignments Map()
[2024-09-23T22:07:51.633+0000] {ssh.py:524} INFO - 24/09/23 22:07:51 INFO TaskSetManager: Starting task 4.0 in stage 0.0 (TID 4) (spark-master, executor driver, partition 4, PROCESS_LOCAL, 4433 bytes) taskResourceAssignments Map()
[2024-09-23T22:07:51.634+0000] {ssh.py:524} INFO - 24/09/23 22:07:51 INFO TaskSetManager: Starting task 5.0 in stage 0.0 (TID 5) (spark-master, executor driver, partition 5, PROCESS_LOCAL, 4433 bytes) taskResourceAssignments Map()
[2024-09-23T22:07:51.634+0000] {ssh.py:524} INFO - 24/09/23 22:07:51 INFO TaskSetManager: Starting task 6.0 in stage 0.0 (TID 6) (spark-master, executor driver, partition 6, PROCESS_LOCAL, 4433 bytes) taskResourceAssignments Map()
[2024-09-23T22:07:51.635+0000] {ssh.py:524} INFO - 24/09/23 22:07:51 INFO TaskSetManager: Starting task 7.0 in stage 0.0 (TID 7) (spark-master, executor driver, partition 7, PROCESS_LOCAL, 4433 bytes) taskResourceAssignments Map()
[2024-09-23T22:07:51.635+0000] {ssh.py:524} INFO - 24/09/23 22:07:51 INFO TaskSetManager: Starting task 8.0 in stage 0.0 (TID 8) (spark-master, executor driver, partition 8, PROCESS_LOCAL, 4433 bytes) taskResourceAssignments Map()
[2024-09-23T22:07:51.636+0000] {ssh.py:524} INFO - 24/09/23 22:07:51 INFO TaskSetManager: Starting task 9.0 in stage 0.0 (TID 9) (spark-master, executor driver, partition 9, PROCESS_LOCAL, 4433 bytes) taskResourceAssignments Map()
[2024-09-23T22:07:51.636+0000] {ssh.py:524} INFO - 24/09/23 22:07:51 INFO TaskSetManager: Starting task 10.0 in stage 0.0 (TID 10) (spark-master, executor driver, partition 10, PROCESS_LOCAL, 4433 bytes) taskResourceAssignments Map()
[2024-09-23T22:07:51.637+0000] {ssh.py:524} INFO - 24/09/23 22:07:51 INFO TaskSetManager: Starting task 11.0 in stage 0.0 (TID 11) (spark-master, executor driver, partition 11, PROCESS_LOCAL, 663194 bytes) taskResourceAssignments Map()
[2024-09-23T22:07:51.650+0000] {ssh.py:524} INFO - 24/09/23 22:07:51 INFO Executor: Running task 0.0 in stage 0.0 (TID 0)
[2024-09-23T22:07:51.651+0000] {ssh.py:524} INFO - 24/09/23 22:07:51 INFO Executor: Running task 2.0 in stage 0.0 (TID 2)
[2024-09-23T22:07:51.651+0000] {ssh.py:524} INFO - 24/09/23 22:07:51 INFO Executor: Running task 4.0 in stage 0.0 (TID 4)
[2024-09-23T22:07:51.652+0000] {ssh.py:524} INFO - 24/09/23 22:07:51 INFO Executor: Running task 6.0 in stage 0.0 (TID 6)
[2024-09-23T22:07:51.653+0000] {ssh.py:524} INFO - 24/09/23 22:07:51 INFO Executor: Running task 1.0 in stage 0.0 (TID 1)
[2024-09-23T22:07:51.653+0000] {ssh.py:524} INFO - 24/09/23 22:07:51 INFO Executor: Running task 5.0 in stage 0.0 (TID 5)
[2024-09-23T22:07:51.654+0000] {ssh.py:524} INFO - 24/09/23 22:07:51 INFO Executor: Running task 7.0 in stage 0.0 (TID 7)
[2024-09-23T22:07:51.660+0000] {ssh.py:524} INFO - 24/09/23 22:07:51 INFO Executor: Running task 3.0 in stage 0.0 (TID 3)
[2024-09-23T22:07:51.661+0000] {ssh.py:524} INFO - 24/09/23 22:07:51 INFO Executor: Running task 8.0 in stage 0.0 (TID 8)
[2024-09-23T22:07:51.687+0000] {ssh.py:524} INFO - 24/09/23 22:07:51 INFO Executor: Running task 9.0 in stage 0.0 (TID 9)
[2024-09-23T22:07:51.704+0000] {ssh.py:524} INFO - 24/09/23 22:07:51 INFO Executor: Running task 10.0 in stage 0.0 (TID 10)
[2024-09-23T22:07:51.705+0000] {ssh.py:524} INFO - 24/09/23 22:07:51 INFO Executor: Running task 11.0 in stage 0.0 (TID 11)
[2024-09-23T22:07:52.425+0000] {ssh.py:524} INFO - 24/09/23 22:07:52 WARN AbstractS3ACommitterFactory: Using standard FileOutputCommitter to commit work. This is slow and potentially unsafe.
[2024-09-23T22:07:52.425+0000] {ssh.py:524} INFO - 24/09/23 22:07:52 WARN AbstractS3ACommitterFactory: Using standard FileOutputCommitter to commit work. This is slow and potentially unsafe.
[2024-09-23T22:07:52.426+0000] {ssh.py:524} INFO - 24/09/23 22:07:52 INFO FileOutputCommitter: File Output Committer Algorithm version is 1
[2024-09-23T22:07:52.426+0000] {ssh.py:524} INFO - 24/09/23 22:07:52 INFO FileOutputCommitter: File Output Committer Algorithm version is 1
[2024-09-23T22:07:52.426+0000] {ssh.py:524} INFO - 24/09/23 22:07:52 INFO FileOutputCommitter: FileOutputCommitter skip cleanup _temporary folders under output directory:false, ignore cleanup failures: false
[2024-09-23T22:07:52.426+0000] {ssh.py:524} INFO - 24/09/23 22:07:52 INFO FileOutputCommitter: FileOutputCommitter skip cleanup _temporary folders under output directory:false, ignore cleanup failures: false
[2024-09-23T22:07:52.427+0000] {ssh.py:524} INFO - 24/09/23 22:07:52 INFO AbstractS3ACommitterFactory: Using Committer FileOutputCommitter{PathOutputCommitter{context=TaskAttemptContextImpl{JobContextImpl{jobId=job_202409232207511999101334540562303_0000}; taskId=attempt_202409232207511999101334540562303_0000_m_000006_6, status=''}; org.apache.hadoop.mapreduce.lib.output.FileOutputCommitter@153ff41d}; outputPath=s3a://raw/olhovivo/posicao/dt=2024-09-23, workPath=s3a://raw/olhovivo/posicao/dt=2024-09-23/_temporary/0/_temporary/attempt_202409232207511999101334540562303_0000_m_000006_6, algorithmVersion=1, skipCleanup=false, ignoreCleanupFailures=false} for s3a://raw/olhovivo/posicao/dt=2024-09-23
[2024-09-23T22:07:52.427+0000] {ssh.py:524} INFO - 24/09/23 22:07:52 INFO AbstractS3ACommitterFactory: Using Committer FileOutputCommitter{PathOutputCommitter{context=TaskAttemptContextImpl{JobContextImpl{jobId=job_202409232207511362615346775634641_0000}; taskId=attempt_202409232207511362615346775634641_0000_m_000005_5, status=''}; org.apache.hadoop.mapreduce.lib.output.FileOutputCommitter@45ae2b51}; outputPath=s3a://raw/olhovivo/posicao/dt=2024-09-23, workPath=s3a://raw/olhovivo/posicao/dt=2024-09-23/_temporary/0/_temporary/attempt_202409232207511362615346775634641_0000_m_000005_5, algorithmVersion=1, skipCleanup=false, ignoreCleanupFailures=false} for s3a://raw/olhovivo/posicao/dt=2024-09-23
[2024-09-23T22:07:52.427+0000] {ssh.py:524} INFO - 24/09/23 22:07:52 INFO SQLHadoopMapReduceCommitProtocol: Using output committer class org.apache.hadoop.mapreduce.lib.output.FileOutputCommitter
[2024-09-23T22:07:52.428+0000] {ssh.py:524} INFO - 24/09/23 22:07:52 INFO SQLHadoopMapReduceCommitProtocol: Using output committer class org.apache.hadoop.mapreduce.lib.output.FileOutputCommitter
[2024-09-23T22:07:52.434+0000] {ssh.py:524} INFO - 24/09/23 22:07:52 WARN AbstractS3ACommitterFactory: Using standard FileOutputCommitter to commit work. This is slow and potentially unsafe.
[2024-09-23T22:07:52.434+0000] {ssh.py:524} INFO - 24/09/23 22:07:52 WARN AbstractS3ACommitterFactory: Using standard FileOutputCommitter to commit work. This is slow and potentially unsafe.
[2024-09-23T22:07:52.434+0000] {ssh.py:524} INFO - 24/09/23 22:07:52 INFO FileOutputCommitter: File Output Committer Algorithm version is 1
[2024-09-23T22:07:52.435+0000] {ssh.py:524} INFO - 24/09/23 22:07:52 INFO FileOutputCommitter: FileOutputCommitter skip cleanup _temporary folders under output directory:false, ignore cleanup failures: false
[2024-09-23T22:07:52.435+0000] {ssh.py:524} INFO - 24/09/23 22:07:52 INFO AbstractS3ACommitterFactory: Using Committer FileOutputCommitter{PathOutputCommitter{context=TaskAttemptContextImpl{JobContextImpl{jobId=job_202409232207518065990841141107658_0000}; taskId=attempt_202409232207518065990841141107658_0000_m_000008_8, status=''}; org.apache.hadoop.mapreduce.lib.output.FileOutputCommitter@5da83fcb}; outputPath=s3a://raw/olhovivo/posicao/dt=2024-09-23, workPath=s3a://raw/olhovivo/posicao/dt=2024-09-23/_temporary/0/_temporary/attempt_202409232207518065990841141107658_0000_m_000008_8, algorithmVersion=1, skipCleanup=false, ignoreCleanupFailures=false} for s3a://raw/olhovivo/posicao/dt=2024-09-23
[2024-09-23T22:07:52.435+0000] {ssh.py:524} INFO - 24/09/23 22:07:52 INFO FileOutputCommitter: File Output Committer Algorithm version is 1
[2024-09-23T22:07:52.436+0000] {ssh.py:524} INFO - 24/09/23 22:07:52 INFO FileOutputCommitter: FileOutputCommitter skip cleanup _temporary folders under output directory:false, ignore cleanup failures: false
[2024-09-23T22:07:52.436+0000] {ssh.py:524} INFO - 24/09/23 22:07:52 INFO SQLHadoopMapReduceCommitProtocol: Using output committer class org.apache.hadoop.mapreduce.lib.output.FileOutputCommitter
[2024-09-23T22:07:52.436+0000] {ssh.py:524} INFO - 24/09/23 22:07:52 INFO AbstractS3ACommitterFactory: Using Committer FileOutputCommitter{PathOutputCommitter{context=TaskAttemptContextImpl{JobContextImpl{jobId=job_202409232207511165362328915152908_0000}; taskId=attempt_202409232207511165362328915152908_0000_m_000009_9, status=''}; org.apache.hadoop.mapreduce.lib.output.FileOutputCommitter@371cabf5}; outputPath=s3a://raw/olhovivo/posicao/dt=2024-09-23, workPath=s3a://raw/olhovivo/posicao/dt=2024-09-23/_temporary/0/_temporary/attempt_202409232207511165362328915152908_0000_m_000009_9, algorithmVersion=1, skipCleanup=false, ignoreCleanupFailures=false} for s3a://raw/olhovivo/posicao/dt=2024-09-23
[2024-09-23T22:07:52.437+0000] {ssh.py:524} INFO - 24/09/23 22:07:52 INFO SQLHadoopMapReduceCommitProtocol: Using output committer class org.apache.hadoop.mapreduce.lib.output.FileOutputCommitter
[2024-09-23T22:07:52.448+0000] {ssh.py:524} INFO - 24/09/23 22:07:52 INFO PythonRunner: Times: total = 523, boot = 443, init = 80, finish = 0
[2024-09-23T22:07:52.449+0000] {ssh.py:524} INFO - 24/09/23 22:07:52 INFO PythonRunner: Times: total = 547, boot = 462, init = 85, finish = 0
[2024-09-23T22:07:52.453+0000] {ssh.py:524} INFO - 24/09/23 22:07:52 INFO PythonRunner: Times: total = 546, boot = 462, init = 84, finish = 0
[2024-09-23T22:07:52.464+0000] {ssh.py:524} INFO - 24/09/23 22:07:52 WARN AbstractS3ACommitterFactory: Using standard FileOutputCommitter to commit work. This is slow and potentially unsafe.
[2024-09-23T22:07:52.465+0000] {ssh.py:524} INFO - 24/09/23 22:07:52 INFO FileOutputCommitter: File Output Committer Algorithm version is 1
[2024-09-23T22:07:52.465+0000] {ssh.py:524} INFO - 24/09/23 22:07:52 INFO FileOutputCommitter: FileOutputCommitter skip cleanup _temporary folders under output directory:false, ignore cleanup failures: false
[2024-09-23T22:07:52.465+0000] {ssh.py:524} INFO - 24/09/23 22:07:52 INFO AbstractS3ACommitterFactory: Using Committer FileOutputCommitter{PathOutputCommitter{context=TaskAttemptContextImpl{JobContextImpl{jobId=job_202409232207513297678119575911894_0000}; taskId=attempt_202409232207513297678119575911894_0000_m_000001_1, status=''}; org.apache.hadoop.mapreduce.lib.output.FileOutputCommitter@2796d2d1}; outputPath=s3a://raw/olhovivo/posicao/dt=2024-09-23, workPath=s3a://raw/olhovivo/posicao/dt=2024-09-23/_temporary/0/_temporary/attempt_202409232207513297678119575911894_0000_m_000001_1, algorithmVersion=1, skipCleanup=false, ignoreCleanupFailures=false} for s3a://raw/olhovivo/posicao/dt=2024-09-23
[2024-09-23T22:07:52.465+0000] {ssh.py:524} INFO - 24/09/23 22:07:52 INFO SQLHadoopMapReduceCommitProtocol: Using output committer class org.apache.hadoop.mapreduce.lib.output.FileOutputCommitter
[2024-09-23T22:07:52.472+0000] {ssh.py:524} INFO - 24/09/23 22:07:52 WARN AbstractS3ACommitterFactory: Using standard FileOutputCommitter to commit work. This is slow and potentially unsafe.
[2024-09-23T22:07:52.472+0000] {ssh.py:524} INFO - 24/09/23 22:07:52 INFO FileOutputCommitter: File Output Committer Algorithm version is 1
[2024-09-23T22:07:52.473+0000] {ssh.py:524} INFO - 24/09/23 22:07:52 INFO FileOutputCommitter: FileOutputCommitter skip cleanup _temporary folders under output directory:false, ignore cleanup failures: false
[2024-09-23T22:07:52.474+0000] {ssh.py:524} INFO - 24/09/23 22:07:52 INFO AbstractS3ACommitterFactory: Using Committer FileOutputCommitter{PathOutputCommitter{context=TaskAttemptContextImpl{JobContextImpl{jobId=job_202409232207517038367208395973517_0000}; taskId=attempt_202409232207517038367208395973517_0000_m_000003_3, status=''}; org.apache.hadoop.mapreduce.lib.output.FileOutputCommitter@5b37693b}; outputPath=s3a://raw/olhovivo/posicao/dt=2024-09-23, workPath=s3a://raw/olhovivo/posicao/dt=2024-09-23/_temporary/0/_temporary/attempt_202409232207517038367208395973517_0000_m_000003_3, algorithmVersion=1, skipCleanup=false, ignoreCleanupFailures=false} for s3a://raw/olhovivo/posicao/dt=2024-09-23
[2024-09-23T22:07:52.474+0000] {ssh.py:524} INFO - 24/09/23 22:07:52 WARN AbstractS3ACommitterFactory: Using standard FileOutputCommitter to commit work. This is slow and potentially unsafe.
[2024-09-23T22:07:52.474+0000] {ssh.py:524} INFO - 24/09/23 22:07:52 INFO FileOutputCommitter: File Output Committer Algorithm version is 1
[2024-09-23T22:07:52.475+0000] {ssh.py:524} INFO - 24/09/23 22:07:52 INFO FileOutputCommitter: FileOutputCommitter skip cleanup _temporary folders under output directory:false, ignore cleanup failures: false
[2024-09-23T22:07:52.475+0000] {ssh.py:524} INFO - 24/09/23 22:07:52 INFO SQLHadoopMapReduceCommitProtocol: Using output committer class org.apache.hadoop.mapreduce.lib.output.FileOutputCommitter
[2024-09-23T22:07:52.475+0000] {ssh.py:524} INFO - 24/09/23 22:07:52 INFO AbstractS3ACommitterFactory: Using Committer FileOutputCommitter{PathOutputCommitter{context=TaskAttemptContextImpl{JobContextImpl{jobId=job_202409232207516927812471519219440_0000}; taskId=attempt_202409232207516927812471519219440_0000_m_000002_2, status=''}; org.apache.hadoop.mapreduce.lib.output.FileOutputCommitter@4b983d67}; outputPath=s3a://raw/olhovivo/posicao/dt=2024-09-23, workPath=s3a://raw/olhovivo/posicao/dt=2024-09-23/_temporary/0/_temporary/attempt_202409232207516927812471519219440_0000_m_000002_2, algorithmVersion=1, skipCleanup=false, ignoreCleanupFailures=false} for s3a://raw/olhovivo/posicao/dt=2024-09-23
[2024-09-23T22:07:52.476+0000] {ssh.py:524} INFO - 24/09/23 22:07:52 INFO SQLHadoopMapReduceCommitProtocol: Using output committer class org.apache.hadoop.mapreduce.lib.output.FileOutputCommitter
[2024-09-23T22:07:52.484+0000] {ssh.py:524} INFO - 24/09/23 22:07:52 WARN AbstractS3ACommitterFactory: Using standard FileOutputCommitter to commit work. This is slow and potentially unsafe.
[2024-09-23T22:07:52.486+0000] {ssh.py:524} INFO - 24/09/23 22:07:52 INFO FileOutputCommitter: File Output Committer Algorithm version is 1
[2024-09-23T22:07:52.487+0000] {ssh.py:524} INFO - 24/09/23 22:07:52 INFO FileOutputCommitter: FileOutputCommitter skip cleanup _temporary folders under output directory:false, ignore cleanup failures: false
[2024-09-23T22:07:52.487+0000] {ssh.py:524} INFO - 24/09/23 22:07:52 INFO AbstractS3ACommitterFactory: Using Committer FileOutputCommitter{PathOutputCommitter{context=TaskAttemptContextImpl{JobContextImpl{jobId=job_202409232207515437970494014583287_0000}; taskId=attempt_202409232207515437970494014583287_0000_m_000011_11, status=''}; org.apache.hadoop.mapreduce.lib.output.FileOutputCommitter@855ba3d}; outputPath=s3a://raw/olhovivo/posicao/dt=2024-09-23, workPath=s3a://raw/olhovivo/posicao/dt=2024-09-23/_temporary/0/_temporary/attempt_202409232207515437970494014583287_0000_m_000011_11, algorithmVersion=1, skipCleanup=false, ignoreCleanupFailures=false} for s3a://raw/olhovivo/posicao/dt=2024-09-23
[2024-09-23T22:07:52.488+0000] {ssh.py:524} INFO - 24/09/23 22:07:52 INFO SQLHadoopMapReduceCommitProtocol: Using output committer class org.apache.hadoop.mapreduce.lib.output.FileOutputCommitter
[2024-09-23T22:07:52.513+0000] {ssh.py:524} INFO - 24/09/23 22:07:52 WARN AbstractS3ACommitterFactory: Using standard FileOutputCommitter to commit work. This is slow and potentially unsafe.
[2024-09-23T22:07:52.520+0000] {ssh.py:524} INFO - 24/09/23 22:07:52 INFO FileOutputCommitter: File Output Committer Algorithm version is 1
[2024-09-23T22:07:52.521+0000] {ssh.py:524} INFO - 24/09/23 22:07:52 INFO FileOutputCommitter: FileOutputCommitter skip cleanup _temporary folders under output directory:false, ignore cleanup failures: false
[2024-09-23T22:07:52.522+0000] {ssh.py:524} INFO - 24/09/23 22:07:52 INFO AbstractS3ACommitterFactory: Using Committer FileOutputCommitter{PathOutputCommitter{context=TaskAttemptContextImpl{JobContextImpl{jobId=job_202409232207511816084067075615984_0000}; taskId=attempt_202409232207511816084067075615984_0000_m_000000_0, status=''}; org.apache.hadoop.mapreduce.lib.output.FileOutputCommitter@4d3233da}; outputPath=s3a://raw/olhovivo/posicao/dt=2024-09-23, workPath=s3a://raw/olhovivo/posicao/dt=2024-09-23/_temporary/0/_temporary/attempt_202409232207511816084067075615984_0000_m_000000_0, algorithmVersion=1, skipCleanup=false, ignoreCleanupFailures=false} for s3a://raw/olhovivo/posicao/dt=2024-09-23
[2024-09-23T22:07:52.523+0000] {ssh.py:524} INFO - 24/09/23 22:07:52 INFO SQLHadoopMapReduceCommitProtocol: Using output committer class org.apache.hadoop.mapreduce.lib.output.FileOutputCommitter
[2024-09-23T22:07:52.533+0000] {ssh.py:524} INFO - 24/09/23 22:07:52 INFO PythonRunner: Times: total = 629, boot = 520, init = 109, finish = 0
[2024-09-23T22:07:52.548+0000] {ssh.py:524} INFO - 24/09/23 22:07:52 INFO SparkHadoopMapRedUtil: No need to commit output of task because needsTaskCommit=false: attempt_202409232207511999101334540562303_0000_m_000006_6
[2024-09-23T22:07:52.555+0000] {ssh.py:524} INFO - 24/09/23 22:07:52 INFO SparkHadoopMapRedUtil: No need to commit output of task because needsTaskCommit=false: attempt_202409232207511165362328915152908_0000_m_000009_9
[2024-09-23T22:07:52.559+0000] {ssh.py:524} INFO - 24/09/23 22:07:52 WARN AbstractS3ACommitterFactory: Using standard FileOutputCommitter to commit work. This is slow and potentially unsafe.
[2024-09-23T22:07:52.560+0000] {ssh.py:524} INFO - 24/09/23 22:07:52 INFO FileOutputCommitter: File Output Committer Algorithm version is 1
[2024-09-23T22:07:52.561+0000] {ssh.py:524} INFO - 24/09/23 22:07:52 INFO FileOutputCommitter: FileOutputCommitter skip cleanup _temporary folders under output directory:false, ignore cleanup failures: false
[2024-09-23T22:07:52.563+0000] {ssh.py:524} INFO - 24/09/23 22:07:52 INFO AbstractS3ACommitterFactory: Using Committer FileOutputCommitter{PathOutputCommitter{context=TaskAttemptContextImpl{JobContextImpl{jobId=job_202409232207511229762580728103600_0000}; taskId=attempt_202409232207511229762580728103600_0000_m_000007_7, status=''}; org.apache.hadoop.mapreduce.lib.output.FileOutputCommitter@7c983585}; outputPath=s3a://raw/olhovivo/posicao/dt=2024-09-23, workPath=s3a://raw/olhovivo/posicao/dt=2024-09-23/_temporary/0/_temporary/attempt_202409232207511229762580728103600_0000_m_000007_7, algorithmVersion=1, skipCleanup=false, ignoreCleanupFailures=false} for s3a://raw/olhovivo/posicao/dt=2024-09-23
[2024-09-23T22:07:52.563+0000] {ssh.py:524} INFO - 24/09/23 22:07:52 INFO SparkHadoopMapRedUtil: No need to commit output of task because needsTaskCommit=false: attempt_202409232207511362615346775634641_0000_m_000005_5
[2024-09-23T22:07:52.564+0000] {ssh.py:524} INFO - 24/09/23 22:07:52 INFO SQLHadoopMapReduceCommitProtocol: Using output committer class org.apache.hadoop.mapreduce.lib.output.FileOutputCommitter
[2024-09-23T22:07:52.564+0000] {ssh.py:524} INFO - 24/09/23 22:07:52 INFO SparkHadoopMapRedUtil: No need to commit output of task because needsTaskCommit=false: attempt_202409232207518065990841141107658_0000_m_000008_8
[2024-09-23T22:07:52.580+0000] {ssh.py:524} INFO - 24/09/23 22:07:52 INFO Executor: Finished task 8.0 in stage 0.0 (TID 8). 2828 bytes result sent to driver
[2024-09-23T22:07:52.582+0000] {ssh.py:524} INFO - 24/09/23 22:07:52 INFO Executor: Finished task 9.0 in stage 0.0 (TID 9). 2871 bytes result sent to driver
[2024-09-23T22:07:52.583+0000] {ssh.py:524} INFO - 24/09/23 22:07:52 INFO Executor: Finished task 5.0 in stage 0.0 (TID 5). 2871 bytes result sent to driver
[2024-09-23T22:07:52.583+0000] {ssh.py:524} INFO - 24/09/23 22:07:52 INFO Executor: Finished task 6.0 in stage 0.0 (TID 6). 2871 bytes result sent to driver
[2024-09-23T22:07:52.598+0000] {ssh.py:524} INFO - 24/09/23 22:07:52 INFO PythonRunner: Times: total = 688, boot = 537, init = 151, finish = 0
[2024-09-23T22:07:52.602+0000] {ssh.py:524} INFO - 24/09/23 22:07:52 INFO PythonRunner: Times: total = 694, boot = 540, init = 154, finish = 0
[2024-09-23T22:07:52.611+0000] {ssh.py:524} INFO - 24/09/23 22:07:52 INFO PythonRunner: Times: total = 704, boot = 560, init = 144, finish = 0
[2024-09-23T22:07:52.616+0000] {ssh.py:524} INFO - 24/09/23 22:07:52 INFO SparkHadoopMapRedUtil: No need to commit output of task because needsTaskCommit=false: attempt_202409232207516927812471519219440_0000_m_000002_2
[2024-09-23T22:07:52.617+0000] {ssh.py:524} INFO - 24/09/23 22:07:52 INFO SparkHadoopMapRedUtil: No need to commit output of task because needsTaskCommit=false: attempt_202409232207513297678119575911894_0000_m_000001_1
[2024-09-23T22:07:52.622+0000] {ssh.py:524} INFO - 24/09/23 22:07:52 WARN AbstractS3ACommitterFactory: Using standard FileOutputCommitter to commit work. This is slow and potentially unsafe.
[2024-09-23T22:07:52.623+0000] {ssh.py:524} INFO - 24/09/23 22:07:52 INFO SparkHadoopMapRedUtil: No need to commit output of task because needsTaskCommit=false: attempt_202409232207517038367208395973517_0000_m_000003_3
[2024-09-23T22:07:52.623+0000] {ssh.py:524} INFO - 24/09/23 22:07:52 INFO FileOutputCommitter: File Output Committer Algorithm version is 1
[2024-09-23T22:07:52.624+0000] {ssh.py:524} INFO - 24/09/23 22:07:52 INFO FileOutputCommitter: FileOutputCommitter skip cleanup _temporary folders under output directory:false, ignore cleanup failures: false
[2024-09-23T22:07:52.624+0000] {ssh.py:524} INFO - 24/09/23 22:07:52 INFO Executor: Finished task 2.0 in stage 0.0 (TID 2). 2871 bytes result sent to driver
[2024-09-23T22:07:52.625+0000] {ssh.py:524} INFO - 24/09/23 22:07:52 INFO AbstractS3ACommitterFactory: Using Committer FileOutputCommitter{PathOutputCommitter{context=TaskAttemptContextImpl{JobContextImpl{jobId=job_202409232207513934143650814062980_0000}; taskId=attempt_202409232207513934143650814062980_0000_m_000004_4, status=''}; org.apache.hadoop.mapreduce.lib.output.FileOutputCommitter@6e1ca687}; outputPath=s3a://raw/olhovivo/posicao/dt=2024-09-23, workPath=s3a://raw/olhovivo/posicao/dt=2024-09-23/_temporary/0/_temporary/attempt_202409232207513934143650814062980_0000_m_000004_4, algorithmVersion=1, skipCleanup=false, ignoreCleanupFailures=false} for s3a://raw/olhovivo/posicao/dt=2024-09-23
[2024-09-23T22:07:52.625+0000] {ssh.py:524} INFO - 24/09/23 22:07:52 INFO Executor: Finished task 3.0 in stage 0.0 (TID 3). 2828 bytes result sent to driver
[2024-09-23T22:07:52.626+0000] {ssh.py:524} INFO - 24/09/23 22:07:52 INFO Executor: Finished task 1.0 in stage 0.0 (TID 1). 2828 bytes result sent to driver
[2024-09-23T22:07:52.626+0000] {ssh.py:524} INFO - 24/09/23 22:07:52 INFO SQLHadoopMapReduceCommitProtocol: Using output committer class org.apache.hadoop.mapreduce.lib.output.FileOutputCommitter
[2024-09-23T22:07:52.627+0000] {ssh.py:524} INFO - 24/09/23 22:07:52 WARN AbstractS3ACommitterFactory: Using standard FileOutputCommitter to commit work. This is slow and potentially unsafe.
[2024-09-23T22:07:52.628+0000] {ssh.py:524} INFO - 24/09/23 22:07:52 INFO FileOutputCommitter: File Output Committer Algorithm version is 1
[2024-09-23T22:07:52.629+0000] {ssh.py:524} INFO - 24/09/23 22:07:52 INFO FileOutputCommitter: FileOutputCommitter skip cleanup _temporary folders under output directory:false, ignore cleanup failures: false
[2024-09-23T22:07:52.629+0000] {ssh.py:524} INFO - 24/09/23 22:07:52 INFO AbstractS3ACommitterFactory: Using Committer FileOutputCommitter{PathOutputCommitter{context=TaskAttemptContextImpl{JobContextImpl{jobId=job_202409232207511254350324141220254_0000}; taskId=attempt_202409232207511254350324141220254_0000_m_000010_10, status=''}; org.apache.hadoop.mapreduce.lib.output.FileOutputCommitter@6917eacd}; outputPath=s3a://raw/olhovivo/posicao/dt=2024-09-23, workPath=s3a://raw/olhovivo/posicao/dt=2024-09-23/_temporary/0/_temporary/attempt_202409232207511254350324141220254_0000_m_000010_10, algorithmVersion=1, skipCleanup=false, ignoreCleanupFailures=false} for s3a://raw/olhovivo/posicao/dt=2024-09-23
[2024-09-23T22:07:52.630+0000] {ssh.py:524} INFO - 24/09/23 22:07:52 INFO SQLHadoopMapReduceCommitProtocol: Using output committer class org.apache.hadoop.mapreduce.lib.output.FileOutputCommitter
[2024-09-23T22:07:52.635+0000] {ssh.py:524} INFO - 24/09/23 22:07:52 INFO TaskSetManager: Finished task 9.0 in stage 0.0 (TID 9) in 998 ms on spark-master (executor driver) (1/12)
[2024-09-23T22:07:52.637+0000] {ssh.py:524} INFO - 24/09/23 22:07:52 INFO TaskSetManager: Finished task 8.0 in stage 0.0 (TID 8) in 1002 ms on spark-master (executor driver) (2/12)
[2024-09-23T22:07:52.637+0000] {ssh.py:524} INFO - 24/09/23 22:07:52 INFO TaskSetManager: Finished task 6.0 in stage 0.0 (TID 6) in 1004 ms on spark-master (executor driver) (3/12)
[2024-09-23T22:07:52.639+0000] {ssh.py:524} INFO - 24/09/23 22:07:52 INFO TaskSetManager: Finished task 2.0 in stage 0.0 (TID 2) in 1009 ms on spark-master (executor driver) (4/12)
[2024-09-23T22:07:52.640+0000] {ssh.py:524} INFO - 24/09/23 22:07:52 INFO PythonAccumulatorV2: Connected to AccumulatorServer at host: 127.0.0.1 port: 49197
[2024-09-23T22:07:52.640+0000] {ssh.py:524} INFO - 24/09/23 22:07:52 INFO TaskSetManager: Finished task 5.0 in stage 0.0 (TID 5) in 1006 ms on spark-master (executor driver) (5/12)
[2024-09-23T22:07:52.640+0000] {ssh.py:524} INFO - 24/09/23 22:07:52 INFO TaskSetManager: Finished task 3.0 in stage 0.0 (TID 3) in 1008 ms on spark-master (executor driver) (6/12)
[2024-09-23T22:07:52.641+0000] {ssh.py:524} INFO - 24/09/23 22:07:52 INFO TaskSetManager: Finished task 1.0 in stage 0.0 (TID 1) in 1012 ms on spark-master (executor driver) (7/12)
[2024-09-23T22:07:52.655+0000] {ssh.py:524} INFO - 24/09/23 22:07:52 INFO PythonRunner: Times: total = 740, boot = 594, init = 145, finish = 1
[2024-09-23T22:07:52.664+0000] {ssh.py:524} INFO - 24/09/23 22:07:52 INFO PythonRunner: Times: total = 758, boot = 604, init = 154, finish = 0
[2024-09-23T22:07:52.670+0000] {ssh.py:524} INFO - 24/09/23 22:07:52 INFO PythonRunner: Times: total = 766, boot = 615, init = 151, finish = 0
[2024-09-23T22:07:52.673+0000] {ssh.py:524} INFO - 24/09/23 22:07:52 INFO PythonRunner: Times: total = 767, boot = 610, init = 157, finish = 0
[2024-09-23T22:07:52.676+0000] {ssh.py:524} INFO - 24/09/23 22:07:52 INFO SparkHadoopMapRedUtil: No need to commit output of task because needsTaskCommit=false: attempt_202409232207511229762580728103600_0000_m_000007_7
[2024-09-23T22:07:52.680+0000] {ssh.py:524} INFO - 24/09/23 22:07:52 INFO Executor: Finished task 7.0 in stage 0.0 (TID 7). 2828 bytes result sent to driver
[2024-09-23T22:07:52.682+0000] {ssh.py:524} INFO - 24/09/23 22:07:52 INFO TaskSetManager: Finished task 7.0 in stage 0.0 (TID 7) in 1047 ms on spark-master (executor driver) (8/12)
[2024-09-23T22:07:52.685+0000] {ssh.py:524} INFO - 24/09/23 22:07:52 INFO SparkHadoopMapRedUtil: No need to commit output of task because needsTaskCommit=false: attempt_202409232207511254350324141220254_0000_m_000010_10
[2024-09-23T22:07:52.686+0000] {ssh.py:524} INFO - 24/09/23 22:07:52 INFO SparkHadoopMapRedUtil: No need to commit output of task because needsTaskCommit=false: attempt_202409232207513934143650814062980_0000_m_000004_4
[2024-09-23T22:07:52.687+0000] {ssh.py:524} INFO - 24/09/23 22:07:52 INFO Executor: Finished task 10.0 in stage 0.0 (TID 10). 2828 bytes result sent to driver
[2024-09-23T22:07:52.688+0000] {ssh.py:524} INFO - 24/09/23 22:07:52 INFO Executor: Finished task 4.0 in stage 0.0 (TID 4). 2828 bytes result sent to driver
[2024-09-23T22:07:52.689+0000] {ssh.py:524} INFO - 24/09/23 22:07:52 INFO TaskSetManager: Finished task 10.0 in stage 0.0 (TID 10) in 1052 ms on spark-master (executor driver) (9/12)
[2024-09-23T22:07:52.691+0000] {ssh.py:524} INFO - 24/09/23 22:07:52 INFO TaskSetManager: Finished task 4.0 in stage 0.0 (TID 4) in 1058 ms on spark-master (executor driver) (10/12)
[2024-09-23T22:07:52.811+0000] {ssh.py:524} INFO - 24/09/23 22:07:52 INFO FileOutputCommitter: Saved output of task 'attempt_202409232207511816084067075615984_0000_m_000000_0' to s3a://raw/olhovivo/posicao/dt=2024-09-23/_temporary/0/task_202409232207511816084067075615984_0000_m_000000
[2024-09-23T22:07:52.812+0000] {ssh.py:524} INFO - 24/09/23 22:07:52 INFO SparkHadoopMapRedUtil: attempt_202409232207511816084067075615984_0000_m_000000_0: Committed. Elapsed time: 94 ms.
[2024-09-23T22:07:52.813+0000] {ssh.py:524} INFO - 24/09/23 22:07:52 INFO Executor: Finished task 0.0 in stage 0.0 (TID 0). 2828 bytes result sent to driver
[2024-09-23T22:07:52.814+0000] {ssh.py:524} INFO - 24/09/23 22:07:52 INFO TaskSetManager: Finished task 0.0 in stage 0.0 (TID 0) in 1202 ms on spark-master (executor driver) (11/12)
[2024-09-23T22:07:52.869+0000] {ssh.py:524} INFO - 24/09/23 22:07:52 INFO PythonRunner: Times: total = 780, boot = 580, init = 180, finish = 20
[2024-09-23T22:07:52.989+0000] {ssh.py:524} INFO - 24/09/23 22:07:52 INFO FileOutputCommitter: Saved output of task 'attempt_202409232207515437970494014583287_0000_m_000011_11' to s3a://raw/olhovivo/posicao/dt=2024-09-23/_temporary/0/task_202409232207515437970494014583287_0000_m_000011
[2024-09-23T22:07:52.990+0000] {ssh.py:524} INFO - 24/09/23 22:07:52 INFO SparkHadoopMapRedUtil: attempt_202409232207515437970494014583287_0000_m_000011_11: Committed. Elapsed time: 69 ms.
[2024-09-23T22:07:52.991+0000] {ssh.py:524} INFO - 24/09/23 22:07:52 INFO Executor: Finished task 11.0 in stage 0.0 (TID 11). 2914 bytes result sent to driver
[2024-09-23T22:07:52.993+0000] {ssh.py:524} INFO - 24/09/23 22:07:52 INFO TaskSetManager: Finished task 11.0 in stage 0.0 (TID 11) in 1356 ms on spark-master (executor driver) (12/12)
[2024-09-23T22:07:52.994+0000] {ssh.py:524} INFO - 24/09/23 22:07:52 INFO TaskSchedulerImpl: Removed TaskSet 0.0, whose tasks have all completed, from pool 
[2024-09-23T22:07:52.995+0000] {ssh.py:524} INFO - 24/09/23 22:07:52 INFO DAGScheduler: ResultStage 0 (save at NativeMethodAccessorImpl.java:0) finished in 1.616 s
[2024-09-23T22:07:52.997+0000] {ssh.py:524} INFO - 24/09/23 22:07:52 INFO DAGScheduler: Job 0 is finished. Cancelling potential speculative or zombie tasks for this job
[2024-09-23T22:07:52.998+0000] {ssh.py:524} INFO - 24/09/23 22:07:52 INFO TaskSchedulerImpl: Killing all running tasks in stage 0: Stage finished
[2024-09-23T22:07:52.999+0000] {ssh.py:524} INFO - 24/09/23 22:07:52 INFO DAGScheduler: Job 0 finished: save at NativeMethodAccessorImpl.java:0, took 1.663260 s
[2024-09-23T22:07:53.001+0000] {ssh.py:524} INFO - 24/09/23 22:07:53 INFO FileFormatWriter: Start to commit write Job 5b2d82f0-cf25-4559-ad8a-0d960485190c.
[2024-09-23T22:07:53.164+0000] {ssh.py:524} INFO - 24/09/23 22:07:53 INFO FileFormatWriter: Write Job 5b2d82f0-cf25-4559-ad8a-0d960485190c committed. Elapsed time: 161 ms.
[2024-09-23T22:07:53.166+0000] {ssh.py:524} INFO - 24/09/23 22:07:53 INFO FileFormatWriter: Finished processing stats for write job 5b2d82f0-cf25-4559-ad8a-0d960485190c.
[2024-09-23T22:07:53.169+0000] {ssh.py:524} INFO - [DEBUG] Done.
[2024-09-23T22:07:53.203+0000] {ssh.py:524} INFO - 24/09/23 22:07:53 INFO SparkContext: Invoking stop() from shutdown hook
[2024-09-23T22:07:53.211+0000] {ssh.py:524} INFO - 24/09/23 22:07:53 INFO SparkUI: Stopped Spark web UI at http://spark-master:4042
[2024-09-23T22:07:53.227+0000] {ssh.py:524} INFO - 24/09/23 22:07:53 INFO MapOutputTrackerMasterEndpoint: MapOutputTrackerMasterEndpoint stopped!
[2024-09-23T22:07:53.237+0000] {ssh.py:524} INFO - 24/09/23 22:07:53 INFO MemoryStore: MemoryStore cleared
[2024-09-23T22:07:53.237+0000] {ssh.py:524} INFO - 24/09/23 22:07:53 INFO BlockManager: BlockManager stopped
[2024-09-23T22:07:53.242+0000] {ssh.py:524} INFO - 24/09/23 22:07:53 INFO BlockManagerMaster: BlockManagerMaster stopped
[2024-09-23T22:07:53.243+0000] {ssh.py:524} INFO - 24/09/23 22:07:53 INFO OutputCommitCoordinator$OutputCommitCoordinatorEndpoint: OutputCommitCoordinator stopped!
[2024-09-23T22:07:53.251+0000] {ssh.py:524} INFO - 24/09/23 22:07:53 INFO SparkContext: Successfully stopped SparkContext
[2024-09-23T22:07:53.251+0000] {ssh.py:524} INFO - 24/09/23 22:07:53 INFO ShutdownHookManager: Shutdown hook called
[2024-09-23T22:07:53.251+0000] {ssh.py:524} INFO - 24/09/23 22:07:53 INFO ShutdownHookManager: Deleting directory /tmp/spark-2911ed8f-84e4-42fe-8155-7daa080409fc
[2024-09-23T22:07:53.253+0000] {ssh.py:524} INFO - 24/09/23 22:07:53 INFO ShutdownHookManager: Deleting directory /tmp/spark-baf0ab07-a973-4292-bef2-ffb0805406b6
[2024-09-23T22:07:53.255+0000] {ssh.py:524} INFO - 24/09/23 22:07:53 INFO ShutdownHookManager: Deleting directory /tmp/spark-2911ed8f-84e4-42fe-8155-7daa080409fc/pyspark-c11ebda8-56a8-4e9d-9324-559b15704dc5
[2024-09-23T22:07:53.260+0000] {ssh.py:524} INFO - 24/09/23 22:07:53 INFO MetricsSystemImpl: Stopping s3a-file-system metrics system...
[2024-09-23T22:07:53.261+0000] {ssh.py:524} INFO - 24/09/23 22:07:53 INFO MetricsSystemImpl: s3a-file-system metrics system stopped.
[2024-09-23T22:07:53.261+0000] {ssh.py:524} INFO - 24/09/23 22:07:53 INFO MetricsSystemImpl: s3a-file-system metrics system shutdown complete.
[2024-09-23T22:07:53.407+0000] {taskinstance.py:1400} INFO - Marking task as SUCCESS. dag_id=raw_ingestion_15min, task_id=spark_raw_ingestion_posicao, execution_date=20240923T214500, start_date=20240923T220736, end_date=20240923T220753
[2024-09-23T22:07:53.453+0000] {local_task_job_runner.py:228} INFO - Task exited with return code 0
[2024-09-23T22:07:53.498+0000] {taskinstance.py:2778} INFO - 1 downstream tasks scheduled from follow-on schedule check
