[2024-09-11T00:34:48.679+0000] {processor.py:157} INFO - Started process (PID=173) to work on /home/airflow/.local/lib/python3.8/site-packages/airflow/example_dags/example_branch_operator.py
[2024-09-11T00:34:48.679+0000] {processor.py:829} INFO - Processing file /home/airflow/.local/lib/python3.8/site-packages/airflow/example_dags/example_branch_operator.py for tasks to queue
[2024-09-11T00:34:48.681+0000] {logging_mixin.py:154} INFO - [2024-09-11T00:34:48.680+0000] {dagbag.py:536} INFO - Filling up the DagBag from /home/airflow/.local/lib/python3.8/site-packages/airflow/example_dags/example_branch_operator.py
[2024-09-11T00:34:48.693+0000] {processor.py:839} INFO - DAG(s) dict_keys(['example_branch_operator']) retrieved from /home/airflow/.local/lib/python3.8/site-packages/airflow/example_dags/example_branch_operator.py
[2024-09-11T00:34:48.760+0000] {logging_mixin.py:154} INFO - [2024-09-11T00:34:48.760+0000] {dag.py:2941} INFO - Sync 1 DAGs
[2024-09-11T00:34:48.794+0000] {logging_mixin.py:154} INFO - [2024-09-11T00:34:48.794+0000] {dag.py:3722} INFO - Setting next_dagrun for example_branch_operator to 2024-09-10T00:00:00+00:00, run_after=2024-09-11T00:00:00+00:00
[2024-09-11T00:34:48.821+0000] {processor.py:179} INFO - Processing /home/airflow/.local/lib/python3.8/site-packages/airflow/example_dags/example_branch_operator.py took 0.145 seconds
[2024-09-11T00:35:19.556+0000] {processor.py:157} INFO - Started process (PID=234) to work on /home/airflow/.local/lib/python3.8/site-packages/airflow/example_dags/example_branch_operator.py
[2024-09-11T00:35:19.556+0000] {processor.py:829} INFO - Processing file /home/airflow/.local/lib/python3.8/site-packages/airflow/example_dags/example_branch_operator.py for tasks to queue
[2024-09-11T00:35:19.558+0000] {logging_mixin.py:154} INFO - [2024-09-11T00:35:19.557+0000] {dagbag.py:536} INFO - Filling up the DagBag from /home/airflow/.local/lib/python3.8/site-packages/airflow/example_dags/example_branch_operator.py
[2024-09-11T00:35:19.566+0000] {processor.py:839} INFO - DAG(s) dict_keys(['example_branch_operator']) retrieved from /home/airflow/.local/lib/python3.8/site-packages/airflow/example_dags/example_branch_operator.py
[2024-09-11T00:35:19.613+0000] {logging_mixin.py:154} INFO - [2024-09-11T00:35:19.612+0000] {dag.py:2941} INFO - Sync 1 DAGs
[2024-09-11T00:35:19.648+0000] {logging_mixin.py:154} INFO - [2024-09-11T00:35:19.647+0000] {dag.py:3722} INFO - Setting next_dagrun for example_branch_operator to 2024-09-10T00:00:00+00:00, run_after=2024-09-11T00:00:00+00:00
[2024-09-11T00:35:19.675+0000] {processor.py:179} INFO - Processing /home/airflow/.local/lib/python3.8/site-packages/airflow/example_dags/example_branch_operator.py took 0.122 seconds
[2024-09-11T00:35:49.999+0000] {processor.py:157} INFO - Started process (PID=288) to work on /home/airflow/.local/lib/python3.8/site-packages/airflow/example_dags/example_branch_operator.py
[2024-09-11T00:35:49.999+0000] {processor.py:829} INFO - Processing file /home/airflow/.local/lib/python3.8/site-packages/airflow/example_dags/example_branch_operator.py for tasks to queue
[2024-09-11T00:35:50.000+0000] {logging_mixin.py:154} INFO - [2024-09-11T00:35:50.000+0000] {dagbag.py:536} INFO - Filling up the DagBag from /home/airflow/.local/lib/python3.8/site-packages/airflow/example_dags/example_branch_operator.py
[2024-09-11T00:35:50.007+0000] {processor.py:839} INFO - DAG(s) dict_keys(['example_branch_operator']) retrieved from /home/airflow/.local/lib/python3.8/site-packages/airflow/example_dags/example_branch_operator.py
[2024-09-11T00:35:50.050+0000] {logging_mixin.py:154} INFO - [2024-09-11T00:35:50.050+0000] {dag.py:2941} INFO - Sync 1 DAGs
[2024-09-11T00:35:50.080+0000] {logging_mixin.py:154} INFO - [2024-09-11T00:35:50.080+0000] {dag.py:3722} INFO - Setting next_dagrun for example_branch_operator to 2024-09-10T00:00:00+00:00, run_after=2024-09-11T00:00:00+00:00
[2024-09-11T00:35:50.104+0000] {processor.py:179} INFO - Processing /home/airflow/.local/lib/python3.8/site-packages/airflow/example_dags/example_branch_operator.py took 0.107 seconds
[2024-09-11T00:36:20.835+0000] {processor.py:157} INFO - Started process (PID=342) to work on /home/airflow/.local/lib/python3.8/site-packages/airflow/example_dags/example_branch_operator.py
[2024-09-11T00:36:20.835+0000] {processor.py:829} INFO - Processing file /home/airflow/.local/lib/python3.8/site-packages/airflow/example_dags/example_branch_operator.py for tasks to queue
[2024-09-11T00:36:20.836+0000] {logging_mixin.py:154} INFO - [2024-09-11T00:36:20.836+0000] {dagbag.py:536} INFO - Filling up the DagBag from /home/airflow/.local/lib/python3.8/site-packages/airflow/example_dags/example_branch_operator.py
[2024-09-11T00:36:20.846+0000] {processor.py:839} INFO - DAG(s) dict_keys(['example_branch_operator']) retrieved from /home/airflow/.local/lib/python3.8/site-packages/airflow/example_dags/example_branch_operator.py
[2024-09-11T00:36:20.893+0000] {logging_mixin.py:154} INFO - [2024-09-11T00:36:20.893+0000] {dag.py:2941} INFO - Sync 1 DAGs
[2024-09-11T00:36:20.923+0000] {logging_mixin.py:154} INFO - [2024-09-11T00:36:20.923+0000] {dag.py:3722} INFO - Setting next_dagrun for example_branch_operator to 2024-09-10T00:00:00+00:00, run_after=2024-09-11T00:00:00+00:00
[2024-09-11T00:36:20.947+0000] {processor.py:179} INFO - Processing /home/airflow/.local/lib/python3.8/site-packages/airflow/example_dags/example_branch_operator.py took 0.115 seconds
[2024-09-11T00:36:51.360+0000] {processor.py:157} INFO - Started process (PID=396) to work on /home/airflow/.local/lib/python3.8/site-packages/airflow/example_dags/example_branch_operator.py
[2024-09-11T00:36:51.360+0000] {processor.py:829} INFO - Processing file /home/airflow/.local/lib/python3.8/site-packages/airflow/example_dags/example_branch_operator.py for tasks to queue
[2024-09-11T00:36:51.361+0000] {logging_mixin.py:154} INFO - [2024-09-11T00:36:51.361+0000] {dagbag.py:536} INFO - Filling up the DagBag from /home/airflow/.local/lib/python3.8/site-packages/airflow/example_dags/example_branch_operator.py
[2024-09-11T00:36:51.369+0000] {processor.py:839} INFO - DAG(s) dict_keys(['example_branch_operator']) retrieved from /home/airflow/.local/lib/python3.8/site-packages/airflow/example_dags/example_branch_operator.py
[2024-09-11T00:36:51.424+0000] {logging_mixin.py:154} INFO - [2024-09-11T00:36:51.424+0000] {dag.py:2941} INFO - Sync 1 DAGs
[2024-09-11T00:36:51.454+0000] {logging_mixin.py:154} INFO - [2024-09-11T00:36:51.454+0000] {dag.py:3722} INFO - Setting next_dagrun for example_branch_operator to 2024-09-10T00:00:00+00:00, run_after=2024-09-11T00:00:00+00:00
[2024-09-11T00:36:51.478+0000] {processor.py:179} INFO - Processing /home/airflow/.local/lib/python3.8/site-packages/airflow/example_dags/example_branch_operator.py took 0.120 seconds
[2024-09-11T00:37:21.854+0000] {processor.py:157} INFO - Started process (PID=450) to work on /home/airflow/.local/lib/python3.8/site-packages/airflow/example_dags/example_branch_operator.py
[2024-09-11T00:37:21.854+0000] {processor.py:829} INFO - Processing file /home/airflow/.local/lib/python3.8/site-packages/airflow/example_dags/example_branch_operator.py for tasks to queue
[2024-09-11T00:37:21.855+0000] {logging_mixin.py:154} INFO - [2024-09-11T00:37:21.855+0000] {dagbag.py:536} INFO - Filling up the DagBag from /home/airflow/.local/lib/python3.8/site-packages/airflow/example_dags/example_branch_operator.py
[2024-09-11T00:37:21.862+0000] {processor.py:839} INFO - DAG(s) dict_keys(['example_branch_operator']) retrieved from /home/airflow/.local/lib/python3.8/site-packages/airflow/example_dags/example_branch_operator.py
[2024-09-11T00:37:21.904+0000] {logging_mixin.py:154} INFO - [2024-09-11T00:37:21.903+0000] {dag.py:2941} INFO - Sync 1 DAGs
[2024-09-11T00:37:21.935+0000] {logging_mixin.py:154} INFO - [2024-09-11T00:37:21.935+0000] {dag.py:3722} INFO - Setting next_dagrun for example_branch_operator to 2024-09-10T00:00:00+00:00, run_after=2024-09-11T00:00:00+00:00
[2024-09-11T00:37:21.957+0000] {processor.py:179} INFO - Processing /home/airflow/.local/lib/python3.8/site-packages/airflow/example_dags/example_branch_operator.py took 0.105 seconds
[2024-09-11T00:37:52.302+0000] {processor.py:157} INFO - Started process (PID=504) to work on /home/airflow/.local/lib/python3.8/site-packages/airflow/example_dags/example_branch_operator.py
[2024-09-11T00:37:52.303+0000] {processor.py:829} INFO - Processing file /home/airflow/.local/lib/python3.8/site-packages/airflow/example_dags/example_branch_operator.py for tasks to queue
[2024-09-11T00:37:52.303+0000] {logging_mixin.py:154} INFO - [2024-09-11T00:37:52.303+0000] {dagbag.py:536} INFO - Filling up the DagBag from /home/airflow/.local/lib/python3.8/site-packages/airflow/example_dags/example_branch_operator.py
[2024-09-11T00:37:52.310+0000] {processor.py:839} INFO - DAG(s) dict_keys(['example_branch_operator']) retrieved from /home/airflow/.local/lib/python3.8/site-packages/airflow/example_dags/example_branch_operator.py
[2024-09-11T00:37:52.351+0000] {logging_mixin.py:154} INFO - [2024-09-11T00:37:52.351+0000] {dag.py:2941} INFO - Sync 1 DAGs
[2024-09-11T00:37:52.383+0000] {logging_mixin.py:154} INFO - [2024-09-11T00:37:52.383+0000] {dag.py:3722} INFO - Setting next_dagrun for example_branch_operator to 2024-09-10T00:00:00+00:00, run_after=2024-09-11T00:00:00+00:00
[2024-09-11T00:37:52.418+0000] {processor.py:179} INFO - Processing /home/airflow/.local/lib/python3.8/site-packages/airflow/example_dags/example_branch_operator.py took 0.118 seconds
[2024-09-11T00:38:22.748+0000] {processor.py:157} INFO - Started process (PID=558) to work on /home/airflow/.local/lib/python3.8/site-packages/airflow/example_dags/example_branch_operator.py
[2024-09-11T00:38:22.748+0000] {processor.py:829} INFO - Processing file /home/airflow/.local/lib/python3.8/site-packages/airflow/example_dags/example_branch_operator.py for tasks to queue
[2024-09-11T00:38:22.749+0000] {logging_mixin.py:154} INFO - [2024-09-11T00:38:22.749+0000] {dagbag.py:536} INFO - Filling up the DagBag from /home/airflow/.local/lib/python3.8/site-packages/airflow/example_dags/example_branch_operator.py
[2024-09-11T00:38:22.756+0000] {processor.py:839} INFO - DAG(s) dict_keys(['example_branch_operator']) retrieved from /home/airflow/.local/lib/python3.8/site-packages/airflow/example_dags/example_branch_operator.py
[2024-09-11T00:38:22.803+0000] {logging_mixin.py:154} INFO - [2024-09-11T00:38:22.803+0000] {dag.py:2941} INFO - Sync 1 DAGs
[2024-09-11T00:38:22.836+0000] {logging_mixin.py:154} INFO - [2024-09-11T00:38:22.835+0000] {dag.py:3722} INFO - Setting next_dagrun for example_branch_operator to 2024-09-10T00:00:00+00:00, run_after=2024-09-11T00:00:00+00:00
[2024-09-11T00:38:22.861+0000] {processor.py:179} INFO - Processing /home/airflow/.local/lib/python3.8/site-packages/airflow/example_dags/example_branch_operator.py took 0.115 seconds
[2024-09-11T00:38:53.462+0000] {processor.py:157} INFO - Started process (PID=612) to work on /home/airflow/.local/lib/python3.8/site-packages/airflow/example_dags/example_branch_operator.py
[2024-09-11T00:38:53.462+0000] {processor.py:829} INFO - Processing file /home/airflow/.local/lib/python3.8/site-packages/airflow/example_dags/example_branch_operator.py for tasks to queue
[2024-09-11T00:38:53.463+0000] {logging_mixin.py:154} INFO - [2024-09-11T00:38:53.463+0000] {dagbag.py:536} INFO - Filling up the DagBag from /home/airflow/.local/lib/python3.8/site-packages/airflow/example_dags/example_branch_operator.py
[2024-09-11T00:38:53.476+0000] {processor.py:839} INFO - DAG(s) dict_keys(['example_branch_operator']) retrieved from /home/airflow/.local/lib/python3.8/site-packages/airflow/example_dags/example_branch_operator.py
[2024-09-11T00:38:53.521+0000] {logging_mixin.py:154} INFO - [2024-09-11T00:38:53.521+0000] {dag.py:2941} INFO - Sync 1 DAGs
[2024-09-11T00:38:53.551+0000] {logging_mixin.py:154} INFO - [2024-09-11T00:38:53.551+0000] {dag.py:3722} INFO - Setting next_dagrun for example_branch_operator to 2024-09-10T00:00:00+00:00, run_after=2024-09-11T00:00:00+00:00
[2024-09-11T00:38:53.577+0000] {processor.py:179} INFO - Processing /home/airflow/.local/lib/python3.8/site-packages/airflow/example_dags/example_branch_operator.py took 0.119 seconds
[2024-09-11T00:39:23.990+0000] {processor.py:157} INFO - Started process (PID=666) to work on /home/airflow/.local/lib/python3.8/site-packages/airflow/example_dags/example_branch_operator.py
[2024-09-11T00:39:23.990+0000] {processor.py:829} INFO - Processing file /home/airflow/.local/lib/python3.8/site-packages/airflow/example_dags/example_branch_operator.py for tasks to queue
[2024-09-11T00:39:23.992+0000] {logging_mixin.py:154} INFO - [2024-09-11T00:39:23.991+0000] {dagbag.py:536} INFO - Filling up the DagBag from /home/airflow/.local/lib/python3.8/site-packages/airflow/example_dags/example_branch_operator.py
[2024-09-11T00:39:24.004+0000] {processor.py:839} INFO - DAG(s) dict_keys(['example_branch_operator']) retrieved from /home/airflow/.local/lib/python3.8/site-packages/airflow/example_dags/example_branch_operator.py
[2024-09-11T00:39:24.070+0000] {logging_mixin.py:154} INFO - [2024-09-11T00:39:24.069+0000] {dag.py:2941} INFO - Sync 1 DAGs
[2024-09-11T00:39:24.119+0000] {logging_mixin.py:154} INFO - [2024-09-11T00:39:24.118+0000] {dag.py:3722} INFO - Setting next_dagrun for example_branch_operator to 2024-09-10T00:00:00+00:00, run_after=2024-09-11T00:00:00+00:00
[2024-09-11T00:39:24.162+0000] {processor.py:179} INFO - Processing /home/airflow/.local/lib/python3.8/site-packages/airflow/example_dags/example_branch_operator.py took 0.175 seconds
[2024-09-11T00:39:54.334+0000] {processor.py:157} INFO - Started process (PID=720) to work on /home/airflow/.local/lib/python3.8/site-packages/airflow/example_dags/example_branch_operator.py
[2024-09-11T00:39:54.334+0000] {processor.py:829} INFO - Processing file /home/airflow/.local/lib/python3.8/site-packages/airflow/example_dags/example_branch_operator.py for tasks to queue
[2024-09-11T00:39:54.335+0000] {logging_mixin.py:154} INFO - [2024-09-11T00:39:54.335+0000] {dagbag.py:536} INFO - Filling up the DagBag from /home/airflow/.local/lib/python3.8/site-packages/airflow/example_dags/example_branch_operator.py
[2024-09-11T00:39:54.342+0000] {processor.py:839} INFO - DAG(s) dict_keys(['example_branch_operator']) retrieved from /home/airflow/.local/lib/python3.8/site-packages/airflow/example_dags/example_branch_operator.py
[2024-09-11T00:39:54.384+0000] {logging_mixin.py:154} INFO - [2024-09-11T00:39:54.384+0000] {dag.py:2941} INFO - Sync 1 DAGs
[2024-09-11T00:39:54.414+0000] {logging_mixin.py:154} INFO - [2024-09-11T00:39:54.414+0000] {dag.py:3722} INFO - Setting next_dagrun for example_branch_operator to 2024-09-10T00:00:00+00:00, run_after=2024-09-11T00:00:00+00:00
[2024-09-11T00:39:54.440+0000] {processor.py:179} INFO - Processing /home/airflow/.local/lib/python3.8/site-packages/airflow/example_dags/example_branch_operator.py took 0.109 seconds
[2024-09-11T00:40:24.811+0000] {processor.py:157} INFO - Started process (PID=774) to work on /home/airflow/.local/lib/python3.8/site-packages/airflow/example_dags/example_branch_operator.py
[2024-09-11T00:40:24.812+0000] {processor.py:829} INFO - Processing file /home/airflow/.local/lib/python3.8/site-packages/airflow/example_dags/example_branch_operator.py for tasks to queue
[2024-09-11T00:40:24.813+0000] {logging_mixin.py:154} INFO - [2024-09-11T00:40:24.813+0000] {dagbag.py:536} INFO - Filling up the DagBag from /home/airflow/.local/lib/python3.8/site-packages/airflow/example_dags/example_branch_operator.py
[2024-09-11T00:40:24.824+0000] {processor.py:839} INFO - DAG(s) dict_keys(['example_branch_operator']) retrieved from /home/airflow/.local/lib/python3.8/site-packages/airflow/example_dags/example_branch_operator.py
[2024-09-11T00:40:24.881+0000] {logging_mixin.py:154} INFO - [2024-09-11T00:40:24.880+0000] {dag.py:2941} INFO - Sync 1 DAGs
[2024-09-11T00:40:24.916+0000] {logging_mixin.py:154} INFO - [2024-09-11T00:40:24.915+0000] {dag.py:3722} INFO - Setting next_dagrun for example_branch_operator to 2024-09-10T00:00:00+00:00, run_after=2024-09-11T00:00:00+00:00
[2024-09-11T00:40:24.948+0000] {processor.py:179} INFO - Processing /home/airflow/.local/lib/python3.8/site-packages/airflow/example_dags/example_branch_operator.py took 0.140 seconds
[2024-09-11T00:40:55.252+0000] {processor.py:157} INFO - Started process (PID=828) to work on /home/airflow/.local/lib/python3.8/site-packages/airflow/example_dags/example_branch_operator.py
[2024-09-11T00:40:55.253+0000] {processor.py:829} INFO - Processing file /home/airflow/.local/lib/python3.8/site-packages/airflow/example_dags/example_branch_operator.py for tasks to queue
[2024-09-11T00:40:55.253+0000] {logging_mixin.py:154} INFO - [2024-09-11T00:40:55.253+0000] {dagbag.py:536} INFO - Filling up the DagBag from /home/airflow/.local/lib/python3.8/site-packages/airflow/example_dags/example_branch_operator.py
[2024-09-11T00:40:55.261+0000] {processor.py:839} INFO - DAG(s) dict_keys(['example_branch_operator']) retrieved from /home/airflow/.local/lib/python3.8/site-packages/airflow/example_dags/example_branch_operator.py
[2024-09-11T00:40:55.486+0000] {logging_mixin.py:154} INFO - [2024-09-11T00:40:55.486+0000] {dag.py:2941} INFO - Sync 1 DAGs
[2024-09-11T00:40:55.499+0000] {logging_mixin.py:154} INFO - [2024-09-11T00:40:55.499+0000] {dag.py:2963} INFO - Creating ORM DAG for example_branch_operator
[2024-09-11T00:40:55.513+0000] {logging_mixin.py:154} INFO - [2024-09-11T00:40:55.513+0000] {dag.py:3722} INFO - Setting next_dagrun for example_branch_operator to 2024-09-10T00:00:00+00:00, run_after=2024-09-11T00:00:00+00:00
[2024-09-11T00:40:55.538+0000] {processor.py:179} INFO - Processing /home/airflow/.local/lib/python3.8/site-packages/airflow/example_dags/example_branch_operator.py took 0.288 seconds
[2024-09-11T00:41:26.138+0000] {processor.py:157} INFO - Started process (PID=882) to work on /home/airflow/.local/lib/python3.8/site-packages/airflow/example_dags/example_branch_operator.py
[2024-09-11T00:41:26.140+0000] {processor.py:829} INFO - Processing file /home/airflow/.local/lib/python3.8/site-packages/airflow/example_dags/example_branch_operator.py for tasks to queue
[2024-09-11T00:41:26.141+0000] {logging_mixin.py:154} INFO - [2024-09-11T00:41:26.141+0000] {dagbag.py:536} INFO - Filling up the DagBag from /home/airflow/.local/lib/python3.8/site-packages/airflow/example_dags/example_branch_operator.py
[2024-09-11T00:41:26.150+0000] {processor.py:839} INFO - DAG(s) dict_keys(['example_branch_operator']) retrieved from /home/airflow/.local/lib/python3.8/site-packages/airflow/example_dags/example_branch_operator.py
[2024-09-11T00:41:26.287+0000] {logging_mixin.py:154} INFO - [2024-09-11T00:41:26.287+0000] {dag.py:2941} INFO - Sync 1 DAGs
[2024-09-11T00:41:26.477+0000] {logging_mixin.py:154} INFO - [2024-09-11T00:41:26.477+0000] {dag.py:2963} INFO - Creating ORM DAG for example_branch_operator
[2024-09-11T00:41:26.505+0000] {logging_mixin.py:154} INFO - [2024-09-11T00:41:26.505+0000] {dag.py:3722} INFO - Setting next_dagrun for example_branch_operator to 2024-09-10T00:00:00+00:00, run_after=2024-09-11T00:00:00+00:00
[2024-09-11T00:41:26.544+0000] {processor.py:179} INFO - Processing /home/airflow/.local/lib/python3.8/site-packages/airflow/example_dags/example_branch_operator.py took 0.410 seconds
[2024-09-11T00:41:57.091+0000] {processor.py:157} INFO - Started process (PID=936) to work on /home/airflow/.local/lib/python3.8/site-packages/airflow/example_dags/example_branch_operator.py
[2024-09-11T00:41:57.092+0000] {processor.py:829} INFO - Processing file /home/airflow/.local/lib/python3.8/site-packages/airflow/example_dags/example_branch_operator.py for tasks to queue
[2024-09-11T00:41:57.092+0000] {logging_mixin.py:154} INFO - [2024-09-11T00:41:57.092+0000] {dagbag.py:536} INFO - Filling up the DagBag from /home/airflow/.local/lib/python3.8/site-packages/airflow/example_dags/example_branch_operator.py
[2024-09-11T00:41:57.100+0000] {processor.py:839} INFO - DAG(s) dict_keys(['example_branch_operator']) retrieved from /home/airflow/.local/lib/python3.8/site-packages/airflow/example_dags/example_branch_operator.py
[2024-09-11T00:41:57.153+0000] {logging_mixin.py:154} INFO - [2024-09-11T00:41:57.153+0000] {dag.py:2941} INFO - Sync 1 DAGs
[2024-09-11T00:41:57.185+0000] {logging_mixin.py:154} INFO - [2024-09-11T00:41:57.184+0000] {dag.py:3722} INFO - Setting next_dagrun for example_branch_operator to 2024-09-10T00:00:00+00:00, run_after=2024-09-11T00:00:00+00:00
[2024-09-11T00:41:57.359+0000] {processor.py:179} INFO - Processing /home/airflow/.local/lib/python3.8/site-packages/airflow/example_dags/example_branch_operator.py took 0.271 seconds
[2024-09-11T00:42:27.584+0000] {processor.py:157} INFO - Started process (PID=990) to work on /home/airflow/.local/lib/python3.8/site-packages/airflow/example_dags/example_branch_operator.py
[2024-09-11T00:42:27.584+0000] {processor.py:829} INFO - Processing file /home/airflow/.local/lib/python3.8/site-packages/airflow/example_dags/example_branch_operator.py for tasks to queue
[2024-09-11T00:42:27.585+0000] {logging_mixin.py:154} INFO - [2024-09-11T00:42:27.585+0000] {dagbag.py:536} INFO - Filling up the DagBag from /home/airflow/.local/lib/python3.8/site-packages/airflow/example_dags/example_branch_operator.py
[2024-09-11T00:42:27.592+0000] {processor.py:839} INFO - DAG(s) dict_keys(['example_branch_operator']) retrieved from /home/airflow/.local/lib/python3.8/site-packages/airflow/example_dags/example_branch_operator.py
[2024-09-11T00:42:27.634+0000] {logging_mixin.py:154} INFO - [2024-09-11T00:42:27.634+0000] {dag.py:2941} INFO - Sync 1 DAGs
[2024-09-11T00:42:27.661+0000] {logging_mixin.py:154} INFO - [2024-09-11T00:42:27.661+0000] {dag.py:3722} INFO - Setting next_dagrun for example_branch_operator to 2024-09-10T00:00:00+00:00, run_after=2024-09-11T00:00:00+00:00
[2024-09-11T00:42:27.684+0000] {processor.py:179} INFO - Processing /home/airflow/.local/lib/python3.8/site-packages/airflow/example_dags/example_branch_operator.py took 0.104 seconds
[2024-09-11T00:42:57.930+0000] {processor.py:157} INFO - Started process (PID=1044) to work on /home/airflow/.local/lib/python3.8/site-packages/airflow/example_dags/example_branch_operator.py
[2024-09-11T00:42:57.931+0000] {processor.py:829} INFO - Processing file /home/airflow/.local/lib/python3.8/site-packages/airflow/example_dags/example_branch_operator.py for tasks to queue
[2024-09-11T00:42:57.932+0000] {logging_mixin.py:154} INFO - [2024-09-11T00:42:57.932+0000] {dagbag.py:536} INFO - Filling up the DagBag from /home/airflow/.local/lib/python3.8/site-packages/airflow/example_dags/example_branch_operator.py
[2024-09-11T00:42:57.940+0000] {processor.py:839} INFO - DAG(s) dict_keys(['example_branch_operator']) retrieved from /home/airflow/.local/lib/python3.8/site-packages/airflow/example_dags/example_branch_operator.py
[2024-09-11T00:42:57.986+0000] {logging_mixin.py:154} INFO - [2024-09-11T00:42:57.986+0000] {dag.py:2941} INFO - Sync 1 DAGs
[2024-09-11T00:42:58.016+0000] {logging_mixin.py:154} INFO - [2024-09-11T00:42:58.016+0000] {dag.py:3722} INFO - Setting next_dagrun for example_branch_operator to 2024-09-10T00:00:00+00:00, run_after=2024-09-11T00:00:00+00:00
[2024-09-11T00:42:58.041+0000] {processor.py:179} INFO - Processing /home/airflow/.local/lib/python3.8/site-packages/airflow/example_dags/example_branch_operator.py took 0.113 seconds
[2024-09-11T00:43:28.981+0000] {processor.py:157} INFO - Started process (PID=1098) to work on /home/airflow/.local/lib/python3.8/site-packages/airflow/example_dags/example_branch_operator.py
[2024-09-11T00:43:28.982+0000] {processor.py:829} INFO - Processing file /home/airflow/.local/lib/python3.8/site-packages/airflow/example_dags/example_branch_operator.py for tasks to queue
[2024-09-11T00:43:28.983+0000] {logging_mixin.py:154} INFO - [2024-09-11T00:43:28.983+0000] {dagbag.py:536} INFO - Filling up the DagBag from /home/airflow/.local/lib/python3.8/site-packages/airflow/example_dags/example_branch_operator.py
[2024-09-11T00:43:28.991+0000] {processor.py:839} INFO - DAG(s) dict_keys(['example_branch_operator']) retrieved from /home/airflow/.local/lib/python3.8/site-packages/airflow/example_dags/example_branch_operator.py
[2024-09-11T00:43:29.037+0000] {logging_mixin.py:154} INFO - [2024-09-11T00:43:29.037+0000] {dag.py:2941} INFO - Sync 1 DAGs
[2024-09-11T00:43:29.075+0000] {logging_mixin.py:154} INFO - [2024-09-11T00:43:29.075+0000] {dag.py:3722} INFO - Setting next_dagrun for example_branch_operator to 2024-09-10T00:00:00+00:00, run_after=2024-09-11T00:00:00+00:00
[2024-09-11T00:43:29.102+0000] {processor.py:179} INFO - Processing /home/airflow/.local/lib/python3.8/site-packages/airflow/example_dags/example_branch_operator.py took 0.123 seconds
[2024-09-11T00:43:59.172+0000] {processor.py:157} INFO - Started process (PID=1152) to work on /home/airflow/.local/lib/python3.8/site-packages/airflow/example_dags/example_branch_operator.py
[2024-09-11T00:43:59.172+0000] {processor.py:829} INFO - Processing file /home/airflow/.local/lib/python3.8/site-packages/airflow/example_dags/example_branch_operator.py for tasks to queue
[2024-09-11T00:43:59.173+0000] {logging_mixin.py:154} INFO - [2024-09-11T00:43:59.173+0000] {dagbag.py:536} INFO - Filling up the DagBag from /home/airflow/.local/lib/python3.8/site-packages/airflow/example_dags/example_branch_operator.py
[2024-09-11T00:43:59.183+0000] {processor.py:839} INFO - DAG(s) dict_keys(['example_branch_operator']) retrieved from /home/airflow/.local/lib/python3.8/site-packages/airflow/example_dags/example_branch_operator.py
[2024-09-11T00:43:59.225+0000] {logging_mixin.py:154} INFO - [2024-09-11T00:43:59.225+0000] {dag.py:2941} INFO - Sync 1 DAGs
[2024-09-11T00:43:59.253+0000] {logging_mixin.py:154} INFO - [2024-09-11T00:43:59.253+0000] {dag.py:3722} INFO - Setting next_dagrun for example_branch_operator to 2024-09-10T00:00:00+00:00, run_after=2024-09-11T00:00:00+00:00
[2024-09-11T00:43:59.406+0000] {processor.py:179} INFO - Processing /home/airflow/.local/lib/python3.8/site-packages/airflow/example_dags/example_branch_operator.py took 0.237 seconds
[2024-09-11T00:44:29.709+0000] {processor.py:157} INFO - Started process (PID=1206) to work on /home/airflow/.local/lib/python3.8/site-packages/airflow/example_dags/example_branch_operator.py
[2024-09-11T00:44:29.710+0000] {processor.py:829} INFO - Processing file /home/airflow/.local/lib/python3.8/site-packages/airflow/example_dags/example_branch_operator.py for tasks to queue
[2024-09-11T00:44:29.711+0000] {logging_mixin.py:154} INFO - [2024-09-11T00:44:29.710+0000] {dagbag.py:536} INFO - Filling up the DagBag from /home/airflow/.local/lib/python3.8/site-packages/airflow/example_dags/example_branch_operator.py
[2024-09-11T00:44:29.724+0000] {processor.py:839} INFO - DAG(s) dict_keys(['example_branch_operator']) retrieved from /home/airflow/.local/lib/python3.8/site-packages/airflow/example_dags/example_branch_operator.py
[2024-09-11T00:44:29.768+0000] {logging_mixin.py:154} INFO - [2024-09-11T00:44:29.767+0000] {dag.py:2941} INFO - Sync 1 DAGs
[2024-09-11T00:44:29.800+0000] {logging_mixin.py:154} INFO - [2024-09-11T00:44:29.799+0000] {dag.py:3722} INFO - Setting next_dagrun for example_branch_operator to 2024-09-10T00:00:00+00:00, run_after=2024-09-11T00:00:00+00:00
[2024-09-11T00:44:29.821+0000] {processor.py:179} INFO - Processing /home/airflow/.local/lib/python3.8/site-packages/airflow/example_dags/example_branch_operator.py took 0.114 seconds
[2024-09-11T00:45:00.111+0000] {processor.py:157} INFO - Started process (PID=1260) to work on /home/airflow/.local/lib/python3.8/site-packages/airflow/example_dags/example_branch_operator.py
[2024-09-11T00:45:00.112+0000] {processor.py:829} INFO - Processing file /home/airflow/.local/lib/python3.8/site-packages/airflow/example_dags/example_branch_operator.py for tasks to queue
[2024-09-11T00:45:00.113+0000] {logging_mixin.py:154} INFO - [2024-09-11T00:45:00.112+0000] {dagbag.py:536} INFO - Filling up the DagBag from /home/airflow/.local/lib/python3.8/site-packages/airflow/example_dags/example_branch_operator.py
[2024-09-11T00:45:00.121+0000] {processor.py:839} INFO - DAG(s) dict_keys(['example_branch_operator']) retrieved from /home/airflow/.local/lib/python3.8/site-packages/airflow/example_dags/example_branch_operator.py
[2024-09-11T00:45:00.169+0000] {logging_mixin.py:154} INFO - [2024-09-11T00:45:00.169+0000] {dag.py:2941} INFO - Sync 1 DAGs
[2024-09-11T00:45:00.197+0000] {logging_mixin.py:154} INFO - [2024-09-11T00:45:00.197+0000] {dag.py:3722} INFO - Setting next_dagrun for example_branch_operator to 2024-09-10T00:00:00+00:00, run_after=2024-09-11T00:00:00+00:00
[2024-09-11T00:45:00.224+0000] {processor.py:179} INFO - Processing /home/airflow/.local/lib/python3.8/site-packages/airflow/example_dags/example_branch_operator.py took 0.115 seconds
[2024-09-11T00:45:30.852+0000] {processor.py:157} INFO - Started process (PID=1320) to work on /home/airflow/.local/lib/python3.8/site-packages/airflow/example_dags/example_branch_operator.py
[2024-09-11T00:45:30.852+0000] {processor.py:829} INFO - Processing file /home/airflow/.local/lib/python3.8/site-packages/airflow/example_dags/example_branch_operator.py for tasks to queue
[2024-09-11T00:45:30.853+0000] {logging_mixin.py:154} INFO - [2024-09-11T00:45:30.853+0000] {dagbag.py:536} INFO - Filling up the DagBag from /home/airflow/.local/lib/python3.8/site-packages/airflow/example_dags/example_branch_operator.py
[2024-09-11T00:45:30.860+0000] {processor.py:839} INFO - DAG(s) dict_keys(['example_branch_operator']) retrieved from /home/airflow/.local/lib/python3.8/site-packages/airflow/example_dags/example_branch_operator.py
[2024-09-11T00:45:30.910+0000] {logging_mixin.py:154} INFO - [2024-09-11T00:45:30.910+0000] {dag.py:2941} INFO - Sync 1 DAGs
[2024-09-11T00:45:31.061+0000] {logging_mixin.py:154} INFO - [2024-09-11T00:45:31.061+0000] {dag.py:3722} INFO - Setting next_dagrun for example_branch_operator to 2024-09-10T00:00:00+00:00, run_after=2024-09-11T00:00:00+00:00
[2024-09-11T00:45:31.081+0000] {processor.py:179} INFO - Processing /home/airflow/.local/lib/python3.8/site-packages/airflow/example_dags/example_branch_operator.py took 0.231 seconds
[2024-09-11T00:46:01.423+0000] {processor.py:157} INFO - Started process (PID=1381) to work on /home/airflow/.local/lib/python3.8/site-packages/airflow/example_dags/example_branch_operator.py
[2024-09-11T00:46:01.424+0000] {processor.py:829} INFO - Processing file /home/airflow/.local/lib/python3.8/site-packages/airflow/example_dags/example_branch_operator.py for tasks to queue
[2024-09-11T00:46:01.425+0000] {logging_mixin.py:154} INFO - [2024-09-11T00:46:01.425+0000] {dagbag.py:536} INFO - Filling up the DagBag from /home/airflow/.local/lib/python3.8/site-packages/airflow/example_dags/example_branch_operator.py
[2024-09-11T00:46:01.432+0000] {processor.py:839} INFO - DAG(s) dict_keys(['example_branch_operator']) retrieved from /home/airflow/.local/lib/python3.8/site-packages/airflow/example_dags/example_branch_operator.py
[2024-09-11T00:46:01.469+0000] {logging_mixin.py:154} INFO - [2024-09-11T00:46:01.468+0000] {dag.py:2941} INFO - Sync 1 DAGs
[2024-09-11T00:46:01.501+0000] {logging_mixin.py:154} INFO - [2024-09-11T00:46:01.501+0000] {dag.py:3722} INFO - Setting next_dagrun for example_branch_operator to 2024-09-10T00:00:00+00:00, run_after=2024-09-11T00:00:00+00:00
[2024-09-11T00:46:01.643+0000] {processor.py:179} INFO - Processing /home/airflow/.local/lib/python3.8/site-packages/airflow/example_dags/example_branch_operator.py took 0.221 seconds
[2024-09-11T00:46:31.967+0000] {processor.py:157} INFO - Started process (PID=1436) to work on /home/airflow/.local/lib/python3.8/site-packages/airflow/example_dags/example_branch_operator.py
[2024-09-11T00:46:31.968+0000] {processor.py:829} INFO - Processing file /home/airflow/.local/lib/python3.8/site-packages/airflow/example_dags/example_branch_operator.py for tasks to queue
[2024-09-11T00:46:31.968+0000] {logging_mixin.py:154} INFO - [2024-09-11T00:46:31.968+0000] {dagbag.py:536} INFO - Filling up the DagBag from /home/airflow/.local/lib/python3.8/site-packages/airflow/example_dags/example_branch_operator.py
[2024-09-11T00:46:31.976+0000] {processor.py:839} INFO - DAG(s) dict_keys(['example_branch_operator']) retrieved from /home/airflow/.local/lib/python3.8/site-packages/airflow/example_dags/example_branch_operator.py
[2024-09-11T00:46:32.025+0000] {logging_mixin.py:154} INFO - [2024-09-11T00:46:32.024+0000] {dag.py:2941} INFO - Sync 1 DAGs
[2024-09-11T00:46:32.069+0000] {logging_mixin.py:154} INFO - [2024-09-11T00:46:32.069+0000] {dag.py:3722} INFO - Setting next_dagrun for example_branch_operator to 2024-09-10T00:00:00+00:00, run_after=2024-09-11T00:00:00+00:00
[2024-09-11T00:46:32.096+0000] {processor.py:179} INFO - Processing /home/airflow/.local/lib/python3.8/site-packages/airflow/example_dags/example_branch_operator.py took 0.131 seconds
