[2024-09-11T00:34:48.993+0000] {processor.py:157} INFO - Started process (PID=185) to work on /home/airflow/.local/lib/python3.8/site-packages/airflow/example_dags/example_task_group_decorator.py
[2024-09-11T00:34:48.993+0000] {processor.py:829} INFO - Processing file /home/airflow/.local/lib/python3.8/site-packages/airflow/example_dags/example_task_group_decorator.py for tasks to queue
[2024-09-11T00:34:48.994+0000] {logging_mixin.py:154} INFO - [2024-09-11T00:34:48.994+0000] {dagbag.py:536} INFO - Filling up the DagBag from /home/airflow/.local/lib/python3.8/site-packages/airflow/example_dags/example_task_group_decorator.py
[2024-09-11T00:34:49.012+0000] {processor.py:839} INFO - DAG(s) dict_keys(['example_task_group_decorator']) retrieved from /home/airflow/.local/lib/python3.8/site-packages/airflow/example_dags/example_task_group_decorator.py
[2024-09-11T00:34:49.106+0000] {logging_mixin.py:154} INFO - [2024-09-11T00:34:49.106+0000] {dag.py:2941} INFO - Sync 1 DAGs
[2024-09-11T00:34:49.141+0000] {logging_mixin.py:154} INFO - [2024-09-11T00:34:49.140+0000] {dag.py:3722} INFO - Setting next_dagrun for example_task_group_decorator to 2024-09-10T00:34:49.140801+00:00, run_after=2024-09-11T00:34:49.140801+00:00
[2024-09-11T00:34:49.170+0000] {processor.py:179} INFO - Processing /home/airflow/.local/lib/python3.8/site-packages/airflow/example_dags/example_task_group_decorator.py took 0.180 seconds
[2024-09-11T00:35:19.864+0000] {processor.py:157} INFO - Started process (PID=239) to work on /home/airflow/.local/lib/python3.8/site-packages/airflow/example_dags/example_task_group_decorator.py
[2024-09-11T00:35:19.865+0000] {processor.py:829} INFO - Processing file /home/airflow/.local/lib/python3.8/site-packages/airflow/example_dags/example_task_group_decorator.py for tasks to queue
[2024-09-11T00:35:19.866+0000] {logging_mixin.py:154} INFO - [2024-09-11T00:35:19.865+0000] {dagbag.py:536} INFO - Filling up the DagBag from /home/airflow/.local/lib/python3.8/site-packages/airflow/example_dags/example_task_group_decorator.py
[2024-09-11T00:35:19.878+0000] {processor.py:839} INFO - DAG(s) dict_keys(['example_task_group_decorator']) retrieved from /home/airflow/.local/lib/python3.8/site-packages/airflow/example_dags/example_task_group_decorator.py
[2024-09-11T00:35:19.924+0000] {logging_mixin.py:154} INFO - [2024-09-11T00:35:19.924+0000] {dag.py:2941} INFO - Sync 1 DAGs
[2024-09-11T00:35:19.954+0000] {logging_mixin.py:154} INFO - [2024-09-11T00:35:19.954+0000] {dag.py:3722} INFO - Setting next_dagrun for example_task_group_decorator to 2024-09-10T00:35:19.953928+00:00, run_after=2024-09-11T00:35:19.953928+00:00
[2024-09-11T00:35:19.979+0000] {processor.py:179} INFO - Processing /home/airflow/.local/lib/python3.8/site-packages/airflow/example_dags/example_task_group_decorator.py took 0.117 seconds
[2024-09-11T00:35:50.387+0000] {processor.py:157} INFO - Started process (PID=293) to work on /home/airflow/.local/lib/python3.8/site-packages/airflow/example_dags/example_task_group_decorator.py
[2024-09-11T00:35:50.388+0000] {processor.py:829} INFO - Processing file /home/airflow/.local/lib/python3.8/site-packages/airflow/example_dags/example_task_group_decorator.py for tasks to queue
[2024-09-11T00:35:50.388+0000] {logging_mixin.py:154} INFO - [2024-09-11T00:35:50.388+0000] {dagbag.py:536} INFO - Filling up the DagBag from /home/airflow/.local/lib/python3.8/site-packages/airflow/example_dags/example_task_group_decorator.py
[2024-09-11T00:35:50.402+0000] {processor.py:839} INFO - DAG(s) dict_keys(['example_task_group_decorator']) retrieved from /home/airflow/.local/lib/python3.8/site-packages/airflow/example_dags/example_task_group_decorator.py
[2024-09-11T00:35:50.448+0000] {logging_mixin.py:154} INFO - [2024-09-11T00:35:50.448+0000] {dag.py:2941} INFO - Sync 1 DAGs
[2024-09-11T00:35:50.475+0000] {logging_mixin.py:154} INFO - [2024-09-11T00:35:50.475+0000] {dag.py:3722} INFO - Setting next_dagrun for example_task_group_decorator to 2024-09-10T00:35:50.475399+00:00, run_after=2024-09-11T00:35:50.475399+00:00
[2024-09-11T00:35:50.501+0000] {processor.py:179} INFO - Processing /home/airflow/.local/lib/python3.8/site-packages/airflow/example_dags/example_task_group_decorator.py took 0.117 seconds
[2024-09-11T00:36:21.281+0000] {processor.py:157} INFO - Started process (PID=347) to work on /home/airflow/.local/lib/python3.8/site-packages/airflow/example_dags/example_task_group_decorator.py
[2024-09-11T00:36:21.282+0000] {processor.py:829} INFO - Processing file /home/airflow/.local/lib/python3.8/site-packages/airflow/example_dags/example_task_group_decorator.py for tasks to queue
[2024-09-11T00:36:21.283+0000] {logging_mixin.py:154} INFO - [2024-09-11T00:36:21.283+0000] {dagbag.py:536} INFO - Filling up the DagBag from /home/airflow/.local/lib/python3.8/site-packages/airflow/example_dags/example_task_group_decorator.py
[2024-09-11T00:36:21.299+0000] {processor.py:839} INFO - DAG(s) dict_keys(['example_task_group_decorator']) retrieved from /home/airflow/.local/lib/python3.8/site-packages/airflow/example_dags/example_task_group_decorator.py
[2024-09-11T00:36:21.355+0000] {logging_mixin.py:154} INFO - [2024-09-11T00:36:21.355+0000] {dag.py:2941} INFO - Sync 1 DAGs
[2024-09-11T00:36:21.391+0000] {logging_mixin.py:154} INFO - [2024-09-11T00:36:21.390+0000] {dag.py:3722} INFO - Setting next_dagrun for example_task_group_decorator to 2024-09-10T00:36:21.390686+00:00, run_after=2024-09-11T00:36:21.390686+00:00
[2024-09-11T00:36:21.417+0000] {processor.py:179} INFO - Processing /home/airflow/.local/lib/python3.8/site-packages/airflow/example_dags/example_task_group_decorator.py took 0.139 seconds
[2024-09-11T00:36:51.677+0000] {processor.py:157} INFO - Started process (PID=401) to work on /home/airflow/.local/lib/python3.8/site-packages/airflow/example_dags/example_task_group_decorator.py
[2024-09-11T00:36:51.677+0000] {processor.py:829} INFO - Processing file /home/airflow/.local/lib/python3.8/site-packages/airflow/example_dags/example_task_group_decorator.py for tasks to queue
[2024-09-11T00:36:51.678+0000] {logging_mixin.py:154} INFO - [2024-09-11T00:36:51.678+0000] {dagbag.py:536} INFO - Filling up the DagBag from /home/airflow/.local/lib/python3.8/site-packages/airflow/example_dags/example_task_group_decorator.py
[2024-09-11T00:36:51.692+0000] {processor.py:839} INFO - DAG(s) dict_keys(['example_task_group_decorator']) retrieved from /home/airflow/.local/lib/python3.8/site-packages/airflow/example_dags/example_task_group_decorator.py
[2024-09-11T00:36:51.737+0000] {logging_mixin.py:154} INFO - [2024-09-11T00:36:51.737+0000] {dag.py:2941} INFO - Sync 1 DAGs
[2024-09-11T00:36:51.765+0000] {logging_mixin.py:154} INFO - [2024-09-11T00:36:51.765+0000] {dag.py:3722} INFO - Setting next_dagrun for example_task_group_decorator to 2024-09-10T00:36:51.765544+00:00, run_after=2024-09-11T00:36:51.765544+00:00
[2024-09-11T00:36:51.789+0000] {processor.py:179} INFO - Processing /home/airflow/.local/lib/python3.8/site-packages/airflow/example_dags/example_task_group_decorator.py took 0.115 seconds
[2024-09-11T00:37:22.178+0000] {processor.py:157} INFO - Started process (PID=455) to work on /home/airflow/.local/lib/python3.8/site-packages/airflow/example_dags/example_task_group_decorator.py
[2024-09-11T00:37:22.179+0000] {processor.py:829} INFO - Processing file /home/airflow/.local/lib/python3.8/site-packages/airflow/example_dags/example_task_group_decorator.py for tasks to queue
[2024-09-11T00:37:22.181+0000] {logging_mixin.py:154} INFO - [2024-09-11T00:37:22.180+0000] {dagbag.py:536} INFO - Filling up the DagBag from /home/airflow/.local/lib/python3.8/site-packages/airflow/example_dags/example_task_group_decorator.py
[2024-09-11T00:37:22.196+0000] {processor.py:839} INFO - DAG(s) dict_keys(['example_task_group_decorator']) retrieved from /home/airflow/.local/lib/python3.8/site-packages/airflow/example_dags/example_task_group_decorator.py
[2024-09-11T00:37:22.246+0000] {logging_mixin.py:154} INFO - [2024-09-11T00:37:22.246+0000] {dag.py:2941} INFO - Sync 1 DAGs
[2024-09-11T00:37:22.277+0000] {logging_mixin.py:154} INFO - [2024-09-11T00:37:22.276+0000] {dag.py:3722} INFO - Setting next_dagrun for example_task_group_decorator to 2024-09-10T00:37:22.276768+00:00, run_after=2024-09-11T00:37:22.276768+00:00
[2024-09-11T00:37:22.303+0000] {processor.py:179} INFO - Processing /home/airflow/.local/lib/python3.8/site-packages/airflow/example_dags/example_task_group_decorator.py took 0.128 seconds
[2024-09-11T00:37:52.577+0000] {processor.py:157} INFO - Started process (PID=509) to work on /home/airflow/.local/lib/python3.8/site-packages/airflow/example_dags/example_task_group_decorator.py
[2024-09-11T00:37:52.578+0000] {processor.py:829} INFO - Processing file /home/airflow/.local/lib/python3.8/site-packages/airflow/example_dags/example_task_group_decorator.py for tasks to queue
[2024-09-11T00:37:52.579+0000] {logging_mixin.py:154} INFO - [2024-09-11T00:37:52.578+0000] {dagbag.py:536} INFO - Filling up the DagBag from /home/airflow/.local/lib/python3.8/site-packages/airflow/example_dags/example_task_group_decorator.py
[2024-09-11T00:37:52.591+0000] {processor.py:839} INFO - DAG(s) dict_keys(['example_task_group_decorator']) retrieved from /home/airflow/.local/lib/python3.8/site-packages/airflow/example_dags/example_task_group_decorator.py
[2024-09-11T00:37:52.633+0000] {logging_mixin.py:154} INFO - [2024-09-11T00:37:52.632+0000] {dag.py:2941} INFO - Sync 1 DAGs
[2024-09-11T00:37:52.660+0000] {logging_mixin.py:154} INFO - [2024-09-11T00:37:52.659+0000] {dag.py:3722} INFO - Setting next_dagrun for example_task_group_decorator to 2024-09-10T00:37:52.659640+00:00, run_after=2024-09-11T00:37:52.659640+00:00
[2024-09-11T00:37:52.681+0000] {processor.py:179} INFO - Processing /home/airflow/.local/lib/python3.8/site-packages/airflow/example_dags/example_task_group_decorator.py took 0.106 seconds
[2024-09-11T00:38:23.110+0000] {processor.py:157} INFO - Started process (PID=563) to work on /home/airflow/.local/lib/python3.8/site-packages/airflow/example_dags/example_task_group_decorator.py
[2024-09-11T00:38:23.111+0000] {processor.py:829} INFO - Processing file /home/airflow/.local/lib/python3.8/site-packages/airflow/example_dags/example_task_group_decorator.py for tasks to queue
[2024-09-11T00:38:23.112+0000] {logging_mixin.py:154} INFO - [2024-09-11T00:38:23.111+0000] {dagbag.py:536} INFO - Filling up the DagBag from /home/airflow/.local/lib/python3.8/site-packages/airflow/example_dags/example_task_group_decorator.py
[2024-09-11T00:38:23.125+0000] {processor.py:839} INFO - DAG(s) dict_keys(['example_task_group_decorator']) retrieved from /home/airflow/.local/lib/python3.8/site-packages/airflow/example_dags/example_task_group_decorator.py
[2024-09-11T00:38:23.171+0000] {logging_mixin.py:154} INFO - [2024-09-11T00:38:23.171+0000] {dag.py:2941} INFO - Sync 1 DAGs
[2024-09-11T00:38:23.197+0000] {logging_mixin.py:154} INFO - [2024-09-11T00:38:23.197+0000] {dag.py:3722} INFO - Setting next_dagrun for example_task_group_decorator to 2024-09-10T00:38:23.196836+00:00, run_after=2024-09-11T00:38:23.196836+00:00
[2024-09-11T00:38:23.222+0000] {processor.py:179} INFO - Processing /home/airflow/.local/lib/python3.8/site-packages/airflow/example_dags/example_task_group_decorator.py took 0.115 seconds
[2024-09-11T00:38:53.830+0000] {processor.py:157} INFO - Started process (PID=617) to work on /home/airflow/.local/lib/python3.8/site-packages/airflow/example_dags/example_task_group_decorator.py
[2024-09-11T00:38:53.831+0000] {processor.py:829} INFO - Processing file /home/airflow/.local/lib/python3.8/site-packages/airflow/example_dags/example_task_group_decorator.py for tasks to queue
[2024-09-11T00:38:53.832+0000] {logging_mixin.py:154} INFO - [2024-09-11T00:38:53.831+0000] {dagbag.py:536} INFO - Filling up the DagBag from /home/airflow/.local/lib/python3.8/site-packages/airflow/example_dags/example_task_group_decorator.py
[2024-09-11T00:38:53.851+0000] {processor.py:839} INFO - DAG(s) dict_keys(['example_task_group_decorator']) retrieved from /home/airflow/.local/lib/python3.8/site-packages/airflow/example_dags/example_task_group_decorator.py
[2024-09-11T00:38:53.900+0000] {logging_mixin.py:154} INFO - [2024-09-11T00:38:53.899+0000] {dag.py:2941} INFO - Sync 1 DAGs
[2024-09-11T00:38:53.928+0000] {logging_mixin.py:154} INFO - [2024-09-11T00:38:53.928+0000] {dag.py:3722} INFO - Setting next_dagrun for example_task_group_decorator to 2024-09-10T00:38:53.928392+00:00, run_after=2024-09-11T00:38:53.928392+00:00
[2024-09-11T00:38:53.958+0000] {processor.py:179} INFO - Processing /home/airflow/.local/lib/python3.8/site-packages/airflow/example_dags/example_task_group_decorator.py took 0.130 seconds
[2024-09-11T00:39:24.541+0000] {processor.py:157} INFO - Started process (PID=671) to work on /home/airflow/.local/lib/python3.8/site-packages/airflow/example_dags/example_task_group_decorator.py
[2024-09-11T00:39:24.542+0000] {processor.py:829} INFO - Processing file /home/airflow/.local/lib/python3.8/site-packages/airflow/example_dags/example_task_group_decorator.py for tasks to queue
[2024-09-11T00:39:24.543+0000] {logging_mixin.py:154} INFO - [2024-09-11T00:39:24.542+0000] {dagbag.py:536} INFO - Filling up the DagBag from /home/airflow/.local/lib/python3.8/site-packages/airflow/example_dags/example_task_group_decorator.py
[2024-09-11T00:39:24.557+0000] {processor.py:839} INFO - DAG(s) dict_keys(['example_task_group_decorator']) retrieved from /home/airflow/.local/lib/python3.8/site-packages/airflow/example_dags/example_task_group_decorator.py
[2024-09-11T00:39:24.606+0000] {logging_mixin.py:154} INFO - [2024-09-11T00:39:24.606+0000] {dag.py:2941} INFO - Sync 1 DAGs
[2024-09-11T00:39:24.653+0000] {logging_mixin.py:154} INFO - [2024-09-11T00:39:24.652+0000] {dag.py:3722} INFO - Setting next_dagrun for example_task_group_decorator to 2024-09-10T00:39:24.652552+00:00, run_after=2024-09-11T00:39:24.652552+00:00
[2024-09-11T00:39:24.688+0000] {processor.py:179} INFO - Processing /home/airflow/.local/lib/python3.8/site-packages/airflow/example_dags/example_task_group_decorator.py took 0.150 seconds
[2024-09-11T00:39:55.038+0000] {processor.py:157} INFO - Started process (PID=725) to work on /home/airflow/.local/lib/python3.8/site-packages/airflow/example_dags/example_task_group_decorator.py
[2024-09-11T00:39:55.039+0000] {processor.py:829} INFO - Processing file /home/airflow/.local/lib/python3.8/site-packages/airflow/example_dags/example_task_group_decorator.py for tasks to queue
[2024-09-11T00:39:55.039+0000] {logging_mixin.py:154} INFO - [2024-09-11T00:39:55.039+0000] {dagbag.py:536} INFO - Filling up the DagBag from /home/airflow/.local/lib/python3.8/site-packages/airflow/example_dags/example_task_group_decorator.py
[2024-09-11T00:39:55.052+0000] {processor.py:839} INFO - DAG(s) dict_keys(['example_task_group_decorator']) retrieved from /home/airflow/.local/lib/python3.8/site-packages/airflow/example_dags/example_task_group_decorator.py
[2024-09-11T00:39:55.094+0000] {logging_mixin.py:154} INFO - [2024-09-11T00:39:55.094+0000] {dag.py:2941} INFO - Sync 1 DAGs
[2024-09-11T00:39:55.120+0000] {logging_mixin.py:154} INFO - [2024-09-11T00:39:55.120+0000] {dag.py:3722} INFO - Setting next_dagrun for example_task_group_decorator to 2024-09-10T00:39:55.120197+00:00, run_after=2024-09-11T00:39:55.120197+00:00
[2024-09-11T00:39:55.142+0000] {processor.py:179} INFO - Processing /home/airflow/.local/lib/python3.8/site-packages/airflow/example_dags/example_task_group_decorator.py took 0.106 seconds
[2024-09-11T00:40:25.386+0000] {processor.py:157} INFO - Started process (PID=779) to work on /home/airflow/.local/lib/python3.8/site-packages/airflow/example_dags/example_task_group_decorator.py
[2024-09-11T00:40:25.387+0000] {processor.py:829} INFO - Processing file /home/airflow/.local/lib/python3.8/site-packages/airflow/example_dags/example_task_group_decorator.py for tasks to queue
[2024-09-11T00:40:25.388+0000] {logging_mixin.py:154} INFO - [2024-09-11T00:40:25.388+0000] {dagbag.py:536} INFO - Filling up the DagBag from /home/airflow/.local/lib/python3.8/site-packages/airflow/example_dags/example_task_group_decorator.py
[2024-09-11T00:40:25.404+0000] {processor.py:839} INFO - DAG(s) dict_keys(['example_task_group_decorator']) retrieved from /home/airflow/.local/lib/python3.8/site-packages/airflow/example_dags/example_task_group_decorator.py
[2024-09-11T00:40:25.453+0000] {logging_mixin.py:154} INFO - [2024-09-11T00:40:25.453+0000] {dag.py:2941} INFO - Sync 1 DAGs
[2024-09-11T00:40:25.482+0000] {logging_mixin.py:154} INFO - [2024-09-11T00:40:25.482+0000] {dag.py:3722} INFO - Setting next_dagrun for example_task_group_decorator to 2024-09-10T00:40:25.481932+00:00, run_after=2024-09-11T00:40:25.481932+00:00
[2024-09-11T00:40:25.505+0000] {processor.py:179} INFO - Processing /home/airflow/.local/lib/python3.8/site-packages/airflow/example_dags/example_task_group_decorator.py took 0.121 seconds
[2024-09-11T00:40:55.791+0000] {processor.py:157} INFO - Started process (PID=833) to work on /home/airflow/.local/lib/python3.8/site-packages/airflow/example_dags/example_task_group_decorator.py
[2024-09-11T00:40:55.792+0000] {processor.py:829} INFO - Processing file /home/airflow/.local/lib/python3.8/site-packages/airflow/example_dags/example_task_group_decorator.py for tasks to queue
[2024-09-11T00:40:55.793+0000] {logging_mixin.py:154} INFO - [2024-09-11T00:40:55.793+0000] {dagbag.py:536} INFO - Filling up the DagBag from /home/airflow/.local/lib/python3.8/site-packages/airflow/example_dags/example_task_group_decorator.py
[2024-09-11T00:40:55.810+0000] {processor.py:839} INFO - DAG(s) dict_keys(['example_task_group_decorator']) retrieved from /home/airflow/.local/lib/python3.8/site-packages/airflow/example_dags/example_task_group_decorator.py
[2024-09-11T00:40:55.865+0000] {logging_mixin.py:154} INFO - [2024-09-11T00:40:55.864+0000] {dag.py:2941} INFO - Sync 1 DAGs
[2024-09-11T00:40:55.896+0000] {logging_mixin.py:154} INFO - [2024-09-11T00:40:55.896+0000] {dag.py:3722} INFO - Setting next_dagrun for example_task_group_decorator to 2024-09-10T00:40:55.896078+00:00, run_after=2024-09-11T00:40:55.896078+00:00
[2024-09-11T00:40:55.926+0000] {processor.py:179} INFO - Processing /home/airflow/.local/lib/python3.8/site-packages/airflow/example_dags/example_task_group_decorator.py took 0.137 seconds
[2024-09-11T00:41:26.972+0000] {processor.py:157} INFO - Started process (PID=886) to work on /home/airflow/.local/lib/python3.8/site-packages/airflow/example_dags/example_task_group_decorator.py
[2024-09-11T00:41:26.972+0000] {processor.py:829} INFO - Processing file /home/airflow/.local/lib/python3.8/site-packages/airflow/example_dags/example_task_group_decorator.py for tasks to queue
[2024-09-11T00:41:26.973+0000] {logging_mixin.py:154} INFO - [2024-09-11T00:41:26.973+0000] {dagbag.py:536} INFO - Filling up the DagBag from /home/airflow/.local/lib/python3.8/site-packages/airflow/example_dags/example_task_group_decorator.py
[2024-09-11T00:41:26.995+0000] {processor.py:839} INFO - DAG(s) dict_keys(['example_task_group_decorator']) retrieved from /home/airflow/.local/lib/python3.8/site-packages/airflow/example_dags/example_task_group_decorator.py
[2024-09-11T00:41:27.064+0000] {logging_mixin.py:154} INFO - [2024-09-11T00:41:27.063+0000] {dag.py:2941} INFO - Sync 1 DAGs
[2024-09-11T00:41:27.096+0000] {logging_mixin.py:154} INFO - [2024-09-11T00:41:27.096+0000] {dag.py:3722} INFO - Setting next_dagrun for example_task_group_decorator to 2024-09-10T00:41:27.096238+00:00, run_after=2024-09-11T00:41:27.096238+00:00
[2024-09-11T00:41:27.130+0000] {processor.py:179} INFO - Processing /home/airflow/.local/lib/python3.8/site-packages/airflow/example_dags/example_task_group_decorator.py took 0.160 seconds
[2024-09-11T00:41:58.121+0000] {processor.py:157} INFO - Started process (PID=941) to work on /home/airflow/.local/lib/python3.8/site-packages/airflow/example_dags/example_task_group_decorator.py
[2024-09-11T00:41:58.122+0000] {processor.py:829} INFO - Processing file /home/airflow/.local/lib/python3.8/site-packages/airflow/example_dags/example_task_group_decorator.py for tasks to queue
[2024-09-11T00:41:58.123+0000] {logging_mixin.py:154} INFO - [2024-09-11T00:41:58.123+0000] {dagbag.py:536} INFO - Filling up the DagBag from /home/airflow/.local/lib/python3.8/site-packages/airflow/example_dags/example_task_group_decorator.py
[2024-09-11T00:41:58.136+0000] {processor.py:839} INFO - DAG(s) dict_keys(['example_task_group_decorator']) retrieved from /home/airflow/.local/lib/python3.8/site-packages/airflow/example_dags/example_task_group_decorator.py
[2024-09-11T00:41:58.188+0000] {logging_mixin.py:154} INFO - [2024-09-11T00:41:58.187+0000] {dag.py:2941} INFO - Sync 1 DAGs
[2024-09-11T00:41:58.225+0000] {logging_mixin.py:154} INFO - [2024-09-11T00:41:58.225+0000] {dag.py:3722} INFO - Setting next_dagrun for example_task_group_decorator to 2024-09-10T00:41:58.225297+00:00, run_after=2024-09-11T00:41:58.225297+00:00
[2024-09-11T00:41:58.254+0000] {processor.py:179} INFO - Processing /home/airflow/.local/lib/python3.8/site-packages/airflow/example_dags/example_task_group_decorator.py took 0.136 seconds
[2024-09-11T00:42:28.951+0000] {processor.py:157} INFO - Started process (PID=995) to work on /home/airflow/.local/lib/python3.8/site-packages/airflow/example_dags/example_task_group_decorator.py
[2024-09-11T00:42:28.952+0000] {processor.py:829} INFO - Processing file /home/airflow/.local/lib/python3.8/site-packages/airflow/example_dags/example_task_group_decorator.py for tasks to queue
[2024-09-11T00:42:28.952+0000] {logging_mixin.py:154} INFO - [2024-09-11T00:42:28.952+0000] {dagbag.py:536} INFO - Filling up the DagBag from /home/airflow/.local/lib/python3.8/site-packages/airflow/example_dags/example_task_group_decorator.py
[2024-09-11T00:42:28.967+0000] {processor.py:839} INFO - DAG(s) dict_keys(['example_task_group_decorator']) retrieved from /home/airflow/.local/lib/python3.8/site-packages/airflow/example_dags/example_task_group_decorator.py
[2024-09-11T00:42:29.009+0000] {logging_mixin.py:154} INFO - [2024-09-11T00:42:29.009+0000] {dag.py:2941} INFO - Sync 1 DAGs
[2024-09-11T00:42:29.039+0000] {logging_mixin.py:154} INFO - [2024-09-11T00:42:29.039+0000] {dag.py:3722} INFO - Setting next_dagrun for example_task_group_decorator to 2024-09-10T00:42:29.039168+00:00, run_after=2024-09-11T00:42:29.039168+00:00
[2024-09-11T00:42:29.061+0000] {processor.py:179} INFO - Processing /home/airflow/.local/lib/python3.8/site-packages/airflow/example_dags/example_task_group_decorator.py took 0.112 seconds
[2024-09-11T00:42:59.224+0000] {processor.py:157} INFO - Started process (PID=1049) to work on /home/airflow/.local/lib/python3.8/site-packages/airflow/example_dags/example_task_group_decorator.py
[2024-09-11T00:42:59.224+0000] {processor.py:829} INFO - Processing file /home/airflow/.local/lib/python3.8/site-packages/airflow/example_dags/example_task_group_decorator.py for tasks to queue
[2024-09-11T00:42:59.225+0000] {logging_mixin.py:154} INFO - [2024-09-11T00:42:59.225+0000] {dagbag.py:536} INFO - Filling up the DagBag from /home/airflow/.local/lib/python3.8/site-packages/airflow/example_dags/example_task_group_decorator.py
[2024-09-11T00:42:59.243+0000] {processor.py:839} INFO - DAG(s) dict_keys(['example_task_group_decorator']) retrieved from /home/airflow/.local/lib/python3.8/site-packages/airflow/example_dags/example_task_group_decorator.py
[2024-09-11T00:42:59.287+0000] {logging_mixin.py:154} INFO - [2024-09-11T00:42:59.287+0000] {dag.py:2941} INFO - Sync 1 DAGs
[2024-09-11T00:42:59.312+0000] {logging_mixin.py:154} INFO - [2024-09-11T00:42:59.311+0000] {dag.py:3722} INFO - Setting next_dagrun for example_task_group_decorator to 2024-09-10T00:42:59.311696+00:00, run_after=2024-09-11T00:42:59.311696+00:00
[2024-09-11T00:42:59.335+0000] {processor.py:179} INFO - Processing /home/airflow/.local/lib/python3.8/site-packages/airflow/example_dags/example_task_group_decorator.py took 0.114 seconds
[2024-09-11T00:43:29.631+0000] {processor.py:157} INFO - Started process (PID=1103) to work on /home/airflow/.local/lib/python3.8/site-packages/airflow/example_dags/example_task_group_decorator.py
[2024-09-11T00:43:29.633+0000] {processor.py:829} INFO - Processing file /home/airflow/.local/lib/python3.8/site-packages/airflow/example_dags/example_task_group_decorator.py for tasks to queue
[2024-09-11T00:43:29.634+0000] {logging_mixin.py:154} INFO - [2024-09-11T00:43:29.633+0000] {dagbag.py:536} INFO - Filling up the DagBag from /home/airflow/.local/lib/python3.8/site-packages/airflow/example_dags/example_task_group_decorator.py
[2024-09-11T00:43:29.647+0000] {processor.py:839} INFO - DAG(s) dict_keys(['example_task_group_decorator']) retrieved from /home/airflow/.local/lib/python3.8/site-packages/airflow/example_dags/example_task_group_decorator.py
[2024-09-11T00:43:29.700+0000] {logging_mixin.py:154} INFO - [2024-09-11T00:43:29.700+0000] {dag.py:2941} INFO - Sync 1 DAGs
[2024-09-11T00:43:29.729+0000] {logging_mixin.py:154} INFO - [2024-09-11T00:43:29.729+0000] {dag.py:3722} INFO - Setting next_dagrun for example_task_group_decorator to 2024-09-10T00:43:29.729068+00:00, run_after=2024-09-11T00:43:29.729068+00:00
[2024-09-11T00:43:29.753+0000] {processor.py:179} INFO - Processing /home/airflow/.local/lib/python3.8/site-packages/airflow/example_dags/example_task_group_decorator.py took 0.124 seconds
[2024-09-11T00:44:00.692+0000] {processor.py:157} INFO - Started process (PID=1157) to work on /home/airflow/.local/lib/python3.8/site-packages/airflow/example_dags/example_task_group_decorator.py
[2024-09-11T00:44:00.693+0000] {processor.py:829} INFO - Processing file /home/airflow/.local/lib/python3.8/site-packages/airflow/example_dags/example_task_group_decorator.py for tasks to queue
[2024-09-11T00:44:00.694+0000] {logging_mixin.py:154} INFO - [2024-09-11T00:44:00.693+0000] {dagbag.py:536} INFO - Filling up the DagBag from /home/airflow/.local/lib/python3.8/site-packages/airflow/example_dags/example_task_group_decorator.py
[2024-09-11T00:44:00.706+0000] {processor.py:839} INFO - DAG(s) dict_keys(['example_task_group_decorator']) retrieved from /home/airflow/.local/lib/python3.8/site-packages/airflow/example_dags/example_task_group_decorator.py
[2024-09-11T00:44:00.754+0000] {logging_mixin.py:154} INFO - [2024-09-11T00:44:00.754+0000] {dag.py:2941} INFO - Sync 1 DAGs
[2024-09-11T00:44:00.912+0000] {logging_mixin.py:154} INFO - [2024-09-11T00:44:00.912+0000] {dag.py:3722} INFO - Setting next_dagrun for example_task_group_decorator to 2024-09-10T00:44:00.912610+00:00, run_after=2024-09-11T00:44:00.912610+00:00
[2024-09-11T00:44:00.940+0000] {processor.py:179} INFO - Processing /home/airflow/.local/lib/python3.8/site-packages/airflow/example_dags/example_task_group_decorator.py took 0.251 seconds
[2024-09-11T00:44:31.073+0000] {processor.py:157} INFO - Started process (PID=1211) to work on /home/airflow/.local/lib/python3.8/site-packages/airflow/example_dags/example_task_group_decorator.py
[2024-09-11T00:44:31.073+0000] {processor.py:829} INFO - Processing file /home/airflow/.local/lib/python3.8/site-packages/airflow/example_dags/example_task_group_decorator.py for tasks to queue
[2024-09-11T00:44:31.074+0000] {logging_mixin.py:154} INFO - [2024-09-11T00:44:31.074+0000] {dagbag.py:536} INFO - Filling up the DagBag from /home/airflow/.local/lib/python3.8/site-packages/airflow/example_dags/example_task_group_decorator.py
[2024-09-11T00:44:31.090+0000] {processor.py:839} INFO - DAG(s) dict_keys(['example_task_group_decorator']) retrieved from /home/airflow/.local/lib/python3.8/site-packages/airflow/example_dags/example_task_group_decorator.py
[2024-09-11T00:44:31.139+0000] {logging_mixin.py:154} INFO - [2024-09-11T00:44:31.139+0000] {dag.py:2941} INFO - Sync 1 DAGs
[2024-09-11T00:44:31.169+0000] {logging_mixin.py:154} INFO - [2024-09-11T00:44:31.169+0000] {dag.py:3722} INFO - Setting next_dagrun for example_task_group_decorator to 2024-09-10T00:44:31.169403+00:00, run_after=2024-09-11T00:44:31.169403+00:00
[2024-09-11T00:44:31.193+0000] {processor.py:179} INFO - Processing /home/airflow/.local/lib/python3.8/site-packages/airflow/example_dags/example_task_group_decorator.py took 0.123 seconds
[2024-09-11T00:45:01.437+0000] {processor.py:157} INFO - Started process (PID=1265) to work on /home/airflow/.local/lib/python3.8/site-packages/airflow/example_dags/example_task_group_decorator.py
[2024-09-11T00:45:01.438+0000] {processor.py:829} INFO - Processing file /home/airflow/.local/lib/python3.8/site-packages/airflow/example_dags/example_task_group_decorator.py for tasks to queue
[2024-09-11T00:45:01.439+0000] {logging_mixin.py:154} INFO - [2024-09-11T00:45:01.439+0000] {dagbag.py:536} INFO - Filling up the DagBag from /home/airflow/.local/lib/python3.8/site-packages/airflow/example_dags/example_task_group_decorator.py
[2024-09-11T00:45:01.454+0000] {processor.py:839} INFO - DAG(s) dict_keys(['example_task_group_decorator']) retrieved from /home/airflow/.local/lib/python3.8/site-packages/airflow/example_dags/example_task_group_decorator.py
[2024-09-11T00:45:01.501+0000] {logging_mixin.py:154} INFO - [2024-09-11T00:45:01.501+0000] {dag.py:2941} INFO - Sync 1 DAGs
[2024-09-11T00:45:01.528+0000] {logging_mixin.py:154} INFO - [2024-09-11T00:45:01.528+0000] {dag.py:3722} INFO - Setting next_dagrun for example_task_group_decorator to 2024-09-10T00:45:01.528348+00:00, run_after=2024-09-11T00:45:01.528348+00:00
[2024-09-11T00:45:01.549+0000] {processor.py:179} INFO - Processing /home/airflow/.local/lib/python3.8/site-packages/airflow/example_dags/example_task_group_decorator.py took 0.114 seconds
[2024-09-11T00:45:32.554+0000] {processor.py:157} INFO - Started process (PID=1325) to work on /home/airflow/.local/lib/python3.8/site-packages/airflow/example_dags/example_task_group_decorator.py
[2024-09-11T00:45:32.555+0000] {processor.py:829} INFO - Processing file /home/airflow/.local/lib/python3.8/site-packages/airflow/example_dags/example_task_group_decorator.py for tasks to queue
[2024-09-11T00:45:32.555+0000] {logging_mixin.py:154} INFO - [2024-09-11T00:45:32.555+0000] {dagbag.py:536} INFO - Filling up the DagBag from /home/airflow/.local/lib/python3.8/site-packages/airflow/example_dags/example_task_group_decorator.py
[2024-09-11T00:45:32.569+0000] {processor.py:839} INFO - DAG(s) dict_keys(['example_task_group_decorator']) retrieved from /home/airflow/.local/lib/python3.8/site-packages/airflow/example_dags/example_task_group_decorator.py
[2024-09-11T00:45:32.612+0000] {logging_mixin.py:154} INFO - [2024-09-11T00:45:32.612+0000] {dag.py:2941} INFO - Sync 1 DAGs
[2024-09-11T00:45:32.752+0000] {logging_mixin.py:154} INFO - [2024-09-11T00:45:32.752+0000] {dag.py:3722} INFO - Setting next_dagrun for example_task_group_decorator to 2024-09-10T00:45:32.752066+00:00, run_after=2024-09-11T00:45:32.752066+00:00
[2024-09-11T00:45:32.773+0000] {processor.py:179} INFO - Processing /home/airflow/.local/lib/python3.8/site-packages/airflow/example_dags/example_task_group_decorator.py took 0.221 seconds
[2024-09-11T00:46:02.938+0000] {processor.py:157} INFO - Started process (PID=1386) to work on /home/airflow/.local/lib/python3.8/site-packages/airflow/example_dags/example_task_group_decorator.py
[2024-09-11T00:46:02.939+0000] {processor.py:829} INFO - Processing file /home/airflow/.local/lib/python3.8/site-packages/airflow/example_dags/example_task_group_decorator.py for tasks to queue
[2024-09-11T00:46:02.940+0000] {logging_mixin.py:154} INFO - [2024-09-11T00:46:02.939+0000] {dagbag.py:536} INFO - Filling up the DagBag from /home/airflow/.local/lib/python3.8/site-packages/airflow/example_dags/example_task_group_decorator.py
[2024-09-11T00:46:02.951+0000] {processor.py:839} INFO - DAG(s) dict_keys(['example_task_group_decorator']) retrieved from /home/airflow/.local/lib/python3.8/site-packages/airflow/example_dags/example_task_group_decorator.py
[2024-09-11T00:46:02.996+0000] {logging_mixin.py:154} INFO - [2024-09-11T00:46:02.996+0000] {dag.py:2941} INFO - Sync 1 DAGs
[2024-09-11T00:46:03.142+0000] {logging_mixin.py:154} INFO - [2024-09-11T00:46:03.022+0000] {dag.py:3722} INFO - Setting next_dagrun for example_task_group_decorator to 2024-09-10T00:46:03.022631+00:00, run_after=2024-09-11T00:46:03.022631+00:00
[2024-09-11T00:46:03.170+0000] {processor.py:179} INFO - Processing /home/airflow/.local/lib/python3.8/site-packages/airflow/example_dags/example_task_group_decorator.py took 0.234 seconds
[2024-09-11T00:46:33.244+0000] {processor.py:157} INFO - Started process (PID=1440) to work on /home/airflow/.local/lib/python3.8/site-packages/airflow/example_dags/example_task_group_decorator.py
[2024-09-11T00:46:33.244+0000] {processor.py:829} INFO - Processing file /home/airflow/.local/lib/python3.8/site-packages/airflow/example_dags/example_task_group_decorator.py for tasks to queue
[2024-09-11T00:46:33.245+0000] {logging_mixin.py:154} INFO - [2024-09-11T00:46:33.245+0000] {dagbag.py:536} INFO - Filling up the DagBag from /home/airflow/.local/lib/python3.8/site-packages/airflow/example_dags/example_task_group_decorator.py
[2024-09-11T00:46:33.257+0000] {processor.py:839} INFO - DAG(s) dict_keys(['example_task_group_decorator']) retrieved from /home/airflow/.local/lib/python3.8/site-packages/airflow/example_dags/example_task_group_decorator.py
[2024-09-11T00:46:33.307+0000] {logging_mixin.py:154} INFO - [2024-09-11T00:46:33.306+0000] {dag.py:2941} INFO - Sync 1 DAGs
[2024-09-11T00:46:33.336+0000] {logging_mixin.py:154} INFO - [2024-09-11T00:46:33.336+0000] {dag.py:3722} INFO - Setting next_dagrun for example_task_group_decorator to 2024-09-10T00:46:33.335938+00:00, run_after=2024-09-11T00:46:33.335938+00:00
[2024-09-11T00:46:33.364+0000] {processor.py:179} INFO - Processing /home/airflow/.local/lib/python3.8/site-packages/airflow/example_dags/example_task_group_decorator.py took 0.123 seconds
