[2024-09-11T00:34:49.613+0000] {processor.py:157} INFO - Started process (PID=192) to work on /home/airflow/.local/lib/python3.8/site-packages/airflow/example_dags/example_short_circuit_decorator.py
[2024-09-11T00:34:49.614+0000] {processor.py:829} INFO - Processing file /home/airflow/.local/lib/python3.8/site-packages/airflow/example_dags/example_short_circuit_decorator.py for tasks to queue
[2024-09-11T00:34:49.614+0000] {logging_mixin.py:154} INFO - [2024-09-11T00:34:49.614+0000] {dagbag.py:536} INFO - Filling up the DagBag from /home/airflow/.local/lib/python3.8/site-packages/airflow/example_dags/example_short_circuit_decorator.py
[2024-09-11T00:34:49.623+0000] {processor.py:839} INFO - DAG(s) dict_keys(['example_short_circuit_decorator']) retrieved from /home/airflow/.local/lib/python3.8/site-packages/airflow/example_dags/example_short_circuit_decorator.py
[2024-09-11T00:34:49.680+0000] {logging_mixin.py:154} INFO - [2024-09-11T00:34:49.680+0000] {dag.py:2941} INFO - Sync 1 DAGs
[2024-09-11T00:34:49.712+0000] {logging_mixin.py:154} INFO - [2024-09-11T00:34:49.712+0000] {dag.py:3722} INFO - Setting next_dagrun for example_short_circuit_decorator to 2024-09-10T00:34:49.712041+00:00, run_after=2024-09-11T00:34:49.712041+00:00
[2024-09-11T00:34:49.734+0000] {processor.py:179} INFO - Processing /home/airflow/.local/lib/python3.8/site-packages/airflow/example_dags/example_short_circuit_decorator.py took 0.124 seconds
[2024-09-11T00:35:20.389+0000] {processor.py:157} INFO - Started process (PID=246) to work on /home/airflow/.local/lib/python3.8/site-packages/airflow/example_dags/example_short_circuit_decorator.py
[2024-09-11T00:35:20.390+0000] {processor.py:829} INFO - Processing file /home/airflow/.local/lib/python3.8/site-packages/airflow/example_dags/example_short_circuit_decorator.py for tasks to queue
[2024-09-11T00:35:20.390+0000] {logging_mixin.py:154} INFO - [2024-09-11T00:35:20.390+0000] {dagbag.py:536} INFO - Filling up the DagBag from /home/airflow/.local/lib/python3.8/site-packages/airflow/example_dags/example_short_circuit_decorator.py
[2024-09-11T00:35:20.399+0000] {processor.py:839} INFO - DAG(s) dict_keys(['example_short_circuit_decorator']) retrieved from /home/airflow/.local/lib/python3.8/site-packages/airflow/example_dags/example_short_circuit_decorator.py
[2024-09-11T00:35:20.446+0000] {logging_mixin.py:154} INFO - [2024-09-11T00:35:20.445+0000] {dag.py:2941} INFO - Sync 1 DAGs
[2024-09-11T00:35:20.480+0000] {logging_mixin.py:154} INFO - [2024-09-11T00:35:20.480+0000] {dag.py:3722} INFO - Setting next_dagrun for example_short_circuit_decorator to 2024-09-10T00:35:20.480151+00:00, run_after=2024-09-11T00:35:20.480151+00:00
[2024-09-11T00:35:20.505+0000] {processor.py:179} INFO - Processing /home/airflow/.local/lib/python3.8/site-packages/airflow/example_dags/example_short_circuit_decorator.py took 0.121 seconds
[2024-09-11T00:35:50.853+0000] {processor.py:157} INFO - Started process (PID=300) to work on /home/airflow/.local/lib/python3.8/site-packages/airflow/example_dags/example_short_circuit_decorator.py
[2024-09-11T00:35:50.854+0000] {processor.py:829} INFO - Processing file /home/airflow/.local/lib/python3.8/site-packages/airflow/example_dags/example_short_circuit_decorator.py for tasks to queue
[2024-09-11T00:35:50.855+0000] {logging_mixin.py:154} INFO - [2024-09-11T00:35:50.854+0000] {dagbag.py:536} INFO - Filling up the DagBag from /home/airflow/.local/lib/python3.8/site-packages/airflow/example_dags/example_short_circuit_decorator.py
[2024-09-11T00:35:50.862+0000] {processor.py:839} INFO - DAG(s) dict_keys(['example_short_circuit_decorator']) retrieved from /home/airflow/.local/lib/python3.8/site-packages/airflow/example_dags/example_short_circuit_decorator.py
[2024-09-11T00:35:50.905+0000] {logging_mixin.py:154} INFO - [2024-09-11T00:35:50.905+0000] {dag.py:2941} INFO - Sync 1 DAGs
[2024-09-11T00:35:50.931+0000] {logging_mixin.py:154} INFO - [2024-09-11T00:35:50.931+0000] {dag.py:3722} INFO - Setting next_dagrun for example_short_circuit_decorator to 2024-09-10T00:35:50.931601+00:00, run_after=2024-09-11T00:35:50.931601+00:00
[2024-09-11T00:35:50.958+0000] {processor.py:179} INFO - Processing /home/airflow/.local/lib/python3.8/site-packages/airflow/example_dags/example_short_circuit_decorator.py took 0.107 seconds
[2024-09-11T00:36:21.889+0000] {processor.py:157} INFO - Started process (PID=354) to work on /home/airflow/.local/lib/python3.8/site-packages/airflow/example_dags/example_short_circuit_decorator.py
[2024-09-11T00:36:21.890+0000] {processor.py:829} INFO - Processing file /home/airflow/.local/lib/python3.8/site-packages/airflow/example_dags/example_short_circuit_decorator.py for tasks to queue
[2024-09-11T00:36:21.891+0000] {logging_mixin.py:154} INFO - [2024-09-11T00:36:21.890+0000] {dagbag.py:536} INFO - Filling up the DagBag from /home/airflow/.local/lib/python3.8/site-packages/airflow/example_dags/example_short_circuit_decorator.py
[2024-09-11T00:36:21.898+0000] {processor.py:839} INFO - DAG(s) dict_keys(['example_short_circuit_decorator']) retrieved from /home/airflow/.local/lib/python3.8/site-packages/airflow/example_dags/example_short_circuit_decorator.py
[2024-09-11T00:36:21.944+0000] {logging_mixin.py:154} INFO - [2024-09-11T00:36:21.943+0000] {dag.py:2941} INFO - Sync 1 DAGs
[2024-09-11T00:36:21.973+0000] {logging_mixin.py:154} INFO - [2024-09-11T00:36:21.973+0000] {dag.py:3722} INFO - Setting next_dagrun for example_short_circuit_decorator to 2024-09-10T00:36:21.972817+00:00, run_after=2024-09-11T00:36:21.972817+00:00
[2024-09-11T00:36:22.006+0000] {processor.py:179} INFO - Processing /home/airflow/.local/lib/python3.8/site-packages/airflow/example_dags/example_short_circuit_decorator.py took 0.120 seconds
[2024-09-11T00:36:52.162+0000] {processor.py:157} INFO - Started process (PID=408) to work on /home/airflow/.local/lib/python3.8/site-packages/airflow/example_dags/example_short_circuit_decorator.py
[2024-09-11T00:36:52.163+0000] {processor.py:829} INFO - Processing file /home/airflow/.local/lib/python3.8/site-packages/airflow/example_dags/example_short_circuit_decorator.py for tasks to queue
[2024-09-11T00:36:52.164+0000] {logging_mixin.py:154} INFO - [2024-09-11T00:36:52.163+0000] {dagbag.py:536} INFO - Filling up the DagBag from /home/airflow/.local/lib/python3.8/site-packages/airflow/example_dags/example_short_circuit_decorator.py
[2024-09-11T00:36:52.171+0000] {processor.py:839} INFO - DAG(s) dict_keys(['example_short_circuit_decorator']) retrieved from /home/airflow/.local/lib/python3.8/site-packages/airflow/example_dags/example_short_circuit_decorator.py
[2024-09-11T00:36:52.211+0000] {logging_mixin.py:154} INFO - [2024-09-11T00:36:52.211+0000] {dag.py:2941} INFO - Sync 1 DAGs
[2024-09-11T00:36:52.238+0000] {logging_mixin.py:154} INFO - [2024-09-11T00:36:52.237+0000] {dag.py:3722} INFO - Setting next_dagrun for example_short_circuit_decorator to 2024-09-10T00:36:52.237501+00:00, run_after=2024-09-11T00:36:52.237501+00:00
[2024-09-11T00:36:52.263+0000] {processor.py:179} INFO - Processing /home/airflow/.local/lib/python3.8/site-packages/airflow/example_dags/example_short_circuit_decorator.py took 0.104 seconds
[2024-09-11T00:37:22.702+0000] {processor.py:157} INFO - Started process (PID=462) to work on /home/airflow/.local/lib/python3.8/site-packages/airflow/example_dags/example_short_circuit_decorator.py
[2024-09-11T00:37:22.702+0000] {processor.py:829} INFO - Processing file /home/airflow/.local/lib/python3.8/site-packages/airflow/example_dags/example_short_circuit_decorator.py for tasks to queue
[2024-09-11T00:37:22.703+0000] {logging_mixin.py:154} INFO - [2024-09-11T00:37:22.703+0000] {dagbag.py:536} INFO - Filling up the DagBag from /home/airflow/.local/lib/python3.8/site-packages/airflow/example_dags/example_short_circuit_decorator.py
[2024-09-11T00:37:22.713+0000] {processor.py:839} INFO - DAG(s) dict_keys(['example_short_circuit_decorator']) retrieved from /home/airflow/.local/lib/python3.8/site-packages/airflow/example_dags/example_short_circuit_decorator.py
[2024-09-11T00:37:22.757+0000] {logging_mixin.py:154} INFO - [2024-09-11T00:37:22.757+0000] {dag.py:2941} INFO - Sync 1 DAGs
[2024-09-11T00:37:22.787+0000] {logging_mixin.py:154} INFO - [2024-09-11T00:37:22.787+0000] {dag.py:3722} INFO - Setting next_dagrun for example_short_circuit_decorator to 2024-09-10T00:37:22.787043+00:00, run_after=2024-09-11T00:37:22.787043+00:00
[2024-09-11T00:37:22.813+0000] {processor.py:179} INFO - Processing /home/airflow/.local/lib/python3.8/site-packages/airflow/example_dags/example_short_circuit_decorator.py took 0.114 seconds
[2024-09-11T00:37:53.174+0000] {processor.py:157} INFO - Started process (PID=515) to work on /home/airflow/.local/lib/python3.8/site-packages/airflow/example_dags/example_short_circuit_decorator.py
[2024-09-11T00:37:53.175+0000] {processor.py:829} INFO - Processing file /home/airflow/.local/lib/python3.8/site-packages/airflow/example_dags/example_short_circuit_decorator.py for tasks to queue
[2024-09-11T00:37:53.176+0000] {logging_mixin.py:154} INFO - [2024-09-11T00:37:53.176+0000] {dagbag.py:536} INFO - Filling up the DagBag from /home/airflow/.local/lib/python3.8/site-packages/airflow/example_dags/example_short_circuit_decorator.py
[2024-09-11T00:37:53.185+0000] {processor.py:839} INFO - DAG(s) dict_keys(['example_short_circuit_decorator']) retrieved from /home/airflow/.local/lib/python3.8/site-packages/airflow/example_dags/example_short_circuit_decorator.py
[2024-09-11T00:37:53.233+0000] {logging_mixin.py:154} INFO - [2024-09-11T00:37:53.233+0000] {dag.py:2941} INFO - Sync 1 DAGs
[2024-09-11T00:37:53.271+0000] {logging_mixin.py:154} INFO - [2024-09-11T00:37:53.271+0000] {dag.py:3722} INFO - Setting next_dagrun for example_short_circuit_decorator to 2024-09-10T00:37:53.271121+00:00, run_after=2024-09-11T00:37:53.271121+00:00
[2024-09-11T00:37:53.302+0000] {processor.py:179} INFO - Processing /home/airflow/.local/lib/python3.8/site-packages/airflow/example_dags/example_short_circuit_decorator.py took 0.131 seconds
[2024-09-11T00:38:23.564+0000] {processor.py:157} INFO - Started process (PID=569) to work on /home/airflow/.local/lib/python3.8/site-packages/airflow/example_dags/example_short_circuit_decorator.py
[2024-09-11T00:38:23.565+0000] {processor.py:829} INFO - Processing file /home/airflow/.local/lib/python3.8/site-packages/airflow/example_dags/example_short_circuit_decorator.py for tasks to queue
[2024-09-11T00:38:23.566+0000] {logging_mixin.py:154} INFO - [2024-09-11T00:38:23.566+0000] {dagbag.py:536} INFO - Filling up the DagBag from /home/airflow/.local/lib/python3.8/site-packages/airflow/example_dags/example_short_circuit_decorator.py
[2024-09-11T00:38:23.574+0000] {processor.py:839} INFO - DAG(s) dict_keys(['example_short_circuit_decorator']) retrieved from /home/airflow/.local/lib/python3.8/site-packages/airflow/example_dags/example_short_circuit_decorator.py
[2024-09-11T00:38:23.619+0000] {logging_mixin.py:154} INFO - [2024-09-11T00:38:23.618+0000] {dag.py:2941} INFO - Sync 1 DAGs
[2024-09-11T00:38:23.654+0000] {logging_mixin.py:154} INFO - [2024-09-11T00:38:23.653+0000] {dag.py:3722} INFO - Setting next_dagrun for example_short_circuit_decorator to 2024-09-10T00:38:23.653727+00:00, run_after=2024-09-11T00:38:23.653727+00:00
[2024-09-11T00:38:23.673+0000] {processor.py:179} INFO - Processing /home/airflow/.local/lib/python3.8/site-packages/airflow/example_dags/example_short_circuit_decorator.py took 0.111 seconds
[2024-09-11T00:38:54.646+0000] {processor.py:157} INFO - Started process (PID=624) to work on /home/airflow/.local/lib/python3.8/site-packages/airflow/example_dags/example_short_circuit_decorator.py
[2024-09-11T00:38:54.647+0000] {processor.py:829} INFO - Processing file /home/airflow/.local/lib/python3.8/site-packages/airflow/example_dags/example_short_circuit_decorator.py for tasks to queue
[2024-09-11T00:38:54.648+0000] {logging_mixin.py:154} INFO - [2024-09-11T00:38:54.648+0000] {dagbag.py:536} INFO - Filling up the DagBag from /home/airflow/.local/lib/python3.8/site-packages/airflow/example_dags/example_short_circuit_decorator.py
[2024-09-11T00:38:54.664+0000] {processor.py:839} INFO - DAG(s) dict_keys(['example_short_circuit_decorator']) retrieved from /home/airflow/.local/lib/python3.8/site-packages/airflow/example_dags/example_short_circuit_decorator.py
[2024-09-11T00:38:54.719+0000] {logging_mixin.py:154} INFO - [2024-09-11T00:38:54.719+0000] {dag.py:2941} INFO - Sync 1 DAGs
[2024-09-11T00:38:54.750+0000] {logging_mixin.py:154} INFO - [2024-09-11T00:38:54.750+0000] {dag.py:3722} INFO - Setting next_dagrun for example_short_circuit_decorator to 2024-09-10T00:38:54.750448+00:00, run_after=2024-09-11T00:38:54.750448+00:00
[2024-09-11T00:38:54.782+0000] {processor.py:179} INFO - Processing /home/airflow/.local/lib/python3.8/site-packages/airflow/example_dags/example_short_circuit_decorator.py took 0.138 seconds
[2024-09-11T00:39:25.102+0000] {processor.py:157} INFO - Started process (PID=678) to work on /home/airflow/.local/lib/python3.8/site-packages/airflow/example_dags/example_short_circuit_decorator.py
[2024-09-11T00:39:25.103+0000] {processor.py:829} INFO - Processing file /home/airflow/.local/lib/python3.8/site-packages/airflow/example_dags/example_short_circuit_decorator.py for tasks to queue
[2024-09-11T00:39:25.103+0000] {logging_mixin.py:154} INFO - [2024-09-11T00:39:25.103+0000] {dagbag.py:536} INFO - Filling up the DagBag from /home/airflow/.local/lib/python3.8/site-packages/airflow/example_dags/example_short_circuit_decorator.py
[2024-09-11T00:39:25.111+0000] {processor.py:839} INFO - DAG(s) dict_keys(['example_short_circuit_decorator']) retrieved from /home/airflow/.local/lib/python3.8/site-packages/airflow/example_dags/example_short_circuit_decorator.py
[2024-09-11T00:39:25.157+0000] {logging_mixin.py:154} INFO - [2024-09-11T00:39:25.156+0000] {dag.py:2941} INFO - Sync 1 DAGs
[2024-09-11T00:39:25.192+0000] {logging_mixin.py:154} INFO - [2024-09-11T00:39:25.192+0000] {dag.py:3722} INFO - Setting next_dagrun for example_short_circuit_decorator to 2024-09-10T00:39:25.191830+00:00, run_after=2024-09-11T00:39:25.191830+00:00
[2024-09-11T00:39:25.220+0000] {processor.py:179} INFO - Processing /home/airflow/.local/lib/python3.8/site-packages/airflow/example_dags/example_short_circuit_decorator.py took 0.121 seconds
[2024-09-11T00:39:55.785+0000] {processor.py:157} INFO - Started process (PID=732) to work on /home/airflow/.local/lib/python3.8/site-packages/airflow/example_dags/example_short_circuit_decorator.py
[2024-09-11T00:39:55.786+0000] {processor.py:829} INFO - Processing file /home/airflow/.local/lib/python3.8/site-packages/airflow/example_dags/example_short_circuit_decorator.py for tasks to queue
[2024-09-11T00:39:55.787+0000] {logging_mixin.py:154} INFO - [2024-09-11T00:39:55.786+0000] {dagbag.py:536} INFO - Filling up the DagBag from /home/airflow/.local/lib/python3.8/site-packages/airflow/example_dags/example_short_circuit_decorator.py
[2024-09-11T00:39:55.794+0000] {processor.py:839} INFO - DAG(s) dict_keys(['example_short_circuit_decorator']) retrieved from /home/airflow/.local/lib/python3.8/site-packages/airflow/example_dags/example_short_circuit_decorator.py
[2024-09-11T00:39:55.838+0000] {logging_mixin.py:154} INFO - [2024-09-11T00:39:55.837+0000] {dag.py:2941} INFO - Sync 1 DAGs
[2024-09-11T00:39:55.870+0000] {logging_mixin.py:154} INFO - [2024-09-11T00:39:55.870+0000] {dag.py:3722} INFO - Setting next_dagrun for example_short_circuit_decorator to 2024-09-10T00:39:55.870407+00:00, run_after=2024-09-11T00:39:55.870407+00:00
[2024-09-11T00:39:55.896+0000] {processor.py:179} INFO - Processing /home/airflow/.local/lib/python3.8/site-packages/airflow/example_dags/example_short_circuit_decorator.py took 0.113 seconds
[2024-09-11T00:40:26.005+0000] {processor.py:157} INFO - Started process (PID=786) to work on /home/airflow/.local/lib/python3.8/site-packages/airflow/example_dags/example_short_circuit_decorator.py
[2024-09-11T00:40:26.005+0000] {processor.py:829} INFO - Processing file /home/airflow/.local/lib/python3.8/site-packages/airflow/example_dags/example_short_circuit_decorator.py for tasks to queue
[2024-09-11T00:40:26.006+0000] {logging_mixin.py:154} INFO - [2024-09-11T00:40:26.006+0000] {dagbag.py:536} INFO - Filling up the DagBag from /home/airflow/.local/lib/python3.8/site-packages/airflow/example_dags/example_short_circuit_decorator.py
[2024-09-11T00:40:26.017+0000] {processor.py:839} INFO - DAG(s) dict_keys(['example_short_circuit_decorator']) retrieved from /home/airflow/.local/lib/python3.8/site-packages/airflow/example_dags/example_short_circuit_decorator.py
[2024-09-11T00:40:26.060+0000] {logging_mixin.py:154} INFO - [2024-09-11T00:40:26.060+0000] {dag.py:2941} INFO - Sync 1 DAGs
[2024-09-11T00:40:26.087+0000] {logging_mixin.py:154} INFO - [2024-09-11T00:40:26.087+0000] {dag.py:3722} INFO - Setting next_dagrun for example_short_circuit_decorator to 2024-09-10T00:40:26.086881+00:00, run_after=2024-09-11T00:40:26.086881+00:00
[2024-09-11T00:40:26.114+0000] {processor.py:179} INFO - Processing /home/airflow/.local/lib/python3.8/site-packages/airflow/example_dags/example_short_circuit_decorator.py took 0.112 seconds
[2024-09-11T00:40:56.818+0000] {processor.py:157} INFO - Started process (PID=840) to work on /home/airflow/.local/lib/python3.8/site-packages/airflow/example_dags/example_short_circuit_decorator.py
[2024-09-11T00:40:56.819+0000] {processor.py:829} INFO - Processing file /home/airflow/.local/lib/python3.8/site-packages/airflow/example_dags/example_short_circuit_decorator.py for tasks to queue
[2024-09-11T00:40:56.820+0000] {logging_mixin.py:154} INFO - [2024-09-11T00:40:56.819+0000] {dagbag.py:536} INFO - Filling up the DagBag from /home/airflow/.local/lib/python3.8/site-packages/airflow/example_dags/example_short_circuit_decorator.py
[2024-09-11T00:40:56.828+0000] {processor.py:839} INFO - DAG(s) dict_keys(['example_short_circuit_decorator']) retrieved from /home/airflow/.local/lib/python3.8/site-packages/airflow/example_dags/example_short_circuit_decorator.py
[2024-09-11T00:40:56.877+0000] {logging_mixin.py:154} INFO - [2024-09-11T00:40:56.877+0000] {dag.py:2941} INFO - Sync 1 DAGs
[2024-09-11T00:40:56.903+0000] {logging_mixin.py:154} INFO - [2024-09-11T00:40:56.903+0000] {dag.py:3722} INFO - Setting next_dagrun for example_short_circuit_decorator to 2024-09-10T00:40:56.902917+00:00, run_after=2024-09-11T00:40:56.902917+00:00
[2024-09-11T00:40:56.926+0000] {processor.py:179} INFO - Processing /home/airflow/.local/lib/python3.8/site-packages/airflow/example_dags/example_short_circuit_decorator.py took 0.110 seconds
[2024-09-11T00:41:27.907+0000] {processor.py:157} INFO - Started process (PID=894) to work on /home/airflow/.local/lib/python3.8/site-packages/airflow/example_dags/example_short_circuit_decorator.py
[2024-09-11T00:41:27.908+0000] {processor.py:829} INFO - Processing file /home/airflow/.local/lib/python3.8/site-packages/airflow/example_dags/example_short_circuit_decorator.py for tasks to queue
[2024-09-11T00:41:27.909+0000] {logging_mixin.py:154} INFO - [2024-09-11T00:41:27.908+0000] {dagbag.py:536} INFO - Filling up the DagBag from /home/airflow/.local/lib/python3.8/site-packages/airflow/example_dags/example_short_circuit_decorator.py
[2024-09-11T00:41:27.917+0000] {processor.py:839} INFO - DAG(s) dict_keys(['example_short_circuit_decorator']) retrieved from /home/airflow/.local/lib/python3.8/site-packages/airflow/example_dags/example_short_circuit_decorator.py
[2024-09-11T00:41:27.965+0000] {logging_mixin.py:154} INFO - [2024-09-11T00:41:27.965+0000] {dag.py:2941} INFO - Sync 1 DAGs
[2024-09-11T00:41:27.990+0000] {logging_mixin.py:154} INFO - [2024-09-11T00:41:27.990+0000] {dag.py:3722} INFO - Setting next_dagrun for example_short_circuit_decorator to 2024-09-10T00:41:27.990205+00:00, run_after=2024-09-11T00:41:27.990205+00:00
[2024-09-11T00:41:28.021+0000] {processor.py:179} INFO - Processing /home/airflow/.local/lib/python3.8/site-packages/airflow/example_dags/example_short_circuit_decorator.py took 0.116 seconds
[2024-09-11T00:41:58.901+0000] {processor.py:157} INFO - Started process (PID=948) to work on /home/airflow/.local/lib/python3.8/site-packages/airflow/example_dags/example_short_circuit_decorator.py
[2024-09-11T00:41:58.902+0000] {processor.py:829} INFO - Processing file /home/airflow/.local/lib/python3.8/site-packages/airflow/example_dags/example_short_circuit_decorator.py for tasks to queue
[2024-09-11T00:41:58.903+0000] {logging_mixin.py:154} INFO - [2024-09-11T00:41:58.903+0000] {dagbag.py:536} INFO - Filling up the DagBag from /home/airflow/.local/lib/python3.8/site-packages/airflow/example_dags/example_short_circuit_decorator.py
[2024-09-11T00:41:58.913+0000] {processor.py:839} INFO - DAG(s) dict_keys(['example_short_circuit_decorator']) retrieved from /home/airflow/.local/lib/python3.8/site-packages/airflow/example_dags/example_short_circuit_decorator.py
[2024-09-11T00:41:58.962+0000] {logging_mixin.py:154} INFO - [2024-09-11T00:41:58.962+0000] {dag.py:2941} INFO - Sync 1 DAGs
[2024-09-11T00:41:58.996+0000] {logging_mixin.py:154} INFO - [2024-09-11T00:41:58.996+0000] {dag.py:3722} INFO - Setting next_dagrun for example_short_circuit_decorator to 2024-09-10T00:41:58.995819+00:00, run_after=2024-09-11T00:41:58.995819+00:00
[2024-09-11T00:41:59.025+0000] {processor.py:179} INFO - Processing /home/airflow/.local/lib/python3.8/site-packages/airflow/example_dags/example_short_circuit_decorator.py took 0.126 seconds
[2024-09-11T00:42:29.500+0000] {processor.py:157} INFO - Started process (PID=1002) to work on /home/airflow/.local/lib/python3.8/site-packages/airflow/example_dags/example_short_circuit_decorator.py
[2024-09-11T00:42:29.501+0000] {processor.py:829} INFO - Processing file /home/airflow/.local/lib/python3.8/site-packages/airflow/example_dags/example_short_circuit_decorator.py for tasks to queue
[2024-09-11T00:42:29.501+0000] {logging_mixin.py:154} INFO - [2024-09-11T00:42:29.501+0000] {dagbag.py:536} INFO - Filling up the DagBag from /home/airflow/.local/lib/python3.8/site-packages/airflow/example_dags/example_short_circuit_decorator.py
[2024-09-11T00:42:29.510+0000] {processor.py:839} INFO - DAG(s) dict_keys(['example_short_circuit_decorator']) retrieved from /home/airflow/.local/lib/python3.8/site-packages/airflow/example_dags/example_short_circuit_decorator.py
[2024-09-11T00:42:29.553+0000] {logging_mixin.py:154} INFO - [2024-09-11T00:42:29.552+0000] {dag.py:2941} INFO - Sync 1 DAGs
[2024-09-11T00:42:29.582+0000] {logging_mixin.py:154} INFO - [2024-09-11T00:42:29.581+0000] {dag.py:3722} INFO - Setting next_dagrun for example_short_circuit_decorator to 2024-09-10T00:42:29.581742+00:00, run_after=2024-09-11T00:42:29.581742+00:00
[2024-09-11T00:42:29.606+0000] {processor.py:179} INFO - Processing /home/airflow/.local/lib/python3.8/site-packages/airflow/example_dags/example_short_circuit_decorator.py took 0.108 seconds
[2024-09-11T00:42:59.818+0000] {processor.py:157} INFO - Started process (PID=1056) to work on /home/airflow/.local/lib/python3.8/site-packages/airflow/example_dags/example_short_circuit_decorator.py
[2024-09-11T00:42:59.818+0000] {processor.py:829} INFO - Processing file /home/airflow/.local/lib/python3.8/site-packages/airflow/example_dags/example_short_circuit_decorator.py for tasks to queue
[2024-09-11T00:42:59.819+0000] {logging_mixin.py:154} INFO - [2024-09-11T00:42:59.819+0000] {dagbag.py:536} INFO - Filling up the DagBag from /home/airflow/.local/lib/python3.8/site-packages/airflow/example_dags/example_short_circuit_decorator.py
[2024-09-11T00:42:59.826+0000] {processor.py:839} INFO - DAG(s) dict_keys(['example_short_circuit_decorator']) retrieved from /home/airflow/.local/lib/python3.8/site-packages/airflow/example_dags/example_short_circuit_decorator.py
[2024-09-11T00:42:59.874+0000] {logging_mixin.py:154} INFO - [2024-09-11T00:42:59.874+0000] {dag.py:2941} INFO - Sync 1 DAGs
[2024-09-11T00:42:59.902+0000] {logging_mixin.py:154} INFO - [2024-09-11T00:42:59.902+0000] {dag.py:3722} INFO - Setting next_dagrun for example_short_circuit_decorator to 2024-09-10T00:42:59.902285+00:00, run_after=2024-09-11T00:42:59.902285+00:00
[2024-09-11T00:42:59.927+0000] {processor.py:179} INFO - Processing /home/airflow/.local/lib/python3.8/site-packages/airflow/example_dags/example_short_circuit_decorator.py took 0.111 seconds
[2024-09-11T00:43:30.145+0000] {processor.py:157} INFO - Started process (PID=1110) to work on /home/airflow/.local/lib/python3.8/site-packages/airflow/example_dags/example_short_circuit_decorator.py
[2024-09-11T00:43:30.146+0000] {processor.py:829} INFO - Processing file /home/airflow/.local/lib/python3.8/site-packages/airflow/example_dags/example_short_circuit_decorator.py for tasks to queue
[2024-09-11T00:43:30.146+0000] {logging_mixin.py:154} INFO - [2024-09-11T00:43:30.146+0000] {dagbag.py:536} INFO - Filling up the DagBag from /home/airflow/.local/lib/python3.8/site-packages/airflow/example_dags/example_short_circuit_decorator.py
[2024-09-11T00:43:30.158+0000] {processor.py:839} INFO - DAG(s) dict_keys(['example_short_circuit_decorator']) retrieved from /home/airflow/.local/lib/python3.8/site-packages/airflow/example_dags/example_short_circuit_decorator.py
[2024-09-11T00:43:30.204+0000] {logging_mixin.py:154} INFO - [2024-09-11T00:43:30.204+0000] {dag.py:2941} INFO - Sync 1 DAGs
[2024-09-11T00:43:30.239+0000] {logging_mixin.py:154} INFO - [2024-09-11T00:43:30.239+0000] {dag.py:3722} INFO - Setting next_dagrun for example_short_circuit_decorator to 2024-09-10T00:43:30.239452+00:00, run_after=2024-09-11T00:43:30.239452+00:00
[2024-09-11T00:43:30.264+0000] {processor.py:179} INFO - Processing /home/airflow/.local/lib/python3.8/site-packages/airflow/example_dags/example_short_circuit_decorator.py took 0.122 seconds
[2024-09-11T00:44:01.534+0000] {processor.py:157} INFO - Started process (PID=1164) to work on /home/airflow/.local/lib/python3.8/site-packages/airflow/example_dags/example_short_circuit_decorator.py
[2024-09-11T00:44:01.535+0000] {processor.py:829} INFO - Processing file /home/airflow/.local/lib/python3.8/site-packages/airflow/example_dags/example_short_circuit_decorator.py for tasks to queue
[2024-09-11T00:44:01.535+0000] {logging_mixin.py:154} INFO - [2024-09-11T00:44:01.535+0000] {dagbag.py:536} INFO - Filling up the DagBag from /home/airflow/.local/lib/python3.8/site-packages/airflow/example_dags/example_short_circuit_decorator.py
[2024-09-11T00:44:01.543+0000] {processor.py:839} INFO - DAG(s) dict_keys(['example_short_circuit_decorator']) retrieved from /home/airflow/.local/lib/python3.8/site-packages/airflow/example_dags/example_short_circuit_decorator.py
[2024-09-11T00:44:01.587+0000] {logging_mixin.py:154} INFO - [2024-09-11T00:44:01.587+0000] {dag.py:2941} INFO - Sync 1 DAGs
[2024-09-11T00:44:01.744+0000] {logging_mixin.py:154} INFO - [2024-09-11T00:44:01.743+0000] {dag.py:3722} INFO - Setting next_dagrun for example_short_circuit_decorator to 2024-09-10T00:44:01.743764+00:00, run_after=2024-09-11T00:44:01.743764+00:00
[2024-09-11T00:44:01.773+0000] {processor.py:179} INFO - Processing /home/airflow/.local/lib/python3.8/site-packages/airflow/example_dags/example_short_circuit_decorator.py took 0.241 seconds
[2024-09-11T00:44:32.658+0000] {processor.py:157} INFO - Started process (PID=1218) to work on /home/airflow/.local/lib/python3.8/site-packages/airflow/example_dags/example_short_circuit_decorator.py
[2024-09-11T00:44:32.659+0000] {processor.py:829} INFO - Processing file /home/airflow/.local/lib/python3.8/site-packages/airflow/example_dags/example_short_circuit_decorator.py for tasks to queue
[2024-09-11T00:44:32.659+0000] {logging_mixin.py:154} INFO - [2024-09-11T00:44:32.659+0000] {dagbag.py:536} INFO - Filling up the DagBag from /home/airflow/.local/lib/python3.8/site-packages/airflow/example_dags/example_short_circuit_decorator.py
[2024-09-11T00:44:32.669+0000] {processor.py:839} INFO - DAG(s) dict_keys(['example_short_circuit_decorator']) retrieved from /home/airflow/.local/lib/python3.8/site-packages/airflow/example_dags/example_short_circuit_decorator.py
[2024-09-11T00:44:32.709+0000] {logging_mixin.py:154} INFO - [2024-09-11T00:44:32.709+0000] {dag.py:2941} INFO - Sync 1 DAGs
[2024-09-11T00:44:32.734+0000] {logging_mixin.py:154} INFO - [2024-09-11T00:44:32.734+0000] {dag.py:3722} INFO - Setting next_dagrun for example_short_circuit_decorator to 2024-09-10T00:44:32.734088+00:00, run_after=2024-09-11T00:44:32.734088+00:00
[2024-09-11T00:44:32.760+0000] {processor.py:179} INFO - Processing /home/airflow/.local/lib/python3.8/site-packages/airflow/example_dags/example_short_circuit_decorator.py took 0.104 seconds
[2024-09-11T00:45:02.851+0000] {processor.py:157} INFO - Started process (PID=1272) to work on /home/airflow/.local/lib/python3.8/site-packages/airflow/example_dags/example_short_circuit_decorator.py
[2024-09-11T00:45:02.852+0000] {processor.py:829} INFO - Processing file /home/airflow/.local/lib/python3.8/site-packages/airflow/example_dags/example_short_circuit_decorator.py for tasks to queue
[2024-09-11T00:45:02.853+0000] {logging_mixin.py:154} INFO - [2024-09-11T00:45:02.852+0000] {dagbag.py:536} INFO - Filling up the DagBag from /home/airflow/.local/lib/python3.8/site-packages/airflow/example_dags/example_short_circuit_decorator.py
[2024-09-11T00:45:02.862+0000] {processor.py:839} INFO - DAG(s) dict_keys(['example_short_circuit_decorator']) retrieved from /home/airflow/.local/lib/python3.8/site-packages/airflow/example_dags/example_short_circuit_decorator.py
[2024-09-11T00:45:02.907+0000] {logging_mixin.py:154} INFO - [2024-09-11T00:45:02.907+0000] {dag.py:2941} INFO - Sync 1 DAGs
[2024-09-11T00:45:02.933+0000] {logging_mixin.py:154} INFO - [2024-09-11T00:45:02.933+0000] {dag.py:3722} INFO - Setting next_dagrun for example_short_circuit_decorator to 2024-09-10T00:45:02.933540+00:00, run_after=2024-09-11T00:45:02.933540+00:00
[2024-09-11T00:45:02.955+0000] {processor.py:179} INFO - Processing /home/airflow/.local/lib/python3.8/site-packages/airflow/example_dags/example_short_circuit_decorator.py took 0.106 seconds
[2024-09-11T00:45:33.619+0000] {processor.py:157} INFO - Started process (PID=1332) to work on /home/airflow/.local/lib/python3.8/site-packages/airflow/example_dags/example_short_circuit_decorator.py
[2024-09-11T00:45:33.619+0000] {processor.py:829} INFO - Processing file /home/airflow/.local/lib/python3.8/site-packages/airflow/example_dags/example_short_circuit_decorator.py for tasks to queue
[2024-09-11T00:45:33.620+0000] {logging_mixin.py:154} INFO - [2024-09-11T00:45:33.620+0000] {dagbag.py:536} INFO - Filling up the DagBag from /home/airflow/.local/lib/python3.8/site-packages/airflow/example_dags/example_short_circuit_decorator.py
[2024-09-11T00:45:33.627+0000] {processor.py:839} INFO - DAG(s) dict_keys(['example_short_circuit_decorator']) retrieved from /home/airflow/.local/lib/python3.8/site-packages/airflow/example_dags/example_short_circuit_decorator.py
[2024-09-11T00:45:33.671+0000] {logging_mixin.py:154} INFO - [2024-09-11T00:45:33.671+0000] {dag.py:2941} INFO - Sync 1 DAGs
[2024-09-11T00:45:33.819+0000] {logging_mixin.py:154} INFO - [2024-09-11T00:45:33.819+0000] {dag.py:3722} INFO - Setting next_dagrun for example_short_circuit_decorator to 2024-09-10T00:45:33.819652+00:00, run_after=2024-09-11T00:45:33.819652+00:00
[2024-09-11T00:45:33.847+0000] {processor.py:179} INFO - Processing /home/airflow/.local/lib/python3.8/site-packages/airflow/example_dags/example_short_circuit_decorator.py took 0.230 seconds
[2024-09-11T00:46:04.164+0000] {processor.py:157} INFO - Started process (PID=1393) to work on /home/airflow/.local/lib/python3.8/site-packages/airflow/example_dags/example_short_circuit_decorator.py
[2024-09-11T00:46:04.164+0000] {processor.py:829} INFO - Processing file /home/airflow/.local/lib/python3.8/site-packages/airflow/example_dags/example_short_circuit_decorator.py for tasks to queue
[2024-09-11T00:46:04.165+0000] {logging_mixin.py:154} INFO - [2024-09-11T00:46:04.165+0000] {dagbag.py:536} INFO - Filling up the DagBag from /home/airflow/.local/lib/python3.8/site-packages/airflow/example_dags/example_short_circuit_decorator.py
[2024-09-11T00:46:04.173+0000] {processor.py:839} INFO - DAG(s) dict_keys(['example_short_circuit_decorator']) retrieved from /home/airflow/.local/lib/python3.8/site-packages/airflow/example_dags/example_short_circuit_decorator.py
[2024-09-11T00:46:04.219+0000] {logging_mixin.py:154} INFO - [2024-09-11T00:46:04.218+0000] {dag.py:2941} INFO - Sync 1 DAGs
[2024-09-11T00:46:04.371+0000] {logging_mixin.py:154} INFO - [2024-09-11T00:46:04.371+0000] {dag.py:3722} INFO - Setting next_dagrun for example_short_circuit_decorator to 2024-09-10T00:46:04.371003+00:00, run_after=2024-09-11T00:46:04.371003+00:00
[2024-09-11T00:46:04.395+0000] {processor.py:179} INFO - Processing /home/airflow/.local/lib/python3.8/site-packages/airflow/example_dags/example_short_circuit_decorator.py took 0.234 seconds
[2024-09-11T00:46:34.684+0000] {processor.py:157} INFO - Started process (PID=1447) to work on /home/airflow/.local/lib/python3.8/site-packages/airflow/example_dags/example_short_circuit_decorator.py
[2024-09-11T00:46:34.685+0000] {processor.py:829} INFO - Processing file /home/airflow/.local/lib/python3.8/site-packages/airflow/example_dags/example_short_circuit_decorator.py for tasks to queue
[2024-09-11T00:46:34.685+0000] {logging_mixin.py:154} INFO - [2024-09-11T00:46:34.685+0000] {dagbag.py:536} INFO - Filling up the DagBag from /home/airflow/.local/lib/python3.8/site-packages/airflow/example_dags/example_short_circuit_decorator.py
[2024-09-11T00:46:34.693+0000] {processor.py:839} INFO - DAG(s) dict_keys(['example_short_circuit_decorator']) retrieved from /home/airflow/.local/lib/python3.8/site-packages/airflow/example_dags/example_short_circuit_decorator.py
[2024-09-11T00:46:34.735+0000] {logging_mixin.py:154} INFO - [2024-09-11T00:46:34.734+0000] {dag.py:2941} INFO - Sync 1 DAGs
[2024-09-11T00:46:34.766+0000] {logging_mixin.py:154} INFO - [2024-09-11T00:46:34.766+0000] {dag.py:3722} INFO - Setting next_dagrun for example_short_circuit_decorator to 2024-09-10T00:46:34.765876+00:00, run_after=2024-09-11T00:46:34.765876+00:00
[2024-09-11T00:46:34.787+0000] {processor.py:179} INFO - Processing /home/airflow/.local/lib/python3.8/site-packages/airflow/example_dags/example_short_circuit_decorator.py took 0.105 seconds
