[2024-09-11T00:34:49.205+0000] {processor.py:157} INFO - Started process (PID=187) to work on /home/airflow/.local/lib/python3.8/site-packages/airflow/example_dags/example_branch_datetime_operator.py
[2024-09-11T00:34:49.205+0000] {processor.py:829} INFO - Processing file /home/airflow/.local/lib/python3.8/site-packages/airflow/example_dags/example_branch_datetime_operator.py for tasks to queue
[2024-09-11T00:34:49.206+0000] {logging_mixin.py:154} INFO - [2024-09-11T00:34:49.206+0000] {dagbag.py:536} INFO - Filling up the DagBag from /home/airflow/.local/lib/python3.8/site-packages/airflow/example_dags/example_branch_datetime_operator.py
[2024-09-11T00:34:49.219+0000] {processor.py:839} INFO - DAG(s) dict_keys(['example_branch_datetime_operator_2', 'example_branch_datetime_operator_3', 'example_branch_datetime_operator']) retrieved from /home/airflow/.local/lib/python3.8/site-packages/airflow/example_dags/example_branch_datetime_operator.py
[2024-09-11T00:34:49.279+0000] {logging_mixin.py:154} INFO - [2024-09-11T00:34:49.279+0000] {dag.py:2941} INFO - Sync 3 DAGs
[2024-09-11T00:34:49.313+0000] {logging_mixin.py:154} INFO - [2024-09-11T00:34:49.313+0000] {dag.py:3722} INFO - Setting next_dagrun for example_branch_datetime_operator to 2024-09-10T00:00:00+00:00, run_after=2024-09-11T00:00:00+00:00
[2024-09-11T00:34:49.319+0000] {logging_mixin.py:154} INFO - [2024-09-11T00:34:49.319+0000] {dag.py:3722} INFO - Setting next_dagrun for example_branch_datetime_operator_2 to 2024-09-10T00:00:00+00:00, run_after=2024-09-11T00:00:00+00:00
[2024-09-11T00:34:49.325+0000] {logging_mixin.py:154} INFO - [2024-09-11T00:34:49.324+0000] {dag.py:3722} INFO - Setting next_dagrun for example_branch_datetime_operator_3 to 2024-09-10T00:00:00+00:00, run_after=2024-09-11T00:00:00+00:00
[2024-09-11T00:34:49.347+0000] {processor.py:179} INFO - Processing /home/airflow/.local/lib/python3.8/site-packages/airflow/example_dags/example_branch_datetime_operator.py took 0.145 seconds
[2024-09-11T00:35:20.003+0000] {processor.py:157} INFO - Started process (PID=241) to work on /home/airflow/.local/lib/python3.8/site-packages/airflow/example_dags/example_branch_datetime_operator.py
[2024-09-11T00:35:20.004+0000] {processor.py:829} INFO - Processing file /home/airflow/.local/lib/python3.8/site-packages/airflow/example_dags/example_branch_datetime_operator.py for tasks to queue
[2024-09-11T00:35:20.005+0000] {logging_mixin.py:154} INFO - [2024-09-11T00:35:20.005+0000] {dagbag.py:536} INFO - Filling up the DagBag from /home/airflow/.local/lib/python3.8/site-packages/airflow/example_dags/example_branch_datetime_operator.py
[2024-09-11T00:35:20.013+0000] {processor.py:839} INFO - DAG(s) dict_keys(['example_branch_datetime_operator', 'example_branch_datetime_operator_2', 'example_branch_datetime_operator_3']) retrieved from /home/airflow/.local/lib/python3.8/site-packages/airflow/example_dags/example_branch_datetime_operator.py
[2024-09-11T00:35:20.063+0000] {logging_mixin.py:154} INFO - [2024-09-11T00:35:20.063+0000] {dag.py:2941} INFO - Sync 3 DAGs
[2024-09-11T00:35:20.094+0000] {logging_mixin.py:154} INFO - [2024-09-11T00:35:20.094+0000] {dag.py:3722} INFO - Setting next_dagrun for example_branch_datetime_operator to 2024-09-10T00:00:00+00:00, run_after=2024-09-11T00:00:00+00:00
[2024-09-11T00:35:20.101+0000] {logging_mixin.py:154} INFO - [2024-09-11T00:35:20.101+0000] {dag.py:3722} INFO - Setting next_dagrun for example_branch_datetime_operator_2 to 2024-09-10T00:00:00+00:00, run_after=2024-09-11T00:00:00+00:00
[2024-09-11T00:35:20.105+0000] {logging_mixin.py:154} INFO - [2024-09-11T00:35:20.104+0000] {dag.py:3722} INFO - Setting next_dagrun for example_branch_datetime_operator_3 to 2024-09-10T00:00:00+00:00, run_after=2024-09-11T00:00:00+00:00
[2024-09-11T00:35:20.126+0000] {processor.py:179} INFO - Processing /home/airflow/.local/lib/python3.8/site-packages/airflow/example_dags/example_branch_datetime_operator.py took 0.125 seconds
[2024-09-11T00:35:50.523+0000] {processor.py:157} INFO - Started process (PID=295) to work on /home/airflow/.local/lib/python3.8/site-packages/airflow/example_dags/example_branch_datetime_operator.py
[2024-09-11T00:35:50.524+0000] {processor.py:829} INFO - Processing file /home/airflow/.local/lib/python3.8/site-packages/airflow/example_dags/example_branch_datetime_operator.py for tasks to queue
[2024-09-11T00:35:50.525+0000] {logging_mixin.py:154} INFO - [2024-09-11T00:35:50.525+0000] {dagbag.py:536} INFO - Filling up the DagBag from /home/airflow/.local/lib/python3.8/site-packages/airflow/example_dags/example_branch_datetime_operator.py
[2024-09-11T00:35:50.533+0000] {processor.py:839} INFO - DAG(s) dict_keys(['example_branch_datetime_operator_3', 'example_branch_datetime_operator', 'example_branch_datetime_operator_2']) retrieved from /home/airflow/.local/lib/python3.8/site-packages/airflow/example_dags/example_branch_datetime_operator.py
[2024-09-11T00:35:50.586+0000] {logging_mixin.py:154} INFO - [2024-09-11T00:35:50.585+0000] {dag.py:2941} INFO - Sync 3 DAGs
[2024-09-11T00:35:50.619+0000] {logging_mixin.py:154} INFO - [2024-09-11T00:35:50.619+0000] {dag.py:3722} INFO - Setting next_dagrun for example_branch_datetime_operator to 2024-09-10T00:00:00+00:00, run_after=2024-09-11T00:00:00+00:00
[2024-09-11T00:35:50.626+0000] {logging_mixin.py:154} INFO - [2024-09-11T00:35:50.626+0000] {dag.py:3722} INFO - Setting next_dagrun for example_branch_datetime_operator_2 to 2024-09-10T00:00:00+00:00, run_after=2024-09-11T00:00:00+00:00
[2024-09-11T00:35:50.630+0000] {logging_mixin.py:154} INFO - [2024-09-11T00:35:50.630+0000] {dag.py:3722} INFO - Setting next_dagrun for example_branch_datetime_operator_3 to 2024-09-10T00:00:00+00:00, run_after=2024-09-11T00:00:00+00:00
[2024-09-11T00:35:50.656+0000] {processor.py:179} INFO - Processing /home/airflow/.local/lib/python3.8/site-packages/airflow/example_dags/example_branch_datetime_operator.py took 0.135 seconds
[2024-09-11T00:36:21.450+0000] {processor.py:157} INFO - Started process (PID=349) to work on /home/airflow/.local/lib/python3.8/site-packages/airflow/example_dags/example_branch_datetime_operator.py
[2024-09-11T00:36:21.451+0000] {processor.py:829} INFO - Processing file /home/airflow/.local/lib/python3.8/site-packages/airflow/example_dags/example_branch_datetime_operator.py for tasks to queue
[2024-09-11T00:36:21.451+0000] {logging_mixin.py:154} INFO - [2024-09-11T00:36:21.451+0000] {dagbag.py:536} INFO - Filling up the DagBag from /home/airflow/.local/lib/python3.8/site-packages/airflow/example_dags/example_branch_datetime_operator.py
[2024-09-11T00:36:21.465+0000] {processor.py:839} INFO - DAG(s) dict_keys(['example_branch_datetime_operator_2', 'example_branch_datetime_operator', 'example_branch_datetime_operator_3']) retrieved from /home/airflow/.local/lib/python3.8/site-packages/airflow/example_dags/example_branch_datetime_operator.py
[2024-09-11T00:36:21.514+0000] {logging_mixin.py:154} INFO - [2024-09-11T00:36:21.514+0000] {dag.py:2941} INFO - Sync 3 DAGs
[2024-09-11T00:36:21.545+0000] {logging_mixin.py:154} INFO - [2024-09-11T00:36:21.545+0000] {dag.py:3722} INFO - Setting next_dagrun for example_branch_datetime_operator to 2024-09-10T00:00:00+00:00, run_after=2024-09-11T00:00:00+00:00
[2024-09-11T00:36:21.551+0000] {logging_mixin.py:154} INFO - [2024-09-11T00:36:21.551+0000] {dag.py:3722} INFO - Setting next_dagrun for example_branch_datetime_operator_2 to 2024-09-10T00:00:00+00:00, run_after=2024-09-11T00:00:00+00:00
[2024-09-11T00:36:21.555+0000] {logging_mixin.py:154} INFO - [2024-09-11T00:36:21.554+0000] {dag.py:3722} INFO - Setting next_dagrun for example_branch_datetime_operator_3 to 2024-09-10T00:00:00+00:00, run_after=2024-09-11T00:00:00+00:00
[2024-09-11T00:36:21.576+0000] {processor.py:179} INFO - Processing /home/airflow/.local/lib/python3.8/site-packages/airflow/example_dags/example_branch_datetime_operator.py took 0.128 seconds
[2024-09-11T00:36:51.814+0000] {processor.py:157} INFO - Started process (PID=403) to work on /home/airflow/.local/lib/python3.8/site-packages/airflow/example_dags/example_branch_datetime_operator.py
[2024-09-11T00:36:51.814+0000] {processor.py:829} INFO - Processing file /home/airflow/.local/lib/python3.8/site-packages/airflow/example_dags/example_branch_datetime_operator.py for tasks to queue
[2024-09-11T00:36:51.815+0000] {logging_mixin.py:154} INFO - [2024-09-11T00:36:51.815+0000] {dagbag.py:536} INFO - Filling up the DagBag from /home/airflow/.local/lib/python3.8/site-packages/airflow/example_dags/example_branch_datetime_operator.py
[2024-09-11T00:36:51.823+0000] {processor.py:839} INFO - DAG(s) dict_keys(['example_branch_datetime_operator_3', 'example_branch_datetime_operator_2', 'example_branch_datetime_operator']) retrieved from /home/airflow/.local/lib/python3.8/site-packages/airflow/example_dags/example_branch_datetime_operator.py
[2024-09-11T00:36:51.870+0000] {logging_mixin.py:154} INFO - [2024-09-11T00:36:51.869+0000] {dag.py:2941} INFO - Sync 3 DAGs
[2024-09-11T00:36:51.898+0000] {logging_mixin.py:154} INFO - [2024-09-11T00:36:51.898+0000] {dag.py:3722} INFO - Setting next_dagrun for example_branch_datetime_operator to 2024-09-10T00:00:00+00:00, run_after=2024-09-11T00:00:00+00:00
[2024-09-11T00:36:51.904+0000] {logging_mixin.py:154} INFO - [2024-09-11T00:36:51.904+0000] {dag.py:3722} INFO - Setting next_dagrun for example_branch_datetime_operator_2 to 2024-09-10T00:00:00+00:00, run_after=2024-09-11T00:00:00+00:00
[2024-09-11T00:36:51.907+0000] {logging_mixin.py:154} INFO - [2024-09-11T00:36:51.907+0000] {dag.py:3722} INFO - Setting next_dagrun for example_branch_datetime_operator_3 to 2024-09-10T00:00:00+00:00, run_after=2024-09-11T00:00:00+00:00
[2024-09-11T00:36:51.930+0000] {processor.py:179} INFO - Processing /home/airflow/.local/lib/python3.8/site-packages/airflow/example_dags/example_branch_datetime_operator.py took 0.119 seconds
[2024-09-11T00:37:22.331+0000] {processor.py:157} INFO - Started process (PID=457) to work on /home/airflow/.local/lib/python3.8/site-packages/airflow/example_dags/example_branch_datetime_operator.py
[2024-09-11T00:37:22.332+0000] {processor.py:829} INFO - Processing file /home/airflow/.local/lib/python3.8/site-packages/airflow/example_dags/example_branch_datetime_operator.py for tasks to queue
[2024-09-11T00:37:22.333+0000] {logging_mixin.py:154} INFO - [2024-09-11T00:37:22.332+0000] {dagbag.py:536} INFO - Filling up the DagBag from /home/airflow/.local/lib/python3.8/site-packages/airflow/example_dags/example_branch_datetime_operator.py
[2024-09-11T00:37:22.341+0000] {processor.py:839} INFO - DAG(s) dict_keys(['example_branch_datetime_operator_2', 'example_branch_datetime_operator', 'example_branch_datetime_operator_3']) retrieved from /home/airflow/.local/lib/python3.8/site-packages/airflow/example_dags/example_branch_datetime_operator.py
[2024-09-11T00:37:22.392+0000] {logging_mixin.py:154} INFO - [2024-09-11T00:37:22.392+0000] {dag.py:2941} INFO - Sync 3 DAGs
[2024-09-11T00:37:22.423+0000] {logging_mixin.py:154} INFO - [2024-09-11T00:37:22.423+0000] {dag.py:3722} INFO - Setting next_dagrun for example_branch_datetime_operator to 2024-09-10T00:00:00+00:00, run_after=2024-09-11T00:00:00+00:00
[2024-09-11T00:37:22.433+0000] {logging_mixin.py:154} INFO - [2024-09-11T00:37:22.433+0000] {dag.py:3722} INFO - Setting next_dagrun for example_branch_datetime_operator_2 to 2024-09-10T00:00:00+00:00, run_after=2024-09-11T00:00:00+00:00
[2024-09-11T00:37:22.437+0000] {logging_mixin.py:154} INFO - [2024-09-11T00:37:22.437+0000] {dag.py:3722} INFO - Setting next_dagrun for example_branch_datetime_operator_3 to 2024-09-10T00:00:00+00:00, run_after=2024-09-11T00:00:00+00:00
[2024-09-11T00:37:22.471+0000] {processor.py:179} INFO - Processing /home/airflow/.local/lib/python3.8/site-packages/airflow/example_dags/example_branch_datetime_operator.py took 0.142 seconds
[2024-09-11T00:37:52.846+0000] {processor.py:157} INFO - Started process (PID=511) to work on /home/airflow/.local/lib/python3.8/site-packages/airflow/example_dags/example_branch_datetime_operator.py
[2024-09-11T00:37:52.847+0000] {processor.py:829} INFO - Processing file /home/airflow/.local/lib/python3.8/site-packages/airflow/example_dags/example_branch_datetime_operator.py for tasks to queue
[2024-09-11T00:37:52.848+0000] {logging_mixin.py:154} INFO - [2024-09-11T00:37:52.848+0000] {dagbag.py:536} INFO - Filling up the DagBag from /home/airflow/.local/lib/python3.8/site-packages/airflow/example_dags/example_branch_datetime_operator.py
[2024-09-11T00:37:52.856+0000] {processor.py:839} INFO - DAG(s) dict_keys(['example_branch_datetime_operator', 'example_branch_datetime_operator_2', 'example_branch_datetime_operator_3']) retrieved from /home/airflow/.local/lib/python3.8/site-packages/airflow/example_dags/example_branch_datetime_operator.py
[2024-09-11T00:37:52.902+0000] {logging_mixin.py:154} INFO - [2024-09-11T00:37:52.902+0000] {dag.py:2941} INFO - Sync 3 DAGs
[2024-09-11T00:37:52.934+0000] {logging_mixin.py:154} INFO - [2024-09-11T00:37:52.934+0000] {dag.py:3722} INFO - Setting next_dagrun for example_branch_datetime_operator to 2024-09-10T00:00:00+00:00, run_after=2024-09-11T00:00:00+00:00
[2024-09-11T00:37:52.943+0000] {logging_mixin.py:154} INFO - [2024-09-11T00:37:52.943+0000] {dag.py:3722} INFO - Setting next_dagrun for example_branch_datetime_operator_2 to 2024-09-10T00:00:00+00:00, run_after=2024-09-11T00:00:00+00:00
[2024-09-11T00:37:52.947+0000] {logging_mixin.py:154} INFO - [2024-09-11T00:37:52.947+0000] {dag.py:3722} INFO - Setting next_dagrun for example_branch_datetime_operator_3 to 2024-09-10T00:00:00+00:00, run_after=2024-09-11T00:00:00+00:00
[2024-09-11T00:37:52.971+0000] {processor.py:179} INFO - Processing /home/airflow/.local/lib/python3.8/site-packages/airflow/example_dags/example_branch_datetime_operator.py took 0.128 seconds
[2024-09-11T00:38:23.249+0000] {processor.py:157} INFO - Started process (PID=565) to work on /home/airflow/.local/lib/python3.8/site-packages/airflow/example_dags/example_branch_datetime_operator.py
[2024-09-11T00:38:23.249+0000] {processor.py:829} INFO - Processing file /home/airflow/.local/lib/python3.8/site-packages/airflow/example_dags/example_branch_datetime_operator.py for tasks to queue
[2024-09-11T00:38:23.250+0000] {logging_mixin.py:154} INFO - [2024-09-11T00:38:23.250+0000] {dagbag.py:536} INFO - Filling up the DagBag from /home/airflow/.local/lib/python3.8/site-packages/airflow/example_dags/example_branch_datetime_operator.py
[2024-09-11T00:38:23.258+0000] {processor.py:839} INFO - DAG(s) dict_keys(['example_branch_datetime_operator_2', 'example_branch_datetime_operator', 'example_branch_datetime_operator_3']) retrieved from /home/airflow/.local/lib/python3.8/site-packages/airflow/example_dags/example_branch_datetime_operator.py
[2024-09-11T00:38:23.306+0000] {logging_mixin.py:154} INFO - [2024-09-11T00:38:23.306+0000] {dag.py:2941} INFO - Sync 3 DAGs
[2024-09-11T00:38:23.338+0000] {logging_mixin.py:154} INFO - [2024-09-11T00:38:23.338+0000] {dag.py:3722} INFO - Setting next_dagrun for example_branch_datetime_operator to 2024-09-10T00:00:00+00:00, run_after=2024-09-11T00:00:00+00:00
[2024-09-11T00:38:23.343+0000] {logging_mixin.py:154} INFO - [2024-09-11T00:38:23.343+0000] {dag.py:3722} INFO - Setting next_dagrun for example_branch_datetime_operator_2 to 2024-09-10T00:00:00+00:00, run_after=2024-09-11T00:00:00+00:00
[2024-09-11T00:38:23.346+0000] {logging_mixin.py:154} INFO - [2024-09-11T00:38:23.345+0000] {dag.py:3722} INFO - Setting next_dagrun for example_branch_datetime_operator_3 to 2024-09-10T00:00:00+00:00, run_after=2024-09-11T00:00:00+00:00
[2024-09-11T00:38:23.370+0000] {processor.py:179} INFO - Processing /home/airflow/.local/lib/python3.8/site-packages/airflow/example_dags/example_branch_datetime_operator.py took 0.124 seconds
[2024-09-11T00:38:54.113+0000] {processor.py:157} INFO - Started process (PID=619) to work on /home/airflow/.local/lib/python3.8/site-packages/airflow/example_dags/example_branch_datetime_operator.py
[2024-09-11T00:38:54.114+0000] {processor.py:829} INFO - Processing file /home/airflow/.local/lib/python3.8/site-packages/airflow/example_dags/example_branch_datetime_operator.py for tasks to queue
[2024-09-11T00:38:54.115+0000] {logging_mixin.py:154} INFO - [2024-09-11T00:38:54.114+0000] {dagbag.py:536} INFO - Filling up the DagBag from /home/airflow/.local/lib/python3.8/site-packages/airflow/example_dags/example_branch_datetime_operator.py
[2024-09-11T00:38:54.125+0000] {processor.py:839} INFO - DAG(s) dict_keys(['example_branch_datetime_operator', 'example_branch_datetime_operator_3', 'example_branch_datetime_operator_2']) retrieved from /home/airflow/.local/lib/python3.8/site-packages/airflow/example_dags/example_branch_datetime_operator.py
[2024-09-11T00:38:54.484+0000] {logging_mixin.py:154} INFO - [2024-09-11T00:38:54.484+0000] {dag.py:2941} INFO - Sync 3 DAGs
[2024-09-11T00:38:54.503+0000] {logging_mixin.py:154} INFO - [2024-09-11T00:38:54.503+0000] {dag.py:2963} INFO - Creating ORM DAG for example_branch_datetime_operator_3
[2024-09-11T00:38:54.503+0000] {logging_mixin.py:154} INFO - [2024-09-11T00:38:54.503+0000] {dag.py:2963} INFO - Creating ORM DAG for example_branch_datetime_operator_2
[2024-09-11T00:38:54.504+0000] {logging_mixin.py:154} INFO - [2024-09-11T00:38:54.504+0000] {dag.py:2963} INFO - Creating ORM DAG for example_branch_datetime_operator
[2024-09-11T00:38:54.520+0000] {logging_mixin.py:154} INFO - [2024-09-11T00:38:54.520+0000] {dag.py:3722} INFO - Setting next_dagrun for example_branch_datetime_operator to 2024-09-10T00:00:00+00:00, run_after=2024-09-11T00:00:00+00:00
[2024-09-11T00:38:54.523+0000] {logging_mixin.py:154} INFO - [2024-09-11T00:38:54.523+0000] {dag.py:3722} INFO - Setting next_dagrun for example_branch_datetime_operator_2 to 2024-09-10T00:00:00+00:00, run_after=2024-09-11T00:00:00+00:00
[2024-09-11T00:38:54.525+0000] {logging_mixin.py:154} INFO - [2024-09-11T00:38:54.525+0000] {dag.py:3722} INFO - Setting next_dagrun for example_branch_datetime_operator_3 to 2024-09-10T00:00:00+00:00, run_after=2024-09-11T00:00:00+00:00
[2024-09-11T00:38:54.569+0000] {processor.py:179} INFO - Processing /home/airflow/.local/lib/python3.8/site-packages/airflow/example_dags/example_branch_datetime_operator.py took 0.458 seconds
[2024-09-11T00:39:24.719+0000] {processor.py:157} INFO - Started process (PID=673) to work on /home/airflow/.local/lib/python3.8/site-packages/airflow/example_dags/example_branch_datetime_operator.py
[2024-09-11T00:39:24.720+0000] {processor.py:829} INFO - Processing file /home/airflow/.local/lib/python3.8/site-packages/airflow/example_dags/example_branch_datetime_operator.py for tasks to queue
[2024-09-11T00:39:24.721+0000] {logging_mixin.py:154} INFO - [2024-09-11T00:39:24.721+0000] {dagbag.py:536} INFO - Filling up the DagBag from /home/airflow/.local/lib/python3.8/site-packages/airflow/example_dags/example_branch_datetime_operator.py
[2024-09-11T00:39:24.731+0000] {processor.py:839} INFO - DAG(s) dict_keys(['example_branch_datetime_operator', 'example_branch_datetime_operator_3', 'example_branch_datetime_operator_2']) retrieved from /home/airflow/.local/lib/python3.8/site-packages/airflow/example_dags/example_branch_datetime_operator.py
[2024-09-11T00:39:24.791+0000] {logging_mixin.py:154} INFO - [2024-09-11T00:39:24.791+0000] {dag.py:2941} INFO - Sync 3 DAGs
[2024-09-11T00:39:24.835+0000] {logging_mixin.py:154} INFO - [2024-09-11T00:39:24.835+0000] {dag.py:3722} INFO - Setting next_dagrun for example_branch_datetime_operator to 2024-09-10T00:00:00+00:00, run_after=2024-09-11T00:00:00+00:00
[2024-09-11T00:39:24.844+0000] {logging_mixin.py:154} INFO - [2024-09-11T00:39:24.844+0000] {dag.py:3722} INFO - Setting next_dagrun for example_branch_datetime_operator_2 to 2024-09-10T00:00:00+00:00, run_after=2024-09-11T00:00:00+00:00
[2024-09-11T00:39:24.847+0000] {logging_mixin.py:154} INFO - [2024-09-11T00:39:24.847+0000] {dag.py:3722} INFO - Setting next_dagrun for example_branch_datetime_operator_3 to 2024-09-10T00:00:00+00:00, run_after=2024-09-11T00:00:00+00:00
[2024-09-11T00:39:24.874+0000] {processor.py:179} INFO - Processing /home/airflow/.local/lib/python3.8/site-packages/airflow/example_dags/example_branch_datetime_operator.py took 0.159 seconds
[2024-09-11T00:39:55.173+0000] {processor.py:157} INFO - Started process (PID=727) to work on /home/airflow/.local/lib/python3.8/site-packages/airflow/example_dags/example_branch_datetime_operator.py
[2024-09-11T00:39:55.174+0000] {processor.py:829} INFO - Processing file /home/airflow/.local/lib/python3.8/site-packages/airflow/example_dags/example_branch_datetime_operator.py for tasks to queue
[2024-09-11T00:39:55.174+0000] {logging_mixin.py:154} INFO - [2024-09-11T00:39:55.174+0000] {dagbag.py:536} INFO - Filling up the DagBag from /home/airflow/.local/lib/python3.8/site-packages/airflow/example_dags/example_branch_datetime_operator.py
[2024-09-11T00:39:55.182+0000] {processor.py:839} INFO - DAG(s) dict_keys(['example_branch_datetime_operator_2', 'example_branch_datetime_operator', 'example_branch_datetime_operator_3']) retrieved from /home/airflow/.local/lib/python3.8/site-packages/airflow/example_dags/example_branch_datetime_operator.py
[2024-09-11T00:39:55.303+0000] {logging_mixin.py:154} INFO - [2024-09-11T00:39:55.303+0000] {dag.py:2941} INFO - Sync 3 DAGs
[2024-09-11T00:39:55.317+0000] {logging_mixin.py:154} INFO - [2024-09-11T00:39:55.317+0000] {dag.py:2963} INFO - Creating ORM DAG for example_branch_datetime_operator_3
[2024-09-11T00:39:55.318+0000] {logging_mixin.py:154} INFO - [2024-09-11T00:39:55.318+0000] {dag.py:2963} INFO - Creating ORM DAG for example_branch_datetime_operator
[2024-09-11T00:39:55.440+0000] {logging_mixin.py:154} INFO - [2024-09-11T00:39:55.440+0000] {dag.py:3722} INFO - Setting next_dagrun for example_branch_datetime_operator to 2024-09-10T00:00:00+00:00, run_after=2024-09-11T00:00:00+00:00
[2024-09-11T00:39:55.442+0000] {logging_mixin.py:154} INFO - [2024-09-11T00:39:55.442+0000] {dag.py:3722} INFO - Setting next_dagrun for example_branch_datetime_operator_2 to 2024-09-10T00:00:00+00:00, run_after=2024-09-11T00:00:00+00:00
[2024-09-11T00:39:55.448+0000] {logging_mixin.py:154} INFO - [2024-09-11T00:39:55.447+0000] {dag.py:3722} INFO - Setting next_dagrun for example_branch_datetime_operator_3 to 2024-09-10T00:00:00+00:00, run_after=2024-09-11T00:00:00+00:00
[2024-09-11T00:39:55.473+0000] {processor.py:179} INFO - Processing /home/airflow/.local/lib/python3.8/site-packages/airflow/example_dags/example_branch_datetime_operator.py took 0.302 seconds
[2024-09-11T00:40:25.582+0000] {processor.py:157} INFO - Started process (PID=781) to work on /home/airflow/.local/lib/python3.8/site-packages/airflow/example_dags/example_branch_datetime_operator.py
[2024-09-11T00:40:25.583+0000] {processor.py:829} INFO - Processing file /home/airflow/.local/lib/python3.8/site-packages/airflow/example_dags/example_branch_datetime_operator.py for tasks to queue
[2024-09-11T00:40:25.583+0000] {logging_mixin.py:154} INFO - [2024-09-11T00:40:25.583+0000] {dagbag.py:536} INFO - Filling up the DagBag from /home/airflow/.local/lib/python3.8/site-packages/airflow/example_dags/example_branch_datetime_operator.py
[2024-09-11T00:40:25.594+0000] {processor.py:839} INFO - DAG(s) dict_keys(['example_branch_datetime_operator_3', 'example_branch_datetime_operator', 'example_branch_datetime_operator_2']) retrieved from /home/airflow/.local/lib/python3.8/site-packages/airflow/example_dags/example_branch_datetime_operator.py
[2024-09-11T00:40:25.735+0000] {logging_mixin.py:154} INFO - [2024-09-11T00:40:25.735+0000] {dag.py:2941} INFO - Sync 3 DAGs
[2024-09-11T00:40:25.752+0000] {logging_mixin.py:154} INFO - [2024-09-11T00:40:25.752+0000] {dag.py:2963} INFO - Creating ORM DAG for example_branch_datetime_operator_2
[2024-09-11T00:40:25.767+0000] {logging_mixin.py:154} INFO - [2024-09-11T00:40:25.767+0000] {dag.py:3722} INFO - Setting next_dagrun for example_branch_datetime_operator to 2024-09-10T00:00:00+00:00, run_after=2024-09-11T00:00:00+00:00
[2024-09-11T00:40:25.775+0000] {logging_mixin.py:154} INFO - [2024-09-11T00:40:25.774+0000] {dag.py:3722} INFO - Setting next_dagrun for example_branch_datetime_operator_2 to 2024-09-10T00:00:00+00:00, run_after=2024-09-11T00:00:00+00:00
[2024-09-11T00:40:25.777+0000] {logging_mixin.py:154} INFO - [2024-09-11T00:40:25.777+0000] {dag.py:3722} INFO - Setting next_dagrun for example_branch_datetime_operator_3 to 2024-09-10T00:00:00+00:00, run_after=2024-09-11T00:00:00+00:00
[2024-09-11T00:40:25.815+0000] {processor.py:179} INFO - Processing /home/airflow/.local/lib/python3.8/site-packages/airflow/example_dags/example_branch_datetime_operator.py took 0.235 seconds
[2024-09-11T00:40:56.172+0000] {processor.py:157} INFO - Started process (PID=835) to work on /home/airflow/.local/lib/python3.8/site-packages/airflow/example_dags/example_branch_datetime_operator.py
[2024-09-11T00:40:56.172+0000] {processor.py:829} INFO - Processing file /home/airflow/.local/lib/python3.8/site-packages/airflow/example_dags/example_branch_datetime_operator.py for tasks to queue
[2024-09-11T00:40:56.173+0000] {logging_mixin.py:154} INFO - [2024-09-11T00:40:56.173+0000] {dagbag.py:536} INFO - Filling up the DagBag from /home/airflow/.local/lib/python3.8/site-packages/airflow/example_dags/example_branch_datetime_operator.py
[2024-09-11T00:40:56.181+0000] {processor.py:839} INFO - DAG(s) dict_keys(['example_branch_datetime_operator', 'example_branch_datetime_operator_2', 'example_branch_datetime_operator_3']) retrieved from /home/airflow/.local/lib/python3.8/site-packages/airflow/example_dags/example_branch_datetime_operator.py
[2024-09-11T00:40:56.437+0000] {logging_mixin.py:154} INFO - [2024-09-11T00:40:56.437+0000] {dag.py:2941} INFO - Sync 3 DAGs
[2024-09-11T00:40:56.451+0000] {logging_mixin.py:154} INFO - [2024-09-11T00:40:56.451+0000] {dag.py:2963} INFO - Creating ORM DAG for example_branch_datetime_operator
[2024-09-11T00:40:56.465+0000] {logging_mixin.py:154} INFO - [2024-09-11T00:40:56.465+0000] {dag.py:3722} INFO - Setting next_dagrun for example_branch_datetime_operator to 2024-09-10T00:00:00+00:00, run_after=2024-09-11T00:00:00+00:00
[2024-09-11T00:40:56.467+0000] {logging_mixin.py:154} INFO - [2024-09-11T00:40:56.467+0000] {dag.py:3722} INFO - Setting next_dagrun for example_branch_datetime_operator_2 to 2024-09-10T00:00:00+00:00, run_after=2024-09-11T00:00:00+00:00
[2024-09-11T00:40:56.473+0000] {logging_mixin.py:154} INFO - [2024-09-11T00:40:56.472+0000] {dag.py:3722} INFO - Setting next_dagrun for example_branch_datetime_operator_3 to 2024-09-10T00:00:00+00:00, run_after=2024-09-11T00:00:00+00:00
[2024-09-11T00:40:56.497+0000] {processor.py:179} INFO - Processing /home/airflow/.local/lib/python3.8/site-packages/airflow/example_dags/example_branch_datetime_operator.py took 0.328 seconds
[2024-09-11T00:41:27.372+0000] {processor.py:157} INFO - Started process (PID=889) to work on /home/airflow/.local/lib/python3.8/site-packages/airflow/example_dags/example_branch_datetime_operator.py
[2024-09-11T00:41:27.373+0000] {processor.py:829} INFO - Processing file /home/airflow/.local/lib/python3.8/site-packages/airflow/example_dags/example_branch_datetime_operator.py for tasks to queue
[2024-09-11T00:41:27.374+0000] {logging_mixin.py:154} INFO - [2024-09-11T00:41:27.373+0000] {dagbag.py:536} INFO - Filling up the DagBag from /home/airflow/.local/lib/python3.8/site-packages/airflow/example_dags/example_branch_datetime_operator.py
[2024-09-11T00:41:27.383+0000] {processor.py:839} INFO - DAG(s) dict_keys(['example_branch_datetime_operator', 'example_branch_datetime_operator_3', 'example_branch_datetime_operator_2']) retrieved from /home/airflow/.local/lib/python3.8/site-packages/airflow/example_dags/example_branch_datetime_operator.py
[2024-09-11T00:41:27.538+0000] {logging_mixin.py:154} INFO - [2024-09-11T00:41:27.538+0000] {dag.py:2941} INFO - Sync 3 DAGs
[2024-09-11T00:41:27.710+0000] {logging_mixin.py:154} INFO - [2024-09-11T00:41:27.709+0000] {dag.py:2963} INFO - Creating ORM DAG for example_branch_datetime_operator_3
[2024-09-11T00:41:27.710+0000] {logging_mixin.py:154} INFO - [2024-09-11T00:41:27.710+0000] {dag.py:2963} INFO - Creating ORM DAG for example_branch_datetime_operator_2
[2024-09-11T00:41:27.711+0000] {logging_mixin.py:154} INFO - [2024-09-11T00:41:27.711+0000] {dag.py:2963} INFO - Creating ORM DAG for example_branch_datetime_operator
[2024-09-11T00:41:27.723+0000] {logging_mixin.py:154} INFO - [2024-09-11T00:41:27.723+0000] {dag.py:3722} INFO - Setting next_dagrun for example_branch_datetime_operator to 2024-09-10T00:00:00+00:00, run_after=2024-09-11T00:00:00+00:00
[2024-09-11T00:41:27.725+0000] {logging_mixin.py:154} INFO - [2024-09-11T00:41:27.725+0000] {dag.py:3722} INFO - Setting next_dagrun for example_branch_datetime_operator_2 to 2024-09-10T00:00:00+00:00, run_after=2024-09-11T00:00:00+00:00
[2024-09-11T00:41:27.728+0000] {logging_mixin.py:154} INFO - [2024-09-11T00:41:27.728+0000] {dag.py:3722} INFO - Setting next_dagrun for example_branch_datetime_operator_3 to 2024-09-10T00:00:00+00:00, run_after=2024-09-11T00:00:00+00:00
[2024-09-11T00:41:27.753+0000] {processor.py:179} INFO - Processing /home/airflow/.local/lib/python3.8/site-packages/airflow/example_dags/example_branch_datetime_operator.py took 0.385 seconds
[2024-09-11T00:41:58.292+0000] {processor.py:157} INFO - Started process (PID=943) to work on /home/airflow/.local/lib/python3.8/site-packages/airflow/example_dags/example_branch_datetime_operator.py
[2024-09-11T00:41:58.292+0000] {processor.py:829} INFO - Processing file /home/airflow/.local/lib/python3.8/site-packages/airflow/example_dags/example_branch_datetime_operator.py for tasks to queue
[2024-09-11T00:41:58.293+0000] {logging_mixin.py:154} INFO - [2024-09-11T00:41:58.293+0000] {dagbag.py:536} INFO - Filling up the DagBag from /home/airflow/.local/lib/python3.8/site-packages/airflow/example_dags/example_branch_datetime_operator.py
[2024-09-11T00:41:58.305+0000] {processor.py:839} INFO - DAG(s) dict_keys(['example_branch_datetime_operator_2', 'example_branch_datetime_operator', 'example_branch_datetime_operator_3']) retrieved from /home/airflow/.local/lib/python3.8/site-packages/airflow/example_dags/example_branch_datetime_operator.py
[2024-09-11T00:41:58.373+0000] {logging_mixin.py:154} INFO - [2024-09-11T00:41:58.373+0000] {dag.py:2941} INFO - Sync 3 DAGs
[2024-09-11T00:41:58.413+0000] {logging_mixin.py:154} INFO - [2024-09-11T00:41:58.413+0000] {dag.py:3722} INFO - Setting next_dagrun for example_branch_datetime_operator to 2024-09-10T00:00:00+00:00, run_after=2024-09-11T00:00:00+00:00
[2024-09-11T00:41:58.423+0000] {logging_mixin.py:154} INFO - [2024-09-11T00:41:58.423+0000] {dag.py:3722} INFO - Setting next_dagrun for example_branch_datetime_operator_2 to 2024-09-10T00:00:00+00:00, run_after=2024-09-11T00:00:00+00:00
[2024-09-11T00:41:58.427+0000] {logging_mixin.py:154} INFO - [2024-09-11T00:41:58.426+0000] {dag.py:3722} INFO - Setting next_dagrun for example_branch_datetime_operator_3 to 2024-09-10T00:00:00+00:00, run_after=2024-09-11T00:00:00+00:00
[2024-09-11T00:41:58.456+0000] {processor.py:179} INFO - Processing /home/airflow/.local/lib/python3.8/site-packages/airflow/example_dags/example_branch_datetime_operator.py took 0.167 seconds
[2024-09-11T00:42:29.084+0000] {processor.py:157} INFO - Started process (PID=997) to work on /home/airflow/.local/lib/python3.8/site-packages/airflow/example_dags/example_branch_datetime_operator.py
[2024-09-11T00:42:29.084+0000] {processor.py:829} INFO - Processing file /home/airflow/.local/lib/python3.8/site-packages/airflow/example_dags/example_branch_datetime_operator.py for tasks to queue
[2024-09-11T00:42:29.085+0000] {logging_mixin.py:154} INFO - [2024-09-11T00:42:29.085+0000] {dagbag.py:536} INFO - Filling up the DagBag from /home/airflow/.local/lib/python3.8/site-packages/airflow/example_dags/example_branch_datetime_operator.py
[2024-09-11T00:42:29.097+0000] {processor.py:839} INFO - DAG(s) dict_keys(['example_branch_datetime_operator_3', 'example_branch_datetime_operator_2', 'example_branch_datetime_operator']) retrieved from /home/airflow/.local/lib/python3.8/site-packages/airflow/example_dags/example_branch_datetime_operator.py
[2024-09-11T00:42:29.350+0000] {logging_mixin.py:154} INFO - [2024-09-11T00:42:29.350+0000] {dag.py:2941} INFO - Sync 3 DAGs
[2024-09-11T00:42:29.368+0000] {logging_mixin.py:154} INFO - [2024-09-11T00:42:29.367+0000] {dag.py:2963} INFO - Creating ORM DAG for example_branch_datetime_operator_3
[2024-09-11T00:42:29.382+0000] {logging_mixin.py:154} INFO - [2024-09-11T00:42:29.382+0000] {dag.py:3722} INFO - Setting next_dagrun for example_branch_datetime_operator to 2024-09-10T00:00:00+00:00, run_after=2024-09-11T00:00:00+00:00
[2024-09-11T00:42:29.388+0000] {logging_mixin.py:154} INFO - [2024-09-11T00:42:29.388+0000] {dag.py:3722} INFO - Setting next_dagrun for example_branch_datetime_operator_2 to 2024-09-10T00:00:00+00:00, run_after=2024-09-11T00:00:00+00:00
[2024-09-11T00:42:29.391+0000] {logging_mixin.py:154} INFO - [2024-09-11T00:42:29.390+0000] {dag.py:3722} INFO - Setting next_dagrun for example_branch_datetime_operator_3 to 2024-09-10T00:00:00+00:00, run_after=2024-09-11T00:00:00+00:00
[2024-09-11T00:42:29.421+0000] {processor.py:179} INFO - Processing /home/airflow/.local/lib/python3.8/site-packages/airflow/example_dags/example_branch_datetime_operator.py took 0.340 seconds
[2024-09-11T00:42:59.479+0000] {processor.py:157} INFO - Started process (PID=1052) to work on /home/airflow/.local/lib/python3.8/site-packages/airflow/example_dags/example_branch_datetime_operator.py
[2024-09-11T00:42:59.480+0000] {processor.py:829} INFO - Processing file /home/airflow/.local/lib/python3.8/site-packages/airflow/example_dags/example_branch_datetime_operator.py for tasks to queue
[2024-09-11T00:42:59.481+0000] {logging_mixin.py:154} INFO - [2024-09-11T00:42:59.480+0000] {dagbag.py:536} INFO - Filling up the DagBag from /home/airflow/.local/lib/python3.8/site-packages/airflow/example_dags/example_branch_datetime_operator.py
[2024-09-11T00:42:59.490+0000] {processor.py:839} INFO - DAG(s) dict_keys(['example_branch_datetime_operator', 'example_branch_datetime_operator_3', 'example_branch_datetime_operator_2']) retrieved from /home/airflow/.local/lib/python3.8/site-packages/airflow/example_dags/example_branch_datetime_operator.py
[2024-09-11T00:42:59.730+0000] {logging_mixin.py:154} INFO - [2024-09-11T00:42:59.729+0000] {dag.py:2941} INFO - Sync 3 DAGs
[2024-09-11T00:42:59.744+0000] {logging_mixin.py:154} INFO - [2024-09-11T00:42:59.743+0000] {dag.py:2963} INFO - Creating ORM DAG for example_branch_datetime_operator_2
[2024-09-11T00:42:59.759+0000] {logging_mixin.py:154} INFO - [2024-09-11T00:42:59.759+0000] {dag.py:3722} INFO - Setting next_dagrun for example_branch_datetime_operator to 2024-09-10T00:00:00+00:00, run_after=2024-09-11T00:00:00+00:00
[2024-09-11T00:42:59.764+0000] {logging_mixin.py:154} INFO - [2024-09-11T00:42:59.764+0000] {dag.py:3722} INFO - Setting next_dagrun for example_branch_datetime_operator_2 to 2024-09-10T00:00:00+00:00, run_after=2024-09-11T00:00:00+00:00
[2024-09-11T00:42:59.765+0000] {logging_mixin.py:154} INFO - [2024-09-11T00:42:59.765+0000] {dag.py:3722} INFO - Setting next_dagrun for example_branch_datetime_operator_3 to 2024-09-10T00:00:00+00:00, run_after=2024-09-11T00:00:00+00:00
[2024-09-11T00:42:59.790+0000] {processor.py:179} INFO - Processing /home/airflow/.local/lib/python3.8/site-packages/airflow/example_dags/example_branch_datetime_operator.py took 0.313 seconds
[2024-09-11T00:43:29.929+0000] {processor.py:157} INFO - Started process (PID=1107) to work on /home/airflow/.local/lib/python3.8/site-packages/airflow/example_dags/example_branch_datetime_operator.py
[2024-09-11T00:43:29.930+0000] {processor.py:829} INFO - Processing file /home/airflow/.local/lib/python3.8/site-packages/airflow/example_dags/example_branch_datetime_operator.py for tasks to queue
[2024-09-11T00:43:29.931+0000] {logging_mixin.py:154} INFO - [2024-09-11T00:43:29.931+0000] {dagbag.py:536} INFO - Filling up the DagBag from /home/airflow/.local/lib/python3.8/site-packages/airflow/example_dags/example_branch_datetime_operator.py
[2024-09-11T00:43:29.943+0000] {processor.py:839} INFO - DAG(s) dict_keys(['example_branch_datetime_operator_2', 'example_branch_datetime_operator', 'example_branch_datetime_operator_3']) retrieved from /home/airflow/.local/lib/python3.8/site-packages/airflow/example_dags/example_branch_datetime_operator.py
[2024-09-11T00:43:29.998+0000] {logging_mixin.py:154} INFO - [2024-09-11T00:43:29.998+0000] {dag.py:2941} INFO - Sync 3 DAGs
[2024-09-11T00:43:30.036+0000] {logging_mixin.py:154} INFO - [2024-09-11T00:43:30.036+0000] {dag.py:3722} INFO - Setting next_dagrun for example_branch_datetime_operator to 2024-09-10T00:00:00+00:00, run_after=2024-09-11T00:00:00+00:00
[2024-09-11T00:43:30.042+0000] {logging_mixin.py:154} INFO - [2024-09-11T00:43:30.041+0000] {dag.py:3722} INFO - Setting next_dagrun for example_branch_datetime_operator_2 to 2024-09-10T00:00:00+00:00, run_after=2024-09-11T00:00:00+00:00
[2024-09-11T00:43:30.045+0000] {logging_mixin.py:154} INFO - [2024-09-11T00:43:30.045+0000] {dag.py:3722} INFO - Setting next_dagrun for example_branch_datetime_operator_3 to 2024-09-10T00:00:00+00:00, run_after=2024-09-11T00:00:00+00:00
[2024-09-11T00:43:30.068+0000] {processor.py:179} INFO - Processing /home/airflow/.local/lib/python3.8/site-packages/airflow/example_dags/example_branch_datetime_operator.py took 0.142 seconds
[2024-09-11T00:44:00.970+0000] {processor.py:157} INFO - Started process (PID=1159) to work on /home/airflow/.local/lib/python3.8/site-packages/airflow/example_dags/example_branch_datetime_operator.py
[2024-09-11T00:44:00.970+0000] {processor.py:829} INFO - Processing file /home/airflow/.local/lib/python3.8/site-packages/airflow/example_dags/example_branch_datetime_operator.py for tasks to queue
[2024-09-11T00:44:00.972+0000] {logging_mixin.py:154} INFO - [2024-09-11T00:44:00.971+0000] {dagbag.py:536} INFO - Filling up the DagBag from /home/airflow/.local/lib/python3.8/site-packages/airflow/example_dags/example_branch_datetime_operator.py
[2024-09-11T00:44:00.995+0000] {processor.py:839} INFO - DAG(s) dict_keys(['example_branch_datetime_operator_3', 'example_branch_datetime_operator_2', 'example_branch_datetime_operator']) retrieved from /home/airflow/.local/lib/python3.8/site-packages/airflow/example_dags/example_branch_datetime_operator.py
[2024-09-11T00:44:01.058+0000] {logging_mixin.py:154} INFO - [2024-09-11T00:44:01.057+0000] {dag.py:2941} INFO - Sync 3 DAGs
[2024-09-11T00:44:01.087+0000] {logging_mixin.py:154} INFO - [2024-09-11T00:44:01.086+0000] {dag.py:3722} INFO - Setting next_dagrun for example_branch_datetime_operator to 2024-09-10T00:00:00+00:00, run_after=2024-09-11T00:00:00+00:00
[2024-09-11T00:44:01.211+0000] {logging_mixin.py:154} INFO - [2024-09-11T00:44:01.211+0000] {dag.py:3722} INFO - Setting next_dagrun for example_branch_datetime_operator_2 to 2024-09-10T00:00:00+00:00, run_after=2024-09-11T00:00:00+00:00
[2024-09-11T00:44:01.214+0000] {logging_mixin.py:154} INFO - [2024-09-11T00:44:01.214+0000] {dag.py:3722} INFO - Setting next_dagrun for example_branch_datetime_operator_3 to 2024-09-10T00:00:00+00:00, run_after=2024-09-11T00:00:00+00:00
[2024-09-11T00:44:01.233+0000] {processor.py:179} INFO - Processing /home/airflow/.local/lib/python3.8/site-packages/airflow/example_dags/example_branch_datetime_operator.py took 0.265 seconds
[2024-09-11T00:44:31.365+0000] {processor.py:157} INFO - Started process (PID=1213) to work on /home/airflow/.local/lib/python3.8/site-packages/airflow/example_dags/example_branch_datetime_operator.py
[2024-09-11T00:44:31.366+0000] {processor.py:829} INFO - Processing file /home/airflow/.local/lib/python3.8/site-packages/airflow/example_dags/example_branch_datetime_operator.py for tasks to queue
[2024-09-11T00:44:31.367+0000] {logging_mixin.py:154} INFO - [2024-09-11T00:44:31.366+0000] {dagbag.py:536} INFO - Filling up the DagBag from /home/airflow/.local/lib/python3.8/site-packages/airflow/example_dags/example_branch_datetime_operator.py
[2024-09-11T00:44:31.375+0000] {processor.py:839} INFO - DAG(s) dict_keys(['example_branch_datetime_operator', 'example_branch_datetime_operator_2', 'example_branch_datetime_operator_3']) retrieved from /home/airflow/.local/lib/python3.8/site-packages/airflow/example_dags/example_branch_datetime_operator.py
[2024-09-11T00:44:31.422+0000] {logging_mixin.py:154} INFO - [2024-09-11T00:44:31.422+0000] {dag.py:2941} INFO - Sync 3 DAGs
[2024-09-11T00:44:31.452+0000] {logging_mixin.py:154} INFO - [2024-09-11T00:44:31.452+0000] {dag.py:3722} INFO - Setting next_dagrun for example_branch_datetime_operator to 2024-09-10T00:00:00+00:00, run_after=2024-09-11T00:00:00+00:00
[2024-09-11T00:44:31.457+0000] {logging_mixin.py:154} INFO - [2024-09-11T00:44:31.457+0000] {dag.py:3722} INFO - Setting next_dagrun for example_branch_datetime_operator_2 to 2024-09-10T00:00:00+00:00, run_after=2024-09-11T00:00:00+00:00
[2024-09-11T00:44:31.460+0000] {logging_mixin.py:154} INFO - [2024-09-11T00:44:31.460+0000] {dag.py:3722} INFO - Setting next_dagrun for example_branch_datetime_operator_3 to 2024-09-10T00:00:00+00:00, run_after=2024-09-11T00:00:00+00:00
[2024-09-11T00:44:31.485+0000] {processor.py:179} INFO - Processing /home/airflow/.local/lib/python3.8/site-packages/airflow/example_dags/example_branch_datetime_operator.py took 0.128 seconds
[2024-09-11T00:45:01.577+0000] {processor.py:157} INFO - Started process (PID=1267) to work on /home/airflow/.local/lib/python3.8/site-packages/airflow/example_dags/example_branch_datetime_operator.py
[2024-09-11T00:45:01.577+0000] {processor.py:829} INFO - Processing file /home/airflow/.local/lib/python3.8/site-packages/airflow/example_dags/example_branch_datetime_operator.py for tasks to queue
[2024-09-11T00:45:01.578+0000] {logging_mixin.py:154} INFO - [2024-09-11T00:45:01.578+0000] {dagbag.py:536} INFO - Filling up the DagBag from /home/airflow/.local/lib/python3.8/site-packages/airflow/example_dags/example_branch_datetime_operator.py
[2024-09-11T00:45:01.588+0000] {processor.py:839} INFO - DAG(s) dict_keys(['example_branch_datetime_operator_3', 'example_branch_datetime_operator_2', 'example_branch_datetime_operator']) retrieved from /home/airflow/.local/lib/python3.8/site-packages/airflow/example_dags/example_branch_datetime_operator.py
[2024-09-11T00:45:01.631+0000] {logging_mixin.py:154} INFO - [2024-09-11T00:45:01.631+0000] {dag.py:2941} INFO - Sync 3 DAGs
[2024-09-11T00:45:01.660+0000] {logging_mixin.py:154} INFO - [2024-09-11T00:45:01.659+0000] {dag.py:3722} INFO - Setting next_dagrun for example_branch_datetime_operator to 2024-09-10T00:00:00+00:00, run_after=2024-09-11T00:00:00+00:00
[2024-09-11T00:45:01.664+0000] {logging_mixin.py:154} INFO - [2024-09-11T00:45:01.664+0000] {dag.py:3722} INFO - Setting next_dagrun for example_branch_datetime_operator_2 to 2024-09-10T00:00:00+00:00, run_after=2024-09-11T00:00:00+00:00
[2024-09-11T00:45:01.667+0000] {logging_mixin.py:154} INFO - [2024-09-11T00:45:01.667+0000] {dag.py:3722} INFO - Setting next_dagrun for example_branch_datetime_operator_3 to 2024-09-10T00:00:00+00:00, run_after=2024-09-11T00:00:00+00:00
[2024-09-11T00:45:01.689+0000] {processor.py:179} INFO - Processing /home/airflow/.local/lib/python3.8/site-packages/airflow/example_dags/example_branch_datetime_operator.py took 0.115 seconds
[2024-09-11T00:45:32.806+0000] {processor.py:157} INFO - Started process (PID=1327) to work on /home/airflow/.local/lib/python3.8/site-packages/airflow/example_dags/example_branch_datetime_operator.py
[2024-09-11T00:45:32.807+0000] {processor.py:829} INFO - Processing file /home/airflow/.local/lib/python3.8/site-packages/airflow/example_dags/example_branch_datetime_operator.py for tasks to queue
[2024-09-11T00:45:32.808+0000] {logging_mixin.py:154} INFO - [2024-09-11T00:45:32.807+0000] {dagbag.py:536} INFO - Filling up the DagBag from /home/airflow/.local/lib/python3.8/site-packages/airflow/example_dags/example_branch_datetime_operator.py
[2024-09-11T00:45:32.817+0000] {processor.py:839} INFO - DAG(s) dict_keys(['example_branch_datetime_operator', 'example_branch_datetime_operator_3', 'example_branch_datetime_operator_2']) retrieved from /home/airflow/.local/lib/python3.8/site-packages/airflow/example_dags/example_branch_datetime_operator.py
[2024-09-11T00:45:32.865+0000] {logging_mixin.py:154} INFO - [2024-09-11T00:45:32.865+0000] {dag.py:2941} INFO - Sync 3 DAGs
[2024-09-11T00:45:33.017+0000] {logging_mixin.py:154} INFO - [2024-09-11T00:45:33.016+0000] {dag.py:3722} INFO - Setting next_dagrun for example_branch_datetime_operator to 2024-09-10T00:00:00+00:00, run_after=2024-09-11T00:00:00+00:00
[2024-09-11T00:45:33.022+0000] {logging_mixin.py:154} INFO - [2024-09-11T00:45:33.022+0000] {dag.py:3722} INFO - Setting next_dagrun for example_branch_datetime_operator_2 to 2024-09-10T00:00:00+00:00, run_after=2024-09-11T00:00:00+00:00
[2024-09-11T00:45:33.025+0000] {logging_mixin.py:154} INFO - [2024-09-11T00:45:33.025+0000] {dag.py:3722} INFO - Setting next_dagrun for example_branch_datetime_operator_3 to 2024-09-10T00:00:00+00:00, run_after=2024-09-11T00:00:00+00:00
[2024-09-11T00:45:33.048+0000] {processor.py:179} INFO - Processing /home/airflow/.local/lib/python3.8/site-packages/airflow/example_dags/example_branch_datetime_operator.py took 0.249 seconds
[2024-09-11T00:46:03.202+0000] {processor.py:157} INFO - Started process (PID=1388) to work on /home/airflow/.local/lib/python3.8/site-packages/airflow/example_dags/example_branch_datetime_operator.py
[2024-09-11T00:46:03.203+0000] {processor.py:829} INFO - Processing file /home/airflow/.local/lib/python3.8/site-packages/airflow/example_dags/example_branch_datetime_operator.py for tasks to queue
[2024-09-11T00:46:03.203+0000] {logging_mixin.py:154} INFO - [2024-09-11T00:46:03.203+0000] {dagbag.py:536} INFO - Filling up the DagBag from /home/airflow/.local/lib/python3.8/site-packages/airflow/example_dags/example_branch_datetime_operator.py
[2024-09-11T00:46:03.214+0000] {processor.py:839} INFO - DAG(s) dict_keys(['example_branch_datetime_operator_3', 'example_branch_datetime_operator', 'example_branch_datetime_operator_2']) retrieved from /home/airflow/.local/lib/python3.8/site-packages/airflow/example_dags/example_branch_datetime_operator.py
[2024-09-11T00:46:03.262+0000] {logging_mixin.py:154} INFO - [2024-09-11T00:46:03.262+0000] {dag.py:2941} INFO - Sync 3 DAGs
[2024-09-11T00:46:03.293+0000] {logging_mixin.py:154} INFO - [2024-09-11T00:46:03.293+0000] {dag.py:3722} INFO - Setting next_dagrun for example_branch_datetime_operator to 2024-09-10T00:00:00+00:00, run_after=2024-09-11T00:00:00+00:00
[2024-09-11T00:46:03.423+0000] {logging_mixin.py:154} INFO - [2024-09-11T00:46:03.423+0000] {dag.py:3722} INFO - Setting next_dagrun for example_branch_datetime_operator_2 to 2024-09-10T00:00:00+00:00, run_after=2024-09-11T00:00:00+00:00
[2024-09-11T00:46:03.428+0000] {logging_mixin.py:154} INFO - [2024-09-11T00:46:03.428+0000] {dag.py:3722} INFO - Setting next_dagrun for example_branch_datetime_operator_3 to 2024-09-10T00:00:00+00:00, run_after=2024-09-11T00:00:00+00:00
[2024-09-11T00:46:03.454+0000] {processor.py:179} INFO - Processing /home/airflow/.local/lib/python3.8/site-packages/airflow/example_dags/example_branch_datetime_operator.py took 0.253 seconds
[2024-09-11T00:46:34.405+0000] {processor.py:157} INFO - Started process (PID=1442) to work on /home/airflow/.local/lib/python3.8/site-packages/airflow/example_dags/example_branch_datetime_operator.py
[2024-09-11T00:46:34.406+0000] {processor.py:829} INFO - Processing file /home/airflow/.local/lib/python3.8/site-packages/airflow/example_dags/example_branch_datetime_operator.py for tasks to queue
[2024-09-11T00:46:34.407+0000] {logging_mixin.py:154} INFO - [2024-09-11T00:46:34.406+0000] {dagbag.py:536} INFO - Filling up the DagBag from /home/airflow/.local/lib/python3.8/site-packages/airflow/example_dags/example_branch_datetime_operator.py
[2024-09-11T00:46:34.417+0000] {processor.py:839} INFO - DAG(s) dict_keys(['example_branch_datetime_operator_2', 'example_branch_datetime_operator', 'example_branch_datetime_operator_3']) retrieved from /home/airflow/.local/lib/python3.8/site-packages/airflow/example_dags/example_branch_datetime_operator.py
[2024-09-11T00:46:34.463+0000] {logging_mixin.py:154} INFO - [2024-09-11T00:46:34.463+0000] {dag.py:2941} INFO - Sync 3 DAGs
[2024-09-11T00:46:34.493+0000] {logging_mixin.py:154} INFO - [2024-09-11T00:46:34.492+0000] {dag.py:3722} INFO - Setting next_dagrun for example_branch_datetime_operator to 2024-09-10T00:00:00+00:00, run_after=2024-09-11T00:00:00+00:00
[2024-09-11T00:46:34.498+0000] {logging_mixin.py:154} INFO - [2024-09-11T00:46:34.498+0000] {dag.py:3722} INFO - Setting next_dagrun for example_branch_datetime_operator_2 to 2024-09-10T00:00:00+00:00, run_after=2024-09-11T00:00:00+00:00
[2024-09-11T00:46:34.501+0000] {logging_mixin.py:154} INFO - [2024-09-11T00:46:34.501+0000] {dag.py:3722} INFO - Setting next_dagrun for example_branch_datetime_operator_3 to 2024-09-10T00:00:00+00:00, run_after=2024-09-11T00:00:00+00:00
[2024-09-11T00:46:34.526+0000] {processor.py:179} INFO - Processing /home/airflow/.local/lib/python3.8/site-packages/airflow/example_dags/example_branch_datetime_operator.py took 0.123 seconds
