[2024-09-11T00:34:50.136+0000] {processor.py:157} INFO - Started process (PID=198) to work on /home/airflow/.local/lib/python3.8/site-packages/airflow/example_dags/example_skip_dag.py
[2024-09-11T00:34:50.136+0000] {processor.py:829} INFO - Processing file /home/airflow/.local/lib/python3.8/site-packages/airflow/example_dags/example_skip_dag.py for tasks to queue
[2024-09-11T00:34:50.137+0000] {logging_mixin.py:154} INFO - [2024-09-11T00:34:50.137+0000] {dagbag.py:536} INFO - Filling up the DagBag from /home/airflow/.local/lib/python3.8/site-packages/airflow/example_dags/example_skip_dag.py
[2024-09-11T00:34:50.144+0000] {processor.py:839} INFO - DAG(s) dict_keys(['example_skip_dag']) retrieved from /home/airflow/.local/lib/python3.8/site-packages/airflow/example_dags/example_skip_dag.py
[2024-09-11T00:34:50.186+0000] {logging_mixin.py:154} INFO - [2024-09-11T00:34:50.185+0000] {dag.py:2941} INFO - Sync 1 DAGs
[2024-09-11T00:34:50.216+0000] {logging_mixin.py:154} INFO - [2024-09-11T00:34:50.216+0000] {dag.py:3722} INFO - Setting next_dagrun for example_skip_dag to 2024-09-10T00:34:50.215998+00:00, run_after=2024-09-11T00:34:50.215998+00:00
[2024-09-11T00:34:50.244+0000] {processor.py:179} INFO - Processing /home/airflow/.local/lib/python3.8/site-packages/airflow/example_dags/example_skip_dag.py took 0.110 seconds
[2024-09-11T00:35:20.938+0000] {processor.py:157} INFO - Started process (PID=252) to work on /home/airflow/.local/lib/python3.8/site-packages/airflow/example_dags/example_skip_dag.py
[2024-09-11T00:35:20.938+0000] {processor.py:829} INFO - Processing file /home/airflow/.local/lib/python3.8/site-packages/airflow/example_dags/example_skip_dag.py for tasks to queue
[2024-09-11T00:35:20.939+0000] {logging_mixin.py:154} INFO - [2024-09-11T00:35:20.939+0000] {dagbag.py:536} INFO - Filling up the DagBag from /home/airflow/.local/lib/python3.8/site-packages/airflow/example_dags/example_skip_dag.py
[2024-09-11T00:35:20.945+0000] {processor.py:839} INFO - DAG(s) dict_keys(['example_skip_dag']) retrieved from /home/airflow/.local/lib/python3.8/site-packages/airflow/example_dags/example_skip_dag.py
[2024-09-11T00:35:20.987+0000] {logging_mixin.py:154} INFO - [2024-09-11T00:35:20.987+0000] {dag.py:2941} INFO - Sync 1 DAGs
[2024-09-11T00:35:21.018+0000] {logging_mixin.py:154} INFO - [2024-09-11T00:35:21.018+0000] {dag.py:3722} INFO - Setting next_dagrun for example_skip_dag to 2024-09-10T00:35:21.018006+00:00, run_after=2024-09-11T00:35:21.018006+00:00
[2024-09-11T00:35:21.042+0000] {processor.py:179} INFO - Processing /home/airflow/.local/lib/python3.8/site-packages/airflow/example_dags/example_skip_dag.py took 0.107 seconds
[2024-09-11T00:35:51.301+0000] {processor.py:157} INFO - Started process (PID=306) to work on /home/airflow/.local/lib/python3.8/site-packages/airflow/example_dags/example_skip_dag.py
[2024-09-11T00:35:51.302+0000] {processor.py:829} INFO - Processing file /home/airflow/.local/lib/python3.8/site-packages/airflow/example_dags/example_skip_dag.py for tasks to queue
[2024-09-11T00:35:51.303+0000] {logging_mixin.py:154} INFO - [2024-09-11T00:35:51.303+0000] {dagbag.py:536} INFO - Filling up the DagBag from /home/airflow/.local/lib/python3.8/site-packages/airflow/example_dags/example_skip_dag.py
[2024-09-11T00:35:51.308+0000] {processor.py:839} INFO - DAG(s) dict_keys(['example_skip_dag']) retrieved from /home/airflow/.local/lib/python3.8/site-packages/airflow/example_dags/example_skip_dag.py
[2024-09-11T00:35:51.350+0000] {logging_mixin.py:154} INFO - [2024-09-11T00:35:51.350+0000] {dag.py:2941} INFO - Sync 1 DAGs
[2024-09-11T00:35:51.384+0000] {logging_mixin.py:154} INFO - [2024-09-11T00:35:51.384+0000] {dag.py:3722} INFO - Setting next_dagrun for example_skip_dag to 2024-09-10T00:35:51.384070+00:00, run_after=2024-09-11T00:35:51.384070+00:00
[2024-09-11T00:35:51.414+0000] {processor.py:179} INFO - Processing /home/airflow/.local/lib/python3.8/site-packages/airflow/example_dags/example_skip_dag.py took 0.114 seconds
[2024-09-11T00:36:22.303+0000] {processor.py:157} INFO - Started process (PID=360) to work on /home/airflow/.local/lib/python3.8/site-packages/airflow/example_dags/example_skip_dag.py
[2024-09-11T00:36:22.304+0000] {processor.py:829} INFO - Processing file /home/airflow/.local/lib/python3.8/site-packages/airflow/example_dags/example_skip_dag.py for tasks to queue
[2024-09-11T00:36:22.304+0000] {logging_mixin.py:154} INFO - [2024-09-11T00:36:22.304+0000] {dagbag.py:536} INFO - Filling up the DagBag from /home/airflow/.local/lib/python3.8/site-packages/airflow/example_dags/example_skip_dag.py
[2024-09-11T00:36:22.310+0000] {processor.py:839} INFO - DAG(s) dict_keys(['example_skip_dag']) retrieved from /home/airflow/.local/lib/python3.8/site-packages/airflow/example_dags/example_skip_dag.py
[2024-09-11T00:36:22.354+0000] {logging_mixin.py:154} INFO - [2024-09-11T00:36:22.353+0000] {dag.py:2941} INFO - Sync 1 DAGs
[2024-09-11T00:36:22.394+0000] {logging_mixin.py:154} INFO - [2024-09-11T00:36:22.394+0000] {dag.py:3722} INFO - Setting next_dagrun for example_skip_dag to 2024-09-10T00:36:22.394500+00:00, run_after=2024-09-11T00:36:22.394500+00:00
[2024-09-11T00:36:22.419+0000] {processor.py:179} INFO - Processing /home/airflow/.local/lib/python3.8/site-packages/airflow/example_dags/example_skip_dag.py took 0.118 seconds
[2024-09-11T00:36:52.596+0000] {processor.py:157} INFO - Started process (PID=414) to work on /home/airflow/.local/lib/python3.8/site-packages/airflow/example_dags/example_skip_dag.py
[2024-09-11T00:36:52.596+0000] {processor.py:829} INFO - Processing file /home/airflow/.local/lib/python3.8/site-packages/airflow/example_dags/example_skip_dag.py for tasks to queue
[2024-09-11T00:36:52.597+0000] {logging_mixin.py:154} INFO - [2024-09-11T00:36:52.597+0000] {dagbag.py:536} INFO - Filling up the DagBag from /home/airflow/.local/lib/python3.8/site-packages/airflow/example_dags/example_skip_dag.py
[2024-09-11T00:36:52.603+0000] {processor.py:839} INFO - DAG(s) dict_keys(['example_skip_dag']) retrieved from /home/airflow/.local/lib/python3.8/site-packages/airflow/example_dags/example_skip_dag.py
[2024-09-11T00:36:52.644+0000] {logging_mixin.py:154} INFO - [2024-09-11T00:36:52.644+0000] {dag.py:2941} INFO - Sync 1 DAGs
[2024-09-11T00:36:52.671+0000] {logging_mixin.py:154} INFO - [2024-09-11T00:36:52.671+0000] {dag.py:3722} INFO - Setting next_dagrun for example_skip_dag to 2024-09-10T00:36:52.670948+00:00, run_after=2024-09-11T00:36:52.670948+00:00
[2024-09-11T00:36:52.694+0000] {processor.py:179} INFO - Processing /home/airflow/.local/lib/python3.8/site-packages/airflow/example_dags/example_skip_dag.py took 0.102 seconds
[2024-09-11T00:37:23.139+0000] {processor.py:157} INFO - Started process (PID=468) to work on /home/airflow/.local/lib/python3.8/site-packages/airflow/example_dags/example_skip_dag.py
[2024-09-11T00:37:23.139+0000] {processor.py:829} INFO - Processing file /home/airflow/.local/lib/python3.8/site-packages/airflow/example_dags/example_skip_dag.py for tasks to queue
[2024-09-11T00:37:23.140+0000] {logging_mixin.py:154} INFO - [2024-09-11T00:37:23.140+0000] {dagbag.py:536} INFO - Filling up the DagBag from /home/airflow/.local/lib/python3.8/site-packages/airflow/example_dags/example_skip_dag.py
[2024-09-11T00:37:23.148+0000] {processor.py:839} INFO - DAG(s) dict_keys(['example_skip_dag']) retrieved from /home/airflow/.local/lib/python3.8/site-packages/airflow/example_dags/example_skip_dag.py
[2024-09-11T00:37:23.195+0000] {logging_mixin.py:154} INFO - [2024-09-11T00:37:23.195+0000] {dag.py:2941} INFO - Sync 1 DAGs
[2024-09-11T00:37:23.226+0000] {logging_mixin.py:154} INFO - [2024-09-11T00:37:23.226+0000] {dag.py:3722} INFO - Setting next_dagrun for example_skip_dag to 2024-09-10T00:37:23.225834+00:00, run_after=2024-09-11T00:37:23.225834+00:00
[2024-09-11T00:37:23.259+0000] {processor.py:179} INFO - Processing /home/airflow/.local/lib/python3.8/site-packages/airflow/example_dags/example_skip_dag.py took 0.124 seconds
[2024-09-11T00:37:53.734+0000] {processor.py:157} INFO - Started process (PID=522) to work on /home/airflow/.local/lib/python3.8/site-packages/airflow/example_dags/example_skip_dag.py
[2024-09-11T00:37:53.734+0000] {processor.py:829} INFO - Processing file /home/airflow/.local/lib/python3.8/site-packages/airflow/example_dags/example_skip_dag.py for tasks to queue
[2024-09-11T00:37:53.735+0000] {logging_mixin.py:154} INFO - [2024-09-11T00:37:53.735+0000] {dagbag.py:536} INFO - Filling up the DagBag from /home/airflow/.local/lib/python3.8/site-packages/airflow/example_dags/example_skip_dag.py
[2024-09-11T00:37:53.741+0000] {processor.py:839} INFO - DAG(s) dict_keys(['example_skip_dag']) retrieved from /home/airflow/.local/lib/python3.8/site-packages/airflow/example_dags/example_skip_dag.py
[2024-09-11T00:37:53.783+0000] {logging_mixin.py:154} INFO - [2024-09-11T00:37:53.782+0000] {dag.py:2941} INFO - Sync 1 DAGs
[2024-09-11T00:37:53.809+0000] {logging_mixin.py:154} INFO - [2024-09-11T00:37:53.808+0000] {dag.py:3722} INFO - Setting next_dagrun for example_skip_dag to 2024-09-10T00:37:53.808577+00:00, run_after=2024-09-11T00:37:53.808577+00:00
[2024-09-11T00:37:53.834+0000] {processor.py:179} INFO - Processing /home/airflow/.local/lib/python3.8/site-packages/airflow/example_dags/example_skip_dag.py took 0.102 seconds
[2024-09-11T00:38:24.100+0000] {processor.py:157} INFO - Started process (PID=576) to work on /home/airflow/.local/lib/python3.8/site-packages/airflow/example_dags/example_skip_dag.py
[2024-09-11T00:38:24.101+0000] {processor.py:829} INFO - Processing file /home/airflow/.local/lib/python3.8/site-packages/airflow/example_dags/example_skip_dag.py for tasks to queue
[2024-09-11T00:38:24.102+0000] {logging_mixin.py:154} INFO - [2024-09-11T00:38:24.101+0000] {dagbag.py:536} INFO - Filling up the DagBag from /home/airflow/.local/lib/python3.8/site-packages/airflow/example_dags/example_skip_dag.py
[2024-09-11T00:38:24.108+0000] {processor.py:839} INFO - DAG(s) dict_keys(['example_skip_dag']) retrieved from /home/airflow/.local/lib/python3.8/site-packages/airflow/example_dags/example_skip_dag.py
[2024-09-11T00:38:24.149+0000] {logging_mixin.py:154} INFO - [2024-09-11T00:38:24.149+0000] {dag.py:2941} INFO - Sync 1 DAGs
[2024-09-11T00:38:24.180+0000] {logging_mixin.py:154} INFO - [2024-09-11T00:38:24.180+0000] {dag.py:3722} INFO - Setting next_dagrun for example_skip_dag to 2024-09-10T00:38:24.180085+00:00, run_after=2024-09-11T00:38:24.180085+00:00
[2024-09-11T00:38:24.202+0000] {processor.py:179} INFO - Processing /home/airflow/.local/lib/python3.8/site-packages/airflow/example_dags/example_skip_dag.py took 0.104 seconds
[2024-09-11T00:38:55.146+0000] {processor.py:157} INFO - Started process (PID=630) to work on /home/airflow/.local/lib/python3.8/site-packages/airflow/example_dags/example_skip_dag.py
[2024-09-11T00:38:55.147+0000] {processor.py:829} INFO - Processing file /home/airflow/.local/lib/python3.8/site-packages/airflow/example_dags/example_skip_dag.py for tasks to queue
[2024-09-11T00:38:55.148+0000] {logging_mixin.py:154} INFO - [2024-09-11T00:38:55.148+0000] {dagbag.py:536} INFO - Filling up the DagBag from /home/airflow/.local/lib/python3.8/site-packages/airflow/example_dags/example_skip_dag.py
[2024-09-11T00:38:55.158+0000] {processor.py:839} INFO - DAG(s) dict_keys(['example_skip_dag']) retrieved from /home/airflow/.local/lib/python3.8/site-packages/airflow/example_dags/example_skip_dag.py
[2024-09-11T00:38:55.209+0000] {logging_mixin.py:154} INFO - [2024-09-11T00:38:55.209+0000] {dag.py:2941} INFO - Sync 1 DAGs
[2024-09-11T00:38:55.241+0000] {logging_mixin.py:154} INFO - [2024-09-11T00:38:55.240+0000] {dag.py:3722} INFO - Setting next_dagrun for example_skip_dag to 2024-09-10T00:38:55.240591+00:00, run_after=2024-09-11T00:38:55.240591+00:00
[2024-09-11T00:38:55.271+0000] {processor.py:179} INFO - Processing /home/airflow/.local/lib/python3.8/site-packages/airflow/example_dags/example_skip_dag.py took 0.128 seconds
[2024-09-11T00:39:25.601+0000] {processor.py:157} INFO - Started process (PID=684) to work on /home/airflow/.local/lib/python3.8/site-packages/airflow/example_dags/example_skip_dag.py
[2024-09-11T00:39:25.602+0000] {processor.py:829} INFO - Processing file /home/airflow/.local/lib/python3.8/site-packages/airflow/example_dags/example_skip_dag.py for tasks to queue
[2024-09-11T00:39:25.603+0000] {logging_mixin.py:154} INFO - [2024-09-11T00:39:25.603+0000] {dagbag.py:536} INFO - Filling up the DagBag from /home/airflow/.local/lib/python3.8/site-packages/airflow/example_dags/example_skip_dag.py
[2024-09-11T00:39:25.610+0000] {processor.py:839} INFO - DAG(s) dict_keys(['example_skip_dag']) retrieved from /home/airflow/.local/lib/python3.8/site-packages/airflow/example_dags/example_skip_dag.py
[2024-09-11T00:39:25.654+0000] {logging_mixin.py:154} INFO - [2024-09-11T00:39:25.654+0000] {dag.py:2941} INFO - Sync 1 DAGs
[2024-09-11T00:39:25.687+0000] {logging_mixin.py:154} INFO - [2024-09-11T00:39:25.687+0000] {dag.py:3722} INFO - Setting next_dagrun for example_skip_dag to 2024-09-10T00:39:25.687364+00:00, run_after=2024-09-11T00:39:25.687364+00:00
[2024-09-11T00:39:25.713+0000] {processor.py:179} INFO - Processing /home/airflow/.local/lib/python3.8/site-packages/airflow/example_dags/example_skip_dag.py took 0.114 seconds
[2024-09-11T00:39:56.325+0000] {processor.py:157} INFO - Started process (PID=738) to work on /home/airflow/.local/lib/python3.8/site-packages/airflow/example_dags/example_skip_dag.py
[2024-09-11T00:39:56.326+0000] {processor.py:829} INFO - Processing file /home/airflow/.local/lib/python3.8/site-packages/airflow/example_dags/example_skip_dag.py for tasks to queue
[2024-09-11T00:39:56.326+0000] {logging_mixin.py:154} INFO - [2024-09-11T00:39:56.326+0000] {dagbag.py:536} INFO - Filling up the DagBag from /home/airflow/.local/lib/python3.8/site-packages/airflow/example_dags/example_skip_dag.py
[2024-09-11T00:39:56.332+0000] {processor.py:839} INFO - DAG(s) dict_keys(['example_skip_dag']) retrieved from /home/airflow/.local/lib/python3.8/site-packages/airflow/example_dags/example_skip_dag.py
[2024-09-11T00:39:56.371+0000] {logging_mixin.py:154} INFO - [2024-09-11T00:39:56.371+0000] {dag.py:2941} INFO - Sync 1 DAGs
[2024-09-11T00:39:56.396+0000] {logging_mixin.py:154} INFO - [2024-09-11T00:39:56.396+0000] {dag.py:3722} INFO - Setting next_dagrun for example_skip_dag to 2024-09-10T00:39:56.396639+00:00, run_after=2024-09-11T00:39:56.396639+00:00
[2024-09-11T00:39:56.419+0000] {processor.py:179} INFO - Processing /home/airflow/.local/lib/python3.8/site-packages/airflow/example_dags/example_skip_dag.py took 0.096 seconds
[2024-09-11T00:40:26.538+0000] {processor.py:157} INFO - Started process (PID=792) to work on /home/airflow/.local/lib/python3.8/site-packages/airflow/example_dags/example_skip_dag.py
[2024-09-11T00:40:26.539+0000] {processor.py:829} INFO - Processing file /home/airflow/.local/lib/python3.8/site-packages/airflow/example_dags/example_skip_dag.py for tasks to queue
[2024-09-11T00:40:26.540+0000] {logging_mixin.py:154} INFO - [2024-09-11T00:40:26.540+0000] {dagbag.py:536} INFO - Filling up the DagBag from /home/airflow/.local/lib/python3.8/site-packages/airflow/example_dags/example_skip_dag.py
[2024-09-11T00:40:26.545+0000] {processor.py:839} INFO - DAG(s) dict_keys(['example_skip_dag']) retrieved from /home/airflow/.local/lib/python3.8/site-packages/airflow/example_dags/example_skip_dag.py
[2024-09-11T00:40:26.596+0000] {logging_mixin.py:154} INFO - [2024-09-11T00:40:26.596+0000] {dag.py:2941} INFO - Sync 1 DAGs
[2024-09-11T00:40:26.628+0000] {logging_mixin.py:154} INFO - [2024-09-11T00:40:26.628+0000] {dag.py:3722} INFO - Setting next_dagrun for example_skip_dag to 2024-09-10T00:40:26.627841+00:00, run_after=2024-09-11T00:40:26.627841+00:00
[2024-09-11T00:40:26.656+0000] {processor.py:179} INFO - Processing /home/airflow/.local/lib/python3.8/site-packages/airflow/example_dags/example_skip_dag.py took 0.120 seconds
[2024-09-11T00:40:57.399+0000] {processor.py:157} INFO - Started process (PID=846) to work on /home/airflow/.local/lib/python3.8/site-packages/airflow/example_dags/example_skip_dag.py
[2024-09-11T00:40:57.400+0000] {processor.py:829} INFO - Processing file /home/airflow/.local/lib/python3.8/site-packages/airflow/example_dags/example_skip_dag.py for tasks to queue
[2024-09-11T00:40:57.401+0000] {logging_mixin.py:154} INFO - [2024-09-11T00:40:57.401+0000] {dagbag.py:536} INFO - Filling up the DagBag from /home/airflow/.local/lib/python3.8/site-packages/airflow/example_dags/example_skip_dag.py
[2024-09-11T00:40:57.409+0000] {processor.py:839} INFO - DAG(s) dict_keys(['example_skip_dag']) retrieved from /home/airflow/.local/lib/python3.8/site-packages/airflow/example_dags/example_skip_dag.py
[2024-09-11T00:40:57.451+0000] {logging_mixin.py:154} INFO - [2024-09-11T00:40:57.451+0000] {dag.py:2941} INFO - Sync 1 DAGs
[2024-09-11T00:40:57.476+0000] {logging_mixin.py:154} INFO - [2024-09-11T00:40:57.476+0000] {dag.py:3722} INFO - Setting next_dagrun for example_skip_dag to 2024-09-10T00:40:57.476614+00:00, run_after=2024-09-11T00:40:57.476614+00:00
[2024-09-11T00:40:57.497+0000] {processor.py:179} INFO - Processing /home/airflow/.local/lib/python3.8/site-packages/airflow/example_dags/example_skip_dag.py took 0.100 seconds
[2024-09-11T00:41:28.615+0000] {processor.py:157} INFO - Started process (PID=900) to work on /home/airflow/.local/lib/python3.8/site-packages/airflow/example_dags/example_skip_dag.py
[2024-09-11T00:41:28.616+0000] {processor.py:829} INFO - Processing file /home/airflow/.local/lib/python3.8/site-packages/airflow/example_dags/example_skip_dag.py for tasks to queue
[2024-09-11T00:41:28.617+0000] {logging_mixin.py:154} INFO - [2024-09-11T00:41:28.616+0000] {dagbag.py:536} INFO - Filling up the DagBag from /home/airflow/.local/lib/python3.8/site-packages/airflow/example_dags/example_skip_dag.py
[2024-09-11T00:41:28.623+0000] {processor.py:839} INFO - DAG(s) dict_keys(['example_skip_dag']) retrieved from /home/airflow/.local/lib/python3.8/site-packages/airflow/example_dags/example_skip_dag.py
[2024-09-11T00:41:28.673+0000] {logging_mixin.py:154} INFO - [2024-09-11T00:41:28.673+0000] {dag.py:2941} INFO - Sync 1 DAGs
[2024-09-11T00:41:28.711+0000] {logging_mixin.py:154} INFO - [2024-09-11T00:41:28.711+0000] {dag.py:3722} INFO - Setting next_dagrun for example_skip_dag to 2024-09-10T00:41:28.710413+00:00, run_after=2024-09-11T00:41:28.710413+00:00
[2024-09-11T00:41:28.745+0000] {processor.py:179} INFO - Processing /home/airflow/.local/lib/python3.8/site-packages/airflow/example_dags/example_skip_dag.py took 0.134 seconds
[2024-09-11T00:41:59.547+0000] {processor.py:157} INFO - Started process (PID=954) to work on /home/airflow/.local/lib/python3.8/site-packages/airflow/example_dags/example_skip_dag.py
[2024-09-11T00:41:59.548+0000] {processor.py:829} INFO - Processing file /home/airflow/.local/lib/python3.8/site-packages/airflow/example_dags/example_skip_dag.py for tasks to queue
[2024-09-11T00:41:59.549+0000] {logging_mixin.py:154} INFO - [2024-09-11T00:41:59.548+0000] {dagbag.py:536} INFO - Filling up the DagBag from /home/airflow/.local/lib/python3.8/site-packages/airflow/example_dags/example_skip_dag.py
[2024-09-11T00:41:59.554+0000] {processor.py:839} INFO - DAG(s) dict_keys(['example_skip_dag']) retrieved from /home/airflow/.local/lib/python3.8/site-packages/airflow/example_dags/example_skip_dag.py
[2024-09-11T00:41:59.607+0000] {logging_mixin.py:154} INFO - [2024-09-11T00:41:59.607+0000] {dag.py:2941} INFO - Sync 1 DAGs
[2024-09-11T00:41:59.638+0000] {logging_mixin.py:154} INFO - [2024-09-11T00:41:59.638+0000] {dag.py:3722} INFO - Setting next_dagrun for example_skip_dag to 2024-09-10T00:41:59.638148+00:00, run_after=2024-09-11T00:41:59.638148+00:00
[2024-09-11T00:41:59.667+0000] {processor.py:179} INFO - Processing /home/airflow/.local/lib/python3.8/site-packages/airflow/example_dags/example_skip_dag.py took 0.123 seconds
[2024-09-11T00:42:30.048+0000] {processor.py:157} INFO - Started process (PID=1008) to work on /home/airflow/.local/lib/python3.8/site-packages/airflow/example_dags/example_skip_dag.py
[2024-09-11T00:42:30.049+0000] {processor.py:829} INFO - Processing file /home/airflow/.local/lib/python3.8/site-packages/airflow/example_dags/example_skip_dag.py for tasks to queue
[2024-09-11T00:42:30.050+0000] {logging_mixin.py:154} INFO - [2024-09-11T00:42:30.049+0000] {dagbag.py:536} INFO - Filling up the DagBag from /home/airflow/.local/lib/python3.8/site-packages/airflow/example_dags/example_skip_dag.py
[2024-09-11T00:42:30.056+0000] {processor.py:839} INFO - DAG(s) dict_keys(['example_skip_dag']) retrieved from /home/airflow/.local/lib/python3.8/site-packages/airflow/example_dags/example_skip_dag.py
[2024-09-11T00:42:30.097+0000] {logging_mixin.py:154} INFO - [2024-09-11T00:42:30.097+0000] {dag.py:2941} INFO - Sync 1 DAGs
[2024-09-11T00:42:30.131+0000] {logging_mixin.py:154} INFO - [2024-09-11T00:42:30.131+0000] {dag.py:3722} INFO - Setting next_dagrun for example_skip_dag to 2024-09-10T00:42:30.130997+00:00, run_after=2024-09-11T00:42:30.130997+00:00
[2024-09-11T00:42:30.152+0000] {processor.py:179} INFO - Processing /home/airflow/.local/lib/python3.8/site-packages/airflow/example_dags/example_skip_dag.py took 0.107 seconds
[2024-09-11T00:43:00.234+0000] {processor.py:157} INFO - Started process (PID=1061) to work on /home/airflow/.local/lib/python3.8/site-packages/airflow/example_dags/example_skip_dag.py
[2024-09-11T00:43:00.235+0000] {processor.py:829} INFO - Processing file /home/airflow/.local/lib/python3.8/site-packages/airflow/example_dags/example_skip_dag.py for tasks to queue
[2024-09-11T00:43:00.236+0000] {logging_mixin.py:154} INFO - [2024-09-11T00:43:00.235+0000] {dagbag.py:536} INFO - Filling up the DagBag from /home/airflow/.local/lib/python3.8/site-packages/airflow/example_dags/example_skip_dag.py
[2024-09-11T00:43:00.241+0000] {processor.py:839} INFO - DAG(s) dict_keys(['example_skip_dag']) retrieved from /home/airflow/.local/lib/python3.8/site-packages/airflow/example_dags/example_skip_dag.py
[2024-09-11T00:43:00.283+0000] {logging_mixin.py:154} INFO - [2024-09-11T00:43:00.282+0000] {dag.py:2941} INFO - Sync 1 DAGs
[2024-09-11T00:43:00.312+0000] {logging_mixin.py:154} INFO - [2024-09-11T00:43:00.312+0000] {dag.py:3722} INFO - Setting next_dagrun for example_skip_dag to 2024-09-10T00:43:00.311940+00:00, run_after=2024-09-11T00:43:00.311940+00:00
[2024-09-11T00:43:00.335+0000] {processor.py:179} INFO - Processing /home/airflow/.local/lib/python3.8/site-packages/airflow/example_dags/example_skip_dag.py took 0.103 seconds
[2024-09-11T00:43:30.820+0000] {processor.py:157} INFO - Started process (PID=1116) to work on /home/airflow/.local/lib/python3.8/site-packages/airflow/example_dags/example_skip_dag.py
[2024-09-11T00:43:30.820+0000] {processor.py:829} INFO - Processing file /home/airflow/.local/lib/python3.8/site-packages/airflow/example_dags/example_skip_dag.py for tasks to queue
[2024-09-11T00:43:30.821+0000] {logging_mixin.py:154} INFO - [2024-09-11T00:43:30.821+0000] {dagbag.py:536} INFO - Filling up the DagBag from /home/airflow/.local/lib/python3.8/site-packages/airflow/example_dags/example_skip_dag.py
[2024-09-11T00:43:30.827+0000] {processor.py:839} INFO - DAG(s) dict_keys(['example_skip_dag']) retrieved from /home/airflow/.local/lib/python3.8/site-packages/airflow/example_dags/example_skip_dag.py
[2024-09-11T00:43:30.865+0000] {logging_mixin.py:154} INFO - [2024-09-11T00:43:30.864+0000] {dag.py:2941} INFO - Sync 1 DAGs
[2024-09-11T00:43:30.892+0000] {logging_mixin.py:154} INFO - [2024-09-11T00:43:30.892+0000] {dag.py:3722} INFO - Setting next_dagrun for example_skip_dag to 2024-09-10T00:43:30.892001+00:00, run_after=2024-09-11T00:43:30.892001+00:00
[2024-09-11T00:43:30.913+0000] {processor.py:179} INFO - Processing /home/airflow/.local/lib/python3.8/site-packages/airflow/example_dags/example_skip_dag.py took 0.095 seconds
[2024-09-11T00:44:02.537+0000] {processor.py:157} INFO - Started process (PID=1170) to work on /home/airflow/.local/lib/python3.8/site-packages/airflow/example_dags/example_skip_dag.py
[2024-09-11T00:44:02.537+0000] {processor.py:829} INFO - Processing file /home/airflow/.local/lib/python3.8/site-packages/airflow/example_dags/example_skip_dag.py for tasks to queue
[2024-09-11T00:44:02.538+0000] {logging_mixin.py:154} INFO - [2024-09-11T00:44:02.538+0000] {dagbag.py:536} INFO - Filling up the DagBag from /home/airflow/.local/lib/python3.8/site-packages/airflow/example_dags/example_skip_dag.py
[2024-09-11T00:44:02.543+0000] {processor.py:839} INFO - DAG(s) dict_keys(['example_skip_dag']) retrieved from /home/airflow/.local/lib/python3.8/site-packages/airflow/example_dags/example_skip_dag.py
[2024-09-11T00:44:02.583+0000] {logging_mixin.py:154} INFO - [2024-09-11T00:44:02.583+0000] {dag.py:2941} INFO - Sync 1 DAGs
[2024-09-11T00:44:02.726+0000] {logging_mixin.py:154} INFO - [2024-09-11T00:44:02.726+0000] {dag.py:3722} INFO - Setting next_dagrun for example_skip_dag to 2024-09-10T00:44:02.725860+00:00, run_after=2024-09-11T00:44:02.725860+00:00
[2024-09-11T00:44:02.750+0000] {processor.py:179} INFO - Processing /home/airflow/.local/lib/python3.8/site-packages/airflow/example_dags/example_skip_dag.py took 0.215 seconds
[2024-09-11T00:44:33.109+0000] {processor.py:157} INFO - Started process (PID=1224) to work on /home/airflow/.local/lib/python3.8/site-packages/airflow/example_dags/example_skip_dag.py
[2024-09-11T00:44:33.110+0000] {processor.py:829} INFO - Processing file /home/airflow/.local/lib/python3.8/site-packages/airflow/example_dags/example_skip_dag.py for tasks to queue
[2024-09-11T00:44:33.111+0000] {logging_mixin.py:154} INFO - [2024-09-11T00:44:33.110+0000] {dagbag.py:536} INFO - Filling up the DagBag from /home/airflow/.local/lib/python3.8/site-packages/airflow/example_dags/example_skip_dag.py
[2024-09-11T00:44:33.117+0000] {processor.py:839} INFO - DAG(s) dict_keys(['example_skip_dag']) retrieved from /home/airflow/.local/lib/python3.8/site-packages/airflow/example_dags/example_skip_dag.py
[2024-09-11T00:44:33.155+0000] {logging_mixin.py:154} INFO - [2024-09-11T00:44:33.155+0000] {dag.py:2941} INFO - Sync 1 DAGs
[2024-09-11T00:44:33.185+0000] {logging_mixin.py:154} INFO - [2024-09-11T00:44:33.184+0000] {dag.py:3722} INFO - Setting next_dagrun for example_skip_dag to 2024-09-10T00:44:33.184766+00:00, run_after=2024-09-11T00:44:33.184766+00:00
[2024-09-11T00:44:33.210+0000] {processor.py:179} INFO - Processing /home/airflow/.local/lib/python3.8/site-packages/airflow/example_dags/example_skip_dag.py took 0.103 seconds
[2024-09-11T00:45:03.317+0000] {processor.py:157} INFO - Started process (PID=1278) to work on /home/airflow/.local/lib/python3.8/site-packages/airflow/example_dags/example_skip_dag.py
[2024-09-11T00:45:03.318+0000] {processor.py:829} INFO - Processing file /home/airflow/.local/lib/python3.8/site-packages/airflow/example_dags/example_skip_dag.py for tasks to queue
[2024-09-11T00:45:03.319+0000] {logging_mixin.py:154} INFO - [2024-09-11T00:45:03.318+0000] {dagbag.py:536} INFO - Filling up the DagBag from /home/airflow/.local/lib/python3.8/site-packages/airflow/example_dags/example_skip_dag.py
[2024-09-11T00:45:03.327+0000] {processor.py:839} INFO - DAG(s) dict_keys(['example_skip_dag']) retrieved from /home/airflow/.local/lib/python3.8/site-packages/airflow/example_dags/example_skip_dag.py
[2024-09-11T00:45:03.370+0000] {logging_mixin.py:154} INFO - [2024-09-11T00:45:03.370+0000] {dag.py:2941} INFO - Sync 1 DAGs
[2024-09-11T00:45:03.396+0000] {logging_mixin.py:154} INFO - [2024-09-11T00:45:03.396+0000] {dag.py:3722} INFO - Setting next_dagrun for example_skip_dag to 2024-09-10T00:45:03.395830+00:00, run_after=2024-09-11T00:45:03.395830+00:00
[2024-09-11T00:45:03.419+0000] {processor.py:179} INFO - Processing /home/airflow/.local/lib/python3.8/site-packages/airflow/example_dags/example_skip_dag.py took 0.104 seconds
[2024-09-11T00:45:34.141+0000] {processor.py:157} INFO - Started process (PID=1338) to work on /home/airflow/.local/lib/python3.8/site-packages/airflow/example_dags/example_skip_dag.py
[2024-09-11T00:45:34.141+0000] {processor.py:829} INFO - Processing file /home/airflow/.local/lib/python3.8/site-packages/airflow/example_dags/example_skip_dag.py for tasks to queue
[2024-09-11T00:45:34.142+0000] {logging_mixin.py:154} INFO - [2024-09-11T00:45:34.142+0000] {dagbag.py:536} INFO - Filling up the DagBag from /home/airflow/.local/lib/python3.8/site-packages/airflow/example_dags/example_skip_dag.py
[2024-09-11T00:45:34.148+0000] {processor.py:839} INFO - DAG(s) dict_keys(['example_skip_dag']) retrieved from /home/airflow/.local/lib/python3.8/site-packages/airflow/example_dags/example_skip_dag.py
[2024-09-11T00:45:34.189+0000] {logging_mixin.py:154} INFO - [2024-09-11T00:45:34.188+0000] {dag.py:2941} INFO - Sync 1 DAGs
[2024-09-11T00:45:34.215+0000] {logging_mixin.py:154} INFO - [2024-09-11T00:45:34.215+0000] {dag.py:3722} INFO - Setting next_dagrun for example_skip_dag to 2024-09-10T00:45:34.215321+00:00, run_after=2024-09-11T00:45:34.215321+00:00
[2024-09-11T00:45:34.238+0000] {processor.py:179} INFO - Processing /home/airflow/.local/lib/python3.8/site-packages/airflow/example_dags/example_skip_dag.py took 0.100 seconds
[2024-09-11T00:46:04.970+0000] {processor.py:157} INFO - Started process (PID=1399) to work on /home/airflow/.local/lib/python3.8/site-packages/airflow/example_dags/example_skip_dag.py
[2024-09-11T00:46:04.970+0000] {processor.py:829} INFO - Processing file /home/airflow/.local/lib/python3.8/site-packages/airflow/example_dags/example_skip_dag.py for tasks to queue
[2024-09-11T00:46:04.971+0000] {logging_mixin.py:154} INFO - [2024-09-11T00:46:04.971+0000] {dagbag.py:536} INFO - Filling up the DagBag from /home/airflow/.local/lib/python3.8/site-packages/airflow/example_dags/example_skip_dag.py
[2024-09-11T00:46:04.977+0000] {processor.py:839} INFO - DAG(s) dict_keys(['example_skip_dag']) retrieved from /home/airflow/.local/lib/python3.8/site-packages/airflow/example_dags/example_skip_dag.py
[2024-09-11T00:46:05.022+0000] {logging_mixin.py:154} INFO - [2024-09-11T00:46:05.022+0000] {dag.py:2941} INFO - Sync 1 DAGs
[2024-09-11T00:46:05.183+0000] {logging_mixin.py:154} INFO - [2024-09-11T00:46:05.182+0000] {dag.py:3722} INFO - Setting next_dagrun for example_skip_dag to 2024-09-10T00:46:05.182684+00:00, run_after=2024-09-11T00:46:05.182684+00:00
[2024-09-11T00:46:05.209+0000] {processor.py:179} INFO - Processing /home/airflow/.local/lib/python3.8/site-packages/airflow/example_dags/example_skip_dag.py took 0.247 seconds
[2024-09-11T00:46:36.103+0000] {processor.py:157} INFO - Started process (PID=1453) to work on /home/airflow/.local/lib/python3.8/site-packages/airflow/example_dags/example_skip_dag.py
[2024-09-11T00:46:36.103+0000] {processor.py:829} INFO - Processing file /home/airflow/.local/lib/python3.8/site-packages/airflow/example_dags/example_skip_dag.py for tasks to queue
[2024-09-11T00:46:36.104+0000] {logging_mixin.py:154} INFO - [2024-09-11T00:46:36.104+0000] {dagbag.py:536} INFO - Filling up the DagBag from /home/airflow/.local/lib/python3.8/site-packages/airflow/example_dags/example_skip_dag.py
[2024-09-11T00:46:36.110+0000] {processor.py:839} INFO - DAG(s) dict_keys(['example_skip_dag']) retrieved from /home/airflow/.local/lib/python3.8/site-packages/airflow/example_dags/example_skip_dag.py
[2024-09-11T00:46:36.149+0000] {logging_mixin.py:154} INFO - [2024-09-11T00:46:36.149+0000] {dag.py:2941} INFO - Sync 1 DAGs
[2024-09-11T00:46:36.178+0000] {logging_mixin.py:154} INFO - [2024-09-11T00:46:36.177+0000] {dag.py:3722} INFO - Setting next_dagrun for example_skip_dag to 2024-09-10T00:46:36.177784+00:00, run_after=2024-09-11T00:46:36.177784+00:00
[2024-09-11T00:46:36.199+0000] {processor.py:179} INFO - Processing /home/airflow/.local/lib/python3.8/site-packages/airflow/example_dags/example_skip_dag.py took 0.098 seconds
