[2024-09-11T00:34:48.546+0000] {processor.py:157} INFO - Started process (PID=171) to work on /home/airflow/.local/lib/python3.8/site-packages/airflow/example_dags/example_time_delta_sensor_async.py
[2024-09-11T00:34:48.547+0000] {processor.py:829} INFO - Processing file /home/airflow/.local/lib/python3.8/site-packages/airflow/example_dags/example_time_delta_sensor_async.py for tasks to queue
[2024-09-11T00:34:48.548+0000] {logging_mixin.py:154} INFO - [2024-09-11T00:34:48.548+0000] {dagbag.py:536} INFO - Filling up the DagBag from /home/airflow/.local/lib/python3.8/site-packages/airflow/example_dags/example_time_delta_sensor_async.py
[2024-09-11T00:34:48.554+0000] {processor.py:839} INFO - DAG(s) dict_keys(['example_time_delta_sensor_async']) retrieved from /home/airflow/.local/lib/python3.8/site-packages/airflow/example_dags/example_time_delta_sensor_async.py
[2024-09-11T00:34:48.608+0000] {logging_mixin.py:154} INFO - [2024-09-11T00:34:48.607+0000] {dag.py:2941} INFO - Sync 1 DAGs
[2024-09-11T00:34:48.628+0000] {logging_mixin.py:154} INFO - [2024-09-11T00:34:48.628+0000] {dag.py:3722} INFO - Setting next_dagrun for example_time_delta_sensor_async to None, run_after=None
[2024-09-11T00:34:48.652+0000] {processor.py:179} INFO - Processing /home/airflow/.local/lib/python3.8/site-packages/airflow/example_dags/example_time_delta_sensor_async.py took 0.108 seconds
[2024-09-11T00:35:19.376+0000] {processor.py:157} INFO - Started process (PID=232) to work on /home/airflow/.local/lib/python3.8/site-packages/airflow/example_dags/example_time_delta_sensor_async.py
[2024-09-11T00:35:19.377+0000] {processor.py:829} INFO - Processing file /home/airflow/.local/lib/python3.8/site-packages/airflow/example_dags/example_time_delta_sensor_async.py for tasks to queue
[2024-09-11T00:35:19.378+0000] {logging_mixin.py:154} INFO - [2024-09-11T00:35:19.378+0000] {dagbag.py:536} INFO - Filling up the DagBag from /home/airflow/.local/lib/python3.8/site-packages/airflow/example_dags/example_time_delta_sensor_async.py
[2024-09-11T00:35:19.382+0000] {processor.py:839} INFO - DAG(s) dict_keys(['example_time_delta_sensor_async']) retrieved from /home/airflow/.local/lib/python3.8/site-packages/airflow/example_dags/example_time_delta_sensor_async.py
[2024-09-11T00:35:19.423+0000] {logging_mixin.py:154} INFO - [2024-09-11T00:35:19.423+0000] {dag.py:2941} INFO - Sync 1 DAGs
[2024-09-11T00:35:19.440+0000] {logging_mixin.py:154} INFO - [2024-09-11T00:35:19.440+0000] {dag.py:3722} INFO - Setting next_dagrun for example_time_delta_sensor_async to None, run_after=None
[2024-09-11T00:35:19.465+0000] {processor.py:179} INFO - Processing /home/airflow/.local/lib/python3.8/site-packages/airflow/example_dags/example_time_delta_sensor_async.py took 0.091 seconds
[2024-09-11T00:35:49.888+0000] {processor.py:157} INFO - Started process (PID=286) to work on /home/airflow/.local/lib/python3.8/site-packages/airflow/example_dags/example_time_delta_sensor_async.py
[2024-09-11T00:35:49.888+0000] {processor.py:829} INFO - Processing file /home/airflow/.local/lib/python3.8/site-packages/airflow/example_dags/example_time_delta_sensor_async.py for tasks to queue
[2024-09-11T00:35:49.889+0000] {logging_mixin.py:154} INFO - [2024-09-11T00:35:49.889+0000] {dagbag.py:536} INFO - Filling up the DagBag from /home/airflow/.local/lib/python3.8/site-packages/airflow/example_dags/example_time_delta_sensor_async.py
[2024-09-11T00:35:49.892+0000] {processor.py:839} INFO - DAG(s) dict_keys(['example_time_delta_sensor_async']) retrieved from /home/airflow/.local/lib/python3.8/site-packages/airflow/example_dags/example_time_delta_sensor_async.py
[2024-09-11T00:35:49.930+0000] {logging_mixin.py:154} INFO - [2024-09-11T00:35:49.930+0000] {dag.py:2941} INFO - Sync 1 DAGs
[2024-09-11T00:35:49.945+0000] {logging_mixin.py:154} INFO - [2024-09-11T00:35:49.945+0000] {dag.py:3722} INFO - Setting next_dagrun for example_time_delta_sensor_async to None, run_after=None
[2024-09-11T00:35:49.970+0000] {processor.py:179} INFO - Processing /home/airflow/.local/lib/python3.8/site-packages/airflow/example_dags/example_time_delta_sensor_async.py took 0.085 seconds
[2024-09-11T00:36:20.718+0000] {processor.py:157} INFO - Started process (PID=340) to work on /home/airflow/.local/lib/python3.8/site-packages/airflow/example_dags/example_time_delta_sensor_async.py
[2024-09-11T00:36:20.719+0000] {processor.py:829} INFO - Processing file /home/airflow/.local/lib/python3.8/site-packages/airflow/example_dags/example_time_delta_sensor_async.py for tasks to queue
[2024-09-11T00:36:20.719+0000] {logging_mixin.py:154} INFO - [2024-09-11T00:36:20.719+0000] {dagbag.py:536} INFO - Filling up the DagBag from /home/airflow/.local/lib/python3.8/site-packages/airflow/example_dags/example_time_delta_sensor_async.py
[2024-09-11T00:36:20.724+0000] {processor.py:839} INFO - DAG(s) dict_keys(['example_time_delta_sensor_async']) retrieved from /home/airflow/.local/lib/python3.8/site-packages/airflow/example_dags/example_time_delta_sensor_async.py
[2024-09-11T00:36:20.766+0000] {logging_mixin.py:154} INFO - [2024-09-11T00:36:20.766+0000] {dag.py:2941} INFO - Sync 1 DAGs
[2024-09-11T00:36:20.784+0000] {logging_mixin.py:154} INFO - [2024-09-11T00:36:20.783+0000] {dag.py:3722} INFO - Setting next_dagrun for example_time_delta_sensor_async to None, run_after=None
[2024-09-11T00:36:20.812+0000] {processor.py:179} INFO - Processing /home/airflow/.local/lib/python3.8/site-packages/airflow/example_dags/example_time_delta_sensor_async.py took 0.096 seconds
[2024-09-11T00:36:51.237+0000] {processor.py:157} INFO - Started process (PID=394) to work on /home/airflow/.local/lib/python3.8/site-packages/airflow/example_dags/example_time_delta_sensor_async.py
[2024-09-11T00:36:51.237+0000] {processor.py:829} INFO - Processing file /home/airflow/.local/lib/python3.8/site-packages/airflow/example_dags/example_time_delta_sensor_async.py for tasks to queue
[2024-09-11T00:36:51.238+0000] {logging_mixin.py:154} INFO - [2024-09-11T00:36:51.238+0000] {dagbag.py:536} INFO - Filling up the DagBag from /home/airflow/.local/lib/python3.8/site-packages/airflow/example_dags/example_time_delta_sensor_async.py
[2024-09-11T00:36:51.242+0000] {processor.py:839} INFO - DAG(s) dict_keys(['example_time_delta_sensor_async']) retrieved from /home/airflow/.local/lib/python3.8/site-packages/airflow/example_dags/example_time_delta_sensor_async.py
[2024-09-11T00:36:51.289+0000] {logging_mixin.py:154} INFO - [2024-09-11T00:36:51.288+0000] {dag.py:2941} INFO - Sync 1 DAGs
[2024-09-11T00:36:51.307+0000] {logging_mixin.py:154} INFO - [2024-09-11T00:36:51.307+0000] {dag.py:3722} INFO - Setting next_dagrun for example_time_delta_sensor_async to None, run_after=None
[2024-09-11T00:36:51.332+0000] {processor.py:179} INFO - Processing /home/airflow/.local/lib/python3.8/site-packages/airflow/example_dags/example_time_delta_sensor_async.py took 0.097 seconds
[2024-09-11T00:37:21.651+0000] {processor.py:157} INFO - Started process (PID=448) to work on /home/airflow/.local/lib/python3.8/site-packages/airflow/example_dags/example_time_delta_sensor_async.py
[2024-09-11T00:37:21.651+0000] {processor.py:829} INFO - Processing file /home/airflow/.local/lib/python3.8/site-packages/airflow/example_dags/example_time_delta_sensor_async.py for tasks to queue
[2024-09-11T00:37:21.652+0000] {logging_mixin.py:154} INFO - [2024-09-11T00:37:21.652+0000] {dagbag.py:536} INFO - Filling up the DagBag from /home/airflow/.local/lib/python3.8/site-packages/airflow/example_dags/example_time_delta_sensor_async.py
[2024-09-11T00:37:21.656+0000] {processor.py:839} INFO - DAG(s) dict_keys(['example_time_delta_sensor_async']) retrieved from /home/airflow/.local/lib/python3.8/site-packages/airflow/example_dags/example_time_delta_sensor_async.py
[2024-09-11T00:37:21.706+0000] {logging_mixin.py:154} INFO - [2024-09-11T00:37:21.705+0000] {dag.py:2941} INFO - Sync 1 DAGs
[2024-09-11T00:37:21.724+0000] {logging_mixin.py:154} INFO - [2024-09-11T00:37:21.724+0000] {dag.py:3722} INFO - Setting next_dagrun for example_time_delta_sensor_async to None, run_after=None
[2024-09-11T00:37:21.756+0000] {processor.py:179} INFO - Processing /home/airflow/.local/lib/python3.8/site-packages/airflow/example_dags/example_time_delta_sensor_async.py took 0.108 seconds
[2024-09-11T00:37:52.059+0000] {processor.py:157} INFO - Started process (PID=501) to work on /home/airflow/.local/lib/python3.8/site-packages/airflow/example_dags/example_time_delta_sensor_async.py
[2024-09-11T00:37:52.059+0000] {processor.py:829} INFO - Processing file /home/airflow/.local/lib/python3.8/site-packages/airflow/example_dags/example_time_delta_sensor_async.py for tasks to queue
[2024-09-11T00:37:52.060+0000] {logging_mixin.py:154} INFO - [2024-09-11T00:37:52.060+0000] {dagbag.py:536} INFO - Filling up the DagBag from /home/airflow/.local/lib/python3.8/site-packages/airflow/example_dags/example_time_delta_sensor_async.py
[2024-09-11T00:37:52.064+0000] {processor.py:839} INFO - DAG(s) dict_keys(['example_time_delta_sensor_async']) retrieved from /home/airflow/.local/lib/python3.8/site-packages/airflow/example_dags/example_time_delta_sensor_async.py
[2024-09-11T00:37:52.104+0000] {logging_mixin.py:154} INFO - [2024-09-11T00:37:52.104+0000] {dag.py:2941} INFO - Sync 1 DAGs
[2024-09-11T00:37:52.124+0000] {logging_mixin.py:154} INFO - [2024-09-11T00:37:52.124+0000] {dag.py:3722} INFO - Setting next_dagrun for example_time_delta_sensor_async to None, run_after=None
[2024-09-11T00:37:52.149+0000] {processor.py:179} INFO - Processing /home/airflow/.local/lib/python3.8/site-packages/airflow/example_dags/example_time_delta_sensor_async.py took 0.093 seconds
[2024-09-11T00:38:22.467+0000] {processor.py:157} INFO - Started process (PID=555) to work on /home/airflow/.local/lib/python3.8/site-packages/airflow/example_dags/example_time_delta_sensor_async.py
[2024-09-11T00:38:22.468+0000] {processor.py:829} INFO - Processing file /home/airflow/.local/lib/python3.8/site-packages/airflow/example_dags/example_time_delta_sensor_async.py for tasks to queue
[2024-09-11T00:38:22.469+0000] {logging_mixin.py:154} INFO - [2024-09-11T00:38:22.468+0000] {dagbag.py:536} INFO - Filling up the DagBag from /home/airflow/.local/lib/python3.8/site-packages/airflow/example_dags/example_time_delta_sensor_async.py
[2024-09-11T00:38:22.472+0000] {processor.py:839} INFO - DAG(s) dict_keys(['example_time_delta_sensor_async']) retrieved from /home/airflow/.local/lib/python3.8/site-packages/airflow/example_dags/example_time_delta_sensor_async.py
[2024-09-11T00:38:22.513+0000] {logging_mixin.py:154} INFO - [2024-09-11T00:38:22.513+0000] {dag.py:2941} INFO - Sync 1 DAGs
[2024-09-11T00:38:22.527+0000] {logging_mixin.py:154} INFO - [2024-09-11T00:38:22.527+0000] {dag.py:3722} INFO - Setting next_dagrun for example_time_delta_sensor_async to None, run_after=None
[2024-09-11T00:38:22.550+0000] {processor.py:179} INFO - Processing /home/airflow/.local/lib/python3.8/site-packages/airflow/example_dags/example_time_delta_sensor_async.py took 0.085 seconds
[2024-09-11T00:38:53.203+0000] {processor.py:157} INFO - Started process (PID=610) to work on /home/airflow/.local/lib/python3.8/site-packages/airflow/example_dags/example_time_delta_sensor_async.py
[2024-09-11T00:38:53.204+0000] {processor.py:829} INFO - Processing file /home/airflow/.local/lib/python3.8/site-packages/airflow/example_dags/example_time_delta_sensor_async.py for tasks to queue
[2024-09-11T00:38:53.205+0000] {logging_mixin.py:154} INFO - [2024-09-11T00:38:53.204+0000] {dagbag.py:536} INFO - Filling up the DagBag from /home/airflow/.local/lib/python3.8/site-packages/airflow/example_dags/example_time_delta_sensor_async.py
[2024-09-11T00:38:53.208+0000] {processor.py:839} INFO - DAG(s) dict_keys(['example_time_delta_sensor_async']) retrieved from /home/airflow/.local/lib/python3.8/site-packages/airflow/example_dags/example_time_delta_sensor_async.py
[2024-09-11T00:38:53.252+0000] {logging_mixin.py:154} INFO - [2024-09-11T00:38:53.252+0000] {dag.py:2941} INFO - Sync 1 DAGs
[2024-09-11T00:38:53.270+0000] {logging_mixin.py:154} INFO - [2024-09-11T00:38:53.270+0000] {dag.py:3722} INFO - Setting next_dagrun for example_time_delta_sensor_async to None, run_after=None
[2024-09-11T00:38:53.296+0000] {processor.py:179} INFO - Processing /home/airflow/.local/lib/python3.8/site-packages/airflow/example_dags/example_time_delta_sensor_async.py took 0.096 seconds
[2024-09-11T00:39:23.705+0000] {processor.py:157} INFO - Started process (PID=664) to work on /home/airflow/.local/lib/python3.8/site-packages/airflow/example_dags/example_time_delta_sensor_async.py
[2024-09-11T00:39:23.706+0000] {processor.py:829} INFO - Processing file /home/airflow/.local/lib/python3.8/site-packages/airflow/example_dags/example_time_delta_sensor_async.py for tasks to queue
[2024-09-11T00:39:23.707+0000] {logging_mixin.py:154} INFO - [2024-09-11T00:39:23.707+0000] {dagbag.py:536} INFO - Filling up the DagBag from /home/airflow/.local/lib/python3.8/site-packages/airflow/example_dags/example_time_delta_sensor_async.py
[2024-09-11T00:39:23.710+0000] {processor.py:839} INFO - DAG(s) dict_keys(['example_time_delta_sensor_async']) retrieved from /home/airflow/.local/lib/python3.8/site-packages/airflow/example_dags/example_time_delta_sensor_async.py
[2024-09-11T00:39:23.754+0000] {logging_mixin.py:154} INFO - [2024-09-11T00:39:23.754+0000] {dag.py:2941} INFO - Sync 1 DAGs
[2024-09-11T00:39:23.770+0000] {logging_mixin.py:154} INFO - [2024-09-11T00:39:23.770+0000] {dag.py:3722} INFO - Setting next_dagrun for example_time_delta_sensor_async to None, run_after=None
[2024-09-11T00:39:23.793+0000] {processor.py:179} INFO - Processing /home/airflow/.local/lib/python3.8/site-packages/airflow/example_dags/example_time_delta_sensor_async.py took 0.090 seconds
[2024-09-11T00:39:53.863+0000] {processor.py:157} INFO - Started process (PID=717) to work on /home/airflow/.local/lib/python3.8/site-packages/airflow/example_dags/example_time_delta_sensor_async.py
[2024-09-11T00:39:53.864+0000] {processor.py:829} INFO - Processing file /home/airflow/.local/lib/python3.8/site-packages/airflow/example_dags/example_time_delta_sensor_async.py for tasks to queue
[2024-09-11T00:39:53.865+0000] {logging_mixin.py:154} INFO - [2024-09-11T00:39:53.864+0000] {dagbag.py:536} INFO - Filling up the DagBag from /home/airflow/.local/lib/python3.8/site-packages/airflow/example_dags/example_time_delta_sensor_async.py
[2024-09-11T00:39:53.868+0000] {processor.py:839} INFO - DAG(s) dict_keys(['example_time_delta_sensor_async']) retrieved from /home/airflow/.local/lib/python3.8/site-packages/airflow/example_dags/example_time_delta_sensor_async.py
[2024-09-11T00:39:53.908+0000] {logging_mixin.py:154} INFO - [2024-09-11T00:39:53.908+0000] {dag.py:2941} INFO - Sync 1 DAGs
[2024-09-11T00:39:53.924+0000] {logging_mixin.py:154} INFO - [2024-09-11T00:39:53.923+0000] {dag.py:3722} INFO - Setting next_dagrun for example_time_delta_sensor_async to None, run_after=None
[2024-09-11T00:39:53.948+0000] {processor.py:179} INFO - Processing /home/airflow/.local/lib/python3.8/site-packages/airflow/example_dags/example_time_delta_sensor_async.py took 0.087 seconds
[2024-09-11T00:40:24.285+0000] {processor.py:157} INFO - Started process (PID=770) to work on /home/airflow/.local/lib/python3.8/site-packages/airflow/example_dags/example_time_delta_sensor_async.py
[2024-09-11T00:40:24.286+0000] {processor.py:829} INFO - Processing file /home/airflow/.local/lib/python3.8/site-packages/airflow/example_dags/example_time_delta_sensor_async.py for tasks to queue
[2024-09-11T00:40:24.287+0000] {logging_mixin.py:154} INFO - [2024-09-11T00:40:24.287+0000] {dagbag.py:536} INFO - Filling up the DagBag from /home/airflow/.local/lib/python3.8/site-packages/airflow/example_dags/example_time_delta_sensor_async.py
[2024-09-11T00:40:24.291+0000] {processor.py:839} INFO - DAG(s) dict_keys(['example_time_delta_sensor_async']) retrieved from /home/airflow/.local/lib/python3.8/site-packages/airflow/example_dags/example_time_delta_sensor_async.py
[2024-09-11T00:40:24.329+0000] {logging_mixin.py:154} INFO - [2024-09-11T00:40:24.329+0000] {dag.py:2941} INFO - Sync 1 DAGs
[2024-09-11T00:40:24.344+0000] {logging_mixin.py:154} INFO - [2024-09-11T00:40:24.344+0000] {dag.py:3722} INFO - Setting next_dagrun for example_time_delta_sensor_async to None, run_after=None
[2024-09-11T00:40:24.366+0000] {processor.py:179} INFO - Processing /home/airflow/.local/lib/python3.8/site-packages/airflow/example_dags/example_time_delta_sensor_async.py took 0.083 seconds
[2024-09-11T00:40:54.645+0000] {processor.py:157} INFO - Started process (PID=824) to work on /home/airflow/.local/lib/python3.8/site-packages/airflow/example_dags/example_time_delta_sensor_async.py
[2024-09-11T00:40:54.646+0000] {processor.py:829} INFO - Processing file /home/airflow/.local/lib/python3.8/site-packages/airflow/example_dags/example_time_delta_sensor_async.py for tasks to queue
[2024-09-11T00:40:54.647+0000] {logging_mixin.py:154} INFO - [2024-09-11T00:40:54.647+0000] {dagbag.py:536} INFO - Filling up the DagBag from /home/airflow/.local/lib/python3.8/site-packages/airflow/example_dags/example_time_delta_sensor_async.py
[2024-09-11T00:40:54.650+0000] {processor.py:839} INFO - DAG(s) dict_keys(['example_time_delta_sensor_async']) retrieved from /home/airflow/.local/lib/python3.8/site-packages/airflow/example_dags/example_time_delta_sensor_async.py
[2024-09-11T00:40:54.691+0000] {logging_mixin.py:154} INFO - [2024-09-11T00:40:54.691+0000] {dag.py:2941} INFO - Sync 1 DAGs
[2024-09-11T00:40:54.707+0000] {logging_mixin.py:154} INFO - [2024-09-11T00:40:54.707+0000] {dag.py:3722} INFO - Setting next_dagrun for example_time_delta_sensor_async to None, run_after=None
[2024-09-11T00:40:54.733+0000] {processor.py:179} INFO - Processing /home/airflow/.local/lib/python3.8/site-packages/airflow/example_dags/example_time_delta_sensor_async.py took 0.091 seconds
[2024-09-11T00:41:25.905+0000] {processor.py:157} INFO - Started process (PID=879) to work on /home/airflow/.local/lib/python3.8/site-packages/airflow/example_dags/example_time_delta_sensor_async.py
[2024-09-11T00:41:25.906+0000] {processor.py:829} INFO - Processing file /home/airflow/.local/lib/python3.8/site-packages/airflow/example_dags/example_time_delta_sensor_async.py for tasks to queue
[2024-09-11T00:41:25.907+0000] {logging_mixin.py:154} INFO - [2024-09-11T00:41:25.906+0000] {dagbag.py:536} INFO - Filling up the DagBag from /home/airflow/.local/lib/python3.8/site-packages/airflow/example_dags/example_time_delta_sensor_async.py
[2024-09-11T00:41:25.911+0000] {processor.py:839} INFO - DAG(s) dict_keys(['example_time_delta_sensor_async']) retrieved from /home/airflow/.local/lib/python3.8/site-packages/airflow/example_dags/example_time_delta_sensor_async.py
[2024-09-11T00:41:25.961+0000] {logging_mixin.py:154} INFO - [2024-09-11T00:41:25.961+0000] {dag.py:2941} INFO - Sync 1 DAGs
[2024-09-11T00:41:25.977+0000] {logging_mixin.py:154} INFO - [2024-09-11T00:41:25.977+0000] {dag.py:3722} INFO - Setting next_dagrun for example_time_delta_sensor_async to None, run_after=None
[2024-09-11T00:41:26.005+0000] {processor.py:179} INFO - Processing /home/airflow/.local/lib/python3.8/site-packages/airflow/example_dags/example_time_delta_sensor_async.py took 0.102 seconds
[2024-09-11T00:41:56.927+0000] {processor.py:157} INFO - Started process (PID=933) to work on /home/airflow/.local/lib/python3.8/site-packages/airflow/example_dags/example_time_delta_sensor_async.py
[2024-09-11T00:41:56.928+0000] {processor.py:829} INFO - Processing file /home/airflow/.local/lib/python3.8/site-packages/airflow/example_dags/example_time_delta_sensor_async.py for tasks to queue
[2024-09-11T00:41:56.929+0000] {logging_mixin.py:154} INFO - [2024-09-11T00:41:56.928+0000] {dagbag.py:536} INFO - Filling up the DagBag from /home/airflow/.local/lib/python3.8/site-packages/airflow/example_dags/example_time_delta_sensor_async.py
[2024-09-11T00:41:56.932+0000] {processor.py:839} INFO - DAG(s) dict_keys(['example_time_delta_sensor_async']) retrieved from /home/airflow/.local/lib/python3.8/site-packages/airflow/example_dags/example_time_delta_sensor_async.py
[2024-09-11T00:41:56.977+0000] {logging_mixin.py:154} INFO - [2024-09-11T00:41:56.977+0000] {dag.py:2941} INFO - Sync 1 DAGs
[2024-09-11T00:41:56.994+0000] {logging_mixin.py:154} INFO - [2024-09-11T00:41:56.994+0000] {dag.py:3722} INFO - Setting next_dagrun for example_time_delta_sensor_async to None, run_after=None
[2024-09-11T00:41:57.025+0000] {processor.py:179} INFO - Processing /home/airflow/.local/lib/python3.8/site-packages/airflow/example_dags/example_time_delta_sensor_async.py took 0.101 seconds
[2024-09-11T00:42:27.330+0000] {processor.py:157} INFO - Started process (PID=987) to work on /home/airflow/.local/lib/python3.8/site-packages/airflow/example_dags/example_time_delta_sensor_async.py
[2024-09-11T00:42:27.332+0000] {processor.py:829} INFO - Processing file /home/airflow/.local/lib/python3.8/site-packages/airflow/example_dags/example_time_delta_sensor_async.py for tasks to queue
[2024-09-11T00:42:27.333+0000] {logging_mixin.py:154} INFO - [2024-09-11T00:42:27.333+0000] {dagbag.py:536} INFO - Filling up the DagBag from /home/airflow/.local/lib/python3.8/site-packages/airflow/example_dags/example_time_delta_sensor_async.py
[2024-09-11T00:42:27.337+0000] {processor.py:839} INFO - DAG(s) dict_keys(['example_time_delta_sensor_async']) retrieved from /home/airflow/.local/lib/python3.8/site-packages/airflow/example_dags/example_time_delta_sensor_async.py
[2024-09-11T00:42:27.377+0000] {logging_mixin.py:154} INFO - [2024-09-11T00:42:27.377+0000] {dag.py:2941} INFO - Sync 1 DAGs
[2024-09-11T00:42:27.393+0000] {logging_mixin.py:154} INFO - [2024-09-11T00:42:27.393+0000] {dag.py:3722} INFO - Setting next_dagrun for example_time_delta_sensor_async to None, run_after=None
[2024-09-11T00:42:27.419+0000] {processor.py:179} INFO - Processing /home/airflow/.local/lib/python3.8/site-packages/airflow/example_dags/example_time_delta_sensor_async.py took 0.092 seconds
[2024-09-11T00:42:57.524+0000] {processor.py:157} INFO - Started process (PID=1040) to work on /home/airflow/.local/lib/python3.8/site-packages/airflow/example_dags/example_time_delta_sensor_async.py
[2024-09-11T00:42:57.525+0000] {processor.py:829} INFO - Processing file /home/airflow/.local/lib/python3.8/site-packages/airflow/example_dags/example_time_delta_sensor_async.py for tasks to queue
[2024-09-11T00:42:57.526+0000] {logging_mixin.py:154} INFO - [2024-09-11T00:42:57.526+0000] {dagbag.py:536} INFO - Filling up the DagBag from /home/airflow/.local/lib/python3.8/site-packages/airflow/example_dags/example_time_delta_sensor_async.py
[2024-09-11T00:42:57.531+0000] {processor.py:839} INFO - DAG(s) dict_keys(['example_time_delta_sensor_async']) retrieved from /home/airflow/.local/lib/python3.8/site-packages/airflow/example_dags/example_time_delta_sensor_async.py
[2024-09-11T00:42:57.578+0000] {logging_mixin.py:154} INFO - [2024-09-11T00:42:57.578+0000] {dag.py:2941} INFO - Sync 1 DAGs
[2024-09-11T00:42:57.598+0000] {logging_mixin.py:154} INFO - [2024-09-11T00:42:57.597+0000] {dag.py:3722} INFO - Setting next_dagrun for example_time_delta_sensor_async to None, run_after=None
[2024-09-11T00:42:57.625+0000] {processor.py:179} INFO - Processing /home/airflow/.local/lib/python3.8/site-packages/airflow/example_dags/example_time_delta_sensor_async.py took 0.104 seconds
[2024-09-11T00:43:28.701+0000] {processor.py:157} INFO - Started process (PID=1095) to work on /home/airflow/.local/lib/python3.8/site-packages/airflow/example_dags/example_time_delta_sensor_async.py
[2024-09-11T00:43:28.702+0000] {processor.py:829} INFO - Processing file /home/airflow/.local/lib/python3.8/site-packages/airflow/example_dags/example_time_delta_sensor_async.py for tasks to queue
[2024-09-11T00:43:28.703+0000] {logging_mixin.py:154} INFO - [2024-09-11T00:43:28.702+0000] {dagbag.py:536} INFO - Filling up the DagBag from /home/airflow/.local/lib/python3.8/site-packages/airflow/example_dags/example_time_delta_sensor_async.py
[2024-09-11T00:43:28.706+0000] {processor.py:839} INFO - DAG(s) dict_keys(['example_time_delta_sensor_async']) retrieved from /home/airflow/.local/lib/python3.8/site-packages/airflow/example_dags/example_time_delta_sensor_async.py
[2024-09-11T00:43:28.752+0000] {logging_mixin.py:154} INFO - [2024-09-11T00:43:28.752+0000] {dag.py:2941} INFO - Sync 1 DAGs
[2024-09-11T00:43:28.772+0000] {logging_mixin.py:154} INFO - [2024-09-11T00:43:28.772+0000] {dag.py:3722} INFO - Setting next_dagrun for example_time_delta_sensor_async to None, run_after=None
[2024-09-11T00:43:28.949+0000] {processor.py:179} INFO - Processing /home/airflow/.local/lib/python3.8/site-packages/airflow/example_dags/example_time_delta_sensor_async.py took 0.249 seconds
[2024-09-11T00:43:59.054+0000] {processor.py:157} INFO - Started process (PID=1150) to work on /home/airflow/.local/lib/python3.8/site-packages/airflow/example_dags/example_time_delta_sensor_async.py
[2024-09-11T00:43:59.055+0000] {processor.py:829} INFO - Processing file /home/airflow/.local/lib/python3.8/site-packages/airflow/example_dags/example_time_delta_sensor_async.py for tasks to queue
[2024-09-11T00:43:59.056+0000] {logging_mixin.py:154} INFO - [2024-09-11T00:43:59.055+0000] {dagbag.py:536} INFO - Filling up the DagBag from /home/airflow/.local/lib/python3.8/site-packages/airflow/example_dags/example_time_delta_sensor_async.py
[2024-09-11T00:43:59.059+0000] {processor.py:839} INFO - DAG(s) dict_keys(['example_time_delta_sensor_async']) retrieved from /home/airflow/.local/lib/python3.8/site-packages/airflow/example_dags/example_time_delta_sensor_async.py
[2024-09-11T00:43:59.100+0000] {logging_mixin.py:154} INFO - [2024-09-11T00:43:59.100+0000] {dag.py:2941} INFO - Sync 1 DAGs
[2024-09-11T00:43:59.115+0000] {logging_mixin.py:154} INFO - [2024-09-11T00:43:59.115+0000] {dag.py:3722} INFO - Setting next_dagrun for example_time_delta_sensor_async to None, run_after=None
[2024-09-11T00:43:59.140+0000] {processor.py:179} INFO - Processing /home/airflow/.local/lib/python3.8/site-packages/airflow/example_dags/example_time_delta_sensor_async.py took 0.088 seconds
[2024-09-11T00:44:29.417+0000] {processor.py:157} INFO - Started process (PID=1204) to work on /home/airflow/.local/lib/python3.8/site-packages/airflow/example_dags/example_time_delta_sensor_async.py
[2024-09-11T00:44:29.418+0000] {processor.py:829} INFO - Processing file /home/airflow/.local/lib/python3.8/site-packages/airflow/example_dags/example_time_delta_sensor_async.py for tasks to queue
[2024-09-11T00:44:29.419+0000] {logging_mixin.py:154} INFO - [2024-09-11T00:44:29.419+0000] {dagbag.py:536} INFO - Filling up the DagBag from /home/airflow/.local/lib/python3.8/site-packages/airflow/example_dags/example_time_delta_sensor_async.py
[2024-09-11T00:44:29.423+0000] {processor.py:839} INFO - DAG(s) dict_keys(['example_time_delta_sensor_async']) retrieved from /home/airflow/.local/lib/python3.8/site-packages/airflow/example_dags/example_time_delta_sensor_async.py
[2024-09-11T00:44:29.463+0000] {logging_mixin.py:154} INFO - [2024-09-11T00:44:29.463+0000] {dag.py:2941} INFO - Sync 1 DAGs
[2024-09-11T00:44:29.477+0000] {logging_mixin.py:154} INFO - [2024-09-11T00:44:29.477+0000] {dag.py:3722} INFO - Setting next_dagrun for example_time_delta_sensor_async to None, run_after=None
[2024-09-11T00:44:29.500+0000] {processor.py:179} INFO - Processing /home/airflow/.local/lib/python3.8/site-packages/airflow/example_dags/example_time_delta_sensor_async.py took 0.085 seconds
[2024-09-11T00:44:59.922+0000] {processor.py:157} INFO - Started process (PID=1258) to work on /home/airflow/.local/lib/python3.8/site-packages/airflow/example_dags/example_time_delta_sensor_async.py
[2024-09-11T00:44:59.923+0000] {processor.py:829} INFO - Processing file /home/airflow/.local/lib/python3.8/site-packages/airflow/example_dags/example_time_delta_sensor_async.py for tasks to queue
[2024-09-11T00:44:59.924+0000] {logging_mixin.py:154} INFO - [2024-09-11T00:44:59.923+0000] {dagbag.py:536} INFO - Filling up the DagBag from /home/airflow/.local/lib/python3.8/site-packages/airflow/example_dags/example_time_delta_sensor_async.py
[2024-09-11T00:44:59.928+0000] {processor.py:839} INFO - DAG(s) dict_keys(['example_time_delta_sensor_async']) retrieved from /home/airflow/.local/lib/python3.8/site-packages/airflow/example_dags/example_time_delta_sensor_async.py
[2024-09-11T00:44:59.969+0000] {logging_mixin.py:154} INFO - [2024-09-11T00:44:59.969+0000] {dag.py:2941} INFO - Sync 1 DAGs
[2024-09-11T00:44:59.984+0000] {logging_mixin.py:154} INFO - [2024-09-11T00:44:59.984+0000] {dag.py:3722} INFO - Setting next_dagrun for example_time_delta_sensor_async to None, run_after=None
[2024-09-11T00:45:00.013+0000] {processor.py:179} INFO - Processing /home/airflow/.local/lib/python3.8/site-packages/airflow/example_dags/example_time_delta_sensor_async.py took 0.093 seconds
[2024-09-11T00:45:30.561+0000] {processor.py:157} INFO - Started process (PID=1318) to work on /home/airflow/.local/lib/python3.8/site-packages/airflow/example_dags/example_time_delta_sensor_async.py
[2024-09-11T00:45:30.562+0000] {processor.py:829} INFO - Processing file /home/airflow/.local/lib/python3.8/site-packages/airflow/example_dags/example_time_delta_sensor_async.py for tasks to queue
[2024-09-11T00:45:30.563+0000] {logging_mixin.py:154} INFO - [2024-09-11T00:45:30.562+0000] {dagbag.py:536} INFO - Filling up the DagBag from /home/airflow/.local/lib/python3.8/site-packages/airflow/example_dags/example_time_delta_sensor_async.py
[2024-09-11T00:45:30.566+0000] {processor.py:839} INFO - DAG(s) dict_keys(['example_time_delta_sensor_async']) retrieved from /home/airflow/.local/lib/python3.8/site-packages/airflow/example_dags/example_time_delta_sensor_async.py
[2024-09-11T00:45:30.606+0000] {logging_mixin.py:154} INFO - [2024-09-11T00:45:30.606+0000] {dag.py:2941} INFO - Sync 1 DAGs
[2024-09-11T00:45:30.623+0000] {logging_mixin.py:154} INFO - [2024-09-11T00:45:30.623+0000] {dag.py:3722} INFO - Setting next_dagrun for example_time_delta_sensor_async to None, run_after=None
[2024-09-11T00:45:30.762+0000] {processor.py:179} INFO - Processing /home/airflow/.local/lib/python3.8/site-packages/airflow/example_dags/example_time_delta_sensor_async.py took 0.203 seconds
[2024-09-11T00:46:01.160+0000] {processor.py:157} INFO - Started process (PID=1379) to work on /home/airflow/.local/lib/python3.8/site-packages/airflow/example_dags/example_time_delta_sensor_async.py
[2024-09-11T00:46:01.160+0000] {processor.py:829} INFO - Processing file /home/airflow/.local/lib/python3.8/site-packages/airflow/example_dags/example_time_delta_sensor_async.py for tasks to queue
[2024-09-11T00:46:01.161+0000] {logging_mixin.py:154} INFO - [2024-09-11T00:46:01.161+0000] {dagbag.py:536} INFO - Filling up the DagBag from /home/airflow/.local/lib/python3.8/site-packages/airflow/example_dags/example_time_delta_sensor_async.py
[2024-09-11T00:46:01.165+0000] {processor.py:839} INFO - DAG(s) dict_keys(['example_time_delta_sensor_async']) retrieved from /home/airflow/.local/lib/python3.8/site-packages/airflow/example_dags/example_time_delta_sensor_async.py
[2024-09-11T00:46:01.206+0000] {logging_mixin.py:154} INFO - [2024-09-11T00:46:01.206+0000] {dag.py:2941} INFO - Sync 1 DAGs
[2024-09-11T00:46:01.223+0000] {logging_mixin.py:154} INFO - [2024-09-11T00:46:01.222+0000] {dag.py:3722} INFO - Setting next_dagrun for example_time_delta_sensor_async to None, run_after=None
[2024-09-11T00:46:01.247+0000] {processor.py:179} INFO - Processing /home/airflow/.local/lib/python3.8/site-packages/airflow/example_dags/example_time_delta_sensor_async.py took 0.090 seconds
[2024-09-11T00:46:31.782+0000] {processor.py:157} INFO - Started process (PID=1433) to work on /home/airflow/.local/lib/python3.8/site-packages/airflow/example_dags/example_time_delta_sensor_async.py
[2024-09-11T00:46:31.783+0000] {processor.py:829} INFO - Processing file /home/airflow/.local/lib/python3.8/site-packages/airflow/example_dags/example_time_delta_sensor_async.py for tasks to queue
[2024-09-11T00:46:31.784+0000] {logging_mixin.py:154} INFO - [2024-09-11T00:46:31.783+0000] {dagbag.py:536} INFO - Filling up the DagBag from /home/airflow/.local/lib/python3.8/site-packages/airflow/example_dags/example_time_delta_sensor_async.py
[2024-09-11T00:46:31.787+0000] {processor.py:839} INFO - DAG(s) dict_keys(['example_time_delta_sensor_async']) retrieved from /home/airflow/.local/lib/python3.8/site-packages/airflow/example_dags/example_time_delta_sensor_async.py
[2024-09-11T00:46:31.833+0000] {logging_mixin.py:154} INFO - [2024-09-11T00:46:31.833+0000] {dag.py:2941} INFO - Sync 1 DAGs
[2024-09-11T00:46:31.852+0000] {logging_mixin.py:154} INFO - [2024-09-11T00:46:31.852+0000] {dag.py:3722} INFO - Setting next_dagrun for example_time_delta_sensor_async to None, run_after=None
[2024-09-11T00:46:31.878+0000] {processor.py:179} INFO - Processing /home/airflow/.local/lib/python3.8/site-packages/airflow/example_dags/example_time_delta_sensor_async.py took 0.098 seconds
