[2024-09-11T00:34:47.801+0000] {processor.py:157} INFO - Started process (PID=167) to work on /home/airflow/.local/lib/python3.8/site-packages/airflow/example_dags/example_branch_day_of_week_operator.py
[2024-09-11T00:34:47.802+0000] {processor.py:829} INFO - Processing file /home/airflow/.local/lib/python3.8/site-packages/airflow/example_dags/example_branch_day_of_week_operator.py for tasks to queue
[2024-09-11T00:34:47.804+0000] {logging_mixin.py:154} INFO - [2024-09-11T00:34:47.803+0000] {dagbag.py:536} INFO - Filling up the DagBag from /home/airflow/.local/lib/python3.8/site-packages/airflow/example_dags/example_branch_day_of_week_operator.py
[2024-09-11T00:34:47.820+0000] {processor.py:839} INFO - DAG(s) dict_keys(['example_weekday_branch_operator']) retrieved from /home/airflow/.local/lib/python3.8/site-packages/airflow/example_dags/example_branch_day_of_week_operator.py
[2024-09-11T00:34:47.888+0000] {logging_mixin.py:154} INFO - [2024-09-11T00:34:47.888+0000] {dag.py:2941} INFO - Sync 1 DAGs
[2024-09-11T00:34:47.923+0000] {logging_mixin.py:154} INFO - [2024-09-11T00:34:47.922+0000] {dag.py:3722} INFO - Setting next_dagrun for example_weekday_branch_operator to 2024-09-10T00:00:00+00:00, run_after=2024-09-11T00:00:00+00:00
[2024-09-11T00:34:47.949+0000] {processor.py:179} INFO - Processing /home/airflow/.local/lib/python3.8/site-packages/airflow/example_dags/example_branch_day_of_week_operator.py took 0.151 seconds
[2024-09-11T00:35:18.913+0000] {processor.py:157} INFO - Started process (PID=221) to work on /home/airflow/.local/lib/python3.8/site-packages/airflow/example_dags/example_branch_day_of_week_operator.py
[2024-09-11T00:35:18.914+0000] {processor.py:829} INFO - Processing file /home/airflow/.local/lib/python3.8/site-packages/airflow/example_dags/example_branch_day_of_week_operator.py for tasks to queue
[2024-09-11T00:35:18.915+0000] {logging_mixin.py:154} INFO - [2024-09-11T00:35:18.915+0000] {dagbag.py:536} INFO - Filling up the DagBag from /home/airflow/.local/lib/python3.8/site-packages/airflow/example_dags/example_branch_day_of_week_operator.py
[2024-09-11T00:35:18.922+0000] {processor.py:839} INFO - DAG(s) dict_keys(['example_weekday_branch_operator']) retrieved from /home/airflow/.local/lib/python3.8/site-packages/airflow/example_dags/example_branch_day_of_week_operator.py
[2024-09-11T00:35:18.969+0000] {logging_mixin.py:154} INFO - [2024-09-11T00:35:18.969+0000] {dag.py:2941} INFO - Sync 1 DAGs
[2024-09-11T00:35:19.013+0000] {logging_mixin.py:154} INFO - [2024-09-11T00:35:19.013+0000] {dag.py:3722} INFO - Setting next_dagrun for example_weekday_branch_operator to 2024-09-10T00:00:00+00:00, run_after=2024-09-11T00:00:00+00:00
[2024-09-11T00:35:19.044+0000] {processor.py:179} INFO - Processing /home/airflow/.local/lib/python3.8/site-packages/airflow/example_dags/example_branch_day_of_week_operator.py took 0.133 seconds
[2024-09-11T00:35:49.083+0000] {processor.py:157} INFO - Started process (PID=281) to work on /home/airflow/.local/lib/python3.8/site-packages/airflow/example_dags/example_branch_day_of_week_operator.py
[2024-09-11T00:35:49.083+0000] {processor.py:829} INFO - Processing file /home/airflow/.local/lib/python3.8/site-packages/airflow/example_dags/example_branch_day_of_week_operator.py for tasks to queue
[2024-09-11T00:35:49.084+0000] {logging_mixin.py:154} INFO - [2024-09-11T00:35:49.083+0000] {dagbag.py:536} INFO - Filling up the DagBag from /home/airflow/.local/lib/python3.8/site-packages/airflow/example_dags/example_branch_day_of_week_operator.py
[2024-09-11T00:35:49.090+0000] {processor.py:839} INFO - DAG(s) dict_keys(['example_weekday_branch_operator']) retrieved from /home/airflow/.local/lib/python3.8/site-packages/airflow/example_dags/example_branch_day_of_week_operator.py
[2024-09-11T00:35:49.130+0000] {logging_mixin.py:154} INFO - [2024-09-11T00:35:49.130+0000] {dag.py:2941} INFO - Sync 1 DAGs
[2024-09-11T00:35:49.158+0000] {logging_mixin.py:154} INFO - [2024-09-11T00:35:49.158+0000] {dag.py:3722} INFO - Setting next_dagrun for example_weekday_branch_operator to 2024-09-10T00:00:00+00:00, run_after=2024-09-11T00:00:00+00:00
[2024-09-11T00:35:49.181+0000] {processor.py:179} INFO - Processing /home/airflow/.local/lib/python3.8/site-packages/airflow/example_dags/example_branch_day_of_week_operator.py took 0.101 seconds
[2024-09-11T00:36:19.246+0000] {processor.py:157} INFO - Started process (PID=335) to work on /home/airflow/.local/lib/python3.8/site-packages/airflow/example_dags/example_branch_day_of_week_operator.py
[2024-09-11T00:36:19.247+0000] {processor.py:829} INFO - Processing file /home/airflow/.local/lib/python3.8/site-packages/airflow/example_dags/example_branch_day_of_week_operator.py for tasks to queue
[2024-09-11T00:36:19.248+0000] {logging_mixin.py:154} INFO - [2024-09-11T00:36:19.248+0000] {dagbag.py:536} INFO - Filling up the DagBag from /home/airflow/.local/lib/python3.8/site-packages/airflow/example_dags/example_branch_day_of_week_operator.py
[2024-09-11T00:36:19.254+0000] {processor.py:839} INFO - DAG(s) dict_keys(['example_weekday_branch_operator']) retrieved from /home/airflow/.local/lib/python3.8/site-packages/airflow/example_dags/example_branch_day_of_week_operator.py
[2024-09-11T00:36:19.300+0000] {logging_mixin.py:154} INFO - [2024-09-11T00:36:19.300+0000] {dag.py:2941} INFO - Sync 1 DAGs
[2024-09-11T00:36:19.333+0000] {logging_mixin.py:154} INFO - [2024-09-11T00:36:19.332+0000] {dag.py:3722} INFO - Setting next_dagrun for example_weekday_branch_operator to 2024-09-10T00:00:00+00:00, run_after=2024-09-11T00:00:00+00:00
[2024-09-11T00:36:19.356+0000] {processor.py:179} INFO - Processing /home/airflow/.local/lib/python3.8/site-packages/airflow/example_dags/example_branch_day_of_week_operator.py took 0.112 seconds
[2024-09-11T00:36:49.845+0000] {processor.py:157} INFO - Started process (PID=389) to work on /home/airflow/.local/lib/python3.8/site-packages/airflow/example_dags/example_branch_day_of_week_operator.py
[2024-09-11T00:36:49.846+0000] {processor.py:829} INFO - Processing file /home/airflow/.local/lib/python3.8/site-packages/airflow/example_dags/example_branch_day_of_week_operator.py for tasks to queue
[2024-09-11T00:36:49.847+0000] {logging_mixin.py:154} INFO - [2024-09-11T00:36:49.846+0000] {dagbag.py:536} INFO - Filling up the DagBag from /home/airflow/.local/lib/python3.8/site-packages/airflow/example_dags/example_branch_day_of_week_operator.py
[2024-09-11T00:36:49.852+0000] {processor.py:839} INFO - DAG(s) dict_keys(['example_weekday_branch_operator']) retrieved from /home/airflow/.local/lib/python3.8/site-packages/airflow/example_dags/example_branch_day_of_week_operator.py
[2024-09-11T00:36:49.894+0000] {logging_mixin.py:154} INFO - [2024-09-11T00:36:49.893+0000] {dag.py:2941} INFO - Sync 1 DAGs
[2024-09-11T00:36:49.922+0000] {logging_mixin.py:154} INFO - [2024-09-11T00:36:49.922+0000] {dag.py:3722} INFO - Setting next_dagrun for example_weekday_branch_operator to 2024-09-10T00:00:00+00:00, run_after=2024-09-11T00:00:00+00:00
[2024-09-11T00:36:49.945+0000] {processor.py:179} INFO - Processing /home/airflow/.local/lib/python3.8/site-packages/airflow/example_dags/example_branch_day_of_week_operator.py took 0.102 seconds
[2024-09-11T00:37:20.111+0000] {processor.py:157} INFO - Started process (PID=443) to work on /home/airflow/.local/lib/python3.8/site-packages/airflow/example_dags/example_branch_day_of_week_operator.py
[2024-09-11T00:37:20.111+0000] {processor.py:829} INFO - Processing file /home/airflow/.local/lib/python3.8/site-packages/airflow/example_dags/example_branch_day_of_week_operator.py for tasks to queue
[2024-09-11T00:37:20.112+0000] {logging_mixin.py:154} INFO - [2024-09-11T00:37:20.112+0000] {dagbag.py:536} INFO - Filling up the DagBag from /home/airflow/.local/lib/python3.8/site-packages/airflow/example_dags/example_branch_day_of_week_operator.py
[2024-09-11T00:37:20.120+0000] {processor.py:839} INFO - DAG(s) dict_keys(['example_weekday_branch_operator']) retrieved from /home/airflow/.local/lib/python3.8/site-packages/airflow/example_dags/example_branch_day_of_week_operator.py
[2024-09-11T00:37:20.188+0000] {logging_mixin.py:154} INFO - [2024-09-11T00:37:20.188+0000] {dag.py:2941} INFO - Sync 1 DAGs
[2024-09-11T00:37:20.248+0000] {logging_mixin.py:154} INFO - [2024-09-11T00:37:20.248+0000] {dag.py:3722} INFO - Setting next_dagrun for example_weekday_branch_operator to 2024-09-10T00:00:00+00:00, run_after=2024-09-11T00:00:00+00:00
[2024-09-11T00:37:20.297+0000] {processor.py:179} INFO - Processing /home/airflow/.local/lib/python3.8/site-packages/airflow/example_dags/example_branch_day_of_week_operator.py took 0.188 seconds
[2024-09-11T00:37:50.683+0000] {processor.py:157} INFO - Started process (PID=497) to work on /home/airflow/.local/lib/python3.8/site-packages/airflow/example_dags/example_branch_day_of_week_operator.py
[2024-09-11T00:37:50.684+0000] {processor.py:829} INFO - Processing file /home/airflow/.local/lib/python3.8/site-packages/airflow/example_dags/example_branch_day_of_week_operator.py for tasks to queue
[2024-09-11T00:37:50.684+0000] {logging_mixin.py:154} INFO - [2024-09-11T00:37:50.684+0000] {dagbag.py:536} INFO - Filling up the DagBag from /home/airflow/.local/lib/python3.8/site-packages/airflow/example_dags/example_branch_day_of_week_operator.py
[2024-09-11T00:37:50.690+0000] {processor.py:839} INFO - DAG(s) dict_keys(['example_weekday_branch_operator']) retrieved from /home/airflow/.local/lib/python3.8/site-packages/airflow/example_dags/example_branch_day_of_week_operator.py
[2024-09-11T00:37:50.730+0000] {logging_mixin.py:154} INFO - [2024-09-11T00:37:50.730+0000] {dag.py:2941} INFO - Sync 1 DAGs
[2024-09-11T00:37:50.757+0000] {logging_mixin.py:154} INFO - [2024-09-11T00:37:50.757+0000] {dag.py:3722} INFO - Setting next_dagrun for example_weekday_branch_operator to 2024-09-10T00:00:00+00:00, run_after=2024-09-11T00:00:00+00:00
[2024-09-11T00:37:50.779+0000] {processor.py:179} INFO - Processing /home/airflow/.local/lib/python3.8/site-packages/airflow/example_dags/example_branch_day_of_week_operator.py took 0.099 seconds
[2024-09-11T00:38:21.192+0000] {processor.py:157} INFO - Started process (PID=551) to work on /home/airflow/.local/lib/python3.8/site-packages/airflow/example_dags/example_branch_day_of_week_operator.py
[2024-09-11T00:38:21.193+0000] {processor.py:829} INFO - Processing file /home/airflow/.local/lib/python3.8/site-packages/airflow/example_dags/example_branch_day_of_week_operator.py for tasks to queue
[2024-09-11T00:38:21.193+0000] {logging_mixin.py:154} INFO - [2024-09-11T00:38:21.193+0000] {dagbag.py:536} INFO - Filling up the DagBag from /home/airflow/.local/lib/python3.8/site-packages/airflow/example_dags/example_branch_day_of_week_operator.py
[2024-09-11T00:38:21.201+0000] {processor.py:839} INFO - DAG(s) dict_keys(['example_weekday_branch_operator']) retrieved from /home/airflow/.local/lib/python3.8/site-packages/airflow/example_dags/example_branch_day_of_week_operator.py
[2024-09-11T00:38:21.240+0000] {logging_mixin.py:154} INFO - [2024-09-11T00:38:21.240+0000] {dag.py:2941} INFO - Sync 1 DAGs
[2024-09-11T00:38:21.272+0000] {logging_mixin.py:154} INFO - [2024-09-11T00:38:21.272+0000] {dag.py:3722} INFO - Setting next_dagrun for example_weekday_branch_operator to 2024-09-10T00:00:00+00:00, run_after=2024-09-11T00:00:00+00:00
[2024-09-11T00:38:21.294+0000] {processor.py:179} INFO - Processing /home/airflow/.local/lib/python3.8/site-packages/airflow/example_dags/example_branch_day_of_week_operator.py took 0.104 seconds
[2024-09-11T00:38:51.653+0000] {processor.py:157} INFO - Started process (PID=604) to work on /home/airflow/.local/lib/python3.8/site-packages/airflow/example_dags/example_branch_day_of_week_operator.py
[2024-09-11T00:38:51.653+0000] {processor.py:829} INFO - Processing file /home/airflow/.local/lib/python3.8/site-packages/airflow/example_dags/example_branch_day_of_week_operator.py for tasks to queue
[2024-09-11T00:38:51.654+0000] {logging_mixin.py:154} INFO - [2024-09-11T00:38:51.654+0000] {dagbag.py:536} INFO - Filling up the DagBag from /home/airflow/.local/lib/python3.8/site-packages/airflow/example_dags/example_branch_day_of_week_operator.py
[2024-09-11T00:38:51.660+0000] {processor.py:839} INFO - DAG(s) dict_keys(['example_weekday_branch_operator']) retrieved from /home/airflow/.local/lib/python3.8/site-packages/airflow/example_dags/example_branch_day_of_week_operator.py
[2024-09-11T00:38:51.708+0000] {logging_mixin.py:154} INFO - [2024-09-11T00:38:51.707+0000] {dag.py:2941} INFO - Sync 1 DAGs
[2024-09-11T00:38:51.741+0000] {logging_mixin.py:154} INFO - [2024-09-11T00:38:51.741+0000] {dag.py:3722} INFO - Setting next_dagrun for example_weekday_branch_operator to 2024-09-10T00:00:00+00:00, run_after=2024-09-11T00:00:00+00:00
[2024-09-11T00:38:51.767+0000] {processor.py:179} INFO - Processing /home/airflow/.local/lib/python3.8/site-packages/airflow/example_dags/example_branch_day_of_week_operator.py took 0.117 seconds
[2024-09-11T00:39:21.996+0000] {processor.py:157} INFO - Started process (PID=658) to work on /home/airflow/.local/lib/python3.8/site-packages/airflow/example_dags/example_branch_day_of_week_operator.py
[2024-09-11T00:39:21.997+0000] {processor.py:829} INFO - Processing file /home/airflow/.local/lib/python3.8/site-packages/airflow/example_dags/example_branch_day_of_week_operator.py for tasks to queue
[2024-09-11T00:39:21.997+0000] {logging_mixin.py:154} INFO - [2024-09-11T00:39:21.997+0000] {dagbag.py:536} INFO - Filling up the DagBag from /home/airflow/.local/lib/python3.8/site-packages/airflow/example_dags/example_branch_day_of_week_operator.py
[2024-09-11T00:39:22.006+0000] {processor.py:839} INFO - DAG(s) dict_keys(['example_weekday_branch_operator']) retrieved from /home/airflow/.local/lib/python3.8/site-packages/airflow/example_dags/example_branch_day_of_week_operator.py
[2024-09-11T00:39:22.058+0000] {logging_mixin.py:154} INFO - [2024-09-11T00:39:22.058+0000] {dag.py:2941} INFO - Sync 1 DAGs
[2024-09-11T00:39:22.093+0000] {logging_mixin.py:154} INFO - [2024-09-11T00:39:22.093+0000] {dag.py:3722} INFO - Setting next_dagrun for example_weekday_branch_operator to 2024-09-10T00:00:00+00:00, run_after=2024-09-11T00:00:00+00:00
[2024-09-11T00:39:22.120+0000] {processor.py:179} INFO - Processing /home/airflow/.local/lib/python3.8/site-packages/airflow/example_dags/example_branch_day_of_week_operator.py took 0.127 seconds
[2024-09-11T00:39:52.567+0000] {processor.py:157} INFO - Started process (PID=712) to work on /home/airflow/.local/lib/python3.8/site-packages/airflow/example_dags/example_branch_day_of_week_operator.py
[2024-09-11T00:39:52.568+0000] {processor.py:829} INFO - Processing file /home/airflow/.local/lib/python3.8/site-packages/airflow/example_dags/example_branch_day_of_week_operator.py for tasks to queue
[2024-09-11T00:39:52.569+0000] {logging_mixin.py:154} INFO - [2024-09-11T00:39:52.569+0000] {dagbag.py:536} INFO - Filling up the DagBag from /home/airflow/.local/lib/python3.8/site-packages/airflow/example_dags/example_branch_day_of_week_operator.py
[2024-09-11T00:39:52.576+0000] {processor.py:839} INFO - DAG(s) dict_keys(['example_weekday_branch_operator']) retrieved from /home/airflow/.local/lib/python3.8/site-packages/airflow/example_dags/example_branch_day_of_week_operator.py
[2024-09-11T00:39:52.616+0000] {logging_mixin.py:154} INFO - [2024-09-11T00:39:52.616+0000] {dag.py:2941} INFO - Sync 1 DAGs
[2024-09-11T00:39:52.650+0000] {logging_mixin.py:154} INFO - [2024-09-11T00:39:52.650+0000] {dag.py:3722} INFO - Setting next_dagrun for example_weekday_branch_operator to 2024-09-10T00:00:00+00:00, run_after=2024-09-11T00:00:00+00:00
[2024-09-11T00:39:52.674+0000] {processor.py:179} INFO - Processing /home/airflow/.local/lib/python3.8/site-packages/airflow/example_dags/example_branch_day_of_week_operator.py took 0.109 seconds
[2024-09-11T00:40:22.974+0000] {processor.py:157} INFO - Started process (PID=766) to work on /home/airflow/.local/lib/python3.8/site-packages/airflow/example_dags/example_branch_day_of_week_operator.py
[2024-09-11T00:40:22.975+0000] {processor.py:829} INFO - Processing file /home/airflow/.local/lib/python3.8/site-packages/airflow/example_dags/example_branch_day_of_week_operator.py for tasks to queue
[2024-09-11T00:40:22.977+0000] {logging_mixin.py:154} INFO - [2024-09-11T00:40:22.977+0000] {dagbag.py:536} INFO - Filling up the DagBag from /home/airflow/.local/lib/python3.8/site-packages/airflow/example_dags/example_branch_day_of_week_operator.py
[2024-09-11T00:40:22.985+0000] {processor.py:839} INFO - DAG(s) dict_keys(['example_weekday_branch_operator']) retrieved from /home/airflow/.local/lib/python3.8/site-packages/airflow/example_dags/example_branch_day_of_week_operator.py
[2024-09-11T00:40:23.038+0000] {logging_mixin.py:154} INFO - [2024-09-11T00:40:23.038+0000] {dag.py:2941} INFO - Sync 1 DAGs
[2024-09-11T00:40:23.076+0000] {logging_mixin.py:154} INFO - [2024-09-11T00:40:23.075+0000] {dag.py:3722} INFO - Setting next_dagrun for example_weekday_branch_operator to 2024-09-10T00:00:00+00:00, run_after=2024-09-11T00:00:00+00:00
[2024-09-11T00:40:23.100+0000] {processor.py:179} INFO - Processing /home/airflow/.local/lib/python3.8/site-packages/airflow/example_dags/example_branch_day_of_week_operator.py took 0.129 seconds
[2024-09-11T00:40:53.325+0000] {processor.py:157} INFO - Started process (PID=820) to work on /home/airflow/.local/lib/python3.8/site-packages/airflow/example_dags/example_branch_day_of_week_operator.py
[2024-09-11T00:40:53.326+0000] {processor.py:829} INFO - Processing file /home/airflow/.local/lib/python3.8/site-packages/airflow/example_dags/example_branch_day_of_week_operator.py for tasks to queue
[2024-09-11T00:40:53.327+0000] {logging_mixin.py:154} INFO - [2024-09-11T00:40:53.326+0000] {dagbag.py:536} INFO - Filling up the DagBag from /home/airflow/.local/lib/python3.8/site-packages/airflow/example_dags/example_branch_day_of_week_operator.py
[2024-09-11T00:40:53.332+0000] {processor.py:839} INFO - DAG(s) dict_keys(['example_weekday_branch_operator']) retrieved from /home/airflow/.local/lib/python3.8/site-packages/airflow/example_dags/example_branch_day_of_week_operator.py
[2024-09-11T00:40:53.373+0000] {logging_mixin.py:154} INFO - [2024-09-11T00:40:53.373+0000] {dag.py:2941} INFO - Sync 1 DAGs
[2024-09-11T00:40:53.400+0000] {logging_mixin.py:154} INFO - [2024-09-11T00:40:53.400+0000] {dag.py:3722} INFO - Setting next_dagrun for example_weekday_branch_operator to 2024-09-10T00:00:00+00:00, run_after=2024-09-11T00:00:00+00:00
[2024-09-11T00:40:53.424+0000] {processor.py:179} INFO - Processing /home/airflow/.local/lib/python3.8/site-packages/airflow/example_dags/example_branch_day_of_week_operator.py took 0.101 seconds
[2024-09-11T00:41:24.143+0000] {processor.py:157} INFO - Started process (PID=874) to work on /home/airflow/.local/lib/python3.8/site-packages/airflow/example_dags/example_branch_day_of_week_operator.py
[2024-09-11T00:41:24.144+0000] {processor.py:829} INFO - Processing file /home/airflow/.local/lib/python3.8/site-packages/airflow/example_dags/example_branch_day_of_week_operator.py for tasks to queue
[2024-09-11T00:41:24.146+0000] {logging_mixin.py:154} INFO - [2024-09-11T00:41:24.145+0000] {dagbag.py:536} INFO - Filling up the DagBag from /home/airflow/.local/lib/python3.8/site-packages/airflow/example_dags/example_branch_day_of_week_operator.py
[2024-09-11T00:41:24.156+0000] {processor.py:839} INFO - DAG(s) dict_keys(['example_weekday_branch_operator']) retrieved from /home/airflow/.local/lib/python3.8/site-packages/airflow/example_dags/example_branch_day_of_week_operator.py
[2024-09-11T00:41:24.209+0000] {logging_mixin.py:154} INFO - [2024-09-11T00:41:24.209+0000] {dag.py:2941} INFO - Sync 1 DAGs
[2024-09-11T00:41:24.249+0000] {logging_mixin.py:154} INFO - [2024-09-11T00:41:24.249+0000] {dag.py:3722} INFO - Setting next_dagrun for example_weekday_branch_operator to 2024-09-10T00:00:00+00:00, run_after=2024-09-11T00:00:00+00:00
[2024-09-11T00:41:24.290+0000] {processor.py:179} INFO - Processing /home/airflow/.local/lib/python3.8/site-packages/airflow/example_dags/example_branch_day_of_week_operator.py took 0.150 seconds
[2024-09-11T00:41:54.389+0000] {processor.py:157} INFO - Started process (PID=928) to work on /home/airflow/.local/lib/python3.8/site-packages/airflow/example_dags/example_branch_day_of_week_operator.py
[2024-09-11T00:41:54.389+0000] {processor.py:829} INFO - Processing file /home/airflow/.local/lib/python3.8/site-packages/airflow/example_dags/example_branch_day_of_week_operator.py for tasks to queue
[2024-09-11T00:41:54.390+0000] {logging_mixin.py:154} INFO - [2024-09-11T00:41:54.390+0000] {dagbag.py:536} INFO - Filling up the DagBag from /home/airflow/.local/lib/python3.8/site-packages/airflow/example_dags/example_branch_day_of_week_operator.py
[2024-09-11T00:41:54.396+0000] {processor.py:839} INFO - DAG(s) dict_keys(['example_weekday_branch_operator']) retrieved from /home/airflow/.local/lib/python3.8/site-packages/airflow/example_dags/example_branch_day_of_week_operator.py
[2024-09-11T00:41:54.437+0000] {logging_mixin.py:154} INFO - [2024-09-11T00:41:54.437+0000] {dag.py:2941} INFO - Sync 1 DAGs
[2024-09-11T00:41:54.465+0000] {logging_mixin.py:154} INFO - [2024-09-11T00:41:54.464+0000] {dag.py:3722} INFO - Setting next_dagrun for example_weekday_branch_operator to 2024-09-10T00:00:00+00:00, run_after=2024-09-11T00:00:00+00:00
[2024-09-11T00:41:54.486+0000] {processor.py:179} INFO - Processing /home/airflow/.local/lib/python3.8/site-packages/airflow/example_dags/example_branch_day_of_week_operator.py took 0.099 seconds
[2024-09-11T00:42:24.825+0000] {processor.py:157} INFO - Started process (PID=981) to work on /home/airflow/.local/lib/python3.8/site-packages/airflow/example_dags/example_branch_day_of_week_operator.py
[2024-09-11T00:42:24.825+0000] {processor.py:829} INFO - Processing file /home/airflow/.local/lib/python3.8/site-packages/airflow/example_dags/example_branch_day_of_week_operator.py for tasks to queue
[2024-09-11T00:42:24.826+0000] {logging_mixin.py:154} INFO - [2024-09-11T00:42:24.826+0000] {dagbag.py:536} INFO - Filling up the DagBag from /home/airflow/.local/lib/python3.8/site-packages/airflow/example_dags/example_branch_day_of_week_operator.py
[2024-09-11T00:42:24.832+0000] {processor.py:839} INFO - DAG(s) dict_keys(['example_weekday_branch_operator']) retrieved from /home/airflow/.local/lib/python3.8/site-packages/airflow/example_dags/example_branch_day_of_week_operator.py
[2024-09-11T00:42:24.875+0000] {logging_mixin.py:154} INFO - [2024-09-11T00:42:24.874+0000] {dag.py:2941} INFO - Sync 1 DAGs
[2024-09-11T00:42:24.903+0000] {logging_mixin.py:154} INFO - [2024-09-11T00:42:24.903+0000] {dag.py:3722} INFO - Setting next_dagrun for example_weekday_branch_operator to 2024-09-10T00:00:00+00:00, run_after=2024-09-11T00:00:00+00:00
[2024-09-11T00:42:24.927+0000] {processor.py:179} INFO - Processing /home/airflow/.local/lib/python3.8/site-packages/airflow/example_dags/example_branch_day_of_week_operator.py took 0.104 seconds
[2024-09-11T00:42:55.202+0000] {processor.py:157} INFO - Started process (PID=1036) to work on /home/airflow/.local/lib/python3.8/site-packages/airflow/example_dags/example_branch_day_of_week_operator.py
[2024-09-11T00:42:55.202+0000] {processor.py:829} INFO - Processing file /home/airflow/.local/lib/python3.8/site-packages/airflow/example_dags/example_branch_day_of_week_operator.py for tasks to queue
[2024-09-11T00:42:55.203+0000] {logging_mixin.py:154} INFO - [2024-09-11T00:42:55.202+0000] {dagbag.py:536} INFO - Filling up the DagBag from /home/airflow/.local/lib/python3.8/site-packages/airflow/example_dags/example_branch_day_of_week_operator.py
[2024-09-11T00:42:55.208+0000] {processor.py:839} INFO - DAG(s) dict_keys(['example_weekday_branch_operator']) retrieved from /home/airflow/.local/lib/python3.8/site-packages/airflow/example_dags/example_branch_day_of_week_operator.py
[2024-09-11T00:42:55.254+0000] {logging_mixin.py:154} INFO - [2024-09-11T00:42:55.254+0000] {dag.py:2941} INFO - Sync 1 DAGs
[2024-09-11T00:42:55.285+0000] {logging_mixin.py:154} INFO - [2024-09-11T00:42:55.284+0000] {dag.py:3722} INFO - Setting next_dagrun for example_weekday_branch_operator to 2024-09-10T00:00:00+00:00, run_after=2024-09-11T00:00:00+00:00
[2024-09-11T00:42:55.308+0000] {processor.py:179} INFO - Processing /home/airflow/.local/lib/python3.8/site-packages/airflow/example_dags/example_branch_day_of_week_operator.py took 0.108 seconds
[2024-09-11T00:43:25.698+0000] {processor.py:157} INFO - Started process (PID=1090) to work on /home/airflow/.local/lib/python3.8/site-packages/airflow/example_dags/example_branch_day_of_week_operator.py
[2024-09-11T00:43:25.699+0000] {processor.py:829} INFO - Processing file /home/airflow/.local/lib/python3.8/site-packages/airflow/example_dags/example_branch_day_of_week_operator.py for tasks to queue
[2024-09-11T00:43:25.700+0000] {logging_mixin.py:154} INFO - [2024-09-11T00:43:25.699+0000] {dagbag.py:536} INFO - Filling up the DagBag from /home/airflow/.local/lib/python3.8/site-packages/airflow/example_dags/example_branch_day_of_week_operator.py
[2024-09-11T00:43:25.706+0000] {processor.py:839} INFO - DAG(s) dict_keys(['example_weekday_branch_operator']) retrieved from /home/airflow/.local/lib/python3.8/site-packages/airflow/example_dags/example_branch_day_of_week_operator.py
[2024-09-11T00:43:25.746+0000] {logging_mixin.py:154} INFO - [2024-09-11T00:43:25.746+0000] {dag.py:2941} INFO - Sync 1 DAGs
[2024-09-11T00:43:25.891+0000] {logging_mixin.py:154} INFO - [2024-09-11T00:43:25.891+0000] {dag.py:3722} INFO - Setting next_dagrun for example_weekday_branch_operator to 2024-09-10T00:00:00+00:00, run_after=2024-09-11T00:00:00+00:00
[2024-09-11T00:43:25.918+0000] {processor.py:179} INFO - Processing /home/airflow/.local/lib/python3.8/site-packages/airflow/example_dags/example_branch_day_of_week_operator.py took 0.222 seconds
[2024-09-11T00:43:56.073+0000] {processor.py:157} INFO - Started process (PID=1144) to work on /home/airflow/.local/lib/python3.8/site-packages/airflow/example_dags/example_branch_day_of_week_operator.py
[2024-09-11T00:43:56.074+0000] {processor.py:829} INFO - Processing file /home/airflow/.local/lib/python3.8/site-packages/airflow/example_dags/example_branch_day_of_week_operator.py for tasks to queue
[2024-09-11T00:43:56.075+0000] {logging_mixin.py:154} INFO - [2024-09-11T00:43:56.075+0000] {dagbag.py:536} INFO - Filling up the DagBag from /home/airflow/.local/lib/python3.8/site-packages/airflow/example_dags/example_branch_day_of_week_operator.py
[2024-09-11T00:43:56.081+0000] {processor.py:839} INFO - DAG(s) dict_keys(['example_weekday_branch_operator']) retrieved from /home/airflow/.local/lib/python3.8/site-packages/airflow/example_dags/example_branch_day_of_week_operator.py
[2024-09-11T00:43:56.128+0000] {logging_mixin.py:154} INFO - [2024-09-11T00:43:56.128+0000] {dag.py:2941} INFO - Sync 1 DAGs
[2024-09-11T00:43:56.160+0000] {logging_mixin.py:154} INFO - [2024-09-11T00:43:56.160+0000] {dag.py:3722} INFO - Setting next_dagrun for example_weekday_branch_operator to 2024-09-10T00:00:00+00:00, run_after=2024-09-11T00:00:00+00:00
[2024-09-11T00:43:56.186+0000] {processor.py:179} INFO - Processing /home/airflow/.local/lib/python3.8/site-packages/airflow/example_dags/example_branch_day_of_week_operator.py took 0.115 seconds
[2024-09-11T00:44:27.031+0000] {processor.py:157} INFO - Started process (PID=1198) to work on /home/airflow/.local/lib/python3.8/site-packages/airflow/example_dags/example_branch_day_of_week_operator.py
[2024-09-11T00:44:27.032+0000] {processor.py:829} INFO - Processing file /home/airflow/.local/lib/python3.8/site-packages/airflow/example_dags/example_branch_day_of_week_operator.py for tasks to queue
[2024-09-11T00:44:27.033+0000] {logging_mixin.py:154} INFO - [2024-09-11T00:44:27.032+0000] {dagbag.py:536} INFO - Filling up the DagBag from /home/airflow/.local/lib/python3.8/site-packages/airflow/example_dags/example_branch_day_of_week_operator.py
[2024-09-11T00:44:27.041+0000] {processor.py:839} INFO - DAG(s) dict_keys(['example_weekday_branch_operator']) retrieved from /home/airflow/.local/lib/python3.8/site-packages/airflow/example_dags/example_branch_day_of_week_operator.py
[2024-09-11T00:44:27.081+0000] {logging_mixin.py:154} INFO - [2024-09-11T00:44:27.081+0000] {dag.py:2941} INFO - Sync 1 DAGs
[2024-09-11T00:44:27.108+0000] {logging_mixin.py:154} INFO - [2024-09-11T00:44:27.108+0000] {dag.py:3722} INFO - Setting next_dagrun for example_weekday_branch_operator to 2024-09-10T00:00:00+00:00, run_after=2024-09-11T00:00:00+00:00
[2024-09-11T00:44:27.128+0000] {processor.py:179} INFO - Processing /home/airflow/.local/lib/python3.8/site-packages/airflow/example_dags/example_branch_day_of_week_operator.py took 0.099 seconds
[2024-09-11T00:44:58.305+0000] {processor.py:157} INFO - Started process (PID=1252) to work on /home/airflow/.local/lib/python3.8/site-packages/airflow/example_dags/example_branch_day_of_week_operator.py
[2024-09-11T00:44:58.305+0000] {processor.py:829} INFO - Processing file /home/airflow/.local/lib/python3.8/site-packages/airflow/example_dags/example_branch_day_of_week_operator.py for tasks to queue
[2024-09-11T00:44:58.306+0000] {logging_mixin.py:154} INFO - [2024-09-11T00:44:58.306+0000] {dagbag.py:536} INFO - Filling up the DagBag from /home/airflow/.local/lib/python3.8/site-packages/airflow/example_dags/example_branch_day_of_week_operator.py
[2024-09-11T00:44:58.312+0000] {processor.py:839} INFO - DAG(s) dict_keys(['example_weekday_branch_operator']) retrieved from /home/airflow/.local/lib/python3.8/site-packages/airflow/example_dags/example_branch_day_of_week_operator.py
[2024-09-11T00:44:58.355+0000] {logging_mixin.py:154} INFO - [2024-09-11T00:44:58.354+0000] {dag.py:2941} INFO - Sync 1 DAGs
[2024-09-11T00:44:58.381+0000] {logging_mixin.py:154} INFO - [2024-09-11T00:44:58.381+0000] {dag.py:3722} INFO - Setting next_dagrun for example_weekday_branch_operator to 2024-09-10T00:00:00+00:00, run_after=2024-09-11T00:00:00+00:00
[2024-09-11T00:44:58.404+0000] {processor.py:179} INFO - Processing /home/airflow/.local/lib/python3.8/site-packages/airflow/example_dags/example_branch_day_of_week_operator.py took 0.102 seconds
[2024-09-11T00:45:28.718+0000] {processor.py:157} INFO - Started process (PID=1306) to work on /home/airflow/.local/lib/python3.8/site-packages/airflow/example_dags/example_branch_day_of_week_operator.py
[2024-09-11T00:45:28.719+0000] {processor.py:829} INFO - Processing file /home/airflow/.local/lib/python3.8/site-packages/airflow/example_dags/example_branch_day_of_week_operator.py for tasks to queue
[2024-09-11T00:45:28.720+0000] {logging_mixin.py:154} INFO - [2024-09-11T00:45:28.720+0000] {dagbag.py:536} INFO - Filling up the DagBag from /home/airflow/.local/lib/python3.8/site-packages/airflow/example_dags/example_branch_day_of_week_operator.py
[2024-09-11T00:45:28.726+0000] {processor.py:839} INFO - DAG(s) dict_keys(['example_weekday_branch_operator']) retrieved from /home/airflow/.local/lib/python3.8/site-packages/airflow/example_dags/example_branch_day_of_week_operator.py
[2024-09-11T00:45:28.769+0000] {logging_mixin.py:154} INFO - [2024-09-11T00:45:28.769+0000] {dag.py:2941} INFO - Sync 1 DAGs
[2024-09-11T00:45:28.801+0000] {logging_mixin.py:154} INFO - [2024-09-11T00:45:28.801+0000] {dag.py:3722} INFO - Setting next_dagrun for example_weekday_branch_operator to 2024-09-10T00:00:00+00:00, run_after=2024-09-11T00:00:00+00:00
[2024-09-11T00:45:28.947+0000] {processor.py:179} INFO - Processing /home/airflow/.local/lib/python3.8/site-packages/airflow/example_dags/example_branch_day_of_week_operator.py took 0.232 seconds
[2024-09-11T00:45:59.742+0000] {processor.py:157} INFO - Started process (PID=1373) to work on /home/airflow/.local/lib/python3.8/site-packages/airflow/example_dags/example_branch_day_of_week_operator.py
[2024-09-11T00:45:59.743+0000] {processor.py:829} INFO - Processing file /home/airflow/.local/lib/python3.8/site-packages/airflow/example_dags/example_branch_day_of_week_operator.py for tasks to queue
[2024-09-11T00:45:59.743+0000] {logging_mixin.py:154} INFO - [2024-09-11T00:45:59.743+0000] {dagbag.py:536} INFO - Filling up the DagBag from /home/airflow/.local/lib/python3.8/site-packages/airflow/example_dags/example_branch_day_of_week_operator.py
[2024-09-11T00:45:59.749+0000] {processor.py:839} INFO - DAG(s) dict_keys(['example_weekday_branch_operator']) retrieved from /home/airflow/.local/lib/python3.8/site-packages/airflow/example_dags/example_branch_day_of_week_operator.py
[2024-09-11T00:45:59.793+0000] {logging_mixin.py:154} INFO - [2024-09-11T00:45:59.793+0000] {dag.py:2941} INFO - Sync 1 DAGs
[2024-09-11T00:45:59.824+0000] {logging_mixin.py:154} INFO - [2024-09-11T00:45:59.824+0000] {dag.py:3722} INFO - Setting next_dagrun for example_weekday_branch_operator to 2024-09-10T00:00:00+00:00, run_after=2024-09-11T00:00:00+00:00
[2024-09-11T00:45:59.850+0000] {processor.py:179} INFO - Processing /home/airflow/.local/lib/python3.8/site-packages/airflow/example_dags/example_branch_day_of_week_operator.py took 0.110 seconds
[2024-09-11T00:46:30.140+0000] {processor.py:157} INFO - Started process (PID=1427) to work on /home/airflow/.local/lib/python3.8/site-packages/airflow/example_dags/example_branch_day_of_week_operator.py
[2024-09-11T00:46:30.141+0000] {processor.py:829} INFO - Processing file /home/airflow/.local/lib/python3.8/site-packages/airflow/example_dags/example_branch_day_of_week_operator.py for tasks to queue
[2024-09-11T00:46:30.142+0000] {logging_mixin.py:154} INFO - [2024-09-11T00:46:30.141+0000] {dagbag.py:536} INFO - Filling up the DagBag from /home/airflow/.local/lib/python3.8/site-packages/airflow/example_dags/example_branch_day_of_week_operator.py
[2024-09-11T00:46:30.149+0000] {processor.py:839} INFO - DAG(s) dict_keys(['example_weekday_branch_operator']) retrieved from /home/airflow/.local/lib/python3.8/site-packages/airflow/example_dags/example_branch_day_of_week_operator.py
[2024-09-11T00:46:30.192+0000] {logging_mixin.py:154} INFO - [2024-09-11T00:46:30.192+0000] {dag.py:2941} INFO - Sync 1 DAGs
[2024-09-11T00:46:30.223+0000] {logging_mixin.py:154} INFO - [2024-09-11T00:46:30.223+0000] {dag.py:3722} INFO - Setting next_dagrun for example_weekday_branch_operator to 2024-09-10T00:00:00+00:00, run_after=2024-09-11T00:00:00+00:00
[2024-09-11T00:46:30.247+0000] {processor.py:179} INFO - Processing /home/airflow/.local/lib/python3.8/site-packages/airflow/example_dags/example_branch_day_of_week_operator.py took 0.110 seconds
