[2024-09-11T00:34:46.892+0000] {processor.py:157} INFO - Started process (PID=158) to work on /home/airflow/.local/lib/python3.8/site-packages/airflow/example_dags/example_latest_only_with_trigger.py
[2024-09-11T00:34:46.893+0000] {processor.py:829} INFO - Processing file /home/airflow/.local/lib/python3.8/site-packages/airflow/example_dags/example_latest_only_with_trigger.py for tasks to queue
[2024-09-11T00:34:46.894+0000] {logging_mixin.py:154} INFO - [2024-09-11T00:34:46.894+0000] {dagbag.py:536} INFO - Filling up the DagBag from /home/airflow/.local/lib/python3.8/site-packages/airflow/example_dags/example_latest_only_with_trigger.py
[2024-09-11T00:34:46.902+0000] {processor.py:839} INFO - DAG(s) dict_keys(['latest_only_with_trigger']) retrieved from /home/airflow/.local/lib/python3.8/site-packages/airflow/example_dags/example_latest_only_with_trigger.py
[2024-09-11T00:34:46.953+0000] {logging_mixin.py:154} INFO - [2024-09-11T00:34:46.953+0000] {dag.py:2941} INFO - Sync 1 DAGs
[2024-09-11T00:34:46.985+0000] {logging_mixin.py:154} INFO - [2024-09-11T00:34:46.984+0000] {dag.py:3722} INFO - Setting next_dagrun for latest_only_with_trigger to 2024-09-10T20:34:46.984608+00:00, run_after=2024-09-11T00:34:46.984608+00:00
[2024-09-11T00:34:47.015+0000] {processor.py:179} INFO - Processing /home/airflow/.local/lib/python3.8/site-packages/airflow/example_dags/example_latest_only_with_trigger.py took 0.125 seconds
[2024-09-11T00:35:17.175+0000] {processor.py:157} INFO - Started process (PID=212) to work on /home/airflow/.local/lib/python3.8/site-packages/airflow/example_dags/example_latest_only_with_trigger.py
[2024-09-11T00:35:17.176+0000] {processor.py:829} INFO - Processing file /home/airflow/.local/lib/python3.8/site-packages/airflow/example_dags/example_latest_only_with_trigger.py for tasks to queue
[2024-09-11T00:35:17.177+0000] {logging_mixin.py:154} INFO - [2024-09-11T00:35:17.177+0000] {dagbag.py:536} INFO - Filling up the DagBag from /home/airflow/.local/lib/python3.8/site-packages/airflow/example_dags/example_latest_only_with_trigger.py
[2024-09-11T00:35:17.182+0000] {processor.py:839} INFO - DAG(s) dict_keys(['latest_only_with_trigger']) retrieved from /home/airflow/.local/lib/python3.8/site-packages/airflow/example_dags/example_latest_only_with_trigger.py
[2024-09-11T00:35:17.227+0000] {logging_mixin.py:154} INFO - [2024-09-11T00:35:17.226+0000] {dag.py:2941} INFO - Sync 1 DAGs
[2024-09-11T00:35:17.262+0000] {logging_mixin.py:154} INFO - [2024-09-11T00:35:17.262+0000] {dag.py:3722} INFO - Setting next_dagrun for latest_only_with_trigger to 2024-09-10T20:35:17.261700+00:00, run_after=2024-09-11T00:35:17.261700+00:00
[2024-09-11T00:35:17.290+0000] {processor.py:179} INFO - Processing /home/airflow/.local/lib/python3.8/site-packages/airflow/example_dags/example_latest_only_with_trigger.py took 0.117 seconds
[2024-09-11T00:35:47.493+0000] {processor.py:157} INFO - Started process (PID=266) to work on /home/airflow/.local/lib/python3.8/site-packages/airflow/example_dags/example_latest_only_with_trigger.py
[2024-09-11T00:35:47.494+0000] {processor.py:829} INFO - Processing file /home/airflow/.local/lib/python3.8/site-packages/airflow/example_dags/example_latest_only_with_trigger.py for tasks to queue
[2024-09-11T00:35:47.495+0000] {logging_mixin.py:154} INFO - [2024-09-11T00:35:47.495+0000] {dagbag.py:536} INFO - Filling up the DagBag from /home/airflow/.local/lib/python3.8/site-packages/airflow/example_dags/example_latest_only_with_trigger.py
[2024-09-11T00:35:47.501+0000] {processor.py:839} INFO - DAG(s) dict_keys(['latest_only_with_trigger']) retrieved from /home/airflow/.local/lib/python3.8/site-packages/airflow/example_dags/example_latest_only_with_trigger.py
[2024-09-11T00:35:47.545+0000] {logging_mixin.py:154} INFO - [2024-09-11T00:35:47.545+0000] {dag.py:2941} INFO - Sync 1 DAGs
[2024-09-11T00:35:47.575+0000] {logging_mixin.py:154} INFO - [2024-09-11T00:35:47.574+0000] {dag.py:3722} INFO - Setting next_dagrun for latest_only_with_trigger to 2024-09-10T20:35:47.574744+00:00, run_after=2024-09-11T00:35:47.574744+00:00
[2024-09-11T00:35:47.599+0000] {processor.py:179} INFO - Processing /home/airflow/.local/lib/python3.8/site-packages/airflow/example_dags/example_latest_only_with_trigger.py took 0.108 seconds
[2024-09-11T00:36:17.629+0000] {processor.py:157} INFO - Started process (PID=320) to work on /home/airflow/.local/lib/python3.8/site-packages/airflow/example_dags/example_latest_only_with_trigger.py
[2024-09-11T00:36:17.630+0000] {processor.py:829} INFO - Processing file /home/airflow/.local/lib/python3.8/site-packages/airflow/example_dags/example_latest_only_with_trigger.py for tasks to queue
[2024-09-11T00:36:17.631+0000] {logging_mixin.py:154} INFO - [2024-09-11T00:36:17.631+0000] {dagbag.py:536} INFO - Filling up the DagBag from /home/airflow/.local/lib/python3.8/site-packages/airflow/example_dags/example_latest_only_with_trigger.py
[2024-09-11T00:36:17.636+0000] {processor.py:839} INFO - DAG(s) dict_keys(['latest_only_with_trigger']) retrieved from /home/airflow/.local/lib/python3.8/site-packages/airflow/example_dags/example_latest_only_with_trigger.py
[2024-09-11T00:36:17.677+0000] {logging_mixin.py:154} INFO - [2024-09-11T00:36:17.676+0000] {dag.py:2941} INFO - Sync 1 DAGs
[2024-09-11T00:36:17.705+0000] {logging_mixin.py:154} INFO - [2024-09-11T00:36:17.705+0000] {dag.py:3722} INFO - Setting next_dagrun for latest_only_with_trigger to 2024-09-10T20:36:17.705084+00:00, run_after=2024-09-11T00:36:17.705084+00:00
[2024-09-11T00:36:17.730+0000] {processor.py:179} INFO - Processing /home/airflow/.local/lib/python3.8/site-packages/airflow/example_dags/example_latest_only_with_trigger.py took 0.103 seconds
[2024-09-11T00:36:48.155+0000] {processor.py:157} INFO - Started process (PID=374) to work on /home/airflow/.local/lib/python3.8/site-packages/airflow/example_dags/example_latest_only_with_trigger.py
[2024-09-11T00:36:48.155+0000] {processor.py:829} INFO - Processing file /home/airflow/.local/lib/python3.8/site-packages/airflow/example_dags/example_latest_only_with_trigger.py for tasks to queue
[2024-09-11T00:36:48.156+0000] {logging_mixin.py:154} INFO - [2024-09-11T00:36:48.156+0000] {dagbag.py:536} INFO - Filling up the DagBag from /home/airflow/.local/lib/python3.8/site-packages/airflow/example_dags/example_latest_only_with_trigger.py
[2024-09-11T00:36:48.162+0000] {processor.py:839} INFO - DAG(s) dict_keys(['latest_only_with_trigger']) retrieved from /home/airflow/.local/lib/python3.8/site-packages/airflow/example_dags/example_latest_only_with_trigger.py
[2024-09-11T00:36:48.200+0000] {logging_mixin.py:154} INFO - [2024-09-11T00:36:48.200+0000] {dag.py:2941} INFO - Sync 1 DAGs
[2024-09-11T00:36:48.228+0000] {logging_mixin.py:154} INFO - [2024-09-11T00:36:48.228+0000] {dag.py:3722} INFO - Setting next_dagrun for latest_only_with_trigger to 2024-09-10T20:36:48.228507+00:00, run_after=2024-09-11T00:36:48.228507+00:00
[2024-09-11T00:36:48.254+0000] {processor.py:179} INFO - Processing /home/airflow/.local/lib/python3.8/site-packages/airflow/example_dags/example_latest_only_with_trigger.py took 0.101 seconds
[2024-09-11T00:37:18.428+0000] {processor.py:157} INFO - Started process (PID=428) to work on /home/airflow/.local/lib/python3.8/site-packages/airflow/example_dags/example_latest_only_with_trigger.py
[2024-09-11T00:37:18.428+0000] {processor.py:829} INFO - Processing file /home/airflow/.local/lib/python3.8/site-packages/airflow/example_dags/example_latest_only_with_trigger.py for tasks to queue
[2024-09-11T00:37:18.429+0000] {logging_mixin.py:154} INFO - [2024-09-11T00:37:18.429+0000] {dagbag.py:536} INFO - Filling up the DagBag from /home/airflow/.local/lib/python3.8/site-packages/airflow/example_dags/example_latest_only_with_trigger.py
[2024-09-11T00:37:18.434+0000] {processor.py:839} INFO - DAG(s) dict_keys(['latest_only_with_trigger']) retrieved from /home/airflow/.local/lib/python3.8/site-packages/airflow/example_dags/example_latest_only_with_trigger.py
[2024-09-11T00:37:18.473+0000] {logging_mixin.py:154} INFO - [2024-09-11T00:37:18.473+0000] {dag.py:2941} INFO - Sync 1 DAGs
[2024-09-11T00:37:18.502+0000] {logging_mixin.py:154} INFO - [2024-09-11T00:37:18.501+0000] {dag.py:3722} INFO - Setting next_dagrun for latest_only_with_trigger to 2024-09-10T20:37:18.501630+00:00, run_after=2024-09-11T00:37:18.501630+00:00
[2024-09-11T00:37:18.526+0000] {processor.py:179} INFO - Processing /home/airflow/.local/lib/python3.8/site-packages/airflow/example_dags/example_latest_only_with_trigger.py took 0.101 seconds
[2024-09-11T00:37:49.108+0000] {processor.py:157} INFO - Started process (PID=482) to work on /home/airflow/.local/lib/python3.8/site-packages/airflow/example_dags/example_latest_only_with_trigger.py
[2024-09-11T00:37:49.109+0000] {processor.py:829} INFO - Processing file /home/airflow/.local/lib/python3.8/site-packages/airflow/example_dags/example_latest_only_with_trigger.py for tasks to queue
[2024-09-11T00:37:49.110+0000] {logging_mixin.py:154} INFO - [2024-09-11T00:37:49.109+0000] {dagbag.py:536} INFO - Filling up the DagBag from /home/airflow/.local/lib/python3.8/site-packages/airflow/example_dags/example_latest_only_with_trigger.py
[2024-09-11T00:37:49.115+0000] {processor.py:839} INFO - DAG(s) dict_keys(['latest_only_with_trigger']) retrieved from /home/airflow/.local/lib/python3.8/site-packages/airflow/example_dags/example_latest_only_with_trigger.py
[2024-09-11T00:37:49.155+0000] {logging_mixin.py:154} INFO - [2024-09-11T00:37:49.154+0000] {dag.py:2941} INFO - Sync 1 DAGs
[2024-09-11T00:37:49.181+0000] {logging_mixin.py:154} INFO - [2024-09-11T00:37:49.181+0000] {dag.py:3722} INFO - Setting next_dagrun for latest_only_with_trigger to 2024-09-10T20:37:49.180948+00:00, run_after=2024-09-11T00:37:49.180948+00:00
[2024-09-11T00:37:49.209+0000] {processor.py:179} INFO - Processing /home/airflow/.local/lib/python3.8/site-packages/airflow/example_dags/example_latest_only_with_trigger.py took 0.103 seconds
[2024-09-11T00:38:19.635+0000] {processor.py:157} INFO - Started process (PID=543) to work on /home/airflow/.local/lib/python3.8/site-packages/airflow/example_dags/example_latest_only_with_trigger.py
[2024-09-11T00:38:19.635+0000] {processor.py:829} INFO - Processing file /home/airflow/.local/lib/python3.8/site-packages/airflow/example_dags/example_latest_only_with_trigger.py for tasks to queue
[2024-09-11T00:38:19.636+0000] {logging_mixin.py:154} INFO - [2024-09-11T00:38:19.636+0000] {dagbag.py:536} INFO - Filling up the DagBag from /home/airflow/.local/lib/python3.8/site-packages/airflow/example_dags/example_latest_only_with_trigger.py
[2024-09-11T00:38:19.641+0000] {processor.py:839} INFO - DAG(s) dict_keys(['latest_only_with_trigger']) retrieved from /home/airflow/.local/lib/python3.8/site-packages/airflow/example_dags/example_latest_only_with_trigger.py
[2024-09-11T00:38:19.684+0000] {logging_mixin.py:154} INFO - [2024-09-11T00:38:19.683+0000] {dag.py:2941} INFO - Sync 1 DAGs
[2024-09-11T00:38:19.714+0000] {logging_mixin.py:154} INFO - [2024-09-11T00:38:19.714+0000] {dag.py:3722} INFO - Setting next_dagrun for latest_only_with_trigger to 2024-09-10T20:38:19.713843+00:00, run_after=2024-09-11T00:38:19.713843+00:00
[2024-09-11T00:38:19.740+0000] {processor.py:179} INFO - Processing /home/airflow/.local/lib/python3.8/site-packages/airflow/example_dags/example_latest_only_with_trigger.py took 0.107 seconds
[2024-09-11T00:38:50.173+0000] {processor.py:157} INFO - Started process (PID=597) to work on /home/airflow/.local/lib/python3.8/site-packages/airflow/example_dags/example_latest_only_with_trigger.py
[2024-09-11T00:38:50.174+0000] {processor.py:829} INFO - Processing file /home/airflow/.local/lib/python3.8/site-packages/airflow/example_dags/example_latest_only_with_trigger.py for tasks to queue
[2024-09-11T00:38:50.175+0000] {logging_mixin.py:154} INFO - [2024-09-11T00:38:50.175+0000] {dagbag.py:536} INFO - Filling up the DagBag from /home/airflow/.local/lib/python3.8/site-packages/airflow/example_dags/example_latest_only_with_trigger.py
[2024-09-11T00:38:50.181+0000] {processor.py:839} INFO - DAG(s) dict_keys(['latest_only_with_trigger']) retrieved from /home/airflow/.local/lib/python3.8/site-packages/airflow/example_dags/example_latest_only_with_trigger.py
[2024-09-11T00:38:50.226+0000] {logging_mixin.py:154} INFO - [2024-09-11T00:38:50.226+0000] {dag.py:2941} INFO - Sync 1 DAGs
[2024-09-11T00:38:50.259+0000] {logging_mixin.py:154} INFO - [2024-09-11T00:38:50.259+0000] {dag.py:3722} INFO - Setting next_dagrun for latest_only_with_trigger to 2024-09-10T20:38:50.258882+00:00, run_after=2024-09-11T00:38:50.258882+00:00
[2024-09-11T00:38:50.285+0000] {processor.py:179} INFO - Processing /home/airflow/.local/lib/python3.8/site-packages/airflow/example_dags/example_latest_only_with_trigger.py took 0.114 seconds
[2024-09-11T00:39:20.519+0000] {processor.py:157} INFO - Started process (PID=651) to work on /home/airflow/.local/lib/python3.8/site-packages/airflow/example_dags/example_latest_only_with_trigger.py
[2024-09-11T00:39:20.520+0000] {processor.py:829} INFO - Processing file /home/airflow/.local/lib/python3.8/site-packages/airflow/example_dags/example_latest_only_with_trigger.py for tasks to queue
[2024-09-11T00:39:20.521+0000] {logging_mixin.py:154} INFO - [2024-09-11T00:39:20.520+0000] {dagbag.py:536} INFO - Filling up the DagBag from /home/airflow/.local/lib/python3.8/site-packages/airflow/example_dags/example_latest_only_with_trigger.py
[2024-09-11T00:39:20.526+0000] {processor.py:839} INFO - DAG(s) dict_keys(['latest_only_with_trigger']) retrieved from /home/airflow/.local/lib/python3.8/site-packages/airflow/example_dags/example_latest_only_with_trigger.py
[2024-09-11T00:39:20.571+0000] {logging_mixin.py:154} INFO - [2024-09-11T00:39:20.570+0000] {dag.py:2941} INFO - Sync 1 DAGs
[2024-09-11T00:39:20.598+0000] {logging_mixin.py:154} INFO - [2024-09-11T00:39:20.598+0000] {dag.py:3722} INFO - Setting next_dagrun for latest_only_with_trigger to 2024-09-10T20:39:20.598468+00:00, run_after=2024-09-11T00:39:20.598468+00:00
[2024-09-11T00:39:20.628+0000] {processor.py:179} INFO - Processing /home/airflow/.local/lib/python3.8/site-packages/airflow/example_dags/example_latest_only_with_trigger.py took 0.112 seconds
[2024-09-11T00:39:51.023+0000] {processor.py:157} INFO - Started process (PID=705) to work on /home/airflow/.local/lib/python3.8/site-packages/airflow/example_dags/example_latest_only_with_trigger.py
[2024-09-11T00:39:51.023+0000] {processor.py:829} INFO - Processing file /home/airflow/.local/lib/python3.8/site-packages/airflow/example_dags/example_latest_only_with_trigger.py for tasks to queue
[2024-09-11T00:39:51.024+0000] {logging_mixin.py:154} INFO - [2024-09-11T00:39:51.024+0000] {dagbag.py:536} INFO - Filling up the DagBag from /home/airflow/.local/lib/python3.8/site-packages/airflow/example_dags/example_latest_only_with_trigger.py
[2024-09-11T00:39:51.029+0000] {processor.py:839} INFO - DAG(s) dict_keys(['latest_only_with_trigger']) retrieved from /home/airflow/.local/lib/python3.8/site-packages/airflow/example_dags/example_latest_only_with_trigger.py
[2024-09-11T00:39:51.074+0000] {logging_mixin.py:154} INFO - [2024-09-11T00:39:51.074+0000] {dag.py:2941} INFO - Sync 1 DAGs
[2024-09-11T00:39:51.101+0000] {logging_mixin.py:154} INFO - [2024-09-11T00:39:51.101+0000] {dag.py:3722} INFO - Setting next_dagrun for latest_only_with_trigger to 2024-09-10T20:39:51.101298+00:00, run_after=2024-09-11T00:39:51.101298+00:00
[2024-09-11T00:39:51.124+0000] {processor.py:179} INFO - Processing /home/airflow/.local/lib/python3.8/site-packages/airflow/example_dags/example_latest_only_with_trigger.py took 0.104 seconds
[2024-09-11T00:40:21.298+0000] {processor.py:157} INFO - Started process (PID=759) to work on /home/airflow/.local/lib/python3.8/site-packages/airflow/example_dags/example_latest_only_with_trigger.py
[2024-09-11T00:40:21.298+0000] {processor.py:829} INFO - Processing file /home/airflow/.local/lib/python3.8/site-packages/airflow/example_dags/example_latest_only_with_trigger.py for tasks to queue
[2024-09-11T00:40:21.299+0000] {logging_mixin.py:154} INFO - [2024-09-11T00:40:21.299+0000] {dagbag.py:536} INFO - Filling up the DagBag from /home/airflow/.local/lib/python3.8/site-packages/airflow/example_dags/example_latest_only_with_trigger.py
[2024-09-11T00:40:21.304+0000] {processor.py:839} INFO - DAG(s) dict_keys(['latest_only_with_trigger']) retrieved from /home/airflow/.local/lib/python3.8/site-packages/airflow/example_dags/example_latest_only_with_trigger.py
[2024-09-11T00:40:21.344+0000] {logging_mixin.py:154} INFO - [2024-09-11T00:40:21.343+0000] {dag.py:2941} INFO - Sync 1 DAGs
[2024-09-11T00:40:21.372+0000] {logging_mixin.py:154} INFO - [2024-09-11T00:40:21.372+0000] {dag.py:3722} INFO - Setting next_dagrun for latest_only_with_trigger to 2024-09-10T20:40:21.372574+00:00, run_after=2024-09-11T00:40:21.372574+00:00
[2024-09-11T00:40:21.396+0000] {processor.py:179} INFO - Processing /home/airflow/.local/lib/python3.8/site-packages/airflow/example_dags/example_latest_only_with_trigger.py took 0.101 seconds
[2024-09-11T00:40:51.746+0000] {processor.py:157} INFO - Started process (PID=813) to work on /home/airflow/.local/lib/python3.8/site-packages/airflow/example_dags/example_latest_only_with_trigger.py
[2024-09-11T00:40:51.747+0000] {processor.py:829} INFO - Processing file /home/airflow/.local/lib/python3.8/site-packages/airflow/example_dags/example_latest_only_with_trigger.py for tasks to queue
[2024-09-11T00:40:51.747+0000] {logging_mixin.py:154} INFO - [2024-09-11T00:40:51.747+0000] {dagbag.py:536} INFO - Filling up the DagBag from /home/airflow/.local/lib/python3.8/site-packages/airflow/example_dags/example_latest_only_with_trigger.py
[2024-09-11T00:40:51.753+0000] {processor.py:839} INFO - DAG(s) dict_keys(['latest_only_with_trigger']) retrieved from /home/airflow/.local/lib/python3.8/site-packages/airflow/example_dags/example_latest_only_with_trigger.py
[2024-09-11T00:40:51.797+0000] {logging_mixin.py:154} INFO - [2024-09-11T00:40:51.796+0000] {dag.py:2941} INFO - Sync 1 DAGs
[2024-09-11T00:40:51.829+0000] {logging_mixin.py:154} INFO - [2024-09-11T00:40:51.829+0000] {dag.py:3722} INFO - Setting next_dagrun for latest_only_with_trigger to 2024-09-10T20:40:51.829280+00:00, run_after=2024-09-11T00:40:51.829280+00:00
[2024-09-11T00:40:51.853+0000] {processor.py:179} INFO - Processing /home/airflow/.local/lib/python3.8/site-packages/airflow/example_dags/example_latest_only_with_trigger.py took 0.110 seconds
[2024-09-11T00:41:22.438+0000] {processor.py:157} INFO - Started process (PID=867) to work on /home/airflow/.local/lib/python3.8/site-packages/airflow/example_dags/example_latest_only_with_trigger.py
[2024-09-11T00:41:22.439+0000] {processor.py:829} INFO - Processing file /home/airflow/.local/lib/python3.8/site-packages/airflow/example_dags/example_latest_only_with_trigger.py for tasks to queue
[2024-09-11T00:41:22.439+0000] {logging_mixin.py:154} INFO - [2024-09-11T00:41:22.439+0000] {dagbag.py:536} INFO - Filling up the DagBag from /home/airflow/.local/lib/python3.8/site-packages/airflow/example_dags/example_latest_only_with_trigger.py
[2024-09-11T00:41:22.446+0000] {processor.py:839} INFO - DAG(s) dict_keys(['latest_only_with_trigger']) retrieved from /home/airflow/.local/lib/python3.8/site-packages/airflow/example_dags/example_latest_only_with_trigger.py
[2024-09-11T00:41:22.493+0000] {logging_mixin.py:154} INFO - [2024-09-11T00:41:22.493+0000] {dag.py:2941} INFO - Sync 1 DAGs
[2024-09-11T00:41:22.526+0000] {logging_mixin.py:154} INFO - [2024-09-11T00:41:22.525+0000] {dag.py:3722} INFO - Setting next_dagrun for latest_only_with_trigger to 2024-09-10T20:41:22.525379+00:00, run_after=2024-09-11T00:41:22.525379+00:00
[2024-09-11T00:41:22.744+0000] {processor.py:179} INFO - Processing /home/airflow/.local/lib/python3.8/site-packages/airflow/example_dags/example_latest_only_with_trigger.py took 0.310 seconds
[2024-09-11T00:41:52.803+0000] {processor.py:157} INFO - Started process (PID=921) to work on /home/airflow/.local/lib/python3.8/site-packages/airflow/example_dags/example_latest_only_with_trigger.py
[2024-09-11T00:41:52.804+0000] {processor.py:829} INFO - Processing file /home/airflow/.local/lib/python3.8/site-packages/airflow/example_dags/example_latest_only_with_trigger.py for tasks to queue
[2024-09-11T00:41:52.805+0000] {logging_mixin.py:154} INFO - [2024-09-11T00:41:52.804+0000] {dagbag.py:536} INFO - Filling up the DagBag from /home/airflow/.local/lib/python3.8/site-packages/airflow/example_dags/example_latest_only_with_trigger.py
[2024-09-11T00:41:52.810+0000] {processor.py:839} INFO - DAG(s) dict_keys(['latest_only_with_trigger']) retrieved from /home/airflow/.local/lib/python3.8/site-packages/airflow/example_dags/example_latest_only_with_trigger.py
[2024-09-11T00:41:52.855+0000] {logging_mixin.py:154} INFO - [2024-09-11T00:41:52.855+0000] {dag.py:2941} INFO - Sync 1 DAGs
[2024-09-11T00:41:52.890+0000] {logging_mixin.py:154} INFO - [2024-09-11T00:41:52.890+0000] {dag.py:3722} INFO - Setting next_dagrun for latest_only_with_trigger to 2024-09-10T20:41:52.890147+00:00, run_after=2024-09-11T00:41:52.890147+00:00
[2024-09-11T00:41:52.915+0000] {processor.py:179} INFO - Processing /home/airflow/.local/lib/python3.8/site-packages/airflow/example_dags/example_latest_only_with_trigger.py took 0.115 seconds
[2024-09-11T00:42:23.181+0000] {processor.py:157} INFO - Started process (PID=975) to work on /home/airflow/.local/lib/python3.8/site-packages/airflow/example_dags/example_latest_only_with_trigger.py
[2024-09-11T00:42:23.182+0000] {processor.py:829} INFO - Processing file /home/airflow/.local/lib/python3.8/site-packages/airflow/example_dags/example_latest_only_with_trigger.py for tasks to queue
[2024-09-11T00:42:23.183+0000] {logging_mixin.py:154} INFO - [2024-09-11T00:42:23.183+0000] {dagbag.py:536} INFO - Filling up the DagBag from /home/airflow/.local/lib/python3.8/site-packages/airflow/example_dags/example_latest_only_with_trigger.py
[2024-09-11T00:42:23.189+0000] {processor.py:839} INFO - DAG(s) dict_keys(['latest_only_with_trigger']) retrieved from /home/airflow/.local/lib/python3.8/site-packages/airflow/example_dags/example_latest_only_with_trigger.py
[2024-09-11T00:42:23.418+0000] {logging_mixin.py:154} INFO - [2024-09-11T00:42:23.418+0000] {dag.py:2941} INFO - Sync 1 DAGs
[2024-09-11T00:42:23.433+0000] {logging_mixin.py:154} INFO - [2024-09-11T00:42:23.433+0000] {dag.py:2963} INFO - Creating ORM DAG for latest_only_with_trigger
[2024-09-11T00:42:23.445+0000] {logging_mixin.py:154} INFO - [2024-09-11T00:42:23.445+0000] {dag.py:3722} INFO - Setting next_dagrun for latest_only_with_trigger to 2024-09-10T20:42:23.444915+00:00, run_after=2024-09-11T00:42:23.444915+00:00
[2024-09-11T00:42:23.471+0000] {processor.py:179} INFO - Processing /home/airflow/.local/lib/python3.8/site-packages/airflow/example_dags/example_latest_only_with_trigger.py took 0.292 seconds
[2024-09-11T00:42:53.527+0000] {processor.py:157} INFO - Started process (PID=1029) to work on /home/airflow/.local/lib/python3.8/site-packages/airflow/example_dags/example_latest_only_with_trigger.py
[2024-09-11T00:42:53.527+0000] {processor.py:829} INFO - Processing file /home/airflow/.local/lib/python3.8/site-packages/airflow/example_dags/example_latest_only_with_trigger.py for tasks to queue
[2024-09-11T00:42:53.528+0000] {logging_mixin.py:154} INFO - [2024-09-11T00:42:53.528+0000] {dagbag.py:536} INFO - Filling up the DagBag from /home/airflow/.local/lib/python3.8/site-packages/airflow/example_dags/example_latest_only_with_trigger.py
[2024-09-11T00:42:53.534+0000] {processor.py:839} INFO - DAG(s) dict_keys(['latest_only_with_trigger']) retrieved from /home/airflow/.local/lib/python3.8/site-packages/airflow/example_dags/example_latest_only_with_trigger.py
[2024-09-11T00:42:53.573+0000] {logging_mixin.py:154} INFO - [2024-09-11T00:42:53.573+0000] {dag.py:2941} INFO - Sync 1 DAGs
[2024-09-11T00:42:53.601+0000] {logging_mixin.py:154} INFO - [2024-09-11T00:42:53.601+0000] {dag.py:3722} INFO - Setting next_dagrun for latest_only_with_trigger to 2024-09-10T20:42:53.601294+00:00, run_after=2024-09-11T00:42:53.601294+00:00
[2024-09-11T00:42:53.623+0000] {processor.py:179} INFO - Processing /home/airflow/.local/lib/python3.8/site-packages/airflow/example_dags/example_latest_only_with_trigger.py took 0.098 seconds
[2024-09-11T00:43:23.733+0000] {processor.py:157} INFO - Started process (PID=1083) to work on /home/airflow/.local/lib/python3.8/site-packages/airflow/example_dags/example_latest_only_with_trigger.py
[2024-09-11T00:43:23.734+0000] {processor.py:829} INFO - Processing file /home/airflow/.local/lib/python3.8/site-packages/airflow/example_dags/example_latest_only_with_trigger.py for tasks to queue
[2024-09-11T00:43:23.735+0000] {logging_mixin.py:154} INFO - [2024-09-11T00:43:23.735+0000] {dagbag.py:536} INFO - Filling up the DagBag from /home/airflow/.local/lib/python3.8/site-packages/airflow/example_dags/example_latest_only_with_trigger.py
[2024-09-11T00:43:23.740+0000] {processor.py:839} INFO - DAG(s) dict_keys(['latest_only_with_trigger']) retrieved from /home/airflow/.local/lib/python3.8/site-packages/airflow/example_dags/example_latest_only_with_trigger.py
[2024-09-11T00:43:23.793+0000] {logging_mixin.py:154} INFO - [2024-09-11T00:43:23.793+0000] {dag.py:2941} INFO - Sync 1 DAGs
[2024-09-11T00:43:23.831+0000] {logging_mixin.py:154} INFO - [2024-09-11T00:43:23.830+0000] {dag.py:3722} INFO - Setting next_dagrun for latest_only_with_trigger to 2024-09-10T20:43:23.830636+00:00, run_after=2024-09-11T00:43:23.830636+00:00
[2024-09-11T00:43:24.022+0000] {processor.py:179} INFO - Processing /home/airflow/.local/lib/python3.8/site-packages/airflow/example_dags/example_latest_only_with_trigger.py took 0.291 seconds
[2024-09-11T00:43:54.116+0000] {processor.py:157} INFO - Started process (PID=1137) to work on /home/airflow/.local/lib/python3.8/site-packages/airflow/example_dags/example_latest_only_with_trigger.py
[2024-09-11T00:43:54.116+0000] {processor.py:829} INFO - Processing file /home/airflow/.local/lib/python3.8/site-packages/airflow/example_dags/example_latest_only_with_trigger.py for tasks to queue
[2024-09-11T00:43:54.117+0000] {logging_mixin.py:154} INFO - [2024-09-11T00:43:54.117+0000] {dagbag.py:536} INFO - Filling up the DagBag from /home/airflow/.local/lib/python3.8/site-packages/airflow/example_dags/example_latest_only_with_trigger.py
[2024-09-11T00:43:54.123+0000] {processor.py:839} INFO - DAG(s) dict_keys(['latest_only_with_trigger']) retrieved from /home/airflow/.local/lib/python3.8/site-packages/airflow/example_dags/example_latest_only_with_trigger.py
[2024-09-11T00:43:54.361+0000] {logging_mixin.py:154} INFO - [2024-09-11T00:43:54.361+0000] {dag.py:2941} INFO - Sync 1 DAGs
[2024-09-11T00:43:54.376+0000] {logging_mixin.py:154} INFO - [2024-09-11T00:43:54.376+0000] {dag.py:2963} INFO - Creating ORM DAG for latest_only_with_trigger
[2024-09-11T00:43:54.391+0000] {logging_mixin.py:154} INFO - [2024-09-11T00:43:54.390+0000] {dag.py:3722} INFO - Setting next_dagrun for latest_only_with_trigger to 2024-09-10T20:43:54.390734+00:00, run_after=2024-09-11T00:43:54.390734+00:00
[2024-09-11T00:43:54.414+0000] {processor.py:179} INFO - Processing /home/airflow/.local/lib/python3.8/site-packages/airflow/example_dags/example_latest_only_with_trigger.py took 0.301 seconds
[2024-09-11T00:44:24.480+0000] {processor.py:157} INFO - Started process (PID=1191) to work on /home/airflow/.local/lib/python3.8/site-packages/airflow/example_dags/example_latest_only_with_trigger.py
[2024-09-11T00:44:24.481+0000] {processor.py:829} INFO - Processing file /home/airflow/.local/lib/python3.8/site-packages/airflow/example_dags/example_latest_only_with_trigger.py for tasks to queue
[2024-09-11T00:44:24.482+0000] {logging_mixin.py:154} INFO - [2024-09-11T00:44:24.482+0000] {dagbag.py:536} INFO - Filling up the DagBag from /home/airflow/.local/lib/python3.8/site-packages/airflow/example_dags/example_latest_only_with_trigger.py
[2024-09-11T00:44:24.487+0000] {processor.py:839} INFO - DAG(s) dict_keys(['latest_only_with_trigger']) retrieved from /home/airflow/.local/lib/python3.8/site-packages/airflow/example_dags/example_latest_only_with_trigger.py
[2024-09-11T00:44:24.524+0000] {logging_mixin.py:154} INFO - [2024-09-11T00:44:24.524+0000] {dag.py:2941} INFO - Sync 1 DAGs
[2024-09-11T00:44:24.550+0000] {logging_mixin.py:154} INFO - [2024-09-11T00:44:24.550+0000] {dag.py:3722} INFO - Setting next_dagrun for latest_only_with_trigger to 2024-09-10T20:44:24.550080+00:00, run_after=2024-09-11T00:44:24.550080+00:00
[2024-09-11T00:44:24.574+0000] {processor.py:179} INFO - Processing /home/airflow/.local/lib/python3.8/site-packages/airflow/example_dags/example_latest_only_with_trigger.py took 0.096 seconds
[2024-09-11T00:44:55.337+0000] {processor.py:157} INFO - Started process (PID=1245) to work on /home/airflow/.local/lib/python3.8/site-packages/airflow/example_dags/example_latest_only_with_trigger.py
[2024-09-11T00:44:55.337+0000] {processor.py:829} INFO - Processing file /home/airflow/.local/lib/python3.8/site-packages/airflow/example_dags/example_latest_only_with_trigger.py for tasks to queue
[2024-09-11T00:44:55.341+0000] {logging_mixin.py:154} INFO - [2024-09-11T00:44:55.339+0000] {dagbag.py:536} INFO - Filling up the DagBag from /home/airflow/.local/lib/python3.8/site-packages/airflow/example_dags/example_latest_only_with_trigger.py
[2024-09-11T00:44:55.346+0000] {processor.py:839} INFO - DAG(s) dict_keys(['latest_only_with_trigger']) retrieved from /home/airflow/.local/lib/python3.8/site-packages/airflow/example_dags/example_latest_only_with_trigger.py
[2024-09-11T00:44:55.390+0000] {logging_mixin.py:154} INFO - [2024-09-11T00:44:55.390+0000] {dag.py:2941} INFO - Sync 1 DAGs
[2024-09-11T00:44:55.548+0000] {logging_mixin.py:154} INFO - [2024-09-11T00:44:55.548+0000] {dag.py:3722} INFO - Setting next_dagrun for latest_only_with_trigger to 2024-09-10T20:44:55.547918+00:00, run_after=2024-09-11T00:44:55.547918+00:00
[2024-09-11T00:44:55.569+0000] {processor.py:179} INFO - Processing /home/airflow/.local/lib/python3.8/site-packages/airflow/example_dags/example_latest_only_with_trigger.py took 0.234 seconds
[2024-09-11T00:45:25.769+0000] {processor.py:157} INFO - Started process (PID=1299) to work on /home/airflow/.local/lib/python3.8/site-packages/airflow/example_dags/example_latest_only_with_trigger.py
[2024-09-11T00:45:25.770+0000] {processor.py:829} INFO - Processing file /home/airflow/.local/lib/python3.8/site-packages/airflow/example_dags/example_latest_only_with_trigger.py for tasks to queue
[2024-09-11T00:45:25.771+0000] {logging_mixin.py:154} INFO - [2024-09-11T00:45:25.771+0000] {dagbag.py:536} INFO - Filling up the DagBag from /home/airflow/.local/lib/python3.8/site-packages/airflow/example_dags/example_latest_only_with_trigger.py
[2024-09-11T00:45:25.776+0000] {processor.py:839} INFO - DAG(s) dict_keys(['latest_only_with_trigger']) retrieved from /home/airflow/.local/lib/python3.8/site-packages/airflow/example_dags/example_latest_only_with_trigger.py
[2024-09-11T00:45:25.815+0000] {logging_mixin.py:154} INFO - [2024-09-11T00:45:25.815+0000] {dag.py:2941} INFO - Sync 1 DAGs
[2024-09-11T00:45:25.841+0000] {logging_mixin.py:154} INFO - [2024-09-11T00:45:25.841+0000] {dag.py:3722} INFO - Setting next_dagrun for latest_only_with_trigger to 2024-09-10T20:45:25.841368+00:00, run_after=2024-09-11T00:45:25.841368+00:00
[2024-09-11T00:45:25.976+0000] {processor.py:179} INFO - Processing /home/airflow/.local/lib/python3.8/site-packages/airflow/example_dags/example_latest_only_with_trigger.py took 0.209 seconds
[2024-09-11T00:45:56.137+0000] {processor.py:157} INFO - Started process (PID=1366) to work on /home/airflow/.local/lib/python3.8/site-packages/airflow/example_dags/example_latest_only_with_trigger.py
[2024-09-11T00:45:56.138+0000] {processor.py:829} INFO - Processing file /home/airflow/.local/lib/python3.8/site-packages/airflow/example_dags/example_latest_only_with_trigger.py for tasks to queue
[2024-09-11T00:45:56.141+0000] {logging_mixin.py:154} INFO - [2024-09-11T00:45:56.140+0000] {dagbag.py:536} INFO - Filling up the DagBag from /home/airflow/.local/lib/python3.8/site-packages/airflow/example_dags/example_latest_only_with_trigger.py
[2024-09-11T00:45:56.147+0000] {processor.py:839} INFO - DAG(s) dict_keys(['latest_only_with_trigger']) retrieved from /home/airflow/.local/lib/python3.8/site-packages/airflow/example_dags/example_latest_only_with_trigger.py
[2024-09-11T00:45:56.194+0000] {logging_mixin.py:154} INFO - [2024-09-11T00:45:56.194+0000] {dag.py:2941} INFO - Sync 1 DAGs
[2024-09-11T00:45:56.229+0000] {logging_mixin.py:154} INFO - [2024-09-11T00:45:56.229+0000] {dag.py:3722} INFO - Setting next_dagrun for latest_only_with_trigger to 2024-09-10T20:45:56.229566+00:00, run_after=2024-09-11T00:45:56.229566+00:00
[2024-09-11T00:45:56.259+0000] {processor.py:179} INFO - Processing /home/airflow/.local/lib/python3.8/site-packages/airflow/example_dags/example_latest_only_with_trigger.py took 0.124 seconds
[2024-09-11T00:46:26.572+0000] {processor.py:157} INFO - Started process (PID=1420) to work on /home/airflow/.local/lib/python3.8/site-packages/airflow/example_dags/example_latest_only_with_trigger.py
[2024-09-11T00:46:26.572+0000] {processor.py:829} INFO - Processing file /home/airflow/.local/lib/python3.8/site-packages/airflow/example_dags/example_latest_only_with_trigger.py for tasks to queue
[2024-09-11T00:46:26.573+0000] {logging_mixin.py:154} INFO - [2024-09-11T00:46:26.573+0000] {dagbag.py:536} INFO - Filling up the DagBag from /home/airflow/.local/lib/python3.8/site-packages/airflow/example_dags/example_latest_only_with_trigger.py
[2024-09-11T00:46:26.578+0000] {processor.py:839} INFO - DAG(s) dict_keys(['latest_only_with_trigger']) retrieved from /home/airflow/.local/lib/python3.8/site-packages/airflow/example_dags/example_latest_only_with_trigger.py
[2024-09-11T00:46:26.620+0000] {logging_mixin.py:154} INFO - [2024-09-11T00:46:26.620+0000] {dag.py:2941} INFO - Sync 1 DAGs
[2024-09-11T00:46:26.771+0000] {logging_mixin.py:154} INFO - [2024-09-11T00:46:26.771+0000] {dag.py:3722} INFO - Setting next_dagrun for latest_only_with_trigger to 2024-09-10T20:46:26.771129+00:00, run_after=2024-09-11T00:46:26.771129+00:00
[2024-09-11T00:46:26.795+0000] {processor.py:179} INFO - Processing /home/airflow/.local/lib/python3.8/site-packages/airflow/example_dags/example_latest_only_with_trigger.py took 0.225 seconds
