[2024-09-21T22:08:00.000+0000] {taskinstance.py:1159} INFO - Dependencies all met for dep_context=non-requeueable deps ti=<TaskInstance: raw_ingestion.spark_raw_ingestion_corredor manual__2024-09-21T22:07:58.617968+00:00 [queued]>
[2024-09-21T22:08:00.012+0000] {taskinstance.py:1159} INFO - Dependencies all met for dep_context=requeueable deps ti=<TaskInstance: raw_ingestion.spark_raw_ingestion_corredor manual__2024-09-21T22:07:58.617968+00:00 [queued]>
[2024-09-21T22:08:00.012+0000] {taskinstance.py:1361} INFO - Starting attempt 1 of 0
[2024-09-21T22:08:00.030+0000] {taskinstance.py:1382} INFO - Executing <Task(SSHOperator): spark_raw_ingestion_corredor> on 2024-09-21 22:07:58.617968+00:00
[2024-09-21T22:08:00.035+0000] {standard_task_runner.py:57} INFO - Started process 1794 to run task
[2024-09-21T22:08:00.037+0000] {standard_task_runner.py:84} INFO - Running: ['airflow', 'tasks', 'run', 'raw_ingestion', 'spark_raw_ingestion_corredor', 'manual__2024-09-21T22:07:58.617968+00:00', '--job-id', '409', '--raw', '--subdir', 'DAGS_FOLDER/raw_ingestion.py', '--cfg-path', '/tmp/tmpsqvnbkkn']
[2024-09-21T22:08:00.038+0000] {standard_task_runner.py:85} INFO - Job 409: Subtask spark_raw_ingestion_corredor
[2024-09-21T22:08:00.171+0000] {task_command.py:416} INFO - Running <TaskInstance: raw_ingestion.spark_raw_ingestion_corredor manual__2024-09-21T22:07:58.617968+00:00 [running]> on host airflow-worker
[2024-09-21T22:08:00.395+0000] {taskinstance.py:1662} INFO - Exporting env vars: AIRFLOW_CTX_DAG_OWNER='***' AIRFLOW_CTX_DAG_ID='raw_ingestion' AIRFLOW_CTX_TASK_ID='spark_raw_ingestion_corredor' AIRFLOW_CTX_EXECUTION_DATE='2024-09-21T22:07:58.617968+00:00' AIRFLOW_CTX_TRY_NUMBER='1' AIRFLOW_CTX_DAG_RUN_ID='manual__2024-09-21T22:07:58.617968+00:00'
[2024-09-21T22:08:00.397+0000] {ssh.py:141} INFO - Creating ssh_client
[2024-09-21T22:08:00.398+0000] {ssh.py:114} INFO - ssh_hook is not provided or invalid. Trying ssh_conn_id to create SSHHook.
[2024-09-21T22:08:00.430+0000] {base.py:73} INFO - Using connection ID 'spark_ssh_default' for task execution.
[2024-09-21T22:08:00.431+0000] {ssh.py:300} WARNING - No Host Key Verification. This won't protect against Man-In-The-Middle attacks
[2024-09-21T22:08:00.442+0000] {transport.py:1893} INFO - Connected (version 2.0, client OpenSSH_8.9p1)
[2024-09-21T22:08:00.535+0000] {transport.py:1893} INFO - Authentication (password) successful!
[2024-09-21T22:08:00.536+0000] {ssh.py:478} INFO - Running command: export SPARK_HOME=/usr/local/spark; /opt/conda/bin/spark-submit --master local[*] --executor-memory 4g /opt/shared/scripts/raw_ingestion.py 2024-09-21 corredor
[2024-09-21T22:08:03.159+0000] {ssh.py:524} INFO - [DEBUG] dt_now: 2024-09-21
[2024-09-21T22:08:03.160+0000] {ssh.py:524} INFO - [DEBUG] endpoint: corredor
[2024-09-21T22:08:03.221+0000] {ssh.py:524} INFO - 24/09/21 22:08:03 INFO SparkContext: Running Spark version 3.3.1
[2024-09-21T22:08:03.244+0000] {ssh.py:524} INFO - 24/09/21 22:08:03 WARN NativeCodeLoader: Unable to load native-hadoop library for your platform... using builtin-java classes where applicable
[2024-09-21T22:08:03.333+0000] {ssh.py:524} INFO - 24/09/21 22:08:03 INFO ResourceUtils: ==============================================================
[2024-09-21T22:08:03.334+0000] {ssh.py:524} INFO - 24/09/21 22:08:03 INFO ResourceUtils: No custom resources configured for spark.driver.
[2024-09-21T22:08:03.335+0000] {ssh.py:524} INFO - 24/09/21 22:08:03 INFO ResourceUtils: ==============================================================
[2024-09-21T22:08:03.335+0000] {ssh.py:524} INFO - 24/09/21 22:08:03 INFO SparkContext: Submitted application: raw_ingestion_corredor
[2024-09-21T22:08:03.357+0000] {ssh.py:524} INFO - 24/09/21 22:08:03 INFO ResourceProfile: Default ResourceProfile created, executor resources: Map(cores -> name: cores, amount: 1, script: , vendor: , memory -> name: memory, amount: 1024, script: , vendor: , offHeap -> name: offHeap, amount: 0, script: , vendor: ), task resources: Map(cpus -> name: cpus, amount: 1.0)
[2024-09-21T22:08:03.365+0000] {ssh.py:524} INFO - 24/09/21 22:08:03 INFO ResourceProfile: Limiting resource is cpu
[2024-09-21T22:08:03.366+0000] {ssh.py:524} INFO - 24/09/21 22:08:03 INFO ResourceProfileManager: Added ResourceProfile id: 0
[2024-09-21T22:08:03.414+0000] {ssh.py:524} INFO - 24/09/21 22:08:03 INFO SecurityManager: Changing view acls to: root
[2024-09-21T22:08:03.414+0000] {ssh.py:524} INFO - 24/09/21 22:08:03 INFO SecurityManager: Changing modify acls to: root
[2024-09-21T22:08:03.416+0000] {ssh.py:524} INFO - 24/09/21 22:08:03 INFO SecurityManager: Changing view acls groups to: 
[2024-09-21T22:08:03.416+0000] {ssh.py:524} INFO - 24/09/21 22:08:03 INFO SecurityManager: Changing modify acls groups to: 
[2024-09-21T22:08:03.417+0000] {ssh.py:524} INFO - 24/09/21 22:08:03 INFO SecurityManager: SecurityManager: authentication disabled; ui acls disabled; users  with view permissions: Set(root); groups with view permissions: Set(); users  with modify permissions: Set(root); groups with modify permissions: Set()
[2024-09-21T22:08:03.724+0000] {ssh.py:524} INFO - 24/09/21 22:08:03 INFO Utils: Successfully started service 'sparkDriver' on port 36139.
[2024-09-21T22:08:03.781+0000] {ssh.py:524} INFO - 24/09/21 22:08:03 INFO SparkEnv: Registering MapOutputTracker
[2024-09-21T22:08:03.818+0000] {ssh.py:524} INFO - 24/09/21 22:08:03 INFO SparkEnv: Registering BlockManagerMaster
[2024-09-21T22:08:03.838+0000] {ssh.py:524} INFO - 24/09/21 22:08:03 INFO BlockManagerMasterEndpoint: Using org.apache.spark.storage.DefaultTopologyMapper for getting topology information
[2024-09-21T22:08:03.839+0000] {ssh.py:524} INFO - 24/09/21 22:08:03 INFO BlockManagerMasterEndpoint: BlockManagerMasterEndpoint up
[2024-09-21T22:08:03.843+0000] {ssh.py:524} INFO - 24/09/21 22:08:03 INFO SparkEnv: Registering BlockManagerMasterHeartbeat
[2024-09-21T22:08:03.867+0000] {ssh.py:524} INFO - 24/09/21 22:08:03 INFO DiskBlockManager: Created local directory at /tmp/blockmgr-5fe5fc00-acd7-445b-af55-2d6e5b1d4922
[2024-09-21T22:08:03.884+0000] {ssh.py:524} INFO - 24/09/21 22:08:03 INFO MemoryStore: MemoryStore started with capacity 434.4 MiB
[2024-09-21T22:08:03.911+0000] {ssh.py:524} INFO - 24/09/21 22:08:03 INFO SparkEnv: Registering OutputCommitCoordinator
[2024-09-21T22:08:04.181+0000] {ssh.py:524} INFO - 24/09/21 22:08:04 WARN Utils: Service 'SparkUI' could not bind on port 4040. Attempting port 4041.
[2024-09-21T22:08:04.187+0000] {ssh.py:524} INFO - 24/09/21 22:08:04 WARN Utils: Service 'SparkUI' could not bind on port 4041. Attempting port 4042.
[2024-09-21T22:08:04.199+0000] {ssh.py:524} INFO - 24/09/21 22:08:04 INFO Utils: Successfully started service 'SparkUI' on port 4042.
[2024-09-21T22:08:04.345+0000] {ssh.py:524} INFO - 24/09/21 22:08:04 INFO Executor: Starting executor ID driver on host spark-master
[2024-09-21T22:08:04.358+0000] {ssh.py:524} INFO - 24/09/21 22:08:04 INFO Executor: Starting executor with user classpath (userClassPathFirst = false): ''
[2024-09-21T22:08:04.384+0000] {ssh.py:524} INFO - 24/09/21 22:08:04 INFO Utils: Successfully started service 'org.apache.spark.network.netty.NettyBlockTransferService' on port 45767.
[2024-09-21T22:08:04.385+0000] {ssh.py:524} INFO - 24/09/21 22:08:04 INFO NettyBlockTransferService: Server created on spark-master:45767
[2024-09-21T22:08:04.387+0000] {ssh.py:524} INFO - 24/09/21 22:08:04 INFO BlockManager: Using org.apache.spark.storage.RandomBlockReplicationPolicy for block replication policy
[2024-09-21T22:08:04.399+0000] {ssh.py:524} INFO - 24/09/21 22:08:04 INFO BlockManagerMaster: Registering BlockManager BlockManagerId(driver, spark-master, 45767, None)
[2024-09-21T22:08:04.405+0000] {ssh.py:524} INFO - 24/09/21 22:08:04 INFO BlockManagerMasterEndpoint: Registering block manager spark-master:45767 with 434.4 MiB RAM, BlockManagerId(driver, spark-master, 45767, None)
[2024-09-21T22:08:04.406+0000] {ssh.py:524} INFO - 24/09/21 22:08:04 INFO BlockManagerMaster: Registered BlockManager BlockManagerId(driver, spark-master, 45767, None)
[2024-09-21T22:08:04.408+0000] {ssh.py:524} INFO - 24/09/21 22:08:04 INFO BlockManager: Initialized BlockManager: BlockManagerId(driver, spark-master, 45767, None)
[2024-09-21T22:08:05.511+0000] {ssh.py:524} INFO - 24/09/21 22:08:05 INFO SharedState: Setting hive.metastore.warehouse.dir ('null') to the value of spark.sql.warehouse.dir.
[2024-09-21T22:08:05.519+0000] {ssh.py:524} INFO - 24/09/21 22:08:05 INFO SharedState: Warehouse path is 'file:/root/spark-warehouse'.
[2024-09-21T22:08:07.600+0000] {ssh.py:524} INFO - 24/09/21 22:08:07 WARN MetricsConfig: Cannot locate configuration: tried hadoop-metrics2-s3a-file-system.properties,hadoop-metrics2.properties
[2024-09-21T22:08:07.611+0000] {ssh.py:524} INFO - 24/09/21 22:08:07 INFO MetricsSystemImpl: Scheduled Metric snapshot period at 10 second(s).
[2024-09-21T22:08:07.611+0000] {ssh.py:524} INFO - 24/09/21 22:08:07 INFO MetricsSystemImpl: s3a-file-system metrics system started
[2024-09-21T22:08:08.834+0000] {ssh.py:524} INFO - 24/09/21 22:08:08 WARN AbstractS3ACommitterFactory: Using standard FileOutputCommitter to commit work. This is slow and potentially unsafe.
[2024-09-21T22:08:08.835+0000] {ssh.py:524} INFO - 24/09/21 22:08:08 INFO FileOutputCommitter: File Output Committer Algorithm version is 1
[2024-09-21T22:08:08.835+0000] {ssh.py:524} INFO - 24/09/21 22:08:08 INFO FileOutputCommitter: FileOutputCommitter skip cleanup _temporary folders under output directory:false, ignore cleanup failures: false
[2024-09-21T22:08:08.837+0000] {ssh.py:524} INFO - 24/09/21 22:08:08 INFO AbstractS3ACommitterFactory: Using Committer FileOutputCommitter{PathOutputCommitter{context=TaskAttemptContextImpl{JobContextImpl{jobId=job_202409212208088819123096456688960_0000}; taskId=attempt_202409212208088819123096456688960_0000_m_000000_0, status=''}; org.apache.hadoop.mapreduce.lib.output.FileOutputCommitter@24b3025c}; outputPath=s3a://raw/olhovivo/corredor/dt=2024-09-21, workPath=s3a://raw/olhovivo/corredor/dt=2024-09-21/_temporary/0/_temporary/attempt_202409212208088819123096456688960_0000_m_000000_0, algorithmVersion=1, skipCleanup=false, ignoreCleanupFailures=false} for s3a://raw/olhovivo/corredor/dt=2024-09-21
[2024-09-21T22:08:08.838+0000] {ssh.py:524} INFO - 24/09/21 22:08:08 INFO SQLHadoopMapReduceCommitProtocol: Using output committer class org.apache.hadoop.mapreduce.lib.output.FileOutputCommitter
[2024-09-21T22:08:09.237+0000] {ssh.py:524} INFO - 24/09/21 22:08:09 INFO CodeGenerator: Code generated in 111.199321 ms
[2024-09-21T22:08:09.345+0000] {ssh.py:524} INFO - 24/09/21 22:08:09 INFO SparkContext: Starting job: save at NativeMethodAccessorImpl.java:0
[2024-09-21T22:08:09.364+0000] {ssh.py:524} INFO - 24/09/21 22:08:09 INFO DAGScheduler: Got job 0 (save at NativeMethodAccessorImpl.java:0) with 12 output partitions
[2024-09-21T22:08:09.365+0000] {ssh.py:524} INFO - 24/09/21 22:08:09 INFO DAGScheduler: Final stage: ResultStage 0 (save at NativeMethodAccessorImpl.java:0)
[2024-09-21T22:08:09.365+0000] {ssh.py:524} INFO - 24/09/21 22:08:09 INFO DAGScheduler: Parents of final stage: List()
[2024-09-21T22:08:09.367+0000] {ssh.py:524} INFO - 24/09/21 22:08:09 INFO DAGScheduler: Missing parents: List()
[2024-09-21T22:08:09.371+0000] {ssh.py:524} INFO - 24/09/21 22:08:09 INFO DAGScheduler: Submitting ResultStage 0 (MapPartitionsRDD[5] at save at NativeMethodAccessorImpl.java:0), which has no missing parents
[2024-09-21T22:08:09.477+0000] {ssh.py:524} INFO - 24/09/21 22:08:09 INFO MemoryStore: Block broadcast_0 stored as values in memory (estimated size 219.7 KiB, free 434.2 MiB)
[2024-09-21T22:08:09.505+0000] {ssh.py:524} INFO - 24/09/21 22:08:09 INFO MemoryStore: Block broadcast_0_piece0 stored as bytes in memory (estimated size 80.4 KiB, free 434.1 MiB)
[2024-09-21T22:08:09.508+0000] {ssh.py:524} INFO - 24/09/21 22:08:09 INFO BlockManagerInfo: Added broadcast_0_piece0 in memory on spark-master:45767 (size: 80.4 KiB, free: 434.3 MiB)
[2024-09-21T22:08:09.512+0000] {ssh.py:524} INFO - 24/09/21 22:08:09 INFO SparkContext: Created broadcast 0 from broadcast at DAGScheduler.scala:1513
[2024-09-21T22:08:09.525+0000] {ssh.py:524} INFO - 24/09/21 22:08:09 INFO DAGScheduler: Submitting 12 missing tasks from ResultStage 0 (MapPartitionsRDD[5] at save at NativeMethodAccessorImpl.java:0) (first 15 tasks are for partitions Vector(0, 1, 2, 3, 4, 5, 6, 7, 8, 9, 10, 11))
[2024-09-21T22:08:09.526+0000] {ssh.py:524} INFO - 24/09/21 22:08:09 INFO TaskSchedulerImpl: Adding task set 0.0 with 12 tasks resource profile 0
[2024-09-21T22:08:09.587+0000] {ssh.py:524} INFO - 24/09/21 22:08:09 INFO TaskSetManager: Starting task 0.0 in stage 0.0 (TID 0) (spark-master, executor driver, partition 0, PROCESS_LOCAL, 4433 bytes) taskResourceAssignments Map()
[2024-09-21T22:08:09.596+0000] {ssh.py:524} INFO - 24/09/21 22:08:09 INFO TaskSetManager: Starting task 1.0 in stage 0.0 (TID 1) (spark-master, executor driver, partition 1, PROCESS_LOCAL, 4476 bytes) taskResourceAssignments Map()
[2024-09-21T22:08:09.597+0000] {ssh.py:524} INFO - 24/09/21 22:08:09 INFO TaskSetManager: Starting task 2.0 in stage 0.0 (TID 2) (spark-master, executor driver, partition 2, PROCESS_LOCAL, 4433 bytes) taskResourceAssignments Map()
[2024-09-21T22:08:09.598+0000] {ssh.py:524} INFO - 24/09/21 22:08:09 INFO TaskSetManager: Starting task 3.0 in stage 0.0 (TID 3) (spark-master, executor driver, partition 3, PROCESS_LOCAL, 4484 bytes) taskResourceAssignments Map()
[2024-09-21T22:08:09.599+0000] {ssh.py:524} INFO - 24/09/21 22:08:09 INFO TaskSetManager: Starting task 4.0 in stage 0.0 (TID 4) (spark-master, executor driver, partition 4, PROCESS_LOCAL, 4433 bytes) taskResourceAssignments Map()
[2024-09-21T22:08:09.600+0000] {ssh.py:524} INFO - 24/09/21 22:08:09 INFO TaskSetManager: Starting task 5.0 in stage 0.0 (TID 5) (spark-master, executor driver, partition 5, PROCESS_LOCAL, 4480 bytes) taskResourceAssignments Map()
[2024-09-21T22:08:09.602+0000] {ssh.py:524} INFO - 24/09/21 22:08:09 INFO TaskSetManager: Starting task 6.0 in stage 0.0 (TID 6) (spark-master, executor driver, partition 6, PROCESS_LOCAL, 4476 bytes) taskResourceAssignments Map()
[2024-09-21T22:08:09.603+0000] {ssh.py:524} INFO - 24/09/21 22:08:09 INFO TaskSetManager: Starting task 7.0 in stage 0.0 (TID 7) (spark-master, executor driver, partition 7, PROCESS_LOCAL, 4433 bytes) taskResourceAssignments Map()
[2024-09-21T22:08:09.607+0000] {ssh.py:524} INFO - 24/09/21 22:08:09 INFO TaskSetManager: Starting task 8.0 in stage 0.0 (TID 8) (spark-master, executor driver, partition 8, PROCESS_LOCAL, 4473 bytes) taskResourceAssignments Map()
[2024-09-21T22:08:09.608+0000] {ssh.py:524} INFO - 24/09/21 22:08:09 INFO TaskSetManager: Starting task 9.0 in stage 0.0 (TID 9) (spark-master, executor driver, partition 9, PROCESS_LOCAL, 4433 bytes) taskResourceAssignments Map()
[2024-09-21T22:08:09.610+0000] {ssh.py:524} INFO - 24/09/21 22:08:09 INFO TaskSetManager: Starting task 10.0 in stage 0.0 (TID 10) (spark-master, executor driver, partition 10, PROCESS_LOCAL, 4476 bytes) taskResourceAssignments Map()
[2024-09-21T22:08:09.611+0000] {ssh.py:524} INFO - 24/09/21 22:08:09 INFO TaskSetManager: Starting task 11.0 in stage 0.0 (TID 11) (spark-master, executor driver, partition 11, PROCESS_LOCAL, 4479 bytes) taskResourceAssignments Map()
[2024-09-21T22:08:09.621+0000] {ssh.py:524} INFO - 24/09/21 22:08:09 INFO Executor: Running task 0.0 in stage 0.0 (TID 0)
[2024-09-21T22:08:09.634+0000] {ssh.py:524} INFO - 24/09/21 22:08:09 INFO Executor: Running task 1.0 in stage 0.0 (TID 1)
[2024-09-21T22:08:09.650+0000] {ssh.py:524} INFO - 24/09/21 22:08:09 INFO Executor: Running task 2.0 in stage 0.0 (TID 2)
[2024-09-21T22:08:09.651+0000] {ssh.py:524} INFO - 24/09/21 22:08:09 INFO Executor: Running task 4.0 in stage 0.0 (TID 4)
[2024-09-21T22:08:09.652+0000] {ssh.py:524} INFO - 24/09/21 22:08:09 INFO Executor: Running task 5.0 in stage 0.0 (TID 5)
[2024-09-21T22:08:09.652+0000] {ssh.py:524} INFO - 24/09/21 22:08:09 INFO Executor: Running task 3.0 in stage 0.0 (TID 3)
[2024-09-21T22:08:09.658+0000] {ssh.py:524} INFO - 24/09/21 22:08:09 INFO Executor: Running task 7.0 in stage 0.0 (TID 7)
[2024-09-21T22:08:09.666+0000] {ssh.py:524} INFO - 24/09/21 22:08:09 INFO Executor: Running task 6.0 in stage 0.0 (TID 6)
[2024-09-21T22:08:09.672+0000] {ssh.py:524} INFO - 24/09/21 22:08:09 INFO Executor: Running task 8.0 in stage 0.0 (TID 8)
[2024-09-21T22:08:09.677+0000] {ssh.py:524} INFO - 24/09/21 22:08:09 INFO Executor: Running task 9.0 in stage 0.0 (TID 9)
[2024-09-21T22:08:09.679+0000] {ssh.py:524} INFO - 24/09/21 22:08:09 INFO Executor: Running task 10.0 in stage 0.0 (TID 10)
[2024-09-21T22:08:09.680+0000] {ssh.py:524} INFO - 24/09/21 22:08:09 INFO Executor: Running task 11.0 in stage 0.0 (TID 11)
[2024-09-21T22:08:10.521+0000] {ssh.py:524} INFO - 24/09/21 22:08:10 WARN AbstractS3ACommitterFactory: Using standard FileOutputCommitter to commit work. This is slow and potentially unsafe.
[2024-09-21T22:08:10.522+0000] {ssh.py:524} INFO - 24/09/21 22:08:10 INFO FileOutputCommitter: File Output Committer Algorithm version is 1
[2024-09-21T22:08:10.523+0000] {ssh.py:524} INFO - 24/09/21 22:08:10 INFO FileOutputCommitter: FileOutputCommitter skip cleanup _temporary folders under output directory:false, ignore cleanup failures: false
[2024-09-21T22:08:10.523+0000] {ssh.py:524} INFO - 24/09/21 22:08:10 INFO AbstractS3ACommitterFactory: Using Committer FileOutputCommitter{PathOutputCommitter{context=TaskAttemptContextImpl{JobContextImpl{jobId=job_202409212208092273873061625902110_0000}; taskId=attempt_202409212208092273873061625902110_0000_m_000011_11, status=''}; org.apache.hadoop.mapreduce.lib.output.FileOutputCommitter@2eee416f}; outputPath=s3a://raw/olhovivo/corredor/dt=2024-09-21, workPath=s3a://raw/olhovivo/corredor/dt=2024-09-21/_temporary/0/_temporary/attempt_202409212208092273873061625902110_0000_m_000011_11, algorithmVersion=1, skipCleanup=false, ignoreCleanupFailures=false} for s3a://raw/olhovivo/corredor/dt=2024-09-21
[2024-09-21T22:08:10.526+0000] {ssh.py:524} INFO - 24/09/21 22:08:10 INFO SQLHadoopMapReduceCommitProtocol: Using output committer class org.apache.hadoop.mapreduce.lib.output.FileOutputCommitter
[2024-09-21T22:08:10.530+0000] {ssh.py:524} INFO - 24/09/21 22:08:10 WARN AbstractS3ACommitterFactory: Using standard FileOutputCommitter to commit work. This is slow and potentially unsafe.
[2024-09-21T22:08:10.531+0000] {ssh.py:524} INFO - 24/09/21 22:08:10 INFO FileOutputCommitter: File Output Committer Algorithm version is 1
[2024-09-21T22:08:10.532+0000] {ssh.py:524} INFO - 24/09/21 22:08:10 INFO FileOutputCommitter: FileOutputCommitter skip cleanup _temporary folders under output directory:false, ignore cleanup failures: false
[2024-09-21T22:08:10.534+0000] {ssh.py:524} INFO - 24/09/21 22:08:10 INFO AbstractS3ACommitterFactory: Using Committer FileOutputCommitter{PathOutputCommitter{context=TaskAttemptContextImpl{JobContextImpl{jobId=job_202409212208092322448930510737989_0000}; taskId=attempt_202409212208092322448930510737989_0000_m_000009_9, status=''}; org.apache.hadoop.mapreduce.lib.output.FileOutputCommitter@32239315}; outputPath=s3a://raw/olhovivo/corredor/dt=2024-09-21, workPath=s3a://raw/olhovivo/corredor/dt=2024-09-21/_temporary/0/_temporary/attempt_202409212208092322448930510737989_0000_m_000009_9, algorithmVersion=1, skipCleanup=false, ignoreCleanupFailures=false} for s3a://raw/olhovivo/corredor/dt=2024-09-21
[2024-09-21T22:08:10.537+0000] {ssh.py:524} INFO - 24/09/21 22:08:10 INFO SQLHadoopMapReduceCommitProtocol: Using output committer class org.apache.hadoop.mapreduce.lib.output.FileOutputCommitter
[2024-09-21T22:08:10.546+0000] {ssh.py:524} INFO - 24/09/21 22:08:10 WARN AbstractS3ACommitterFactory: Using standard FileOutputCommitter to commit work. This is slow and potentially unsafe.
[2024-09-21T22:08:10.547+0000] {ssh.py:524} INFO - 24/09/21 22:08:10 INFO FileOutputCommitter: File Output Committer Algorithm version is 1
[2024-09-21T22:08:10.547+0000] {ssh.py:524} INFO - 24/09/21 22:08:10 INFO FileOutputCommitter: FileOutputCommitter skip cleanup _temporary folders under output directory:false, ignore cleanup failures: false
[2024-09-21T22:08:10.547+0000] {ssh.py:524} INFO - 24/09/21 22:08:10 INFO AbstractS3ACommitterFactory: Using Committer FileOutputCommitter{PathOutputCommitter{context=TaskAttemptContextImpl{JobContextImpl{jobId=job_202409212208092670855776883222145_0000}; taskId=attempt_202409212208092670855776883222145_0000_m_000007_7, status=''}; org.apache.hadoop.mapreduce.lib.output.FileOutputCommitter@7b9dce9a}; outputPath=s3a://raw/olhovivo/corredor/dt=2024-09-21, workPath=s3a://raw/olhovivo/corredor/dt=2024-09-21/_temporary/0/_temporary/attempt_202409212208092670855776883222145_0000_m_000007_7, algorithmVersion=1, skipCleanup=false, ignoreCleanupFailures=false} for s3a://raw/olhovivo/corredor/dt=2024-09-21
[2024-09-21T22:08:10.548+0000] {ssh.py:524} INFO - 24/09/21 22:08:10 INFO SQLHadoopMapReduceCommitProtocol: Using output committer class org.apache.hadoop.mapreduce.lib.output.FileOutputCommitter
[2024-09-21T22:08:10.590+0000] {ssh.py:524} INFO - 24/09/21 22:08:10 WARN AbstractS3ACommitterFactory: Using standard FileOutputCommitter to commit work. This is slow and potentially unsafe.
[2024-09-21T22:08:10.592+0000] {ssh.py:524} INFO - 24/09/21 22:08:10 INFO FileOutputCommitter: File Output Committer Algorithm version is 1
[2024-09-21T22:08:10.593+0000] {ssh.py:524} INFO - 24/09/21 22:08:10 INFO FileOutputCommitter: FileOutputCommitter skip cleanup _temporary folders under output directory:false, ignore cleanup failures: false
[2024-09-21T22:08:10.593+0000] {ssh.py:524} INFO - 24/09/21 22:08:10 INFO AbstractS3ACommitterFactory: Using Committer FileOutputCommitter{PathOutputCommitter{context=TaskAttemptContextImpl{JobContextImpl{jobId=job_202409212208092312528492587378166_0000}; taskId=attempt_202409212208092312528492587378166_0000_m_000003_3, status=''}; org.apache.hadoop.mapreduce.lib.output.FileOutputCommitter@7e862364}; outputPath=s3a://raw/olhovivo/corredor/dt=2024-09-21, workPath=s3a://raw/olhovivo/corredor/dt=2024-09-21/_temporary/0/_temporary/attempt_202409212208092312528492587378166_0000_m_000003_3, algorithmVersion=1, skipCleanup=false, ignoreCleanupFailures=false} for s3a://raw/olhovivo/corredor/dt=2024-09-21
[2024-09-21T22:08:10.594+0000] {ssh.py:524} INFO - 24/09/21 22:08:10 INFO SQLHadoopMapReduceCommitProtocol: Using output committer class org.apache.hadoop.mapreduce.lib.output.FileOutputCommitter
[2024-09-21T22:08:10.618+0000] {ssh.py:524} INFO - 24/09/21 22:08:10 INFO PythonRunner: Times: total = 731, boot = 635, init = 96, finish = 0
[2024-09-21T22:08:10.629+0000] {ssh.py:524} INFO - 24/09/21 22:08:10 WARN AbstractS3ACommitterFactory: Using standard FileOutputCommitter to commit work. This is slow and potentially unsafe.
[2024-09-21T22:08:10.630+0000] {ssh.py:524} INFO - 24/09/21 22:08:10 INFO FileOutputCommitter: File Output Committer Algorithm version is 1
[2024-09-21T22:08:10.630+0000] {ssh.py:524} INFO - 24/09/21 22:08:10 INFO FileOutputCommitter: FileOutputCommitter skip cleanup _temporary folders under output directory:false, ignore cleanup failures: false
[2024-09-21T22:08:10.631+0000] {ssh.py:524} INFO - 24/09/21 22:08:10 INFO AbstractS3ACommitterFactory: Using Committer FileOutputCommitter{PathOutputCommitter{context=TaskAttemptContextImpl{JobContextImpl{jobId=job_202409212208097881902740797004014_0000}; taskId=attempt_202409212208097881902740797004014_0000_m_000008_8, status=''}; org.apache.hadoop.mapreduce.lib.output.FileOutputCommitter@11d29b48}; outputPath=s3a://raw/olhovivo/corredor/dt=2024-09-21, workPath=s3a://raw/olhovivo/corredor/dt=2024-09-21/_temporary/0/_temporary/attempt_202409212208097881902740797004014_0000_m_000008_8, algorithmVersion=1, skipCleanup=false, ignoreCleanupFailures=false} for s3a://raw/olhovivo/corredor/dt=2024-09-21
[2024-09-21T22:08:10.631+0000] {ssh.py:524} INFO - 24/09/21 22:08:10 INFO SQLHadoopMapReduceCommitProtocol: Using output committer class org.apache.hadoop.mapreduce.lib.output.FileOutputCommitter
[2024-09-21T22:08:10.635+0000] {ssh.py:524} INFO - 24/09/21 22:08:10 INFO PythonRunner: Times: total = 732, boot = 585, init = 147, finish = 0
[2024-09-21T22:08:10.639+0000] {ssh.py:524} INFO - 24/09/21 22:08:10 INFO SparkHadoopMapRedUtil: No need to commit output of task because needsTaskCommit=false: attempt_202409212208092670855776883222145_0000_m_000007_7
[2024-09-21T22:08:10.646+0000] {ssh.py:524} INFO - 24/09/21 22:08:10 INFO SparkHadoopMapRedUtil: No need to commit output of task because needsTaskCommit=false: attempt_202409212208092322448930510737989_0000_m_000009_9
[2024-09-21T22:08:10.665+0000] {ssh.py:524} INFO - 24/09/21 22:08:10 WARN AbstractS3ACommitterFactory: Using standard FileOutputCommitter to commit work. This is slow and potentially unsafe.
[2024-09-21T22:08:10.666+0000] {ssh.py:524} INFO - 24/09/21 22:08:10 INFO FileOutputCommitter: File Output Committer Algorithm version is 1
[2024-09-21T22:08:10.666+0000] {ssh.py:524} INFO - 24/09/21 22:08:10 INFO FileOutputCommitter: FileOutputCommitter skip cleanup _temporary folders under output directory:false, ignore cleanup failures: false
[2024-09-21T22:08:10.667+0000] {ssh.py:524} INFO - 24/09/21 22:08:10 INFO AbstractS3ACommitterFactory: Using Committer FileOutputCommitter{PathOutputCommitter{context=TaskAttemptContextImpl{JobContextImpl{jobId=job_202409212208092819632921820225153_0000}; taskId=attempt_202409212208092819632921820225153_0000_m_000005_5, status=''}; org.apache.hadoop.mapreduce.lib.output.FileOutputCommitter@5b767d7}; outputPath=s3a://raw/olhovivo/corredor/dt=2024-09-21, workPath=s3a://raw/olhovivo/corredor/dt=2024-09-21/_temporary/0/_temporary/attempt_202409212208092819632921820225153_0000_m_000005_5, algorithmVersion=1, skipCleanup=false, ignoreCleanupFailures=false} for s3a://raw/olhovivo/corredor/dt=2024-09-21
[2024-09-21T22:08:10.667+0000] {ssh.py:524} INFO - 24/09/21 22:08:10 INFO SQLHadoopMapReduceCommitProtocol: Using output committer class org.apache.hadoop.mapreduce.lib.output.FileOutputCommitter
[2024-09-21T22:08:10.672+0000] {ssh.py:524} INFO - 24/09/21 22:08:10 INFO Executor: Finished task 9.0 in stage 0.0 (TID 9). 2828 bytes result sent to driver
[2024-09-21T22:08:10.672+0000] {ssh.py:524} INFO - 24/09/21 22:08:10 INFO Executor: Finished task 7.0 in stage 0.0 (TID 7). 2871 bytes result sent to driver
[2024-09-21T22:08:10.705+0000] {ssh.py:524} INFO - 24/09/21 22:08:10 WARN AbstractS3ACommitterFactory: Using standard FileOutputCommitter to commit work. This is slow and potentially unsafe.
[2024-09-21T22:08:10.706+0000] {ssh.py:524} INFO - 24/09/21 22:08:10 INFO FileOutputCommitter: File Output Committer Algorithm version is 1
[2024-09-21T22:08:10.706+0000] {ssh.py:524} INFO - 24/09/21 22:08:10 INFO FileOutputCommitter: FileOutputCommitter skip cleanup _temporary folders under output directory:false, ignore cleanup failures: false
[2024-09-21T22:08:10.706+0000] {ssh.py:524} INFO - 24/09/21 22:08:10 INFO AbstractS3ACommitterFactory: Using Committer FileOutputCommitter{PathOutputCommitter{context=TaskAttemptContextImpl{JobContextImpl{jobId=job_202409212208098967982989435010548_0000}; taskId=attempt_202409212208098967982989435010548_0000_m_000004_4, status=''}; org.apache.hadoop.mapreduce.lib.output.FileOutputCommitter@387def50}; outputPath=s3a://raw/olhovivo/corredor/dt=2024-09-21, workPath=s3a://raw/olhovivo/corredor/dt=2024-09-21/_temporary/0/_temporary/attempt_202409212208098967982989435010548_0000_m_000004_4, algorithmVersion=1, skipCleanup=false, ignoreCleanupFailures=false} for s3a://raw/olhovivo/corredor/dt=2024-09-21
[2024-09-21T22:08:10.707+0000] {ssh.py:524} INFO - 24/09/21 22:08:10 INFO SQLHadoopMapReduceCommitProtocol: Using output committer class org.apache.hadoop.mapreduce.lib.output.FileOutputCommitter
[2024-09-21T22:08:10.728+0000] {ssh.py:524} INFO - 24/09/21 22:08:10 WARN AbstractS3ACommitterFactory: Using standard FileOutputCommitter to commit work. This is slow and potentially unsafe.
[2024-09-21T22:08:10.729+0000] {ssh.py:524} INFO - 24/09/21 22:08:10 INFO FileOutputCommitter: File Output Committer Algorithm version is 1
[2024-09-21T22:08:10.729+0000] {ssh.py:524} INFO - 24/09/21 22:08:10 INFO FileOutputCommitter: FileOutputCommitter skip cleanup _temporary folders under output directory:false, ignore cleanup failures: false
[2024-09-21T22:08:10.730+0000] {ssh.py:524} INFO - 24/09/21 22:08:10 INFO AbstractS3ACommitterFactory: Using Committer FileOutputCommitter{PathOutputCommitter{context=TaskAttemptContextImpl{JobContextImpl{jobId=job_202409212208095943868815319989334_0000}; taskId=attempt_202409212208095943868815319989334_0000_m_000001_1, status=''}; org.apache.hadoop.mapreduce.lib.output.FileOutputCommitter@3aa3b828}; outputPath=s3a://raw/olhovivo/corredor/dt=2024-09-21, workPath=s3a://raw/olhovivo/corredor/dt=2024-09-21/_temporary/0/_temporary/attempt_202409212208095943868815319989334_0000_m_000001_1, algorithmVersion=1, skipCleanup=false, ignoreCleanupFailures=false} for s3a://raw/olhovivo/corredor/dt=2024-09-21
[2024-09-21T22:08:10.730+0000] {ssh.py:524} INFO - 24/09/21 22:08:10 INFO SQLHadoopMapReduceCommitProtocol: Using output committer class org.apache.hadoop.mapreduce.lib.output.FileOutputCommitter
[2024-09-21T22:08:10.766+0000] {ssh.py:524} INFO - 24/09/21 22:08:10 WARN AbstractS3ACommitterFactory: Using standard FileOutputCommitter to commit work. This is slow and potentially unsafe.
[2024-09-21T22:08:10.767+0000] {ssh.py:524} INFO - 24/09/21 22:08:10 INFO FileOutputCommitter: File Output Committer Algorithm version is 1
[2024-09-21T22:08:10.768+0000] {ssh.py:524} INFO - 24/09/21 22:08:10 INFO FileOutputCommitter: FileOutputCommitter skip cleanup _temporary folders under output directory:false, ignore cleanup failures: false
[2024-09-21T22:08:10.769+0000] {ssh.py:524} INFO - 24/09/21 22:08:10 INFO AbstractS3ACommitterFactory: Using Committer FileOutputCommitter{PathOutputCommitter{context=TaskAttemptContextImpl{JobContextImpl{jobId=job_202409212208091004536816601023785_0000}; taskId=attempt_202409212208091004536816601023785_0000_m_000006_6, status=''}; org.apache.hadoop.mapreduce.lib.output.FileOutputCommitter@1b56cc5d}; outputPath=s3a://raw/olhovivo/corredor/dt=2024-09-21, workPath=s3a://raw/olhovivo/corredor/dt=2024-09-21/_temporary/0/_temporary/attempt_202409212208091004536816601023785_0000_m_000006_6, algorithmVersion=1, skipCleanup=false, ignoreCleanupFailures=false} for s3a://raw/olhovivo/corredor/dt=2024-09-21
[2024-09-21T22:08:10.769+0000] {ssh.py:524} INFO - 24/09/21 22:08:10 INFO SQLHadoopMapReduceCommitProtocol: Using output committer class org.apache.hadoop.mapreduce.lib.output.FileOutputCommitter
[2024-09-21T22:08:10.783+0000] {ssh.py:524} INFO - 24/09/21 22:08:10 WARN AbstractS3ACommitterFactory: Using standard FileOutputCommitter to commit work. This is slow and potentially unsafe.
[2024-09-21T22:08:10.783+0000] {ssh.py:524} INFO - 24/09/21 22:08:10 INFO FileOutputCommitter: File Output Committer Algorithm version is 1
[2024-09-21T22:08:10.784+0000] {ssh.py:524} INFO - 24/09/21 22:08:10 INFO FileOutputCommitter: FileOutputCommitter skip cleanup _temporary folders under output directory:false, ignore cleanup failures: false
[2024-09-21T22:08:10.789+0000] {ssh.py:524} INFO - 24/09/21 22:08:10 INFO AbstractS3ACommitterFactory: Using Committer FileOutputCommitter{PathOutputCommitter{context=TaskAttemptContextImpl{JobContextImpl{jobId=job_202409212208097278161556531108762_0000}; taskId=attempt_202409212208097278161556531108762_0000_m_000000_0, status=''}; org.apache.hadoop.mapreduce.lib.output.FileOutputCommitter@277bd834}; outputPath=s3a://raw/olhovivo/corredor/dt=2024-09-21, workPath=s3a://raw/olhovivo/corredor/dt=2024-09-21/_temporary/0/_temporary/attempt_202409212208097278161556531108762_0000_m_000000_0, algorithmVersion=1, skipCleanup=false, ignoreCleanupFailures=false} for s3a://raw/olhovivo/corredor/dt=2024-09-21
[2024-09-21T22:08:10.789+0000] {ssh.py:524} INFO - 24/09/21 22:08:10 INFO SQLHadoopMapReduceCommitProtocol: Using output committer class org.apache.hadoop.mapreduce.lib.output.FileOutputCommitter
[2024-09-21T22:08:10.792+0000] {ssh.py:524} INFO - 24/09/21 22:08:10 INFO PythonRunner: Times: total = 910, boot = 694, init = 216, finish = 0
[2024-09-21T22:08:10.798+0000] {ssh.py:524} INFO - 24/09/21 22:08:10 INFO SparkHadoopMapRedUtil: No need to commit output of task because needsTaskCommit=false: attempt_202409212208098967982989435010548_0000_m_000004_4
[2024-09-21T22:08:10.800+0000] {ssh.py:524} INFO - 24/09/21 22:08:10 INFO Executor: Finished task 4.0 in stage 0.0 (TID 4). 2828 bytes result sent to driver
[2024-09-21T22:08:10.807+0000] {ssh.py:524} INFO - 24/09/21 22:08:10 WARN AbstractS3ACommitterFactory: Using standard FileOutputCommitter to commit work. This is slow and potentially unsafe.
[2024-09-21T22:08:10.808+0000] {ssh.py:524} INFO - 24/09/21 22:08:10 INFO FileOutputCommitter: File Output Committer Algorithm version is 1
[2024-09-21T22:08:10.808+0000] {ssh.py:524} INFO - 24/09/21 22:08:10 INFO FileOutputCommitter: FileOutputCommitter skip cleanup _temporary folders under output directory:false, ignore cleanup failures: false
[2024-09-21T22:08:10.808+0000] {ssh.py:524} INFO - 24/09/21 22:08:10 INFO AbstractS3ACommitterFactory: Using Committer FileOutputCommitter{PathOutputCommitter{context=TaskAttemptContextImpl{JobContextImpl{jobId=job_202409212208091309043824899104381_0000}; taskId=attempt_202409212208091309043824899104381_0000_m_000002_2, status=''}; org.apache.hadoop.mapreduce.lib.output.FileOutputCommitter@3f178fbd}; outputPath=s3a://raw/olhovivo/corredor/dt=2024-09-21, workPath=s3a://raw/olhovivo/corredor/dt=2024-09-21/_temporary/0/_temporary/attempt_202409212208091309043824899104381_0000_m_000002_2, algorithmVersion=1, skipCleanup=false, ignoreCleanupFailures=false} for s3a://raw/olhovivo/corredor/dt=2024-09-21
[2024-09-21T22:08:10.809+0000] {ssh.py:524} INFO - 24/09/21 22:08:10 INFO SQLHadoopMapReduceCommitProtocol: Using output committer class org.apache.hadoop.mapreduce.lib.output.FileOutputCommitter
[2024-09-21T22:08:10.835+0000] {ssh.py:524} INFO - 24/09/21 22:08:10 INFO TaskSetManager: Finished task 9.0 in stage 0.0 (TID 9) in 1226 ms on spark-master (executor driver) (1/12)
[2024-09-21T22:08:10.851+0000] {ssh.py:524} INFO - 24/09/21 22:08:10 INFO TaskSetManager: Finished task 4.0 in stage 0.0 (TID 4) in 1252 ms on spark-master (executor driver) (2/12)
[2024-09-21T22:08:10.852+0000] {ssh.py:524} INFO - 24/09/21 22:08:10 INFO TaskSetManager: Finished task 7.0 in stage 0.0 (TID 7) in 1248 ms on spark-master (executor driver) (3/12)
[2024-09-21T22:08:10.853+0000] {ssh.py:524} INFO - 24/09/21 22:08:10 INFO PythonAccumulatorV2: Connected to AccumulatorServer at host: 127.0.0.1 port: 37737
[2024-09-21T22:08:10.866+0000] {ssh.py:524} INFO - 24/09/21 22:08:10 WARN AbstractS3ACommitterFactory: Using standard FileOutputCommitter to commit work. This is slow and potentially unsafe.
[2024-09-21T22:08:10.869+0000] {ssh.py:524} INFO - 24/09/21 22:08:10 INFO FileOutputCommitter: File Output Committer Algorithm version is 1
[2024-09-21T22:08:10.873+0000] {ssh.py:524} INFO - 24/09/21 22:08:10 INFO FileOutputCommitter: FileOutputCommitter skip cleanup _temporary folders under output directory:false, ignore cleanup failures: false
[2024-09-21T22:08:10.875+0000] {ssh.py:524} INFO - 24/09/21 22:08:10 INFO AbstractS3ACommitterFactory: Using Committer FileOutputCommitter{PathOutputCommitter{context=TaskAttemptContextImpl{JobContextImpl{jobId=job_202409212208096463444355777525581_0000}; taskId=attempt_202409212208096463444355777525581_0000_m_000010_10, status=''}; org.apache.hadoop.mapreduce.lib.output.FileOutputCommitter@71dad4f9}; outputPath=s3a://raw/olhovivo/corredor/dt=2024-09-21, workPath=s3a://raw/olhovivo/corredor/dt=2024-09-21/_temporary/0/_temporary/attempt_202409212208096463444355777525581_0000_m_000010_10, algorithmVersion=1, skipCleanup=false, ignoreCleanupFailures=false} for s3a://raw/olhovivo/corredor/dt=2024-09-21
[2024-09-21T22:08:10.876+0000] {ssh.py:524} INFO - 24/09/21 22:08:10 INFO SQLHadoopMapReduceCommitProtocol: Using output committer class org.apache.hadoop.mapreduce.lib.output.FileOutputCommitter
[2024-09-21T22:08:10.876+0000] {ssh.py:524} INFO - 24/09/21 22:08:10 INFO PythonRunner: Times: total = 992, boot = 713, init = 279, finish = 0
[2024-09-21T22:08:10.883+0000] {ssh.py:524} INFO - 24/09/21 22:08:10 INFO SparkHadoopMapRedUtil: No need to commit output of task because needsTaskCommit=false: attempt_202409212208091309043824899104381_0000_m_000002_2
[2024-09-21T22:08:10.884+0000] {ssh.py:524} INFO - 24/09/21 22:08:10 INFO PythonRunner: Times: total = 981, boot = 721, init = 260, finish = 0
[2024-09-21T22:08:10.885+0000] {ssh.py:524} INFO - 24/09/21 22:08:10 INFO Executor: Finished task 2.0 in stage 0.0 (TID 2). 2828 bytes result sent to driver
[2024-09-21T22:08:10.889+0000] {ssh.py:524} INFO - 24/09/21 22:08:10 INFO PythonRunner: Times: total = 870, boot = 672, init = 198, finish = 0
[2024-09-21T22:08:10.890+0000] {ssh.py:524} INFO - 24/09/21 22:08:10 INFO PythonRunner: Times: total = 797, boot = 549, init = 248, finish = 0
[2024-09-21T22:08:10.894+0000] {ssh.py:524} INFO - 24/09/21 22:08:10 INFO PythonRunner: Times: total = 829, boot = 590, init = 239, finish = 0
[2024-09-21T22:08:10.894+0000] {ssh.py:524} INFO - 24/09/21 22:08:10 INFO PythonRunner: Times: total = 696, boot = 567, init = 129, finish = 0
[2024-09-21T22:08:10.895+0000] {ssh.py:524} INFO - 24/09/21 22:08:10 INFO PythonRunner: Times: total = 911, boot = 600, init = 311, finish = 0
[2024-09-21T22:08:10.895+0000] {ssh.py:524} INFO - 24/09/21 22:08:10 INFO PythonRunner: Times: total = 928, boot = 594, init = 334, finish = 0
[2024-09-21T22:08:10.909+0000] {ssh.py:524} INFO - 24/09/21 22:08:10 INFO TaskSetManager: Finished task 2.0 in stage 0.0 (TID 2) in 1312 ms on spark-master (executor driver) (4/12)
[2024-09-21T22:08:10.968+0000] {ssh.py:524} INFO - 24/09/21 22:08:10 INFO PythonRunner: Times: total = 1051, boot = 579, init = 472, finish = 0
[2024-09-21T22:08:11.311+0000] {ssh.py:524} INFO - 24/09/21 22:08:11 INFO FileOutputCommitter: Saved output of task 'attempt_202409212208091004536816601023785_0000_m_000006_6' to s3a://raw/olhovivo/corredor/dt=2024-09-21/_temporary/0/task_202409212208091004536816601023785_0000_m_000006
[2024-09-21T22:08:11.313+0000] {ssh.py:524} INFO - 24/09/21 22:08:11 INFO SparkHadoopMapRedUtil: attempt_202409212208091004536816601023785_0000_m_000006_6: Committed. Elapsed time: 261 ms.
[2024-09-21T22:08:11.316+0000] {ssh.py:524} INFO - 24/09/21 22:08:11 INFO Executor: Finished task 6.0 in stage 0.0 (TID 6). 2914 bytes result sent to driver
[2024-09-21T22:08:11.318+0000] {ssh.py:524} INFO - 24/09/21 22:08:11 INFO TaskSetManager: Finished task 6.0 in stage 0.0 (TID 6) in 1716 ms on spark-master (executor driver) (5/12)
[2024-09-21T22:08:11.348+0000] {ssh.py:524} INFO - 24/09/21 22:08:11 INFO FileOutputCommitter: Saved output of task 'attempt_202409212208092273873061625902110_0000_m_000011_11' to s3a://raw/olhovivo/corredor/dt=2024-09-21/_temporary/0/task_202409212208092273873061625902110_0000_m_000011
[2024-09-21T22:08:11.348+0000] {ssh.py:524} INFO - 24/09/21 22:08:11 INFO SparkHadoopMapRedUtil: attempt_202409212208092273873061625902110_0000_m_000011_11: Committed. Elapsed time: 290 ms.
[2024-09-21T22:08:11.353+0000] {ssh.py:524} INFO - 24/09/21 22:08:11 INFO FileOutputCommitter: Saved output of task 'attempt_202409212208092819632921820225153_0000_m_000005_5' to s3a://raw/olhovivo/corredor/dt=2024-09-21/_temporary/0/task_202409212208092819632921820225153_0000_m_000005
[2024-09-21T22:08:11.354+0000] {ssh.py:524} INFO - 24/09/21 22:08:11 INFO SparkHadoopMapRedUtil: attempt_202409212208092819632921820225153_0000_m_000005_5: Committed. Elapsed time: 251 ms.
[2024-09-21T22:08:11.355+0000] {ssh.py:524} INFO - 24/09/21 22:08:11 INFO Executor: Finished task 11.0 in stage 0.0 (TID 11). 2914 bytes result sent to driver
[2024-09-21T22:08:11.355+0000] {ssh.py:524} INFO - 24/09/21 22:08:11 INFO TaskSetManager: Finished task 11.0 in stage 0.0 (TID 11) in 1742 ms on spark-master (executor driver) (6/12)
[2024-09-21T22:08:11.355+0000] {ssh.py:524} INFO - 24/09/21 22:08:11 INFO Executor: Finished task 5.0 in stage 0.0 (TID 5). 2914 bytes result sent to driver
[2024-09-21T22:08:11.356+0000] {ssh.py:524} INFO - 24/09/21 22:08:11 INFO TaskSetManager: Finished task 5.0 in stage 0.0 (TID 5) in 1755 ms on spark-master (executor driver) (7/12)
[2024-09-21T22:08:11.358+0000] {ssh.py:524} INFO - 24/09/21 22:08:11 INFO FileOutputCommitter: Saved output of task 'attempt_202409212208095943868815319989334_0000_m_000001_1' to s3a://raw/olhovivo/corredor/dt=2024-09-21/_temporary/0/task_202409212208095943868815319989334_0000_m_000001
[2024-09-21T22:08:11.359+0000] {ssh.py:524} INFO - 24/09/21 22:08:11 INFO FileOutputCommitter: Saved output of task 'attempt_202409212208097278161556531108762_0000_m_000000_0' to s3a://raw/olhovivo/corredor/dt=2024-09-21/_temporary/0/task_202409212208097278161556531108762_0000_m_000000
[2024-09-21T22:08:11.359+0000] {ssh.py:524} INFO - 24/09/21 22:08:11 INFO SparkHadoopMapRedUtil: attempt_202409212208095943868815319989334_0000_m_000001_1: Committed. Elapsed time: 304 ms.
[2024-09-21T22:08:11.360+0000] {ssh.py:524} INFO - 24/09/21 22:08:11 INFO SparkHadoopMapRedUtil: attempt_202409212208097278161556531108762_0000_m_000000_0: Committed. Elapsed time: 282 ms.
[2024-09-21T22:08:11.361+0000] {ssh.py:524} INFO - 24/09/21 22:08:11 INFO Executor: Finished task 1.0 in stage 0.0 (TID 1). 2914 bytes result sent to driver
[2024-09-21T22:08:11.361+0000] {ssh.py:524} INFO - 24/09/21 22:08:11 INFO Executor: Finished task 0.0 in stage 0.0 (TID 0). 2828 bytes result sent to driver
[2024-09-21T22:08:11.363+0000] {ssh.py:524} INFO - 24/09/21 22:08:11 INFO TaskSetManager: Finished task 1.0 in stage 0.0 (TID 1) in 1767 ms on spark-master (executor driver) (8/12)
[2024-09-21T22:08:11.371+0000] {ssh.py:524} INFO - 24/09/21 22:08:11 INFO FileOutputCommitter: Saved output of task 'attempt_202409212208092312528492587378166_0000_m_000003_3' to s3a://raw/olhovivo/corredor/dt=2024-09-21/_temporary/0/task_202409212208092312528492587378166_0000_m_000003
[2024-09-21T22:08:11.371+0000] {ssh.py:524} INFO - 24/09/21 22:08:11 INFO SparkHadoopMapRedUtil: attempt_202409212208092312528492587378166_0000_m_000003_3: Committed. Elapsed time: 310 ms.
[2024-09-21T22:08:11.372+0000] {ssh.py:524} INFO - 24/09/21 22:08:11 INFO TaskSetManager: Finished task 0.0 in stage 0.0 (TID 0) in 1794 ms on spark-master (executor driver) (9/12)
[2024-09-21T22:08:11.372+0000] {ssh.py:524} INFO - 24/09/21 22:08:11 INFO Executor: Finished task 3.0 in stage 0.0 (TID 3). 2914 bytes result sent to driver
[2024-09-21T22:08:11.372+0000] {ssh.py:524} INFO - 24/09/21 22:08:11 INFO TaskSetManager: Finished task 3.0 in stage 0.0 (TID 3) in 1771 ms on spark-master (executor driver) (10/12)
[2024-09-21T22:08:11.384+0000] {ssh.py:524} INFO - 24/09/21 22:08:11 INFO FileOutputCommitter: Saved output of task 'attempt_202409212208096463444355777525581_0000_m_000010_10' to s3a://raw/olhovivo/corredor/dt=2024-09-21/_temporary/0/task_202409212208096463444355777525581_0000_m_000010
[2024-09-21T22:08:11.389+0000] {ssh.py:524} INFO - 24/09/21 22:08:11 INFO SparkHadoopMapRedUtil: attempt_202409212208096463444355777525581_0000_m_000010_10: Committed. Elapsed time: 301 ms.
[2024-09-21T22:08:11.390+0000] {ssh.py:524} INFO - 24/09/21 22:08:11 INFO Executor: Finished task 10.0 in stage 0.0 (TID 10). 2914 bytes result sent to driver
[2024-09-21T22:08:11.391+0000] {ssh.py:524} INFO - 24/09/21 22:08:11 INFO TaskSetManager: Finished task 10.0 in stage 0.0 (TID 10) in 1778 ms on spark-master (executor driver) (11/12)
[2024-09-21T22:08:11.406+0000] {ssh.py:524} INFO - 24/09/21 22:08:11 INFO FileOutputCommitter: Saved output of task 'attempt_202409212208097881902740797004014_0000_m_000008_8' to s3a://raw/olhovivo/corredor/dt=2024-09-21/_temporary/0/task_202409212208097881902740797004014_0000_m_000008
[2024-09-21T22:08:11.406+0000] {ssh.py:524} INFO - 24/09/21 22:08:11 INFO SparkHadoopMapRedUtil: attempt_202409212208097881902740797004014_0000_m_000008_8: Committed. Elapsed time: 359 ms.
[2024-09-21T22:08:11.409+0000] {ssh.py:524} INFO - 24/09/21 22:08:11 INFO Executor: Finished task 8.0 in stage 0.0 (TID 8). 2914 bytes result sent to driver
[2024-09-21T22:08:11.412+0000] {ssh.py:524} INFO - 24/09/21 22:08:11 INFO TaskSetManager: Finished task 8.0 in stage 0.0 (TID 8) in 1804 ms on spark-master (executor driver) (12/12)
[2024-09-21T22:08:11.413+0000] {ssh.py:524} INFO - 24/09/21 22:08:11 INFO TaskSchedulerImpl: Removed TaskSet 0.0, whose tasks have all completed, from pool 
[2024-09-21T22:08:11.414+0000] {ssh.py:524} INFO - 24/09/21 22:08:11 INFO DAGScheduler: ResultStage 0 (save at NativeMethodAccessorImpl.java:0) finished in 2.026 s
[2024-09-21T22:08:11.417+0000] {ssh.py:524} INFO - 24/09/21 22:08:11 INFO DAGScheduler: Job 0 is finished. Cancelling potential speculative or zombie tasks for this job
[2024-09-21T22:08:11.418+0000] {ssh.py:524} INFO - 24/09/21 22:08:11 INFO TaskSchedulerImpl: Killing all running tasks in stage 0: Stage finished
[2024-09-21T22:08:11.420+0000] {ssh.py:524} INFO - 24/09/21 22:08:11 INFO DAGScheduler: Job 0 finished: save at NativeMethodAccessorImpl.java:0, took 2.075038 s
[2024-09-21T22:08:11.424+0000] {ssh.py:524} INFO - 24/09/21 22:08:11 INFO FileFormatWriter: Start to commit write Job e70bbc92-a30f-412d-b33f-be9727c4ec90.
[2024-09-21T22:08:12.266+0000] {ssh.py:524} INFO - 24/09/21 22:08:12 INFO FileFormatWriter: Write Job e70bbc92-a30f-412d-b33f-be9727c4ec90 committed. Elapsed time: 829 ms.
[2024-09-21T22:08:12.270+0000] {ssh.py:524} INFO - 24/09/21 22:08:12 INFO FileFormatWriter: Finished processing stats for write job e70bbc92-a30f-412d-b33f-be9727c4ec90.
[2024-09-21T22:08:12.286+0000] {ssh.py:524} INFO - [DEBUG] Done.
[2024-09-21T22:08:12.369+0000] {ssh.py:524} INFO - 24/09/21 22:08:12 INFO SparkContext: Invoking stop() from shutdown hook
[2024-09-21T22:08:12.423+0000] {ssh.py:524} INFO - 24/09/21 22:08:12 INFO SparkUI: Stopped Spark web UI at http://spark-master:4042
[2024-09-21T22:08:12.456+0000] {ssh.py:524} INFO - 24/09/21 22:08:12 INFO MapOutputTrackerMasterEndpoint: MapOutputTrackerMasterEndpoint stopped!
[2024-09-21T22:08:12.507+0000] {ssh.py:524} INFO - 24/09/21 22:08:12 INFO MemoryStore: MemoryStore cleared
[2024-09-21T22:08:12.507+0000] {ssh.py:524} INFO - 24/09/21 22:08:12 INFO BlockManager: BlockManager stopped
[2024-09-21T22:08:12.514+0000] {ssh.py:524} INFO - 24/09/21 22:08:12 INFO BlockManagerMaster: BlockManagerMaster stopped
[2024-09-21T22:08:12.517+0000] {ssh.py:524} INFO - 24/09/21 22:08:12 INFO OutputCommitCoordinator$OutputCommitCoordinatorEndpoint: OutputCommitCoordinator stopped!
[2024-09-21T22:08:12.530+0000] {ssh.py:524} INFO - 24/09/21 22:08:12 INFO SparkContext: Successfully stopped SparkContext
[2024-09-21T22:08:12.531+0000] {ssh.py:524} INFO - 24/09/21 22:08:12 INFO ShutdownHookManager: Shutdown hook called
[2024-09-21T22:08:12.532+0000] {ssh.py:524} INFO - 24/09/21 22:08:12 INFO ShutdownHookManager: Deleting directory /tmp/spark-93c0a17e-5fd7-467e-8c75-7916f1610699
[2024-09-21T22:08:12.535+0000] {ssh.py:524} INFO - 24/09/21 22:08:12 INFO ShutdownHookManager: Deleting directory /tmp/spark-33e9f012-4745-438f-be2d-58f92a1f3861
[2024-09-21T22:08:12.538+0000] {ssh.py:524} INFO - 24/09/21 22:08:12 INFO ShutdownHookManager: Deleting directory /tmp/spark-33e9f012-4745-438f-be2d-58f92a1f3861/pyspark-f537d11f-12bc-4253-a169-312c2a94ee51
[2024-09-21T22:08:12.551+0000] {ssh.py:524} INFO - 24/09/21 22:08:12 INFO MetricsSystemImpl: Stopping s3a-file-system metrics system...
[2024-09-21T22:08:12.552+0000] {ssh.py:524} INFO - 24/09/21 22:08:12 INFO MetricsSystemImpl: s3a-file-system metrics system stopped.
[2024-09-21T22:08:12.552+0000] {ssh.py:524} INFO - 24/09/21 22:08:12 INFO MetricsSystemImpl: s3a-file-system metrics system shutdown complete.
[2024-09-21T22:08:12.722+0000] {taskinstance.py:1400} INFO - Marking task as SUCCESS. dag_id=raw_ingestion, task_id=spark_raw_ingestion_corredor, execution_date=20240921T220758, start_date=20240921T220800, end_date=20240921T220812
[2024-09-21T22:08:12.788+0000] {local_task_job_runner.py:228} INFO - Task exited with return code 0
[2024-09-21T22:08:12.840+0000] {taskinstance.py:2778} INFO - 0 downstream tasks scheduled from follow-on schedule check
