[2024-09-17T23:21:43.766+0000] {taskinstance.py:1159} INFO - Dependencies all met for dep_context=non-requeueable deps ti=<TaskInstance: raw_ingestion.raw_ingestion scheduled__2024-09-17T01:00:00+00:00 [queued]>
[2024-09-17T23:21:43.776+0000] {taskinstance.py:1159} INFO - Dependencies all met for dep_context=requeueable deps ti=<TaskInstance: raw_ingestion.raw_ingestion scheduled__2024-09-17T01:00:00+00:00 [queued]>
[2024-09-17T23:21:43.778+0000] {taskinstance.py:1361} INFO - Starting attempt 1 of 2
[2024-09-17T23:21:43.796+0000] {taskinstance.py:1382} INFO - Executing <Task(SSHOperator): raw_ingestion> on 2024-09-17 01:00:00+00:00
[2024-09-17T23:21:43.801+0000] {standard_task_runner.py:57} INFO - Started process 1124 to run task
[2024-09-17T23:21:43.804+0000] {standard_task_runner.py:84} INFO - Running: ['airflow', 'tasks', 'run', 'raw_ingestion', 'raw_ingestion', 'scheduled__2024-09-17T01:00:00+00:00', '--job-id', '61', '--raw', '--subdir', 'DAGS_FOLDER/raw_ingestion.py', '--cfg-path', '/tmp/tmpd7zt94ft']
[2024-09-17T23:21:43.805+0000] {standard_task_runner.py:85} INFO - Job 61: Subtask raw_ingestion
[2024-09-17T23:21:43.962+0000] {task_command.py:416} INFO - Running <TaskInstance: raw_ingestion.raw_ingestion scheduled__2024-09-17T01:00:00+00:00 [running]> on host airflow-worker
[2024-09-17T23:21:44.251+0000] {taskinstance.py:1662} INFO - Exporting env vars: AIRFLOW_CTX_DAG_OWNER='***' AIRFLOW_CTX_DAG_ID='raw_ingestion' AIRFLOW_CTX_TASK_ID='raw_ingestion' AIRFLOW_CTX_EXECUTION_DATE='2024-09-17T01:00:00+00:00' AIRFLOW_CTX_TRY_NUMBER='1' AIRFLOW_CTX_DAG_RUN_ID='scheduled__2024-09-17T01:00:00+00:00'
[2024-09-17T23:21:44.252+0000] {ssh.py:141} INFO - Creating ssh_client
[2024-09-17T23:21:44.253+0000] {ssh.py:114} INFO - ssh_hook is not provided or invalid. Trying ssh_conn_id to create SSHHook.
[2024-09-17T23:21:44.306+0000] {base.py:73} INFO - Using connection ID 'spark_ssh_default' for task execution.
[2024-09-17T23:21:44.307+0000] {ssh.py:300} WARNING - No Host Key Verification. This won't protect against Man-In-The-Middle attacks
[2024-09-17T23:21:44.320+0000] {transport.py:1893} INFO - Connected (version 2.0, client OpenSSH_8.9p1)
[2024-09-17T23:21:44.493+0000] {transport.py:1893} INFO - Authentication (password) successful!
[2024-09-17T23:21:44.494+0000] {ssh.py:478} INFO - Running command: export SPARK_HOME=/usr/local/spark; /opt/conda/bin/spark-submit --master local[*] --executor-memory 2g /opt/shared/scripts/raw_ingestion.py
[2024-09-17T23:21:52.042+0000] {ssh.py:524} INFO - 24/09/17 23:21:52 INFO SparkContext: Running Spark version 3.3.1
[2024-09-17T23:21:52.136+0000] {ssh.py:524} INFO - 24/09/17 23:21:52 WARN NativeCodeLoader: Unable to load native-hadoop library for your platform... using builtin-java classes where applicable
[2024-09-17T23:21:52.459+0000] {ssh.py:524} INFO - 24/09/17 23:21:52 INFO ResourceUtils: ==============================================================
[2024-09-17T23:21:52.463+0000] {ssh.py:524} INFO - 24/09/17 23:21:52 INFO ResourceUtils: No custom resources configured for spark.driver.
[2024-09-17T23:21:52.466+0000] {ssh.py:524} INFO - 24/09/17 23:21:52 INFO ResourceUtils: ==============================================================
[2024-09-17T23:21:52.467+0000] {ssh.py:524} INFO - 24/09/17 23:21:52 INFO SparkContext: Submitted application: load
[2024-09-17T23:21:52.614+0000] {ssh.py:524} INFO - 24/09/17 23:21:52 INFO ResourceProfile: Default ResourceProfile created, executor resources: Map(cores -> name: cores, amount: 1, script: , vendor: , memory -> name: memory, amount: 1024, script: , vendor: , offHeap -> name: offHeap, amount: 0, script: , vendor: ), task resources: Map(cpus -> name: cpus, amount: 1.0)
[2024-09-17T23:21:52.651+0000] {ssh.py:524} INFO - 24/09/17 23:21:52 INFO ResourceProfile: Limiting resource is cpu
[2024-09-17T23:21:52.655+0000] {ssh.py:524} INFO - 24/09/17 23:21:52 INFO ResourceProfileManager: Added ResourceProfile id: 0
[2024-09-17T23:21:53.297+0000] {ssh.py:524} INFO - 24/09/17 23:21:53 INFO SecurityManager: Changing view acls to: root
[2024-09-17T23:21:53.303+0000] {ssh.py:524} INFO - 24/09/17 23:21:53 INFO SecurityManager: Changing modify acls to: root
[2024-09-17T23:21:53.304+0000] {ssh.py:524} INFO - 24/09/17 23:21:53 INFO SecurityManager: Changing view acls groups to: 
[2024-09-17T23:21:53.306+0000] {ssh.py:524} INFO - 24/09/17 23:21:53 INFO SecurityManager: Changing modify acls groups to: 
[2024-09-17T23:21:53.318+0000] {ssh.py:524} INFO - 24/09/17 23:21:53 INFO SecurityManager: SecurityManager: authentication disabled; ui acls disabled; users  with view permissions: Set(root); groups with view permissions: Set(); users  with modify permissions: Set(root); groups with modify permissions: Set()
[2024-09-17T23:21:56.273+0000] {ssh.py:524} INFO - 24/09/17 23:21:56 INFO Utils: Successfully started service 'sparkDriver' on port 43705.
[2024-09-17T23:21:57.013+0000] {ssh.py:524} INFO - 24/09/17 23:21:57 INFO SparkEnv: Registering MapOutputTracker
[2024-09-17T23:21:57.399+0000] {ssh.py:524} INFO - 24/09/17 23:21:57 INFO SparkEnv: Registering BlockManagerMaster
[2024-09-17T23:21:57.501+0000] {ssh.py:524} INFO - 24/09/17 23:21:57 INFO BlockManagerMasterEndpoint: Using org.apache.spark.storage.DefaultTopologyMapper for getting topology information
[2024-09-17T23:21:57.505+0000] {ssh.py:524} INFO - 24/09/17 23:21:57 INFO BlockManagerMasterEndpoint: BlockManagerMasterEndpoint up
[2024-09-17T23:21:57.550+0000] {ssh.py:524} INFO - 24/09/17 23:21:57 INFO SparkEnv: Registering BlockManagerMasterHeartbeat
[2024-09-17T23:21:57.727+0000] {ssh.py:524} INFO - 24/09/17 23:21:57 INFO DiskBlockManager: Created local directory at /tmp/blockmgr-16cabf9c-cc7f-4e0f-bdf2-54042f8569ab
[2024-09-17T23:21:57.943+0000] {ssh.py:524} INFO - 24/09/17 23:21:57 INFO MemoryStore: MemoryStore started with capacity 434.4 MiB
[2024-09-17T23:21:58.060+0000] {ssh.py:524} INFO - 24/09/17 23:21:58 INFO SparkEnv: Registering OutputCommitCoordinator
[2024-09-17T23:21:59.731+0000] {ssh.py:524} INFO - 24/09/17 23:21:59 INFO Utils: Successfully started service 'SparkUI' on port 4040.
[2024-09-17T23:22:01.438+0000] {ssh.py:524} INFO - 24/09/17 23:22:01 INFO Executor: Starting executor ID driver on host spark-master
[2024-09-17T23:22:01.513+0000] {ssh.py:524} INFO - 24/09/17 23:22:01 INFO Executor: Starting executor with user classpath (userClassPathFirst = false): ''
[2024-09-17T23:22:01.858+0000] {ssh.py:524} INFO - 24/09/17 23:22:01 INFO Utils: Successfully started service 'org.apache.spark.network.netty.NettyBlockTransferService' on port 39479.
[2024-09-17T23:22:01.859+0000] {ssh.py:524} INFO - 24/09/17 23:22:01 INFO NettyBlockTransferService: Server created on spark-master:39479
[2024-09-17T23:22:01.863+0000] {ssh.py:524} INFO - 24/09/17 23:22:01 INFO BlockManager: Using org.apache.spark.storage.RandomBlockReplicationPolicy for block replication policy
[2024-09-17T23:22:01.945+0000] {ssh.py:524} INFO - 24/09/17 23:22:01 INFO BlockManagerMaster: Registering BlockManager BlockManagerId(driver, spark-master, 39479, None)
[2024-09-17T23:22:01.963+0000] {ssh.py:524} INFO - 24/09/17 23:22:01 INFO BlockManagerMasterEndpoint: Registering block manager spark-master:39479 with 434.4 MiB RAM, BlockManagerId(driver, spark-master, 39479, None)
[2024-09-17T23:22:01.973+0000] {ssh.py:524} INFO - 24/09/17 23:22:01 INFO BlockManagerMaster: Registered BlockManager BlockManagerId(driver, spark-master, 39479, None)
[2024-09-17T23:22:01.994+0000] {ssh.py:524} INFO - 24/09/17 23:22:01 INFO BlockManager: Initialized BlockManager: BlockManagerId(driver, spark-master, 39479, None)
[2024-09-17T23:22:12.061+0000] {taskinstance.py:1937} ERROR - Task failed with exception
Traceback (most recent call last):
  File "/home/airflow/.local/lib/python3.8/site-packages/airflow/providers/ssh/operators/ssh.py", line 178, in execute
    result = self.run_ssh_client_command(ssh_client, self.command, context=context)
  File "/home/airflow/.local/lib/python3.8/site-packages/airflow/providers/ssh/operators/ssh.py", line 163, in run_ssh_client_command
    exit_status, agg_stdout, agg_stderr = self.hook.exec_ssh_client_command(
  File "/home/airflow/.local/lib/python3.8/site-packages/airflow/providers/ssh/hooks/ssh.py", line 549, in exec_ssh_client_command
    raise AirflowException("SSH command timed out")
airflow.exceptions.AirflowException: SSH command timed out
[2024-09-17T23:22:12.071+0000] {taskinstance.py:1400} INFO - Marking task as UP_FOR_RETRY. dag_id=raw_ingestion, task_id=raw_ingestion, execution_date=20240917T010000, start_date=20240917T232143, end_date=20240917T232212
[2024-09-17T23:22:12.102+0000] {standard_task_runner.py:104} ERROR - Failed to execute job 61 for task raw_ingestion (SSH command timed out; 1124)
[2024-09-17T23:22:12.126+0000] {local_task_job_runner.py:228} INFO - Task exited with return code 1
[2024-09-17T23:22:12.204+0000] {taskinstance.py:2778} INFO - 0 downstream tasks scheduled from follow-on schedule check
