[2024-09-24T01:45:15.029+0000] {taskinstance.py:1159} INFO - Dependencies all met for dep_context=non-requeueable deps ti=<TaskInstance: raw_ingestion_15min.trigger_stage_processing scheduled__2024-09-24T01:30:00+00:00 [queued]>
[2024-09-24T01:45:15.038+0000] {taskinstance.py:1159} INFO - Dependencies all met for dep_context=requeueable deps ti=<TaskInstance: raw_ingestion_15min.trigger_stage_processing scheduled__2024-09-24T01:30:00+00:00 [queued]>
[2024-09-24T01:45:15.039+0000] {taskinstance.py:1361} INFO - Starting attempt 1 of 1
[2024-09-24T01:45:15.050+0000] {taskinstance.py:1382} INFO - Executing <Task(TriggerDagRunOperator): trigger_stage_processing> on 2024-09-24 01:30:00+00:00
[2024-09-24T01:45:15.055+0000] {standard_task_runner.py:57} INFO - Started process 3714 to run task
[2024-09-24T01:45:15.057+0000] {standard_task_runner.py:84} INFO - Running: ['airflow', 'tasks', 'run', 'raw_ingestion_15min', 'trigger_stage_processing', 'scheduled__2024-09-24T01:30:00+00:00', '--job-id', '600', '--raw', '--subdir', 'DAGS_FOLDER/raw_ingestion_15min.py', '--cfg-path', '/tmp/tmp0lbbed4n']
[2024-09-24T01:45:15.058+0000] {standard_task_runner.py:85} INFO - Job 600: Subtask trigger_stage_processing
[2024-09-24T01:45:15.171+0000] {task_command.py:416} INFO - Running <TaskInstance: raw_ingestion_15min.trigger_stage_processing scheduled__2024-09-24T01:30:00+00:00 [running]> on host airflow-worker
[2024-09-24T01:45:15.356+0000] {taskinstance.py:1662} INFO - Exporting env vars: AIRFLOW_CTX_DAG_OWNER='***' AIRFLOW_CTX_DAG_ID='raw_ingestion_15min' AIRFLOW_CTX_TASK_ID='trigger_stage_processing' AIRFLOW_CTX_EXECUTION_DATE='2024-09-24T01:30:00+00:00' AIRFLOW_CTX_TRY_NUMBER='1' AIRFLOW_CTX_DAG_RUN_ID='scheduled__2024-09-24T01:30:00+00:00'
[2024-09-24T01:45:15.437+0000] {trigger_dagrun.py:173} INFO - Clearing stage_processing on 2024-09-24T00:00:00+00:00
[2024-09-24T01:45:15.649+0000] {trigger_dagrun.py:209} INFO - Waiting for stage_processing on 2024-09-24 00:00:00+00:00 to become allowed state ['success'] ...
[2024-09-24T01:45:25.689+0000] {trigger_dagrun.py:209} INFO - Waiting for stage_processing on 2024-09-24 00:00:00+00:00 to become allowed state ['success'] ...
[2024-09-24T01:45:35.743+0000] {trigger_dagrun.py:209} INFO - Waiting for stage_processing on 2024-09-24 00:00:00+00:00 to become allowed state ['success'] ...
[2024-09-24T01:45:45.782+0000] {trigger_dagrun.py:209} INFO - Waiting for stage_processing on 2024-09-24 00:00:00+00:00 to become allowed state ['success'] ...
[2024-09-24T01:45:55.871+0000] {trigger_dagrun.py:209} INFO - Waiting for stage_processing on 2024-09-24 00:00:00+00:00 to become allowed state ['success'] ...
[2024-09-24T01:46:05.910+0000] {trigger_dagrun.py:209} INFO - Waiting for stage_processing on 2024-09-24 00:00:00+00:00 to become allowed state ['success'] ...
[2024-09-24T01:46:15.947+0000] {trigger_dagrun.py:209} INFO - Waiting for stage_processing on 2024-09-24 00:00:00+00:00 to become allowed state ['success'] ...
[2024-09-24T01:46:26.002+0000] {trigger_dagrun.py:209} INFO - Waiting for stage_processing on 2024-09-24 00:00:00+00:00 to become allowed state ['success'] ...
[2024-09-24T01:46:36.049+0000] {trigger_dagrun.py:209} INFO - Waiting for stage_processing on 2024-09-24 00:00:00+00:00 to become allowed state ['success'] ...
[2024-09-24T01:46:46.102+0000] {trigger_dagrun.py:209} INFO - Waiting for stage_processing on 2024-09-24 00:00:00+00:00 to become allowed state ['success'] ...
[2024-09-24T01:46:56.162+0000] {trigger_dagrun.py:209} INFO - Waiting for stage_processing on 2024-09-24 00:00:00+00:00 to become allowed state ['success'] ...
[2024-09-24T01:47:06.204+0000] {trigger_dagrun.py:209} INFO - Waiting for stage_processing on 2024-09-24 00:00:00+00:00 to become allowed state ['success'] ...
[2024-09-24T01:47:16.269+0000] {trigger_dagrun.py:209} INFO - Waiting for stage_processing on 2024-09-24 00:00:00+00:00 to become allowed state ['success'] ...
[2024-09-24T01:47:26.316+0000] {trigger_dagrun.py:209} INFO - Waiting for stage_processing on 2024-09-24 00:00:00+00:00 to become allowed state ['success'] ...
[2024-09-24T01:47:36.385+0000] {trigger_dagrun.py:209} INFO - Waiting for stage_processing on 2024-09-24 00:00:00+00:00 to become allowed state ['success'] ...
[2024-09-24T01:47:46.459+0000] {trigger_dagrun.py:209} INFO - Waiting for stage_processing on 2024-09-24 00:00:00+00:00 to become allowed state ['success'] ...
[2024-09-24T01:47:56.520+0000] {trigger_dagrun.py:209} INFO - Waiting for stage_processing on 2024-09-24 00:00:00+00:00 to become allowed state ['success'] ...
[2024-09-24T01:48:06.578+0000] {trigger_dagrun.py:209} INFO - Waiting for stage_processing on 2024-09-24 00:00:00+00:00 to become allowed state ['success'] ...
[2024-09-24T01:48:16.628+0000] {trigger_dagrun.py:209} INFO - Waiting for stage_processing on 2024-09-24 00:00:00+00:00 to become allowed state ['success'] ...
[2024-09-24T01:48:26.688+0000] {trigger_dagrun.py:209} INFO - Waiting for stage_processing on 2024-09-24 00:00:00+00:00 to become allowed state ['success'] ...
[2024-09-24T01:48:36.729+0000] {trigger_dagrun.py:209} INFO - Waiting for stage_processing on 2024-09-24 00:00:00+00:00 to become allowed state ['success'] ...
[2024-09-24T01:48:46.801+0000] {taskinstance.py:1937} ERROR - Task failed with exception
Traceback (most recent call last):
  File "/home/airflow/.local/lib/python3.8/site-packages/airflow/operators/trigger_dagrun.py", line 220, in execute
    raise AirflowException(f"{self.trigger_dag_id} failed with failed states {state}")
airflow.exceptions.AirflowException: stage_processing failed with failed states failed
[2024-09-24T01:48:46.805+0000] {taskinstance.py:1400} INFO - Marking task as FAILED. dag_id=raw_ingestion_15min, task_id=trigger_stage_processing, execution_date=20240924T013000, start_date=20240924T014515, end_date=20240924T014846
[2024-09-24T01:48:46.832+0000] {standard_task_runner.py:104} ERROR - Failed to execute job 600 for task trigger_stage_processing (stage_processing failed with failed states failed; 3714)
[2024-09-24T01:48:46.848+0000] {local_task_job_runner.py:228} INFO - Task exited with return code 1
[2024-09-24T01:48:46.895+0000] {taskinstance.py:2778} INFO - 0 downstream tasks scheduled from follow-on schedule check
