[2024-09-23T01:49:23.204+0000] {taskinstance.py:1159} INFO - Dependencies all met for dep_context=non-requeueable deps ti=<TaskInstance: raw_ingestion_15min.spark_raw_ingestion_corredor manual__2024-09-23T01:49:22.294617+00:00 [queued]>
[2024-09-23T01:49:23.215+0000] {taskinstance.py:1159} INFO - Dependencies all met for dep_context=requeueable deps ti=<TaskInstance: raw_ingestion_15min.spark_raw_ingestion_corredor manual__2024-09-23T01:49:22.294617+00:00 [queued]>
[2024-09-23T01:49:23.216+0000] {taskinstance.py:1361} INFO - Starting attempt 1 of 0
[2024-09-23T01:49:23.231+0000] {taskinstance.py:1382} INFO - Executing <Task(SSHOperator): spark_raw_ingestion_corredor> on 2024-09-23 01:49:22.294617+00:00
[2024-09-23T01:49:23.235+0000] {standard_task_runner.py:57} INFO - Started process 4080 to run task
[2024-09-23T01:49:23.237+0000] {standard_task_runner.py:84} INFO - Running: ['airflow', 'tasks', 'run', 'raw_ingestion_15min', 'spark_raw_ingestion_corredor', 'manual__2024-09-23T01:49:22.294617+00:00', '--job-id', '461', '--raw', '--subdir', 'DAGS_FOLDER/raw_ingestion_15min.py', '--cfg-path', '/tmp/tmpomokz629']
[2024-09-23T01:49:23.238+0000] {standard_task_runner.py:85} INFO - Job 461: Subtask spark_raw_ingestion_corredor
[2024-09-23T01:49:23.345+0000] {task_command.py:416} INFO - Running <TaskInstance: raw_ingestion_15min.spark_raw_ingestion_corredor manual__2024-09-23T01:49:22.294617+00:00 [running]> on host airflow-worker
[2024-09-23T01:49:23.524+0000] {taskinstance.py:1662} INFO - Exporting env vars: AIRFLOW_CTX_DAG_OWNER='***' AIRFLOW_CTX_DAG_ID='raw_ingestion_15min' AIRFLOW_CTX_TASK_ID='spark_raw_ingestion_corredor' AIRFLOW_CTX_EXECUTION_DATE='2024-09-23T01:49:22.294617+00:00' AIRFLOW_CTX_TRY_NUMBER='1' AIRFLOW_CTX_DAG_RUN_ID='manual__2024-09-23T01:49:22.294617+00:00'
[2024-09-23T01:49:23.524+0000] {ssh.py:141} INFO - Creating ssh_client
[2024-09-23T01:49:23.525+0000] {ssh.py:114} INFO - ssh_hook is not provided or invalid. Trying ssh_conn_id to create SSHHook.
[2024-09-23T01:49:23.553+0000] {base.py:73} INFO - Using connection ID 'spark_ssh_default' for task execution.
[2024-09-23T01:49:23.554+0000] {ssh.py:300} WARNING - No Host Key Verification. This won't protect against Man-In-The-Middle attacks
[2024-09-23T01:49:23.562+0000] {transport.py:1893} INFO - Connected (version 2.0, client OpenSSH_8.9p1)
[2024-09-23T01:49:23.648+0000] {transport.py:1893} INFO - Authentication (password) successful!
[2024-09-23T01:49:23.649+0000] {ssh.py:478} INFO - Running command: export SPARK_HOME=/usr/local/spark; /opt/conda/bin/spark-submit --master local[*] --driver-cores 2 --executor-cores 2 --driver-memory 4G --executor-memory 4G /opt/shared/scripts/raw_ingestion.py 2024-09-23 corredor
[2024-09-23T01:49:26.019+0000] {ssh.py:524} INFO - [DEBUG] dt_now: 2024-09-23
[2024-09-23T01:49:26.020+0000] {ssh.py:524} INFO - [DEBUG] endpoint: corredor
[2024-09-23T01:49:26.079+0000] {ssh.py:524} INFO - 24/09/23 01:49:26 INFO SparkContext: Running Spark version 3.3.1
[2024-09-23T01:49:26.103+0000] {ssh.py:524} INFO - 24/09/23 01:49:26 WARN NativeCodeLoader: Unable to load native-hadoop library for your platform... using builtin-java classes where applicable
[2024-09-23T01:49:26.194+0000] {ssh.py:524} INFO - 24/09/23 01:49:26 INFO ResourceUtils: ==============================================================
[2024-09-23T01:49:26.195+0000] {ssh.py:524} INFO - 24/09/23 01:49:26 INFO ResourceUtils: No custom resources configured for spark.driver.
[2024-09-23T01:49:26.195+0000] {ssh.py:524} INFO - 24/09/23 01:49:26 INFO ResourceUtils: ==============================================================
[2024-09-23T01:49:26.196+0000] {ssh.py:524} INFO - 24/09/23 01:49:26 INFO SparkContext: Submitted application: raw_ingestion_corredor
[2024-09-23T01:49:26.220+0000] {ssh.py:524} INFO - 24/09/23 01:49:26 INFO ResourceProfile: Default ResourceProfile created, executor resources: Map(cores -> name: cores, amount: 1, script: , vendor: , memory -> name: memory, amount: 1024, script: , vendor: , offHeap -> name: offHeap, amount: 0, script: , vendor: ), task resources: Map(cpus -> name: cpus, amount: 1.0)
[2024-09-23T01:49:26.229+0000] {ssh.py:524} INFO - 24/09/23 01:49:26 INFO ResourceProfile: Limiting resource is cpu
[2024-09-23T01:49:26.230+0000] {ssh.py:524} INFO - 24/09/23 01:49:26 INFO ResourceProfileManager: Added ResourceProfile id: 0
[2024-09-23T01:49:26.271+0000] {ssh.py:524} INFO - 24/09/23 01:49:26 INFO SecurityManager: Changing view acls to: root
[2024-09-23T01:49:26.271+0000] {ssh.py:524} INFO - 24/09/23 01:49:26 INFO SecurityManager: Changing modify acls to: root
[2024-09-23T01:49:26.272+0000] {ssh.py:524} INFO - 24/09/23 01:49:26 INFO SecurityManager: Changing view acls groups to: 
[2024-09-23T01:49:26.273+0000] {ssh.py:524} INFO - 24/09/23 01:49:26 INFO SecurityManager: Changing modify acls groups to: 
[2024-09-23T01:49:26.273+0000] {ssh.py:524} INFO - 24/09/23 01:49:26 INFO SecurityManager: SecurityManager: authentication disabled; ui acls disabled; users  with view permissions: Set(root); groups with view permissions: Set(); users  with modify permissions: Set(root); groups with modify permissions: Set()
[2024-09-23T01:49:26.586+0000] {ssh.py:524} INFO - 24/09/23 01:49:26 INFO Utils: Successfully started service 'sparkDriver' on port 43725.
[2024-09-23T01:49:26.625+0000] {ssh.py:524} INFO - 24/09/23 01:49:26 INFO SparkEnv: Registering MapOutputTracker
[2024-09-23T01:49:26.663+0000] {ssh.py:524} INFO - 24/09/23 01:49:26 INFO SparkEnv: Registering BlockManagerMaster
[2024-09-23T01:49:26.685+0000] {ssh.py:524} INFO - 24/09/23 01:49:26 INFO BlockManagerMasterEndpoint: Using org.apache.spark.storage.DefaultTopologyMapper for getting topology information
[2024-09-23T01:49:26.697+0000] {ssh.py:524} INFO - 24/09/23 01:49:26 INFO BlockManagerMasterEndpoint: BlockManagerMasterEndpoint up
[2024-09-23T01:49:26.707+0000] {ssh.py:524} INFO - 24/09/23 01:49:26 INFO SparkEnv: Registering BlockManagerMasterHeartbeat
[2024-09-23T01:49:26.727+0000] {ssh.py:524} INFO - 24/09/23 01:49:26 INFO DiskBlockManager: Created local directory at /tmp/blockmgr-bfe23fed-f004-4530-b512-ef63be36ac0e
[2024-09-23T01:49:26.744+0000] {ssh.py:524} INFO - 24/09/23 01:49:26 INFO MemoryStore: MemoryStore started with capacity 2.2 GiB
[2024-09-23T01:49:26.761+0000] {ssh.py:524} INFO - 24/09/23 01:49:26 INFO SparkEnv: Registering OutputCommitCoordinator
[2024-09-23T01:49:26.958+0000] {ssh.py:524} INFO - 24/09/23 01:49:26 INFO Utils: Successfully started service 'SparkUI' on port 4040.
[2024-09-23T01:49:27.094+0000] {ssh.py:524} INFO - 24/09/23 01:49:27 INFO Executor: Starting executor ID driver on host spark-master
[2024-09-23T01:49:27.103+0000] {ssh.py:524} INFO - 24/09/23 01:49:27 INFO Executor: Starting executor with user classpath (userClassPathFirst = false): ''
[2024-09-23T01:49:27.123+0000] {ssh.py:524} INFO - 24/09/23 01:49:27 INFO Utils: Successfully started service 'org.apache.spark.network.netty.NettyBlockTransferService' on port 38115.
[2024-09-23T01:49:27.124+0000] {ssh.py:524} INFO - 24/09/23 01:49:27 INFO NettyBlockTransferService: Server created on spark-master:38115
[2024-09-23T01:49:27.126+0000] {ssh.py:524} INFO - 24/09/23 01:49:27 INFO BlockManager: Using org.apache.spark.storage.RandomBlockReplicationPolicy for block replication policy
[2024-09-23T01:49:27.134+0000] {ssh.py:524} INFO - 24/09/23 01:49:27 INFO BlockManagerMaster: Registering BlockManager BlockManagerId(driver, spark-master, 38115, None)
[2024-09-23T01:49:27.142+0000] {ssh.py:524} INFO - 24/09/23 01:49:27 INFO BlockManagerMasterEndpoint: Registering block manager spark-master:38115 with 2.2 GiB RAM, BlockManagerId(driver, spark-master, 38115, None)
[2024-09-23T01:49:27.146+0000] {ssh.py:524} INFO - 24/09/23 01:49:27 INFO BlockManagerMaster: Registered BlockManager BlockManagerId(driver, spark-master, 38115, None)
[2024-09-23T01:49:27.147+0000] {ssh.py:524} INFO - 24/09/23 01:49:27 INFO BlockManager: Initialized BlockManager: BlockManagerId(driver, spark-master, 38115, None)
[2024-09-23T01:49:28.067+0000] {ssh.py:524} INFO - 24/09/23 01:49:28 INFO SharedState: Setting hive.metastore.warehouse.dir ('null') to the value of spark.sql.warehouse.dir.
[2024-09-23T01:49:28.073+0000] {ssh.py:524} INFO - 24/09/23 01:49:28 INFO SharedState: Warehouse path is 'file:/root/spark-warehouse'.
[2024-09-23T01:49:29.861+0000] {ssh.py:524} INFO - 24/09/23 01:49:29 WARN MetricsConfig: Cannot locate configuration: tried hadoop-metrics2-s3a-file-system.properties,hadoop-metrics2.properties
[2024-09-23T01:49:29.874+0000] {ssh.py:524} INFO - 24/09/23 01:49:29 INFO MetricsSystemImpl: Scheduled Metric snapshot period at 10 second(s).
[2024-09-23T01:49:29.875+0000] {ssh.py:524} INFO - 24/09/23 01:49:29 INFO MetricsSystemImpl: s3a-file-system metrics system started
[2024-09-23T01:49:30.850+0000] {ssh.py:524} INFO - 24/09/23 01:49:30 WARN AbstractS3ACommitterFactory: Using standard FileOutputCommitter to commit work. This is slow and potentially unsafe.
[2024-09-23T01:49:30.850+0000] {ssh.py:524} INFO - 24/09/23 01:49:30 INFO FileOutputCommitter: File Output Committer Algorithm version is 1
[2024-09-23T01:49:30.851+0000] {ssh.py:524} INFO - 24/09/23 01:49:30 INFO FileOutputCommitter: FileOutputCommitter skip cleanup _temporary folders under output directory:false, ignore cleanup failures: false
[2024-09-23T01:49:30.852+0000] {ssh.py:524} INFO - 24/09/23 01:49:30 INFO AbstractS3ACommitterFactory: Using Committer FileOutputCommitter{PathOutputCommitter{context=TaskAttemptContextImpl{JobContextImpl{jobId=job_202409230149307634264569866345861_0000}; taskId=attempt_202409230149307634264569866345861_0000_m_000000_0, status=''}; org.apache.hadoop.mapreduce.lib.output.FileOutputCommitter@49c5f2e3}; outputPath=s3a://raw/olhovivo/corredor/dt=2024-09-23, workPath=s3a://raw/olhovivo/corredor/dt=2024-09-23/_temporary/0/_temporary/attempt_202409230149307634264569866345861_0000_m_000000_0, algorithmVersion=1, skipCleanup=false, ignoreCleanupFailures=false} for s3a://raw/olhovivo/corredor/dt=2024-09-23
[2024-09-23T01:49:30.853+0000] {ssh.py:524} INFO - 24/09/23 01:49:30 INFO SQLHadoopMapReduceCommitProtocol: Using output committer class org.apache.hadoop.mapreduce.lib.output.FileOutputCommitter
[2024-09-23T01:49:31.290+0000] {ssh.py:524} INFO - 24/09/23 01:49:31 INFO CodeGenerator: Code generated in 130.629678 ms
[2024-09-23T01:49:31.392+0000] {ssh.py:524} INFO - 24/09/23 01:49:31 INFO SparkContext: Starting job: save at NativeMethodAccessorImpl.java:0
[2024-09-23T01:49:31.402+0000] {ssh.py:524} INFO - 24/09/23 01:49:31 INFO DAGScheduler: Got job 0 (save at NativeMethodAccessorImpl.java:0) with 12 output partitions
[2024-09-23T01:49:31.403+0000] {ssh.py:524} INFO - 24/09/23 01:49:31 INFO DAGScheduler: Final stage: ResultStage 0 (save at NativeMethodAccessorImpl.java:0)
[2024-09-23T01:49:31.403+0000] {ssh.py:524} INFO - 24/09/23 01:49:31 INFO DAGScheduler: Parents of final stage: List()
[2024-09-23T01:49:31.404+0000] {ssh.py:524} INFO - 24/09/23 01:49:31 INFO DAGScheduler: Missing parents: List()
[2024-09-23T01:49:31.407+0000] {ssh.py:524} INFO - 24/09/23 01:49:31 INFO DAGScheduler: Submitting ResultStage 0 (MapPartitionsRDD[5] at save at NativeMethodAccessorImpl.java:0), which has no missing parents
[2024-09-23T01:49:31.497+0000] {ssh.py:524} INFO - 24/09/23 01:49:31 INFO MemoryStore: Block broadcast_0 stored as values in memory (estimated size 219.9 KiB, free 2.2 GiB)
[2024-09-23T01:49:31.521+0000] {ssh.py:524} INFO - 24/09/23 01:49:31 INFO MemoryStore: Block broadcast_0_piece0 stored as bytes in memory (estimated size 80.5 KiB, free 2.2 GiB)
[2024-09-23T01:49:31.524+0000] {ssh.py:524} INFO - 24/09/23 01:49:31 INFO BlockManagerInfo: Added broadcast_0_piece0 in memory on spark-master:38115 (size: 80.5 KiB, free: 2.2 GiB)
[2024-09-23T01:49:31.527+0000] {ssh.py:524} INFO - 24/09/23 01:49:31 INFO SparkContext: Created broadcast 0 from broadcast at DAGScheduler.scala:1513
[2024-09-23T01:49:31.537+0000] {ssh.py:524} INFO - 24/09/23 01:49:31 INFO DAGScheduler: Submitting 12 missing tasks from ResultStage 0 (MapPartitionsRDD[5] at save at NativeMethodAccessorImpl.java:0) (first 15 tasks are for partitions Vector(0, 1, 2, 3, 4, 5, 6, 7, 8, 9, 10, 11))
[2024-09-23T01:49:31.538+0000] {ssh.py:524} INFO - 24/09/23 01:49:31 INFO TaskSchedulerImpl: Adding task set 0.0 with 12 tasks resource profile 0
[2024-09-23T01:49:31.592+0000] {ssh.py:524} INFO - 24/09/23 01:49:31 INFO TaskSetManager: Starting task 0.0 in stage 0.0 (TID 0) (spark-master, executor driver, partition 0, PROCESS_LOCAL, 4433 bytes) taskResourceAssignments Map()
[2024-09-23T01:49:31.605+0000] {ssh.py:524} INFO - 24/09/23 01:49:31 INFO TaskSetManager: Starting task 1.0 in stage 0.0 (TID 1) (spark-master, executor driver, partition 1, PROCESS_LOCAL, 4476 bytes) taskResourceAssignments Map()
[2024-09-23T01:49:31.606+0000] {ssh.py:524} INFO - 24/09/23 01:49:31 INFO TaskSetManager: Starting task 2.0 in stage 0.0 (TID 2) (spark-master, executor driver, partition 2, PROCESS_LOCAL, 4433 bytes) taskResourceAssignments Map()
[2024-09-23T01:49:31.607+0000] {ssh.py:524} INFO - 24/09/23 01:49:31 INFO TaskSetManager: Starting task 3.0 in stage 0.0 (TID 3) (spark-master, executor driver, partition 3, PROCESS_LOCAL, 4484 bytes) taskResourceAssignments Map()
[2024-09-23T01:49:31.607+0000] {ssh.py:524} INFO - 24/09/23 01:49:31 INFO TaskSetManager: Starting task 4.0 in stage 0.0 (TID 4) (spark-master, executor driver, partition 4, PROCESS_LOCAL, 4433 bytes) taskResourceAssignments Map()
[2024-09-23T01:49:31.608+0000] {ssh.py:524} INFO - 24/09/23 01:49:31 INFO TaskSetManager: Starting task 5.0 in stage 0.0 (TID 5) (spark-master, executor driver, partition 5, PROCESS_LOCAL, 4480 bytes) taskResourceAssignments Map()
[2024-09-23T01:49:31.608+0000] {ssh.py:524} INFO - 24/09/23 01:49:31 INFO TaskSetManager: Starting task 6.0 in stage 0.0 (TID 6) (spark-master, executor driver, partition 6, PROCESS_LOCAL, 4476 bytes) taskResourceAssignments Map()
[2024-09-23T01:49:31.609+0000] {ssh.py:524} INFO - 24/09/23 01:49:31 INFO TaskSetManager: Starting task 7.0 in stage 0.0 (TID 7) (spark-master, executor driver, partition 7, PROCESS_LOCAL, 4433 bytes) taskResourceAssignments Map()
[2024-09-23T01:49:31.609+0000] {ssh.py:524} INFO - 24/09/23 01:49:31 INFO TaskSetManager: Starting task 8.0 in stage 0.0 (TID 8) (spark-master, executor driver, partition 8, PROCESS_LOCAL, 4473 bytes) taskResourceAssignments Map()
[2024-09-23T01:49:31.609+0000] {ssh.py:524} INFO - 24/09/23 01:49:31 INFO TaskSetManager: Starting task 9.0 in stage 0.0 (TID 9) (spark-master, executor driver, partition 9, PROCESS_LOCAL, 4433 bytes) taskResourceAssignments Map()
[2024-09-23T01:49:31.610+0000] {ssh.py:524} INFO - 24/09/23 01:49:31 INFO TaskSetManager: Starting task 10.0 in stage 0.0 (TID 10) (spark-master, executor driver, partition 10, PROCESS_LOCAL, 4476 bytes) taskResourceAssignments Map()
[2024-09-23T01:49:31.610+0000] {ssh.py:524} INFO - 24/09/23 01:49:31 INFO TaskSetManager: Starting task 11.0 in stage 0.0 (TID 11) (spark-master, executor driver, partition 11, PROCESS_LOCAL, 4479 bytes) taskResourceAssignments Map()
[2024-09-23T01:49:31.621+0000] {ssh.py:524} INFO - 24/09/23 01:49:31 INFO Executor: Running task 0.0 in stage 0.0 (TID 0)
[2024-09-23T01:49:31.622+0000] {ssh.py:524} INFO - 24/09/23 01:49:31 INFO Executor: Running task 1.0 in stage 0.0 (TID 1)
[2024-09-23T01:49:31.623+0000] {ssh.py:524} INFO - 24/09/23 01:49:31 INFO Executor: Running task 8.0 in stage 0.0 (TID 8)
[2024-09-23T01:49:31.623+0000] {ssh.py:524} INFO - 24/09/23 01:49:31 INFO Executor: Running task 2.0 in stage 0.0 (TID 2)
[2024-09-23T01:49:31.623+0000] {ssh.py:524} INFO - 24/09/23 01:49:31 INFO Executor: Running task 3.0 in stage 0.0 (TID 3)
[2024-09-23T01:49:31.624+0000] {ssh.py:524} INFO - 24/09/23 01:49:31 INFO Executor: Running task 4.0 in stage 0.0 (TID 4)
[2024-09-23T01:49:31.624+0000] {ssh.py:524} INFO - 24/09/23 01:49:31 INFO Executor: Running task 7.0 in stage 0.0 (TID 7)
[2024-09-23T01:49:31.625+0000] {ssh.py:524} INFO - 24/09/23 01:49:31 INFO Executor: Running task 6.0 in stage 0.0 (TID 6)
[2024-09-23T01:49:31.625+0000] {ssh.py:524} INFO - 24/09/23 01:49:31 INFO Executor: Running task 5.0 in stage 0.0 (TID 5)
[2024-09-23T01:49:31.625+0000] {ssh.py:524} INFO - 24/09/23 01:49:31 INFO Executor: Running task 9.0 in stage 0.0 (TID 9)
[2024-09-23T01:49:31.632+0000] {ssh.py:524} INFO - 24/09/23 01:49:31 INFO Executor: Running task 10.0 in stage 0.0 (TID 10)
[2024-09-23T01:49:31.634+0000] {ssh.py:524} INFO - 24/09/23 01:49:31 INFO Executor: Running task 11.0 in stage 0.0 (TID 11)
[2024-09-23T01:49:32.418+0000] {ssh.py:524} INFO - 24/09/23 01:49:32 WARN AbstractS3ACommitterFactory: Using standard FileOutputCommitter to commit work. This is slow and potentially unsafe.
[2024-09-23T01:49:32.419+0000] {ssh.py:524} INFO - 24/09/23 01:49:32 WARN AbstractS3ACommitterFactory: Using standard FileOutputCommitter to commit work. This is slow and potentially unsafe.
[2024-09-23T01:49:32.419+0000] {ssh.py:524} INFO - 24/09/23 01:49:32 INFO FileOutputCommitter: File Output Committer Algorithm version is 1
[2024-09-23T01:49:32.420+0000] {ssh.py:524} INFO - 24/09/23 01:49:32 WARN AbstractS3ACommitterFactory: Using standard FileOutputCommitter to commit work. This is slow and potentially unsafe.
[2024-09-23T01:49:32.420+0000] {ssh.py:524} INFO - 24/09/23 01:49:32 INFO FileOutputCommitter: File Output Committer Algorithm version is 1
[2024-09-23T01:49:32.421+0000] {ssh.py:524} INFO - 24/09/23 01:49:32 INFO FileOutputCommitter: FileOutputCommitter skip cleanup _temporary folders under output directory:false, ignore cleanup failures: false
[2024-09-23T01:49:32.421+0000] {ssh.py:524} INFO - 24/09/23 01:49:32 INFO FileOutputCommitter: File Output Committer Algorithm version is 1
[2024-09-23T01:49:32.422+0000] {ssh.py:524} INFO - 24/09/23 01:49:32 INFO FileOutputCommitter: FileOutputCommitter skip cleanup _temporary folders under output directory:false, ignore cleanup failures: false
[2024-09-23T01:49:32.422+0000] {ssh.py:524} INFO - 24/09/23 01:49:32 INFO FileOutputCommitter: FileOutputCommitter skip cleanup _temporary folders under output directory:false, ignore cleanup failures: false
[2024-09-23T01:49:32.422+0000] {ssh.py:524} INFO - 24/09/23 01:49:32 INFO AbstractS3ACommitterFactory: Using Committer FileOutputCommitter{PathOutputCommitter{context=TaskAttemptContextImpl{JobContextImpl{jobId=job_202409230149317976173963455173609_0000}; taskId=attempt_202409230149317976173963455173609_0000_m_000000_0, status=''}; org.apache.hadoop.mapreduce.lib.output.FileOutputCommitter@39e718fa}; outputPath=s3a://raw/olhovivo/corredor/dt=2024-09-23, workPath=s3a://raw/olhovivo/corredor/dt=2024-09-23/_temporary/0/_temporary/attempt_202409230149317976173963455173609_0000_m_000000_0, algorithmVersion=1, skipCleanup=false, ignoreCleanupFailures=false} for s3a://raw/olhovivo/corredor/dt=2024-09-23
[2024-09-23T01:49:32.423+0000] {ssh.py:524} INFO - 24/09/23 01:49:32 INFO AbstractS3ACommitterFactory: Using Committer FileOutputCommitter{PathOutputCommitter{context=TaskAttemptContextImpl{JobContextImpl{jobId=job_202409230149315549456249741124771_0000}; taskId=attempt_202409230149315549456249741124771_0000_m_000002_2, status=''}; org.apache.hadoop.mapreduce.lib.output.FileOutputCommitter@571d7246}; outputPath=s3a://raw/olhovivo/corredor/dt=2024-09-23, workPath=s3a://raw/olhovivo/corredor/dt=2024-09-23/_temporary/0/_temporary/attempt_202409230149315549456249741124771_0000_m_000002_2, algorithmVersion=1, skipCleanup=false, ignoreCleanupFailures=false} for s3a://raw/olhovivo/corredor/dt=2024-09-23
[2024-09-23T01:49:32.423+0000] {ssh.py:524} INFO - 24/09/23 01:49:32 INFO AbstractS3ACommitterFactory: Using Committer FileOutputCommitter{PathOutputCommitter{context=TaskAttemptContextImpl{JobContextImpl{jobId=job_20240923014931794843075661899541_0000}; taskId=attempt_20240923014931794843075661899541_0000_m_000011_11, status=''}; org.apache.hadoop.mapreduce.lib.output.FileOutputCommitter@55742bf6}; outputPath=s3a://raw/olhovivo/corredor/dt=2024-09-23, workPath=s3a://raw/olhovivo/corredor/dt=2024-09-23/_temporary/0/_temporary/attempt_20240923014931794843075661899541_0000_m_000011_11, algorithmVersion=1, skipCleanup=false, ignoreCleanupFailures=false} for s3a://raw/olhovivo/corredor/dt=2024-09-23
[2024-09-23T01:49:32.424+0000] {ssh.py:524} INFO - 24/09/23 01:49:32 WARN AbstractS3ACommitterFactory: Using standard FileOutputCommitter to commit work. This is slow and potentially unsafe.
[2024-09-23T01:49:32.424+0000] {ssh.py:524} INFO - 24/09/23 01:49:32 INFO SQLHadoopMapReduceCommitProtocol: Using output committer class org.apache.hadoop.mapreduce.lib.output.FileOutputCommitter
[2024-09-23T01:49:32.424+0000] {ssh.py:524} INFO - 24/09/23 01:49:32 WARN AbstractS3ACommitterFactory: Using standard FileOutputCommitter to commit work. This is slow and potentially unsafe.
[2024-09-23T01:49:32.425+0000] {ssh.py:524} INFO - 24/09/23 01:49:32 INFO FileOutputCommitter: File Output Committer Algorithm version is 1
[2024-09-23T01:49:32.425+0000] {ssh.py:524} INFO - 24/09/23 01:49:32 INFO SQLHadoopMapReduceCommitProtocol: Using output committer class org.apache.hadoop.mapreduce.lib.output.FileOutputCommitter
[2024-09-23T01:49:32.426+0000] {ssh.py:524} INFO - 24/09/23 01:49:32 INFO FileOutputCommitter: FileOutputCommitter skip cleanup _temporary folders under output directory:false, ignore cleanup failures: false
[2024-09-23T01:49:32.426+0000] {ssh.py:524} INFO - 24/09/23 01:49:32 INFO SQLHadoopMapReduceCommitProtocol: Using output committer class org.apache.hadoop.mapreduce.lib.output.FileOutputCommitter
[2024-09-23T01:49:32.426+0000] {ssh.py:524} INFO - 24/09/23 01:49:32 INFO FileOutputCommitter: File Output Committer Algorithm version is 1
[2024-09-23T01:49:32.427+0000] {ssh.py:524} INFO - 24/09/23 01:49:32 INFO AbstractS3ACommitterFactory: Using Committer FileOutputCommitter{PathOutputCommitter{context=TaskAttemptContextImpl{JobContextImpl{jobId=job_202409230149313039003256952726723_0000}; taskId=attempt_202409230149313039003256952726723_0000_m_000006_6, status=''}; org.apache.hadoop.mapreduce.lib.output.FileOutputCommitter@88a51a6}; outputPath=s3a://raw/olhovivo/corredor/dt=2024-09-23, workPath=s3a://raw/olhovivo/corredor/dt=2024-09-23/_temporary/0/_temporary/attempt_202409230149313039003256952726723_0000_m_000006_6, algorithmVersion=1, skipCleanup=false, ignoreCleanupFailures=false} for s3a://raw/olhovivo/corredor/dt=2024-09-23
[2024-09-23T01:49:32.427+0000] {ssh.py:524} INFO - 24/09/23 01:49:32 INFO SQLHadoopMapReduceCommitProtocol: Using output committer class org.apache.hadoop.mapreduce.lib.output.FileOutputCommitter
[2024-09-23T01:49:32.433+0000] {ssh.py:524} INFO - 24/09/23 01:49:32 INFO FileOutputCommitter: FileOutputCommitter skip cleanup _temporary folders under output directory:false, ignore cleanup failures: false
[2024-09-23T01:49:32.433+0000] {ssh.py:524} INFO - 24/09/23 01:49:32 INFO AbstractS3ACommitterFactory: Using Committer FileOutputCommitter{PathOutputCommitter{context=TaskAttemptContextImpl{JobContextImpl{jobId=job_20240923014931681971749422108772_0000}; taskId=attempt_20240923014931681971749422108772_0000_m_000001_1, status=''}; org.apache.hadoop.mapreduce.lib.output.FileOutputCommitter@6241703d}; outputPath=s3a://raw/olhovivo/corredor/dt=2024-09-23, workPath=s3a://raw/olhovivo/corredor/dt=2024-09-23/_temporary/0/_temporary/attempt_20240923014931681971749422108772_0000_m_000001_1, algorithmVersion=1, skipCleanup=false, ignoreCleanupFailures=false} for s3a://raw/olhovivo/corredor/dt=2024-09-23
[2024-09-23T01:49:32.434+0000] {ssh.py:524} INFO - 24/09/23 01:49:32 INFO SQLHadoopMapReduceCommitProtocol: Using output committer class org.apache.hadoop.mapreduce.lib.output.FileOutputCommitter
[2024-09-23T01:49:32.452+0000] {ssh.py:524} INFO - 24/09/23 01:49:32 WARN AbstractS3ACommitterFactory: Using standard FileOutputCommitter to commit work. This is slow and potentially unsafe.
[2024-09-23T01:49:32.453+0000] {ssh.py:524} INFO - 24/09/23 01:49:32 INFO FileOutputCommitter: File Output Committer Algorithm version is 1
[2024-09-23T01:49:32.453+0000] {ssh.py:524} INFO - 24/09/23 01:49:32 INFO FileOutputCommitter: FileOutputCommitter skip cleanup _temporary folders under output directory:false, ignore cleanup failures: false
[2024-09-23T01:49:32.454+0000] {ssh.py:524} INFO - 24/09/23 01:49:32 INFO AbstractS3ACommitterFactory: Using Committer FileOutputCommitter{PathOutputCommitter{context=TaskAttemptContextImpl{JobContextImpl{jobId=job_202409230149318238667027759579343_0000}; taskId=attempt_202409230149318238667027759579343_0000_m_000008_8, status=''}; org.apache.hadoop.mapreduce.lib.output.FileOutputCommitter@3afc3074}; outputPath=s3a://raw/olhovivo/corredor/dt=2024-09-23, workPath=s3a://raw/olhovivo/corredor/dt=2024-09-23/_temporary/0/_temporary/attempt_202409230149318238667027759579343_0000_m_000008_8, algorithmVersion=1, skipCleanup=false, ignoreCleanupFailures=false} for s3a://raw/olhovivo/corredor/dt=2024-09-23
[2024-09-23T01:49:32.454+0000] {ssh.py:524} INFO - 24/09/23 01:49:32 INFO SQLHadoopMapReduceCommitProtocol: Using output committer class org.apache.hadoop.mapreduce.lib.output.FileOutputCommitter
[2024-09-23T01:49:32.486+0000] {ssh.py:524} INFO - 24/09/23 01:49:32 WARN AbstractS3ACommitterFactory: Using standard FileOutputCommitter to commit work. This is slow and potentially unsafe.
[2024-09-23T01:49:32.487+0000] {ssh.py:524} INFO - 24/09/23 01:49:32 INFO FileOutputCommitter: File Output Committer Algorithm version is 1
[2024-09-23T01:49:32.487+0000] {ssh.py:524} INFO - 24/09/23 01:49:32 INFO FileOutputCommitter: FileOutputCommitter skip cleanup _temporary folders under output directory:false, ignore cleanup failures: false
[2024-09-23T01:49:32.488+0000] {ssh.py:524} INFO - 24/09/23 01:49:32 INFO AbstractS3ACommitterFactory: Using Committer FileOutputCommitter{PathOutputCommitter{context=TaskAttemptContextImpl{JobContextImpl{jobId=job_202409230149317206965194039382703_0000}; taskId=attempt_202409230149317206965194039382703_0000_m_000004_4, status=''}; org.apache.hadoop.mapreduce.lib.output.FileOutputCommitter@193d7057}; outputPath=s3a://raw/olhovivo/corredor/dt=2024-09-23, workPath=s3a://raw/olhovivo/corredor/dt=2024-09-23/_temporary/0/_temporary/attempt_202409230149317206965194039382703_0000_m_000004_4, algorithmVersion=1, skipCleanup=false, ignoreCleanupFailures=false} for s3a://raw/olhovivo/corredor/dt=2024-09-23
[2024-09-23T01:49:32.488+0000] {ssh.py:524} INFO - 24/09/23 01:49:32 INFO SQLHadoopMapReduceCommitProtocol: Using output committer class org.apache.hadoop.mapreduce.lib.output.FileOutputCommitter
[2024-09-23T01:49:32.496+0000] {ssh.py:524} INFO - 24/09/23 01:49:32 INFO PythonRunner: Times: total = 557, boot = 464, init = 92, finish = 1
[2024-09-23T01:49:32.505+0000] {ssh.py:524} INFO - 24/09/23 01:49:32 WARN AbstractS3ACommitterFactory: Using standard FileOutputCommitter to commit work. This is slow and potentially unsafe.
[2024-09-23T01:49:32.506+0000] {ssh.py:524} INFO - 24/09/23 01:49:32 INFO FileOutputCommitter: File Output Committer Algorithm version is 1
[2024-09-23T01:49:32.507+0000] {ssh.py:524} INFO - 24/09/23 01:49:32 INFO FileOutputCommitter: FileOutputCommitter skip cleanup _temporary folders under output directory:false, ignore cleanup failures: false
[2024-09-23T01:49:32.515+0000] {ssh.py:524} INFO - 24/09/23 01:49:32 INFO AbstractS3ACommitterFactory: Using Committer FileOutputCommitter{PathOutputCommitter{context=TaskAttemptContextImpl{JobContextImpl{jobId=job_202409230149315405096918225059550_0000}; taskId=attempt_202409230149315405096918225059550_0000_m_000009_9, status=''}; org.apache.hadoop.mapreduce.lib.output.FileOutputCommitter@66f98d48}; outputPath=s3a://raw/olhovivo/corredor/dt=2024-09-23, workPath=s3a://raw/olhovivo/corredor/dt=2024-09-23/_temporary/0/_temporary/attempt_202409230149315405096918225059550_0000_m_000009_9, algorithmVersion=1, skipCleanup=false, ignoreCleanupFailures=false} for s3a://raw/olhovivo/corredor/dt=2024-09-23
[2024-09-23T01:49:32.516+0000] {ssh.py:524} INFO - 24/09/23 01:49:32 INFO SQLHadoopMapReduceCommitProtocol: Using output committer class org.apache.hadoop.mapreduce.lib.output.FileOutputCommitter
[2024-09-23T01:49:32.516+0000] {ssh.py:524} INFO - 24/09/23 01:49:32 WARN AbstractS3ACommitterFactory: Using standard FileOutputCommitter to commit work. This is slow and potentially unsafe.
[2024-09-23T01:49:32.516+0000] {ssh.py:524} INFO - 24/09/23 01:49:32 INFO FileOutputCommitter: File Output Committer Algorithm version is 1
[2024-09-23T01:49:32.517+0000] {ssh.py:524} INFO - 24/09/23 01:49:32 INFO FileOutputCommitter: FileOutputCommitter skip cleanup _temporary folders under output directory:false, ignore cleanup failures: false
[2024-09-23T01:49:32.517+0000] {ssh.py:524} INFO - 24/09/23 01:49:32 INFO AbstractS3ACommitterFactory: Using Committer FileOutputCommitter{PathOutputCommitter{context=TaskAttemptContextImpl{JobContextImpl{jobId=job_202409230149314203783384256682859_0000}; taskId=attempt_202409230149314203783384256682859_0000_m_000010_10, status=''}; org.apache.hadoop.mapreduce.lib.output.FileOutputCommitter@2f483f26}; outputPath=s3a://raw/olhovivo/corredor/dt=2024-09-23, workPath=s3a://raw/olhovivo/corredor/dt=2024-09-23/_temporary/0/_temporary/attempt_202409230149314203783384256682859_0000_m_000010_10, algorithmVersion=1, skipCleanup=false, ignoreCleanupFailures=false} for s3a://raw/olhovivo/corredor/dt=2024-09-23
[2024-09-23T01:49:32.518+0000] {ssh.py:524} INFO - 24/09/23 01:49:32 INFO SQLHadoopMapReduceCommitProtocol: Using output committer class org.apache.hadoop.mapreduce.lib.output.FileOutputCommitter
[2024-09-23T01:49:32.523+0000] {ssh.py:524} INFO - 24/09/23 01:49:32 WARN AbstractS3ACommitterFactory: Using standard FileOutputCommitter to commit work. This is slow and potentially unsafe.
[2024-09-23T01:49:32.524+0000] {ssh.py:524} INFO - 24/09/23 01:49:32 INFO FileOutputCommitter: File Output Committer Algorithm version is 1
[2024-09-23T01:49:32.525+0000] {ssh.py:524} INFO - 24/09/23 01:49:32 INFO FileOutputCommitter: FileOutputCommitter skip cleanup _temporary folders under output directory:false, ignore cleanup failures: false
[2024-09-23T01:49:32.525+0000] {ssh.py:524} INFO - 24/09/23 01:49:32 INFO AbstractS3ACommitterFactory: Using Committer FileOutputCommitter{PathOutputCommitter{context=TaskAttemptContextImpl{JobContextImpl{jobId=job_202409230149317985697640051003013_0000}; taskId=attempt_202409230149317985697640051003013_0000_m_000005_5, status=''}; org.apache.hadoop.mapreduce.lib.output.FileOutputCommitter@a22a5ad}; outputPath=s3a://raw/olhovivo/corredor/dt=2024-09-23, workPath=s3a://raw/olhovivo/corredor/dt=2024-09-23/_temporary/0/_temporary/attempt_202409230149317985697640051003013_0000_m_000005_5, algorithmVersion=1, skipCleanup=false, ignoreCleanupFailures=false} for s3a://raw/olhovivo/corredor/dt=2024-09-23
[2024-09-23T01:49:32.525+0000] {ssh.py:524} INFO - 24/09/23 01:49:32 INFO SQLHadoopMapReduceCommitProtocol: Using output committer class org.apache.hadoop.mapreduce.lib.output.FileOutputCommitter
[2024-09-23T01:49:32.533+0000] {ssh.py:524} INFO - 24/09/23 01:49:32 WARN AbstractS3ACommitterFactory: Using standard FileOutputCommitter to commit work. This is slow and potentially unsafe.
[2024-09-23T01:49:32.534+0000] {ssh.py:524} INFO - 24/09/23 01:49:32 INFO FileOutputCommitter: File Output Committer Algorithm version is 1
[2024-09-23T01:49:32.534+0000] {ssh.py:524} INFO - 24/09/23 01:49:32 INFO FileOutputCommitter: FileOutputCommitter skip cleanup _temporary folders under output directory:false, ignore cleanup failures: false
[2024-09-23T01:49:32.535+0000] {ssh.py:524} INFO - 24/09/23 01:49:32 INFO AbstractS3ACommitterFactory: Using Committer FileOutputCommitter{PathOutputCommitter{context=TaskAttemptContextImpl{JobContextImpl{jobId=job_202409230149312356588130461514613_0000}; taskId=attempt_202409230149312356588130461514613_0000_m_000003_3, status=''}; org.apache.hadoop.mapreduce.lib.output.FileOutputCommitter@66f932e8}; outputPath=s3a://raw/olhovivo/corredor/dt=2024-09-23, workPath=s3a://raw/olhovivo/corredor/dt=2024-09-23/_temporary/0/_temporary/attempt_202409230149312356588130461514613_0000_m_000003_3, algorithmVersion=1, skipCleanup=false, ignoreCleanupFailures=false} for s3a://raw/olhovivo/corredor/dt=2024-09-23
[2024-09-23T01:49:32.535+0000] {ssh.py:524} INFO - 24/09/23 01:49:32 INFO SQLHadoopMapReduceCommitProtocol: Using output committer class org.apache.hadoop.mapreduce.lib.output.FileOutputCommitter
[2024-09-23T01:49:32.538+0000] {ssh.py:524} INFO - 24/09/23 01:49:32 INFO SparkHadoopMapRedUtil: No need to commit output of task because needsTaskCommit=false: attempt_202409230149315549456249741124771_0000_m_000002_2
[2024-09-23T01:49:32.549+0000] {ssh.py:524} INFO - 24/09/23 01:49:32 WARN AbstractS3ACommitterFactory: Using standard FileOutputCommitter to commit work. This is slow and potentially unsafe.
[2024-09-23T01:49:32.552+0000] {ssh.py:524} INFO - 24/09/23 01:49:32 INFO FileOutputCommitter: File Output Committer Algorithm version is 1
[2024-09-23T01:49:32.553+0000] {ssh.py:524} INFO - 24/09/23 01:49:32 INFO FileOutputCommitter: FileOutputCommitter skip cleanup _temporary folders under output directory:false, ignore cleanup failures: false
[2024-09-23T01:49:32.554+0000] {ssh.py:524} INFO - 24/09/23 01:49:32 INFO AbstractS3ACommitterFactory: Using Committer FileOutputCommitter{PathOutputCommitter{context=TaskAttemptContextImpl{JobContextImpl{jobId=job_20240923014931610096442700076922_0000}; taskId=attempt_20240923014931610096442700076922_0000_m_000007_7, status=''}; org.apache.hadoop.mapreduce.lib.output.FileOutputCommitter@7a16ee8a}; outputPath=s3a://raw/olhovivo/corredor/dt=2024-09-23, workPath=s3a://raw/olhovivo/corredor/dt=2024-09-23/_temporary/0/_temporary/attempt_20240923014931610096442700076922_0000_m_000007_7, algorithmVersion=1, skipCleanup=false, ignoreCleanupFailures=false} for s3a://raw/olhovivo/corredor/dt=2024-09-23
[2024-09-23T01:49:32.554+0000] {ssh.py:524} INFO - 24/09/23 01:49:32 INFO SQLHadoopMapReduceCommitProtocol: Using output committer class org.apache.hadoop.mapreduce.lib.output.FileOutputCommitter
[2024-09-23T01:49:32.585+0000] {ssh.py:524} INFO - 24/09/23 01:49:32 INFO Executor: Finished task 2.0 in stage 0.0 (TID 2). 2871 bytes result sent to driver
[2024-09-23T01:49:32.613+0000] {ssh.py:524} INFO - 24/09/23 01:49:32 INFO PythonRunner: Times: total = 548, boot = 465, init = 83, finish = 0
[2024-09-23T01:49:32.613+0000] {ssh.py:524} INFO - 24/09/23 01:49:32 INFO PythonRunner: Times: total = 555, boot = 471, init = 84, finish = 0
[2024-09-23T01:49:32.614+0000] {ssh.py:524} INFO - 24/09/23 01:49:32 INFO PythonRunner: Times: total = 626, boot = 488, init = 137, finish = 1
[2024-09-23T01:49:32.615+0000] {ssh.py:524} INFO - 24/09/23 01:49:32 INFO PythonRunner: Times: total = 556, boot = 469, init = 87, finish = 0
[2024-09-23T01:49:32.618+0000] {ssh.py:524} INFO - 24/09/23 01:49:32 INFO PythonRunner: Times: total = 549, boot = 466, init = 83, finish = 0
[2024-09-23T01:49:32.623+0000] {ssh.py:524} INFO - 24/09/23 01:49:32 INFO TaskSetManager: Finished task 2.0 in stage 0.0 (TID 2) in 1023 ms on spark-master (executor driver) (1/12)
[2024-09-23T01:49:32.636+0000] {ssh.py:524} INFO - 24/09/23 01:49:32 INFO PythonRunner: Times: total = 643, boot = 514, init = 129, finish = 0
[2024-09-23T01:49:32.645+0000] {ssh.py:524} INFO - 24/09/23 01:49:32 INFO PythonRunner: Times: total = 699, boot = 500, init = 199, finish = 0
[2024-09-23T01:49:32.650+0000] {ssh.py:524} INFO - 24/09/23 01:49:32 INFO PythonAccumulatorV2: Connected to AccumulatorServer at host: 127.0.0.1 port: 46783
[2024-09-23T01:49:32.673+0000] {ssh.py:524} INFO - 24/09/23 01:49:32 INFO PythonRunner: Times: total = 730, boot = 492, init = 238, finish = 0
[2024-09-23T01:49:32.699+0000] {ssh.py:524} INFO - 24/09/23 01:49:32 INFO SparkHadoopMapRedUtil: No need to commit output of task because needsTaskCommit=false: attempt_202409230149317206965194039382703_0000_m_000004_4
[2024-09-23T01:49:32.704+0000] {ssh.py:524} INFO - 24/09/23 01:49:32 INFO SparkHadoopMapRedUtil: No need to commit output of task because needsTaskCommit=false: attempt_202409230149315405096918225059550_0000_m_000009_9
[2024-09-23T01:49:32.704+0000] {ssh.py:524} INFO - 24/09/23 01:49:32 INFO Executor: Finished task 9.0 in stage 0.0 (TID 9). 2828 bytes result sent to driver
[2024-09-23T01:49:32.705+0000] {ssh.py:524} INFO - 24/09/23 01:49:32 INFO Executor: Finished task 4.0 in stage 0.0 (TID 4). 2828 bytes result sent to driver
[2024-09-23T01:49:32.710+0000] {ssh.py:524} INFO - 24/09/23 01:49:32 INFO PythonRunner: Times: total = 757, boot = 515, init = 241, finish = 1
[2024-09-23T01:49:32.736+0000] {ssh.py:524} INFO - 24/09/23 01:49:32 INFO PythonRunner: Times: total = 797, boot = 509, init = 288, finish = 0
[2024-09-23T01:49:32.749+0000] {ssh.py:524} INFO - 24/09/23 01:49:32 INFO SparkHadoopMapRedUtil: No need to commit output of task because needsTaskCommit=false: attempt_20240923014931610096442700076922_0000_m_000007_7
[2024-09-23T01:49:32.753+0000] {ssh.py:524} INFO - 24/09/23 01:49:32 INFO PythonRunner: Times: total = 793, boot = 499, init = 293, finish = 1
[2024-09-23T01:49:32.757+0000] {ssh.py:524} INFO - 24/09/23 01:49:32 INFO Executor: Finished task 7.0 in stage 0.0 (TID 7). 2828 bytes result sent to driver
[2024-09-23T01:49:32.784+0000] {ssh.py:524} INFO - 24/09/23 01:49:32 INFO TaskSetManager: Finished task 9.0 in stage 0.0 (TID 9) in 1178 ms on spark-master (executor driver) (2/12)
[2024-09-23T01:49:32.784+0000] {ssh.py:524} INFO - 24/09/23 01:49:32 INFO TaskSetManager: Finished task 4.0 in stage 0.0 (TID 4) in 1183 ms on spark-master (executor driver) (3/12)
[2024-09-23T01:49:32.785+0000] {ssh.py:524} INFO - 24/09/23 01:49:32 INFO TaskSetManager: Finished task 7.0 in stage 0.0 (TID 7) in 1181 ms on spark-master (executor driver) (4/12)
[2024-09-23T01:49:33.092+0000] {ssh.py:524} INFO - 24/09/23 01:49:33 INFO FileOutputCommitter: Saved output of task 'attempt_202409230149317976173963455173609_0000_m_000000_0' to s3a://raw/olhovivo/corredor/dt=2024-09-23/_temporary/0/task_202409230149317976173963455173609_0000_m_000000
[2024-09-23T01:49:33.093+0000] {ssh.py:524} INFO - 24/09/23 01:49:33 INFO FileOutputCommitter: Saved output of task 'attempt_202409230149318238667027759579343_0000_m_000008_8' to s3a://raw/olhovivo/corredor/dt=2024-09-23/_temporary/0/task_202409230149318238667027759579343_0000_m_000008
[2024-09-23T01:49:33.093+0000] {ssh.py:524} INFO - 24/09/23 01:49:33 INFO SparkHadoopMapRedUtil: attempt_202409230149318238667027759579343_0000_m_000008_8: Committed. Elapsed time: 321 ms.
[2024-09-23T01:49:33.097+0000] {ssh.py:524} INFO - 24/09/23 01:49:33 INFO SparkHadoopMapRedUtil: attempt_202409230149317976173963455173609_0000_m_000000_0: Committed. Elapsed time: 289 ms.
[2024-09-23T01:49:33.100+0000] {ssh.py:524} INFO - 24/09/23 01:49:33 INFO FileOutputCommitter: Saved output of task 'attempt_202409230149314203783384256682859_0000_m_000010_10' to s3a://raw/olhovivo/corredor/dt=2024-09-23/_temporary/0/task_202409230149314203783384256682859_0000_m_000010
[2024-09-23T01:49:33.101+0000] {ssh.py:524} INFO - 24/09/23 01:49:33 INFO FileOutputCommitter: Saved output of task 'attempt_202409230149312356588130461514613_0000_m_000003_3' to s3a://raw/olhovivo/corredor/dt=2024-09-23/_temporary/0/task_202409230149312356588130461514613_0000_m_000003
[2024-09-23T01:49:33.101+0000] {ssh.py:524} INFO - 24/09/23 01:49:33 INFO SparkHadoopMapRedUtil: attempt_202409230149314203783384256682859_0000_m_000010_10: Committed. Elapsed time: 297 ms.
[2024-09-23T01:49:33.101+0000] {ssh.py:524} INFO - 24/09/23 01:49:33 INFO Executor: Finished task 8.0 in stage 0.0 (TID 8). 2914 bytes result sent to driver
[2024-09-23T01:49:33.106+0000] {ssh.py:524} INFO - 24/09/23 01:49:33 INFO TaskSetManager: Finished task 8.0 in stage 0.0 (TID 8) in 1497 ms on spark-master (executor driver) (5/12)
[2024-09-23T01:49:33.107+0000] {ssh.py:524} INFO - 24/09/23 01:49:33 INFO Executor: Finished task 10.0 in stage 0.0 (TID 10). 2914 bytes result sent to driver
[2024-09-23T01:49:33.107+0000] {ssh.py:524} INFO - 24/09/23 01:49:33 INFO Executor: Finished task 0.0 in stage 0.0 (TID 0). 2828 bytes result sent to driver
[2024-09-23T01:49:33.107+0000] {ssh.py:524} INFO - 24/09/23 01:49:33 INFO TaskSetManager: Finished task 10.0 in stage 0.0 (TID 10) in 1497 ms on spark-master (executor driver) (6/12)
[2024-09-23T01:49:33.108+0000] {ssh.py:524} INFO - 24/09/23 01:49:33 INFO TaskSetManager: Finished task 0.0 in stage 0.0 (TID 0) in 1529 ms on spark-master (executor driver) (7/12)
[2024-09-23T01:49:33.108+0000] {ssh.py:524} INFO - 24/09/23 01:49:33 INFO SparkHadoopMapRedUtil: attempt_202409230149312356588130461514613_0000_m_000003_3: Committed. Elapsed time: 244 ms.
[2024-09-23T01:49:33.110+0000] {ssh.py:524} INFO - 24/09/23 01:49:33 INFO FileOutputCommitter: Saved output of task 'attempt_20240923014931794843075661899541_0000_m_000011_11' to s3a://raw/olhovivo/corredor/dt=2024-09-23/_temporary/0/task_20240923014931794843075661899541_0000_m_000011
[2024-09-23T01:49:33.111+0000] {ssh.py:524} INFO - 24/09/23 01:49:33 INFO SparkHadoopMapRedUtil: attempt_20240923014931794843075661899541_0000_m_000011_11: Committed. Elapsed time: 334 ms.
[2024-09-23T01:49:33.112+0000] {ssh.py:524} INFO - 24/09/23 01:49:33 INFO FileOutputCommitter: Saved output of task 'attempt_20240923014931681971749422108772_0000_m_000001_1' to s3a://raw/olhovivo/corredor/dt=2024-09-23/_temporary/0/task_20240923014931681971749422108772_0000_m_000001
[2024-09-23T01:49:33.112+0000] {ssh.py:524} INFO - 24/09/23 01:49:33 INFO SparkHadoopMapRedUtil: attempt_20240923014931681971749422108772_0000_m_000001_1: Committed. Elapsed time: 317 ms.
[2024-09-23T01:49:33.115+0000] {ssh.py:524} INFO - 24/09/23 01:49:33 INFO Executor: Finished task 1.0 in stage 0.0 (TID 1). 2914 bytes result sent to driver
[2024-09-23T01:49:33.117+0000] {ssh.py:524} INFO - 24/09/23 01:49:33 INFO Executor: Finished task 11.0 in stage 0.0 (TID 11). 2914 bytes result sent to driver
[2024-09-23T01:49:33.118+0000] {ssh.py:524} INFO - 24/09/23 01:49:33 INFO Executor: Finished task 3.0 in stage 0.0 (TID 3). 2914 bytes result sent to driver
[2024-09-23T01:49:33.119+0000] {ssh.py:524} INFO - 24/09/23 01:49:33 INFO TaskSetManager: Finished task 1.0 in stage 0.0 (TID 1) in 1518 ms on spark-master (executor driver) (8/12)
[2024-09-23T01:49:33.119+0000] {ssh.py:524} INFO - 24/09/23 01:49:33 INFO TaskSetManager: Finished task 11.0 in stage 0.0 (TID 11) in 1512 ms on spark-master (executor driver) (9/12)
[2024-09-23T01:49:33.119+0000] {ssh.py:524} INFO - 24/09/23 01:49:33 INFO TaskSetManager: Finished task 3.0 in stage 0.0 (TID 3) in 1518 ms on spark-master (executor driver) (10/12)
[2024-09-23T01:49:33.158+0000] {ssh.py:524} INFO - 24/09/23 01:49:33 INFO FileOutputCommitter: Saved output of task 'attempt_202409230149317985697640051003013_0000_m_000005_5' to s3a://raw/olhovivo/corredor/dt=2024-09-23/_temporary/0/task_202409230149317985697640051003013_0000_m_000005
[2024-09-23T01:49:33.159+0000] {ssh.py:524} INFO - 24/09/23 01:49:33 INFO SparkHadoopMapRedUtil: attempt_202409230149317985697640051003013_0000_m_000005_5: Committed. Elapsed time: 309 ms.
[2024-09-23T01:49:33.165+0000] {ssh.py:524} INFO - 24/09/23 01:49:33 INFO Executor: Finished task 5.0 in stage 0.0 (TID 5). 2914 bytes result sent to driver
[2024-09-23T01:49:33.165+0000] {ssh.py:524} INFO - 24/09/23 01:49:33 INFO TaskSetManager: Finished task 5.0 in stage 0.0 (TID 5) in 1564 ms on spark-master (executor driver) (11/12)
[2024-09-23T01:49:33.235+0000] {ssh.py:524} INFO - 24/09/23 01:49:33 INFO FileOutputCommitter: Saved output of task 'attempt_202409230149313039003256952726723_0000_m_000006_6' to s3a://raw/olhovivo/corredor/dt=2024-09-23/_temporary/0/task_202409230149313039003256952726723_0000_m_000006
[2024-09-23T01:49:33.237+0000] {ssh.py:524} INFO - 24/09/23 01:49:33 INFO SparkHadoopMapRedUtil: attempt_202409230149313039003256952726723_0000_m_000006_6: Committed. Elapsed time: 455 ms.
[2024-09-23T01:49:33.240+0000] {ssh.py:524} INFO - 24/09/23 01:49:33 INFO Executor: Finished task 6.0 in stage 0.0 (TID 6). 2914 bytes result sent to driver
[2024-09-23T01:49:33.243+0000] {ssh.py:524} INFO - 24/09/23 01:49:33 INFO TaskSetManager: Finished task 6.0 in stage 0.0 (TID 6) in 1639 ms on spark-master (executor driver) (12/12)
[2024-09-23T01:49:33.248+0000] {ssh.py:524} INFO - 24/09/23 01:49:33 INFO TaskSchedulerImpl: Removed TaskSet 0.0, whose tasks have all completed, from pool 
[2024-09-23T01:49:33.252+0000] {ssh.py:524} INFO - 24/09/23 01:49:33 INFO DAGScheduler: ResultStage 0 (save at NativeMethodAccessorImpl.java:0) finished in 1.829 s
[2024-09-23T01:49:33.256+0000] {ssh.py:524} INFO - 24/09/23 01:49:33 INFO DAGScheduler: Job 0 is finished. Cancelling potential speculative or zombie tasks for this job
[2024-09-23T01:49:33.262+0000] {ssh.py:524} INFO - 24/09/23 01:49:33 INFO TaskSchedulerImpl: Killing all running tasks in stage 0: Stage finished
[2024-09-23T01:49:33.263+0000] {ssh.py:524} INFO - 24/09/23 01:49:33 INFO DAGScheduler: Job 0 finished: save at NativeMethodAccessorImpl.java:0, took 1.868744 s
[2024-09-23T01:49:33.266+0000] {ssh.py:524} INFO - 24/09/23 01:49:33 INFO FileFormatWriter: Start to commit write Job bcb4f92c-d75e-4c68-95e2-2f8d3b65df1d.
[2024-09-23T01:49:34.054+0000] {ssh.py:524} INFO - 24/09/23 01:49:34 INFO FileFormatWriter: Write Job bcb4f92c-d75e-4c68-95e2-2f8d3b65df1d committed. Elapsed time: 787 ms.
[2024-09-23T01:49:34.060+0000] {ssh.py:524} INFO - 24/09/23 01:49:34 INFO FileFormatWriter: Finished processing stats for write job bcb4f92c-d75e-4c68-95e2-2f8d3b65df1d.
[2024-09-23T01:49:34.066+0000] {ssh.py:524} INFO - [DEBUG] Done.
[2024-09-23T01:49:34.114+0000] {ssh.py:524} INFO - 24/09/23 01:49:34 INFO SparkContext: Invoking stop() from shutdown hook
[2024-09-23T01:49:34.126+0000] {ssh.py:524} INFO - 24/09/23 01:49:34 INFO SparkUI: Stopped Spark web UI at http://spark-master:4040
[2024-09-23T01:49:34.149+0000] {ssh.py:524} INFO - 24/09/23 01:49:34 INFO MapOutputTrackerMasterEndpoint: MapOutputTrackerMasterEndpoint stopped!
[2024-09-23T01:49:34.174+0000] {ssh.py:524} INFO - 24/09/23 01:49:34 INFO MemoryStore: MemoryStore cleared
[2024-09-23T01:49:34.175+0000] {ssh.py:524} INFO - 24/09/23 01:49:34 INFO BlockManager: BlockManager stopped
[2024-09-23T01:49:34.181+0000] {ssh.py:524} INFO - 24/09/23 01:49:34 INFO BlockManagerMaster: BlockManagerMaster stopped
[2024-09-23T01:49:34.185+0000] {ssh.py:524} INFO - 24/09/23 01:49:34 INFO OutputCommitCoordinator$OutputCommitCoordinatorEndpoint: OutputCommitCoordinator stopped!
[2024-09-23T01:49:34.203+0000] {ssh.py:524} INFO - 24/09/23 01:49:34 INFO SparkContext: Successfully stopped SparkContext
[2024-09-23T01:49:34.204+0000] {ssh.py:524} INFO - 24/09/23 01:49:34 INFO ShutdownHookManager: Shutdown hook called
[2024-09-23T01:49:34.205+0000] {ssh.py:524} INFO - 24/09/23 01:49:34 INFO ShutdownHookManager: Deleting directory /tmp/spark-af240a4f-6bc1-4ce7-94ac-f3cdeadb7057
[2024-09-23T01:49:34.208+0000] {ssh.py:524} INFO - 24/09/23 01:49:34 INFO ShutdownHookManager: Deleting directory /tmp/spark-954f50a1-1598-4ada-875d-eed72b1e968a
[2024-09-23T01:49:34.211+0000] {ssh.py:524} INFO - 24/09/23 01:49:34 INFO ShutdownHookManager: Deleting directory /tmp/spark-af240a4f-6bc1-4ce7-94ac-f3cdeadb7057/pyspark-ede81d6e-5b2b-496e-bfcd-80cef98a8239
[2024-09-23T01:49:34.219+0000] {ssh.py:524} INFO - 24/09/23 01:49:34 INFO MetricsSystemImpl: Stopping s3a-file-system metrics system...
[2024-09-23T01:49:34.220+0000] {ssh.py:524} INFO - 24/09/23 01:49:34 INFO MetricsSystemImpl: s3a-file-system metrics system stopped.
[2024-09-23T01:49:34.221+0000] {ssh.py:524} INFO - 24/09/23 01:49:34 INFO MetricsSystemImpl: s3a-file-system metrics system shutdown complete.
[2024-09-23T01:49:34.385+0000] {taskinstance.py:1400} INFO - Marking task as SUCCESS. dag_id=raw_ingestion_15min, task_id=spark_raw_ingestion_corredor, execution_date=20240923T014922, start_date=20240923T014923, end_date=20240923T014934
[2024-09-23T01:49:34.417+0000] {local_task_job_runner.py:228} INFO - Task exited with return code 0
[2024-09-23T01:49:34.462+0000] {taskinstance.py:2778} INFO - 0 downstream tasks scheduled from follow-on schedule check
