[2024-09-21T22:00:00.850+0000] {taskinstance.py:1159} INFO - Dependencies all met for dep_context=non-requeueable deps ti=<TaskInstance: raw_ingestion.spark_raw_ingestion_previsao scheduled__2024-09-21T21:30:00+00:00 [queued]>
[2024-09-21T22:00:00.858+0000] {taskinstance.py:1159} INFO - Dependencies all met for dep_context=requeueable deps ti=<TaskInstance: raw_ingestion.spark_raw_ingestion_previsao scheduled__2024-09-21T21:30:00+00:00 [queued]>
[2024-09-21T22:00:00.858+0000] {taskinstance.py:1361} INFO - Starting attempt 1 of 0
[2024-09-21T22:00:00.871+0000] {taskinstance.py:1382} INFO - Executing <Task(SSHOperator): spark_raw_ingestion_previsao> on 2024-09-21 21:30:00+00:00
[2024-09-21T22:00:00.875+0000] {standard_task_runner.py:57} INFO - Started process 1641 to run task
[2024-09-21T22:00:00.878+0000] {standard_task_runner.py:84} INFO - Running: ['airflow', 'tasks', 'run', 'raw_ingestion', 'spark_raw_ingestion_previsao', 'scheduled__2024-09-21T21:30:00+00:00', '--job-id', '402', '--raw', '--subdir', 'DAGS_FOLDER/raw_ingestion.py', '--cfg-path', '/tmp/tmpbt3fik6u']
[2024-09-21T22:00:00.879+0000] {standard_task_runner.py:85} INFO - Job 402: Subtask spark_raw_ingestion_previsao
[2024-09-21T22:00:00.999+0000] {task_command.py:416} INFO - Running <TaskInstance: raw_ingestion.spark_raw_ingestion_previsao scheduled__2024-09-21T21:30:00+00:00 [running]> on host airflow-worker
[2024-09-21T22:00:01.207+0000] {taskinstance.py:1662} INFO - Exporting env vars: AIRFLOW_CTX_DAG_OWNER='***' AIRFLOW_CTX_DAG_ID='raw_ingestion' AIRFLOW_CTX_TASK_ID='spark_raw_ingestion_previsao' AIRFLOW_CTX_EXECUTION_DATE='2024-09-21T21:30:00+00:00' AIRFLOW_CTX_TRY_NUMBER='1' AIRFLOW_CTX_DAG_RUN_ID='scheduled__2024-09-21T21:30:00+00:00'
[2024-09-21T22:00:01.207+0000] {ssh.py:141} INFO - Creating ssh_client
[2024-09-21T22:00:01.208+0000] {ssh.py:114} INFO - ssh_hook is not provided or invalid. Trying ssh_conn_id to create SSHHook.
[2024-09-21T22:00:01.241+0000] {base.py:73} INFO - Using connection ID 'spark_ssh_default' for task execution.
[2024-09-21T22:00:01.241+0000] {ssh.py:300} WARNING - No Host Key Verification. This won't protect against Man-In-The-Middle attacks
[2024-09-21T22:00:01.252+0000] {transport.py:1893} INFO - Connected (version 2.0, client OpenSSH_8.9p1)
[2024-09-21T22:00:01.378+0000] {transport.py:1893} INFO - Authentication (password) successful!
[2024-09-21T22:00:01.379+0000] {ssh.py:478} INFO - Running command: export SPARK_HOME=/usr/local/spark; /opt/conda/bin/spark-submit --master local[*] --executor-memory 16G /opt/shared/scripts/raw_ingestion.py 2024-09-21 previsao
[2024-09-21T22:00:03.894+0000] {ssh.py:524} INFO - [DEBUG] dt_now: 2024-09-21
[2024-09-21T22:00:03.895+0000] {ssh.py:524} INFO - [DEBUG] endpoint: previsao
[2024-09-21T22:00:03.975+0000] {ssh.py:524} INFO - 24/09/21 22:00:03 INFO SparkContext: Running Spark version 3.3.1
[2024-09-21T22:00:03.995+0000] {ssh.py:524} INFO - 24/09/21 22:00:03 WARN NativeCodeLoader: Unable to load native-hadoop library for your platform... using builtin-java classes where applicable
[2024-09-21T22:00:04.076+0000] {ssh.py:524} INFO - 24/09/21 22:00:04 INFO ResourceUtils: ==============================================================
[2024-09-21T22:00:04.077+0000] {ssh.py:524} INFO - 24/09/21 22:00:04 INFO ResourceUtils: No custom resources configured for spark.driver.
[2024-09-21T22:00:04.077+0000] {ssh.py:524} INFO - 24/09/21 22:00:04 INFO ResourceUtils: ==============================================================
[2024-09-21T22:00:04.078+0000] {ssh.py:524} INFO - 24/09/21 22:00:04 INFO SparkContext: Submitted application: raw_ingestion_previsao
[2024-09-21T22:00:04.098+0000] {ssh.py:524} INFO - 24/09/21 22:00:04 INFO ResourceProfile: Default ResourceProfile created, executor resources: Map(cores -> name: cores, amount: 1, script: , vendor: , memory -> name: memory, amount: 1024, script: , vendor: , offHeap -> name: offHeap, amount: 0, script: , vendor: ), task resources: Map(cpus -> name: cpus, amount: 1.0)
[2024-09-21T22:00:04.108+0000] {ssh.py:524} INFO - 24/09/21 22:00:04 INFO ResourceProfile: Limiting resource is cpu
[2024-09-21T22:00:04.108+0000] {ssh.py:524} INFO - 24/09/21 22:00:04 INFO ResourceProfileManager: Added ResourceProfile id: 0
[2024-09-21T22:00:04.156+0000] {ssh.py:524} INFO - 24/09/21 22:00:04 INFO SecurityManager: Changing view acls to: root
[2024-09-21T22:00:04.157+0000] {ssh.py:524} INFO - 24/09/21 22:00:04 INFO SecurityManager: Changing modify acls to: root
[2024-09-21T22:00:04.164+0000] {ssh.py:524} INFO - 24/09/21 22:00:04 INFO SecurityManager: Changing view acls groups to: 
[2024-09-21T22:00:04.164+0000] {ssh.py:524} INFO - 24/09/21 22:00:04 INFO SecurityManager: Changing modify acls groups to: 
[2024-09-21T22:00:04.165+0000] {ssh.py:524} INFO - 24/09/21 22:00:04 INFO SecurityManager: SecurityManager: authentication disabled; ui acls disabled; users  with view permissions: Set(root); groups with view permissions: Set(); users  with modify permissions: Set(root); groups with modify permissions: Set()
[2024-09-21T22:00:04.534+0000] {ssh.py:524} INFO - 24/09/21 22:00:04 INFO Utils: Successfully started service 'sparkDriver' on port 44805.
[2024-09-21T22:00:04.564+0000] {ssh.py:524} INFO - 24/09/21 22:00:04 INFO SparkEnv: Registering MapOutputTracker
[2024-09-21T22:00:04.598+0000] {ssh.py:524} INFO - 24/09/21 22:00:04 INFO SparkEnv: Registering BlockManagerMaster
[2024-09-21T22:00:04.614+0000] {ssh.py:524} INFO - 24/09/21 22:00:04 INFO BlockManagerMasterEndpoint: Using org.apache.spark.storage.DefaultTopologyMapper for getting topology information
[2024-09-21T22:00:04.616+0000] {ssh.py:524} INFO - 24/09/21 22:00:04 INFO BlockManagerMasterEndpoint: BlockManagerMasterEndpoint up
[2024-09-21T22:00:04.626+0000] {ssh.py:524} INFO - 24/09/21 22:00:04 INFO SparkEnv: Registering BlockManagerMasterHeartbeat
[2024-09-21T22:00:04.648+0000] {ssh.py:524} INFO - 24/09/21 22:00:04 INFO DiskBlockManager: Created local directory at /tmp/blockmgr-ef19492d-79cc-4ef7-9654-95f3a66f57e2
[2024-09-21T22:00:04.666+0000] {ssh.py:524} INFO - 24/09/21 22:00:04 INFO MemoryStore: MemoryStore started with capacity 434.4 MiB
[2024-09-21T22:00:04.683+0000] {ssh.py:524} INFO - 24/09/21 22:00:04 INFO SparkEnv: Registering OutputCommitCoordinator
[2024-09-21T22:00:04.880+0000] {ssh.py:524} INFO - 24/09/21 22:00:04 WARN Utils: Service 'SparkUI' could not bind on port 4040. Attempting port 4041.
[2024-09-21T22:00:04.881+0000] {ssh.py:524} INFO - 24/09/21 22:00:04 WARN Utils: Service 'SparkUI' could not bind on port 4041. Attempting port 4042.
[2024-09-21T22:00:04.882+0000] {ssh.py:524} INFO - 24/09/21 22:00:04 WARN Utils: Service 'SparkUI' could not bind on port 4042. Attempting port 4043.
[2024-09-21T22:00:04.883+0000] {ssh.py:524} INFO - 24/09/21 22:00:04 WARN Utils: Service 'SparkUI' could not bind on port 4043. Attempting port 4044.
[2024-09-21T22:00:04.892+0000] {ssh.py:524} INFO - 24/09/21 22:00:04 INFO Utils: Successfully started service 'SparkUI' on port 4044.
[2024-09-21T22:00:04.989+0000] {ssh.py:524} INFO - 24/09/21 22:00:04 INFO Executor: Starting executor ID driver on host spark-master
[2024-09-21T22:00:04.994+0000] {ssh.py:524} INFO - 24/09/21 22:00:04 INFO Executor: Starting executor with user classpath (userClassPathFirst = false): ''
[2024-09-21T22:00:05.010+0000] {ssh.py:524} INFO - 24/09/21 22:00:05 INFO Utils: Successfully started service 'org.apache.spark.network.netty.NettyBlockTransferService' on port 41749.
[2024-09-21T22:00:05.011+0000] {ssh.py:524} INFO - 24/09/21 22:00:05 INFO NettyBlockTransferService: Server created on spark-master:41749
[2024-09-21T22:00:05.012+0000] {ssh.py:524} INFO - 24/09/21 22:00:05 INFO BlockManager: Using org.apache.spark.storage.RandomBlockReplicationPolicy for block replication policy
[2024-09-21T22:00:05.017+0000] {ssh.py:524} INFO - 24/09/21 22:00:05 INFO BlockManagerMaster: Registering BlockManager BlockManagerId(driver, spark-master, 41749, None)
[2024-09-21T22:00:05.020+0000] {ssh.py:524} INFO - 24/09/21 22:00:05 INFO BlockManagerMasterEndpoint: Registering block manager spark-master:41749 with 434.4 MiB RAM, BlockManagerId(driver, spark-master, 41749, None)
[2024-09-21T22:00:05.022+0000] {ssh.py:524} INFO - 24/09/21 22:00:05 INFO BlockManagerMaster: Registered BlockManager BlockManagerId(driver, spark-master, 41749, None)
[2024-09-21T22:00:05.023+0000] {ssh.py:524} INFO - 24/09/21 22:00:05 INFO BlockManager: Initialized BlockManager: BlockManagerId(driver, spark-master, 41749, None)
[2024-09-21T22:00:05.443+0000] {ssh.py:524} INFO - 24/09/21 22:00:05 INFO SharedState: Setting hive.metastore.warehouse.dir ('null') to the value of spark.sql.warehouse.dir.
[2024-09-21T22:00:05.448+0000] {ssh.py:524} INFO - 24/09/21 22:00:05 INFO SharedState: Warehouse path is 'file:/root/spark-warehouse'.
[2024-09-21T22:00:06.024+0000] {ssh.py:524} INFO - 24/09/21 22:00:06 WARN MetricsConfig: Cannot locate configuration: tried hadoop-metrics2-s3a-file-system.properties,hadoop-metrics2.properties
[2024-09-21T22:00:06.034+0000] {ssh.py:524} INFO - 24/09/21 22:00:06 INFO MetricsSystemImpl: Scheduled Metric snapshot period at 10 second(s).
[2024-09-21T22:00:06.035+0000] {ssh.py:524} INFO - 24/09/21 22:00:06 INFO MetricsSystemImpl: s3a-file-system metrics system started
[2024-09-21T22:00:06.886+0000] {ssh.py:524} INFO - 24/09/21 22:00:06 INFO InMemoryFileIndex: It took 49 ms to list leaf files for 1 paths.
[2024-09-21T22:00:06.951+0000] {ssh.py:524} INFO - 24/09/21 22:00:06 INFO InMemoryFileIndex: It took 11 ms to list leaf files for 1 paths.
[2024-09-21T22:00:09.041+0000] {ssh.py:524} INFO - 24/09/21 22:00:09 INFO FileSourceStrategy: Pushed Filters: 
[2024-09-21T22:00:09.043+0000] {ssh.py:524} INFO - 24/09/21 22:00:09 INFO FileSourceStrategy: Post-Scan Filters: (length(trim(value#0, None)) > 0)
[2024-09-21T22:00:09.045+0000] {ssh.py:524} INFO - 24/09/21 22:00:09 INFO FileSourceStrategy: Output Data Schema: struct<value: string>
[2024-09-21T22:00:09.542+0000] {ssh.py:524} INFO - 24/09/21 22:00:09 INFO CodeGenerator: Code generated in 112.549313 ms
[2024-09-21T22:00:09.608+0000] {ssh.py:524} INFO - 24/09/21 22:00:09 INFO MemoryStore: Block broadcast_0 stored as values in memory (estimated size 215.2 KiB, free 434.2 MiB)
[2024-09-21T22:00:09.671+0000] {ssh.py:524} INFO - 24/09/21 22:00:09 INFO MemoryStore: Block broadcast_0_piece0 stored as bytes in memory (estimated size 35.9 KiB, free 434.2 MiB)
[2024-09-21T22:00:09.675+0000] {ssh.py:524} INFO - 24/09/21 22:00:09 INFO BlockManagerInfo: Added broadcast_0_piece0 in memory on spark-master:41749 (size: 35.9 KiB, free: 434.4 MiB)
[2024-09-21T22:00:09.680+0000] {ssh.py:524} INFO - 24/09/21 22:00:09 INFO SparkContext: Created broadcast 0 from csv at NativeMethodAccessorImpl.java:0
[2024-09-21T22:00:09.689+0000] {ssh.py:524} INFO - 24/09/21 22:00:09 INFO FileSourceScanExec: Planning scan with bin packing, max size: 4194304 bytes, open cost is considered as scanning 4194304 bytes.
[2024-09-21T22:00:09.806+0000] {ssh.py:524} INFO - 24/09/21 22:00:09 INFO SparkContext: Starting job: csv at NativeMethodAccessorImpl.java:0
[2024-09-21T22:00:09.817+0000] {ssh.py:524} INFO - 24/09/21 22:00:09 INFO DAGScheduler: Got job 0 (csv at NativeMethodAccessorImpl.java:0) with 1 output partitions
[2024-09-21T22:00:09.819+0000] {ssh.py:524} INFO - 24/09/21 22:00:09 INFO DAGScheduler: Final stage: ResultStage 0 (csv at NativeMethodAccessorImpl.java:0)
[2024-09-21T22:00:09.819+0000] {ssh.py:524} INFO - 24/09/21 22:00:09 INFO DAGScheduler: Parents of final stage: List()
[2024-09-21T22:00:09.820+0000] {ssh.py:524} INFO - 24/09/21 22:00:09 INFO DAGScheduler: Missing parents: List()
[2024-09-21T22:00:09.821+0000] {ssh.py:524} INFO - 24/09/21 22:00:09 INFO DAGScheduler: Submitting ResultStage 0 (MapPartitionsRDD[3] at csv at NativeMethodAccessorImpl.java:0), which has no missing parents
[2024-09-21T22:00:09.930+0000] {ssh.py:524} INFO - 24/09/21 22:00:09 INFO MemoryStore: Block broadcast_1 stored as values in memory (estimated size 11.8 KiB, free 434.1 MiB)
[2024-09-21T22:00:09.939+0000] {ssh.py:524} INFO - 24/09/21 22:00:09 INFO MemoryStore: Block broadcast_1_piece0 stored as bytes in memory (estimated size 5.9 KiB, free 434.1 MiB)
[2024-09-21T22:00:09.940+0000] {ssh.py:524} INFO - 24/09/21 22:00:09 INFO BlockManagerInfo: Added broadcast_1_piece0 in memory on spark-master:41749 (size: 5.9 KiB, free: 434.4 MiB)
[2024-09-21T22:00:09.945+0000] {ssh.py:524} INFO - 24/09/21 22:00:09 INFO SparkContext: Created broadcast 1 from broadcast at DAGScheduler.scala:1513
[2024-09-21T22:00:09.968+0000] {ssh.py:524} INFO - 24/09/21 22:00:09 INFO DAGScheduler: Submitting 1 missing tasks from ResultStage 0 (MapPartitionsRDD[3] at csv at NativeMethodAccessorImpl.java:0) (first 15 tasks are for partitions Vector(0))
[2024-09-21T22:00:09.969+0000] {ssh.py:524} INFO - 24/09/21 22:00:09 INFO TaskSchedulerImpl: Adding task set 0.0 with 1 tasks resource profile 0
[2024-09-21T22:00:10.028+0000] {ssh.py:524} INFO - 24/09/21 22:00:10 INFO TaskSetManager: Starting task 0.0 in stage 0.0 (TID 0) (spark-master, executor driver, partition 0, PROCESS_LOCAL, 4903 bytes) taskResourceAssignments Map()
[2024-09-21T22:00:10.083+0000] {ssh.py:524} INFO - 24/09/21 22:00:10 INFO Executor: Running task 0.0 in stage 0.0 (TID 0)
[2024-09-21T22:00:10.244+0000] {ssh.py:524} INFO - 24/09/21 22:00:10 INFO FileScanRDD: Reading File path: s3a://raw/GTFS/paradas/stops.txt, range: 0-2221690, partition values: [empty row]
[2024-09-21T22:00:10.265+0000] {ssh.py:524} INFO - 24/09/21 22:00:10 INFO CodeGenerator: Code generated in 14.227552 ms
[2024-09-21T22:00:10.330+0000] {ssh.py:524} INFO - 24/09/21 22:00:10 INFO Executor: Finished task 0.0 in stage 0.0 (TID 0). 1562 bytes result sent to driver
[2024-09-21T22:00:10.337+0000] {ssh.py:524} INFO - 24/09/21 22:00:10 INFO TaskSetManager: Finished task 0.0 in stage 0.0 (TID 0) in 322 ms on spark-master (executor driver) (1/1)
[2024-09-21T22:00:10.339+0000] {ssh.py:524} INFO - 24/09/21 22:00:10 INFO TaskSchedulerImpl: Removed TaskSet 0.0, whose tasks have all completed, from pool 
[2024-09-21T22:00:10.348+0000] {ssh.py:524} INFO - 24/09/21 22:00:10 INFO DAGScheduler: ResultStage 0 (csv at NativeMethodAccessorImpl.java:0) finished in 0.516 s
[2024-09-21T22:00:10.351+0000] {ssh.py:524} INFO - 24/09/21 22:00:10 INFO DAGScheduler: Job 0 is finished. Cancelling potential speculative or zombie tasks for this job
[2024-09-21T22:00:10.353+0000] {ssh.py:524} INFO - 24/09/21 22:00:10 INFO TaskSchedulerImpl: Killing all running tasks in stage 0: Stage finished
[2024-09-21T22:00:10.356+0000] {ssh.py:524} INFO - 24/09/21 22:00:10 INFO DAGScheduler: Job 0 finished: csv at NativeMethodAccessorImpl.java:0, took 0.549398 s
[2024-09-21T22:00:10.386+0000] {ssh.py:524} INFO - 24/09/21 22:00:10 INFO CodeGenerator: Code generated in 18.759838 ms
[2024-09-21T22:00:10.428+0000] {ssh.py:524} INFO - 24/09/21 22:00:10 INFO BlockManagerInfo: Removed broadcast_1_piece0 on spark-master:41749 in memory (size: 5.9 KiB, free: 434.4 MiB)
[2024-09-21T22:00:10.439+0000] {ssh.py:524} INFO - 24/09/21 22:00:10 INFO FileSourceStrategy: Pushed Filters: 
[2024-09-21T22:00:10.440+0000] {ssh.py:524} INFO - 24/09/21 22:00:10 INFO FileSourceStrategy: Post-Scan Filters: 
[2024-09-21T22:00:10.440+0000] {ssh.py:524} INFO - 24/09/21 22:00:10 INFO FileSourceStrategy: Output Data Schema: struct<value: string>
[2024-09-21T22:00:10.445+0000] {ssh.py:524} INFO - 24/09/21 22:00:10 INFO MemoryStore: Block broadcast_2 stored as values in memory (estimated size 215.2 KiB, free 433.9 MiB)
[2024-09-21T22:00:10.461+0000] {ssh.py:524} INFO - 24/09/21 22:00:10 INFO MemoryStore: Block broadcast_2_piece0 stored as bytes in memory (estimated size 35.9 KiB, free 433.9 MiB)
[2024-09-21T22:00:10.462+0000] {ssh.py:524} INFO - 24/09/21 22:00:10 INFO BlockManagerInfo: Added broadcast_2_piece0 in memory on spark-master:41749 (size: 35.9 KiB, free: 434.3 MiB)
[2024-09-21T22:00:10.463+0000] {ssh.py:524} INFO - 24/09/21 22:00:10 INFO SparkContext: Created broadcast 2 from csv at NativeMethodAccessorImpl.java:0
[2024-09-21T22:00:10.464+0000] {ssh.py:524} INFO - 24/09/21 22:00:10 INFO FileSourceScanExec: Planning scan with bin packing, max size: 4194304 bytes, open cost is considered as scanning 4194304 bytes.
[2024-09-21T22:00:10.588+0000] {ssh.py:524} INFO - 24/09/21 22:00:10 INFO FileSourceStrategy: Pushed Filters: IsNotNull(stop_desc)
[2024-09-21T22:00:10.589+0000] {ssh.py:524} INFO - 24/09/21 22:00:10 INFO FileSourceStrategy: Post-Scan Filters: isnotnull(stop_desc#19)
[2024-09-21T22:00:10.590+0000] {ssh.py:524} INFO - 24/09/21 22:00:10 INFO FileSourceStrategy: Output Data Schema: struct<stop_id: string, stop_desc: string>
[2024-09-21T22:00:10.641+0000] {ssh.py:524} INFO - 24/09/21 22:00:10 INFO CodeGenerator: Code generated in 22.281355 ms
[2024-09-21T22:00:10.651+0000] {ssh.py:524} INFO - 24/09/21 22:00:10 INFO MemoryStore: Block broadcast_3 stored as values in memory (estimated size 215.1 KiB, free 433.7 MiB)
[2024-09-21T22:00:10.671+0000] {ssh.py:524} INFO - 24/09/21 22:00:10 INFO MemoryStore: Block broadcast_3_piece0 stored as bytes in memory (estimated size 36.0 KiB, free 433.7 MiB)
[2024-09-21T22:00:10.673+0000] {ssh.py:524} INFO - 24/09/21 22:00:10 INFO BlockManagerInfo: Added broadcast_3_piece0 in memory on spark-master:41749 (size: 36.0 KiB, free: 434.3 MiB)
[2024-09-21T22:00:10.675+0000] {ssh.py:524} INFO - 24/09/21 22:00:10 INFO SparkContext: Created broadcast 3 from javaToPython at NativeMethodAccessorImpl.java:0
[2024-09-21T22:00:10.681+0000] {ssh.py:524} INFO - 24/09/21 22:00:10 INFO FileSourceScanExec: Planning scan with bin packing, max size: 4194304 bytes, open cost is considered as scanning 4194304 bytes.
[2024-09-21T22:00:11.347+0000] {ssh.py:524} INFO - 24/09/21 22:00:11 INFO ParquetFileFormat: Using default output committer for Parquet: org.apache.parquet.hadoop.ParquetOutputCommitter
[2024-09-21T22:00:11.364+0000] {ssh.py:524} INFO - 24/09/21 22:00:11 INFO FileOutputCommitter: File Output Committer Algorithm version is 1
[2024-09-21T22:00:11.365+0000] {ssh.py:524} INFO - 24/09/21 22:00:11 INFO FileOutputCommitter: FileOutputCommitter skip cleanup _temporary folders under output directory:false, ignore cleanup failures: false
[2024-09-21T22:00:11.367+0000] {ssh.py:524} INFO - 24/09/21 22:00:11 INFO SQLHadoopMapReduceCommitProtocol: Using user defined output committer class org.apache.parquet.hadoop.ParquetOutputCommitter
[2024-09-21T22:00:11.368+0000] {ssh.py:524} INFO - 24/09/21 22:00:11 INFO FileOutputCommitter: File Output Committer Algorithm version is 1
[2024-09-21T22:00:11.369+0000] {ssh.py:524} INFO - 24/09/21 22:00:11 INFO FileOutputCommitter: FileOutputCommitter skip cleanup _temporary folders under output directory:false, ignore cleanup failures: false
[2024-09-21T22:00:11.374+0000] {ssh.py:524} INFO - 24/09/21 22:00:11 INFO SQLHadoopMapReduceCommitProtocol: Using output committer class org.apache.parquet.hadoop.ParquetOutputCommitter
[2024-09-21T22:00:11.462+0000] {ssh.py:524} INFO - 24/09/21 22:00:11 INFO CodeGenerator: Code generated in 10.029407 ms
[2024-09-21T22:00:11.510+0000] {ssh.py:524} INFO - 24/09/21 22:00:11 INFO SparkContext: Starting job: save at NativeMethodAccessorImpl.java:0
[2024-09-21T22:00:11.521+0000] {ssh.py:524} INFO - 24/09/21 22:00:11 INFO DAGScheduler: Got job 1 (save at NativeMethodAccessorImpl.java:0) with 1 output partitions
[2024-09-21T22:00:11.521+0000] {ssh.py:524} INFO - 24/09/21 22:00:11 INFO DAGScheduler: Final stage: ResultStage 1 (save at NativeMethodAccessorImpl.java:0)
[2024-09-21T22:00:11.522+0000] {ssh.py:524} INFO - 24/09/21 22:00:11 INFO DAGScheduler: Parents of final stage: List()
[2024-09-21T22:00:11.522+0000] {ssh.py:524} INFO - 24/09/21 22:00:11 INFO DAGScheduler: Missing parents: List()
[2024-09-21T22:00:11.523+0000] {ssh.py:524} INFO - 24/09/21 22:00:11 INFO DAGScheduler: Submitting ResultStage 1 (MapPartitionsRDD[21] at save at NativeMethodAccessorImpl.java:0), which has no missing parents
[2024-09-21T22:00:11.604+0000] {ssh.py:524} INFO - 24/09/21 22:00:11 INFO MemoryStore: Block broadcast_4 stored as values in memory (estimated size 246.7 KiB, free 433.4 MiB)
[2024-09-21T22:00:11.618+0000] {ssh.py:524} INFO - 24/09/21 22:00:11 INFO MemoryStore: Block broadcast_4_piece0 stored as bytes in memory (estimated size 94.0 KiB, free 433.3 MiB)
[2024-09-21T22:00:11.619+0000] {ssh.py:524} INFO - 24/09/21 22:00:11 INFO BlockManagerInfo: Added broadcast_4_piece0 in memory on spark-master:41749 (size: 94.0 KiB, free: 434.2 MiB)
[2024-09-21T22:00:11.621+0000] {ssh.py:524} INFO - 24/09/21 22:00:11 INFO SparkContext: Created broadcast 4 from broadcast at DAGScheduler.scala:1513
[2024-09-21T22:00:11.623+0000] {ssh.py:524} INFO - 24/09/21 22:00:11 INFO DAGScheduler: Submitting 1 missing tasks from ResultStage 1 (MapPartitionsRDD[21] at save at NativeMethodAccessorImpl.java:0) (first 15 tasks are for partitions Vector(0))
[2024-09-21T22:00:11.624+0000] {ssh.py:524} INFO - 24/09/21 22:00:11 INFO TaskSchedulerImpl: Adding task set 1.0 with 1 tasks resource profile 0
[2024-09-21T22:00:11.626+0000] {ssh.py:524} INFO - 24/09/21 22:00:11 INFO TaskSetManager: Starting task 0.0 in stage 1.0 (TID 1) (spark-master, executor driver, partition 0, PROCESS_LOCAL, 4903 bytes) taskResourceAssignments Map()
[2024-09-21T22:00:11.629+0000] {ssh.py:524} INFO - 24/09/21 22:00:11 INFO Executor: Running task 0.0 in stage 1.0 (TID 1)
[2024-09-21T22:00:12.319+0000] {ssh.py:524} INFO - 24/09/21 22:00:12 INFO FileOutputCommitter: File Output Committer Algorithm version is 1
[2024-09-21T22:00:12.320+0000] {ssh.py:524} INFO - 24/09/21 22:00:12 INFO FileOutputCommitter: FileOutputCommitter skip cleanup _temporary folders under output directory:false, ignore cleanup failures: false
[2024-09-21T22:00:12.321+0000] {ssh.py:524} INFO - 24/09/21 22:00:12 INFO SQLHadoopMapReduceCommitProtocol: Using user defined output committer class org.apache.parquet.hadoop.ParquetOutputCommitter
[2024-09-21T22:00:12.321+0000] {ssh.py:524} INFO - 24/09/21 22:00:12 INFO FileOutputCommitter: File Output Committer Algorithm version is 1
[2024-09-21T22:00:12.322+0000] {ssh.py:524} INFO - 24/09/21 22:00:12 INFO FileOutputCommitter: FileOutputCommitter skip cleanup _temporary folders under output directory:false, ignore cleanup failures: false
[2024-09-21T22:00:12.325+0000] {ssh.py:524} INFO - 24/09/21 22:00:12 INFO SQLHadoopMapReduceCommitProtocol: Using output committer class org.apache.parquet.hadoop.ParquetOutputCommitter
[2024-09-21T22:00:12.332+0000] {ssh.py:524} INFO - 24/09/21 22:00:12 INFO FileScanRDD: Reading File path: s3a://raw/GTFS/paradas/stops.txt, range: 0-2221690, partition values: [empty row]
[2024-09-21T22:00:12.341+0000] {ssh.py:524} INFO - 24/09/21 22:00:12 INFO CodecConfig: Compression: SNAPPY
[2024-09-21T22:00:12.351+0000] {ssh.py:524} INFO - 24/09/21 22:00:12 INFO CodecConfig: Compression: SNAPPY
[2024-09-21T22:00:12.407+0000] {ssh.py:524} INFO - 24/09/21 22:00:12 INFO CodeGenerator: Code generated in 53.500646 ms
[2024-09-21T22:00:12.415+0000] {ssh.py:524} INFO - 24/09/21 22:00:12 INFO ParquetOutputFormat: Parquet block size to 134217728
[2024-09-21T22:00:12.416+0000] {ssh.py:524} INFO - 24/09/21 22:00:12 INFO ParquetOutputFormat: Validation is off
[2024-09-21T22:00:12.416+0000] {ssh.py:524} INFO - 24/09/21 22:00:12 INFO ParquetOutputFormat: Maximum row group padding size is 8388608 bytes
[2024-09-21T22:00:12.417+0000] {ssh.py:524} INFO - 24/09/21 22:00:12 INFO ParquetOutputFormat: Parquet properties are:
[2024-09-21T22:00:12.418+0000] {ssh.py:524} INFO - Parquet page size to 1048576
[2024-09-21T22:00:12.418+0000] {ssh.py:524} INFO - Parquet dictionary page size to 1048576
[2024-09-21T22:00:12.418+0000] {ssh.py:524} INFO - Dictionary is true
[2024-09-21T22:00:12.419+0000] {ssh.py:524} INFO - Writer version is: PARQUET_1_0
[2024-09-21T22:00:12.419+0000] {ssh.py:524} INFO - Page size checking is: estimated
[2024-09-21T22:00:12.419+0000] {ssh.py:524} INFO - Min row count for page size check is: 100
[2024-09-21T22:00:12.420+0000] {ssh.py:524} INFO - Max row count for page size check is: 10000
[2024-09-21T22:00:12.420+0000] {ssh.py:524} INFO - Truncate length for column indexes is: 64
[2024-09-21T22:00:12.421+0000] {ssh.py:524} INFO - Truncate length for statistics min/max  is: 2147483647
[2024-09-21T22:00:12.421+0000] {ssh.py:524} INFO - Bloom filter enabled: false
[2024-09-21T22:00:12.422+0000] {ssh.py:524} INFO - Max Bloom filter size for a column is 1048576
[2024-09-21T22:00:12.422+0000] {ssh.py:524} INFO - Bloom filter expected number of distinct values are: null
[2024-09-21T22:00:12.422+0000] {ssh.py:524} INFO - Page row count limit to 20000
[2024-09-21T22:00:12.423+0000] {ssh.py:524} INFO - Writing page checksums is: on
[2024-09-21T22:00:12.443+0000] {ssh.py:524} INFO - 24/09/21 22:00:12 INFO CodeGenerator: Code generated in 8.250833 ms
[2024-09-21T22:00:12.455+0000] {ssh.py:524} INFO - 24/09/21 22:00:12 INFO ParquetWriteSupport: Initialized Parquet WriteSupport with Catalyst schema:
[2024-09-21T22:00:12.455+0000] {ssh.py:524} INFO - {
[2024-09-21T22:00:12.456+0000] {ssh.py:524} INFO -   "type" : "struct",
[2024-09-21T22:00:12.456+0000] {ssh.py:524} INFO -   "fields" : [ {
[2024-09-21T22:00:12.456+0000] {ssh.py:524} INFO -     "name" : "data",
[2024-09-21T22:00:12.457+0000] {ssh.py:524} INFO -     "type" : "string",
[2024-09-21T22:00:12.457+0000] {ssh.py:524} INFO -     "nullable" : true,
[2024-09-21T22:00:12.457+0000] {ssh.py:524} INFO -     "metadata" : { }
[2024-09-21T22:00:12.458+0000] {ssh.py:524} INFO -   } ]
[2024-09-21T22:00:12.458+0000] {ssh.py:524} INFO - }
[2024-09-21T22:00:12.458+0000] {ssh.py:524} INFO - and corresponding Parquet message type:
[2024-09-21T22:00:12.458+0000] {ssh.py:524} INFO - message spark_schema {
[2024-09-21T22:00:12.459+0000] {ssh.py:524} INFO -   optional binary data (STRING);
[2024-09-21T22:00:12.459+0000] {ssh.py:524} INFO - }
[2024-09-21T22:00:12.460+0000] {ssh.py:524} INFO - 
[2024-09-21T22:00:12.460+0000] {ssh.py:524} INFO -        
[2024-09-21T22:00:12.522+0000] {ssh.py:524} INFO - 24/09/21 22:00:12 INFO CodecPool: Got brand-new compressor [.snappy]
[2024-09-21T22:00:22.556+0000] {taskinstance.py:1937} ERROR - Task failed with exception
Traceback (most recent call last):
  File "/home/airflow/.local/lib/python3.8/site-packages/airflow/providers/ssh/operators/ssh.py", line 178, in execute
    result = self.run_ssh_client_command(ssh_client, self.command, context=context)
  File "/home/airflow/.local/lib/python3.8/site-packages/airflow/providers/ssh/operators/ssh.py", line 163, in run_ssh_client_command
    exit_status, agg_stdout, agg_stderr = self.hook.exec_ssh_client_command(
  File "/home/airflow/.local/lib/python3.8/site-packages/airflow/providers/ssh/hooks/ssh.py", line 549, in exec_ssh_client_command
    raise AirflowException("SSH command timed out")
airflow.exceptions.AirflowException: SSH command timed out
[2024-09-21T22:00:22.559+0000] {taskinstance.py:1400} INFO - Marking task as FAILED. dag_id=raw_ingestion, task_id=spark_raw_ingestion_previsao, execution_date=20240921T213000, start_date=20240921T220000, end_date=20240921T220022
[2024-09-21T22:00:22.575+0000] {standard_task_runner.py:104} ERROR - Failed to execute job 402 for task spark_raw_ingestion_previsao (SSH command timed out; 1641)
[2024-09-21T22:00:22.589+0000] {local_task_job_runner.py:228} INFO - Task exited with return code 1
[2024-09-21T22:00:22.627+0000] {taskinstance.py:2778} INFO - 0 downstream tasks scheduled from follow-on schedule check
