[2024-09-21T22:15:12.260+0000] {taskinstance.py:1159} INFO - Dependencies all met for dep_context=non-requeueable deps ti=<TaskInstance: raw_ingestion.spark_raw_ingestion_posicao manual__2024-09-21T22:15:11.318217+00:00 [queued]>
[2024-09-21T22:15:12.271+0000] {taskinstance.py:1159} INFO - Dependencies all met for dep_context=requeueable deps ti=<TaskInstance: raw_ingestion.spark_raw_ingestion_posicao manual__2024-09-21T22:15:11.318217+00:00 [queued]>
[2024-09-21T22:15:12.271+0000] {taskinstance.py:1361} INFO - Starting attempt 1 of 0
[2024-09-21T22:15:12.294+0000] {taskinstance.py:1382} INFO - Executing <Task(SSHOperator): spark_raw_ingestion_posicao> on 2024-09-21 22:15:11.318217+00:00
[2024-09-21T22:15:12.300+0000] {standard_task_runner.py:57} INFO - Started process 1934 to run task
[2024-09-21T22:15:12.302+0000] {standard_task_runner.py:84} INFO - Running: ['airflow', 'tasks', 'run', 'raw_ingestion', 'spark_raw_ingestion_posicao', 'manual__2024-09-21T22:15:11.318217+00:00', '--job-id', '418', '--raw', '--subdir', 'DAGS_FOLDER/raw_ingestion.py', '--cfg-path', '/tmp/tmpu4nacwno']
[2024-09-21T22:15:12.303+0000] {standard_task_runner.py:85} INFO - Job 418: Subtask spark_raw_ingestion_posicao
[2024-09-21T22:15:12.437+0000] {task_command.py:416} INFO - Running <TaskInstance: raw_ingestion.spark_raw_ingestion_posicao manual__2024-09-21T22:15:11.318217+00:00 [running]> on host airflow-worker
[2024-09-21T22:15:12.656+0000] {taskinstance.py:1662} INFO - Exporting env vars: AIRFLOW_CTX_DAG_OWNER='***' AIRFLOW_CTX_DAG_ID='raw_ingestion' AIRFLOW_CTX_TASK_ID='spark_raw_ingestion_posicao' AIRFLOW_CTX_EXECUTION_DATE='2024-09-21T22:15:11.318217+00:00' AIRFLOW_CTX_TRY_NUMBER='1' AIRFLOW_CTX_DAG_RUN_ID='manual__2024-09-21T22:15:11.318217+00:00'
[2024-09-21T22:15:12.657+0000] {ssh.py:141} INFO - Creating ssh_client
[2024-09-21T22:15:12.657+0000] {ssh.py:114} INFO - ssh_hook is not provided or invalid. Trying ssh_conn_id to create SSHHook.
[2024-09-21T22:15:12.689+0000] {base.py:73} INFO - Using connection ID 'spark_ssh_default' for task execution.
[2024-09-21T22:15:12.690+0000] {ssh.py:300} WARNING - No Host Key Verification. This won't protect against Man-In-The-Middle attacks
[2024-09-21T22:15:12.700+0000] {transport.py:1893} INFO - Connected (version 2.0, client OpenSSH_8.9p1)
[2024-09-21T22:15:12.843+0000] {transport.py:1893} INFO - Authentication (password) successful!
[2024-09-21T22:15:12.843+0000] {ssh.py:478} INFO - Running command: export SPARK_HOME=/usr/local/spark; /opt/conda/bin/spark-submit --master local[*] --executor-memory 4g /opt/shared/scripts/raw_ingestion.py 2024-09-21 posicao
[2024-09-21T22:15:15.506+0000] {ssh.py:524} INFO - [DEBUG] dt_now: 2024-09-21
[2024-09-21T22:15:15.507+0000] {ssh.py:524} INFO - [DEBUG] endpoint: posicao
[2024-09-21T22:15:15.620+0000] {ssh.py:524} INFO - 24/09/21 22:15:15 INFO SparkContext: Running Spark version 3.3.1
[2024-09-21T22:15:15.656+0000] {ssh.py:524} INFO - 24/09/21 22:15:15 WARN NativeCodeLoader: Unable to load native-hadoop library for your platform... using builtin-java classes where applicable
[2024-09-21T22:15:15.738+0000] {ssh.py:524} INFO - 24/09/21 22:15:15 INFO ResourceUtils: ==============================================================
[2024-09-21T22:15:15.738+0000] {ssh.py:524} INFO - 24/09/21 22:15:15 INFO ResourceUtils: No custom resources configured for spark.driver.
[2024-09-21T22:15:15.739+0000] {ssh.py:524} INFO - 24/09/21 22:15:15 INFO ResourceUtils: ==============================================================
[2024-09-21T22:15:15.739+0000] {ssh.py:524} INFO - 24/09/21 22:15:15 INFO SparkContext: Submitted application: raw_ingestion_posicao
[2024-09-21T22:15:15.760+0000] {ssh.py:524} INFO - 24/09/21 22:15:15 INFO ResourceProfile: Default ResourceProfile created, executor resources: Map(cores -> name: cores, amount: 1, script: , vendor: , memory -> name: memory, amount: 1024, script: , vendor: , offHeap -> name: offHeap, amount: 0, script: , vendor: ), task resources: Map(cpus -> name: cpus, amount: 1.0)
[2024-09-21T22:15:15.769+0000] {ssh.py:524} INFO - 24/09/21 22:15:15 INFO ResourceProfile: Limiting resource is cpu
[2024-09-21T22:15:15.770+0000] {ssh.py:524} INFO - 24/09/21 22:15:15 INFO ResourceProfileManager: Added ResourceProfile id: 0
[2024-09-21T22:15:15.815+0000] {ssh.py:524} INFO - 24/09/21 22:15:15 INFO SecurityManager: Changing view acls to: root
[2024-09-21T22:15:15.816+0000] {ssh.py:524} INFO - 24/09/21 22:15:15 INFO SecurityManager: Changing modify acls to: root
[2024-09-21T22:15:15.817+0000] {ssh.py:524} INFO - 24/09/21 22:15:15 INFO SecurityManager: Changing view acls groups to: 
[2024-09-21T22:15:15.818+0000] {ssh.py:524} INFO - 24/09/21 22:15:15 INFO SecurityManager: Changing modify acls groups to: 
[2024-09-21T22:15:15.818+0000] {ssh.py:524} INFO - 24/09/21 22:15:15 INFO SecurityManager: SecurityManager: authentication disabled; ui acls disabled; users  with view permissions: Set(root); groups with view permissions: Set(); users  with modify permissions: Set(root); groups with modify permissions: Set()
[2024-09-21T22:15:16.230+0000] {ssh.py:524} INFO - 24/09/21 22:15:16 INFO Utils: Successfully started service 'sparkDriver' on port 35459.
[2024-09-21T22:15:16.296+0000] {ssh.py:524} INFO - 24/09/21 22:15:16 INFO SparkEnv: Registering MapOutputTracker
[2024-09-21T22:15:16.349+0000] {ssh.py:524} INFO - 24/09/21 22:15:16 INFO SparkEnv: Registering BlockManagerMaster
[2024-09-21T22:15:16.367+0000] {ssh.py:524} INFO - 24/09/21 22:15:16 INFO BlockManagerMasterEndpoint: Using org.apache.spark.storage.DefaultTopologyMapper for getting topology information
[2024-09-21T22:15:16.368+0000] {ssh.py:524} INFO - 24/09/21 22:15:16 INFO BlockManagerMasterEndpoint: BlockManagerMasterEndpoint up
[2024-09-21T22:15:16.373+0000] {ssh.py:524} INFO - 24/09/21 22:15:16 INFO SparkEnv: Registering BlockManagerMasterHeartbeat
[2024-09-21T22:15:16.391+0000] {ssh.py:524} INFO - 24/09/21 22:15:16 INFO DiskBlockManager: Created local directory at /tmp/blockmgr-3d85705d-c33f-4331-bb64-df17fab2d3db
[2024-09-21T22:15:16.404+0000] {ssh.py:524} INFO - 24/09/21 22:15:16 INFO MemoryStore: MemoryStore started with capacity 434.4 MiB
[2024-09-21T22:15:16.424+0000] {ssh.py:524} INFO - 24/09/21 22:15:16 INFO SparkEnv: Registering OutputCommitCoordinator
[2024-09-21T22:15:16.623+0000] {ssh.py:524} INFO - 24/09/21 22:15:16 WARN Utils: Service 'SparkUI' could not bind on port 4040. Attempting port 4041.
[2024-09-21T22:15:16.627+0000] {ssh.py:524} INFO - 24/09/21 22:15:16 WARN Utils: Service 'SparkUI' could not bind on port 4041. Attempting port 4042.
[2024-09-21T22:15:16.628+0000] {ssh.py:524} INFO - 24/09/21 22:15:16 WARN Utils: Service 'SparkUI' could not bind on port 4042. Attempting port 4043.
[2024-09-21T22:15:16.629+0000] {ssh.py:524} INFO - 24/09/21 22:15:16 WARN Utils: Service 'SparkUI' could not bind on port 4043. Attempting port 4044.
[2024-09-21T22:15:16.638+0000] {ssh.py:524} INFO - 24/09/21 22:15:16 INFO Utils: Successfully started service 'SparkUI' on port 4044.
[2024-09-21T22:15:16.756+0000] {ssh.py:524} INFO - 24/09/21 22:15:16 INFO Executor: Starting executor ID driver on host spark-master
[2024-09-21T22:15:16.766+0000] {ssh.py:524} INFO - 24/09/21 22:15:16 INFO Executor: Starting executor with user classpath (userClassPathFirst = false): ''
[2024-09-21T22:15:16.782+0000] {ssh.py:524} INFO - 24/09/21 22:15:16 INFO Utils: Successfully started service 'org.apache.spark.network.netty.NettyBlockTransferService' on port 38537.
[2024-09-21T22:15:16.783+0000] {ssh.py:524} INFO - 24/09/21 22:15:16 INFO NettyBlockTransferService: Server created on spark-master:38537
[2024-09-21T22:15:16.784+0000] {ssh.py:524} INFO - 24/09/21 22:15:16 INFO BlockManager: Using org.apache.spark.storage.RandomBlockReplicationPolicy for block replication policy
[2024-09-21T22:15:16.792+0000] {ssh.py:524} INFO - 24/09/21 22:15:16 INFO BlockManagerMaster: Registering BlockManager BlockManagerId(driver, spark-master, 38537, None)
[2024-09-21T22:15:16.796+0000] {ssh.py:524} INFO - 24/09/21 22:15:16 INFO BlockManagerMasterEndpoint: Registering block manager spark-master:38537 with 434.4 MiB RAM, BlockManagerId(driver, spark-master, 38537, None)
[2024-09-21T22:15:16.798+0000] {ssh.py:524} INFO - 24/09/21 22:15:16 INFO BlockManagerMaster: Registered BlockManager BlockManagerId(driver, spark-master, 38537, None)
[2024-09-21T22:15:16.799+0000] {ssh.py:524} INFO - 24/09/21 22:15:16 INFO BlockManager: Initialized BlockManager: BlockManagerId(driver, spark-master, 38537, None)
[2024-09-21T22:15:18.771+0000] {ssh.py:524} INFO - 24/09/21 22:15:18 INFO SharedState: Setting hive.metastore.warehouse.dir ('null') to the value of spark.sql.warehouse.dir.
[2024-09-21T22:15:18.778+0000] {ssh.py:524} INFO - 24/09/21 22:15:18 INFO SharedState: Warehouse path is 'file:/root/spark-warehouse'.
[2024-09-21T22:15:21.034+0000] {ssh.py:524} INFO - 24/09/21 22:15:21 WARN MetricsConfig: Cannot locate configuration: tried hadoop-metrics2-s3a-file-system.properties,hadoop-metrics2.properties
[2024-09-21T22:15:21.049+0000] {ssh.py:524} INFO - 24/09/21 22:15:21 INFO MetricsSystemImpl: Scheduled Metric snapshot period at 10 second(s).
[2024-09-21T22:15:21.050+0000] {ssh.py:524} INFO - 24/09/21 22:15:21 INFO MetricsSystemImpl: s3a-file-system metrics system started
[2024-09-21T22:15:22.163+0000] {ssh.py:524} INFO - 24/09/21 22:15:22 WARN AbstractS3ACommitterFactory: Using standard FileOutputCommitter to commit work. This is slow and potentially unsafe.
[2024-09-21T22:15:22.163+0000] {ssh.py:524} INFO - 24/09/21 22:15:22 INFO FileOutputCommitter: File Output Committer Algorithm version is 1
[2024-09-21T22:15:22.164+0000] {ssh.py:524} INFO - 24/09/21 22:15:22 INFO FileOutputCommitter: FileOutputCommitter skip cleanup _temporary folders under output directory:false, ignore cleanup failures: false
[2024-09-21T22:15:22.166+0000] {ssh.py:524} INFO - 24/09/21 22:15:22 INFO AbstractS3ACommitterFactory: Using Committer FileOutputCommitter{PathOutputCommitter{context=TaskAttemptContextImpl{JobContextImpl{jobId=job_202409212215226480291373400832386_0000}; taskId=attempt_202409212215226480291373400832386_0000_m_000000_0, status=''}; org.apache.hadoop.mapreduce.lib.output.FileOutputCommitter@639e15e6}; outputPath=s3a://raw/olhovivo/posicao/dt=2024-09-21, workPath=s3a://raw/olhovivo/posicao/dt=2024-09-21/_temporary/0/_temporary/attempt_202409212215226480291373400832386_0000_m_000000_0, algorithmVersion=1, skipCleanup=false, ignoreCleanupFailures=false} for s3a://raw/olhovivo/posicao/dt=2024-09-21
[2024-09-21T22:15:22.167+0000] {ssh.py:524} INFO - 24/09/21 22:15:22 INFO SQLHadoopMapReduceCommitProtocol: Using output committer class org.apache.hadoop.mapreduce.lib.output.FileOutputCommitter
[2024-09-21T22:15:22.954+0000] {ssh.py:524} INFO - 24/09/21 22:15:22 INFO CodeGenerator: Code generated in 321.439622 ms
[2024-09-21T22:15:23.181+0000] {ssh.py:524} INFO - 24/09/21 22:15:23 INFO SparkContext: Starting job: save at NativeMethodAccessorImpl.java:0
[2024-09-21T22:15:23.202+0000] {ssh.py:524} INFO - 24/09/21 22:15:23 INFO DAGScheduler: Got job 0 (save at NativeMethodAccessorImpl.java:0) with 12 output partitions
[2024-09-21T22:15:23.207+0000] {ssh.py:524} INFO - 24/09/21 22:15:23 INFO DAGScheduler: Final stage: ResultStage 0 (save at NativeMethodAccessorImpl.java:0)
[2024-09-21T22:15:23.207+0000] {ssh.py:524} INFO - 24/09/21 22:15:23 INFO DAGScheduler: Parents of final stage: List()
[2024-09-21T22:15:23.208+0000] {ssh.py:524} INFO - 24/09/21 22:15:23 INFO DAGScheduler: Missing parents: List()
[2024-09-21T22:15:23.243+0000] {ssh.py:524} INFO - 24/09/21 22:15:23 INFO DAGScheduler: Submitting ResultStage 0 (MapPartitionsRDD[5] at save at NativeMethodAccessorImpl.java:0), which has no missing parents
[2024-09-21T22:15:23.548+0000] {ssh.py:524} INFO - 24/09/21 22:15:23 INFO MemoryStore: Block broadcast_0 stored as values in memory (estimated size 225.4 KiB, free 434.2 MiB)
[2024-09-21T22:15:23.597+0000] {ssh.py:524} INFO - 24/09/21 22:15:23 INFO MemoryStore: Block broadcast_0_piece0 stored as bytes in memory (estimated size 82.0 KiB, free 434.1 MiB)
[2024-09-21T22:15:23.613+0000] {ssh.py:524} INFO - 24/09/21 22:15:23 INFO BlockManagerInfo: Added broadcast_0_piece0 in memory on spark-master:38537 (size: 82.0 KiB, free: 434.3 MiB)
[2024-09-21T22:15:23.624+0000] {ssh.py:524} INFO - 24/09/21 22:15:23 INFO SparkContext: Created broadcast 0 from broadcast at DAGScheduler.scala:1513
[2024-09-21T22:15:23.655+0000] {ssh.py:524} INFO - 24/09/21 22:15:23 INFO DAGScheduler: Submitting 12 missing tasks from ResultStage 0 (MapPartitionsRDD[5] at save at NativeMethodAccessorImpl.java:0) (first 15 tasks are for partitions Vector(0, 1, 2, 3, 4, 5, 6, 7, 8, 9, 10, 11))
[2024-09-21T22:15:23.657+0000] {ssh.py:524} INFO - 24/09/21 22:15:23 INFO TaskSchedulerImpl: Adding task set 0.0 with 12 tasks resource profile 0
[2024-09-21T22:15:23.787+0000] {ssh.py:524} INFO - 24/09/21 22:15:23 INFO TaskSetManager: Starting task 0.0 in stage 0.0 (TID 0) (spark-master, executor driver, partition 0, PROCESS_LOCAL, 4433 bytes) taskResourceAssignments Map()
[2024-09-21T22:15:23.810+0000] {ssh.py:524} INFO - 24/09/21 22:15:23 INFO TaskSetManager: Starting task 1.0 in stage 0.0 (TID 1) (spark-master, executor driver, partition 1, PROCESS_LOCAL, 4433 bytes) taskResourceAssignments Map()
[2024-09-21T22:15:23.817+0000] {ssh.py:524} INFO - 24/09/21 22:15:23 INFO TaskSetManager: Starting task 2.0 in stage 0.0 (TID 2) (spark-master, executor driver, partition 2, PROCESS_LOCAL, 4433 bytes) taskResourceAssignments Map()
[2024-09-21T22:15:23.819+0000] {ssh.py:524} INFO - 24/09/21 22:15:23 INFO TaskSetManager: Starting task 3.0 in stage 0.0 (TID 3) (spark-master, executor driver, partition 3, PROCESS_LOCAL, 4433 bytes) taskResourceAssignments Map()
[2024-09-21T22:15:23.825+0000] {ssh.py:524} INFO - 24/09/21 22:15:23 INFO TaskSetManager: Starting task 4.0 in stage 0.0 (TID 4) (spark-master, executor driver, partition 4, PROCESS_LOCAL, 4433 bytes) taskResourceAssignments Map()
[2024-09-21T22:15:23.828+0000] {ssh.py:524} INFO - 24/09/21 22:15:23 INFO TaskSetManager: Starting task 5.0 in stage 0.0 (TID 5) (spark-master, executor driver, partition 5, PROCESS_LOCAL, 4433 bytes) taskResourceAssignments Map()
[2024-09-21T22:15:23.832+0000] {ssh.py:524} INFO - 24/09/21 22:15:23 INFO TaskSetManager: Starting task 6.0 in stage 0.0 (TID 6) (spark-master, executor driver, partition 6, PROCESS_LOCAL, 4433 bytes) taskResourceAssignments Map()
[2024-09-21T22:15:23.834+0000] {ssh.py:524} INFO - 24/09/21 22:15:23 INFO TaskSetManager: Starting task 7.0 in stage 0.0 (TID 7) (spark-master, executor driver, partition 7, PROCESS_LOCAL, 4433 bytes) taskResourceAssignments Map()
[2024-09-21T22:15:23.836+0000] {ssh.py:524} INFO - 24/09/21 22:15:23 INFO TaskSetManager: Starting task 8.0 in stage 0.0 (TID 8) (spark-master, executor driver, partition 8, PROCESS_LOCAL, 4433 bytes) taskResourceAssignments Map()
[2024-09-21T22:15:23.838+0000] {ssh.py:524} INFO - 24/09/21 22:15:23 INFO TaskSetManager: Starting task 9.0 in stage 0.0 (TID 9) (spark-master, executor driver, partition 9, PROCESS_LOCAL, 4433 bytes) taskResourceAssignments Map()
[2024-09-21T22:15:23.838+0000] {ssh.py:524} INFO - 24/09/21 22:15:23 INFO TaskSetManager: Starting task 10.0 in stage 0.0 (TID 10) (spark-master, executor driver, partition 10, PROCESS_LOCAL, 4433 bytes) taskResourceAssignments Map()
[2024-09-21T22:15:23.841+0000] {ssh.py:524} INFO - 24/09/21 22:15:23 INFO TaskSetManager: Starting task 11.0 in stage 0.0 (TID 11) (spark-master, executor driver, partition 11, PROCESS_LOCAL, 440004 bytes) taskResourceAssignments Map()
[2024-09-21T22:15:23.871+0000] {ssh.py:524} INFO - 24/09/21 22:15:23 INFO Executor: Running task 1.0 in stage 0.0 (TID 1)
[2024-09-21T22:15:23.876+0000] {ssh.py:524} INFO - 24/09/21 22:15:23 INFO Executor: Running task 2.0 in stage 0.0 (TID 2)
[2024-09-21T22:15:23.876+0000] {ssh.py:524} INFO - 24/09/21 22:15:23 INFO Executor: Running task 3.0 in stage 0.0 (TID 3)
[2024-09-21T22:15:23.877+0000] {ssh.py:524} INFO - 24/09/21 22:15:23 INFO Executor: Running task 0.0 in stage 0.0 (TID 0)
[2024-09-21T22:15:23.880+0000] {ssh.py:524} INFO - 24/09/21 22:15:23 INFO Executor: Running task 5.0 in stage 0.0 (TID 5)
[2024-09-21T22:15:23.882+0000] {ssh.py:524} INFO - 24/09/21 22:15:23 INFO Executor: Running task 6.0 in stage 0.0 (TID 6)
[2024-09-21T22:15:23.890+0000] {ssh.py:524} INFO - 24/09/21 22:15:23 INFO Executor: Running task 8.0 in stage 0.0 (TID 8)
[2024-09-21T22:15:23.891+0000] {ssh.py:524} INFO - 24/09/21 22:15:23 INFO Executor: Running task 7.0 in stage 0.0 (TID 7)
[2024-09-21T22:15:23.892+0000] {ssh.py:524} INFO - 24/09/21 22:15:23 INFO Executor: Running task 9.0 in stage 0.0 (TID 9)
[2024-09-21T22:15:23.893+0000] {ssh.py:524} INFO - 24/09/21 22:15:23 INFO Executor: Running task 10.0 in stage 0.0 (TID 10)
[2024-09-21T22:15:23.894+0000] {ssh.py:524} INFO - 24/09/21 22:15:23 INFO Executor: Running task 4.0 in stage 0.0 (TID 4)
[2024-09-21T22:15:23.894+0000] {ssh.py:524} INFO - 24/09/21 22:15:23 INFO Executor: Running task 11.0 in stage 0.0 (TID 11)
[2024-09-21T22:15:24.633+0000] {ssh.py:524} INFO - 24/09/21 22:15:24 WARN AbstractS3ACommitterFactory: Using standard FileOutputCommitter to commit work. This is slow and potentially unsafe.
[2024-09-21T22:15:24.634+0000] {ssh.py:524} INFO - 24/09/21 22:15:24 INFO FileOutputCommitter: File Output Committer Algorithm version is 1
[2024-09-21T22:15:24.637+0000] {ssh.py:524} INFO - 24/09/21 22:15:24 WARN AbstractS3ACommitterFactory: Using standard FileOutputCommitter to commit work. This is slow and potentially unsafe.
[2024-09-21T22:15:24.637+0000] {ssh.py:524} INFO - 24/09/21 22:15:24 INFO FileOutputCommitter: File Output Committer Algorithm version is 1
[2024-09-21T22:15:24.638+0000] {ssh.py:524} INFO - 24/09/21 22:15:24 INFO FileOutputCommitter: FileOutputCommitter skip cleanup _temporary folders under output directory:false, ignore cleanup failures: false
[2024-09-21T22:15:24.638+0000] {ssh.py:524} INFO - 24/09/21 22:15:24 INFO AbstractS3ACommitterFactory: Using Committer FileOutputCommitter{PathOutputCommitter{context=TaskAttemptContextImpl{JobContextImpl{jobId=job_202409212215234608957139632303465_0000}; taskId=attempt_202409212215234608957139632303465_0000_m_000010_10, status=''}; org.apache.hadoop.mapreduce.lib.output.FileOutputCommitter@db455ec}; outputPath=s3a://raw/olhovivo/posicao/dt=2024-09-21, workPath=s3a://raw/olhovivo/posicao/dt=2024-09-21/_temporary/0/_temporary/attempt_202409212215234608957139632303465_0000_m_000010_10, algorithmVersion=1, skipCleanup=false, ignoreCleanupFailures=false} for s3a://raw/olhovivo/posicao/dt=2024-09-21
[2024-09-21T22:15:24.638+0000] {ssh.py:524} INFO - 24/09/21 22:15:24 INFO SQLHadoopMapReduceCommitProtocol: Using output committer class org.apache.hadoop.mapreduce.lib.output.FileOutputCommitter
[2024-09-21T22:15:24.639+0000] {ssh.py:524} INFO - 24/09/21 22:15:24 INFO FileOutputCommitter: FileOutputCommitter skip cleanup _temporary folders under output directory:false, ignore cleanup failures: false
[2024-09-21T22:15:24.646+0000] {ssh.py:524} INFO - 24/09/21 22:15:24 INFO AbstractS3ACommitterFactory: Using Committer FileOutputCommitter{PathOutputCommitter{context=TaskAttemptContextImpl{JobContextImpl{jobId=job_202409212215236943576080524369854_0000}; taskId=attempt_202409212215236943576080524369854_0000_m_000005_5, status=''}; org.apache.hadoop.mapreduce.lib.output.FileOutputCommitter@4833f303}; outputPath=s3a://raw/olhovivo/posicao/dt=2024-09-21, workPath=s3a://raw/olhovivo/posicao/dt=2024-09-21/_temporary/0/_temporary/attempt_202409212215236943576080524369854_0000_m_000005_5, algorithmVersion=1, skipCleanup=false, ignoreCleanupFailures=false} for s3a://raw/olhovivo/posicao/dt=2024-09-21
[2024-09-21T22:15:24.647+0000] {ssh.py:524} INFO - 24/09/21 22:15:24 INFO SQLHadoopMapReduceCommitProtocol: Using output committer class org.apache.hadoop.mapreduce.lib.output.FileOutputCommitter
[2024-09-21T22:15:24.649+0000] {ssh.py:524} INFO - 24/09/21 22:15:24 WARN AbstractS3ACommitterFactory: Using standard FileOutputCommitter to commit work. This is slow and potentially unsafe.
[2024-09-21T22:15:24.650+0000] {ssh.py:524} INFO - 24/09/21 22:15:24 INFO FileOutputCommitter: File Output Committer Algorithm version is 1
[2024-09-21T22:15:24.651+0000] {ssh.py:524} INFO - 24/09/21 22:15:24 INFO FileOutputCommitter: FileOutputCommitter skip cleanup _temporary folders under output directory:false, ignore cleanup failures: false
[2024-09-21T22:15:24.652+0000] {ssh.py:524} INFO - 24/09/21 22:15:24 INFO AbstractS3ACommitterFactory: Using Committer FileOutputCommitter{PathOutputCommitter{context=TaskAttemptContextImpl{JobContextImpl{jobId=job_202409212215238240488406208140472_0000}; taskId=attempt_202409212215238240488406208140472_0000_m_000000_0, status=''}; org.apache.hadoop.mapreduce.lib.output.FileOutputCommitter@72b69fb}; outputPath=s3a://raw/olhovivo/posicao/dt=2024-09-21, workPath=s3a://raw/olhovivo/posicao/dt=2024-09-21/_temporary/0/_temporary/attempt_202409212215238240488406208140472_0000_m_000000_0, algorithmVersion=1, skipCleanup=false, ignoreCleanupFailures=false} for s3a://raw/olhovivo/posicao/dt=2024-09-21
[2024-09-21T22:15:24.653+0000] {ssh.py:524} INFO - 24/09/21 22:15:24 INFO SQLHadoopMapReduceCommitProtocol: Using output committer class org.apache.hadoop.mapreduce.lib.output.FileOutputCommitter
[2024-09-21T22:15:24.680+0000] {ssh.py:524} INFO - 24/09/21 22:15:24 WARN AbstractS3ACommitterFactory: Using standard FileOutputCommitter to commit work. This is slow and potentially unsafe.
[2024-09-21T22:15:24.684+0000] {ssh.py:524} INFO - 24/09/21 22:15:24 INFO FileOutputCommitter: File Output Committer Algorithm version is 1
[2024-09-21T22:15:24.684+0000] {ssh.py:524} INFO - 24/09/21 22:15:24 INFO FileOutputCommitter: FileOutputCommitter skip cleanup _temporary folders under output directory:false, ignore cleanup failures: false
[2024-09-21T22:15:24.685+0000] {ssh.py:524} INFO - 24/09/21 22:15:24 INFO AbstractS3ACommitterFactory: Using Committer FileOutputCommitter{PathOutputCommitter{context=TaskAttemptContextImpl{JobContextImpl{jobId=job_20240921221523378685171672462684_0000}; taskId=attempt_20240921221523378685171672462684_0000_m_000003_3, status=''}; org.apache.hadoop.mapreduce.lib.output.FileOutputCommitter@29d1a152}; outputPath=s3a://raw/olhovivo/posicao/dt=2024-09-21, workPath=s3a://raw/olhovivo/posicao/dt=2024-09-21/_temporary/0/_temporary/attempt_20240921221523378685171672462684_0000_m_000003_3, algorithmVersion=1, skipCleanup=false, ignoreCleanupFailures=false} for s3a://raw/olhovivo/posicao/dt=2024-09-21
[2024-09-21T22:15:24.685+0000] {ssh.py:524} INFO - 24/09/21 22:15:24 INFO SQLHadoopMapReduceCommitProtocol: Using output committer class org.apache.hadoop.mapreduce.lib.output.FileOutputCommitter
[2024-09-21T22:15:24.699+0000] {ssh.py:524} INFO - 24/09/21 22:15:24 WARN AbstractS3ACommitterFactory: Using standard FileOutputCommitter to commit work. This is slow and potentially unsafe.
[2024-09-21T22:15:24.700+0000] {ssh.py:524} INFO - 24/09/21 22:15:24 INFO FileOutputCommitter: File Output Committer Algorithm version is 1
[2024-09-21T22:15:24.700+0000] {ssh.py:524} INFO - 24/09/21 22:15:24 INFO FileOutputCommitter: FileOutputCommitter skip cleanup _temporary folders under output directory:false, ignore cleanup failures: false
[2024-09-21T22:15:24.701+0000] {ssh.py:524} INFO - 24/09/21 22:15:24 INFO AbstractS3ACommitterFactory: Using Committer FileOutputCommitter{PathOutputCommitter{context=TaskAttemptContextImpl{JobContextImpl{jobId=job_202409212215232114034131488892754_0000}; taskId=attempt_202409212215232114034131488892754_0000_m_000008_8, status=''}; org.apache.hadoop.mapreduce.lib.output.FileOutputCommitter@3c00b088}; outputPath=s3a://raw/olhovivo/posicao/dt=2024-09-21, workPath=s3a://raw/olhovivo/posicao/dt=2024-09-21/_temporary/0/_temporary/attempt_202409212215232114034131488892754_0000_m_000008_8, algorithmVersion=1, skipCleanup=false, ignoreCleanupFailures=false} for s3a://raw/olhovivo/posicao/dt=2024-09-21
[2024-09-21T22:15:24.701+0000] {ssh.py:524} INFO - 24/09/21 22:15:24 INFO SQLHadoopMapReduceCommitProtocol: Using output committer class org.apache.hadoop.mapreduce.lib.output.FileOutputCommitter
[2024-09-21T22:15:24.717+0000] {ssh.py:524} INFO - 24/09/21 22:15:24 INFO PythonRunner: Times: total = 572, boot = 467, init = 104, finish = 1
[2024-09-21T22:15:24.744+0000] {ssh.py:524} INFO - 24/09/21 22:15:24 WARN AbstractS3ACommitterFactory: Using standard FileOutputCommitter to commit work. This is slow and potentially unsafe.
[2024-09-21T22:15:24.744+0000] {ssh.py:524} INFO - 24/09/21 22:15:24 INFO PythonRunner: Times: total = 609, boot = 508, init = 101, finish = 0
[2024-09-21T22:15:24.745+0000] {ssh.py:524} INFO - 24/09/21 22:15:24 INFO FileOutputCommitter: File Output Committer Algorithm version is 1
[2024-09-21T22:15:24.745+0000] {ssh.py:524} INFO - 24/09/21 22:15:24 INFO FileOutputCommitter: FileOutputCommitter skip cleanup _temporary folders under output directory:false, ignore cleanup failures: false
[2024-09-21T22:15:24.745+0000] {ssh.py:524} INFO - 24/09/21 22:15:24 INFO AbstractS3ACommitterFactory: Using Committer FileOutputCommitter{PathOutputCommitter{context=TaskAttemptContextImpl{JobContextImpl{jobId=job_202409212215239218651778370380617_0000}; taskId=attempt_202409212215239218651778370380617_0000_m_000004_4, status=''}; org.apache.hadoop.mapreduce.lib.output.FileOutputCommitter@7d82aee7}; outputPath=s3a://raw/olhovivo/posicao/dt=2024-09-21, workPath=s3a://raw/olhovivo/posicao/dt=2024-09-21/_temporary/0/_temporary/attempt_202409212215239218651778370380617_0000_m_000004_4, algorithmVersion=1, skipCleanup=false, ignoreCleanupFailures=false} for s3a://raw/olhovivo/posicao/dt=2024-09-21
[2024-09-21T22:15:24.746+0000] {ssh.py:524} INFO - 24/09/21 22:15:24 INFO SQLHadoopMapReduceCommitProtocol: Using output committer class org.apache.hadoop.mapreduce.lib.output.FileOutputCommitter
[2024-09-21T22:15:24.754+0000] {ssh.py:524} INFO - 24/09/21 22:15:24 INFO PythonRunner: Times: total = 616, boot = 515, init = 101, finish = 0
[2024-09-21T22:15:24.756+0000] {ssh.py:524} INFO - 24/09/21 22:15:24 INFO PythonRunner: Times: total = 622, boot = 474, init = 148, finish = 0
[2024-09-21T22:15:24.779+0000] {ssh.py:524} INFO - 24/09/21 22:15:24 WARN AbstractS3ACommitterFactory: Using standard FileOutputCommitter to commit work. This is slow and potentially unsafe.
[2024-09-21T22:15:24.780+0000] {ssh.py:524} INFO - 24/09/21 22:15:24 INFO FileOutputCommitter: File Output Committer Algorithm version is 1
[2024-09-21T22:15:24.780+0000] {ssh.py:524} INFO - 24/09/21 22:15:24 INFO FileOutputCommitter: FileOutputCommitter skip cleanup _temporary folders under output directory:false, ignore cleanup failures: false
[2024-09-21T22:15:24.781+0000] {ssh.py:524} INFO - 24/09/21 22:15:24 INFO AbstractS3ACommitterFactory: Using Committer FileOutputCommitter{PathOutputCommitter{context=TaskAttemptContextImpl{JobContextImpl{jobId=job_202409212215235078049934250224719_0000}; taskId=attempt_202409212215235078049934250224719_0000_m_000001_1, status=''}; org.apache.hadoop.mapreduce.lib.output.FileOutputCommitter@62c4f17}; outputPath=s3a://raw/olhovivo/posicao/dt=2024-09-21, workPath=s3a://raw/olhovivo/posicao/dt=2024-09-21/_temporary/0/_temporary/attempt_202409212215235078049934250224719_0000_m_000001_1, algorithmVersion=1, skipCleanup=false, ignoreCleanupFailures=false} for s3a://raw/olhovivo/posicao/dt=2024-09-21
[2024-09-21T22:15:24.781+0000] {ssh.py:524} INFO - 24/09/21 22:15:24 INFO SQLHadoopMapReduceCommitProtocol: Using output committer class org.apache.hadoop.mapreduce.lib.output.FileOutputCommitter
[2024-09-21T22:15:24.791+0000] {ssh.py:524} INFO - 24/09/21 22:15:24 INFO SparkHadoopMapRedUtil: No need to commit output of task because needsTaskCommit=false: attempt_20240921221523378685171672462684_0000_m_000003_3
[2024-09-21T22:15:24.791+0000] {ssh.py:524} INFO - 24/09/21 22:15:24 INFO SparkHadoopMapRedUtil: No need to commit output of task because needsTaskCommit=false: attempt_202409212215236943576080524369854_0000_m_000005_5
[2024-09-21T22:15:24.795+0000] {ssh.py:524} INFO - 24/09/21 22:15:24 INFO SparkHadoopMapRedUtil: No need to commit output of task because needsTaskCommit=false: attempt_202409212215234608957139632303465_0000_m_000010_10
[2024-09-21T22:15:24.797+0000] {ssh.py:524} INFO - 24/09/21 22:15:24 INFO SparkHadoopMapRedUtil: No need to commit output of task because needsTaskCommit=false: attempt_202409212215232114034131488892754_0000_m_000008_8
[2024-09-21T22:15:24.815+0000] {ssh.py:524} INFO - 24/09/21 22:15:24 INFO Executor: Finished task 8.0 in stage 0.0 (TID 8). 2871 bytes result sent to driver
[2024-09-21T22:15:24.818+0000] {ssh.py:524} INFO - 24/09/21 22:15:24 INFO Executor: Finished task 10.0 in stage 0.0 (TID 10). 2828 bytes result sent to driver
[2024-09-21T22:15:24.819+0000] {ssh.py:524} INFO - 24/09/21 22:15:24 INFO Executor: Finished task 3.0 in stage 0.0 (TID 3). 2871 bytes result sent to driver
[2024-09-21T22:15:24.820+0000] {ssh.py:524} INFO - 24/09/21 22:15:24 WARN AbstractS3ACommitterFactory: Using standard FileOutputCommitter to commit work. This is slow and potentially unsafe.
[2024-09-21T22:15:24.820+0000] {ssh.py:524} INFO - 24/09/21 22:15:24 INFO FileOutputCommitter: File Output Committer Algorithm version is 1
[2024-09-21T22:15:24.821+0000] {ssh.py:524} INFO - 24/09/21 22:15:24 INFO FileOutputCommitter: FileOutputCommitter skip cleanup _temporary folders under output directory:false, ignore cleanup failures: false
[2024-09-21T22:15:24.821+0000] {ssh.py:524} INFO - 24/09/21 22:15:24 INFO AbstractS3ACommitterFactory: Using Committer FileOutputCommitter{PathOutputCommitter{context=TaskAttemptContextImpl{JobContextImpl{jobId=job_202409212215232052713065289443082_0000}; taskId=attempt_202409212215232052713065289443082_0000_m_000009_9, status=''}; org.apache.hadoop.mapreduce.lib.output.FileOutputCommitter@310565a4}; outputPath=s3a://raw/olhovivo/posicao/dt=2024-09-21, workPath=s3a://raw/olhovivo/posicao/dt=2024-09-21/_temporary/0/_temporary/attempt_202409212215232052713065289443082_0000_m_000009_9, algorithmVersion=1, skipCleanup=false, ignoreCleanupFailures=false} for s3a://raw/olhovivo/posicao/dt=2024-09-21
[2024-09-21T22:15:24.821+0000] {ssh.py:524} INFO - 24/09/21 22:15:24 INFO SQLHadoopMapReduceCommitProtocol: Using output committer class org.apache.hadoop.mapreduce.lib.output.FileOutputCommitter
[2024-09-21T22:15:24.822+0000] {ssh.py:524} INFO - 24/09/21 22:15:24 INFO Executor: Finished task 5.0 in stage 0.0 (TID 5). 2871 bytes result sent to driver
[2024-09-21T22:15:24.834+0000] {ssh.py:524} INFO - 24/09/21 22:15:24 WARN AbstractS3ACommitterFactory: Using standard FileOutputCommitter to commit work. This is slow and potentially unsafe.
[2024-09-21T22:15:24.835+0000] {ssh.py:524} INFO - 24/09/21 22:15:24 INFO FileOutputCommitter: File Output Committer Algorithm version is 1
[2024-09-21T22:15:24.835+0000] {ssh.py:524} INFO - 24/09/21 22:15:24 INFO FileOutputCommitter: FileOutputCommitter skip cleanup _temporary folders under output directory:false, ignore cleanup failures: false
[2024-09-21T22:15:24.835+0000] {ssh.py:524} INFO - 24/09/21 22:15:24 INFO AbstractS3ACommitterFactory: Using Committer FileOutputCommitter{PathOutputCommitter{context=TaskAttemptContextImpl{JobContextImpl{jobId=job_202409212215234746988745141029319_0000}; taskId=attempt_202409212215234746988745141029319_0000_m_000007_7, status=''}; org.apache.hadoop.mapreduce.lib.output.FileOutputCommitter@995872a}; outputPath=s3a://raw/olhovivo/posicao/dt=2024-09-21, workPath=s3a://raw/olhovivo/posicao/dt=2024-09-21/_temporary/0/_temporary/attempt_202409212215234746988745141029319_0000_m_000007_7, algorithmVersion=1, skipCleanup=false, ignoreCleanupFailures=false} for s3a://raw/olhovivo/posicao/dt=2024-09-21
[2024-09-21T22:15:24.836+0000] {ssh.py:524} INFO - 24/09/21 22:15:24 INFO SQLHadoopMapReduceCommitProtocol: Using output committer class org.apache.hadoop.mapreduce.lib.output.FileOutputCommitter
[2024-09-21T22:15:24.836+0000] {ssh.py:524} INFO - 24/09/21 22:15:24 INFO PythonRunner: Times: total = 609, boot = 496, init = 113, finish = 0
[2024-09-21T22:15:24.859+0000] {ssh.py:524} INFO - 24/09/21 22:15:24 INFO PythonRunner: Times: total = 719, boot = 557, init = 162, finish = 0
[2024-09-21T22:15:24.865+0000] {ssh.py:524} INFO - 24/09/21 22:15:24 INFO PythonRunner: Times: total = 731, boot = 595, init = 136, finish = 0
[2024-09-21T22:15:24.867+0000] {ssh.py:524} INFO - 24/09/21 22:15:24 INFO SparkHadoopMapRedUtil: No need to commit output of task because needsTaskCommit=false: attempt_202409212215239218651778370380617_0000_m_000004_4
[2024-09-21T22:15:24.870+0000] {ssh.py:524} INFO - 24/09/21 22:15:24 INFO Executor: Finished task 4.0 in stage 0.0 (TID 4). 2871 bytes result sent to driver
[2024-09-21T22:15:24.875+0000] {ssh.py:524} INFO - 24/09/21 22:15:24 WARN AbstractS3ACommitterFactory: Using standard FileOutputCommitter to commit work. This is slow and potentially unsafe.
[2024-09-21T22:15:24.876+0000] {ssh.py:524} INFO - 24/09/21 22:15:24 INFO FileOutputCommitter: File Output Committer Algorithm version is 1
[2024-09-21T22:15:24.876+0000] {ssh.py:524} INFO - 24/09/21 22:15:24 INFO FileOutputCommitter: FileOutputCommitter skip cleanup _temporary folders under output directory:false, ignore cleanup failures: false
[2024-09-21T22:15:24.878+0000] {ssh.py:524} INFO - 24/09/21 22:15:24 WARN AbstractS3ACommitterFactory: Using standard FileOutputCommitter to commit work. This is slow and potentially unsafe.
[2024-09-21T22:15:24.878+0000] {ssh.py:524} INFO - 24/09/21 22:15:24 INFO FileOutputCommitter: File Output Committer Algorithm version is 1
[2024-09-21T22:15:24.879+0000] {ssh.py:524} INFO - 24/09/21 22:15:24 INFO FileOutputCommitter: FileOutputCommitter skip cleanup _temporary folders under output directory:false, ignore cleanup failures: false
[2024-09-21T22:15:24.879+0000] {ssh.py:524} INFO - 24/09/21 22:15:24 INFO AbstractS3ACommitterFactory: Using Committer FileOutputCommitter{PathOutputCommitter{context=TaskAttemptContextImpl{JobContextImpl{jobId=job_202409212215238267025767216795593_0000}; taskId=attempt_202409212215238267025767216795593_0000_m_000011_11, status=''}; org.apache.hadoop.mapreduce.lib.output.FileOutputCommitter@d6f8a6d}; outputPath=s3a://raw/olhovivo/posicao/dt=2024-09-21, workPath=s3a://raw/olhovivo/posicao/dt=2024-09-21/_temporary/0/_temporary/attempt_202409212215238267025767216795593_0000_m_000011_11, algorithmVersion=1, skipCleanup=false, ignoreCleanupFailures=false} for s3a://raw/olhovivo/posicao/dt=2024-09-21
[2024-09-21T22:15:24.879+0000] {ssh.py:524} INFO - 24/09/21 22:15:24 INFO SQLHadoopMapReduceCommitProtocol: Using output committer class org.apache.hadoop.mapreduce.lib.output.FileOutputCommitter
[2024-09-21T22:15:24.880+0000] {ssh.py:524} INFO - 24/09/21 22:15:24 INFO AbstractS3ACommitterFactory: Using Committer FileOutputCommitter{PathOutputCommitter{context=TaskAttemptContextImpl{JobContextImpl{jobId=job_202409212215233834841814559648055_0000}; taskId=attempt_202409212215233834841814559648055_0000_m_000006_6, status=''}; org.apache.hadoop.mapreduce.lib.output.FileOutputCommitter@7e2919d2}; outputPath=s3a://raw/olhovivo/posicao/dt=2024-09-21, workPath=s3a://raw/olhovivo/posicao/dt=2024-09-21/_temporary/0/_temporary/attempt_202409212215233834841814559648055_0000_m_000006_6, algorithmVersion=1, skipCleanup=false, ignoreCleanupFailures=false} for s3a://raw/olhovivo/posicao/dt=2024-09-21
[2024-09-21T22:15:24.880+0000] {ssh.py:524} INFO - 24/09/21 22:15:24 INFO SQLHadoopMapReduceCommitProtocol: Using output committer class org.apache.hadoop.mapreduce.lib.output.FileOutputCommitter
[2024-09-21T22:15:24.881+0000] {ssh.py:524} INFO - 24/09/21 22:15:24 INFO PythonRunner: Times: total = 701, boot = 536, init = 165, finish = 0
[2024-09-21T22:15:24.881+0000] {ssh.py:524} INFO - 24/09/21 22:15:24 INFO SparkHadoopMapRedUtil: No need to commit output of task because needsTaskCommit=false: attempt_202409212215235078049934250224719_0000_m_000001_1
[2024-09-21T22:15:24.883+0000] {ssh.py:524} INFO - 24/09/21 22:15:24 INFO Executor: Finished task 1.0 in stage 0.0 (TID 1). 2828 bytes result sent to driver
[2024-09-21T22:15:24.889+0000] {ssh.py:524} INFO - 24/09/21 22:15:24 WARN AbstractS3ACommitterFactory: Using standard FileOutputCommitter to commit work. This is slow and potentially unsafe.
[2024-09-21T22:15:24.890+0000] {ssh.py:524} INFO - 24/09/21 22:15:24 INFO FileOutputCommitter: File Output Committer Algorithm version is 1
[2024-09-21T22:15:24.890+0000] {ssh.py:524} INFO - 24/09/21 22:15:24 INFO FileOutputCommitter: FileOutputCommitter skip cleanup _temporary folders under output directory:false, ignore cleanup failures: false
[2024-09-21T22:15:24.891+0000] {ssh.py:524} INFO - 24/09/21 22:15:24 INFO AbstractS3ACommitterFactory: Using Committer FileOutputCommitter{PathOutputCommitter{context=TaskAttemptContextImpl{JobContextImpl{jobId=job_202409212215234626818147945378957_0000}; taskId=attempt_202409212215234626818147945378957_0000_m_000002_2, status=''}; org.apache.hadoop.mapreduce.lib.output.FileOutputCommitter@1ee92790}; outputPath=s3a://raw/olhovivo/posicao/dt=2024-09-21, workPath=s3a://raw/olhovivo/posicao/dt=2024-09-21/_temporary/0/_temporary/attempt_202409212215234626818147945378957_0000_m_000002_2, algorithmVersion=1, skipCleanup=false, ignoreCleanupFailures=false} for s3a://raw/olhovivo/posicao/dt=2024-09-21
[2024-09-21T22:15:24.891+0000] {ssh.py:524} INFO - 24/09/21 22:15:24 INFO SQLHadoopMapReduceCommitProtocol: Using output committer class org.apache.hadoop.mapreduce.lib.output.FileOutputCommitter
[2024-09-21T22:15:24.892+0000] {ssh.py:524} INFO - 24/09/21 22:15:24 INFO PythonRunner: Times: total = 734, boot = 570, init = 164, finish = 0
[2024-09-21T22:15:24.892+0000] {ssh.py:524} INFO - 24/09/21 22:15:24 INFO TaskSetManager: Finished task 3.0 in stage 0.0 (TID 3) in 1068 ms on spark-master (executor driver) (1/12)
[2024-09-21T22:15:24.893+0000] {ssh.py:524} INFO - 24/09/21 22:15:24 INFO PythonRunner: Times: total = 755, boot = 616, init = 139, finish = 0
[2024-09-21T22:15:24.893+0000] {ssh.py:524} INFO - 24/09/21 22:15:24 INFO SparkHadoopMapRedUtil: No need to commit output of task because needsTaskCommit=false: attempt_202409212215233834841814559648055_0000_m_000006_6
[2024-09-21T22:15:24.894+0000] {ssh.py:524} INFO - 24/09/21 22:15:24 INFO TaskSetManager: Finished task 4.0 in stage 0.0 (TID 4) in 1070 ms on spark-master (executor driver) (2/12)
[2024-09-21T22:15:24.894+0000] {ssh.py:524} INFO - 24/09/21 22:15:24 INFO Executor: Finished task 6.0 in stage 0.0 (TID 6). 2828 bytes result sent to driver
[2024-09-21T22:15:24.895+0000] {ssh.py:524} INFO - 24/09/21 22:15:24 INFO TaskSetManager: Finished task 8.0 in stage 0.0 (TID 8) in 1058 ms on spark-master (executor driver) (3/12)
[2024-09-21T22:15:24.895+0000] {ssh.py:524} INFO - 24/09/21 22:15:24 INFO PythonAccumulatorV2: Connected to AccumulatorServer at host: 127.0.0.1 port: 37117
[2024-09-21T22:15:24.896+0000] {ssh.py:524} INFO - 24/09/21 22:15:24 INFO TaskSetManager: Finished task 5.0 in stage 0.0 (TID 5) in 1065 ms on spark-master (executor driver) (4/12)
[2024-09-21T22:15:24.898+0000] {ssh.py:524} INFO - 24/09/21 22:15:24 INFO SparkHadoopMapRedUtil: No need to commit output of task because needsTaskCommit=false: attempt_202409212215232052713065289443082_0000_m_000009_9
[2024-09-21T22:15:24.900+0000] {ssh.py:524} INFO - 24/09/21 22:15:24 INFO Executor: Finished task 9.0 in stage 0.0 (TID 9). 2828 bytes result sent to driver
[2024-09-21T22:15:24.900+0000] {ssh.py:524} INFO - 24/09/21 22:15:24 INFO SparkHadoopMapRedUtil: No need to commit output of task because needsTaskCommit=false: attempt_202409212215234626818147945378957_0000_m_000002_2
[2024-09-21T22:15:24.904+0000] {ssh.py:524} INFO - 24/09/21 22:15:24 INFO TaskSetManager: Finished task 10.0 in stage 0.0 (TID 10) in 1063 ms on spark-master (executor driver) (5/12)
[2024-09-21T22:15:24.907+0000] {ssh.py:524} INFO - 24/09/21 22:15:24 INFO TaskSetManager: Finished task 9.0 in stage 0.0 (TID 9) in 1073 ms on spark-master (executor driver) (6/12)
[2024-09-21T22:15:24.908+0000] {ssh.py:524} INFO - 24/09/21 22:15:24 INFO TaskSetManager: Finished task 6.0 in stage 0.0 (TID 6) in 1077 ms on spark-master (executor driver) (7/12)
[2024-09-21T22:15:24.909+0000] {ssh.py:524} INFO - 24/09/21 22:15:24 INFO TaskSetManager: Finished task 1.0 in stage 0.0 (TID 1) in 1108 ms on spark-master (executor driver) (8/12)
[2024-09-21T22:15:24.910+0000] {ssh.py:524} INFO - 24/09/21 22:15:24 INFO Executor: Finished task 2.0 in stage 0.0 (TID 2). 2828 bytes result sent to driver
[2024-09-21T22:15:24.912+0000] {ssh.py:524} INFO - 24/09/21 22:15:24 INFO TaskSetManager: Finished task 2.0 in stage 0.0 (TID 2) in 1097 ms on spark-master (executor driver) (9/12)
[2024-09-21T22:15:24.923+0000] {ssh.py:524} INFO - 24/09/21 22:15:24 INFO PythonRunner: Times: total = 790, boot = 609, init = 181, finish = 0
[2024-09-21T22:15:24.932+0000] {ssh.py:524} INFO - 24/09/21 22:15:24 INFO SparkHadoopMapRedUtil: No need to commit output of task because needsTaskCommit=false: attempt_202409212215234746988745141029319_0000_m_000007_7
[2024-09-21T22:15:24.935+0000] {ssh.py:524} INFO - 24/09/21 22:15:24 INFO Executor: Finished task 7.0 in stage 0.0 (TID 7). 2828 bytes result sent to driver
[2024-09-21T22:15:24.938+0000] {ssh.py:524} INFO - 24/09/21 22:15:24 INFO TaskSetManager: Finished task 7.0 in stage 0.0 (TID 7) in 1105 ms on spark-master (executor driver) (10/12)
[2024-09-21T22:15:25.079+0000] {ssh.py:524} INFO - 24/09/21 22:15:25 INFO FileOutputCommitter: Saved output of task 'attempt_202409212215238240488406208140472_0000_m_000000_0' to s3a://raw/olhovivo/posicao/dt=2024-09-21/_temporary/0/task_202409212215238240488406208140472_0000_m_000000
[2024-09-21T22:15:25.080+0000] {ssh.py:524} INFO - 24/09/21 22:15:25 INFO SparkHadoopMapRedUtil: attempt_202409212215238240488406208140472_0000_m_000000_0: Committed. Elapsed time: 127 ms.
[2024-09-21T22:15:25.082+0000] {ssh.py:524} INFO - 24/09/21 22:15:25 INFO Executor: Finished task 0.0 in stage 0.0 (TID 0). 2828 bytes result sent to driver
[2024-09-21T22:15:25.084+0000] {ssh.py:524} INFO - 24/09/21 22:15:25 INFO TaskSetManager: Finished task 0.0 in stage 0.0 (TID 0) in 1347 ms on spark-master (executor driver) (11/12)
[2024-09-21T22:15:25.128+0000] {ssh.py:524} INFO - 24/09/21 22:15:25 INFO PythonRunner: Times: total = 815, boot = 623, init = 182, finish = 10
[2024-09-21T22:15:25.251+0000] {ssh.py:524} INFO - 24/09/21 22:15:25 INFO FileOutputCommitter: Saved output of task 'attempt_202409212215238267025767216795593_0000_m_000011_11' to s3a://raw/olhovivo/posicao/dt=2024-09-21/_temporary/0/task_202409212215238267025767216795593_0000_m_000011
[2024-09-21T22:15:25.252+0000] {ssh.py:524} INFO - 24/09/21 22:15:25 INFO SparkHadoopMapRedUtil: attempt_202409212215238267025767216795593_0000_m_000011_11: Committed. Elapsed time: 74 ms.
[2024-09-21T22:15:25.254+0000] {ssh.py:524} INFO - 24/09/21 22:15:25 INFO Executor: Finished task 11.0 in stage 0.0 (TID 11). 2914 bytes result sent to driver
[2024-09-21T22:15:25.255+0000] {ssh.py:524} INFO - 24/09/21 22:15:25 INFO TaskSetManager: Finished task 11.0 in stage 0.0 (TID 11) in 1420 ms on spark-master (executor driver) (12/12)
[2024-09-21T22:15:25.256+0000] {ssh.py:524} INFO - 24/09/21 22:15:25 INFO TaskSchedulerImpl: Removed TaskSet 0.0, whose tasks have all completed, from pool 
[2024-09-21T22:15:25.258+0000] {ssh.py:524} INFO - 24/09/21 22:15:25 INFO DAGScheduler: ResultStage 0 (save at NativeMethodAccessorImpl.java:0) finished in 1.931 s
[2024-09-21T22:15:25.261+0000] {ssh.py:524} INFO - 24/09/21 22:15:25 INFO DAGScheduler: Job 0 is finished. Cancelling potential speculative or zombie tasks for this job
[2024-09-21T22:15:25.261+0000] {ssh.py:524} INFO - 24/09/21 22:15:25 INFO TaskSchedulerImpl: Killing all running tasks in stage 0: Stage finished
[2024-09-21T22:15:25.262+0000] {ssh.py:524} INFO - 24/09/21 22:15:25 INFO DAGScheduler: Job 0 finished: save at NativeMethodAccessorImpl.java:0, took 2.083762 s
[2024-09-21T22:15:25.265+0000] {ssh.py:524} INFO - 24/09/21 22:15:25 INFO FileFormatWriter: Start to commit write Job f77848a7-faec-45c5-a70b-482b9ff3a5df.
[2024-09-21T22:15:25.455+0000] {ssh.py:524} INFO - 24/09/21 22:15:25 INFO FileFormatWriter: Write Job f77848a7-faec-45c5-a70b-482b9ff3a5df committed. Elapsed time: 189 ms.
[2024-09-21T22:15:25.457+0000] {ssh.py:524} INFO - 24/09/21 22:15:25 INFO FileFormatWriter: Finished processing stats for write job f77848a7-faec-45c5-a70b-482b9ff3a5df.
[2024-09-21T22:15:25.460+0000] {ssh.py:524} INFO - [DEBUG] Done.
[2024-09-21T22:15:25.498+0000] {ssh.py:524} INFO - 24/09/21 22:15:25 INFO SparkContext: Invoking stop() from shutdown hook
[2024-09-21T22:15:25.505+0000] {ssh.py:524} INFO - 24/09/21 22:15:25 INFO SparkUI: Stopped Spark web UI at http://spark-master:4044
[2024-09-21T22:15:25.522+0000] {ssh.py:524} INFO - 24/09/21 22:15:25 INFO MapOutputTrackerMasterEndpoint: MapOutputTrackerMasterEndpoint stopped!
[2024-09-21T22:15:25.532+0000] {ssh.py:524} INFO - 24/09/21 22:15:25 INFO MemoryStore: MemoryStore cleared
[2024-09-21T22:15:25.533+0000] {ssh.py:524} INFO - 24/09/21 22:15:25 INFO BlockManager: BlockManager stopped
[2024-09-21T22:15:25.537+0000] {ssh.py:524} INFO - 24/09/21 22:15:25 INFO BlockManagerMaster: BlockManagerMaster stopped
[2024-09-21T22:15:25.540+0000] {ssh.py:524} INFO - 24/09/21 22:15:25 INFO OutputCommitCoordinator$OutputCommitCoordinatorEndpoint: OutputCommitCoordinator stopped!
[2024-09-21T22:15:25.546+0000] {ssh.py:524} INFO - 24/09/21 22:15:25 INFO SparkContext: Successfully stopped SparkContext
[2024-09-21T22:15:25.547+0000] {ssh.py:524} INFO - 24/09/21 22:15:25 INFO ShutdownHookManager: Shutdown hook called
[2024-09-21T22:15:25.547+0000] {ssh.py:524} INFO - 24/09/21 22:15:25 INFO ShutdownHookManager: Deleting directory /tmp/spark-cfdb1cfa-6661-4f36-af4f-fb5542e7eaa4
[2024-09-21T22:15:25.550+0000] {ssh.py:524} INFO - 24/09/21 22:15:25 INFO ShutdownHookManager: Deleting directory /tmp/spark-951d9582-045c-4b39-a0a6-3e2fe13eb308/pyspark-097f3f71-9965-4543-b846-c278627a6a2a
[2024-09-21T22:15:25.552+0000] {ssh.py:524} INFO - 24/09/21 22:15:25 INFO ShutdownHookManager: Deleting directory /tmp/spark-951d9582-045c-4b39-a0a6-3e2fe13eb308
[2024-09-21T22:15:25.557+0000] {ssh.py:524} INFO - 24/09/21 22:15:25 INFO MetricsSystemImpl: Stopping s3a-file-system metrics system...
[2024-09-21T22:15:25.558+0000] {ssh.py:524} INFO - 24/09/21 22:15:25 INFO MetricsSystemImpl: s3a-file-system metrics system stopped.
[2024-09-21T22:15:25.558+0000] {ssh.py:524} INFO - 24/09/21 22:15:25 INFO MetricsSystemImpl: s3a-file-system metrics system shutdown complete.
[2024-09-21T22:15:25.705+0000] {taskinstance.py:1400} INFO - Marking task as SUCCESS. dag_id=raw_ingestion, task_id=spark_raw_ingestion_posicao, execution_date=20240921T221511, start_date=20240921T221512, end_date=20240921T221525
[2024-09-21T22:15:25.758+0000] {local_task_job_runner.py:228} INFO - Task exited with return code 0
[2024-09-21T22:15:25.798+0000] {taskinstance.py:2778} INFO - 0 downstream tasks scheduled from follow-on schedule check
