[2024-09-20T02:11:29.390+0000] {taskinstance.py:1159} INFO - Dependencies all met for dep_context=non-requeueable deps ti=<TaskInstance: raw_ingestion.spark_stage_processing scheduled__2024-09-20T00:30:00+00:00 [queued]>
[2024-09-20T02:11:29.403+0000] {taskinstance.py:1159} INFO - Dependencies all met for dep_context=requeueable deps ti=<TaskInstance: raw_ingestion.spark_stage_processing scheduled__2024-09-20T00:30:00+00:00 [queued]>
[2024-09-20T02:11:29.403+0000] {taskinstance.py:1361} INFO - Starting attempt 1 of 0
[2024-09-20T02:11:29.419+0000] {taskinstance.py:1382} INFO - Executing <Task(SSHOperator): spark_stage_processing> on 2024-09-20 00:30:00+00:00
[2024-09-20T02:11:29.424+0000] {standard_task_runner.py:57} INFO - Started process 4816 to run task
[2024-09-20T02:11:29.426+0000] {standard_task_runner.py:84} INFO - Running: ['airflow', 'tasks', 'run', 'raw_ingestion', 'spark_stage_processing', 'scheduled__2024-09-20T00:30:00+00:00', '--job-id', '227', '--raw', '--subdir', 'DAGS_FOLDER/raw_ingestion.py', '--cfg-path', '/tmp/tmp3h0zvy7r']
[2024-09-20T02:11:29.427+0000] {standard_task_runner.py:85} INFO - Job 227: Subtask spark_stage_processing
[2024-09-20T02:11:29.561+0000] {task_command.py:416} INFO - Running <TaskInstance: raw_ingestion.spark_stage_processing scheduled__2024-09-20T00:30:00+00:00 [running]> on host airflow-worker
[2024-09-20T02:11:29.789+0000] {taskinstance.py:1662} INFO - Exporting env vars: AIRFLOW_CTX_DAG_OWNER='***' AIRFLOW_CTX_DAG_ID='raw_ingestion' AIRFLOW_CTX_TASK_ID='spark_stage_processing' AIRFLOW_CTX_EXECUTION_DATE='2024-09-20T00:30:00+00:00' AIRFLOW_CTX_TRY_NUMBER='1' AIRFLOW_CTX_DAG_RUN_ID='scheduled__2024-09-20T00:30:00+00:00'
[2024-09-20T02:11:29.790+0000] {ssh.py:141} INFO - Creating ssh_client
[2024-09-20T02:11:29.790+0000] {ssh.py:114} INFO - ssh_hook is not provided or invalid. Trying ssh_conn_id to create SSHHook.
[2024-09-20T02:11:29.819+0000] {base.py:73} INFO - Using connection ID 'spark_ssh_default' for task execution.
[2024-09-20T02:11:29.820+0000] {ssh.py:300} WARNING - No Host Key Verification. This won't protect against Man-In-The-Middle attacks
[2024-09-20T02:11:29.844+0000] {transport.py:1893} INFO - Connected (version 2.0, client OpenSSH_8.9p1)
[2024-09-20T02:11:29.961+0000] {transport.py:1893} INFO - Authentication (password) successful!
[2024-09-20T02:11:29.963+0000] {ssh.py:478} INFO - Running command: export SPARK_HOME=/usr/local/spark; /opt/conda/bin/spark-submit --master local[*] --executor-memory 2g /opt/shared/scripts/raw_ingestion.py 2024-09-20
[2024-09-20T02:11:32.953+0000] {ssh.py:524} INFO - [DEBUG] dt_now: 2024-09-20
[2024-09-20T02:11:33.026+0000] {ssh.py:524} INFO - 24/09/20 02:11:33 INFO SparkContext: Running Spark version 3.3.1
[2024-09-20T02:11:33.047+0000] {ssh.py:524} INFO - 24/09/20 02:11:33 WARN NativeCodeLoader: Unable to load native-hadoop library for your platform... using builtin-java classes where applicable
[2024-09-20T02:11:33.136+0000] {ssh.py:524} INFO - 24/09/20 02:11:33 INFO ResourceUtils: ==============================================================
[2024-09-20T02:11:33.136+0000] {ssh.py:524} INFO - 24/09/20 02:11:33 INFO ResourceUtils: No custom resources configured for spark.driver.
[2024-09-20T02:11:33.137+0000] {ssh.py:524} INFO - 24/09/20 02:11:33 INFO ResourceUtils: ==============================================================
[2024-09-20T02:11:33.137+0000] {ssh.py:524} INFO - 24/09/20 02:11:33 INFO SparkContext: Submitted application: raw_ingestion
[2024-09-20T02:11:33.167+0000] {ssh.py:524} INFO - 24/09/20 02:11:33 INFO ResourceProfile: Default ResourceProfile created, executor resources: Map(cores -> name: cores, amount: 1, script: , vendor: , memory -> name: memory, amount: 1024, script: , vendor: , offHeap -> name: offHeap, amount: 0, script: , vendor: ), task resources: Map(cpus -> name: cpus, amount: 1.0)
[2024-09-20T02:11:33.179+0000] {ssh.py:524} INFO - 24/09/20 02:11:33 INFO ResourceProfile: Limiting resource is cpu
[2024-09-20T02:11:33.181+0000] {ssh.py:524} INFO - 24/09/20 02:11:33 INFO ResourceProfileManager: Added ResourceProfile id: 0
[2024-09-20T02:11:33.236+0000] {ssh.py:524} INFO - 24/09/20 02:11:33 INFO SecurityManager: Changing view acls to: root
[2024-09-20T02:11:33.237+0000] {ssh.py:524} INFO - 24/09/20 02:11:33 INFO SecurityManager: Changing modify acls to: root
[2024-09-20T02:11:33.238+0000] {ssh.py:524} INFO - 24/09/20 02:11:33 INFO SecurityManager: Changing view acls groups to: 
[2024-09-20T02:11:33.238+0000] {ssh.py:524} INFO - 24/09/20 02:11:33 INFO SecurityManager: Changing modify acls groups to: 
[2024-09-20T02:11:33.239+0000] {ssh.py:524} INFO - 24/09/20 02:11:33 INFO SecurityManager: SecurityManager: authentication disabled; ui acls disabled; users  with view permissions: Set(root); groups with view permissions: Set(); users  with modify permissions: Set(root); groups with modify permissions: Set()
[2024-09-20T02:11:33.473+0000] {ssh.py:524} INFO - 24/09/20 02:11:33 INFO Utils: Successfully started service 'sparkDriver' on port 41335.
[2024-09-20T02:11:33.511+0000] {ssh.py:524} INFO - 24/09/20 02:11:33 INFO SparkEnv: Registering MapOutputTracker
[2024-09-20T02:11:33.559+0000] {ssh.py:524} INFO - 24/09/20 02:11:33 INFO SparkEnv: Registering BlockManagerMaster
[2024-09-20T02:11:33.582+0000] {ssh.py:524} INFO - 24/09/20 02:11:33 INFO BlockManagerMasterEndpoint: Using org.apache.spark.storage.DefaultTopologyMapper for getting topology information
[2024-09-20T02:11:33.583+0000] {ssh.py:524} INFO - 24/09/20 02:11:33 INFO BlockManagerMasterEndpoint: BlockManagerMasterEndpoint up
[2024-09-20T02:11:33.588+0000] {ssh.py:524} INFO - 24/09/20 02:11:33 INFO SparkEnv: Registering BlockManagerMasterHeartbeat
[2024-09-20T02:11:33.612+0000] {ssh.py:524} INFO - 24/09/20 02:11:33 INFO DiskBlockManager: Created local directory at /tmp/blockmgr-d0594b5c-0e47-44ec-bd1e-b2b245c28c36
[2024-09-20T02:11:33.628+0000] {ssh.py:524} INFO - 24/09/20 02:11:33 INFO MemoryStore: MemoryStore started with capacity 434.4 MiB
[2024-09-20T02:11:33.645+0000] {ssh.py:524} INFO - 24/09/20 02:11:33 INFO SparkEnv: Registering OutputCommitCoordinator
[2024-09-20T02:11:33.828+0000] {ssh.py:524} INFO - 24/09/20 02:11:33 WARN Utils: Service 'SparkUI' could not bind on port 4040. Attempting port 4041.
[2024-09-20T02:11:33.829+0000] {ssh.py:524} INFO - 24/09/20 02:11:33 WARN Utils: Service 'SparkUI' could not bind on port 4041. Attempting port 4042.
[2024-09-20T02:11:33.836+0000] {ssh.py:524} INFO - 24/09/20 02:11:33 INFO Utils: Successfully started service 'SparkUI' on port 4042.
[2024-09-20T02:11:33.955+0000] {ssh.py:524} INFO - 24/09/20 02:11:33 INFO Executor: Starting executor ID driver on host spark-master
[2024-09-20T02:11:33.964+0000] {ssh.py:524} INFO - 24/09/20 02:11:33 INFO Executor: Starting executor with user classpath (userClassPathFirst = false): ''
[2024-09-20T02:11:33.985+0000] {ssh.py:524} INFO - 24/09/20 02:11:33 INFO Utils: Successfully started service 'org.apache.spark.network.netty.NettyBlockTransferService' on port 45615.
[2024-09-20T02:11:33.986+0000] {ssh.py:524} INFO - 24/09/20 02:11:33 INFO NettyBlockTransferService: Server created on spark-master:45615
[2024-09-20T02:11:33.988+0000] {ssh.py:524} INFO - 24/09/20 02:11:33 INFO BlockManager: Using org.apache.spark.storage.RandomBlockReplicationPolicy for block replication policy
[2024-09-20T02:11:33.995+0000] {ssh.py:524} INFO - 24/09/20 02:11:33 INFO BlockManagerMaster: Registering BlockManager BlockManagerId(driver, spark-master, 45615, None)
[2024-09-20T02:11:33.999+0000] {ssh.py:524} INFO - 24/09/20 02:11:33 INFO BlockManagerMasterEndpoint: Registering block manager spark-master:45615 with 434.4 MiB RAM, BlockManagerId(driver, spark-master, 45615, None)
[2024-09-20T02:11:34.002+0000] {ssh.py:524} INFO - 24/09/20 02:11:34 INFO BlockManagerMaster: Registered BlockManager BlockManagerId(driver, spark-master, 45615, None)
[2024-09-20T02:11:34.003+0000] {ssh.py:524} INFO - 24/09/20 02:11:34 INFO BlockManager: Initialized BlockManager: BlockManagerId(driver, spark-master, 45615, None)
[2024-09-20T02:11:35.211+0000] {ssh.py:524} INFO - 24/09/20 02:11:35 INFO SharedState: Setting hive.metastore.warehouse.dir ('null') to the value of spark.sql.warehouse.dir.
[2024-09-20T02:11:35.218+0000] {ssh.py:524} INFO - 24/09/20 02:11:35 INFO SharedState: Warehouse path is 'file:/root/spark-warehouse'.
[2024-09-20T02:11:37.618+0000] {ssh.py:524} INFO - 24/09/20 02:11:37 WARN MetricsConfig: Cannot locate configuration: tried hadoop-metrics2-s3a-file-system.properties,hadoop-metrics2.properties
[2024-09-20T02:11:37.628+0000] {ssh.py:524} INFO - 24/09/20 02:11:37 INFO MetricsSystemImpl: Scheduled Metric snapshot period at 10 second(s).
[2024-09-20T02:11:37.629+0000] {ssh.py:524} INFO - 24/09/20 02:11:37 INFO MetricsSystemImpl: s3a-file-system metrics system started
[2024-09-20T02:11:38.853+0000] {ssh.py:524} INFO - 24/09/20 02:11:38 WARN AbstractS3ACommitterFactory: Using standard FileOutputCommitter to commit work. This is slow and potentially unsafe.
[2024-09-20T02:11:38.853+0000] {ssh.py:524} INFO - 24/09/20 02:11:38 INFO FileOutputCommitter: File Output Committer Algorithm version is 1
[2024-09-20T02:11:38.854+0000] {ssh.py:524} INFO - 24/09/20 02:11:38 INFO FileOutputCommitter: FileOutputCommitter skip cleanup _temporary folders under output directory:false, ignore cleanup failures: false
[2024-09-20T02:11:38.857+0000] {ssh.py:524} INFO - 24/09/20 02:11:38 INFO AbstractS3ACommitterFactory: Using Committer FileOutputCommitter{PathOutputCommitter{context=TaskAttemptContextImpl{JobContextImpl{jobId=job_202409200211387899547860775099577_0000}; taskId=attempt_202409200211387899547860775099577_0000_m_000000_0, status=''}; org.apache.hadoop.mapreduce.lib.output.FileOutputCommitter@cb60b96}; outputPath=s3a://raw/olhovivo/corredor/dt=2024-09-20, workPath=s3a://raw/olhovivo/corredor/dt=2024-09-20/_temporary/0/_temporary/attempt_202409200211387899547860775099577_0000_m_000000_0, algorithmVersion=1, skipCleanup=false, ignoreCleanupFailures=false} for s3a://raw/olhovivo/corredor/dt=2024-09-20
[2024-09-20T02:11:38.858+0000] {ssh.py:524} INFO - 24/09/20 02:11:38 INFO SQLHadoopMapReduceCommitProtocol: Using output committer class org.apache.hadoop.mapreduce.lib.output.FileOutputCommitter
[2024-09-20T02:11:39.321+0000] {ssh.py:524} INFO - 24/09/20 02:11:39 INFO CodeGenerator: Code generated in 114.197659 ms
[2024-09-20T02:11:39.410+0000] {ssh.py:524} INFO - 24/09/20 02:11:39 INFO SparkContext: Starting job: save at NativeMethodAccessorImpl.java:0
[2024-09-20T02:11:39.423+0000] {ssh.py:524} INFO - 24/09/20 02:11:39 INFO DAGScheduler: Got job 0 (save at NativeMethodAccessorImpl.java:0) with 12 output partitions
[2024-09-20T02:11:39.424+0000] {ssh.py:524} INFO - 24/09/20 02:11:39 INFO DAGScheduler: Final stage: ResultStage 0 (save at NativeMethodAccessorImpl.java:0)
[2024-09-20T02:11:39.424+0000] {ssh.py:524} INFO - 24/09/20 02:11:39 INFO DAGScheduler: Parents of final stage: List()
[2024-09-20T02:11:39.425+0000] {ssh.py:524} INFO - 24/09/20 02:11:39 INFO DAGScheduler: Missing parents: List()
[2024-09-20T02:11:39.428+0000] {ssh.py:524} INFO - 24/09/20 02:11:39 INFO DAGScheduler: Submitting ResultStage 0 (MapPartitionsRDD[5] at save at NativeMethodAccessorImpl.java:0), which has no missing parents
[2024-09-20T02:11:39.524+0000] {ssh.py:524} INFO - 24/09/20 02:11:39 INFO MemoryStore: Block broadcast_0 stored as values in memory (estimated size 219.7 KiB, free 434.2 MiB)
[2024-09-20T02:11:39.563+0000] {ssh.py:524} INFO - 24/09/20 02:11:39 INFO MemoryStore: Block broadcast_0_piece0 stored as bytes in memory (estimated size 80.4 KiB, free 434.1 MiB)
[2024-09-20T02:11:39.567+0000] {ssh.py:524} INFO - 24/09/20 02:11:39 INFO BlockManagerInfo: Added broadcast_0_piece0 in memory on spark-master:45615 (size: 80.4 KiB, free: 434.3 MiB)
[2024-09-20T02:11:39.571+0000] {ssh.py:524} INFO - 24/09/20 02:11:39 INFO SparkContext: Created broadcast 0 from broadcast at DAGScheduler.scala:1513
[2024-09-20T02:11:39.586+0000] {ssh.py:524} INFO - 24/09/20 02:11:39 INFO DAGScheduler: Submitting 12 missing tasks from ResultStage 0 (MapPartitionsRDD[5] at save at NativeMethodAccessorImpl.java:0) (first 15 tasks are for partitions Vector(0, 1, 2, 3, 4, 5, 6, 7, 8, 9, 10, 11))
[2024-09-20T02:11:39.587+0000] {ssh.py:524} INFO - 24/09/20 02:11:39 INFO TaskSchedulerImpl: Adding task set 0.0 with 12 tasks resource profile 0
[2024-09-20T02:11:39.662+0000] {ssh.py:524} INFO - 24/09/20 02:11:39 INFO TaskSetManager: Starting task 0.0 in stage 0.0 (TID 0) (spark-master, executor driver, partition 0, PROCESS_LOCAL, 4433 bytes) taskResourceAssignments Map()
[2024-09-20T02:11:39.668+0000] {ssh.py:524} INFO - 24/09/20 02:11:39 INFO TaskSetManager: Starting task 1.0 in stage 0.0 (TID 1) (spark-master, executor driver, partition 1, PROCESS_LOCAL, 4476 bytes) taskResourceAssignments Map()
[2024-09-20T02:11:39.669+0000] {ssh.py:524} INFO - 24/09/20 02:11:39 INFO TaskSetManager: Starting task 2.0 in stage 0.0 (TID 2) (spark-master, executor driver, partition 2, PROCESS_LOCAL, 4433 bytes) taskResourceAssignments Map()
[2024-09-20T02:11:39.671+0000] {ssh.py:524} INFO - 24/09/20 02:11:39 INFO TaskSetManager: Starting task 3.0 in stage 0.0 (TID 3) (spark-master, executor driver, partition 3, PROCESS_LOCAL, 4484 bytes) taskResourceAssignments Map()
[2024-09-20T02:11:39.672+0000] {ssh.py:524} INFO - 24/09/20 02:11:39 INFO TaskSetManager: Starting task 4.0 in stage 0.0 (TID 4) (spark-master, executor driver, partition 4, PROCESS_LOCAL, 4433 bytes) taskResourceAssignments Map()
[2024-09-20T02:11:39.673+0000] {ssh.py:524} INFO - 24/09/20 02:11:39 INFO TaskSetManager: Starting task 5.0 in stage 0.0 (TID 5) (spark-master, executor driver, partition 5, PROCESS_LOCAL, 4480 bytes) taskResourceAssignments Map()
[2024-09-20T02:11:39.673+0000] {ssh.py:524} INFO - 24/09/20 02:11:39 INFO TaskSetManager: Starting task 6.0 in stage 0.0 (TID 6) (spark-master, executor driver, partition 6, PROCESS_LOCAL, 4476 bytes) taskResourceAssignments Map()
[2024-09-20T02:11:39.674+0000] {ssh.py:524} INFO - 24/09/20 02:11:39 INFO TaskSetManager: Starting task 7.0 in stage 0.0 (TID 7) (spark-master, executor driver, partition 7, PROCESS_LOCAL, 4433 bytes) taskResourceAssignments Map()
[2024-09-20T02:11:39.675+0000] {ssh.py:524} INFO - 24/09/20 02:11:39 INFO TaskSetManager: Starting task 8.0 in stage 0.0 (TID 8) (spark-master, executor driver, partition 8, PROCESS_LOCAL, 4473 bytes) taskResourceAssignments Map()
[2024-09-20T02:11:39.676+0000] {ssh.py:524} INFO - 24/09/20 02:11:39 INFO TaskSetManager: Starting task 9.0 in stage 0.0 (TID 9) (spark-master, executor driver, partition 9, PROCESS_LOCAL, 4433 bytes) taskResourceAssignments Map()
[2024-09-20T02:11:39.677+0000] {ssh.py:524} INFO - 24/09/20 02:11:39 INFO TaskSetManager: Starting task 10.0 in stage 0.0 (TID 10) (spark-master, executor driver, partition 10, PROCESS_LOCAL, 4476 bytes) taskResourceAssignments Map()
[2024-09-20T02:11:39.677+0000] {ssh.py:524} INFO - 24/09/20 02:11:39 INFO TaskSetManager: Starting task 11.0 in stage 0.0 (TID 11) (spark-master, executor driver, partition 11, PROCESS_LOCAL, 4479 bytes) taskResourceAssignments Map()
[2024-09-20T02:11:39.745+0000] {ssh.py:524} INFO - 24/09/20 02:11:39 INFO Executor: Running task 8.0 in stage 0.0 (TID 8)
[2024-09-20T02:11:39.746+0000] {ssh.py:524} INFO - 24/09/20 02:11:39 INFO Executor: Running task 0.0 in stage 0.0 (TID 0)
[2024-09-20T02:11:39.748+0000] {ssh.py:524} INFO - 24/09/20 02:11:39 INFO Executor: Running task 5.0 in stage 0.0 (TID 5)
[2024-09-20T02:11:39.748+0000] {ssh.py:524} INFO - 24/09/20 02:11:39 INFO Executor: Running task 7.0 in stage 0.0 (TID 7)
[2024-09-20T02:11:39.749+0000] {ssh.py:524} INFO - 24/09/20 02:11:39 INFO Executor: Running task 6.0 in stage 0.0 (TID 6)
[2024-09-20T02:11:39.749+0000] {ssh.py:524} INFO - 24/09/20 02:11:39 INFO Executor: Running task 4.0 in stage 0.0 (TID 4)
[2024-09-20T02:11:39.749+0000] {ssh.py:524} INFO - 24/09/20 02:11:39 INFO Executor: Running task 1.0 in stage 0.0 (TID 1)
[2024-09-20T02:11:39.750+0000] {ssh.py:524} INFO - 24/09/20 02:11:39 INFO Executor: Running task 2.0 in stage 0.0 (TID 2)
[2024-09-20T02:11:39.750+0000] {ssh.py:524} INFO - 24/09/20 02:11:39 INFO Executor: Running task 3.0 in stage 0.0 (TID 3)
[2024-09-20T02:11:39.758+0000] {ssh.py:524} INFO - 24/09/20 02:11:39 INFO Executor: Running task 9.0 in stage 0.0 (TID 9)
[2024-09-20T02:11:39.760+0000] {ssh.py:524} INFO - 24/09/20 02:11:39 INFO Executor: Running task 10.0 in stage 0.0 (TID 10)
[2024-09-20T02:11:39.761+0000] {ssh.py:524} INFO - 24/09/20 02:11:39 INFO Executor: Running task 11.0 in stage 0.0 (TID 11)
[2024-09-20T02:11:41.150+0000] {ssh.py:524} INFO - 24/09/20 02:11:41 WARN AbstractS3ACommitterFactory: Using standard FileOutputCommitter to commit work. This is slow and potentially unsafe.
[2024-09-20T02:11:41.153+0000] {ssh.py:524} INFO - 24/09/20 02:11:41 WARN AbstractS3ACommitterFactory: Using standard FileOutputCommitter to commit work. This is slow and potentially unsafe.
[2024-09-20T02:11:41.154+0000] {ssh.py:524} INFO - 24/09/20 02:11:41 INFO FileOutputCommitter: File Output Committer Algorithm version is 1
[2024-09-20T02:11:41.155+0000] {ssh.py:524} INFO - 24/09/20 02:11:41 INFO FileOutputCommitter: FileOutputCommitter skip cleanup _temporary folders under output directory:false, ignore cleanup failures: false
[2024-09-20T02:11:41.155+0000] {ssh.py:524} INFO - 24/09/20 02:11:41 INFO AbstractS3ACommitterFactory: Using Committer FileOutputCommitter{PathOutputCommitter{context=TaskAttemptContextImpl{JobContextImpl{jobId=job_202409200211392339123384544302029_0000}; taskId=attempt_202409200211392339123384544302029_0000_m_000007_7, status=''}; org.apache.hadoop.mapreduce.lib.output.FileOutputCommitter@5147d907}; outputPath=s3a://raw/olhovivo/corredor/dt=2024-09-20, workPath=s3a://raw/olhovivo/corredor/dt=2024-09-20/_temporary/0/_temporary/attempt_202409200211392339123384544302029_0000_m_000007_7, algorithmVersion=1, skipCleanup=false, ignoreCleanupFailures=false} for s3a://raw/olhovivo/corredor/dt=2024-09-20
[2024-09-20T02:11:41.156+0000] {ssh.py:524} INFO - 24/09/20 02:11:41 INFO SQLHadoopMapReduceCommitProtocol: Using output committer class org.apache.hadoop.mapreduce.lib.output.FileOutputCommitter
[2024-09-20T02:11:41.156+0000] {ssh.py:524} INFO - 24/09/20 02:11:41 INFO FileOutputCommitter: File Output Committer Algorithm version is 1
[2024-09-20T02:11:41.156+0000] {ssh.py:524} INFO - 24/09/20 02:11:41 INFO FileOutputCommitter: FileOutputCommitter skip cleanup _temporary folders under output directory:false, ignore cleanup failures: false
[2024-09-20T02:11:41.157+0000] {ssh.py:524} INFO - 24/09/20 02:11:41 INFO AbstractS3ACommitterFactory: Using Committer FileOutputCommitter{PathOutputCommitter{context=TaskAttemptContextImpl{JobContextImpl{jobId=job_202409200211396827453735818663782_0000}; taskId=attempt_202409200211396827453735818663782_0000_m_000001_1, status=''}; org.apache.hadoop.mapreduce.lib.output.FileOutputCommitter@207973cb}; outputPath=s3a://raw/olhovivo/corredor/dt=2024-09-20, workPath=s3a://raw/olhovivo/corredor/dt=2024-09-20/_temporary/0/_temporary/attempt_202409200211396827453735818663782_0000_m_000001_1, algorithmVersion=1, skipCleanup=false, ignoreCleanupFailures=false} for s3a://raw/olhovivo/corredor/dt=2024-09-20
[2024-09-20T02:11:41.157+0000] {ssh.py:524} INFO - 24/09/20 02:11:41 INFO SQLHadoopMapReduceCommitProtocol: Using output committer class org.apache.hadoop.mapreduce.lib.output.FileOutputCommitter
[2024-09-20T02:11:41.160+0000] {ssh.py:524} INFO - 24/09/20 02:11:41 WARN AbstractS3ACommitterFactory: Using standard FileOutputCommitter to commit work. This is slow and potentially unsafe.
[2024-09-20T02:11:41.170+0000] {ssh.py:524} INFO - 24/09/20 02:11:41 INFO FileOutputCommitter: File Output Committer Algorithm version is 1
[2024-09-20T02:11:41.171+0000] {ssh.py:524} INFO - 24/09/20 02:11:41 INFO FileOutputCommitter: FileOutputCommitter skip cleanup _temporary folders under output directory:false, ignore cleanup failures: false
[2024-09-20T02:11:41.171+0000] {ssh.py:524} INFO - 24/09/20 02:11:41 WARN AbstractS3ACommitterFactory: Using standard FileOutputCommitter to commit work. This is slow and potentially unsafe.
[2024-09-20T02:11:41.172+0000] {ssh.py:524} INFO - 24/09/20 02:11:41 INFO FileOutputCommitter: File Output Committer Algorithm version is 1
[2024-09-20T02:11:41.172+0000] {ssh.py:524} INFO - 24/09/20 02:11:41 INFO AbstractS3ACommitterFactory: Using Committer FileOutputCommitter{PathOutputCommitter{context=TaskAttemptContextImpl{JobContextImpl{jobId=job_202409200211392555360670550869684_0000}; taskId=attempt_202409200211392555360670550869684_0000_m_000004_4, status=''}; org.apache.hadoop.mapreduce.lib.output.FileOutputCommitter@399fc221}; outputPath=s3a://raw/olhovivo/corredor/dt=2024-09-20, workPath=s3a://raw/olhovivo/corredor/dt=2024-09-20/_temporary/0/_temporary/attempt_202409200211392555360670550869684_0000_m_000004_4, algorithmVersion=1, skipCleanup=false, ignoreCleanupFailures=false} for s3a://raw/olhovivo/corredor/dt=2024-09-20
[2024-09-20T02:11:41.175+0000] {ssh.py:524} INFO - 24/09/20 02:11:41 INFO SQLHadoopMapReduceCommitProtocol: Using output committer class org.apache.hadoop.mapreduce.lib.output.FileOutputCommitter
[2024-09-20T02:11:41.176+0000] {ssh.py:524} INFO - 24/09/20 02:11:41 INFO FileOutputCommitter: FileOutputCommitter skip cleanup _temporary folders under output directory:false, ignore cleanup failures: false
[2024-09-20T02:11:41.182+0000] {ssh.py:524} INFO - 24/09/20 02:11:41 INFO AbstractS3ACommitterFactory: Using Committer FileOutputCommitter{PathOutputCommitter{context=TaskAttemptContextImpl{JobContextImpl{jobId=job_202409200211396400763498766063104_0000}; taskId=attempt_202409200211396400763498766063104_0000_m_000011_11, status=''}; org.apache.hadoop.mapreduce.lib.output.FileOutputCommitter@2f9f5433}; outputPath=s3a://raw/olhovivo/corredor/dt=2024-09-20, workPath=s3a://raw/olhovivo/corredor/dt=2024-09-20/_temporary/0/_temporary/attempt_202409200211396400763498766063104_0000_m_000011_11, algorithmVersion=1, skipCleanup=false, ignoreCleanupFailures=false} for s3a://raw/olhovivo/corredor/dt=2024-09-20
[2024-09-20T02:11:41.183+0000] {ssh.py:524} INFO - 24/09/20 02:11:41 INFO SQLHadoopMapReduceCommitProtocol: Using output committer class org.apache.hadoop.mapreduce.lib.output.FileOutputCommitter
[2024-09-20T02:11:41.217+0000] {ssh.py:524} INFO - 24/09/20 02:11:41 WARN AbstractS3ACommitterFactory: Using standard FileOutputCommitter to commit work. This is slow and potentially unsafe.
[2024-09-20T02:11:41.218+0000] {ssh.py:524} INFO - 24/09/20 02:11:41 INFO FileOutputCommitter: File Output Committer Algorithm version is 1
[2024-09-20T02:11:41.219+0000] {ssh.py:524} INFO - 24/09/20 02:11:41 INFO FileOutputCommitter: FileOutputCommitter skip cleanup _temporary folders under output directory:false, ignore cleanup failures: false
[2024-09-20T02:11:41.222+0000] {ssh.py:524} INFO - 24/09/20 02:11:41 INFO AbstractS3ACommitterFactory: Using Committer FileOutputCommitter{PathOutputCommitter{context=TaskAttemptContextImpl{JobContextImpl{jobId=job_202409200211395198822129841491487_0000}; taskId=attempt_202409200211395198822129841491487_0000_m_000000_0, status=''}; org.apache.hadoop.mapreduce.lib.output.FileOutputCommitter@620aebc4}; outputPath=s3a://raw/olhovivo/corredor/dt=2024-09-20, workPath=s3a://raw/olhovivo/corredor/dt=2024-09-20/_temporary/0/_temporary/attempt_202409200211395198822129841491487_0000_m_000000_0, algorithmVersion=1, skipCleanup=false, ignoreCleanupFailures=false} for s3a://raw/olhovivo/corredor/dt=2024-09-20
[2024-09-20T02:11:41.223+0000] {ssh.py:524} INFO - 24/09/20 02:11:41 INFO SQLHadoopMapReduceCommitProtocol: Using output committer class org.apache.hadoop.mapreduce.lib.output.FileOutputCommitter
[2024-09-20T02:11:41.251+0000] {ssh.py:524} INFO - 24/09/20 02:11:41 WARN AbstractS3ACommitterFactory: Using standard FileOutputCommitter to commit work. This is slow and potentially unsafe.
[2024-09-20T02:11:41.252+0000] {ssh.py:524} INFO - 24/09/20 02:11:41 INFO FileOutputCommitter: File Output Committer Algorithm version is 1
[2024-09-20T02:11:41.252+0000] {ssh.py:524} INFO - 24/09/20 02:11:41 INFO FileOutputCommitter: FileOutputCommitter skip cleanup _temporary folders under output directory:false, ignore cleanup failures: false
[2024-09-20T02:11:41.252+0000] {ssh.py:524} INFO - 24/09/20 02:11:41 INFO AbstractS3ACommitterFactory: Using Committer FileOutputCommitter{PathOutputCommitter{context=TaskAttemptContextImpl{JobContextImpl{jobId=job_202409200211396661356304818141559_0000}; taskId=attempt_202409200211396661356304818141559_0000_m_000006_6, status=''}; org.apache.hadoop.mapreduce.lib.output.FileOutputCommitter@3d242ced}; outputPath=s3a://raw/olhovivo/corredor/dt=2024-09-20, workPath=s3a://raw/olhovivo/corredor/dt=2024-09-20/_temporary/0/_temporary/attempt_202409200211396661356304818141559_0000_m_000006_6, algorithmVersion=1, skipCleanup=false, ignoreCleanupFailures=false} for s3a://raw/olhovivo/corredor/dt=2024-09-20
[2024-09-20T02:11:41.253+0000] {ssh.py:524} INFO - 24/09/20 02:11:41 INFO SQLHadoopMapReduceCommitProtocol: Using output committer class org.apache.hadoop.mapreduce.lib.output.FileOutputCommitter
[2024-09-20T02:11:41.284+0000] {ssh.py:524} INFO - 24/09/20 02:11:41 INFO PythonRunner: Times: total = 1075, boot = 802, init = 273, finish = 0
[2024-09-20T02:11:41.291+0000] {ssh.py:524} INFO - 24/09/20 02:11:41 WARN AbstractS3ACommitterFactory: Using standard FileOutputCommitter to commit work. This is slow and potentially unsafe.
[2024-09-20T02:11:41.292+0000] {ssh.py:524} INFO - 24/09/20 02:11:41 INFO FileOutputCommitter: File Output Committer Algorithm version is 1
[2024-09-20T02:11:41.292+0000] {ssh.py:524} INFO - 24/09/20 02:11:41 INFO FileOutputCommitter: FileOutputCommitter skip cleanup _temporary folders under output directory:false, ignore cleanup failures: false
[2024-09-20T02:11:41.293+0000] {ssh.py:524} INFO - 24/09/20 02:11:41 INFO AbstractS3ACommitterFactory: Using Committer FileOutputCommitter{PathOutputCommitter{context=TaskAttemptContextImpl{JobContextImpl{jobId=job_202409200211394920183572187104481_0000}; taskId=attempt_202409200211394920183572187104481_0000_m_000005_5, status=''}; org.apache.hadoop.mapreduce.lib.output.FileOutputCommitter@37d07cde}; outputPath=s3a://raw/olhovivo/corredor/dt=2024-09-20, workPath=s3a://raw/olhovivo/corredor/dt=2024-09-20/_temporary/0/_temporary/attempt_202409200211394920183572187104481_0000_m_000005_5, algorithmVersion=1, skipCleanup=false, ignoreCleanupFailures=false} for s3a://raw/olhovivo/corredor/dt=2024-09-20
[2024-09-20T02:11:41.296+0000] {ssh.py:524} INFO - 24/09/20 02:11:41 INFO SQLHadoopMapReduceCommitProtocol: Using output committer class org.apache.hadoop.mapreduce.lib.output.FileOutputCommitter
[2024-09-20T02:11:41.297+0000] {ssh.py:524} INFO - 24/09/20 02:11:41 INFO PythonRunner: Times: total = 1084, boot = 863, init = 221, finish = 0
[2024-09-20T02:11:41.321+0000] {ssh.py:524} INFO - 24/09/20 02:11:41 WARN AbstractS3ACommitterFactory: Using standard FileOutputCommitter to commit work. This is slow and potentially unsafe.
[2024-09-20T02:11:41.322+0000] {ssh.py:524} INFO - 24/09/20 02:11:41 INFO FileOutputCommitter: File Output Committer Algorithm version is 1
[2024-09-20T02:11:41.322+0000] {ssh.py:524} INFO - 24/09/20 02:11:41 INFO FileOutputCommitter: FileOutputCommitter skip cleanup _temporary folders under output directory:false, ignore cleanup failures: false
[2024-09-20T02:11:41.327+0000] {ssh.py:524} INFO - 24/09/20 02:11:41 INFO AbstractS3ACommitterFactory: Using Committer FileOutputCommitter{PathOutputCommitter{context=TaskAttemptContextImpl{JobContextImpl{jobId=job_202409200211396731541168060665405_0000}; taskId=attempt_202409200211396731541168060665405_0000_m_000009_9, status=''}; org.apache.hadoop.mapreduce.lib.output.FileOutputCommitter@5df5070}; outputPath=s3a://raw/olhovivo/corredor/dt=2024-09-20, workPath=s3a://raw/olhovivo/corredor/dt=2024-09-20/_temporary/0/_temporary/attempt_202409200211396731541168060665405_0000_m_000009_9, algorithmVersion=1, skipCleanup=false, ignoreCleanupFailures=false} for s3a://raw/olhovivo/corredor/dt=2024-09-20
[2024-09-20T02:11:41.328+0000] {ssh.py:524} INFO - 24/09/20 02:11:41 INFO SQLHadoopMapReduceCommitProtocol: Using output committer class org.apache.hadoop.mapreduce.lib.output.FileOutputCommitter
[2024-09-20T02:11:41.351+0000] {ssh.py:524} INFO - 24/09/20 02:11:41 WARN AbstractS3ACommitterFactory: Using standard FileOutputCommitter to commit work. This is slow and potentially unsafe.
[2024-09-20T02:11:41.351+0000] {ssh.py:524} INFO - 24/09/20 02:11:41 INFO FileOutputCommitter: File Output Committer Algorithm version is 1
[2024-09-20T02:11:41.352+0000] {ssh.py:524} INFO - 24/09/20 02:11:41 INFO FileOutputCommitter: FileOutputCommitter skip cleanup _temporary folders under output directory:false, ignore cleanup failures: false
[2024-09-20T02:11:41.352+0000] {ssh.py:524} INFO - 24/09/20 02:11:41 INFO AbstractS3ACommitterFactory: Using Committer FileOutputCommitter{PathOutputCommitter{context=TaskAttemptContextImpl{JobContextImpl{jobId=job_202409200211391757914891795747781_0000}; taskId=attempt_202409200211391757914891795747781_0000_m_000002_2, status=''}; org.apache.hadoop.mapreduce.lib.output.FileOutputCommitter@21292512}; outputPath=s3a://raw/olhovivo/corredor/dt=2024-09-20, workPath=s3a://raw/olhovivo/corredor/dt=2024-09-20/_temporary/0/_temporary/attempt_202409200211391757914891795747781_0000_m_000002_2, algorithmVersion=1, skipCleanup=false, ignoreCleanupFailures=false} for s3a://raw/olhovivo/corredor/dt=2024-09-20
[2024-09-20T02:11:41.352+0000] {ssh.py:524} INFO - 24/09/20 02:11:41 INFO SQLHadoopMapReduceCommitProtocol: Using output committer class org.apache.hadoop.mapreduce.lib.output.FileOutputCommitter
[2024-09-20T02:11:41.356+0000] {ssh.py:524} INFO - 24/09/20 02:11:41 INFO PythonRunner: Times: total = 1138, boot = 928, init = 210, finish = 0
[2024-09-20T02:11:41.375+0000] {ssh.py:524} INFO - 24/09/20 02:11:41 INFO SparkHadoopMapRedUtil: No need to commit output of task because needsTaskCommit=false: attempt_202409200211392339123384544302029_0000_m_000007_7
[2024-09-20T02:11:41.381+0000] {ssh.py:524} INFO - 24/09/20 02:11:41 INFO SparkHadoopMapRedUtil: No need to commit output of task because needsTaskCommit=false: attempt_202409200211391757914891795747781_0000_m_000002_2
[2024-09-20T02:11:41.383+0000] {ssh.py:524} INFO - 24/09/20 02:11:41 INFO SparkHadoopMapRedUtil: No need to commit output of task because needsTaskCommit=false: attempt_202409200211392555360670550869684_0000_m_000004_4
[2024-09-20T02:11:41.390+0000] {ssh.py:524} INFO - 24/09/20 02:11:41 WARN AbstractS3ACommitterFactory: Using standard FileOutputCommitter to commit work. This is slow and potentially unsafe.
[2024-09-20T02:11:41.390+0000] {ssh.py:524} INFO - 24/09/20 02:11:41 INFO FileOutputCommitter: File Output Committer Algorithm version is 1
[2024-09-20T02:11:41.391+0000] {ssh.py:524} INFO - 24/09/20 02:11:41 INFO FileOutputCommitter: FileOutputCommitter skip cleanup _temporary folders under output directory:false, ignore cleanup failures: false
[2024-09-20T02:11:41.391+0000] {ssh.py:524} INFO - 24/09/20 02:11:41 INFO AbstractS3ACommitterFactory: Using Committer FileOutputCommitter{PathOutputCommitter{context=TaskAttemptContextImpl{JobContextImpl{jobId=job_20240920021139869857655244485009_0000}; taskId=attempt_20240920021139869857655244485009_0000_m_000008_8, status=''}; org.apache.hadoop.mapreduce.lib.output.FileOutputCommitter@56204f9b}; outputPath=s3a://raw/olhovivo/corredor/dt=2024-09-20, workPath=s3a://raw/olhovivo/corredor/dt=2024-09-20/_temporary/0/_temporary/attempt_20240920021139869857655244485009_0000_m_000008_8, algorithmVersion=1, skipCleanup=false, ignoreCleanupFailures=false} for s3a://raw/olhovivo/corredor/dt=2024-09-20
[2024-09-20T02:11:41.392+0000] {ssh.py:524} INFO - 24/09/20 02:11:41 INFO SQLHadoopMapReduceCommitProtocol: Using output committer class org.apache.hadoop.mapreduce.lib.output.FileOutputCommitter
[2024-09-20T02:11:41.396+0000] {ssh.py:524} INFO - 24/09/20 02:11:41 WARN AbstractS3ACommitterFactory: Using standard FileOutputCommitter to commit work. This is slow and potentially unsafe.
[2024-09-20T02:11:41.396+0000] {ssh.py:524} INFO - 24/09/20 02:11:41 INFO FileOutputCommitter: File Output Committer Algorithm version is 1
[2024-09-20T02:11:41.397+0000] {ssh.py:524} INFO - 24/09/20 02:11:41 INFO FileOutputCommitter: FileOutputCommitter skip cleanup _temporary folders under output directory:false, ignore cleanup failures: false
[2024-09-20T02:11:41.397+0000] {ssh.py:524} INFO - 24/09/20 02:11:41 INFO AbstractS3ACommitterFactory: Using Committer FileOutputCommitter{PathOutputCommitter{context=TaskAttemptContextImpl{JobContextImpl{jobId=job_202409200211392921709707868800932_0000}; taskId=attempt_202409200211392921709707868800932_0000_m_000010_10, status=''}; org.apache.hadoop.mapreduce.lib.output.FileOutputCommitter@7976e0ea}; outputPath=s3a://raw/olhovivo/corredor/dt=2024-09-20, workPath=s3a://raw/olhovivo/corredor/dt=2024-09-20/_temporary/0/_temporary/attempt_202409200211392921709707868800932_0000_m_000010_10, algorithmVersion=1, skipCleanup=false, ignoreCleanupFailures=false} for s3a://raw/olhovivo/corredor/dt=2024-09-20
[2024-09-20T02:11:41.397+0000] {ssh.py:524} INFO - 24/09/20 02:11:41 INFO SQLHadoopMapReduceCommitProtocol: Using output committer class org.apache.hadoop.mapreduce.lib.output.FileOutputCommitter
[2024-09-20T02:11:41.399+0000] {ssh.py:524} INFO - 24/09/20 02:11:41 WARN AbstractS3ACommitterFactory: Using standard FileOutputCommitter to commit work. This is slow and potentially unsafe.
[2024-09-20T02:11:41.400+0000] {ssh.py:524} INFO - 24/09/20 02:11:41 INFO FileOutputCommitter: File Output Committer Algorithm version is 1
[2024-09-20T02:11:41.400+0000] {ssh.py:524} INFO - 24/09/20 02:11:41 INFO FileOutputCommitter: FileOutputCommitter skip cleanup _temporary folders under output directory:false, ignore cleanup failures: false
[2024-09-20T02:11:41.401+0000] {ssh.py:524} INFO - 24/09/20 02:11:41 INFO AbstractS3ACommitterFactory: Using Committer FileOutputCommitter{PathOutputCommitter{context=TaskAttemptContextImpl{JobContextImpl{jobId=job_202409200211394622044063531475789_0000}; taskId=attempt_202409200211394622044063531475789_0000_m_000003_3, status=''}; org.apache.hadoop.mapreduce.lib.output.FileOutputCommitter@746fad56}; outputPath=s3a://raw/olhovivo/corredor/dt=2024-09-20, workPath=s3a://raw/olhovivo/corredor/dt=2024-09-20/_temporary/0/_temporary/attempt_202409200211394622044063531475789_0000_m_000003_3, algorithmVersion=1, skipCleanup=false, ignoreCleanupFailures=false} for s3a://raw/olhovivo/corredor/dt=2024-09-20
[2024-09-20T02:11:41.401+0000] {ssh.py:524} INFO - 24/09/20 02:11:41 INFO SQLHadoopMapReduceCommitProtocol: Using output committer class org.apache.hadoop.mapreduce.lib.output.FileOutputCommitter
[2024-09-20T02:11:41.406+0000] {ssh.py:524} INFO - 24/09/20 02:11:41 INFO PythonRunner: Times: total = 1198, boot = 1041, init = 157, finish = 0
[2024-09-20T02:11:41.437+0000] {ssh.py:524} INFO - 24/09/20 02:11:41 INFO SparkHadoopMapRedUtil: No need to commit output of task because needsTaskCommit=false: attempt_202409200211396731541168060665405_0000_m_000009_9
[2024-09-20T02:11:41.439+0000] {ssh.py:524} INFO - 24/09/20 02:11:41 INFO Executor: Finished task 2.0 in stage 0.0 (TID 2). 2871 bytes result sent to driver
[2024-09-20T02:11:41.439+0000] {ssh.py:524} INFO - 24/09/20 02:11:41 INFO Executor: Finished task 7.0 in stage 0.0 (TID 7). 2871 bytes result sent to driver
[2024-09-20T02:11:41.440+0000] {ssh.py:524} INFO - 24/09/20 02:11:41 INFO Executor: Finished task 4.0 in stage 0.0 (TID 4). 2871 bytes result sent to driver
[2024-09-20T02:11:41.440+0000] {ssh.py:524} INFO - 24/09/20 02:11:41 INFO Executor: Finished task 9.0 in stage 0.0 (TID 9). 2828 bytes result sent to driver
[2024-09-20T02:11:41.474+0000] {ssh.py:524} INFO - 24/09/20 02:11:41 INFO PythonRunner: Times: total = 1198, boot = 961, init = 237, finish = 0
[2024-09-20T02:11:41.493+0000] {ssh.py:524} INFO - 24/09/20 02:11:41 INFO PythonRunner: Times: total = 1206, boot = 990, init = 215, finish = 1
[2024-09-20T02:11:41.494+0000] {ssh.py:524} INFO - 24/09/20 02:11:41 INFO PythonRunner: Times: total = 1262, boot = 1075, init = 187, finish = 0
[2024-09-20T02:11:41.498+0000] {ssh.py:524} INFO - 24/09/20 02:11:41 INFO PythonRunner: Times: total = 1210, boot = 1027, init = 183, finish = 0
[2024-09-20T02:11:41.499+0000] {ssh.py:524} INFO - 24/09/20 02:11:41 INFO PythonRunner: Times: total = 1100, boot = 840, init = 259, finish = 1
[2024-09-20T02:11:41.501+0000] {ssh.py:524} INFO - 24/09/20 02:11:41 INFO PythonRunner: Times: total = 1208, boot = 812, init = 396, finish = 0
[2024-09-20T02:11:41.510+0000] {ssh.py:524} INFO - 24/09/20 02:11:41 INFO PythonRunner: Times: total = 1280, boot = 1095, init = 185, finish = 0
[2024-09-20T02:11:41.517+0000] {ssh.py:524} INFO - 24/09/20 02:11:41 INFO TaskSetManager: Finished task 2.0 in stage 0.0 (TID 2) in 1846 ms on spark-master (executor driver) (1/12)
[2024-09-20T02:11:41.518+0000] {ssh.py:524} INFO - 24/09/20 02:11:41 INFO TaskSetManager: Finished task 9.0 in stage 0.0 (TID 9) in 1842 ms on spark-master (executor driver) (2/12)
[2024-09-20T02:11:41.520+0000] {ssh.py:524} INFO - 24/09/20 02:11:41 INFO TaskSetManager: Finished task 7.0 in stage 0.0 (TID 7) in 1845 ms on spark-master (executor driver) (3/12)
[2024-09-20T02:11:41.520+0000] {ssh.py:524} INFO - 24/09/20 02:11:41 INFO TaskSetManager: Finished task 4.0 in stage 0.0 (TID 4) in 1849 ms on spark-master (executor driver) (4/12)
[2024-09-20T02:11:41.524+0000] {ssh.py:524} INFO - 24/09/20 02:11:41 INFO PythonAccumulatorV2: Connected to AccumulatorServer at host: 127.0.0.1 port: 45541
[2024-09-20T02:11:41.524+0000] {ssh.py:524} INFO - 24/09/20 02:11:41 INFO PythonRunner: Times: total = 1303, boot = 1114, init = 188, finish = 1
[2024-09-20T02:11:41.902+0000] {ssh.py:524} INFO - 24/09/20 02:11:41 INFO FileOutputCommitter: Saved output of task 'attempt_202409200211396400763498766063104_0000_m_000011_11' to s3a://raw/olhovivo/corredor/dt=2024-09-20/_temporary/0/task_202409200211396400763498766063104_0000_m_000011
[2024-09-20T02:11:41.904+0000] {ssh.py:524} INFO - 24/09/20 02:11:41 INFO FileOutputCommitter: Saved output of task 'attempt_202409200211396661356304818141559_0000_m_000006_6' to s3a://raw/olhovivo/corredor/dt=2024-09-20/_temporary/0/task_202409200211396661356304818141559_0000_m_000006
[2024-09-20T02:11:41.908+0000] {ssh.py:524} INFO - 24/09/20 02:11:41 INFO SparkHadoopMapRedUtil: attempt_202409200211396400763498766063104_0000_m_000011_11: Committed. Elapsed time: 295 ms.
[2024-09-20T02:11:41.912+0000] {ssh.py:524} INFO - 24/09/20 02:11:41 INFO SparkHadoopMapRedUtil: attempt_202409200211396661356304818141559_0000_m_000006_6: Committed. Elapsed time: 297 ms.
[2024-09-20T02:11:41.914+0000] {ssh.py:524} INFO - 24/09/20 02:11:41 INFO Executor: Finished task 11.0 in stage 0.0 (TID 11). 2957 bytes result sent to driver
[2024-09-20T02:11:41.918+0000] {ssh.py:524} INFO - 24/09/20 02:11:41 INFO TaskSetManager: Finished task 11.0 in stage 0.0 (TID 11) in 2241 ms on spark-master (executor driver) (5/12)
[2024-09-20T02:11:41.920+0000] {ssh.py:524} INFO - 24/09/20 02:11:41 INFO FileOutputCommitter: Saved output of task 'attempt_20240920021139869857655244485009_0000_m_000008_8' to s3a://raw/olhovivo/corredor/dt=2024-09-20/_temporary/0/task_20240920021139869857655244485009_0000_m_000008
[2024-09-20T02:11:41.921+0000] {ssh.py:524} INFO - 24/09/20 02:11:41 INFO SparkHadoopMapRedUtil: attempt_20240920021139869857655244485009_0000_m_000008_8: Committed. Elapsed time: 301 ms.
[2024-09-20T02:11:41.922+0000] {ssh.py:524} INFO - 24/09/20 02:11:41 INFO Executor: Finished task 6.0 in stage 0.0 (TID 6). 2914 bytes result sent to driver
[2024-09-20T02:11:41.923+0000] {ssh.py:524} INFO - 24/09/20 02:11:41 INFO FileOutputCommitter: Saved output of task 'attempt_202409200211394920183572187104481_0000_m_000005_5' to s3a://raw/olhovivo/corredor/dt=2024-09-20/_temporary/0/task_202409200211394920183572187104481_0000_m_000005
[2024-09-20T02:11:41.935+0000] {ssh.py:524} INFO - 24/09/20 02:11:41 INFO Executor: Finished task 8.0 in stage 0.0 (TID 8). 2914 bytes result sent to driver
[2024-09-20T02:11:41.936+0000] {ssh.py:524} INFO - 24/09/20 02:11:41 INFO TaskSetManager: Finished task 6.0 in stage 0.0 (TID 6) in 2252 ms on spark-master (executor driver) (6/12)
[2024-09-20T02:11:41.937+0000] {ssh.py:524} INFO - 24/09/20 02:11:41 INFO TaskSetManager: Finished task 8.0 in stage 0.0 (TID 8) in 2257 ms on spark-master (executor driver) (7/12)
[2024-09-20T02:11:41.937+0000] {ssh.py:524} INFO - 24/09/20 02:11:41 INFO SparkHadoopMapRedUtil: attempt_202409200211394920183572187104481_0000_m_000005_5: Committed. Elapsed time: 320 ms.
[2024-09-20T02:11:41.938+0000] {ssh.py:524} INFO - 24/09/20 02:11:41 INFO Executor: Finished task 5.0 in stage 0.0 (TID 5). 2914 bytes result sent to driver
[2024-09-20T02:11:41.938+0000] {ssh.py:524} INFO - 24/09/20 02:11:41 INFO TaskSetManager: Finished task 5.0 in stage 0.0 (TID 5) in 2266 ms on spark-master (executor driver) (8/12)
[2024-09-20T02:11:41.940+0000] {ssh.py:524} INFO - 24/09/20 02:11:41 INFO FileOutputCommitter: Saved output of task 'attempt_202409200211395198822129841491487_0000_m_000000_0' to s3a://raw/olhovivo/corredor/dt=2024-09-20/_temporary/0/task_202409200211395198822129841491487_0000_m_000000
[2024-09-20T02:11:41.941+0000] {ssh.py:524} INFO - 24/09/20 02:11:41 INFO SparkHadoopMapRedUtil: attempt_202409200211395198822129841491487_0000_m_000000_0: Committed. Elapsed time: 311 ms.
[2024-09-20T02:11:41.949+0000] {ssh.py:524} INFO - 24/09/20 02:11:41 INFO Executor: Finished task 0.0 in stage 0.0 (TID 0). 2828 bytes result sent to driver
[2024-09-20T02:11:41.950+0000] {ssh.py:524} INFO - 24/09/20 02:11:41 INFO FileOutputCommitter: Saved output of task 'attempt_202409200211396827453735818663782_0000_m_000001_1' to s3a://raw/olhovivo/corredor/dt=2024-09-20/_temporary/0/task_202409200211396827453735818663782_0000_m_000001
[2024-09-20T02:11:41.950+0000] {ssh.py:524} INFO - 24/09/20 02:11:41 INFO SparkHadoopMapRedUtil: attempt_202409200211396827453735818663782_0000_m_000001_1: Committed. Elapsed time: 325 ms.
[2024-09-20T02:11:41.951+0000] {ssh.py:524} INFO - 24/09/20 02:11:41 INFO TaskSetManager: Finished task 0.0 in stage 0.0 (TID 0) in 2306 ms on spark-master (executor driver) (9/12)
[2024-09-20T02:11:41.951+0000] {ssh.py:524} INFO - 24/09/20 02:11:41 INFO FileOutputCommitter: Saved output of task 'attempt_202409200211394622044063531475789_0000_m_000003_3' to s3a://raw/olhovivo/corredor/dt=2024-09-20/_temporary/0/task_202409200211394622044063531475789_0000_m_000003
[2024-09-20T02:11:41.952+0000] {ssh.py:524} INFO - 24/09/20 02:11:41 INFO SparkHadoopMapRedUtil: attempt_202409200211394622044063531475789_0000_m_000003_3: Committed. Elapsed time: 335 ms.
[2024-09-20T02:11:41.952+0000] {ssh.py:524} INFO - 24/09/20 02:11:41 INFO Executor: Finished task 1.0 in stage 0.0 (TID 1). 2914 bytes result sent to driver
[2024-09-20T02:11:41.952+0000] {ssh.py:524} INFO - 24/09/20 02:11:41 INFO Executor: Finished task 3.0 in stage 0.0 (TID 3). 2914 bytes result sent to driver
[2024-09-20T02:11:41.955+0000] {ssh.py:524} INFO - 24/09/20 02:11:41 INFO TaskSetManager: Finished task 1.0 in stage 0.0 (TID 1) in 2287 ms on spark-master (executor driver) (10/12)
[2024-09-20T02:11:41.959+0000] {ssh.py:524} INFO - 24/09/20 02:11:41 INFO TaskSetManager: Finished task 3.0 in stage 0.0 (TID 3) in 2289 ms on spark-master (executor driver) (11/12)
[2024-09-20T02:11:41.964+0000] {ssh.py:524} INFO - 24/09/20 02:11:41 INFO FileOutputCommitter: Saved output of task 'attempt_202409200211392921709707868800932_0000_m_000010_10' to s3a://raw/olhovivo/corredor/dt=2024-09-20/_temporary/0/task_202409200211392921709707868800932_0000_m_000010
[2024-09-20T02:11:41.965+0000] {ssh.py:524} INFO - 24/09/20 02:11:41 INFO SparkHadoopMapRedUtil: attempt_202409200211392921709707868800932_0000_m_000010_10: Committed. Elapsed time: 282 ms.
[2024-09-20T02:11:41.966+0000] {ssh.py:524} INFO - 24/09/20 02:11:41 INFO Executor: Finished task 10.0 in stage 0.0 (TID 10). 2914 bytes result sent to driver
[2024-09-20T02:11:41.970+0000] {ssh.py:524} INFO - 24/09/20 02:11:41 INFO TaskSetManager: Finished task 10.0 in stage 0.0 (TID 10) in 2293 ms on spark-master (executor driver) (12/12)
[2024-09-20T02:11:41.972+0000] {ssh.py:524} INFO - 24/09/20 02:11:41 INFO TaskSchedulerImpl: Removed TaskSet 0.0, whose tasks have all completed, from pool 
[2024-09-20T02:11:41.975+0000] {ssh.py:524} INFO - 24/09/20 02:11:41 INFO DAGScheduler: ResultStage 0 (save at NativeMethodAccessorImpl.java:0) finished in 2.528 s
[2024-09-20T02:11:41.987+0000] {ssh.py:524} INFO - 24/09/20 02:11:41 INFO DAGScheduler: Job 0 is finished. Cancelling potential speculative or zombie tasks for this job
[2024-09-20T02:11:41.988+0000] {ssh.py:524} INFO - 24/09/20 02:11:41 INFO TaskSchedulerImpl: Killing all running tasks in stage 0: Stage finished
[2024-09-20T02:11:41.995+0000] {ssh.py:524} INFO - 24/09/20 02:11:41 INFO DAGScheduler: Job 0 finished: save at NativeMethodAccessorImpl.java:0, took 2.583582 s
[2024-09-20T02:11:41.998+0000] {ssh.py:524} INFO - 24/09/20 02:11:41 INFO FileFormatWriter: Start to commit write Job 7790c664-9cb6-4821-9e70-f4448c15949a.
[2024-09-20T02:11:42.344+0000] {ssh.py:524} INFO - 24/09/20 02:11:42 ERROR FileFormatWriter: Aborting job 7790c664-9cb6-4821-9e70-f4448c15949a.
[2024-09-20T02:11:42.345+0000] {ssh.py:524} INFO - java.io.FileNotFoundException: No such file or directory: s3a://raw/olhovivo/corredor/dt=2024-09-20/_temporary/0/task_20240920021139360672923031290901_0000_m_000006
[2024-09-20T02:11:42.345+0000] {ssh.py:524} INFO - 	at org.apache.hadoop.fs.s3a.S3AFileSystem.s3GetFileStatus(S3AFileSystem.java:3356)
[2024-09-20T02:11:42.346+0000] {ssh.py:524} INFO - 	at org.apache.hadoop.fs.s3a.S3AFileSystem.innerGetFileStatus(S3AFileSystem.java:3185)
[2024-09-20T02:11:42.346+0000] {ssh.py:524} INFO - 	at org.apache.hadoop.fs.s3a.S3AFileSystem.innerListStatus(S3AFileSystem.java:2845)
[2024-09-20T02:11:42.346+0000] {ssh.py:524} INFO - 	at org.apache.hadoop.fs.s3a.S3AFileSystem.lambda$listStatus$14(S3AFileSystem.java:2812)
[2024-09-20T02:11:42.347+0000] {ssh.py:524} INFO - 	at org.apache.hadoop.fs.s3a.Invoker.once(Invoker.java:115)
[2024-09-20T02:11:42.347+0000] {ssh.py:524} INFO - 	at org.apache.hadoop.fs.s3a.S3AFileSystem.listStatus(S3AFileSystem.java:2810)
[2024-09-20T02:11:42.348+0000] {ssh.py:524} INFO - 	at org.apache.hadoop.mapreduce.lib.output.FileOutputCommitter.mergePaths(FileOutputCommitter.java:488)
[2024-09-20T02:11:42.348+0000] {ssh.py:524} INFO - 	at org.apache.hadoop.mapreduce.lib.output.FileOutputCommitter.commitJobInternal(FileOutputCommitter.java:405)
[2024-09-20T02:11:42.348+0000] {ssh.py:524} INFO - 	at org.apache.hadoop.mapreduce.lib.output.FileOutputCommitter.commitJob(FileOutputCommitter.java:377)
[2024-09-20T02:11:42.349+0000] {ssh.py:524} INFO - 	at org.apache.spark.internal.io.HadoopMapReduceCommitProtocol.commitJob(HadoopMapReduceCommitProtocol.scala:192)
[2024-09-20T02:11:42.349+0000] {ssh.py:524} INFO - 	at org.apache.spark.sql.execution.datasources.FileFormatWriter$.$anonfun$write$25(FileFormatWriter.scala:267)
[2024-09-20T02:11:42.350+0000] {ssh.py:524} INFO - 	at scala.runtime.java8.JFunction0$mcV$sp.apply(JFunction0$mcV$sp.java:23)
[2024-09-20T02:11:42.350+0000] {ssh.py:524} INFO - 	at org.apache.spark.util.Utils$.timeTakenMs(Utils.scala:642)
[2024-09-20T02:11:42.351+0000] {ssh.py:524} INFO - 	at org.apache.spark.sql.execution.datasources.FileFormatWriter$.write(FileFormatWriter.scala:267)
[2024-09-20T02:11:42.351+0000] {ssh.py:524} INFO - 	at org.apache.spark.sql.execution.datasources.InsertIntoHadoopFsRelationCommand.run(InsertIntoHadoopFsRelationCommand.scala:186)
[2024-09-20T02:11:42.352+0000] {ssh.py:524} INFO - 	at org.apache.spark.sql.execution.command.DataWritingCommandExec.sideEffectResult$lzycompute(commands.scala:113)
[2024-09-20T02:11:42.352+0000] {ssh.py:524} INFO - 	at org.apache.spark.sql.execution.command.DataWritingCommandExec.sideEffectResult(commands.scala:111)
[2024-09-20T02:11:42.352+0000] {ssh.py:524} INFO - 	at org.apache.spark.sql.execution.command.DataWritingCommandExec.executeCollect(commands.scala:125)
[2024-09-20T02:11:42.353+0000] {ssh.py:524} INFO - 	at org.apache.spark.sql.execution.QueryExecution$$anonfun$eagerlyExecuteCommands$1.$anonfun$applyOrElse$1(QueryExecution.scala:98)
[2024-09-20T02:11:42.353+0000] {ssh.py:524} INFO - 	at org.apache.spark.sql.execution.SQLExecution$.$anonfun$withNewExecutionId$6(SQLExecution.scala:109)
[2024-09-20T02:11:42.353+0000] {ssh.py:524} INFO - 	at org.apache.spark.sql.execution.SQLExecution$.withSQLConfPropagated(SQLExecution.scala:169)
[2024-09-20T02:11:42.354+0000] {ssh.py:524} INFO - 	at org.apache.spark.sql.execution.SQLExecution$.$anonfun$withNewExecutionId$1(SQLExecution.scala:95)
[2024-09-20T02:11:42.354+0000] {ssh.py:524} INFO - 	at org.apache.spark.sql.SparkSession.withActive(SparkSession.scala:779)
[2024-09-20T02:11:42.355+0000] {ssh.py:524} INFO - 	at org.apache.spark.sql.execution.SQLExecution$.withNewExecutionId(SQLExecution.scala:64)
[2024-09-20T02:11:42.356+0000] {ssh.py:524} INFO - 	at org.apache.spark.sql.execution.QueryExecution$$anonfun$eagerlyExecuteCommands$1.applyOrElse(QueryExecution.scala:98)
[2024-09-20T02:11:42.356+0000] {ssh.py:524} INFO - 	at org.apache.spark.sql.execution.QueryExecution$$anonfun$eagerlyExecuteCommands$1.applyOrElse(QueryExecution.scala:94)
[2024-09-20T02:11:42.357+0000] {ssh.py:524} INFO - 	at org.apache.spark.sql.catalyst.trees.TreeNode.$anonfun$transformDownWithPruning$1(TreeNode.scala:584)
[2024-09-20T02:11:42.357+0000] {ssh.py:524} INFO - 	at org.apache.spark.sql.catalyst.trees.CurrentOrigin$.withOrigin(TreeNode.scala:176)
[2024-09-20T02:11:42.358+0000] {ssh.py:524} INFO - 	at org.apache.spark.sql.catalyst.trees.TreeNode.transformDownWithPruning(TreeNode.scala:584)
[2024-09-20T02:11:42.358+0000] {ssh.py:524} INFO - 	at org.apache.spark.sql.catalyst.plans.logical.LogicalPlan.org$apache$spark$sql$catalyst$plans$logical$AnalysisHelper$$super$transformDownWithPruning(LogicalPlan.scala:30)
[2024-09-20T02:11:42.358+0000] {ssh.py:524} INFO - 	at org.apache.spark.sql.catalyst.plans.logical.AnalysisHelper.transformDownWithPruning(AnalysisHelper.scala:267)
[2024-09-20T02:11:42.359+0000] {ssh.py:524} INFO - 	at org.apache.spark.sql.catalyst.plans.logical.AnalysisHelper.transformDownWithPruning$(AnalysisHelper.scala:263)
[2024-09-20T02:11:42.359+0000] {ssh.py:524} INFO - 	at org.apache.spark.sql.catalyst.plans.logical.LogicalPlan.transformDownWithPruning(LogicalPlan.scala:30)
[2024-09-20T02:11:42.360+0000] {ssh.py:524} INFO - 	at org.apache.spark.sql.catalyst.plans.logical.LogicalPlan.transformDownWithPruning(LogicalPlan.scala:30)
[2024-09-20T02:11:42.361+0000] {ssh.py:524} INFO - 	at org.apache.spark.sql.catalyst.trees.TreeNode.transformDown(TreeNode.scala:560)
[2024-09-20T02:11:42.361+0000] {ssh.py:524} INFO - 	at org.apache.spark.sql.execution.QueryExecution.eagerlyExecuteCommands(QueryExecution.scala:94)
[2024-09-20T02:11:42.361+0000] {ssh.py:524} INFO - 	at org.apache.spark.sql.execution.QueryExecution.commandExecuted$lzycompute(QueryExecution.scala:81)
[2024-09-20T02:11:42.362+0000] {ssh.py:524} INFO - 	at org.apache.spark.sql.execution.QueryExecution.commandExecuted(QueryExecution.scala:79)
[2024-09-20T02:11:42.362+0000] {ssh.py:524} INFO - 	at org.apache.spark.sql.execution.QueryExecution.assertCommandExecuted(QueryExecution.scala:116)
[2024-09-20T02:11:42.363+0000] {ssh.py:524} INFO - 	at org.apache.spark.sql.DataFrameWriter.runCommand(DataFrameWriter.scala:860)
[2024-09-20T02:11:42.363+0000] {ssh.py:524} INFO - 	at org.apache.spark.sql.DataFrameWriter.saveToV1Source(DataFrameWriter.scala:390)
[2024-09-20T02:11:42.363+0000] {ssh.py:524} INFO - 	at org.apache.spark.sql.DataFrameWriter.saveInternal(DataFrameWriter.scala:363)
[2024-09-20T02:11:42.364+0000] {ssh.py:524} INFO - 	at org.apache.spark.sql.DataFrameWriter.save(DataFrameWriter.scala:239)
[2024-09-20T02:11:42.364+0000] {ssh.py:524} INFO - 	at java.base/jdk.internal.reflect.NativeMethodAccessorImpl.invoke0(Native Method)
[2024-09-20T02:11:42.364+0000] {ssh.py:524} INFO - 	at java.base/jdk.internal.reflect.NativeMethodAccessorImpl.invoke(NativeMethodAccessorImpl.java:77)
[2024-09-20T02:11:42.365+0000] {ssh.py:524} INFO - 	at java.base/jdk.internal.reflect.DelegatingMethodAccessorImpl.invoke(DelegatingMethodAccessorImpl.java:43)
[2024-09-20T02:11:42.365+0000] {ssh.py:524} INFO - 	at java.base/java.lang.reflect.Method.invoke(Method.java:568)
[2024-09-20T02:11:42.366+0000] {ssh.py:524} INFO - 	at py4j.reflection.MethodInvoker.invoke(MethodInvoker.java:244)
[2024-09-20T02:11:42.366+0000] {ssh.py:524} INFO - 	at py4j.reflection.ReflectionEngine.invoke(ReflectionEngine.java:357)
[2024-09-20T02:11:42.366+0000] {ssh.py:524} INFO - 	at py4j.Gateway.invoke(Gateway.java:282)
[2024-09-20T02:11:42.367+0000] {ssh.py:524} INFO - 	at py4j.commands.AbstractCommand.invokeMethod(AbstractCommand.java:132)
[2024-09-20T02:11:42.368+0000] {ssh.py:524} INFO - 	at py4j.commands.CallCommand.execute(CallCommand.java:79)
[2024-09-20T02:11:42.368+0000] {ssh.py:524} INFO - 	at py4j.ClientServerConnection.waitForCommands(ClientServerConnection.java:182)
[2024-09-20T02:11:42.369+0000] {ssh.py:524} INFO - 	at py4j.ClientServerConnection.run(ClientServerConnection.java:106)
[2024-09-20T02:11:42.369+0000] {ssh.py:524} INFO - 	at java.base/java.lang.Thread.run(Thread.java:833)
[2024-09-20T02:11:42.524+0000] {ssh.py:524} INFO - Traceback (most recent call last):
[2024-09-20T02:11:42.524+0000] {ssh.py:524} INFO -   File "/opt/shared/scripts/raw_ingestion.py", line 142, in <module>
[2024-09-20T02:11:42.536+0000] {ssh.py:524} INFO -     corredor_df.write.mode("append").format("json").save(f"s3a://raw/olhovivo/corredor/dt={dt_now}/")
[2024-09-20T02:11:42.537+0000] {ssh.py:524} INFO -   File "/usr/local/spark/python/lib/pyspark.zip/pyspark/sql/readwriter.py", line 968, in save
[2024-09-20T02:11:42.539+0000] {ssh.py:524} INFO -   File "/usr/local/spark/python/lib/py4j-0.10.9.5-src.zip/py4j/java_gateway.py", line 1321, in __call__
[2024-09-20T02:11:42.539+0000] {ssh.py:524} INFO -   File "/usr/local/spark/python/lib/pyspark.zip/pyspark/sql/utils.py", line 190, in deco
[2024-09-20T02:11:42.540+0000] {ssh.py:524} INFO -   File "/usr/local/spark/python/lib/py4j-0.10.9.5-src.zip/py4j/protocol.py", line 326, in get_return_value
[2024-09-20T02:11:42.541+0000] {ssh.py:524} INFO - py4j.protocol.Py4JJavaError
[2024-09-20T02:11:42.542+0000] {ssh.py:524} INFO - : An error occurred while calling o52.save.
[2024-09-20T02:11:42.542+0000] {ssh.py:524} INFO - : org.apache.spark.SparkException: Job aborted.
[2024-09-20T02:11:42.543+0000] {ssh.py:524} INFO - 	at org.apache.spark.sql.errors.QueryExecutionErrors$.jobAbortedError(QueryExecutionErrors.scala:651)
[2024-09-20T02:11:42.543+0000] {ssh.py:524} INFO - 	at org.apache.spark.sql.execution.datasources.FileFormatWriter$.write(FileFormatWriter.scala:278)
[2024-09-20T02:11:42.543+0000] {ssh.py:524} INFO - 	at org.apache.spark.sql.execution.datasources.InsertIntoHadoopFsRelationCommand.run(InsertIntoHadoopFsRelationCommand.scala:186)
[2024-09-20T02:11:42.544+0000] {ssh.py:524} INFO - 	at org.apache.spark.sql.execution.command.DataWritingCommandExec.sideEffectResult$lzycompute(commands.scala:113)
[2024-09-20T02:11:42.544+0000] {ssh.py:524} INFO - 	at org.apache.spark.sql.execution.command.DataWritingCommandExec.sideEffectResult(commands.scala:111)
[2024-09-20T02:11:42.544+0000] {ssh.py:524} INFO - 	at org.apache.spark.sql.execution.command.DataWritingCommandExec.executeCollect(commands.scala:125)
[2024-09-20T02:11:42.545+0000] {ssh.py:524} INFO - 	at org.apache.spark.sql.execution.QueryExecution$$anonfun$eagerlyExecuteCommands$1.$anonfun$applyOrElse$1(QueryExecution.scala:98)
[2024-09-20T02:11:42.545+0000] {ssh.py:524} INFO - 	at org.apache.spark.sql.execution.SQLExecution$.$anonfun$withNewExecutionId$6(SQLExecution.scala:109)
[2024-09-20T02:11:42.545+0000] {ssh.py:524} INFO - 	at org.apache.spark.sql.execution.SQLExecution$.withSQLConfPropagated(SQLExecution.scala:169)
[2024-09-20T02:11:42.546+0000] {ssh.py:524} INFO - 	at org.apache.spark.sql.execution.SQLExecution$.$anonfun$withNewExecutionId$1(SQLExecution.scala:95)
[2024-09-20T02:11:42.546+0000] {ssh.py:524} INFO - 	at org.apache.spark.sql.SparkSession.withActive(SparkSession.scala:779)
[2024-09-20T02:11:42.546+0000] {ssh.py:524} INFO - 	at org.apache.spark.sql.execution.SQLExecution$.withNewExecutionId(SQLExecution.scala:64)
[2024-09-20T02:11:42.547+0000] {ssh.py:524} INFO - 	at org.apache.spark.sql.execution.QueryExecution$$anonfun$eagerlyExecuteCommands$1.applyOrElse(QueryExecution.scala:98)
[2024-09-20T02:11:42.547+0000] {ssh.py:524} INFO - 	at org.apache.spark.sql.execution.QueryExecution$$anonfun$eagerlyExecuteCommands$1.applyOrElse(QueryExecution.scala:94)
[2024-09-20T02:11:42.547+0000] {ssh.py:524} INFO - 	at org.apache.spark.sql.catalyst.trees.TreeNode.$anonfun$transformDownWithPruning$1(TreeNode.scala:584)
[2024-09-20T02:11:42.548+0000] {ssh.py:524} INFO - 	at org.apache.spark.sql.catalyst.trees.CurrentOrigin$.withOrigin(TreeNode.scala:176)
[2024-09-20T02:11:42.548+0000] {ssh.py:524} INFO - 	at org.apache.spark.sql.catalyst.trees.TreeNode.transformDownWithPruning(TreeNode.scala:584)
[2024-09-20T02:11:42.549+0000] {ssh.py:524} INFO - 	at org.apache.spark.sql.catalyst.plans.logical.LogicalPlan.org$apache$spark$sql$catalyst$plans$logical$AnalysisHelper$$super$transformDownWithPruning(LogicalPlan.scala:30)
[2024-09-20T02:11:42.549+0000] {ssh.py:524} INFO - 	at org.apache.spark.sql.catalyst.plans.logical.AnalysisHelper.transformDownWithPruning(AnalysisHelper.scala:267)
[2024-09-20T02:11:42.550+0000] {ssh.py:524} INFO - 	at org.apache.spark.sql.catalyst.plans.logical.AnalysisHelper.transformDownWithPruning$(AnalysisHelper.scala:263)
[2024-09-20T02:11:42.550+0000] {ssh.py:524} INFO - 	at org.apache.spark.sql.catalyst.plans.logical.LogicalPlan.transformDownWithPruning(LogicalPlan.scala:30)
[2024-09-20T02:11:42.550+0000] {ssh.py:524} INFO - 	at org.apache.spark.sql.catalyst.plans.logical.LogicalPlan.transformDownWithPruning(LogicalPlan.scala:30)
[2024-09-20T02:11:42.551+0000] {ssh.py:524} INFO - 	at org.apache.spark.sql.catalyst.trees.TreeNode.transformDown(TreeNode.scala:560)
[2024-09-20T02:11:42.551+0000] {ssh.py:524} INFO - 	at org.apache.spark.sql.execution.QueryExecution.eagerlyExecuteCommands(QueryExecution.scala:94)
[2024-09-20T02:11:42.551+0000] {ssh.py:524} INFO - 	at org.apache.spark.sql.execution.QueryExecution.commandExecuted$lzycompute(QueryExecution.scala:81)
[2024-09-20T02:11:42.552+0000] {ssh.py:524} INFO - 	at org.apache.spark.sql.execution.QueryExecution.commandExecuted(QueryExecution.scala:79)
[2024-09-20T02:11:42.552+0000] {ssh.py:524} INFO - 	at org.apache.spark.sql.execution.QueryExecution.assertCommandExecuted(QueryExecution.scala:116)
[2024-09-20T02:11:42.553+0000] {ssh.py:524} INFO - 	at org.apache.spark.sql.DataFrameWriter.runCommand(DataFrameWriter.scala:860)
[2024-09-20T02:11:42.553+0000] {ssh.py:524} INFO - 	at org.apache.spark.sql.DataFrameWriter.saveToV1Source(DataFrameWriter.scala:390)
[2024-09-20T02:11:42.553+0000] {ssh.py:524} INFO - 	at org.apache.spark.sql.DataFrameWriter.saveInternal(DataFrameWriter.scala:363)
[2024-09-20T02:11:42.554+0000] {ssh.py:524} INFO - 	at org.apache.spark.sql.DataFrameWriter.save(DataFrameWriter.scala:239)
[2024-09-20T02:11:42.554+0000] {ssh.py:524} INFO - 	at java.base/jdk.internal.reflect.NativeMethodAccessorImpl.invoke0(Native Method)
[2024-09-20T02:11:42.555+0000] {ssh.py:524} INFO - 	at java.base/jdk.internal.reflect.NativeMethodAccessorImpl.invoke(NativeMethodAccessorImpl.java:77)
[2024-09-20T02:11:42.555+0000] {ssh.py:524} INFO - 	at java.base/jdk.internal.reflect.DelegatingMethodAccessorImpl.invoke(DelegatingMethodAccessorImpl.java:43)
[2024-09-20T02:11:42.555+0000] {ssh.py:524} INFO - 	at java.base/java.lang.reflect.Method.invoke(Method.java:568)
[2024-09-20T02:11:42.556+0000] {ssh.py:524} INFO - 	at py4j.reflection.MethodInvoker.invoke(MethodInvoker.java:244)
[2024-09-20T02:11:42.556+0000] {ssh.py:524} INFO - 	at py4j.reflection.ReflectionEngine.invoke(ReflectionEngine.java:357)
[2024-09-20T02:11:42.557+0000] {ssh.py:524} INFO - 	at py4j.Gateway.invoke(Gateway.java:282)
[2024-09-20T02:11:42.557+0000] {ssh.py:524} INFO - 	at py4j.commands.AbstractCommand.invokeMethod(AbstractCommand.java:132)
[2024-09-20T02:11:42.557+0000] {ssh.py:524} INFO - 	at py4j.commands.CallCommand.execute(CallCommand.java:79)
[2024-09-20T02:11:42.558+0000] {ssh.py:524} INFO - 	at py4j.ClientServerConnection.waitForCommands(ClientServerConnection.java:182)
[2024-09-20T02:11:42.558+0000] {ssh.py:524} INFO - 	at py4j.ClientServerConnection.run(ClientServerConnection.java:106)
[2024-09-20T02:11:42.558+0000] {ssh.py:524} INFO - 	at java.base/java.lang.Thread.run(Thread.java:833)
[2024-09-20T02:11:42.559+0000] {ssh.py:524} INFO - Caused by: java.io.FileNotFoundException: No such file or directory: s3a://raw/olhovivo/corredor/dt=2024-09-20/_temporary/0/task_20240920021139360672923031290901_0000_m_000006
[2024-09-20T02:11:42.559+0000] {ssh.py:524} INFO - 	at org.apache.hadoop.fs.s3a.S3AFileSystem.s3GetFileStatus(S3AFileSystem.java:3356)
[2024-09-20T02:11:42.560+0000] {ssh.py:524} INFO - 	at org.apache.hadoop.fs.s3a.S3AFileSystem.innerGetFileStatus(S3AFileSystem.java:3185)
[2024-09-20T02:11:42.560+0000] {ssh.py:524} INFO - 	at org.apache.hadoop.fs.s3a.S3AFileSystem.innerListStatus(S3AFileSystem.java:2845)
[2024-09-20T02:11:42.560+0000] {ssh.py:524} INFO - 	at org.apache.hadoop.fs.s3a.S3AFileSystem.lambda$listStatus$14(S3AFileSystem.java:2812)
[2024-09-20T02:11:42.561+0000] {ssh.py:524} INFO - 	at org.apache.hadoop.fs.s3a.Invoker.once(Invoker.java:115)
[2024-09-20T02:11:42.561+0000] {ssh.py:524} INFO - 	at org.apache.hadoop.fs.s3a.S3AFileSystem.listStatus(S3AFileSystem.java:2810)
[2024-09-20T02:11:42.562+0000] {ssh.py:524} INFO - 	at org.apache.hadoop.mapreduce.lib.output.FileOutputCommitter.mergePaths(FileOutputCommitter.java:488)
[2024-09-20T02:11:42.562+0000] {ssh.py:524} INFO - 	at org.apache.hadoop.mapreduce.lib.output.FileOutputCommitter.commitJobInternal(FileOutputCommitter.java:405)
[2024-09-20T02:11:42.562+0000] {ssh.py:524} INFO - 	at org.apache.hadoop.mapreduce.lib.output.FileOutputCommitter.commitJob(FileOutputCommitter.java:377)
[2024-09-20T02:11:42.563+0000] {ssh.py:524} INFO - 	at org
[2024-09-20T02:11:42.563+0000] {ssh.py:524} INFO - .apache.spark.internal.io.HadoopMapReduceCommitProtocol.commitJob(HadoopMapReduceCommitProtocol.scala:192)
[2024-09-20T02:11:42.564+0000] {ssh.py:524} INFO - 	at org.apache.spark.sql.execution.datasources.FileFormatWriter$.$anonfun$write$25(FileFormatWriter.scala:267)
[2024-09-20T02:11:42.564+0000] {ssh.py:524} INFO - 	at scala.runtime.java8.JFunction0$mcV$sp.apply(JFunction0$mcV$sp.java:23)
[2024-09-20T02:11:42.564+0000] {ssh.py:524} INFO - 	at org.apache.spark.util.Utils$.timeTakenMs(Utils.scala:642)
[2024-09-20T02:11:42.565+0000] {ssh.py:524} INFO - 	at org.apache.spark.sql.execution.datasources.FileFormatWriter$.write(FileFormatWriter.scala:267)
[2024-09-20T02:11:42.565+0000] {ssh.py:524} INFO - 	... 41 more
[2024-09-20T02:11:42.991+0000] {ssh.py:524} INFO - 24/09/20 02:11:42 INFO SparkContext: Invoking stop() from shutdown hook
[2024-09-20T02:11:43.043+0000] {ssh.py:524} INFO - 24/09/20 02:11:43 INFO SparkUI: Stopped Spark web UI at http://spark-master:4042
[2024-09-20T02:11:43.073+0000] {ssh.py:524} INFO - 24/09/20 02:11:43 INFO MapOutputTrackerMasterEndpoint: MapOutputTrackerMasterEndpoint stopped!
[2024-09-20T02:11:43.109+0000] {ssh.py:524} INFO - 24/09/20 02:11:43 INFO MemoryStore: MemoryStore cleared
[2024-09-20T02:11:43.110+0000] {ssh.py:524} INFO - 24/09/20 02:11:43 INFO BlockManager: BlockManager stopped
[2024-09-20T02:11:43.115+0000] {ssh.py:524} INFO - 24/09/20 02:11:43 INFO BlockManagerMaster: BlockManagerMaster stopped
[2024-09-20T02:11:43.118+0000] {ssh.py:524} INFO - 24/09/20 02:11:43 INFO OutputCommitCoordinator$OutputCommitCoordinatorEndpoint: OutputCommitCoordinator stopped!
[2024-09-20T02:11:43.130+0000] {ssh.py:524} INFO - 24/09/20 02:11:43 INFO SparkContext: Successfully stopped SparkContext
[2024-09-20T02:11:43.131+0000] {ssh.py:524} INFO - 24/09/20 02:11:43 INFO ShutdownHookManager: Shutdown hook called
[2024-09-20T02:11:43.132+0000] {ssh.py:524} INFO - 24/09/20 02:11:43 INFO ShutdownHookManager: Deleting directory /tmp/spark-33173277-5823-4d54-b94b-c996b427015c
[2024-09-20T02:11:43.136+0000] {ssh.py:524} INFO - 24/09/20 02:11:43 INFO ShutdownHookManager: Deleting directory /tmp/spark-33173277-5823-4d54-b94b-c996b427015c/pyspark-941fbac3-ba99-43c6-b9b0-97bf0d81cf49
[2024-09-20T02:11:43.137+0000] {ssh.py:524} INFO - 24/09/20 02:11:43 INFO ShutdownHookManager: Deleting directory /tmp/spark-59814563-dc10-4041-921a-b8e4025ad754
[2024-09-20T02:11:43.145+0000] {ssh.py:524} INFO - 24/09/20 02:11:43 INFO MetricsSystemImpl: Stopping s3a-file-system metrics system...
[2024-09-20T02:11:43.145+0000] {ssh.py:524} INFO - 24/09/20 02:11:43 INFO MetricsSystemImpl: s3a-file-system metrics system stopped.
[2024-09-20T02:11:43.146+0000] {ssh.py:524} INFO - 24/09/20 02:11:43 INFO MetricsSystemImpl: s3a-file-system metrics system shutdown complete.
[2024-09-20T02:11:43.293+0000] {taskinstance.py:1937} ERROR - Task failed with exception
Traceback (most recent call last):
  File "/home/airflow/.local/lib/python3.8/site-packages/airflow/providers/ssh/operators/ssh.py", line 178, in execute
    result = self.run_ssh_client_command(ssh_client, self.command, context=context)
  File "/home/airflow/.local/lib/python3.8/site-packages/airflow/providers/ssh/operators/ssh.py", line 166, in run_ssh_client_command
    self.raise_for_status(exit_status, agg_stderr, context=context)
  File "/home/airflow/.local/lib/python3.8/site-packages/airflow/providers/ssh/operators/ssh.py", line 160, in raise_for_status
    raise AirflowException(f"SSH operator error: exit status = {exit_status}")
airflow.exceptions.AirflowException: SSH operator error: exit status = 1
[2024-09-20T02:11:43.296+0000] {taskinstance.py:1400} INFO - Marking task as FAILED. dag_id=raw_ingestion, task_id=spark_stage_processing, execution_date=20240920T003000, start_date=20240920T021129, end_date=20240920T021143
[2024-09-20T02:11:43.314+0000] {standard_task_runner.py:104} ERROR - Failed to execute job 227 for task spark_stage_processing (SSH operator error: exit status = 1; 4816)
[2024-09-20T02:11:43.330+0000] {local_task_job_runner.py:228} INFO - Task exited with return code 1
[2024-09-20T02:11:43.375+0000] {taskinstance.py:2778} INFO - 0 downstream tasks scheduled from follow-on schedule check
