[2024-09-24T01:00:00.912+0000] {taskinstance.py:1159} INFO - Dependencies all met for dep_context=non-requeueable deps ti=<TaskInstance: raw_ingestion_15min.spark_raw_ingestion_empresa scheduled__2024-09-24T00:45:00+00:00 [queued]>
[2024-09-24T01:00:00.922+0000] {taskinstance.py:1159} INFO - Dependencies all met for dep_context=requeueable deps ti=<TaskInstance: raw_ingestion_15min.spark_raw_ingestion_empresa scheduled__2024-09-24T00:45:00+00:00 [queued]>
[2024-09-24T01:00:00.922+0000] {taskinstance.py:1361} INFO - Starting attempt 1 of 1
[2024-09-24T01:00:00.938+0000] {taskinstance.py:1382} INFO - Executing <Task(SSHOperator): spark_raw_ingestion_empresa> on 2024-09-24 00:45:00+00:00
[2024-09-24T01:00:00.943+0000] {standard_task_runner.py:57} INFO - Started process 2928 to run task
[2024-09-24T01:00:00.946+0000] {standard_task_runner.py:84} INFO - Running: ['airflow', 'tasks', 'run', 'raw_ingestion_15min', 'spark_raw_ingestion_empresa', 'scheduled__2024-09-24T00:45:00+00:00', '--job-id', '570', '--raw', '--subdir', 'DAGS_FOLDER/raw_ingestion_15min.py', '--cfg-path', '/tmp/tmp9f3hl18f']
[2024-09-24T01:00:00.947+0000] {standard_task_runner.py:85} INFO - Job 570: Subtask spark_raw_ingestion_empresa
[2024-09-24T01:00:01.079+0000] {task_command.py:416} INFO - Running <TaskInstance: raw_ingestion_15min.spark_raw_ingestion_empresa scheduled__2024-09-24T00:45:00+00:00 [running]> on host airflow-worker
[2024-09-24T01:00:01.294+0000] {taskinstance.py:1662} INFO - Exporting env vars: AIRFLOW_CTX_DAG_OWNER='***' AIRFLOW_CTX_DAG_ID='raw_ingestion_15min' AIRFLOW_CTX_TASK_ID='spark_raw_ingestion_empresa' AIRFLOW_CTX_EXECUTION_DATE='2024-09-24T00:45:00+00:00' AIRFLOW_CTX_TRY_NUMBER='1' AIRFLOW_CTX_DAG_RUN_ID='scheduled__2024-09-24T00:45:00+00:00'
[2024-09-24T01:00:01.295+0000] {ssh.py:141} INFO - Creating ssh_client
[2024-09-24T01:00:01.296+0000] {ssh.py:114} INFO - ssh_hook is not provided or invalid. Trying ssh_conn_id to create SSHHook.
[2024-09-24T01:00:01.322+0000] {base.py:73} INFO - Using connection ID 'spark_ssh_default' for task execution.
[2024-09-24T01:00:01.323+0000] {ssh.py:300} WARNING - No Host Key Verification. This won't protect against Man-In-The-Middle attacks
[2024-09-24T01:00:01.331+0000] {transport.py:1893} INFO - Connected (version 2.0, client OpenSSH_8.9p1)
[2024-09-24T01:00:01.415+0000] {transport.py:1893} INFO - Authentication (password) successful!
[2024-09-24T01:00:01.416+0000] {ssh.py:478} INFO - Running command: export SPARK_HOME=/usr/local/spark; /opt/conda/bin/spark-submit --master local[*] --driver-cores 2 --executor-cores 2 --driver-memory 4G --executor-memory 4G /opt/shared/scripts/raw_ingestion.py 2024-09-24 empresa
[2024-09-24T01:00:04.290+0000] {ssh.py:524} INFO - [DEBUG] dt_now: 2024-09-24
[2024-09-24T01:00:04.291+0000] {ssh.py:524} INFO - [DEBUG] endpoint: empresa
[2024-09-24T01:00:04.367+0000] {ssh.py:524} INFO - 24/09/24 01:00:04 INFO SparkContext: Running Spark version 3.3.1
[2024-09-24T01:00:04.396+0000] {ssh.py:524} INFO - 24/09/24 01:00:04 WARN NativeCodeLoader: Unable to load native-hadoop library for your platform... using builtin-java classes where applicable
[2024-09-24T01:00:04.492+0000] {ssh.py:524} INFO - 24/09/24 01:00:04 INFO ResourceUtils: ==============================================================
[2024-09-24T01:00:04.493+0000] {ssh.py:524} INFO - 24/09/24 01:00:04 INFO ResourceUtils: No custom resources configured for spark.driver.
[2024-09-24T01:00:04.494+0000] {ssh.py:524} INFO - 24/09/24 01:00:04 INFO ResourceUtils: ==============================================================
[2024-09-24T01:00:04.494+0000] {ssh.py:524} INFO - 24/09/24 01:00:04 INFO SparkContext: Submitted application: raw_ingestion_empresa
[2024-09-24T01:00:04.518+0000] {ssh.py:524} INFO - 24/09/24 01:00:04 INFO ResourceProfile: Default ResourceProfile created, executor resources: Map(cores -> name: cores, amount: 1, script: , vendor: , memory -> name: memory, amount: 1024, script: , vendor: , offHeap -> name: offHeap, amount: 0, script: , vendor: ), task resources: Map(cpus -> name: cpus, amount: 1.0)
[2024-09-24T01:00:04.527+0000] {ssh.py:524} INFO - 24/09/24 01:00:04 INFO ResourceProfile: Limiting resource is cpu
[2024-09-24T01:00:04.528+0000] {ssh.py:524} INFO - 24/09/24 01:00:04 INFO ResourceProfileManager: Added ResourceProfile id: 0
[2024-09-24T01:00:04.570+0000] {ssh.py:524} INFO - 24/09/24 01:00:04 INFO SecurityManager: Changing view acls to: root
[2024-09-24T01:00:04.570+0000] {ssh.py:524} INFO - 24/09/24 01:00:04 INFO SecurityManager: Changing modify acls to: root
[2024-09-24T01:00:04.571+0000] {ssh.py:524} INFO - 24/09/24 01:00:04 INFO SecurityManager: Changing view acls groups to: 
[2024-09-24T01:00:04.571+0000] {ssh.py:524} INFO - 24/09/24 01:00:04 INFO SecurityManager: Changing modify acls groups to: 
[2024-09-24T01:00:04.572+0000] {ssh.py:524} INFO - 24/09/24 01:00:04 INFO SecurityManager: SecurityManager: authentication disabled; ui acls disabled; users  with view permissions: Set(root); groups with view permissions: Set(); users  with modify permissions: Set(root); groups with modify permissions: Set()
[2024-09-24T01:00:04.876+0000] {ssh.py:524} INFO - 24/09/24 01:00:04 INFO Utils: Successfully started service 'sparkDriver' on port 35165.
[2024-09-24T01:00:04.919+0000] {ssh.py:524} INFO - 24/09/24 01:00:04 INFO SparkEnv: Registering MapOutputTracker
[2024-09-24T01:00:04.961+0000] {ssh.py:524} INFO - 24/09/24 01:00:04 INFO SparkEnv: Registering BlockManagerMaster
[2024-09-24T01:00:04.978+0000] {ssh.py:524} INFO - 24/09/24 01:00:04 INFO BlockManagerMasterEndpoint: Using org.apache.spark.storage.DefaultTopologyMapper for getting topology information
[2024-09-24T01:00:04.979+0000] {ssh.py:524} INFO - 24/09/24 01:00:04 INFO BlockManagerMasterEndpoint: BlockManagerMasterEndpoint up
[2024-09-24T01:00:04.983+0000] {ssh.py:524} INFO - 24/09/24 01:00:04 INFO SparkEnv: Registering BlockManagerMasterHeartbeat
[2024-09-24T01:00:05.011+0000] {ssh.py:524} INFO - 24/09/24 01:00:05 INFO DiskBlockManager: Created local directory at /tmp/blockmgr-dde751cc-16c0-4d60-9408-1470ebf500ff
[2024-09-24T01:00:05.029+0000] {ssh.py:524} INFO - 24/09/24 01:00:05 INFO MemoryStore: MemoryStore started with capacity 2.2 GiB
[2024-09-24T01:00:05.047+0000] {ssh.py:524} INFO - 24/09/24 01:00:05 INFO SparkEnv: Registering OutputCommitCoordinator
[2024-09-24T01:00:05.264+0000] {ssh.py:524} INFO - 24/09/24 01:00:05 WARN Utils: Service 'SparkUI' could not bind on port 4040. Attempting port 4041.
[2024-09-24T01:00:05.268+0000] {ssh.py:524} INFO - 24/09/24 01:00:05 WARN Utils: Service 'SparkUI' could not bind on port 4041. Attempting port 4042.
[2024-09-24T01:00:05.269+0000] {ssh.py:524} INFO - 24/09/24 01:00:05 WARN Utils: Service 'SparkUI' could not bind on port 4042. Attempting port 4043.
[2024-09-24T01:00:05.283+0000] {ssh.py:524} INFO - 24/09/24 01:00:05 INFO Utils: Successfully started service 'SparkUI' on port 4043.
[2024-09-24T01:00:05.450+0000] {ssh.py:524} INFO - 24/09/24 01:00:05 INFO Executor: Starting executor ID driver on host spark-master
[2024-09-24T01:00:05.458+0000] {ssh.py:524} INFO - 24/09/24 01:00:05 INFO Executor: Starting executor with user classpath (userClassPathFirst = false): ''
[2024-09-24T01:00:05.479+0000] {ssh.py:524} INFO - 24/09/24 01:00:05 INFO Utils: Successfully started service 'org.apache.spark.network.netty.NettyBlockTransferService' on port 46621.
[2024-09-24T01:00:05.480+0000] {ssh.py:524} INFO - 24/09/24 01:00:05 INFO NettyBlockTransferService: Server created on spark-master:46621
[2024-09-24T01:00:05.481+0000] {ssh.py:524} INFO - 24/09/24 01:00:05 INFO BlockManager: Using org.apache.spark.storage.RandomBlockReplicationPolicy for block replication policy
[2024-09-24T01:00:05.485+0000] {ssh.py:524} INFO - 24/09/24 01:00:05 INFO BlockManagerMaster: Registering BlockManager BlockManagerId(driver, spark-master, 46621, None)
[2024-09-24T01:00:05.490+0000] {ssh.py:524} INFO - 24/09/24 01:00:05 INFO BlockManagerMasterEndpoint: Registering block manager spark-master:46621 with 2.2 GiB RAM, BlockManagerId(driver, spark-master, 46621, None)
[2024-09-24T01:00:05.492+0000] {ssh.py:524} INFO - 24/09/24 01:00:05 INFO BlockManagerMaster: Registered BlockManager BlockManagerId(driver, spark-master, 46621, None)
[2024-09-24T01:00:05.493+0000] {ssh.py:524} INFO - 24/09/24 01:00:05 INFO BlockManager: Initialized BlockManager: BlockManagerId(driver, spark-master, 46621, None)
[2024-09-24T01:00:06.503+0000] {ssh.py:524} INFO - 24/09/24 01:00:06 INFO SharedState: Setting hive.metastore.warehouse.dir ('null') to the value of spark.sql.warehouse.dir.
[2024-09-24T01:00:06.509+0000] {ssh.py:524} INFO - 24/09/24 01:00:06 INFO SharedState: Warehouse path is 'file:/root/spark-warehouse'.
[2024-09-24T01:00:08.668+0000] {ssh.py:524} INFO - 24/09/24 01:00:08 WARN MetricsConfig: Cannot locate configuration: tried hadoop-metrics2-s3a-file-system.properties,hadoop-metrics2.properties
[2024-09-24T01:00:08.680+0000] {ssh.py:524} INFO - 24/09/24 01:00:08 INFO MetricsSystemImpl: Scheduled Metric snapshot period at 10 second(s).
[2024-09-24T01:00:08.680+0000] {ssh.py:524} INFO - 24/09/24 01:00:08 INFO MetricsSystemImpl: s3a-file-system metrics system started
[2024-09-24T01:00:09.774+0000] {ssh.py:524} INFO - 24/09/24 01:00:09 WARN AbstractS3ACommitterFactory: Using standard FileOutputCommitter to commit work. This is slow and potentially unsafe.
[2024-09-24T01:00:09.775+0000] {ssh.py:524} INFO - 24/09/24 01:00:09 INFO FileOutputCommitter: File Output Committer Algorithm version is 1
[2024-09-24T01:00:09.776+0000] {ssh.py:524} INFO - 24/09/24 01:00:09 INFO FileOutputCommitter: FileOutputCommitter skip cleanup _temporary folders under output directory:false, ignore cleanup failures: false
[2024-09-24T01:00:09.778+0000] {ssh.py:524} INFO - 24/09/24 01:00:09 INFO AbstractS3ACommitterFactory: Using Committer FileOutputCommitter{PathOutputCommitter{context=TaskAttemptContextImpl{JobContextImpl{jobId=job_20240924010009707766003280609405_0000}; taskId=attempt_20240924010009707766003280609405_0000_m_000000_0, status=''}; org.apache.hadoop.mapreduce.lib.output.FileOutputCommitter@1bd0c8c3}; outputPath=s3a://raw/olhovivo/empresa/dt=2024-09-24, workPath=s3a://raw/olhovivo/empresa/dt=2024-09-24/_temporary/0/_temporary/attempt_20240924010009707766003280609405_0000_m_000000_0, algorithmVersion=1, skipCleanup=false, ignoreCleanupFailures=false} for s3a://raw/olhovivo/empresa/dt=2024-09-24
[2024-09-24T01:00:09.779+0000] {ssh.py:524} INFO - 24/09/24 01:00:09 INFO SQLHadoopMapReduceCommitProtocol: Using output committer class org.apache.hadoop.mapreduce.lib.output.FileOutputCommitter
[2024-09-24T01:00:10.221+0000] {ssh.py:524} INFO - 24/09/24 01:00:10 INFO CodeGenerator: Code generated in 149.965917 ms
[2024-09-24T01:00:10.324+0000] {ssh.py:524} INFO - 24/09/24 01:00:10 INFO SparkContext: Starting job: save at NativeMethodAccessorImpl.java:0
[2024-09-24T01:00:10.339+0000] {ssh.py:524} INFO - 24/09/24 01:00:10 INFO DAGScheduler: Got job 0 (save at NativeMethodAccessorImpl.java:0) with 12 output partitions
[2024-09-24T01:00:10.340+0000] {ssh.py:524} INFO - 24/09/24 01:00:10 INFO DAGScheduler: Final stage: ResultStage 0 (save at NativeMethodAccessorImpl.java:0)
[2024-09-24T01:00:10.341+0000] {ssh.py:524} INFO - 24/09/24 01:00:10 INFO DAGScheduler: Parents of final stage: List()
[2024-09-24T01:00:10.341+0000] {ssh.py:524} INFO - 24/09/24 01:00:10 INFO DAGScheduler: Missing parents: List()
[2024-09-24T01:00:10.345+0000] {ssh.py:524} INFO - 24/09/24 01:00:10 INFO DAGScheduler: Submitting ResultStage 0 (MapPartitionsRDD[5] at save at NativeMethodAccessorImpl.java:0), which has no missing parents
[2024-09-24T01:00:10.431+0000] {ssh.py:524} INFO - 24/09/24 01:00:10 INFO MemoryStore: Block broadcast_0 stored as values in memory (estimated size 223.9 KiB, free 2.2 GiB)
[2024-09-24T01:00:10.458+0000] {ssh.py:524} INFO - 24/09/24 01:00:10 INFO MemoryStore: Block broadcast_0_piece0 stored as bytes in memory (estimated size 81.3 KiB, free 2.2 GiB)
[2024-09-24T01:00:10.462+0000] {ssh.py:524} INFO - 24/09/24 01:00:10 INFO BlockManagerInfo: Added broadcast_0_piece0 in memory on spark-master:46621 (size: 81.3 KiB, free: 2.2 GiB)
[2024-09-24T01:00:10.466+0000] {ssh.py:524} INFO - 24/09/24 01:00:10 INFO SparkContext: Created broadcast 0 from broadcast at DAGScheduler.scala:1513
[2024-09-24T01:00:10.482+0000] {ssh.py:524} INFO - 24/09/24 01:00:10 INFO DAGScheduler: Submitting 12 missing tasks from ResultStage 0 (MapPartitionsRDD[5] at save at NativeMethodAccessorImpl.java:0) (first 15 tasks are for partitions Vector(0, 1, 2, 3, 4, 5, 6, 7, 8, 9, 10, 11))
[2024-09-24T01:00:10.483+0000] {ssh.py:524} INFO - 24/09/24 01:00:10 INFO TaskSchedulerImpl: Adding task set 0.0 with 12 tasks resource profile 0
[2024-09-24T01:00:10.544+0000] {ssh.py:524} INFO - 24/09/24 01:00:10 INFO TaskSetManager: Starting task 0.0 in stage 0.0 (TID 0) (spark-master, executor driver, partition 0, PROCESS_LOCAL, 4433 bytes) taskResourceAssignments Map()
[2024-09-24T01:00:10.557+0000] {ssh.py:524} INFO - 24/09/24 01:00:10 INFO TaskSetManager: Starting task 1.0 in stage 0.0 (TID 1) (spark-master, executor driver, partition 1, PROCESS_LOCAL, 4433 bytes) taskResourceAssignments Map()
[2024-09-24T01:00:10.558+0000] {ssh.py:524} INFO - 24/09/24 01:00:10 INFO TaskSetManager: Starting task 2.0 in stage 0.0 (TID 2) (spark-master, executor driver, partition 2, PROCESS_LOCAL, 4433 bytes) taskResourceAssignments Map()
[2024-09-24T01:00:10.559+0000] {ssh.py:524} INFO - 24/09/24 01:00:10 INFO TaskSetManager: Starting task 3.0 in stage 0.0 (TID 3) (spark-master, executor driver, partition 3, PROCESS_LOCAL, 4433 bytes) taskResourceAssignments Map()
[2024-09-24T01:00:10.559+0000] {ssh.py:524} INFO - 24/09/24 01:00:10 INFO TaskSetManager: Starting task 4.0 in stage 0.0 (TID 4) (spark-master, executor driver, partition 4, PROCESS_LOCAL, 4433 bytes) taskResourceAssignments Map()
[2024-09-24T01:00:10.560+0000] {ssh.py:524} INFO - 24/09/24 01:00:10 INFO TaskSetManager: Starting task 5.0 in stage 0.0 (TID 5) (spark-master, executor driver, partition 5, PROCESS_LOCAL, 4433 bytes) taskResourceAssignments Map()
[2024-09-24T01:00:10.561+0000] {ssh.py:524} INFO - 24/09/24 01:00:10 INFO TaskSetManager: Starting task 6.0 in stage 0.0 (TID 6) (spark-master, executor driver, partition 6, PROCESS_LOCAL, 4433 bytes) taskResourceAssignments Map()
[2024-09-24T01:00:10.562+0000] {ssh.py:524} INFO - 24/09/24 01:00:10 INFO TaskSetManager: Starting task 7.0 in stage 0.0 (TID 7) (spark-master, executor driver, partition 7, PROCESS_LOCAL, 4433 bytes) taskResourceAssignments Map()
[2024-09-24T01:00:10.569+0000] {ssh.py:524} INFO - 24/09/24 01:00:10 INFO TaskSetManager: Starting task 8.0 in stage 0.0 (TID 8) (spark-master, executor driver, partition 8, PROCESS_LOCAL, 4433 bytes) taskResourceAssignments Map()
[2024-09-24T01:00:10.573+0000] {ssh.py:524} INFO - 24/09/24 01:00:10 INFO TaskSetManager: Starting task 9.0 in stage 0.0 (TID 9) (spark-master, executor driver, partition 9, PROCESS_LOCAL, 4433 bytes) taskResourceAssignments Map()
[2024-09-24T01:00:10.574+0000] {ssh.py:524} INFO - 24/09/24 01:00:10 INFO TaskSetManager: Starting task 10.0 in stage 0.0 (TID 10) (spark-master, executor driver, partition 10, PROCESS_LOCAL, 4433 bytes) taskResourceAssignments Map()
[2024-09-24T01:00:10.575+0000] {ssh.py:524} INFO - 24/09/24 01:00:10 INFO TaskSetManager: Starting task 11.0 in stage 0.0 (TID 11) (spark-master, executor driver, partition 11, PROCESS_LOCAL, 5155 bytes) taskResourceAssignments Map()
[2024-09-24T01:00:10.590+0000] {ssh.py:524} INFO - 24/09/24 01:00:10 INFO Executor: Running task 0.0 in stage 0.0 (TID 0)
[2024-09-24T01:00:10.592+0000] {ssh.py:524} INFO - 24/09/24 01:00:10 INFO Executor: Running task 2.0 in stage 0.0 (TID 2)
[2024-09-24T01:00:10.594+0000] {ssh.py:524} INFO - 24/09/24 01:00:10 INFO Executor: Running task 1.0 in stage 0.0 (TID 1)
[2024-09-24T01:00:10.599+0000] {ssh.py:524} INFO - 24/09/24 01:00:10 INFO Executor: Running task 3.0 in stage 0.0 (TID 3)
[2024-09-24T01:00:10.601+0000] {ssh.py:524} INFO - 24/09/24 01:00:10 INFO Executor: Running task 4.0 in stage 0.0 (TID 4)
[2024-09-24T01:00:10.602+0000] {ssh.py:524} INFO - 24/09/24 01:00:10 INFO Executor: Running task 5.0 in stage 0.0 (TID 5)
[2024-09-24T01:00:10.606+0000] {ssh.py:524} INFO - 24/09/24 01:00:10 INFO Executor: Running task 6.0 in stage 0.0 (TID 6)
[2024-09-24T01:00:10.614+0000] {ssh.py:524} INFO - 24/09/24 01:00:10 INFO Executor: Running task 7.0 in stage 0.0 (TID 7)
[2024-09-24T01:00:10.615+0000] {ssh.py:524} INFO - 24/09/24 01:00:10 INFO Executor: Running task 8.0 in stage 0.0 (TID 8)
[2024-09-24T01:00:10.618+0000] {ssh.py:524} INFO - 24/09/24 01:00:10 INFO Executor: Running task 9.0 in stage 0.0 (TID 9)
[2024-09-24T01:00:10.634+0000] {ssh.py:524} INFO - 24/09/24 01:00:10 INFO Executor: Running task 10.0 in stage 0.0 (TID 10)
[2024-09-24T01:00:10.687+0000] {ssh.py:524} INFO - 24/09/24 01:00:10 INFO Executor: Running task 11.0 in stage 0.0 (TID 11)
[2024-09-24T01:00:11.424+0000] {ssh.py:524} INFO - 24/09/24 01:00:11 WARN AbstractS3ACommitterFactory: Using standard FileOutputCommitter to commit work. This is slow and potentially unsafe.
[2024-09-24T01:00:11.424+0000] {ssh.py:524} INFO - 24/09/24 01:00:11 INFO FileOutputCommitter: File Output Committer Algorithm version is 1
[2024-09-24T01:00:11.425+0000] {ssh.py:524} INFO - 24/09/24 01:00:11 INFO FileOutputCommitter: FileOutputCommitter skip cleanup _temporary folders under output directory:false, ignore cleanup failures: false
[2024-09-24T01:00:11.426+0000] {ssh.py:524} INFO - 24/09/24 01:00:11 INFO AbstractS3ACommitterFactory: Using Committer FileOutputCommitter{PathOutputCommitter{context=TaskAttemptContextImpl{JobContextImpl{jobId=job_202409240100106054705733596626640_0000}; taskId=attempt_202409240100106054705733596626640_0000_m_000011_11, status=''}; org.apache.hadoop.mapreduce.lib.output.FileOutputCommitter@18a383d}; outputPath=s3a://raw/olhovivo/empresa/dt=2024-09-24, workPath=s3a://raw/olhovivo/empresa/dt=2024-09-24/_temporary/0/_temporary/attempt_202409240100106054705733596626640_0000_m_000011_11, algorithmVersion=1, skipCleanup=false, ignoreCleanupFailures=false} for s3a://raw/olhovivo/empresa/dt=2024-09-24
[2024-09-24T01:00:11.426+0000] {ssh.py:524} INFO - 24/09/24 01:00:11 INFO SQLHadoopMapReduceCommitProtocol: Using output committer class org.apache.hadoop.mapreduce.lib.output.FileOutputCommitter
[2024-09-24T01:00:11.427+0000] {ssh.py:524} INFO - 24/09/24 01:00:11 WARN AbstractS3ACommitterFactory: Using standard FileOutputCommitter to commit work. This is slow and potentially unsafe.
[2024-09-24T01:00:11.428+0000] {ssh.py:524} INFO - 24/09/24 01:00:11 INFO FileOutputCommitter: File Output Committer Algorithm version is 1
[2024-09-24T01:00:11.428+0000] {ssh.py:524} INFO - 24/09/24 01:00:11 INFO FileOutputCommitter: FileOutputCommitter skip cleanup _temporary folders under output directory:false, ignore cleanup failures: false
[2024-09-24T01:00:11.429+0000] {ssh.py:524} INFO - 24/09/24 01:00:11 INFO AbstractS3ACommitterFactory: Using Committer FileOutputCommitter{PathOutputCommitter{context=TaskAttemptContextImpl{JobContextImpl{jobId=job_20240924010010321139996553660635_0000}; taskId=attempt_20240924010010321139996553660635_0000_m_000006_6, status=''}; org.apache.hadoop.mapreduce.lib.output.FileOutputCommitter@6517569c}; outputPath=s3a://raw/olhovivo/empresa/dt=2024-09-24, workPath=s3a://raw/olhovivo/empresa/dt=2024-09-24/_temporary/0/_temporary/attempt_20240924010010321139996553660635_0000_m_000006_6, algorithmVersion=1, skipCleanup=false, ignoreCleanupFailures=false} for s3a://raw/olhovivo/empresa/dt=2024-09-24
[2024-09-24T01:00:11.429+0000] {ssh.py:524} INFO - 24/09/24 01:00:11 INFO SQLHadoopMapReduceCommitProtocol: Using output committer class org.apache.hadoop.mapreduce.lib.output.FileOutputCommitter
[2024-09-24T01:00:11.445+0000] {ssh.py:524} INFO - 24/09/24 01:00:11 WARN AbstractS3ACommitterFactory: Using standard FileOutputCommitter to commit work. This is slow and potentially unsafe.
[2024-09-24T01:00:11.446+0000] {ssh.py:524} INFO - 24/09/24 01:00:11 INFO FileOutputCommitter: File Output Committer Algorithm version is 1
[2024-09-24T01:00:11.446+0000] {ssh.py:524} INFO - 24/09/24 01:00:11 INFO FileOutputCommitter: FileOutputCommitter skip cleanup _temporary folders under output directory:false, ignore cleanup failures: false
[2024-09-24T01:00:11.446+0000] {ssh.py:524} INFO - 24/09/24 01:00:11 INFO AbstractS3ACommitterFactory: Using Committer FileOutputCommitter{PathOutputCommitter{context=TaskAttemptContextImpl{JobContextImpl{jobId=job_202409240100102366408774212232760_0000}; taskId=attempt_202409240100102366408774212232760_0000_m_000008_8, status=''}; org.apache.hadoop.mapreduce.lib.output.FileOutputCommitter@51f4833e}; outputPath=s3a://raw/olhovivo/empresa/dt=2024-09-24, workPath=s3a://raw/olhovivo/empresa/dt=2024-09-24/_temporary/0/_temporary/attempt_202409240100102366408774212232760_0000_m_000008_8, algorithmVersion=1, skipCleanup=false, ignoreCleanupFailures=false} for s3a://raw/olhovivo/empresa/dt=2024-09-24
[2024-09-24T01:00:11.447+0000] {ssh.py:524} INFO - 24/09/24 01:00:11 INFO SQLHadoopMapReduceCommitProtocol: Using output committer class org.apache.hadoop.mapreduce.lib.output.FileOutputCommitter
[2024-09-24T01:00:11.463+0000] {ssh.py:524} INFO - 24/09/24 01:00:11 WARN AbstractS3ACommitterFactory: Using standard FileOutputCommitter to commit work. This is slow and potentially unsafe.
[2024-09-24T01:00:11.463+0000] {ssh.py:524} INFO - 24/09/24 01:00:11 INFO FileOutputCommitter: File Output Committer Algorithm version is 1
[2024-09-24T01:00:11.464+0000] {ssh.py:524} INFO - 24/09/24 01:00:11 INFO FileOutputCommitter: FileOutputCommitter skip cleanup _temporary folders under output directory:false, ignore cleanup failures: false
[2024-09-24T01:00:11.464+0000] {ssh.py:524} INFO - 24/09/24 01:00:11 INFO AbstractS3ACommitterFactory: Using Committer FileOutputCommitter{PathOutputCommitter{context=TaskAttemptContextImpl{JobContextImpl{jobId=job_202409240100106052482152379887695_0000}; taskId=attempt_202409240100106052482152379887695_0000_m_000003_3, status=''}; org.apache.hadoop.mapreduce.lib.output.FileOutputCommitter@142e8d07}; outputPath=s3a://raw/olhovivo/empresa/dt=2024-09-24, workPath=s3a://raw/olhovivo/empresa/dt=2024-09-24/_temporary/0/_temporary/attempt_202409240100106052482152379887695_0000_m_000003_3, algorithmVersion=1, skipCleanup=false, ignoreCleanupFailures=false} for s3a://raw/olhovivo/empresa/dt=2024-09-24
[2024-09-24T01:00:11.464+0000] {ssh.py:524} INFO - 24/09/24 01:00:11 INFO SQLHadoopMapReduceCommitProtocol: Using output committer class org.apache.hadoop.mapreduce.lib.output.FileOutputCommitter
[2024-09-24T01:00:11.515+0000] {ssh.py:524} INFO - 24/09/24 01:00:11 WARN AbstractS3ACommitterFactory: Using standard FileOutputCommitter to commit work. This is slow and potentially unsafe.
[2024-09-24T01:00:11.516+0000] {ssh.py:524} INFO - 24/09/24 01:00:11 INFO FileOutputCommitter: File Output Committer Algorithm version is 1
[2024-09-24T01:00:11.516+0000] {ssh.py:524} INFO - 24/09/24 01:00:11 INFO FileOutputCommitter: FileOutputCommitter skip cleanup _temporary folders under output directory:false, ignore cleanup failures: false
[2024-09-24T01:00:11.517+0000] {ssh.py:524} INFO - 24/09/24 01:00:11 INFO AbstractS3ACommitterFactory: Using Committer FileOutputCommitter{PathOutputCommitter{context=TaskAttemptContextImpl{JobContextImpl{jobId=job_202409240100102587727883939977246_0000}; taskId=attempt_202409240100102587727883939977246_0000_m_000000_0, status=''}; org.apache.hadoop.mapreduce.lib.output.FileOutputCommitter@7307ce4e}; outputPath=s3a://raw/olhovivo/empresa/dt=2024-09-24, workPath=s3a://raw/olhovivo/empresa/dt=2024-09-24/_temporary/0/_temporary/attempt_202409240100102587727883939977246_0000_m_000000_0, algorithmVersion=1, skipCleanup=false, ignoreCleanupFailures=false} for s3a://raw/olhovivo/empresa/dt=2024-09-24
[2024-09-24T01:00:11.517+0000] {ssh.py:524} INFO - 24/09/24 01:00:11 INFO SQLHadoopMapReduceCommitProtocol: Using output committer class org.apache.hadoop.mapreduce.lib.output.FileOutputCommitter
[2024-09-24T01:00:11.529+0000] {ssh.py:524} INFO - 24/09/24 01:00:11 INFO PythonRunner: Times: total = 677, boot = 545, init = 131, finish = 1
[2024-09-24T01:00:11.538+0000] {ssh.py:524} INFO - 24/09/24 01:00:11 INFO PythonRunner: Times: total = 691, boot = 550, init = 141, finish = 0
[2024-09-24T01:00:11.549+0000] {ssh.py:524} INFO - 24/09/24 01:00:11 WARN AbstractS3ACommitterFactory: Using standard FileOutputCommitter to commit work. This is slow and potentially unsafe.
[2024-09-24T01:00:11.550+0000] {ssh.py:524} INFO - 24/09/24 01:00:11 INFO FileOutputCommitter: File Output Committer Algorithm version is 1
[2024-09-24T01:00:11.553+0000] {ssh.py:524} INFO - 24/09/24 01:00:11 INFO FileOutputCommitter: FileOutputCommitter skip cleanup _temporary folders under output directory:false, ignore cleanup failures: false
[2024-09-24T01:00:11.554+0000] {ssh.py:524} INFO - 24/09/24 01:00:11 INFO AbstractS3ACommitterFactory: Using Committer FileOutputCommitter{PathOutputCommitter{context=TaskAttemptContextImpl{JobContextImpl{jobId=job_202409240100105372228796668716357_0000}; taskId=attempt_202409240100105372228796668716357_0000_m_000009_9, status=''}; org.apache.hadoop.mapreduce.lib.output.FileOutputCommitter@58c0745f}; outputPath=s3a://raw/olhovivo/empresa/dt=2024-09-24, workPath=s3a://raw/olhovivo/empresa/dt=2024-09-24/_temporary/0/_temporary/attempt_202409240100105372228796668716357_0000_m_000009_9, algorithmVersion=1, skipCleanup=false, ignoreCleanupFailures=false} for s3a://raw/olhovivo/empresa/dt=2024-09-24
[2024-09-24T01:00:11.554+0000] {ssh.py:524} INFO - 24/09/24 01:00:11 INFO SQLHadoopMapReduceCommitProtocol: Using output committer class org.apache.hadoop.mapreduce.lib.output.FileOutputCommitter
[2024-09-24T01:00:11.563+0000] {ssh.py:524} INFO - 24/09/24 01:00:11 INFO SparkHadoopMapRedUtil: No need to commit output of task because needsTaskCommit=false: attempt_20240924010010321139996553660635_0000_m_000006_6
[2024-09-24T01:00:11.568+0000] {ssh.py:524} INFO - 24/09/24 01:00:11 INFO PythonRunner: Times: total = 716, boot = 564, init = 152, finish = 0
[2024-09-24T01:00:11.571+0000] {ssh.py:524} INFO - 24/09/24 01:00:11 INFO SparkHadoopMapRedUtil: No need to commit output of task because needsTaskCommit=false: attempt_202409240100106052482152379887695_0000_m_000003_3
[2024-09-24T01:00:11.576+0000] {ssh.py:524} INFO - 24/09/24 01:00:11 WARN AbstractS3ACommitterFactory: Using standard FileOutputCommitter to commit work. This is slow and potentially unsafe.
[2024-09-24T01:00:11.576+0000] {ssh.py:524} INFO - 24/09/24 01:00:11 INFO FileOutputCommitter: File Output Committer Algorithm version is 1
[2024-09-24T01:00:11.577+0000] {ssh.py:524} INFO - 24/09/24 01:00:11 INFO FileOutputCommitter: FileOutputCommitter skip cleanup _temporary folders under output directory:false, ignore cleanup failures: false
[2024-09-24T01:00:11.577+0000] {ssh.py:524} INFO - 24/09/24 01:00:11 INFO PythonRunner: Times: total = 727, boot = 614, init = 113, finish = 0
[2024-09-24T01:00:11.580+0000] {ssh.py:524} INFO - 24/09/24 01:00:11 INFO SparkHadoopMapRedUtil: No need to commit output of task because needsTaskCommit=false: attempt_202409240100102366408774212232760_0000_m_000008_8
[2024-09-24T01:00:11.581+0000] {ssh.py:524} INFO - 24/09/24 01:00:11 INFO AbstractS3ACommitterFactory: Using Committer FileOutputCommitter{PathOutputCommitter{context=TaskAttemptContextImpl{JobContextImpl{jobId=job_20240924010010621667477405858268_0000}; taskId=attempt_20240924010010621667477405858268_0000_m_000005_5, status=''}; org.apache.hadoop.mapreduce.lib.output.FileOutputCommitter@57a1941e}; outputPath=s3a://raw/olhovivo/empresa/dt=2024-09-24, workPath=s3a://raw/olhovivo/empresa/dt=2024-09-24/_temporary/0/_temporary/attempt_20240924010010621667477405858268_0000_m_000005_5, algorithmVersion=1, skipCleanup=false, ignoreCleanupFailures=false} for s3a://raw/olhovivo/empresa/dt=2024-09-24
[2024-09-24T01:00:11.581+0000] {ssh.py:524} INFO - 24/09/24 01:00:11 INFO SQLHadoopMapReduceCommitProtocol: Using output committer class org.apache.hadoop.mapreduce.lib.output.FileOutputCommitter
[2024-09-24T01:00:11.596+0000] {ssh.py:524} INFO - 24/09/24 01:00:11 INFO SparkHadoopMapRedUtil: No need to commit output of task because needsTaskCommit=false: attempt_202409240100105372228796668716357_0000_m_000009_9
[2024-09-24T01:00:11.627+0000] {ssh.py:524} INFO - 24/09/24 01:00:11 INFO Executor: Finished task 6.0 in stage 0.0 (TID 6). 2828 bytes result sent to driver
[2024-09-24T01:00:11.628+0000] {ssh.py:524} INFO - 24/09/24 01:00:11 INFO Executor: Finished task 3.0 in stage 0.0 (TID 3). 2871 bytes result sent to driver
[2024-09-24T01:00:11.629+0000] {ssh.py:524} INFO - 24/09/24 01:00:11 INFO Executor: Finished task 9.0 in stage 0.0 (TID 9). 2828 bytes result sent to driver
[2024-09-24T01:00:11.637+0000] {ssh.py:524} INFO - 24/09/24 01:00:11 WARN AbstractS3ACommitterFactory: Using standard FileOutputCommitter to commit work. This is slow and potentially unsafe.
[2024-09-24T01:00:11.637+0000] {ssh.py:524} INFO - 24/09/24 01:00:11 INFO FileOutputCommitter: File Output Committer Algorithm version is 1
[2024-09-24T01:00:11.638+0000] {ssh.py:524} INFO - 24/09/24 01:00:11 INFO FileOutputCommitter: FileOutputCommitter skip cleanup _temporary folders under output directory:false, ignore cleanup failures: false
[2024-09-24T01:00:11.638+0000] {ssh.py:524} INFO - 24/09/24 01:00:11 INFO AbstractS3ACommitterFactory: Using Committer FileOutputCommitter{PathOutputCommitter{context=TaskAttemptContextImpl{JobContextImpl{jobId=job_202409240100101809083695358568571_0000}; taskId=attempt_202409240100101809083695358568571_0000_m_000001_1, status=''}; org.apache.hadoop.mapreduce.lib.output.FileOutputCommitter@6af43446}; outputPath=s3a://raw/olhovivo/empresa/dt=2024-09-24, workPath=s3a://raw/olhovivo/empresa/dt=2024-09-24/_temporary/0/_temporary/attempt_202409240100101809083695358568571_0000_m_000001_1, algorithmVersion=1, skipCleanup=false, ignoreCleanupFailures=false} for s3a://raw/olhovivo/empresa/dt=2024-09-24
[2024-09-24T01:00:11.639+0000] {ssh.py:524} INFO - 24/09/24 01:00:11 INFO SQLHadoopMapReduceCommitProtocol: Using output committer class org.apache.hadoop.mapreduce.lib.output.FileOutputCommitter
[2024-09-24T01:00:11.639+0000] {ssh.py:524} INFO - 24/09/24 01:00:11 INFO Executor: Finished task 8.0 in stage 0.0 (TID 8). 2871 bytes result sent to driver
[2024-09-24T01:00:11.642+0000] {ssh.py:524} INFO - 24/09/24 01:00:11 WARN AbstractS3ACommitterFactory: Using standard FileOutputCommitter to commit work. This is slow and potentially unsafe.
[2024-09-24T01:00:11.643+0000] {ssh.py:524} INFO - 24/09/24 01:00:11 INFO FileOutputCommitter: File Output Committer Algorithm version is 1
[2024-09-24T01:00:11.643+0000] {ssh.py:524} INFO - 24/09/24 01:00:11 INFO FileOutputCommitter: FileOutputCommitter skip cleanup _temporary folders under output directory:false, ignore cleanup failures: false
[2024-09-24T01:00:11.644+0000] {ssh.py:524} INFO - 24/09/24 01:00:11 INFO AbstractS3ACommitterFactory: Using Committer FileOutputCommitter{PathOutputCommitter{context=TaskAttemptContextImpl{JobContextImpl{jobId=job_202409240100102163896966644584518_0000}; taskId=attempt_202409240100102163896966644584518_0000_m_000010_10, status=''}; org.apache.hadoop.mapreduce.lib.output.FileOutputCommitter@5f0ed0bb}; outputPath=s3a://raw/olhovivo/empresa/dt=2024-09-24, workPath=s3a://raw/olhovivo/empresa/dt=2024-09-24/_temporary/0/_temporary/attempt_202409240100102163896966644584518_0000_m_000010_10, algorithmVersion=1, skipCleanup=false, ignoreCleanupFailures=false} for s3a://raw/olhovivo/empresa/dt=2024-09-24
[2024-09-24T01:00:11.644+0000] {ssh.py:524} INFO - 24/09/24 01:00:11 INFO SQLHadoopMapReduceCommitProtocol: Using output committer class org.apache.hadoop.mapreduce.lib.output.FileOutputCommitter
[2024-09-24T01:00:11.647+0000] {ssh.py:524} INFO - 24/09/24 01:00:11 WARN AbstractS3ACommitterFactory: Using standard FileOutputCommitter to commit work. This is slow and potentially unsafe.
[2024-09-24T01:00:11.647+0000] {ssh.py:524} INFO - 24/09/24 01:00:11 INFO FileOutputCommitter: File Output Committer Algorithm version is 1
[2024-09-24T01:00:11.648+0000] {ssh.py:524} INFO - 24/09/24 01:00:11 INFO FileOutputCommitter: FileOutputCommitter skip cleanup _temporary folders under output directory:false, ignore cleanup failures: false
[2024-09-24T01:00:11.648+0000] {ssh.py:524} INFO - 24/09/24 01:00:11 INFO AbstractS3ACommitterFactory: Using Committer FileOutputCommitter{PathOutputCommitter{context=TaskAttemptContextImpl{JobContextImpl{jobId=job_202409240100105009254916690190473_0000}; taskId=attempt_202409240100105009254916690190473_0000_m_000007_7, status=''}; org.apache.hadoop.mapreduce.lib.output.FileOutputCommitter@2d37744c}; outputPath=s3a://raw/olhovivo/empresa/dt=2024-09-24, workPath=s3a://raw/olhovivo/empresa/dt=2024-09-24/_temporary/0/_temporary/attempt_202409240100105009254916690190473_0000_m_000007_7, algorithmVersion=1, skipCleanup=false, ignoreCleanupFailures=false} for s3a://raw/olhovivo/empresa/dt=2024-09-24
[2024-09-24T01:00:11.649+0000] {ssh.py:524} INFO - 24/09/24 01:00:11 INFO SQLHadoopMapReduceCommitProtocol: Using output committer class org.apache.hadoop.mapreduce.lib.output.FileOutputCommitter
[2024-09-24T01:00:11.654+0000] {ssh.py:524} INFO - 24/09/24 01:00:11 WARN AbstractS3ACommitterFactory: Using standard FileOutputCommitter to commit work. This is slow and potentially unsafe.
[2024-09-24T01:00:11.655+0000] {ssh.py:524} INFO - 24/09/24 01:00:11 INFO FileOutputCommitter: File Output Committer Algorithm version is 1
[2024-09-24T01:00:11.656+0000] {ssh.py:524} INFO - 24/09/24 01:00:11 INFO FileOutputCommitter: FileOutputCommitter skip cleanup _temporary folders under output directory:false, ignore cleanup failures: false
[2024-09-24T01:00:11.656+0000] {ssh.py:524} INFO - 24/09/24 01:00:11 INFO AbstractS3ACommitterFactory: Using Committer FileOutputCommitter{PathOutputCommitter{context=TaskAttemptContextImpl{JobContextImpl{jobId=job_202409240100108065163923918409427_0000}; taskId=attempt_202409240100108065163923918409427_0000_m_000004_4, status=''}; org.apache.hadoop.mapreduce.lib.output.FileOutputCommitter@11a4fcf3}; outputPath=s3a://raw/olhovivo/empresa/dt=2024-09-24, workPath=s3a://raw/olhovivo/empresa/dt=2024-09-24/_temporary/0/_temporary/attempt_202409240100108065163923918409427_0000_m_000004_4, algorithmVersion=1, skipCleanup=false, ignoreCleanupFailures=false} for s3a://raw/olhovivo/empresa/dt=2024-09-24
[2024-09-24T01:00:11.656+0000] {ssh.py:524} INFO - 24/09/24 01:00:11 INFO SQLHadoopMapReduceCommitProtocol: Using output committer class org.apache.hadoop.mapreduce.lib.output.FileOutputCommitter
[2024-09-24T01:00:11.660+0000] {ssh.py:524} INFO - 24/09/24 01:00:11 WARN AbstractS3ACommitterFactory: Using standard FileOutputCommitter to commit work. This is slow and potentially unsafe.
[2024-09-24T01:00:11.661+0000] {ssh.py:524} INFO - 24/09/24 01:00:11 INFO FileOutputCommitter: File Output Committer Algorithm version is 1
[2024-09-24T01:00:11.661+0000] {ssh.py:524} INFO - 24/09/24 01:00:11 INFO FileOutputCommitter: FileOutputCommitter skip cleanup _temporary folders under output directory:false, ignore cleanup failures: false
[2024-09-24T01:00:11.662+0000] {ssh.py:524} INFO - 24/09/24 01:00:11 INFO AbstractS3ACommitterFactory: Using Committer FileOutputCommitter{PathOutputCommitter{context=TaskAttemptContextImpl{JobContextImpl{jobId=job_202409240100106313827453250127670_0000}; taskId=attempt_202409240100106313827453250127670_0000_m_000002_2, status=''}; org.apache.hadoop.mapreduce.lib.output.FileOutputCommitter@55d3bbf2}; outputPath=s3a://raw/olhovivo/empresa/dt=2024-09-24, workPath=s3a://raw/olhovivo/empresa/dt=2024-09-24/_temporary/0/_temporary/attempt_202409240100106313827453250127670_0000_m_000002_2, algorithmVersion=1, skipCleanup=false, ignoreCleanupFailures=false} for s3a://raw/olhovivo/empresa/dt=2024-09-24
[2024-09-24T01:00:11.662+0000] {ssh.py:524} INFO - 24/09/24 01:00:11 INFO SQLHadoopMapReduceCommitProtocol: Using output committer class org.apache.hadoop.mapreduce.lib.output.FileOutputCommitter
[2024-09-24T01:00:11.670+0000] {ssh.py:524} INFO - 24/09/24 01:00:11 INFO PythonRunner: Times: total = 820, boot = 640, init = 180, finish = 0
[2024-09-24T01:00:11.672+0000] {ssh.py:524} INFO - 24/09/24 01:00:11 INFO PythonRunner: Times: total = 825, boot = 626, init = 199, finish = 0
[2024-09-24T01:00:11.688+0000] {ssh.py:524} INFO - 24/09/24 01:00:11 INFO PythonRunner: Times: total = 755, boot = 620, init = 135, finish = 0
[2024-09-24T01:00:11.714+0000] {ssh.py:524} INFO - 24/09/24 01:00:11 INFO PythonRunner: Times: total = 868, boot = 671, init = 197, finish = 0
[2024-09-24T01:00:11.715+0000] {ssh.py:524} INFO - 24/09/24 01:00:11 INFO PythonRunner: Times: total = 867, boot = 663, init = 204, finish = 0
[2024-09-24T01:00:11.716+0000] {ssh.py:524} INFO - 24/09/24 01:00:11 INFO TaskSetManager: Finished task 3.0 in stage 0.0 (TID 3) in 1156 ms on spark-master (executor driver) (1/12)
[2024-09-24T01:00:11.724+0000] {ssh.py:524} INFO - 24/09/24 01:00:11 INFO SparkHadoopMapRedUtil: No need to commit output of task because needsTaskCommit=false: attempt_202409240100101809083695358568571_0000_m_000001_1
[2024-09-24T01:00:11.725+0000] {ssh.py:524} INFO - 24/09/24 01:00:11 INFO SparkHadoopMapRedUtil: No need to commit output of task because needsTaskCommit=false: attempt_202409240100102163896966644584518_0000_m_000010_10
[2024-09-24T01:00:11.728+0000] {ssh.py:524} INFO - 24/09/24 01:00:11 INFO Executor: Finished task 1.0 in stage 0.0 (TID 1). 2828 bytes result sent to driver
[2024-09-24T01:00:11.728+0000] {ssh.py:524} INFO - 24/09/24 01:00:11 INFO SparkHadoopMapRedUtil: No need to commit output of task because needsTaskCommit=false: attempt_202409240100108065163923918409427_0000_m_000004_4
[2024-09-24T01:00:11.729+0000] {ssh.py:524} INFO - 24/09/24 01:00:11 INFO PythonAccumulatorV2: Connected to AccumulatorServer at host: 127.0.0.1 port: 55241
[2024-09-24T01:00:11.735+0000] {ssh.py:524} INFO - 24/09/24 01:00:11 INFO Executor: Finished task 10.0 in stage 0.0 (TID 10). 2828 bytes result sent to driver
[2024-09-24T01:00:11.737+0000] {ssh.py:524} INFO - 24/09/24 01:00:11 INFO PythonRunner: Times: total = 882, boot = 636, init = 246, finish = 0
[2024-09-24T01:00:11.744+0000] {ssh.py:524} INFO - 24/09/24 01:00:11 INFO SparkHadoopMapRedUtil: No need to commit output of task because needsTaskCommit=false: attempt_20240924010010621667477405858268_0000_m_000005_5
[2024-09-24T01:00:11.749+0000] {ssh.py:524} INFO - 24/09/24 01:00:11 INFO PythonRunner: Times: total = 647, boot = 537, init = 110, finish = 0
[2024-09-24T01:00:11.752+0000] {ssh.py:524} INFO - 24/09/24 01:00:11 INFO TaskSetManager: Finished task 9.0 in stage 0.0 (TID 9) in 1183 ms on spark-master (executor driver) (2/12)
[2024-09-24T01:00:11.756+0000] {ssh.py:524} INFO - 24/09/24 01:00:11 INFO TaskSetManager: Finished task 8.0 in stage 0.0 (TID 8) in 1183 ms on spark-master (executor driver) (3/12)
[2024-09-24T01:00:11.757+0000] {ssh.py:524} INFO - 24/09/24 01:00:11 INFO TaskSetManager: Finished task 6.0 in stage 0.0 (TID 6) in 1191 ms on spark-master (executor driver) (4/12)
[2024-09-24T01:00:11.758+0000] {ssh.py:524} INFO - 24/09/24 01:00:11 INFO Executor: Finished task 4.0 in stage 0.0 (TID 4). 2828 bytes result sent to driver
[2024-09-24T01:00:11.758+0000] {ssh.py:524} INFO - 24/09/24 01:00:11 INFO Executor: Finished task 5.0 in stage 0.0 (TID 5). 2828 bytes result sent to driver
[2024-09-24T01:00:11.759+0000] {ssh.py:524} INFO - 24/09/24 01:00:11 INFO TaskSetManager: Finished task 1.0 in stage 0.0 (TID 1) in 1198 ms on spark-master (executor driver) (5/12)
[2024-09-24T01:00:11.759+0000] {ssh.py:524} INFO - 24/09/24 01:00:11 INFO TaskSetManager: Finished task 10.0 in stage 0.0 (TID 10) in 1187 ms on spark-master (executor driver) (6/12)
[2024-09-24T01:00:11.760+0000] {ssh.py:524} INFO - 24/09/24 01:00:11 INFO TaskSetManager: Finished task 5.0 in stage 0.0 (TID 5) in 1197 ms on spark-master (executor driver) (7/12)
[2024-09-24T01:00:11.761+0000] {ssh.py:524} INFO - 24/09/24 01:00:11 INFO TaskSetManager: Finished task 4.0 in stage 0.0 (TID 4) in 1199 ms on spark-master (executor driver) (8/12)
[2024-09-24T01:00:11.761+0000] {ssh.py:524} INFO - 24/09/24 01:00:11 INFO SparkHadoopMapRedUtil: No need to commit output of task because needsTaskCommit=false: attempt_202409240100105009254916690190473_0000_m_000007_7
[2024-09-24T01:00:11.764+0000] {ssh.py:524} INFO - 24/09/24 01:00:11 INFO Executor: Finished task 7.0 in stage 0.0 (TID 7). 2828 bytes result sent to driver
[2024-09-24T01:00:11.767+0000] {ssh.py:524} INFO - 24/09/24 01:00:11 INFO TaskSetManager: Finished task 7.0 in stage 0.0 (TID 7) in 1205 ms on spark-master (executor driver) (9/12)
[2024-09-24T01:00:11.800+0000] {ssh.py:524} INFO - 24/09/24 01:00:11 INFO PythonRunner: Times: total = 949, boot = 638, init = 311, finish = 0
[2024-09-24T01:00:11.817+0000] {ssh.py:524} INFO - 24/09/24 01:00:11 INFO SparkHadoopMapRedUtil: No need to commit output of task because needsTaskCommit=false: attempt_202409240100106313827453250127670_0000_m_000002_2
[2024-09-24T01:00:11.819+0000] {ssh.py:524} INFO - 24/09/24 01:00:11 INFO Executor: Finished task 2.0 in stage 0.0 (TID 2). 2828 bytes result sent to driver
[2024-09-24T01:00:11.823+0000] {ssh.py:524} INFO - 24/09/24 01:00:11 INFO TaskSetManager: Finished task 2.0 in stage 0.0 (TID 2) in 1265 ms on spark-master (executor driver) (10/12)
[2024-09-24T01:00:12.035+0000] {ssh.py:524} INFO - 24/09/24 01:00:12 INFO FileOutputCommitter: Saved output of task 'attempt_202409240100102587727883939977246_0000_m_000000_0' to s3a://raw/olhovivo/empresa/dt=2024-09-24/_temporary/0/task_202409240100102587727883939977246_0000_m_000000
[2024-09-24T01:00:12.036+0000] {ssh.py:524} INFO - 24/09/24 01:00:12 INFO SparkHadoopMapRedUtil: attempt_202409240100102587727883939977246_0000_m_000000_0: Committed. Elapsed time: 162 ms.
[2024-09-24T01:00:12.039+0000] {ssh.py:524} INFO - 24/09/24 01:00:12 INFO Executor: Finished task 0.0 in stage 0.0 (TID 0). 2828 bytes result sent to driver
[2024-09-24T01:00:12.040+0000] {ssh.py:524} INFO - 24/09/24 01:00:12 INFO TaskSetManager: Finished task 0.0 in stage 0.0 (TID 0) in 1511 ms on spark-master (executor driver) (11/12)
[2024-09-24T01:00:12.075+0000] {ssh.py:524} INFO - 24/09/24 01:00:12 INFO FileOutputCommitter: Saved output of task 'attempt_202409240100106054705733596626640_0000_m_000011_11' to s3a://raw/olhovivo/empresa/dt=2024-09-24/_temporary/0/task_202409240100106054705733596626640_0000_m_000011
[2024-09-24T01:00:12.076+0000] {ssh.py:524} INFO - 24/09/24 01:00:12 INFO SparkHadoopMapRedUtil: attempt_202409240100106054705733596626640_0000_m_000011_11: Committed. Elapsed time: 216 ms.
[2024-09-24T01:00:12.079+0000] {ssh.py:524} INFO - 24/09/24 01:00:12 INFO Executor: Finished task 11.0 in stage 0.0 (TID 11). 2871 bytes result sent to driver
[2024-09-24T01:00:12.080+0000] {ssh.py:524} INFO - 24/09/24 01:00:12 INFO TaskSetManager: Finished task 11.0 in stage 0.0 (TID 11) in 1508 ms on spark-master (executor driver) (12/12)
[2024-09-24T01:00:12.081+0000] {ssh.py:524} INFO - 24/09/24 01:00:12 INFO TaskSchedulerImpl: Removed TaskSet 0.0, whose tasks have all completed, from pool 
[2024-09-24T01:00:12.082+0000] {ssh.py:524} INFO - 24/09/24 01:00:12 INFO DAGScheduler: ResultStage 0 (save at NativeMethodAccessorImpl.java:0) finished in 1.725 s
[2024-09-24T01:00:12.086+0000] {ssh.py:524} INFO - 24/09/24 01:00:12 INFO DAGScheduler: Job 0 is finished. Cancelling potential speculative or zombie tasks for this job
[2024-09-24T01:00:12.087+0000] {ssh.py:524} INFO - 24/09/24 01:00:12 INFO TaskSchedulerImpl: Killing all running tasks in stage 0: Stage finished
[2024-09-24T01:00:12.088+0000] {ssh.py:524} INFO - 24/09/24 01:00:12 INFO DAGScheduler: Job 0 finished: save at NativeMethodAccessorImpl.java:0, took 1.763805 s
[2024-09-24T01:00:12.091+0000] {ssh.py:524} INFO - 24/09/24 01:00:12 INFO FileFormatWriter: Start to commit write Job 834a4fce-e829-43d5-ba4c-b26c8d129cb7.
[2024-09-24T01:00:12.331+0000] {ssh.py:524} INFO - 24/09/24 01:00:12 INFO FileFormatWriter: Write Job 834a4fce-e829-43d5-ba4c-b26c8d129cb7 committed. Elapsed time: 239 ms.
[2024-09-24T01:00:12.334+0000] {ssh.py:524} INFO - 24/09/24 01:00:12 INFO FileFormatWriter: Finished processing stats for write job 834a4fce-e829-43d5-ba4c-b26c8d129cb7.
[2024-09-24T01:00:12.338+0000] {ssh.py:524} INFO - [DEBUG] Done.
[2024-09-24T01:00:12.377+0000] {ssh.py:524} INFO - 24/09/24 01:00:12 INFO SparkContext: Invoking stop() from shutdown hook
[2024-09-24T01:00:12.388+0000] {ssh.py:524} INFO - 24/09/24 01:00:12 INFO SparkUI: Stopped Spark web UI at http://spark-master:4043
[2024-09-24T01:00:12.404+0000] {ssh.py:524} INFO - 24/09/24 01:00:12 INFO MapOutputTrackerMasterEndpoint: MapOutputTrackerMasterEndpoint stopped!
[2024-09-24T01:00:12.423+0000] {ssh.py:524} INFO - 24/09/24 01:00:12 INFO MemoryStore: MemoryStore cleared
[2024-09-24T01:00:12.424+0000] {ssh.py:524} INFO - 24/09/24 01:00:12 INFO BlockManager: BlockManager stopped
[2024-09-24T01:00:12.430+0000] {ssh.py:524} INFO - 24/09/24 01:00:12 INFO BlockManagerMaster: BlockManagerMaster stopped
[2024-09-24T01:00:12.432+0000] {ssh.py:524} INFO - 24/09/24 01:00:12 INFO OutputCommitCoordinator$OutputCommitCoordinatorEndpoint: OutputCommitCoordinator stopped!
[2024-09-24T01:00:12.441+0000] {ssh.py:524} INFO - 24/09/24 01:00:12 INFO SparkContext: Successfully stopped SparkContext
[2024-09-24T01:00:12.442+0000] {ssh.py:524} INFO - 24/09/24 01:00:12 INFO ShutdownHookManager: Shutdown hook called
[2024-09-24T01:00:12.442+0000] {ssh.py:524} INFO - 24/09/24 01:00:12 INFO ShutdownHookManager: Deleting directory /tmp/spark-859beea5-3224-43e9-a8d6-77e73686bda9
[2024-09-24T01:00:12.445+0000] {ssh.py:524} INFO - 24/09/24 01:00:12 INFO ShutdownHookManager: Deleting directory /tmp/spark-9db3fb2b-5569-447b-9ba7-030db19f5a94
[2024-09-24T01:00:12.448+0000] {ssh.py:524} INFO - 24/09/24 01:00:12 INFO ShutdownHookManager: Deleting directory /tmp/spark-859beea5-3224-43e9-a8d6-77e73686bda9/pyspark-6bff8d8a-33e9-401f-a31a-7ec301643116
[2024-09-24T01:00:12.457+0000] {ssh.py:524} INFO - 24/09/24 01:00:12 INFO MetricsSystemImpl: Stopping s3a-file-system metrics system...
[2024-09-24T01:00:12.458+0000] {ssh.py:524} INFO - 24/09/24 01:00:12 INFO MetricsSystemImpl: s3a-file-system metrics system stopped.
[2024-09-24T01:00:12.459+0000] {ssh.py:524} INFO - 24/09/24 01:00:12 INFO MetricsSystemImpl: s3a-file-system metrics system shutdown complete.
[2024-09-24T01:00:12.663+0000] {taskinstance.py:1400} INFO - Marking task as SUCCESS. dag_id=raw_ingestion_15min, task_id=spark_raw_ingestion_empresa, execution_date=20240924T004500, start_date=20240924T010000, end_date=20240924T010012
[2024-09-24T01:00:12.737+0000] {local_task_job_runner.py:228} INFO - Task exited with return code 0
[2024-09-24T01:00:12.790+0000] {taskinstance.py:2778} INFO - 0 downstream tasks scheduled from follow-on schedule check
