[2024-09-22T00:41:47.596+0000] {taskinstance.py:1159} INFO - Dependencies all met for dep_context=non-requeueable deps ti=<TaskInstance: raw_ingestion.spark_raw_ingestion_posicao scheduled__2024-09-22T00:00:00+00:00 [queued]>
[2024-09-22T00:41:47.607+0000] {taskinstance.py:1159} INFO - Dependencies all met for dep_context=requeueable deps ti=<TaskInstance: raw_ingestion.spark_raw_ingestion_posicao scheduled__2024-09-22T00:00:00+00:00 [queued]>
[2024-09-22T00:41:47.608+0000] {taskinstance.py:1361} INFO - Starting attempt 1 of 0
[2024-09-22T00:41:47.646+0000] {taskinstance.py:1382} INFO - Executing <Task(SSHOperator): spark_raw_ingestion_posicao> on 2024-09-22 00:00:00+00:00
[2024-09-22T00:41:47.650+0000] {standard_task_runner.py:57} INFO - Started process 4256 to run task
[2024-09-22T00:41:47.652+0000] {standard_task_runner.py:84} INFO - Running: ['airflow', 'tasks', 'run', 'raw_ingestion', 'spark_raw_ingestion_posicao', 'scheduled__2024-09-22T00:00:00+00:00', '--job-id', '441', '--raw', '--subdir', 'DAGS_FOLDER/raw_ingestion.py', '--cfg-path', '/tmp/tmpzkyox4qd']
[2024-09-22T00:41:47.653+0000] {standard_task_runner.py:85} INFO - Job 441: Subtask spark_raw_ingestion_posicao
[2024-09-22T00:41:47.785+0000] {task_command.py:416} INFO - Running <TaskInstance: raw_ingestion.spark_raw_ingestion_posicao scheduled__2024-09-22T00:00:00+00:00 [running]> on host airflow-worker
[2024-09-22T00:41:48.006+0000] {taskinstance.py:1662} INFO - Exporting env vars: AIRFLOW_CTX_DAG_OWNER='***' AIRFLOW_CTX_DAG_ID='raw_ingestion' AIRFLOW_CTX_TASK_ID='spark_raw_ingestion_posicao' AIRFLOW_CTX_EXECUTION_DATE='2024-09-22T00:00:00+00:00' AIRFLOW_CTX_TRY_NUMBER='1' AIRFLOW_CTX_DAG_RUN_ID='scheduled__2024-09-22T00:00:00+00:00'
[2024-09-22T00:41:48.007+0000] {ssh.py:141} INFO - Creating ssh_client
[2024-09-22T00:41:48.008+0000] {ssh.py:114} INFO - ssh_hook is not provided or invalid. Trying ssh_conn_id to create SSHHook.
[2024-09-22T00:41:48.042+0000] {base.py:73} INFO - Using connection ID 'spark_ssh_default' for task execution.
[2024-09-22T00:41:48.043+0000] {ssh.py:300} WARNING - No Host Key Verification. This won't protect against Man-In-The-Middle attacks
[2024-09-22T00:41:48.051+0000] {transport.py:1893} INFO - Connected (version 2.0, client OpenSSH_8.9p1)
[2024-09-22T00:41:48.151+0000] {transport.py:1893} INFO - Authentication (password) successful!
[2024-09-22T00:41:48.152+0000] {ssh.py:478} INFO - Running command: export SPARK_HOME=/usr/local/spark; /opt/conda/bin/spark-submit --master local[*] --executor-memory 4g /opt/shared/scripts/raw_ingestion.py 2024-09-22 posicao
[2024-09-22T00:41:51.096+0000] {ssh.py:524} INFO - [DEBUG] dt_now: 2024-09-22
[2024-09-22T00:41:51.097+0000] {ssh.py:524} INFO - [DEBUG] endpoint: posicao
[2024-09-22T00:41:51.157+0000] {ssh.py:524} INFO - 24/09/22 00:41:51 INFO SparkContext: Running Spark version 3.3.1
[2024-09-22T00:41:51.179+0000] {ssh.py:524} INFO - 24/09/22 00:41:51 WARN NativeCodeLoader: Unable to load native-hadoop library for your platform... using builtin-java classes where applicable
[2024-09-22T00:41:51.273+0000] {ssh.py:524} INFO - 24/09/22 00:41:51 INFO ResourceUtils: ==============================================================
[2024-09-22T00:41:51.274+0000] {ssh.py:524} INFO - 24/09/22 00:41:51 INFO ResourceUtils: No custom resources configured for spark.driver.
[2024-09-22T00:41:51.275+0000] {ssh.py:524} INFO - 24/09/22 00:41:51 INFO ResourceUtils: ==============================================================
[2024-09-22T00:41:51.275+0000] {ssh.py:524} INFO - 24/09/22 00:41:51 INFO SparkContext: Submitted application: raw_ingestion_posicao
[2024-09-22T00:41:51.297+0000] {ssh.py:524} INFO - 24/09/22 00:41:51 INFO ResourceProfile: Default ResourceProfile created, executor resources: Map(cores -> name: cores, amount: 1, script: , vendor: , memory -> name: memory, amount: 1024, script: , vendor: , offHeap -> name: offHeap, amount: 0, script: , vendor: ), task resources: Map(cpus -> name: cpus, amount: 1.0)
[2024-09-22T00:41:51.309+0000] {ssh.py:524} INFO - 24/09/22 00:41:51 INFO ResourceProfile: Limiting resource is cpu
[2024-09-22T00:41:51.310+0000] {ssh.py:524} INFO - 24/09/22 00:41:51 INFO ResourceProfileManager: Added ResourceProfile id: 0
[2024-09-22T00:41:51.368+0000] {ssh.py:524} INFO - 24/09/22 00:41:51 INFO SecurityManager: Changing view acls to: root
[2024-09-22T00:41:51.369+0000] {ssh.py:524} INFO - 24/09/22 00:41:51 INFO SecurityManager: Changing modify acls to: root
[2024-09-22T00:41:51.370+0000] {ssh.py:524} INFO - 24/09/22 00:41:51 INFO SecurityManager: Changing view acls groups to: 
[2024-09-22T00:41:51.370+0000] {ssh.py:524} INFO - 24/09/22 00:41:51 INFO SecurityManager: Changing modify acls groups to: 
[2024-09-22T00:41:51.371+0000] {ssh.py:524} INFO - 24/09/22 00:41:51 INFO SecurityManager: SecurityManager: authentication disabled; ui acls disabled; users  with view permissions: Set(root); groups with view permissions: Set(); users  with modify permissions: Set(root); groups with modify permissions: Set()
[2024-09-22T00:41:51.684+0000] {ssh.py:524} INFO - 24/09/22 00:41:51 INFO Utils: Successfully started service 'sparkDriver' on port 39815.
[2024-09-22T00:41:51.789+0000] {ssh.py:524} INFO - 24/09/22 00:41:51 INFO SparkEnv: Registering MapOutputTracker
[2024-09-22T00:41:51.855+0000] {ssh.py:524} INFO - 24/09/22 00:41:51 INFO SparkEnv: Registering BlockManagerMaster
[2024-09-22T00:41:51.888+0000] {ssh.py:524} INFO - 24/09/22 00:41:51 INFO BlockManagerMasterEndpoint: Using org.apache.spark.storage.DefaultTopologyMapper for getting topology information
[2024-09-22T00:41:51.891+0000] {ssh.py:524} INFO - 24/09/22 00:41:51 INFO BlockManagerMasterEndpoint: BlockManagerMasterEndpoint up
[2024-09-22T00:41:51.899+0000] {ssh.py:524} INFO - 24/09/22 00:41:51 INFO SparkEnv: Registering BlockManagerMasterHeartbeat
[2024-09-22T00:41:51.922+0000] {ssh.py:524} INFO - 24/09/22 00:41:51 INFO DiskBlockManager: Created local directory at /tmp/blockmgr-02fbbf93-6740-4eca-bf93-49a66ad567da
[2024-09-22T00:41:51.945+0000] {ssh.py:524} INFO - 24/09/22 00:41:51 INFO MemoryStore: MemoryStore started with capacity 434.4 MiB
[2024-09-22T00:41:51.972+0000] {ssh.py:524} INFO - 24/09/22 00:41:51 INFO SparkEnv: Registering OutputCommitCoordinator
[2024-09-22T00:41:52.211+0000] {ssh.py:524} INFO - 24/09/22 00:41:52 WARN Utils: Service 'SparkUI' could not bind on port 4040. Attempting port 4041.
[2024-09-22T00:41:52.219+0000] {ssh.py:524} INFO - 24/09/22 00:41:52 INFO Utils: Successfully started service 'SparkUI' on port 4041.
[2024-09-22T00:41:52.332+0000] {ssh.py:524} INFO - 24/09/22 00:41:52 INFO Executor: Starting executor ID driver on host spark-master
[2024-09-22T00:41:52.340+0000] {ssh.py:524} INFO - 24/09/22 00:41:52 INFO Executor: Starting executor with user classpath (userClassPathFirst = false): ''
[2024-09-22T00:41:52.365+0000] {ssh.py:524} INFO - 24/09/22 00:41:52 INFO Utils: Successfully started service 'org.apache.spark.network.netty.NettyBlockTransferService' on port 43835.
[2024-09-22T00:41:52.366+0000] {ssh.py:524} INFO - 24/09/22 00:41:52 INFO NettyBlockTransferService: Server created on spark-master:43835
[2024-09-22T00:41:52.367+0000] {ssh.py:524} INFO - 24/09/22 00:41:52 INFO BlockManager: Using org.apache.spark.storage.RandomBlockReplicationPolicy for block replication policy
[2024-09-22T00:41:52.375+0000] {ssh.py:524} INFO - 24/09/22 00:41:52 INFO BlockManagerMaster: Registering BlockManager BlockManagerId(driver, spark-master, 43835, None)
[2024-09-22T00:41:52.378+0000] {ssh.py:524} INFO - 24/09/22 00:41:52 INFO BlockManagerMasterEndpoint: Registering block manager spark-master:43835 with 434.4 MiB RAM, BlockManagerId(driver, spark-master, 43835, None)
[2024-09-22T00:41:52.381+0000] {ssh.py:524} INFO - 24/09/22 00:41:52 INFO BlockManagerMaster: Registered BlockManager BlockManagerId(driver, spark-master, 43835, None)
[2024-09-22T00:41:52.384+0000] {ssh.py:524} INFO - 24/09/22 00:41:52 INFO BlockManager: Initialized BlockManager: BlockManagerId(driver, spark-master, 43835, None)
[2024-09-22T00:41:53.450+0000] {ssh.py:524} INFO - Traceback (most recent call last):
[2024-09-22T00:41:53.450+0000] {ssh.py:524} INFO -   File "/opt/shared/scripts/raw_ingestion.py", line 158, in <module>
[2024-09-22T00:41:53.452+0000] {ssh.py:524} INFO -     posicao_df = spark.createDataFrame(posicao, posicao_schema)
[2024-09-22T00:41:53.453+0000] {ssh.py:524} INFO -   File "/usr/local/spark/python/lib/pyspark.zip/pyspark/sql/session.py", line 894, in createDataFrame
[2024-09-22T00:41:53.454+0000] {ssh.py:524} INFO -   File "/usr/local/spark/python/lib/pyspark.zip/pyspark/sql/session.py", line 936, in _create_dataframe
[2024-09-22T00:41:53.454+0000] {ssh.py:524} INFO - TypeError: 'NoneType' object is not iterable
[2024-09-22T00:41:53.495+0000] {ssh.py:524} INFO - 24/09/22 00:41:53 INFO SparkContext: Invoking stop() from shutdown hook
[2024-09-22T00:41:53.506+0000] {ssh.py:524} INFO - 24/09/22 00:41:53 INFO SparkUI: Stopped Spark web UI at http://spark-master:4041
[2024-09-22T00:41:53.517+0000] {ssh.py:524} INFO - 24/09/22 00:41:53 INFO MapOutputTrackerMasterEndpoint: MapOutputTrackerMasterEndpoint stopped!
[2024-09-22T00:41:53.528+0000] {ssh.py:524} INFO - 24/09/22 00:41:53 INFO MemoryStore: MemoryStore cleared
[2024-09-22T00:41:53.529+0000] {ssh.py:524} INFO - 24/09/22 00:41:53 INFO BlockManager: BlockManager stopped
[2024-09-22T00:41:53.533+0000] {ssh.py:524} INFO - 24/09/22 00:41:53 INFO BlockManagerMaster: BlockManagerMaster stopped
[2024-09-22T00:41:53.539+0000] {ssh.py:524} INFO - 24/09/22 00:41:53 INFO OutputCommitCoordinator$OutputCommitCoordinatorEndpoint: OutputCommitCoordinator stopped!
[2024-09-22T00:41:53.547+0000] {ssh.py:524} INFO - 24/09/22 00:41:53 INFO SparkContext: Successfully stopped SparkContext
[2024-09-22T00:41:53.548+0000] {ssh.py:524} INFO - 24/09/22 00:41:53 INFO ShutdownHookManager: Shutdown hook called
[2024-09-22T00:41:53.549+0000] {ssh.py:524} INFO - 24/09/22 00:41:53 INFO ShutdownHookManager: Deleting directory /tmp/spark-9cd99731-fae2-454b-b7f1-4193145c76fc
[2024-09-22T00:41:53.552+0000] {ssh.py:524} INFO - 24/09/22 00:41:53 INFO ShutdownHookManager: Deleting directory /tmp/spark-42dedf12-1c63-4025-833e-dc5b69da3bdb
[2024-09-22T00:41:53.556+0000] {ssh.py:524} INFO - 24/09/22 00:41:53 INFO ShutdownHookManager: Deleting directory /tmp/spark-42dedf12-1c63-4025-833e-dc5b69da3bdb/pyspark-cfccfbb1-a5b2-4854-bbc9-d6aec2aee42f
[2024-09-22T00:41:53.693+0000] {taskinstance.py:1937} ERROR - Task failed with exception
Traceback (most recent call last):
  File "/home/airflow/.local/lib/python3.8/site-packages/airflow/providers/ssh/operators/ssh.py", line 178, in execute
    result = self.run_ssh_client_command(ssh_client, self.command, context=context)
  File "/home/airflow/.local/lib/python3.8/site-packages/airflow/providers/ssh/operators/ssh.py", line 166, in run_ssh_client_command
    self.raise_for_status(exit_status, agg_stderr, context=context)
  File "/home/airflow/.local/lib/python3.8/site-packages/airflow/providers/ssh/operators/ssh.py", line 160, in raise_for_status
    raise AirflowException(f"SSH operator error: exit status = {exit_status}")
airflow.exceptions.AirflowException: SSH operator error: exit status = 1
[2024-09-22T00:41:53.698+0000] {taskinstance.py:1400} INFO - Marking task as FAILED. dag_id=raw_ingestion, task_id=spark_raw_ingestion_posicao, execution_date=20240922T000000, start_date=20240922T004147, end_date=20240922T004153
[2024-09-22T00:41:53.728+0000] {standard_task_runner.py:104} ERROR - Failed to execute job 441 for task spark_raw_ingestion_posicao (SSH operator error: exit status = 1; 4256)
[2024-09-22T00:41:53.749+0000] {local_task_job_runner.py:228} INFO - Task exited with return code 1
[2024-09-22T00:41:53.806+0000] {taskinstance.py:2778} INFO - 0 downstream tasks scheduled from follow-on schedule check
