[2024-09-20T14:30:00.993+0000] {taskinstance.py:1159} INFO - Dependencies all met for dep_context=non-requeueable deps ti=<TaskInstance: raw_ingestion.spark_raw_ingestion_posicao scheduled__2024-09-20T14:00:00+00:00 [queued]>
[2024-09-20T14:30:01.004+0000] {taskinstance.py:1159} INFO - Dependencies all met for dep_context=requeueable deps ti=<TaskInstance: raw_ingestion.spark_raw_ingestion_posicao scheduled__2024-09-20T14:00:00+00:00 [queued]>
[2024-09-20T14:30:01.005+0000] {taskinstance.py:1361} INFO - Starting attempt 1 of 0
[2024-09-20T14:30:01.019+0000] {taskinstance.py:1382} INFO - Executing <Task(SSHOperator): spark_raw_ingestion_posicao> on 2024-09-20 14:00:00+00:00
[2024-09-20T14:30:01.024+0000] {standard_task_runner.py:57} INFO - Started process 1732 to run task
[2024-09-20T14:30:01.026+0000] {standard_task_runner.py:84} INFO - Running: ['airflow', 'tasks', 'run', 'raw_ingestion', 'spark_raw_ingestion_posicao', 'scheduled__2024-09-20T14:00:00+00:00', '--job-id', '264', '--raw', '--subdir', 'DAGS_FOLDER/raw_ingestion.py', '--cfg-path', '/tmp/tmpyc54dwlu']
[2024-09-20T14:30:01.027+0000] {standard_task_runner.py:85} INFO - Job 264: Subtask spark_raw_ingestion_posicao
[2024-09-20T14:30:01.155+0000] {task_command.py:416} INFO - Running <TaskInstance: raw_ingestion.spark_raw_ingestion_posicao scheduled__2024-09-20T14:00:00+00:00 [running]> on host airflow-worker
[2024-09-20T14:30:01.352+0000] {taskinstance.py:1662} INFO - Exporting env vars: AIRFLOW_CTX_DAG_OWNER='***' AIRFLOW_CTX_DAG_ID='raw_ingestion' AIRFLOW_CTX_TASK_ID='spark_raw_ingestion_posicao' AIRFLOW_CTX_EXECUTION_DATE='2024-09-20T14:00:00+00:00' AIRFLOW_CTX_TRY_NUMBER='1' AIRFLOW_CTX_DAG_RUN_ID='scheduled__2024-09-20T14:00:00+00:00'
[2024-09-20T14:30:01.353+0000] {ssh.py:141} INFO - Creating ssh_client
[2024-09-20T14:30:01.353+0000] {ssh.py:114} INFO - ssh_hook is not provided or invalid. Trying ssh_conn_id to create SSHHook.
[2024-09-20T14:30:01.387+0000] {base.py:73} INFO - Using connection ID 'spark_ssh_default' for task execution.
[2024-09-20T14:30:01.388+0000] {ssh.py:300} WARNING - No Host Key Verification. This won't protect against Man-In-The-Middle attacks
[2024-09-20T14:30:01.406+0000] {transport.py:1893} INFO - Connected (version 2.0, client OpenSSH_8.9p1)
[2024-09-20T14:30:01.530+0000] {transport.py:1893} INFO - Authentication (password) successful!
[2024-09-20T14:30:01.531+0000] {ssh.py:478} INFO - Running command: export SPARK_HOME=/usr/local/spark; /opt/conda/bin/spark-submit --master local[*] --executor-memory 2g /opt/shared/scripts/raw_ingestion.py 2024-09-20 posicao
[2024-09-20T14:30:04.266+0000] {ssh.py:524} INFO - [DEBUG] dt_now: 2024-09-20
[2024-09-20T14:30:04.266+0000] {ssh.py:524} INFO - [DEBUG] endpoint: posicao
[2024-09-20T14:30:04.352+0000] {ssh.py:524} INFO - 24/09/20 14:30:04 INFO SparkContext: Running Spark version 3.3.1
[2024-09-20T14:30:04.381+0000] {ssh.py:524} INFO - 24/09/20 14:30:04 WARN NativeCodeLoader: Unable to load native-hadoop library for your platform... using builtin-java classes where applicable
[2024-09-20T14:30:04.499+0000] {ssh.py:524} INFO - 24/09/20 14:30:04 INFO ResourceUtils: ==============================================================
[2024-09-20T14:30:04.499+0000] {ssh.py:524} INFO - 24/09/20 14:30:04 INFO ResourceUtils: No custom resources configured for spark.driver.
[2024-09-20T14:30:04.500+0000] {ssh.py:524} INFO - 24/09/20 14:30:04 INFO ResourceUtils: ==============================================================
[2024-09-20T14:30:04.501+0000] {ssh.py:524} INFO - 24/09/20 14:30:04 INFO SparkContext: Submitted application: raw_ingestion_posicao
[2024-09-20T14:30:04.526+0000] {ssh.py:524} INFO - 24/09/20 14:30:04 INFO ResourceProfile: Default ResourceProfile created, executor resources: Map(cores -> name: cores, amount: 1, script: , vendor: , memory -> name: memory, amount: 1024, script: , vendor: , offHeap -> name: offHeap, amount: 0, script: , vendor: ), task resources: Map(cpus -> name: cpus, amount: 1.0)
[2024-09-20T14:30:04.535+0000] {ssh.py:524} INFO - 24/09/20 14:30:04 INFO ResourceProfile: Limiting resource is cpu
[2024-09-20T14:30:04.536+0000] {ssh.py:524} INFO - 24/09/20 14:30:04 INFO ResourceProfileManager: Added ResourceProfile id: 0
[2024-09-20T14:30:04.585+0000] {ssh.py:524} INFO - 24/09/20 14:30:04 INFO SecurityManager: Changing view acls to: root
[2024-09-20T14:30:04.586+0000] {ssh.py:524} INFO - 24/09/20 14:30:04 INFO SecurityManager: Changing modify acls to: root
[2024-09-20T14:30:04.587+0000] {ssh.py:524} INFO - 24/09/20 14:30:04 INFO SecurityManager: Changing view acls groups to: 
[2024-09-20T14:30:04.588+0000] {ssh.py:524} INFO - 24/09/20 14:30:04 INFO SecurityManager: Changing modify acls groups to: 
[2024-09-20T14:30:04.588+0000] {ssh.py:524} INFO - 24/09/20 14:30:04 INFO SecurityManager: SecurityManager: authentication disabled; ui acls disabled; users  with view permissions: Set(root); groups with view permissions: Set(); users  with modify permissions: Set(root); groups with modify permissions: Set()
[2024-09-20T14:30:04.851+0000] {ssh.py:524} INFO - 24/09/20 14:30:04 INFO Utils: Successfully started service 'sparkDriver' on port 33903.
[2024-09-20T14:30:04.918+0000] {ssh.py:524} INFO - 24/09/20 14:30:04 INFO SparkEnv: Registering MapOutputTracker
[2024-09-20T14:30:04.962+0000] {ssh.py:524} INFO - 24/09/20 14:30:04 INFO SparkEnv: Registering BlockManagerMaster
[2024-09-20T14:30:04.982+0000] {ssh.py:524} INFO - 24/09/20 14:30:04 INFO BlockManagerMasterEndpoint: Using org.apache.spark.storage.DefaultTopologyMapper for getting topology information
[2024-09-20T14:30:04.983+0000] {ssh.py:524} INFO - 24/09/20 14:30:04 INFO BlockManagerMasterEndpoint: BlockManagerMasterEndpoint up
[2024-09-20T14:30:04.990+0000] {ssh.py:524} INFO - 24/09/20 14:30:04 INFO SparkEnv: Registering BlockManagerMasterHeartbeat
[2024-09-20T14:30:05.012+0000] {ssh.py:524} INFO - 24/09/20 14:30:05 INFO DiskBlockManager: Created local directory at /tmp/blockmgr-f1488e76-3eee-4c5e-a2e8-dc00d9a9d3c6
[2024-09-20T14:30:05.031+0000] {ssh.py:524} INFO - 24/09/20 14:30:05 INFO MemoryStore: MemoryStore started with capacity 434.4 MiB
[2024-09-20T14:30:05.047+0000] {ssh.py:524} INFO - 24/09/20 14:30:05 INFO SparkEnv: Registering OutputCommitCoordinator
[2024-09-20T14:30:05.223+0000] {ssh.py:524} INFO - 24/09/20 14:30:05 WARN Utils: Service 'SparkUI' could not bind on port 4040. Attempting port 4041.
[2024-09-20T14:30:05.225+0000] {ssh.py:524} INFO - 24/09/20 14:30:05 WARN Utils: Service 'SparkUI' could not bind on port 4041. Attempting port 4042.
[2024-09-20T14:30:05.227+0000] {ssh.py:524} INFO - 24/09/20 14:30:05 WARN Utils: Service 'SparkUI' could not bind on port 4042. Attempting port 4043.
[2024-09-20T14:30:05.238+0000] {ssh.py:524} INFO - 24/09/20 14:30:05 INFO Utils: Successfully started service 'SparkUI' on port 4043.
[2024-09-20T14:30:05.356+0000] {ssh.py:524} INFO - 24/09/20 14:30:05 INFO Executor: Starting executor ID driver on host spark-master
[2024-09-20T14:30:05.366+0000] {ssh.py:524} INFO - 24/09/20 14:30:05 INFO Executor: Starting executor with user classpath (userClassPathFirst = false): ''
[2024-09-20T14:30:05.391+0000] {ssh.py:524} INFO - 24/09/20 14:30:05 INFO Utils: Successfully started service 'org.apache.spark.network.netty.NettyBlockTransferService' on port 40611.
[2024-09-20T14:30:05.391+0000] {ssh.py:524} INFO - 24/09/20 14:30:05 INFO NettyBlockTransferService: Server created on spark-master:40611
[2024-09-20T14:30:05.394+0000] {ssh.py:524} INFO - 24/09/20 14:30:05 INFO BlockManager: Using org.apache.spark.storage.RandomBlockReplicationPolicy for block replication policy
[2024-09-20T14:30:05.400+0000] {ssh.py:524} INFO - 24/09/20 14:30:05 INFO BlockManagerMaster: Registering BlockManager BlockManagerId(driver, spark-master, 40611, None)
[2024-09-20T14:30:05.404+0000] {ssh.py:524} INFO - 24/09/20 14:30:05 INFO BlockManagerMasterEndpoint: Registering block manager spark-master:40611 with 434.4 MiB RAM, BlockManagerId(driver, spark-master, 40611, None)
[2024-09-20T14:30:05.407+0000] {ssh.py:524} INFO - 24/09/20 14:30:05 INFO BlockManagerMaster: Registered BlockManager BlockManagerId(driver, spark-master, 40611, None)
[2024-09-20T14:30:05.409+0000] {ssh.py:524} INFO - 24/09/20 14:30:05 INFO BlockManager: Initialized BlockManager: BlockManagerId(driver, spark-master, 40611, None)
[2024-09-20T14:30:08.034+0000] {ssh.py:524} INFO - 24/09/20 14:30:08 INFO SharedState: Setting hive.metastore.warehouse.dir ('null') to the value of spark.sql.warehouse.dir.
[2024-09-20T14:30:08.041+0000] {ssh.py:524} INFO - 24/09/20 14:30:08 INFO SharedState: Warehouse path is 'file:/root/spark-warehouse'.
[2024-09-20T14:30:10.377+0000] {ssh.py:524} INFO - 24/09/20 14:30:10 WARN MetricsConfig: Cannot locate configuration: tried hadoop-metrics2-s3a-file-system.properties,hadoop-metrics2.properties
[2024-09-20T14:30:10.393+0000] {ssh.py:524} INFO - 24/09/20 14:30:10 INFO MetricsSystemImpl: Scheduled Metric snapshot period at 10 second(s).
[2024-09-20T14:30:10.394+0000] {ssh.py:524} INFO - 24/09/20 14:30:10 INFO MetricsSystemImpl: s3a-file-system metrics system started
[2024-09-20T14:30:11.831+0000] {ssh.py:524} INFO - 24/09/20 14:30:11 WARN AbstractS3ACommitterFactory: Using standard FileOutputCommitter to commit work. This is slow and potentially unsafe.
[2024-09-20T14:30:11.832+0000] {ssh.py:524} INFO - 24/09/20 14:30:11 INFO FileOutputCommitter: File Output Committer Algorithm version is 1
[2024-09-20T14:30:11.832+0000] {ssh.py:524} INFO - 24/09/20 14:30:11 INFO FileOutputCommitter: FileOutputCommitter skip cleanup _temporary folders under output directory:false, ignore cleanup failures: false
[2024-09-20T14:30:11.835+0000] {ssh.py:524} INFO - 24/09/20 14:30:11 INFO AbstractS3ACommitterFactory: Using Committer FileOutputCommitter{PathOutputCommitter{context=TaskAttemptContextImpl{JobContextImpl{jobId=job_202409201430118719871752332547037_0000}; taskId=attempt_202409201430118719871752332547037_0000_m_000000_0, status=''}; org.apache.hadoop.mapreduce.lib.output.FileOutputCommitter@62ec9ede}; outputPath=s3a://raw/olhovivo/posicao/dt=2024-09-20, workPath=s3a://raw/olhovivo/posicao/dt=2024-09-20/_temporary/0/_temporary/attempt_202409201430118719871752332547037_0000_m_000000_0, algorithmVersion=1, skipCleanup=false, ignoreCleanupFailures=false} for s3a://raw/olhovivo/posicao/dt=2024-09-20
[2024-09-20T14:30:11.836+0000] {ssh.py:524} INFO - 24/09/20 14:30:11 INFO SQLHadoopMapReduceCommitProtocol: Using output committer class org.apache.hadoop.mapreduce.lib.output.FileOutputCommitter
[2024-09-20T14:30:13.330+0000] {ssh.py:524} INFO - 24/09/20 14:30:13 INFO CodeGenerator: Code generated in 305.560902 ms
[2024-09-20T14:30:13.519+0000] {ssh.py:524} INFO - 24/09/20 14:30:13 INFO SparkContext: Starting job: save at NativeMethodAccessorImpl.java:0
[2024-09-20T14:30:13.563+0000] {ssh.py:524} INFO - 24/09/20 14:30:13 INFO DAGScheduler: Got job 0 (save at NativeMethodAccessorImpl.java:0) with 12 output partitions
[2024-09-20T14:30:13.564+0000] {ssh.py:524} INFO - 24/09/20 14:30:13 INFO DAGScheduler: Final stage: ResultStage 0 (save at NativeMethodAccessorImpl.java:0)
[2024-09-20T14:30:13.564+0000] {ssh.py:524} INFO - 24/09/20 14:30:13 INFO DAGScheduler: Parents of final stage: List()
[2024-09-20T14:30:13.567+0000] {ssh.py:524} INFO - 24/09/20 14:30:13 INFO DAGScheduler: Missing parents: List()
[2024-09-20T14:30:13.572+0000] {ssh.py:524} INFO - 24/09/20 14:30:13 INFO DAGScheduler: Submitting ResultStage 0 (MapPartitionsRDD[5] at save at NativeMethodAccessorImpl.java:0), which has no missing parents
[2024-09-20T14:30:13.762+0000] {ssh.py:524} INFO - 24/09/20 14:30:13 INFO MemoryStore: Block broadcast_0 stored as values in memory (estimated size 225.4 KiB, free 434.2 MiB)
[2024-09-20T14:30:14.067+0000] {ssh.py:524} INFO - 24/09/20 14:30:14 INFO MemoryStore: Block broadcast_0_piece0 stored as bytes in memory (estimated size 82.0 KiB, free 434.1 MiB)
[2024-09-20T14:30:14.096+0000] {ssh.py:524} INFO - 24/09/20 14:30:14 INFO BlockManagerInfo: Added broadcast_0_piece0 in memory on spark-master:40611 (size: 82.0 KiB, free: 434.3 MiB)
[2024-09-20T14:30:14.104+0000] {ssh.py:524} INFO - 24/09/20 14:30:14 INFO SparkContext: Created broadcast 0 from broadcast at DAGScheduler.scala:1513
[2024-09-20T14:30:14.119+0000] {ssh.py:524} INFO - 24/09/20 14:30:14 INFO DAGScheduler: Submitting 12 missing tasks from ResultStage 0 (MapPartitionsRDD[5] at save at NativeMethodAccessorImpl.java:0) (first 15 tasks are for partitions Vector(0, 1, 2, 3, 4, 5, 6, 7, 8, 9, 10, 11))
[2024-09-20T14:30:14.123+0000] {ssh.py:524} INFO - 24/09/20 14:30:14 INFO TaskSchedulerImpl: Adding task set 0.0 with 12 tasks resource profile 0
[2024-09-20T14:30:14.197+0000] {ssh.py:524} INFO - 24/09/20 14:30:14 INFO TaskSetManager: Starting task 0.0 in stage 0.0 (TID 0) (spark-master, executor driver, partition 0, PROCESS_LOCAL, 4433 bytes) taskResourceAssignments Map()
[2024-09-20T14:30:14.204+0000] {ssh.py:524} INFO - 24/09/20 14:30:14 INFO TaskSetManager: Starting task 1.0 in stage 0.0 (TID 1) (spark-master, executor driver, partition 1, PROCESS_LOCAL, 4433 bytes) taskResourceAssignments Map()
[2024-09-20T14:30:14.205+0000] {ssh.py:524} INFO - 24/09/20 14:30:14 INFO TaskSetManager: Starting task 2.0 in stage 0.0 (TID 2) (spark-master, executor driver, partition 2, PROCESS_LOCAL, 4433 bytes) taskResourceAssignments Map()
[2024-09-20T14:30:14.206+0000] {ssh.py:524} INFO - 24/09/20 14:30:14 INFO TaskSetManager: Starting task 3.0 in stage 0.0 (TID 3) (spark-master, executor driver, partition 3, PROCESS_LOCAL, 4433 bytes) taskResourceAssignments Map()
[2024-09-20T14:30:14.207+0000] {ssh.py:524} INFO - 24/09/20 14:30:14 INFO TaskSetManager: Starting task 4.0 in stage 0.0 (TID 4) (spark-master, executor driver, partition 4, PROCESS_LOCAL, 4433 bytes) taskResourceAssignments Map()
[2024-09-20T14:30:14.208+0000] {ssh.py:524} INFO - 24/09/20 14:30:14 INFO TaskSetManager: Starting task 5.0 in stage 0.0 (TID 5) (spark-master, executor driver, partition 5, PROCESS_LOCAL, 4433 bytes) taskResourceAssignments Map()
[2024-09-20T14:30:14.209+0000] {ssh.py:524} INFO - 24/09/20 14:30:14 INFO TaskSetManager: Starting task 6.0 in stage 0.0 (TID 6) (spark-master, executor driver, partition 6, PROCESS_LOCAL, 4433 bytes) taskResourceAssignments Map()
[2024-09-20T14:30:14.210+0000] {ssh.py:524} INFO - 24/09/20 14:30:14 INFO TaskSetManager: Starting task 7.0 in stage 0.0 (TID 7) (spark-master, executor driver, partition 7, PROCESS_LOCAL, 4433 bytes) taskResourceAssignments Map()
[2024-09-20T14:30:14.210+0000] {ssh.py:524} INFO - 24/09/20 14:30:14 INFO TaskSetManager: Starting task 8.0 in stage 0.0 (TID 8) (spark-master, executor driver, partition 8, PROCESS_LOCAL, 4433 bytes) taskResourceAssignments Map()
[2024-09-20T14:30:14.211+0000] {ssh.py:524} INFO - 24/09/20 14:30:14 INFO TaskSetManager: Starting task 9.0 in stage 0.0 (TID 9) (spark-master, executor driver, partition 9, PROCESS_LOCAL, 4433 bytes) taskResourceAssignments Map()
[2024-09-20T14:30:14.212+0000] {ssh.py:524} INFO - 24/09/20 14:30:14 INFO TaskSetManager: Starting task 10.0 in stage 0.0 (TID 10) (spark-master, executor driver, partition 10, PROCESS_LOCAL, 4433 bytes) taskResourceAssignments Map()
[2024-09-20T14:30:14.233+0000] {ssh.py:524} INFO - 24/09/20 14:30:14 INFO TaskSetManager: Starting task 11.0 in stage 0.0 (TID 11) (spark-master, executor driver, partition 11, PROCESS_LOCAL, 628265 bytes) taskResourceAssignments Map()
[2024-09-20T14:30:14.338+0000] {ssh.py:524} INFO - 24/09/20 14:30:14 INFO Executor: Running task 8.0 in stage 0.0 (TID 8)
[2024-09-20T14:30:14.339+0000] {ssh.py:524} INFO - 24/09/20 14:30:14 INFO Executor: Running task 4.0 in stage 0.0 (TID 4)
[2024-09-20T14:30:14.341+0000] {ssh.py:524} INFO - 24/09/20 14:30:14 INFO Executor: Running task 5.0 in stage 0.0 (TID 5)
[2024-09-20T14:30:14.341+0000] {ssh.py:524} INFO - 24/09/20 14:30:14 INFO Executor: Running task 6.0 in stage 0.0 (TID 6)
[2024-09-20T14:30:14.342+0000] {ssh.py:524} INFO - 24/09/20 14:30:14 INFO Executor: Running task 2.0 in stage 0.0 (TID 2)
[2024-09-20T14:30:14.342+0000] {ssh.py:524} INFO - 24/09/20 14:30:14 INFO Executor: Running task 11.0 in stage 0.0 (TID 11)
[2024-09-20T14:30:14.343+0000] {ssh.py:524} INFO - 24/09/20 14:30:14 INFO Executor: Running task 3.0 in stage 0.0 (TID 3)
[2024-09-20T14:30:14.343+0000] {ssh.py:524} INFO - 24/09/20 14:30:14 INFO Executor: Running task 7.0 in stage 0.0 (TID 7)
[2024-09-20T14:30:14.343+0000] {ssh.py:524} INFO - 24/09/20 14:30:14 INFO Executor: Running task 0.0 in stage 0.0 (TID 0)
[2024-09-20T14:30:14.344+0000] {ssh.py:524} INFO - 24/09/20 14:30:14 INFO Executor: Running task 10.0 in stage 0.0 (TID 10)
[2024-09-20T14:30:14.344+0000] {ssh.py:524} INFO - 24/09/20 14:30:14 INFO Executor: Running task 1.0 in stage 0.0 (TID 1)
[2024-09-20T14:30:14.345+0000] {ssh.py:524} INFO - 24/09/20 14:30:14 INFO Executor: Running task 9.0 in stage 0.0 (TID 9)
[2024-09-20T14:30:15.284+0000] {ssh.py:524} INFO - 24/09/20 14:30:15 WARN AbstractS3ACommitterFactory: Using standard FileOutputCommitter to commit work. This is slow and potentially unsafe.
[2024-09-20T14:30:15.285+0000] {ssh.py:524} INFO - 24/09/20 14:30:15 INFO FileOutputCommitter: File Output Committer Algorithm version is 1
[2024-09-20T14:30:15.287+0000] {ssh.py:524} INFO - 24/09/20 14:30:15 INFO FileOutputCommitter: FileOutputCommitter skip cleanup _temporary folders under output directory:false, ignore cleanup failures: false
[2024-09-20T14:30:15.288+0000] {ssh.py:524} INFO - 24/09/20 14:30:15 WARN AbstractS3ACommitterFactory: Using standard FileOutputCommitter to commit work. This is slow and potentially unsafe.
[2024-09-20T14:30:15.288+0000] {ssh.py:524} INFO - 24/09/20 14:30:15 WARN AbstractS3ACommitterFactory: Using standard FileOutputCommitter to commit work. This is slow and potentially unsafe.
[2024-09-20T14:30:15.289+0000] {ssh.py:524} INFO - 24/09/20 14:30:15 INFO FileOutputCommitter: File Output Committer Algorithm version is 1
[2024-09-20T14:30:15.290+0000] {ssh.py:524} INFO - 24/09/20 14:30:15 INFO FileOutputCommitter: File Output Committer Algorithm version is 1
[2024-09-20T14:30:15.290+0000] {ssh.py:524} INFO - 24/09/20 14:30:15 INFO FileOutputCommitter: FileOutputCommitter skip cleanup _temporary folders under output directory:false, ignore cleanup failures: false
[2024-09-20T14:30:15.291+0000] {ssh.py:524} INFO - 24/09/20 14:30:15 INFO FileOutputCommitter: FileOutputCommitter skip cleanup _temporary folders under output directory:false, ignore cleanup failures: false
[2024-09-20T14:30:15.291+0000] {ssh.py:524} INFO - 24/09/20 14:30:15 INFO AbstractS3ACommitterFactory: Using Committer FileOutputCommitter{PathOutputCommitter{context=TaskAttemptContextImpl{JobContextImpl{jobId=job_202409201430133361947020633308581_0000}; taskId=attempt_202409201430133361947020633308581_0000_m_000007_7, status=''}; org.apache.hadoop.mapreduce.lib.output.FileOutputCommitter@4624b7ba}; outputPath=s3a://raw/olhovivo/posicao/dt=2024-09-20, workPath=s3a://raw/olhovivo/posicao/dt=2024-09-20/_temporary/0/_temporary/attempt_202409201430133361947020633308581_0000_m_000007_7, algorithmVersion=1, skipCleanup=false, ignoreCleanupFailures=false} for s3a://raw/olhovivo/posicao/dt=2024-09-20
[2024-09-20T14:30:15.291+0000] {ssh.py:524} INFO - 24/09/20 14:30:15 INFO SQLHadoopMapReduceCommitProtocol: Using output committer class org.apache.hadoop.mapreduce.lib.output.FileOutputCommitter
[2024-09-20T14:30:15.292+0000] {ssh.py:524} INFO - 24/09/20 14:30:15 INFO AbstractS3ACommitterFactory: Using Committer FileOutputCommitter{PathOutputCommitter{context=TaskAttemptContextImpl{JobContextImpl{jobId=job_202409201430132330930206426173824_0000}; taskId=attempt_202409201430132330930206426173824_0000_m_000008_8, status=''}; org.apache.hadoop.mapreduce.lib.output.FileOutputCommitter@6d08c8ca}; outputPath=s3a://raw/olhovivo/posicao/dt=2024-09-20, workPath=s3a://raw/olhovivo/posicao/dt=2024-09-20/_temporary/0/_temporary/attempt_202409201430132330930206426173824_0000_m_000008_8, algorithmVersion=1, skipCleanup=false, ignoreCleanupFailures=false} for s3a://raw/olhovivo/posicao/dt=2024-09-20
[2024-09-20T14:30:15.292+0000] {ssh.py:524} INFO - 24/09/20 14:30:15 INFO SQLHadoopMapReduceCommitProtocol: Using output committer class org.apache.hadoop.mapreduce.lib.output.FileOutputCommitter
[2024-09-20T14:30:15.292+0000] {ssh.py:524} INFO - 24/09/20 14:30:15 INFO AbstractS3ACommitterFactory: Using Committer FileOutputCommitter{PathOutputCommitter{context=TaskAttemptContextImpl{JobContextImpl{jobId=job_202409201430133159105390434142661_0000}; taskId=attempt_202409201430133159105390434142661_0000_m_000003_3, status=''}; org.apache.hadoop.mapreduce.lib.output.FileOutputCommitter@72b6b06}; outputPath=s3a://raw/olhovivo/posicao/dt=2024-09-20, workPath=s3a://raw/olhovivo/posicao/dt=2024-09-20/_temporary/0/_temporary/attempt_202409201430133159105390434142661_0000_m_000003_3, algorithmVersion=1, skipCleanup=false, ignoreCleanupFailures=false} for s3a://raw/olhovivo/posicao/dt=2024-09-20
[2024-09-20T14:30:15.293+0000] {ssh.py:524} INFO - 24/09/20 14:30:15 INFO SQLHadoopMapReduceCommitProtocol: Using output committer class org.apache.hadoop.mapreduce.lib.output.FileOutputCommitter
[2024-09-20T14:30:15.297+0000] {ssh.py:524} INFO - 24/09/20 14:30:15 WARN AbstractS3ACommitterFactory: Using standard FileOutputCommitter to commit work. This is slow and potentially unsafe.
[2024-09-20T14:30:15.298+0000] {ssh.py:524} INFO - 24/09/20 14:30:15 INFO FileOutputCommitter: File Output Committer Algorithm version is 1
[2024-09-20T14:30:15.298+0000] {ssh.py:524} INFO - 24/09/20 14:30:15 INFO FileOutputCommitter: FileOutputCommitter skip cleanup _temporary folders under output directory:false, ignore cleanup failures: false
[2024-09-20T14:30:15.299+0000] {ssh.py:524} INFO - 24/09/20 14:30:15 INFO AbstractS3ACommitterFactory: Using Committer FileOutputCommitter{PathOutputCommitter{context=TaskAttemptContextImpl{JobContextImpl{jobId=job_202409201430135447715958164469865_0000}; taskId=attempt_202409201430135447715958164469865_0000_m_000010_10, status=''}; org.apache.hadoop.mapreduce.lib.output.FileOutputCommitter@639082b5}; outputPath=s3a://raw/olhovivo/posicao/dt=2024-09-20, workPath=s3a://raw/olhovivo/posicao/dt=2024-09-20/_temporary/0/_temporary/attempt_202409201430135447715958164469865_0000_m_000010_10, algorithmVersion=1, skipCleanup=false, ignoreCleanupFailures=false} for s3a://raw/olhovivo/posicao/dt=2024-09-20
[2024-09-20T14:30:15.299+0000] {ssh.py:524} INFO - 24/09/20 14:30:15 INFO SQLHadoopMapReduceCommitProtocol: Using output committer class org.apache.hadoop.mapreduce.lib.output.FileOutputCommitter
[2024-09-20T14:30:15.309+0000] {ssh.py:524} INFO - 24/09/20 14:30:15 WARN AbstractS3ACommitterFactory: Using standard FileOutputCommitter to commit work. This is slow and potentially unsafe.
[2024-09-20T14:30:15.309+0000] {ssh.py:524} INFO - 24/09/20 14:30:15 INFO FileOutputCommitter: File Output Committer Algorithm version is 1
[2024-09-20T14:30:15.310+0000] {ssh.py:524} INFO - 24/09/20 14:30:15 INFO FileOutputCommitter: FileOutputCommitter skip cleanup _temporary folders under output directory:false, ignore cleanup failures: false
[2024-09-20T14:30:15.311+0000] {ssh.py:524} INFO - 24/09/20 14:30:15 INFO AbstractS3ACommitterFactory: Using Committer FileOutputCommitter{PathOutputCommitter{context=TaskAttemptContextImpl{JobContextImpl{jobId=job_202409201430132563677749109774005_0000}; taskId=attempt_202409201430132563677749109774005_0000_m_000005_5, status=''}; org.apache.hadoop.mapreduce.lib.output.FileOutputCommitter@3f1f5dd1}; outputPath=s3a://raw/olhovivo/posicao/dt=2024-09-20, workPath=s3a://raw/olhovivo/posicao/dt=2024-09-20/_temporary/0/_temporary/attempt_202409201430132563677749109774005_0000_m_000005_5, algorithmVersion=1, skipCleanup=false, ignoreCleanupFailures=false} for s3a://raw/olhovivo/posicao/dt=2024-09-20
[2024-09-20T14:30:15.311+0000] {ssh.py:524} INFO - 24/09/20 14:30:15 INFO SQLHadoopMapReduceCommitProtocol: Using output committer class org.apache.hadoop.mapreduce.lib.output.FileOutputCommitter
[2024-09-20T14:30:15.318+0000] {ssh.py:524} INFO - 24/09/20 14:30:15 WARN AbstractS3ACommitterFactory: Using standard FileOutputCommitter to commit work. This is slow and potentially unsafe.
[2024-09-20T14:30:15.320+0000] {ssh.py:524} INFO - 24/09/20 14:30:15 INFO FileOutputCommitter: File Output Committer Algorithm version is 1
[2024-09-20T14:30:15.321+0000] {ssh.py:524} INFO - 24/09/20 14:30:15 INFO FileOutputCommitter: FileOutputCommitter skip cleanup _temporary folders under output directory:false, ignore cleanup failures: false
[2024-09-20T14:30:15.325+0000] {ssh.py:524} INFO - 24/09/20 14:30:15 INFO AbstractS3ACommitterFactory: Using Committer FileOutputCommitter{PathOutputCommitter{context=TaskAttemptContextImpl{JobContextImpl{jobId=job_202409201430134725508050473826580_0000}; taskId=attempt_202409201430134725508050473826580_0000_m_000011_11, status=''}; org.apache.hadoop.mapreduce.lib.output.FileOutputCommitter@6d986569}; outputPath=s3a://raw/olhovivo/posicao/dt=2024-09-20, workPath=s3a://raw/olhovivo/posicao/dt=2024-09-20/_temporary/0/_temporary/attempt_202409201430134725508050473826580_0000_m_000011_11, algorithmVersion=1, skipCleanup=false, ignoreCleanupFailures=false} for s3a://raw/olhovivo/posicao/dt=2024-09-20
[2024-09-20T14:30:15.325+0000] {ssh.py:524} INFO - 24/09/20 14:30:15 INFO SQLHadoopMapReduceCommitProtocol: Using output committer class org.apache.hadoop.mapreduce.lib.output.FileOutputCommitter
[2024-09-20T14:30:15.332+0000] {ssh.py:524} INFO - 24/09/20 14:30:15 INFO PythonRunner: Times: total = 513, boot = 421, init = 92, finish = 0
[2024-09-20T14:30:15.338+0000] {ssh.py:524} INFO - 24/09/20 14:30:15 INFO PythonRunner: Times: total = 520, boot = 415, init = 105, finish = 0
[2024-09-20T14:30:15.347+0000] {ssh.py:524} INFO - 24/09/20 14:30:15 WARN AbstractS3ACommitterFactory: Using standard FileOutputCommitter to commit work. This is slow and potentially unsafe.
[2024-09-20T14:30:15.348+0000] {ssh.py:524} INFO - 24/09/20 14:30:15 INFO FileOutputCommitter: File Output Committer Algorithm version is 1
[2024-09-20T14:30:15.348+0000] {ssh.py:524} INFO - 24/09/20 14:30:15 INFO FileOutputCommitter: FileOutputCommitter skip cleanup _temporary folders under output directory:false, ignore cleanup failures: false
[2024-09-20T14:30:15.348+0000] {ssh.py:524} INFO - 24/09/20 14:30:15 INFO AbstractS3ACommitterFactory: Using Committer FileOutputCommitter{PathOutputCommitter{context=TaskAttemptContextImpl{JobContextImpl{jobId=job_202409201430138035913943832296119_0000}; taskId=attempt_202409201430138035913943832296119_0000_m_000002_2, status=''}; org.apache.hadoop.mapreduce.lib.output.FileOutputCommitter@7fcf7a5f}; outputPath=s3a://raw/olhovivo/posicao/dt=2024-09-20, workPath=s3a://raw/olhovivo/posicao/dt=2024-09-20/_temporary/0/_temporary/attempt_202409201430138035913943832296119_0000_m_000002_2, algorithmVersion=1, skipCleanup=false, ignoreCleanupFailures=false} for s3a://raw/olhovivo/posicao/dt=2024-09-20
[2024-09-20T14:30:15.349+0000] {ssh.py:524} INFO - 24/09/20 14:30:15 INFO SQLHadoopMapReduceCommitProtocol: Using output committer class org.apache.hadoop.mapreduce.lib.output.FileOutputCommitter
[2024-09-20T14:30:15.355+0000] {ssh.py:524} INFO - 24/09/20 14:30:15 INFO PythonRunner: Times: total = 537, boot = 455, init = 82, finish = 0
[2024-09-20T14:30:15.355+0000] {ssh.py:524} INFO - 24/09/20 14:30:15 WARN AbstractS3ACommitterFactory: Using standard FileOutputCommitter to commit work. This is slow and potentially unsafe.
[2024-09-20T14:30:15.356+0000] {ssh.py:524} INFO - 24/09/20 14:30:15 INFO FileOutputCommitter: File Output Committer Algorithm version is 1
[2024-09-20T14:30:15.356+0000] {ssh.py:524} INFO - 24/09/20 14:30:15 INFO FileOutputCommitter: FileOutputCommitter skip cleanup _temporary folders under output directory:false, ignore cleanup failures: false
[2024-09-20T14:30:15.357+0000] {ssh.py:524} INFO - 24/09/20 14:30:15 INFO AbstractS3ACommitterFactory: Using Committer FileOutputCommitter{PathOutputCommitter{context=TaskAttemptContextImpl{JobContextImpl{jobId=job_202409201430138519233428655072217_0000}; taskId=attempt_202409201430138519233428655072217_0000_m_000000_0, status=''}; org.apache.hadoop.mapreduce.lib.output.FileOutputCommitter@23739332}; outputPath=s3a://raw/olhovivo/posicao/dt=2024-09-20, workPath=s3a://raw/olhovivo/posicao/dt=2024-09-20/_temporary/0/_temporary/attempt_202409201430138519233428655072217_0000_m_000000_0, algorithmVersion=1, skipCleanup=false, ignoreCleanupFailures=false} for s3a://raw/olhovivo/posicao/dt=2024-09-20
[2024-09-20T14:30:15.358+0000] {ssh.py:524} INFO - 24/09/20 14:30:15 INFO SQLHadoopMapReduceCommitProtocol: Using output committer class org.apache.hadoop.mapreduce.lib.output.FileOutputCommitter
[2024-09-20T14:30:15.363+0000] {ssh.py:524} INFO - 24/09/20 14:30:15 WARN AbstractS3ACommitterFactory: Using standard FileOutputCommitter to commit work. This is slow and potentially unsafe.
[2024-09-20T14:30:15.364+0000] {ssh.py:524} INFO - 24/09/20 14:30:15 INFO FileOutputCommitter: File Output Committer Algorithm version is 1
[2024-09-20T14:30:15.364+0000] {ssh.py:524} INFO - 24/09/20 14:30:15 INFO FileOutputCommitter: FileOutputCommitter skip cleanup _temporary folders under output directory:false, ignore cleanup failures: false
[2024-09-20T14:30:15.365+0000] {ssh.py:524} INFO - 24/09/20 14:30:15 INFO AbstractS3ACommitterFactory: Using Committer FileOutputCommitter{PathOutputCommitter{context=TaskAttemptContextImpl{JobContextImpl{jobId=job_202409201430135495363232401362098_0000}; taskId=attempt_202409201430135495363232401362098_0000_m_000009_9, status=''}; org.apache.hadoop.mapreduce.lib.output.FileOutputCommitter@39d5b4af}; outputPath=s3a://raw/olhovivo/posicao/dt=2024-09-20, workPath=s3a://raw/olhovivo/posicao/dt=2024-09-20/_temporary/0/_temporary/attempt_202409201430135495363232401362098_0000_m_000009_9, algorithmVersion=1, skipCleanup=false, ignoreCleanupFailures=false} for s3a://raw/olhovivo/posicao/dt=2024-09-20
[2024-09-20T14:30:15.365+0000] {ssh.py:524} INFO - 24/09/20 14:30:15 INFO SQLHadoopMapReduceCommitProtocol: Using output committer class org.apache.hadoop.mapreduce.lib.output.FileOutputCommitter
[2024-09-20T14:30:15.378+0000] {ssh.py:524} INFO - 24/09/20 14:30:15 INFO PythonRunner: Times: total = 560, boot = 424, init = 136, finish = 0
[2024-09-20T14:30:15.384+0000] {ssh.py:524} INFO - 24/09/20 14:30:15 INFO PythonRunner: Times: total = 565, boot = 458, init = 107, finish = 0
[2024-09-20T14:30:15.394+0000] {ssh.py:524} INFO - 24/09/20 14:30:15 INFO PythonRunner: Times: total = 577, boot = 479, init = 98, finish = 0
[2024-09-20T14:30:15.399+0000] {ssh.py:524} INFO - 24/09/20 14:30:15 WARN AbstractS3ACommitterFactory: Using standard FileOutputCommitter to commit work. This is slow and potentially unsafe.
[2024-09-20T14:30:15.400+0000] {ssh.py:524} INFO - 24/09/20 14:30:15 INFO FileOutputCommitter: File Output Committer Algorithm version is 1
[2024-09-20T14:30:15.400+0000] {ssh.py:524} INFO - 24/09/20 14:30:15 INFO FileOutputCommitter: FileOutputCommitter skip cleanup _temporary folders under output directory:false, ignore cleanup failures: false
[2024-09-20T14:30:15.401+0000] {ssh.py:524} INFO - 24/09/20 14:30:15 INFO AbstractS3ACommitterFactory: Using Committer FileOutputCommitter{PathOutputCommitter{context=TaskAttemptContextImpl{JobContextImpl{jobId=job_202409201430134720538272352369853_0000}; taskId=attempt_202409201430134720538272352369853_0000_m_000001_1, status=''}; org.apache.hadoop.mapreduce.lib.output.FileOutputCommitter@16039a0a}; outputPath=s3a://raw/olhovivo/posicao/dt=2024-09-20, workPath=s3a://raw/olhovivo/posicao/dt=2024-09-20/_temporary/0/_temporary/attempt_202409201430134720538272352369853_0000_m_000001_1, algorithmVersion=1, skipCleanup=false, ignoreCleanupFailures=false} for s3a://raw/olhovivo/posicao/dt=2024-09-20
[2024-09-20T14:30:15.401+0000] {ssh.py:524} INFO - 24/09/20 14:30:15 INFO SQLHadoopMapReduceCommitProtocol: Using output committer class org.apache.hadoop.mapreduce.lib.output.FileOutputCommitter
[2024-09-20T14:30:15.405+0000] {ssh.py:524} INFO - 24/09/20 14:30:15 INFO SparkHadoopMapRedUtil: No need to commit output of task because needsTaskCommit=false: attempt_202409201430133159105390434142661_0000_m_000003_3
[2024-09-20T14:30:15.407+0000] {ssh.py:524} INFO - 24/09/20 14:30:15 INFO PythonRunner: Times: total = 591, boot = 466, init = 125, finish = 0
[2024-09-20T14:30:15.408+0000] {ssh.py:524} INFO - 24/09/20 14:30:15 INFO SparkHadoopMapRedUtil: No need to commit output of task because needsTaskCommit=false: attempt_202409201430135447715958164469865_0000_m_000010_10
[2024-09-20T14:30:15.409+0000] {ssh.py:524} INFO - 24/09/20 14:30:15 INFO SparkHadoopMapRedUtil: No need to commit output of task because needsTaskCommit=false: attempt_202409201430135495363232401362098_0000_m_000009_9
[2024-09-20T14:30:15.410+0000] {ssh.py:524} INFO - 24/09/20 14:30:15 INFO SparkHadoopMapRedUtil: No need to commit output of task because needsTaskCommit=false: attempt_202409201430132330930206426173824_0000_m_000008_8
[2024-09-20T14:30:15.416+0000] {ssh.py:524} INFO - 24/09/20 14:30:15 INFO SparkHadoopMapRedUtil: No need to commit output of task because needsTaskCommit=false: attempt_202409201430133361947020633308581_0000_m_000007_7
[2024-09-20T14:30:15.418+0000] {ssh.py:524} INFO - 24/09/20 14:30:15 INFO SparkHadoopMapRedUtil: No need to commit output of task because needsTaskCommit=false: attempt_202409201430138035913943832296119_0000_m_000002_2
[2024-09-20T14:30:15.418+0000] {ssh.py:524} INFO - 24/09/20 14:30:15 INFO SparkHadoopMapRedUtil: No need to commit output of task because needsTaskCommit=false: attempt_202409201430132563677749109774005_0000_m_000005_5
[2024-09-20T14:30:15.424+0000] {ssh.py:524} INFO - 24/09/20 14:30:15 WARN AbstractS3ACommitterFactory: Using standard FileOutputCommitter to commit work. This is slow and potentially unsafe.
[2024-09-20T14:30:15.425+0000] {ssh.py:524} INFO - 24/09/20 14:30:15 INFO FileOutputCommitter: File Output Committer Algorithm version is 1
[2024-09-20T14:30:15.426+0000] {ssh.py:524} INFO - 24/09/20 14:30:15 INFO FileOutputCommitter: FileOutputCommitter skip cleanup _temporary folders under output directory:false, ignore cleanup failures: false
[2024-09-20T14:30:15.426+0000] {ssh.py:524} INFO - 24/09/20 14:30:15 INFO AbstractS3ACommitterFactory: Using Committer FileOutputCommitter{PathOutputCommitter{context=TaskAttemptContextImpl{JobContextImpl{jobId=job_202409201430137069371072479396070_0000}; taskId=attempt_202409201430137069371072479396070_0000_m_000004_4, status=''}; org.apache.hadoop.mapreduce.lib.output.FileOutputCommitter@71188c59}; outputPath=s3a://raw/olhovivo/posicao/dt=2024-09-20, workPath=s3a://raw/olhovivo/posicao/dt=2024-09-20/_temporary/0/_temporary/attempt_202409201430137069371072479396070_0000_m_000004_4, algorithmVersion=1, skipCleanup=false, ignoreCleanupFailures=false} for s3a://raw/olhovivo/posicao/dt=2024-09-20
[2024-09-20T14:30:15.427+0000] {ssh.py:524} INFO - 24/09/20 14:30:15 INFO SQLHadoopMapReduceCommitProtocol: Using output committer class org.apache.hadoop.mapreduce.lib.output.FileOutputCommitter
[2024-09-20T14:30:15.430+0000] {ssh.py:524} INFO - 24/09/20 14:30:15 WARN AbstractS3ACommitterFactory: Using standard FileOutputCommitter to commit work. This is slow and potentially unsafe.
[2024-09-20T14:30:15.430+0000] {ssh.py:524} INFO - 24/09/20 14:30:15 INFO FileOutputCommitter: File Output Committer Algorithm version is 1
[2024-09-20T14:30:15.431+0000] {ssh.py:524} INFO - 24/09/20 14:30:15 INFO FileOutputCommitter: FileOutputCommitter skip cleanup _temporary folders under output directory:false, ignore cleanup failures: false
[2024-09-20T14:30:15.431+0000] {ssh.py:524} INFO - 24/09/20 14:30:15 INFO AbstractS3ACommitterFactory: Using Committer FileOutputCommitter{PathOutputCommitter{context=TaskAttemptContextImpl{JobContextImpl{jobId=job_202409201430136611877882547797818_0000}; taskId=attempt_202409201430136611877882547797818_0000_m_000006_6, status=''}; org.apache.hadoop.mapreduce.lib.output.FileOutputCommitter@7936c49d}; outputPath=s3a://raw/olhovivo/posicao/dt=2024-09-20, workPath=s3a://raw/olhovivo/posicao/dt=2024-09-20/_temporary/0/_temporary/attempt_202409201430136611877882547797818_0000_m_000006_6, algorithmVersion=1, skipCleanup=false, ignoreCleanupFailures=false} for s3a://raw/olhovivo/posicao/dt=2024-09-20
[2024-09-20T14:30:15.431+0000] {ssh.py:524} INFO - 24/09/20 14:30:15 INFO SQLHadoopMapReduceCommitProtocol: Using output committer class org.apache.hadoop.mapreduce.lib.output.FileOutputCommitter
[2024-09-20T14:30:15.481+0000] {ssh.py:524} INFO - 24/09/20 14:30:15 INFO PythonRunner: Times: total = 661, boot = 534, init = 126, finish = 1
[2024-09-20T14:30:15.483+0000] {ssh.py:524} INFO - 24/09/20 14:30:15 INFO Executor: Finished task 2.0 in stage 0.0 (TID 2). 2871 bytes result sent to driver
[2024-09-20T14:30:15.483+0000] {ssh.py:524} INFO - 24/09/20 14:30:15 INFO Executor: Finished task 3.0 in stage 0.0 (TID 3). 2871 bytes result sent to driver
[2024-09-20T14:30:15.484+0000] {ssh.py:524} INFO - 24/09/20 14:30:15 INFO Executor: Finished task 7.0 in stage 0.0 (TID 7). 2871 bytes result sent to driver
[2024-09-20T14:30:15.484+0000] {ssh.py:524} INFO - 24/09/20 14:30:15 INFO Executor: Finished task 10.0 in stage 0.0 (TID 10). 2871 bytes result sent to driver
[2024-09-20T14:30:15.485+0000] {ssh.py:524} INFO - 24/09/20 14:30:15 INFO Executor: Finished task 5.0 in stage 0.0 (TID 5). 2871 bytes result sent to driver
[2024-09-20T14:30:15.485+0000] {ssh.py:524} INFO - 24/09/20 14:30:15 INFO Executor: Finished task 8.0 in stage 0.0 (TID 8). 2871 bytes result sent to driver
[2024-09-20T14:30:15.486+0000] {ssh.py:524} INFO - 24/09/20 14:30:15 INFO Executor: Finished task 9.0 in stage 0.0 (TID 9). 2871 bytes result sent to driver
[2024-09-20T14:30:15.486+0000] {ssh.py:524} INFO - 24/09/20 14:30:15 INFO PythonRunner: Times: total = 669, boot = 525, init = 144, finish = 0
[2024-09-20T14:30:15.496+0000] {ssh.py:524} INFO - 24/09/20 14:30:15 INFO SparkHadoopMapRedUtil: No need to commit output of task because needsTaskCommit=false: attempt_202409201430137069371072479396070_0000_m_000004_4
[2024-09-20T14:30:15.499+0000] {ssh.py:524} INFO - 24/09/20 14:30:15 INFO SparkHadoopMapRedUtil: No need to commit output of task because needsTaskCommit=false: attempt_202409201430134720538272352369853_0000_m_000001_1
[2024-09-20T14:30:15.500+0000] {ssh.py:524} INFO - 24/09/20 14:30:15 INFO Executor: Finished task 4.0 in stage 0.0 (TID 4). 2828 bytes result sent to driver
[2024-09-20T14:30:15.502+0000] {ssh.py:524} INFO - 24/09/20 14:30:15 INFO Executor: Finished task 1.0 in stage 0.0 (TID 1). 2828 bytes result sent to driver
[2024-09-20T14:30:15.502+0000] {ssh.py:524} INFO - 24/09/20 14:30:15 INFO TaskSetManager: Finished task 7.0 in stage 0.0 (TID 7) in 1292 ms on spark-master (executor driver) (1/12)
[2024-09-20T14:30:15.519+0000] {ssh.py:524} INFO - 24/09/20 14:30:15 INFO TaskSetManager: Finished task 10.0 in stage 0.0 (TID 10) in 1305 ms on spark-master (executor driver) (2/12)
[2024-09-20T14:30:15.520+0000] {ssh.py:524} INFO - 24/09/20 14:30:15 INFO TaskSetManager: Finished task 5.0 in stage 0.0 (TID 5) in 1308 ms on spark-master (executor driver) (3/12)
[2024-09-20T14:30:15.520+0000] {ssh.py:524} INFO - 24/09/20 14:30:15 INFO TaskSetManager: Finished task 3.0 in stage 0.0 (TID 3) in 1311 ms on spark-master (executor driver) (4/12)
[2024-09-20T14:30:15.521+0000] {ssh.py:524} INFO - 24/09/20 14:30:15 INFO TaskSetManager: Finished task 9.0 in stage 0.0 (TID 9) in 1306 ms on spark-master (executor driver) (5/12)
[2024-09-20T14:30:15.521+0000] {ssh.py:524} INFO - 24/09/20 14:30:15 INFO TaskSetManager: Finished task 2.0 in stage 0.0 (TID 2) in 1313 ms on spark-master (executor driver) (6/12)
[2024-09-20T14:30:15.522+0000] {ssh.py:524} INFO - 24/09/20 14:30:15 INFO TaskSetManager: Finished task 4.0 in stage 0.0 (TID 4) in 1311 ms on spark-master (executor driver) (7/12)
[2024-09-20T14:30:15.522+0000] {ssh.py:524} INFO - 24/09/20 14:30:15 INFO TaskSetManager: Finished task 1.0 in stage 0.0 (TID 1) in 1317 ms on spark-master (executor driver) (8/12)
[2024-09-20T14:30:15.523+0000] {ssh.py:524} INFO - 24/09/20 14:30:15 INFO TaskSetManager: Finished task 8.0 in stage 0.0 (TID 8) in 1311 ms on spark-master (executor driver) (9/12)
[2024-09-20T14:30:15.535+0000] {ssh.py:524} INFO - 24/09/20 14:30:15 INFO PythonAccumulatorV2: Connected to AccumulatorServer at host: 127.0.0.1 port: 34171
[2024-09-20T14:30:15.538+0000] {ssh.py:524} INFO - 24/09/20 14:30:15 INFO PythonRunner: Times: total = 722, boot = 513, init = 209, finish = 0
[2024-09-20T14:30:15.548+0000] {ssh.py:524} INFO - 24/09/20 14:30:15 INFO SparkHadoopMapRedUtil: No need to commit output of task because needsTaskCommit=false: attempt_202409201430136611877882547797818_0000_m_000006_6
[2024-09-20T14:30:15.551+0000] {ssh.py:524} INFO - 24/09/20 14:30:15 INFO Executor: Finished task 6.0 in stage 0.0 (TID 6). 2828 bytes result sent to driver
[2024-09-20T14:30:15.554+0000] {ssh.py:524} INFO - 24/09/20 14:30:15 INFO TaskSetManager: Finished task 6.0 in stage 0.0 (TID 6) in 1345 ms on spark-master (executor driver) (10/12)
[2024-09-20T14:30:15.625+0000] {ssh.py:524} INFO - 24/09/20 14:30:15 INFO PythonRunner: Times: total = 628, boot = 507, init = 121, finish = 0
[2024-09-20T14:30:16.224+0000] {ssh.py:524} INFO - 24/09/20 14:30:16 INFO PythonRunner: Times: total = 633, boot = 492, init = 123, finish = 18
[2024-09-20T14:30:16.268+0000] {ssh.py:524} INFO - 24/09/20 14:30:16 INFO FileOutputCommitter: Saved output of task 'attempt_202409201430138519233428655072217_0000_m_000000_0' to s3a://raw/olhovivo/posicao/dt=2024-09-20/_temporary/0/task_202409201430138519233428655072217_0000_m_000000
[2024-09-20T14:30:16.269+0000] {ssh.py:524} INFO - 24/09/20 14:30:16 INFO SparkHadoopMapRedUtil: attempt_202409201430138519233428655072217_0000_m_000000_0: Committed. Elapsed time: 120 ms.
[2024-09-20T14:30:16.270+0000] {ssh.py:524} INFO - 24/09/20 14:30:16 INFO Executor: Finished task 0.0 in stage 0.0 (TID 0). 2828 bytes result sent to driver
[2024-09-20T14:30:16.272+0000] {ssh.py:524} INFO - 24/09/20 14:30:16 INFO TaskSetManager: Finished task 0.0 in stage 0.0 (TID 0) in 2091 ms on spark-master (executor driver) (11/12)
[2024-09-20T14:30:16.371+0000] {ssh.py:524} INFO - 24/09/20 14:30:16 INFO FileOutputCommitter: Saved output of task 'attempt_202409201430134725508050473826580_0000_m_000011_11' to s3a://raw/olhovivo/posicao/dt=2024-09-20/_temporary/0/task_202409201430134725508050473826580_0000_m_000011
[2024-09-20T14:30:16.372+0000] {ssh.py:524} INFO - 24/09/20 14:30:16 INFO SparkHadoopMapRedUtil: attempt_202409201430134725508050473826580_0000_m_000011_11: Committed. Elapsed time: 89 ms.
[2024-09-20T14:30:16.375+0000] {ssh.py:524} INFO - 24/09/20 14:30:16 INFO Executor: Finished task 11.0 in stage 0.0 (TID 11). 2914 bytes result sent to driver
[2024-09-20T14:30:16.377+0000] {ssh.py:524} INFO - 24/09/20 14:30:16 INFO TaskSetManager: Finished task 11.0 in stage 0.0 (TID 11) in 2165 ms on spark-master (executor driver) (12/12)
[2024-09-20T14:30:16.378+0000] {ssh.py:524} INFO - 24/09/20 14:30:16 INFO TaskSchedulerImpl: Removed TaskSet 0.0, whose tasks have all completed, from pool 
[2024-09-20T14:30:16.381+0000] {ssh.py:524} INFO - 24/09/20 14:30:16 INFO DAGScheduler: ResultStage 0 (save at NativeMethodAccessorImpl.java:0) finished in 2.783 s
[2024-09-20T14:30:16.386+0000] {ssh.py:524} INFO - 24/09/20 14:30:16 INFO DAGScheduler: Job 0 is finished. Cancelling potential speculative or zombie tasks for this job
[2024-09-20T14:30:16.386+0000] {ssh.py:524} INFO - 24/09/20 14:30:16 INFO TaskSchedulerImpl: Killing all running tasks in stage 0: Stage finished
[2024-09-20T14:30:16.389+0000] {ssh.py:524} INFO - 24/09/20 14:30:16 INFO DAGScheduler: Job 0 finished: save at NativeMethodAccessorImpl.java:0, took 2.865002 s
[2024-09-20T14:30:16.391+0000] {ssh.py:524} INFO - 24/09/20 14:30:16 INFO FileFormatWriter: Start to commit write Job 273859d4-5a2a-4c39-aaf2-e2929c93d50d.
[2024-09-20T14:30:16.590+0000] {ssh.py:524} INFO - 24/09/20 14:30:16 INFO FileFormatWriter: Write Job 273859d4-5a2a-4c39-aaf2-e2929c93d50d committed. Elapsed time: 197 ms.
[2024-09-20T14:30:16.594+0000] {ssh.py:524} INFO - 24/09/20 14:30:16 INFO FileFormatWriter: Finished processing stats for write job 273859d4-5a2a-4c39-aaf2-e2929c93d50d.
[2024-09-20T14:30:16.599+0000] {ssh.py:524} INFO - [DEBUG] Done.
[2024-09-20T14:30:17.155+0000] {ssh.py:524} INFO - 24/09/20 14:30:17 INFO SparkContext: Invoking stop() from shutdown hook
[2024-09-20T14:30:17.171+0000] {ssh.py:524} INFO - 24/09/20 14:30:17 INFO SparkUI: Stopped Spark web UI at http://spark-master:4043
[2024-09-20T14:30:17.191+0000] {ssh.py:524} INFO - 24/09/20 14:30:17 INFO MapOutputTrackerMasterEndpoint: MapOutputTrackerMasterEndpoint stopped!
[2024-09-20T14:30:17.206+0000] {ssh.py:524} INFO - 24/09/20 14:30:17 INFO MemoryStore: MemoryStore cleared
[2024-09-20T14:30:17.207+0000] {ssh.py:524} INFO - 24/09/20 14:30:17 INFO BlockManager: BlockManager stopped
[2024-09-20T14:30:17.211+0000] {ssh.py:524} INFO - 24/09/20 14:30:17 INFO BlockManagerMaster: BlockManagerMaster stopped
[2024-09-20T14:30:17.213+0000] {ssh.py:524} INFO - 24/09/20 14:30:17 INFO OutputCommitCoordinator$OutputCommitCoordinatorEndpoint: OutputCommitCoordinator stopped!
[2024-09-20T14:30:17.222+0000] {ssh.py:524} INFO - 24/09/20 14:30:17 INFO SparkContext: Successfully stopped SparkContext
[2024-09-20T14:30:17.223+0000] {ssh.py:524} INFO - 24/09/20 14:30:17 INFO ShutdownHookManager: Shutdown hook called
[2024-09-20T14:30:17.223+0000] {ssh.py:524} INFO - 24/09/20 14:30:17 INFO ShutdownHookManager: Deleting directory /tmp/spark-0b804f98-c956-4fb0-a6de-1ec4dc7497b0/pyspark-232e5993-9796-4371-b414-c469eb9ba1ec
[2024-09-20T14:30:17.226+0000] {ssh.py:524} INFO - 24/09/20 14:30:17 INFO ShutdownHookManager: Deleting directory /tmp/spark-0b804f98-c956-4fb0-a6de-1ec4dc7497b0
[2024-09-20T14:30:17.228+0000] {ssh.py:524} INFO - 24/09/20 14:30:17 INFO ShutdownHookManager: Deleting directory /tmp/spark-412ad9ee-37f9-4d2f-a1c7-ab457f0b424e
[2024-09-20T14:30:17.234+0000] {ssh.py:524} INFO - 24/09/20 14:30:17 INFO MetricsSystemImpl: Stopping s3a-file-system metrics system...
[2024-09-20T14:30:17.235+0000] {ssh.py:524} INFO - 24/09/20 14:30:17 INFO MetricsSystemImpl: s3a-file-system metrics system stopped.
[2024-09-20T14:30:17.235+0000] {ssh.py:524} INFO - 24/09/20 14:30:17 INFO MetricsSystemImpl: s3a-file-system metrics system shutdown complete.
[2024-09-20T14:30:17.406+0000] {taskinstance.py:1400} INFO - Marking task as SUCCESS. dag_id=raw_ingestion, task_id=spark_raw_ingestion_posicao, execution_date=20240920T140000, start_date=20240920T143000, end_date=20240920T143017
[2024-09-20T14:30:17.441+0000] {local_task_job_runner.py:228} INFO - Task exited with return code 0
[2024-09-20T14:30:17.501+0000] {taskinstance.py:2778} INFO - 0 downstream tasks scheduled from follow-on schedule check
