[2024-09-22T21:35:47.897+0000] {taskinstance.py:1159} INFO - Dependencies all met for dep_context=non-requeueable deps ti=<TaskInstance: raw_ingestion.spark_raw_ingestion_posicao manual__2024-09-22T00:41:46.533739+00:00 [queued]>
[2024-09-22T21:35:47.907+0000] {taskinstance.py:1159} INFO - Dependencies all met for dep_context=requeueable deps ti=<TaskInstance: raw_ingestion.spark_raw_ingestion_posicao manual__2024-09-22T00:41:46.533739+00:00 [queued]>
[2024-09-22T21:35:47.908+0000] {taskinstance.py:1361} INFO - Starting attempt 2 of 0
[2024-09-22T21:35:47.927+0000] {taskinstance.py:1382} INFO - Executing <Task(SSHOperator): spark_raw_ingestion_posicao> on 2024-09-22 00:41:46.533739+00:00
[2024-09-22T21:35:47.930+0000] {standard_task_runner.py:57} INFO - Started process 195 to run task
[2024-09-22T21:35:47.933+0000] {standard_task_runner.py:84} INFO - Running: ['airflow', 'tasks', 'run', 'raw_ingestion', 'spark_raw_ingestion_posicao', 'manual__2024-09-22T00:41:46.533739+00:00', '--job-id', '452', '--raw', '--subdir', 'DAGS_FOLDER/raw_ingestion_15min.py', '--cfg-path', '/tmp/tmp7u077eqw']
[2024-09-22T21:35:47.934+0000] {standard_task_runner.py:85} INFO - Job 452: Subtask spark_raw_ingestion_posicao
[2024-09-22T21:35:48.055+0000] {task_command.py:416} INFO - Running <TaskInstance: raw_ingestion.spark_raw_ingestion_posicao manual__2024-09-22T00:41:46.533739+00:00 [running]> on host airflow-worker
[2024-09-22T21:35:48.246+0000] {taskinstance.py:1662} INFO - Exporting env vars: AIRFLOW_CTX_DAG_OWNER='***' AIRFLOW_CTX_DAG_ID='raw_ingestion' AIRFLOW_CTX_TASK_ID='spark_raw_ingestion_posicao' AIRFLOW_CTX_EXECUTION_DATE='2024-09-22T00:41:46.533739+00:00' AIRFLOW_CTX_TRY_NUMBER='2' AIRFLOW_CTX_DAG_RUN_ID='manual__2024-09-22T00:41:46.533739+00:00'
[2024-09-22T21:35:48.247+0000] {ssh.py:141} INFO - Creating ssh_client
[2024-09-22T21:35:48.247+0000] {ssh.py:114} INFO - ssh_hook is not provided or invalid. Trying ssh_conn_id to create SSHHook.
[2024-09-22T21:35:48.275+0000] {base.py:73} INFO - Using connection ID 'spark_ssh_default' for task execution.
[2024-09-22T21:35:48.276+0000] {ssh.py:300} WARNING - No Host Key Verification. This won't protect against Man-In-The-Middle attacks
[2024-09-22T21:35:48.283+0000] {transport.py:1893} INFO - Connected (version 2.0, client OpenSSH_8.9p1)
[2024-09-22T21:35:48.377+0000] {transport.py:1893} INFO - Authentication (password) successful!
[2024-09-22T21:35:48.377+0000] {ssh.py:478} INFO - Running command: export SPARK_HOME=/usr/local/spark; /opt/conda/bin/spark-submit --master local[*] ---driver-cores 6 --executor-cores 6 --driver-memory 16G --executor-memory 16G /opt/shared/scripts/raw_ingestion.py 2024-09-22 posicao
[2024-09-22T21:35:48.762+0000] {ssh.py:529} WARNING - Error: Unrecognized option: ---driver-cores
[2024-09-22T21:35:49.914+0000] {ssh.py:529} WARNING - Usage: spark-submit [options] <app jar | python file | R file> [app arguments]
[2024-09-22T21:35:49.914+0000] {ssh.py:529} WARNING - Usage: spark-submit --kill [submission ID] --master [spark://...]
[2024-09-22T21:35:49.915+0000] {ssh.py:529} WARNING - Usage: spark-submit --status [submission ID] --master [spark://...]
[2024-09-22T21:35:49.915+0000] {ssh.py:529} WARNING - Usage: spark-submit run-example [options] example-class [example args]
[2024-09-22T21:35:49.917+0000] {ssh.py:529} WARNING - Options:
[2024-09-22T21:35:49.917+0000] {ssh.py:529} WARNING -   --master MASTER_URL         spark://host:port, mesos://host:port, yarn,
[2024-09-22T21:35:49.918+0000] {ssh.py:529} WARNING -                               k8s://https://host:port, or local (Default: local[*]).
[2024-09-22T21:35:49.918+0000] {ssh.py:529} WARNING -   --deploy-mode DEPLOY_MODE   Whether to launch the driver program locally ("client") or
[2024-09-22T21:35:49.918+0000] {ssh.py:529} WARNING -                               on one of the worker machines inside the cluster ("cluster")
[2024-09-22T21:35:49.919+0000] {ssh.py:529} WARNING -                               (Default: client).
[2024-09-22T21:35:49.919+0000] {ssh.py:529} WARNING -   --class CLASS_NAME          Your application's main class (for Java / Scala apps).
[2024-09-22T21:35:49.920+0000] {ssh.py:529} WARNING -   --name NAME                 A name of your application.
[2024-09-22T21:35:49.920+0000] {ssh.py:529} WARNING -   --jars JARS                 Comma-separated list of jars to include on the driver
[2024-09-22T21:35:49.921+0000] {ssh.py:529} WARNING -                               and executor classpaths.
[2024-09-22T21:35:49.921+0000] {ssh.py:529} WARNING -   --packages                  Comma-separated list of maven coordinates of jars to include
[2024-09-22T21:35:49.922+0000] {ssh.py:529} WARNING -                               on the driver and executor classpaths. Will search the local
[2024-09-22T21:35:49.922+0000] {ssh.py:529} WARNING -                               maven repo, then maven central and any additional remote
[2024-09-22T21:35:49.922+0000] {ssh.py:529} WARNING -                               repositories given by --repositories. The format for the
[2024-09-22T21:35:49.923+0000] {ssh.py:529} WARNING -                               coordinates should be groupId:artifactId:version.
[2024-09-22T21:35:49.923+0000] {ssh.py:529} WARNING -   --exclude-packages          Comma-separated list of groupId:artifactId, to exclude while
[2024-09-22T21:35:49.924+0000] {ssh.py:529} WARNING -                               resolving the dependencies provided in --packages to avoid
[2024-09-22T21:35:49.924+0000] {ssh.py:529} WARNING -                               dependency conflicts.
[2024-09-22T21:35:49.924+0000] {ssh.py:529} WARNING -   --repositories              Comma-separated list of additional remote repositories to
[2024-09-22T21:35:49.925+0000] {ssh.py:529} WARNING -                               search for the maven coordinates given with --packages.
[2024-09-22T21:35:49.925+0000] {ssh.py:529} WARNING -   --py-files PY_FILES         Comma-separated list of .zip, .egg, or .py files to place
[2024-09-22T21:35:49.925+0000] {ssh.py:529} WARNING -                               on the PYTHONPATH for Python apps.
[2024-09-22T21:35:49.925+0000] {ssh.py:529} WARNING -   --files FILES               Comma-separated list of files to be placed in the working
[2024-09-22T21:35:49.926+0000] {ssh.py:529} WARNING -                               directory of each executor. File paths of these files
[2024-09-22T21:35:49.926+0000] {ssh.py:529} WARNING -                               in executors can be accessed via SparkFiles.get(fileName).
[2024-09-22T21:35:49.926+0000] {ssh.py:529} WARNING -   --archives ARCHIVES         Comma-separated list of archives to be extracted into the
[2024-09-22T21:35:49.927+0000] {ssh.py:529} WARNING -                               working directory of each executor.
[2024-09-22T21:35:49.927+0000] {ssh.py:529} WARNING - 
[2024-09-22T21:35:49.927+0000] {ssh.py:529} WARNING -   --conf, -c PROP=VALUE       Arbitrary Spark configuration property.
[2024-09-22T21:35:49.928+0000] {ssh.py:529} WARNING -   --properties-file FILE      Path to a file from which to load extra properties. If not
[2024-09-22T21:35:49.928+0000] {ssh.py:529} WARNING -                               specified, this will look for conf/spark-defaults.conf.
[2024-09-22T21:35:49.928+0000] {ssh.py:529} WARNING - 
[2024-09-22T21:35:49.929+0000] {ssh.py:529} WARNING -   --driver-memory MEM         Memory for driver (e.g. 1000M, 2G) (Default: 1024M).
[2024-09-22T21:35:49.929+0000] {ssh.py:529} WARNING -   --driver-java-options       Extra Java options to pass to the driver.
[2024-09-22T21:35:49.929+0000] {ssh.py:529} WARNING -   --driver-library-path       Extra library path entries to pass to the driver.
[2024-09-22T21:35:49.929+0000] {ssh.py:529} WARNING -   --driver-class-path         Extra class path entries to pass to the driver. Note that
[2024-09-22T21:35:49.930+0000] {ssh.py:529} WARNING -                               jars added with --jars are automatically included in the
[2024-09-22T21:35:49.930+0000] {ssh.py:529} WARNING -                               classpath.
[2024-09-22T21:35:49.930+0000] {ssh.py:529} WARNING - 
[2024-09-22T21:35:49.931+0000] {ssh.py:529} WARNING -   --executor-memory MEM       Memory per executor (e.g. 1000M, 2G) (Default: 1G).
[2024-09-22T21:35:49.931+0000] {ssh.py:529} WARNING - 
[2024-09-22T21:35:49.931+0000] {ssh.py:529} WARNING -   --proxy-user NAME           User to impersonate when submitting the application.
[2024-09-22T21:35:49.932+0000] {ssh.py:529} WARNING -                               This argument does not work with --principal / --keytab.
[2024-09-22T21:35:49.932+0000] {ssh.py:529} WARNING - 
[2024-09-22T21:35:49.932+0000] {ssh.py:529} WARNING -   --help, -h                  Show this help message and exit.
[2024-09-22T21:35:49.932+0000] {ssh.py:529} WARNING -   --verbose, -v               Print additional debug output.
[2024-09-22T21:35:49.933+0000] {ssh.py:529} WARNING -   --version,                  Print the version of current Spark.
[2024-09-22T21:35:49.933+0000] {ssh.py:529} WARNING - 
[2024-09-22T21:35:49.934+0000] {ssh.py:529} WARNING -  Cluster deploy mode only:
[2024-09-22T21:35:49.934+0000] {ssh.py:529} WARNING -   --driver-cores NUM          Number of cores used by the driver, only in cluster mode
[2024-09-22T21:35:49.935+0000] {ssh.py:529} WARNING -                               (Default: 1).
[2024-09-22T21:35:49.935+0000] {ssh.py:529} WARNING - 
[2024-09-22T21:35:49.935+0000] {ssh.py:529} WARNING -  Spark standalone or Mesos with cluster deploy mode only:
[2024-09-22T21:35:49.935+0000] {ssh.py:529} WARNING -   --supervise                 If given, restarts the driver on failure.
[2024-09-22T21:35:49.936+0000] {ssh.py:529} WARNING - 
[2024-09-22T21:35:49.936+0000] {ssh.py:529} WARNING -  Spark standalone, Mesos or K8s with cluster deploy mode only:
[2024-09-22T21:35:49.936+0000] {ssh.py:529} WARNING -   --kill SUBMISSION_ID        If given, kills the driver specified.
[2024-09-22T21:35:49.937+0000] {ssh.py:529} WARNING -   --status SUBMISSION_ID      If given, requests the status of the driver specified.
[2024-09-22T21:35:49.937+0000] {ssh.py:529} WARNING - 
[2024-09-22T21:35:49.937+0000] {ssh.py:529} WARNING -  Spark standalone, Mesos and Kubernetes only:
[2024-09-22T21:35:49.938+0000] {ssh.py:529} WARNING -   --total-executor-cores NUM  Total cores for all executors.
[2024-09-22T21:35:49.938+0000] {ssh.py:529} WARNING - 
[2024-09-22T21:35:49.938+0000] {ssh.py:529} WARNING -  Spark standalone, YARN and Kubernetes only:
[2024-09-22T21:35:49.939+0000] {ssh.py:529} WARNING -   --executor-cores NUM        Number of cores used by each executor. (Default: 1 in
[2024-09-22T21:35:49.939+0000] {ssh.py:529} WARNING -                               YARN and K8S modes, or all available cores on the worker
[2024-09-22T21:35:49.940+0000] {ssh.py:529} WARNING -                               in standalone mode).
[2024-09-22T21:35:49.940+0000] {ssh.py:529} WARNING - 
[2024-09-22T21:35:49.940+0000] {ssh.py:529} WARNING -  Spark on YARN and Kubernetes only:
[2024-09-22T21:35:49.941+0000] {ssh.py:529} WARNING -   --num-executors NUM         Number of executors to launch (Default: 2).
[2024-09-22T21:35:49.941+0000] {ssh.py:529} WARNING -                               If dynamic allocation is enabled, the initial number of
[2024-09-22T21:35:49.941+0000] {ssh.py:529} WARNING -                               executors will be at least NUM.
[2024-09-22T21:35:49.942+0000] {ssh.py:529} WARNING -   --principal PRINCIPAL       Principal to be used to login to KDC.
[2024-09-22T21:35:49.942+0000] {ssh.py:529} WARNING -   --keytab KEYTAB             The full path to the file that contains the keytab for the
[2024-09-22T21:35:49.943+0000] {ssh.py:529} WARNING -                               principal specified above.
[2024-09-22T21:35:49.944+0000] {ssh.py:529} WARNING - 
[2024-09-22T21:35:49.944+0000] {ssh.py:529} WARNING -  Spark on YARN only:
[2024-09-22T21:35:49.945+0000] {ssh.py:529} WARNING -   --queue QUEUE_NAME          The YARN queue to submit to (Default: "default").
[2024-09-22T21:35:49.945+0000] {ssh.py:529} WARNING -       
[2024-09-22T21:35:50.021+0000] {taskinstance.py:1937} ERROR - Task failed with exception
Traceback (most recent call last):
  File "/home/airflow/.local/lib/python3.8/site-packages/airflow/providers/ssh/operators/ssh.py", line 178, in execute
    result = self.run_ssh_client_command(ssh_client, self.command, context=context)
  File "/home/airflow/.local/lib/python3.8/site-packages/airflow/providers/ssh/operators/ssh.py", line 166, in run_ssh_client_command
    self.raise_for_status(exit_status, agg_stderr, context=context)
  File "/home/airflow/.local/lib/python3.8/site-packages/airflow/providers/ssh/operators/ssh.py", line 160, in raise_for_status
    raise AirflowException(f"SSH operator error: exit status = {exit_status}")
airflow.exceptions.AirflowException: SSH operator error: exit status = 1
[2024-09-22T21:35:50.025+0000] {taskinstance.py:1400} INFO - Marking task as FAILED. dag_id=raw_ingestion, task_id=spark_raw_ingestion_posicao, execution_date=20240922T004146, start_date=20240922T213547, end_date=20240922T213550
[2024-09-22T21:35:50.054+0000] {standard_task_runner.py:104} ERROR - Failed to execute job 452 for task spark_raw_ingestion_posicao (SSH operator error: exit status = 1; 195)
[2024-09-22T21:35:50.072+0000] {local_task_job_runner.py:228} INFO - Task exited with return code 1
[2024-09-22T21:35:50.141+0000] {taskinstance.py:2778} INFO - 0 downstream tasks scheduled from follow-on schedule check
