[2024-09-21T23:00:01.252+0000] {taskinstance.py:1159} INFO - Dependencies all met for dep_context=non-requeueable deps ti=<TaskInstance: raw_ingestion.spark_raw_ingestion_empresa scheduled__2024-09-21T22:30:00+00:00 [queued]>
[2024-09-21T23:00:01.262+0000] {taskinstance.py:1159} INFO - Dependencies all met for dep_context=requeueable deps ti=<TaskInstance: raw_ingestion.spark_raw_ingestion_empresa scheduled__2024-09-21T22:30:00+00:00 [queued]>
[2024-09-21T23:00:01.262+0000] {taskinstance.py:1361} INFO - Starting attempt 1 of 0
[2024-09-21T23:00:01.287+0000] {taskinstance.py:1382} INFO - Executing <Task(SSHOperator): spark_raw_ingestion_empresa> on 2024-09-21 22:30:00+00:00
[2024-09-21T23:00:01.293+0000] {standard_task_runner.py:57} INFO - Started process 2666 to run task
[2024-09-21T23:00:01.295+0000] {standard_task_runner.py:84} INFO - Running: ['airflow', 'tasks', 'run', 'raw_ingestion', 'spark_raw_ingestion_empresa', 'scheduled__2024-09-21T22:30:00+00:00', '--job-id', '432', '--raw', '--subdir', 'DAGS_FOLDER/raw_ingestion.py', '--cfg-path', '/tmp/tmp8_iuid6f']
[2024-09-21T23:00:01.296+0000] {standard_task_runner.py:85} INFO - Job 432: Subtask spark_raw_ingestion_empresa
[2024-09-21T23:00:01.432+0000] {task_command.py:416} INFO - Running <TaskInstance: raw_ingestion.spark_raw_ingestion_empresa scheduled__2024-09-21T22:30:00+00:00 [running]> on host airflow-worker
[2024-09-21T23:00:01.618+0000] {taskinstance.py:1662} INFO - Exporting env vars: AIRFLOW_CTX_DAG_OWNER='***' AIRFLOW_CTX_DAG_ID='raw_ingestion' AIRFLOW_CTX_TASK_ID='spark_raw_ingestion_empresa' AIRFLOW_CTX_EXECUTION_DATE='2024-09-21T22:30:00+00:00' AIRFLOW_CTX_TRY_NUMBER='1' AIRFLOW_CTX_DAG_RUN_ID='scheduled__2024-09-21T22:30:00+00:00'
[2024-09-21T23:00:01.619+0000] {ssh.py:141} INFO - Creating ssh_client
[2024-09-21T23:00:01.620+0000] {ssh.py:114} INFO - ssh_hook is not provided or invalid. Trying ssh_conn_id to create SSHHook.
[2024-09-21T23:00:01.647+0000] {base.py:73} INFO - Using connection ID 'spark_ssh_default' for task execution.
[2024-09-21T23:00:01.648+0000] {ssh.py:300} WARNING - No Host Key Verification. This won't protect against Man-In-The-Middle attacks
[2024-09-21T23:00:01.655+0000] {transport.py:1893} INFO - Connected (version 2.0, client OpenSSH_8.9p1)
[2024-09-21T23:00:01.736+0000] {transport.py:1893} INFO - Authentication (password) successful!
[2024-09-21T23:00:01.737+0000] {ssh.py:478} INFO - Running command: export SPARK_HOME=/usr/local/spark; /opt/conda/bin/spark-submit --master local[*] --executor-memory 4g /opt/shared/scripts/raw_ingestion.py 2024-09-21 empresa
[2024-09-21T23:00:04.360+0000] {ssh.py:524} INFO - [DEBUG] dt_now: 2024-09-21
[2024-09-21T23:00:04.360+0000] {ssh.py:524} INFO - [DEBUG] endpoint: empresa
[2024-09-21T23:00:04.442+0000] {ssh.py:524} INFO - 24/09/21 23:00:04 INFO SparkContext: Running Spark version 3.3.1
[2024-09-21T23:00:04.464+0000] {ssh.py:524} INFO - 24/09/21 23:00:04 WARN NativeCodeLoader: Unable to load native-hadoop library for your platform... using builtin-java classes where applicable
[2024-09-21T23:00:04.555+0000] {ssh.py:524} INFO - 24/09/21 23:00:04 INFO ResourceUtils: ==============================================================
[2024-09-21T23:00:04.556+0000] {ssh.py:524} INFO - 24/09/21 23:00:04 INFO ResourceUtils: No custom resources configured for spark.driver.
[2024-09-21T23:00:04.556+0000] {ssh.py:524} INFO - 24/09/21 23:00:04 INFO ResourceUtils: ==============================================================
[2024-09-21T23:00:04.557+0000] {ssh.py:524} INFO - 24/09/21 23:00:04 INFO SparkContext: Submitted application: raw_ingestion_empresa
[2024-09-21T23:00:04.580+0000] {ssh.py:524} INFO - 24/09/21 23:00:04 INFO ResourceProfile: Default ResourceProfile created, executor resources: Map(cores -> name: cores, amount: 1, script: , vendor: , memory -> name: memory, amount: 1024, script: , vendor: , offHeap -> name: offHeap, amount: 0, script: , vendor: ), task resources: Map(cpus -> name: cpus, amount: 1.0)
[2024-09-21T23:00:04.589+0000] {ssh.py:524} INFO - 24/09/21 23:00:04 INFO ResourceProfile: Limiting resource is cpu
[2024-09-21T23:00:04.590+0000] {ssh.py:524} INFO - 24/09/21 23:00:04 INFO ResourceProfileManager: Added ResourceProfile id: 0
[2024-09-21T23:00:04.639+0000] {ssh.py:524} INFO - 24/09/21 23:00:04 INFO SecurityManager: Changing view acls to: root
[2024-09-21T23:00:04.639+0000] {ssh.py:524} INFO - 24/09/21 23:00:04 INFO SecurityManager: Changing modify acls to: root
[2024-09-21T23:00:04.642+0000] {ssh.py:524} INFO - 24/09/21 23:00:04 INFO SecurityManager: Changing view acls groups to: 
[2024-09-21T23:00:04.643+0000] {ssh.py:524} INFO - 24/09/21 23:00:04 INFO SecurityManager: Changing modify acls groups to: 
[2024-09-21T23:00:04.644+0000] {ssh.py:524} INFO - 24/09/21 23:00:04 INFO SecurityManager: SecurityManager: authentication disabled; ui acls disabled; users  with view permissions: Set(root); groups with view permissions: Set(); users  with modify permissions: Set(root); groups with modify permissions: Set()
[2024-09-21T23:00:05.001+0000] {ssh.py:524} INFO - 24/09/21 23:00:05 INFO Utils: Successfully started service 'sparkDriver' on port 45321.
[2024-09-21T23:00:05.058+0000] {ssh.py:524} INFO - 24/09/21 23:00:05 INFO SparkEnv: Registering MapOutputTracker
[2024-09-21T23:00:05.093+0000] {ssh.py:524} INFO - 24/09/21 23:00:05 INFO SparkEnv: Registering BlockManagerMaster
[2024-09-21T23:00:05.112+0000] {ssh.py:524} INFO - 24/09/21 23:00:05 INFO BlockManagerMasterEndpoint: Using org.apache.spark.storage.DefaultTopologyMapper for getting topology information
[2024-09-21T23:00:05.113+0000] {ssh.py:524} INFO - 24/09/21 23:00:05 INFO BlockManagerMasterEndpoint: BlockManagerMasterEndpoint up
[2024-09-21T23:00:05.118+0000] {ssh.py:524} INFO - 24/09/21 23:00:05 INFO SparkEnv: Registering BlockManagerMasterHeartbeat
[2024-09-21T23:00:05.141+0000] {ssh.py:524} INFO - 24/09/21 23:00:05 INFO DiskBlockManager: Created local directory at /tmp/blockmgr-6559808d-c0fc-462b-ada0-2c3034d9bea8
[2024-09-21T23:00:05.168+0000] {ssh.py:524} INFO - 24/09/21 23:00:05 INFO MemoryStore: MemoryStore started with capacity 434.4 MiB
[2024-09-21T23:00:05.194+0000] {ssh.py:524} INFO - 24/09/21 23:00:05 INFO SparkEnv: Registering OutputCommitCoordinator
[2024-09-21T23:00:05.408+0000] {ssh.py:524} INFO - 24/09/21 23:00:05 WARN Utils: Service 'SparkUI' could not bind on port 4040. Attempting port 4041.
[2024-09-21T23:00:05.410+0000] {ssh.py:524} INFO - 24/09/21 23:00:05 WARN Utils: Service 'SparkUI' could not bind on port 4041. Attempting port 4042.
[2024-09-21T23:00:05.412+0000] {ssh.py:524} INFO - 24/09/21 23:00:05 WARN Utils: Service 'SparkUI' could not bind on port 4042. Attempting port 4043.
[2024-09-21T23:00:05.413+0000] {ssh.py:524} INFO - 24/09/21 23:00:05 WARN Utils: Service 'SparkUI' could not bind on port 4043. Attempting port 4044.
[2024-09-21T23:00:05.414+0000] {ssh.py:524} INFO - 24/09/21 23:00:05 WARN Utils: Service 'SparkUI' could not bind on port 4044. Attempting port 4045.
[2024-09-21T23:00:05.416+0000] {ssh.py:524} INFO - 24/09/21 23:00:05 WARN Utils: Service 'SparkUI' could not bind on port 4045. Attempting port 4046.
[2024-09-21T23:00:05.428+0000] {ssh.py:524} INFO - 24/09/21 23:00:05 INFO Utils: Successfully started service 'SparkUI' on port 4046.
[2024-09-21T23:00:05.577+0000] {ssh.py:524} INFO - 24/09/21 23:00:05 INFO Executor: Starting executor ID driver on host spark-master
[2024-09-21T23:00:05.592+0000] {ssh.py:524} INFO - 24/09/21 23:00:05 INFO Executor: Starting executor with user classpath (userClassPathFirst = false): ''
[2024-09-21T23:00:05.622+0000] {ssh.py:524} INFO - 24/09/21 23:00:05 INFO Utils: Successfully started service 'org.apache.spark.network.netty.NettyBlockTransferService' on port 33203.
[2024-09-21T23:00:05.623+0000] {ssh.py:524} INFO - 24/09/21 23:00:05 INFO NettyBlockTransferService: Server created on spark-master:33203
[2024-09-21T23:00:05.625+0000] {ssh.py:524} INFO - 24/09/21 23:00:05 INFO BlockManager: Using org.apache.spark.storage.RandomBlockReplicationPolicy for block replication policy
[2024-09-21T23:00:05.633+0000] {ssh.py:524} INFO - 24/09/21 23:00:05 INFO BlockManagerMaster: Registering BlockManager BlockManagerId(driver, spark-master, 33203, None)
[2024-09-21T23:00:05.638+0000] {ssh.py:524} INFO - 24/09/21 23:00:05 INFO BlockManagerMasterEndpoint: Registering block manager spark-master:33203 with 434.4 MiB RAM, BlockManagerId(driver, spark-master, 33203, None)
[2024-09-21T23:00:05.641+0000] {ssh.py:524} INFO - 24/09/21 23:00:05 INFO BlockManagerMaster: Registered BlockManager BlockManagerId(driver, spark-master, 33203, None)
[2024-09-21T23:00:05.645+0000] {ssh.py:524} INFO - 24/09/21 23:00:05 INFO BlockManager: Initialized BlockManager: BlockManagerId(driver, spark-master, 33203, None)
[2024-09-21T23:00:07.222+0000] {ssh.py:524} INFO - 24/09/21 23:00:07 INFO SharedState: Setting hive.metastore.warehouse.dir ('null') to the value of spark.sql.warehouse.dir.
[2024-09-21T23:00:07.228+0000] {ssh.py:524} INFO - 24/09/21 23:00:07 INFO SharedState: Warehouse path is 'file:/root/spark-warehouse'.
[2024-09-21T23:00:09.231+0000] {ssh.py:524} INFO - 24/09/21 23:00:09 WARN MetricsConfig: Cannot locate configuration: tried hadoop-metrics2-s3a-file-system.properties,hadoop-metrics2.properties
[2024-09-21T23:00:09.244+0000] {ssh.py:524} INFO - 24/09/21 23:00:09 INFO MetricsSystemImpl: Scheduled Metric snapshot period at 10 second(s).
[2024-09-21T23:00:09.244+0000] {ssh.py:524} INFO - 24/09/21 23:00:09 INFO MetricsSystemImpl: s3a-file-system metrics system started
[2024-09-21T23:00:10.394+0000] {ssh.py:524} INFO - 24/09/21 23:00:10 WARN AbstractS3ACommitterFactory: Using standard FileOutputCommitter to commit work. This is slow and potentially unsafe.
[2024-09-21T23:00:10.395+0000] {ssh.py:524} INFO - 24/09/21 23:00:10 INFO FileOutputCommitter: File Output Committer Algorithm version is 1
[2024-09-21T23:00:10.395+0000] {ssh.py:524} INFO - 24/09/21 23:00:10 INFO FileOutputCommitter: FileOutputCommitter skip cleanup _temporary folders under output directory:false, ignore cleanup failures: false
[2024-09-21T23:00:10.398+0000] {ssh.py:524} INFO - 24/09/21 23:00:10 INFO AbstractS3ACommitterFactory: Using Committer FileOutputCommitter{PathOutputCommitter{context=TaskAttemptContextImpl{JobContextImpl{jobId=job_202409212300104607610931260356238_0000}; taskId=attempt_202409212300104607610931260356238_0000_m_000000_0, status=''}; org.apache.hadoop.mapreduce.lib.output.FileOutputCommitter@1e0cf8c5}; outputPath=s3a://raw/olhovivo/empresa/dt=2024-09-21, workPath=s3a://raw/olhovivo/empresa/dt=2024-09-21/_temporary/0/_temporary/attempt_202409212300104607610931260356238_0000_m_000000_0, algorithmVersion=1, skipCleanup=false, ignoreCleanupFailures=false} for s3a://raw/olhovivo/empresa/dt=2024-09-21
[2024-09-21T23:00:10.399+0000] {ssh.py:524} INFO - 24/09/21 23:00:10 INFO SQLHadoopMapReduceCommitProtocol: Using output committer class org.apache.hadoop.mapreduce.lib.output.FileOutputCommitter
[2024-09-21T23:00:10.867+0000] {ssh.py:524} INFO - 24/09/21 23:00:10 INFO CodeGenerator: Code generated in 137.859718 ms
[2024-09-21T23:00:10.960+0000] {ssh.py:524} INFO - 24/09/21 23:00:10 INFO SparkContext: Starting job: save at NativeMethodAccessorImpl.java:0
[2024-09-21T23:00:10.971+0000] {ssh.py:524} INFO - 24/09/21 23:00:10 INFO DAGScheduler: Got job 0 (save at NativeMethodAccessorImpl.java:0) with 12 output partitions
[2024-09-21T23:00:10.972+0000] {ssh.py:524} INFO - 24/09/21 23:00:10 INFO DAGScheduler: Final stage: ResultStage 0 (save at NativeMethodAccessorImpl.java:0)
[2024-09-21T23:00:10.972+0000] {ssh.py:524} INFO - 24/09/21 23:00:10 INFO DAGScheduler: Parents of final stage: List()
[2024-09-21T23:00:10.973+0000] {ssh.py:524} INFO - 24/09/21 23:00:10 INFO DAGScheduler: Missing parents: List()
[2024-09-21T23:00:10.975+0000] {ssh.py:524} INFO - 24/09/21 23:00:10 INFO DAGScheduler: Submitting ResultStage 0 (MapPartitionsRDD[5] at save at NativeMethodAccessorImpl.java:0), which has no missing parents
[2024-09-21T23:00:11.061+0000] {ssh.py:524} INFO - 24/09/21 23:00:11 INFO MemoryStore: Block broadcast_0 stored as values in memory (estimated size 223.8 KiB, free 434.2 MiB)
[2024-09-21T23:00:11.083+0000] {ssh.py:524} INFO - 24/09/21 23:00:11 INFO MemoryStore: Block broadcast_0_piece0 stored as bytes in memory (estimated size 81.3 KiB, free 434.1 MiB)
[2024-09-21T23:00:11.086+0000] {ssh.py:524} INFO - 24/09/21 23:00:11 INFO BlockManagerInfo: Added broadcast_0_piece0 in memory on spark-master:33203 (size: 81.3 KiB, free: 434.3 MiB)
[2024-09-21T23:00:11.090+0000] {ssh.py:524} INFO - 24/09/21 23:00:11 INFO SparkContext: Created broadcast 0 from broadcast at DAGScheduler.scala:1513
[2024-09-21T23:00:11.101+0000] {ssh.py:524} INFO - 24/09/21 23:00:11 INFO DAGScheduler: Submitting 12 missing tasks from ResultStage 0 (MapPartitionsRDD[5] at save at NativeMethodAccessorImpl.java:0) (first 15 tasks are for partitions Vector(0, 1, 2, 3, 4, 5, 6, 7, 8, 9, 10, 11))
[2024-09-21T23:00:11.102+0000] {ssh.py:524} INFO - 24/09/21 23:00:11 INFO TaskSchedulerImpl: Adding task set 0.0 with 12 tasks resource profile 0
[2024-09-21T23:00:11.153+0000] {ssh.py:524} INFO - 24/09/21 23:00:11 INFO TaskSetManager: Starting task 0.0 in stage 0.0 (TID 0) (spark-master, executor driver, partition 0, PROCESS_LOCAL, 4433 bytes) taskResourceAssignments Map()
[2024-09-21T23:00:11.157+0000] {ssh.py:524} INFO - 24/09/21 23:00:11 INFO TaskSetManager: Starting task 1.0 in stage 0.0 (TID 1) (spark-master, executor driver, partition 1, PROCESS_LOCAL, 4433 bytes) taskResourceAssignments Map()
[2024-09-21T23:00:11.166+0000] {ssh.py:524} INFO - 24/09/21 23:00:11 INFO TaskSetManager: Starting task 2.0 in stage 0.0 (TID 2) (spark-master, executor driver, partition 2, PROCESS_LOCAL, 4433 bytes) taskResourceAssignments Map()
[2024-09-21T23:00:11.168+0000] {ssh.py:524} INFO - 24/09/21 23:00:11 INFO TaskSetManager: Starting task 3.0 in stage 0.0 (TID 3) (spark-master, executor driver, partition 3, PROCESS_LOCAL, 4433 bytes) taskResourceAssignments Map()
[2024-09-21T23:00:11.168+0000] {ssh.py:524} INFO - 24/09/21 23:00:11 INFO TaskSetManager: Starting task 4.0 in stage 0.0 (TID 4) (spark-master, executor driver, partition 4, PROCESS_LOCAL, 4433 bytes) taskResourceAssignments Map()
[2024-09-21T23:00:11.170+0000] {ssh.py:524} INFO - 24/09/21 23:00:11 INFO TaskSetManager: Starting task 5.0 in stage 0.0 (TID 5) (spark-master, executor driver, partition 5, PROCESS_LOCAL, 4433 bytes) taskResourceAssignments Map()
[2024-09-21T23:00:11.171+0000] {ssh.py:524} INFO - 24/09/21 23:00:11 INFO TaskSetManager: Starting task 6.0 in stage 0.0 (TID 6) (spark-master, executor driver, partition 6, PROCESS_LOCAL, 4433 bytes) taskResourceAssignments Map()
[2024-09-21T23:00:11.172+0000] {ssh.py:524} INFO - 24/09/21 23:00:11 INFO TaskSetManager: Starting task 7.0 in stage 0.0 (TID 7) (spark-master, executor driver, partition 7, PROCESS_LOCAL, 4433 bytes) taskResourceAssignments Map()
[2024-09-21T23:00:11.173+0000] {ssh.py:524} INFO - 24/09/21 23:00:11 INFO TaskSetManager: Starting task 8.0 in stage 0.0 (TID 8) (spark-master, executor driver, partition 8, PROCESS_LOCAL, 4433 bytes) taskResourceAssignments Map()
[2024-09-21T23:00:11.175+0000] {ssh.py:524} INFO - 24/09/21 23:00:11 INFO TaskSetManager: Starting task 9.0 in stage 0.0 (TID 9) (spark-master, executor driver, partition 9, PROCESS_LOCAL, 4433 bytes) taskResourceAssignments Map()
[2024-09-21T23:00:11.176+0000] {ssh.py:524} INFO - 24/09/21 23:00:11 INFO TaskSetManager: Starting task 10.0 in stage 0.0 (TID 10) (spark-master, executor driver, partition 10, PROCESS_LOCAL, 4433 bytes) taskResourceAssignments Map()
[2024-09-21T23:00:11.177+0000] {ssh.py:524} INFO - 24/09/21 23:00:11 INFO TaskSetManager: Starting task 11.0 in stage 0.0 (TID 11) (spark-master, executor driver, partition 11, PROCESS_LOCAL, 5155 bytes) taskResourceAssignments Map()
[2024-09-21T23:00:11.204+0000] {ssh.py:524} INFO - 24/09/21 23:00:11 INFO Executor: Running task 5.0 in stage 0.0 (TID 5)
[2024-09-21T23:00:11.205+0000] {ssh.py:524} INFO - 24/09/21 23:00:11 INFO Executor: Running task 11.0 in stage 0.0 (TID 11)
[2024-09-21T23:00:11.205+0000] {ssh.py:524} INFO - 24/09/21 23:00:11 INFO Executor: Running task 6.0 in stage 0.0 (TID 6)
[2024-09-21T23:00:11.206+0000] {ssh.py:524} INFO - 24/09/21 23:00:11 INFO Executor: Running task 9.0 in stage 0.0 (TID 9)
[2024-09-21T23:00:11.208+0000] {ssh.py:524} INFO - 24/09/21 23:00:11 INFO Executor: Running task 4.0 in stage 0.0 (TID 4)
[2024-09-21T23:00:11.208+0000] {ssh.py:524} INFO - 24/09/21 23:00:11 INFO Executor: Running task 2.0 in stage 0.0 (TID 2)
[2024-09-21T23:00:11.209+0000] {ssh.py:524} INFO - 24/09/21 23:00:11 INFO Executor: Running task 3.0 in stage 0.0 (TID 3)
[2024-09-21T23:00:11.210+0000] {ssh.py:524} INFO - 24/09/21 23:00:11 INFO Executor: Running task 7.0 in stage 0.0 (TID 7)
[2024-09-21T23:00:11.210+0000] {ssh.py:524} INFO - 24/09/21 23:00:11 INFO Executor: Running task 8.0 in stage 0.0 (TID 8)
[2024-09-21T23:00:11.211+0000] {ssh.py:524} INFO - 24/09/21 23:00:11 INFO Executor: Running task 10.0 in stage 0.0 (TID 10)
[2024-09-21T23:00:11.211+0000] {ssh.py:524} INFO - 24/09/21 23:00:11 INFO Executor: Running task 1.0 in stage 0.0 (TID 1)
[2024-09-21T23:00:11.211+0000] {ssh.py:524} INFO - 24/09/21 23:00:11 INFO Executor: Running task 0.0 in stage 0.0 (TID 0)
[2024-09-21T23:00:12.002+0000] {ssh.py:524} INFO - 24/09/21 23:00:12 WARN AbstractS3ACommitterFactory: Using standard FileOutputCommitter to commit work. This is slow and potentially unsafe.
[2024-09-21T23:00:12.003+0000] {ssh.py:524} INFO - 24/09/21 23:00:12 INFO FileOutputCommitter: File Output Committer Algorithm version is 1
[2024-09-21T23:00:12.003+0000] {ssh.py:524} INFO - 24/09/21 23:00:12 INFO FileOutputCommitter: FileOutputCommitter skip cleanup _temporary folders under output directory:false, ignore cleanup failures: false
[2024-09-21T23:00:12.004+0000] {ssh.py:524} INFO - 24/09/21 23:00:12 WARN AbstractS3ACommitterFactory: Using standard FileOutputCommitter to commit work. This is slow and potentially unsafe.
[2024-09-21T23:00:12.004+0000] {ssh.py:524} INFO - 24/09/21 23:00:12 INFO FileOutputCommitter: File Output Committer Algorithm version is 1
[2024-09-21T23:00:12.005+0000] {ssh.py:524} INFO - 24/09/21 23:00:12 INFO FileOutputCommitter: FileOutputCommitter skip cleanup _temporary folders under output directory:false, ignore cleanup failures: false
[2024-09-21T23:00:12.005+0000] {ssh.py:524} INFO - 24/09/21 23:00:12 INFO AbstractS3ACommitterFactory: Using Committer FileOutputCommitter{PathOutputCommitter{context=TaskAttemptContextImpl{JobContextImpl{jobId=job_202409212300107247351162971215893_0000}; taskId=attempt_202409212300107247351162971215893_0000_m_000008_8, status=''}; org.apache.hadoop.mapreduce.lib.output.FileOutputCommitter@6578af4f}; outputPath=s3a://raw/olhovivo/empresa/dt=2024-09-21, workPath=s3a://raw/olhovivo/empresa/dt=2024-09-21/_temporary/0/_temporary/attempt_202409212300107247351162971215893_0000_m_000008_8, algorithmVersion=1, skipCleanup=false, ignoreCleanupFailures=false} for s3a://raw/olhovivo/empresa/dt=2024-09-21
[2024-09-21T23:00:12.006+0000] {ssh.py:524} INFO - 24/09/21 23:00:12 INFO AbstractS3ACommitterFactory: Using Committer FileOutputCommitter{PathOutputCommitter{context=TaskAttemptContextImpl{JobContextImpl{jobId=job_20240921230010960420724061452007_0000}; taskId=attempt_20240921230010960420724061452007_0000_m_000004_4, status=''}; org.apache.hadoop.mapreduce.lib.output.FileOutputCommitter@39781e90}; outputPath=s3a://raw/olhovivo/empresa/dt=2024-09-21, workPath=s3a://raw/olhovivo/empresa/dt=2024-09-21/_temporary/0/_temporary/attempt_20240921230010960420724061452007_0000_m_000004_4, algorithmVersion=1, skipCleanup=false, ignoreCleanupFailures=false} for s3a://raw/olhovivo/empresa/dt=2024-09-21
[2024-09-21T23:00:12.006+0000] {ssh.py:524} INFO - 24/09/21 23:00:12 INFO SQLHadoopMapReduceCommitProtocol: Using output committer class org.apache.hadoop.mapreduce.lib.output.FileOutputCommitter
[2024-09-21T23:00:12.007+0000] {ssh.py:524} INFO - 24/09/21 23:00:12 INFO SQLHadoopMapReduceCommitProtocol: Using output committer class org.apache.hadoop.mapreduce.lib.output.FileOutputCommitter
[2024-09-21T23:00:12.019+0000] {ssh.py:524} INFO - 24/09/21 23:00:12 WARN AbstractS3ACommitterFactory: Using standard FileOutputCommitter to commit work. This is slow and potentially unsafe.
[2024-09-21T23:00:12.020+0000] {ssh.py:524} INFO - 24/09/21 23:00:12 INFO FileOutputCommitter: File Output Committer Algorithm version is 1
[2024-09-21T23:00:12.020+0000] {ssh.py:524} INFO - 24/09/21 23:00:12 INFO FileOutputCommitter: FileOutputCommitter skip cleanup _temporary folders under output directory:false, ignore cleanup failures: false
[2024-09-21T23:00:12.021+0000] {ssh.py:524} INFO - 24/09/21 23:00:12 INFO AbstractS3ACommitterFactory: Using Committer FileOutputCommitter{PathOutputCommitter{context=TaskAttemptContextImpl{JobContextImpl{jobId=job_202409212300103946515440064700968_0000}; taskId=attempt_202409212300103946515440064700968_0000_m_000001_1, status=''}; org.apache.hadoop.mapreduce.lib.output.FileOutputCommitter@76c8191c}; outputPath=s3a://raw/olhovivo/empresa/dt=2024-09-21, workPath=s3a://raw/olhovivo/empresa/dt=2024-09-21/_temporary/0/_temporary/attempt_202409212300103946515440064700968_0000_m_000001_1, algorithmVersion=1, skipCleanup=false, ignoreCleanupFailures=false} for s3a://raw/olhovivo/empresa/dt=2024-09-21
[2024-09-21T23:00:12.021+0000] {ssh.py:524} INFO - 24/09/21 23:00:12 INFO SQLHadoopMapReduceCommitProtocol: Using output committer class org.apache.hadoop.mapreduce.lib.output.FileOutputCommitter
[2024-09-21T23:00:12.036+0000] {ssh.py:524} INFO - 24/09/21 23:00:12 WARN AbstractS3ACommitterFactory: Using standard FileOutputCommitter to commit work. This is slow and potentially unsafe.
[2024-09-21T23:00:12.037+0000] {ssh.py:524} INFO - 24/09/21 23:00:12 INFO FileOutputCommitter: File Output Committer Algorithm version is 1
[2024-09-21T23:00:12.038+0000] {ssh.py:524} INFO - 24/09/21 23:00:12 INFO FileOutputCommitter: FileOutputCommitter skip cleanup _temporary folders under output directory:false, ignore cleanup failures: false
[2024-09-21T23:00:12.038+0000] {ssh.py:524} INFO - 24/09/21 23:00:12 INFO AbstractS3ACommitterFactory: Using Committer FileOutputCommitter{PathOutputCommitter{context=TaskAttemptContextImpl{JobContextImpl{jobId=job_202409212300105031765200750213769_0000}; taskId=attempt_202409212300105031765200750213769_0000_m_000006_6, status=''}; org.apache.hadoop.mapreduce.lib.output.FileOutputCommitter@3c2028ed}; outputPath=s3a://raw/olhovivo/empresa/dt=2024-09-21, workPath=s3a://raw/olhovivo/empresa/dt=2024-09-21/_temporary/0/_temporary/attempt_202409212300105031765200750213769_0000_m_000006_6, algorithmVersion=1, skipCleanup=false, ignoreCleanupFailures=false} for s3a://raw/olhovivo/empresa/dt=2024-09-21
[2024-09-21T23:00:12.038+0000] {ssh.py:524} INFO - 24/09/21 23:00:12 INFO SQLHadoopMapReduceCommitProtocol: Using output committer class org.apache.hadoop.mapreduce.lib.output.FileOutputCommitter
[2024-09-21T23:00:12.113+0000] {ssh.py:524} INFO - 24/09/21 23:00:12 INFO PythonRunner: Times: total = 585, boot = 468, init = 117, finish = 0
[2024-09-21T23:00:12.118+0000] {ssh.py:524} INFO - 24/09/21 23:00:12 INFO PythonRunner: Times: total = 606, boot = 488, init = 118, finish = 0
[2024-09-21T23:00:12.135+0000] {ssh.py:524} INFO - 24/09/21 23:00:12 WARN AbstractS3ACommitterFactory: Using standard FileOutputCommitter to commit work. This is slow and potentially unsafe.
[2024-09-21T23:00:12.136+0000] {ssh.py:524} INFO - 24/09/21 23:00:12 INFO FileOutputCommitter: File Output Committer Algorithm version is 1
[2024-09-21T23:00:12.136+0000] {ssh.py:524} INFO - 24/09/21 23:00:12 INFO FileOutputCommitter: FileOutputCommitter skip cleanup _temporary folders under output directory:false, ignore cleanup failures: false
[2024-09-21T23:00:12.137+0000] {ssh.py:524} INFO - 24/09/21 23:00:12 INFO AbstractS3ACommitterFactory: Using Committer FileOutputCommitter{PathOutputCommitter{context=TaskAttemptContextImpl{JobContextImpl{jobId=job_202409212300101393879841194164698_0000}; taskId=attempt_202409212300101393879841194164698_0000_m_000003_3, status=''}; org.apache.hadoop.mapreduce.lib.output.FileOutputCommitter@61054870}; outputPath=s3a://raw/olhovivo/empresa/dt=2024-09-21, workPath=s3a://raw/olhovivo/empresa/dt=2024-09-21/_temporary/0/_temporary/attempt_202409212300101393879841194164698_0000_m_000003_3, algorithmVersion=1, skipCleanup=false, ignoreCleanupFailures=false} for s3a://raw/olhovivo/empresa/dt=2024-09-21
[2024-09-21T23:00:12.137+0000] {ssh.py:524} INFO - 24/09/21 23:00:12 INFO SQLHadoopMapReduceCommitProtocol: Using output committer class org.apache.hadoop.mapreduce.lib.output.FileOutputCommitter
[2024-09-21T23:00:12.142+0000] {ssh.py:524} INFO - 24/09/21 23:00:12 WARN AbstractS3ACommitterFactory: Using standard FileOutputCommitter to commit work. This is slow and potentially unsafe.
[2024-09-21T23:00:12.143+0000] {ssh.py:524} INFO - 24/09/21 23:00:12 INFO FileOutputCommitter: File Output Committer Algorithm version is 1
[2024-09-21T23:00:12.143+0000] {ssh.py:524} INFO - 24/09/21 23:00:12 INFO FileOutputCommitter: FileOutputCommitter skip cleanup _temporary folders under output directory:false, ignore cleanup failures: false
[2024-09-21T23:00:12.144+0000] {ssh.py:524} INFO - 24/09/21 23:00:12 INFO AbstractS3ACommitterFactory: Using Committer FileOutputCommitter{PathOutputCommitter{context=TaskAttemptContextImpl{JobContextImpl{jobId=job_202409212300106019188980452307125_0000}; taskId=attempt_202409212300106019188980452307125_0000_m_000009_9, status=''}; org.apache.hadoop.mapreduce.lib.output.FileOutputCommitter@78c4079d}; outputPath=s3a://raw/olhovivo/empresa/dt=2024-09-21, workPath=s3a://raw/olhovivo/empresa/dt=2024-09-21/_temporary/0/_temporary/attempt_202409212300106019188980452307125_0000_m_000009_9, algorithmVersion=1, skipCleanup=false, ignoreCleanupFailures=false} for s3a://raw/olhovivo/empresa/dt=2024-09-21
[2024-09-21T23:00:12.144+0000] {ssh.py:524} INFO - 24/09/21 23:00:12 INFO SQLHadoopMapReduceCommitProtocol: Using output committer class org.apache.hadoop.mapreduce.lib.output.FileOutputCommitter
[2024-09-21T23:00:12.162+0000] {ssh.py:524} INFO - 24/09/21 23:00:12 INFO PythonRunner: Times: total = 653, boot = 496, init = 157, finish = 0
[2024-09-21T23:00:12.163+0000] {ssh.py:524} INFO - 24/09/21 23:00:12 INFO SparkHadoopMapRedUtil: No need to commit output of task because needsTaskCommit=false: attempt_20240921230010960420724061452007_0000_m_000004_4
[2024-09-21T23:00:12.176+0000] {ssh.py:524} INFO - 24/09/21 23:00:12 WARN AbstractS3ACommitterFactory: Using standard FileOutputCommitter to commit work. This is slow and potentially unsafe.
[2024-09-21T23:00:12.177+0000] {ssh.py:524} INFO - 24/09/21 23:00:12 INFO FileOutputCommitter: File Output Committer Algorithm version is 1
[2024-09-21T23:00:12.177+0000] {ssh.py:524} INFO - 24/09/21 23:00:12 INFO FileOutputCommitter: FileOutputCommitter skip cleanup _temporary folders under output directory:false, ignore cleanup failures: false
[2024-09-21T23:00:12.177+0000] {ssh.py:524} INFO - 24/09/21 23:00:12 INFO AbstractS3ACommitterFactory: Using Committer FileOutputCommitter{PathOutputCommitter{context=TaskAttemptContextImpl{JobContextImpl{jobId=job_202409212300107400582746258542387_0000}; taskId=attempt_202409212300107400582746258542387_0000_m_000007_7, status=''}; org.apache.hadoop.mapreduce.lib.output.FileOutputCommitter@bb6fcf}; outputPath=s3a://raw/olhovivo/empresa/dt=2024-09-21, workPath=s3a://raw/olhovivo/empresa/dt=2024-09-21/_temporary/0/_temporary/attempt_202409212300107400582746258542387_0000_m_000007_7, algorithmVersion=1, skipCleanup=false, ignoreCleanupFailures=false} for s3a://raw/olhovivo/empresa/dt=2024-09-21
[2024-09-21T23:00:12.178+0000] {ssh.py:524} INFO - 24/09/21 23:00:12 INFO SQLHadoopMapReduceCommitProtocol: Using output committer class org.apache.hadoop.mapreduce.lib.output.FileOutputCommitter
[2024-09-21T23:00:12.178+0000] {ssh.py:524} INFO - 24/09/21 23:00:12 INFO SparkHadoopMapRedUtil: No need to commit output of task because needsTaskCommit=false: attempt_202409212300103946515440064700968_0000_m_000001_1
[2024-09-21T23:00:12.190+0000] {ssh.py:524} INFO - 24/09/21 23:00:12 INFO SparkHadoopMapRedUtil: No need to commit output of task because needsTaskCommit=false: attempt_202409212300105031765200750213769_0000_m_000006_6
[2024-09-21T23:00:12.200+0000] {ssh.py:524} INFO - 24/09/21 23:00:12 INFO PythonRunner: Times: total = 704, boot = 495, init = 209, finish = 0
[2024-09-21T23:00:12.210+0000] {ssh.py:524} INFO - 24/09/21 23:00:12 INFO SparkHadoopMapRedUtil: No need to commit output of task because needsTaskCommit=false: attempt_202409212300107247351162971215893_0000_m_000008_8
[2024-09-21T23:00:12.213+0000] {ssh.py:524} INFO - 24/09/21 23:00:12 INFO Executor: Finished task 4.0 in stage 0.0 (TID 4). 2871 bytes result sent to driver
[2024-09-21T23:00:12.223+0000] {ssh.py:524} INFO - 24/09/21 23:00:12 INFO PythonRunner: Times: total = 717, boot = 518, init = 198, finish = 1
[2024-09-21T23:00:12.224+0000] {ssh.py:524} INFO - 24/09/21 23:00:12 INFO Executor: Finished task 1.0 in stage 0.0 (TID 1). 2871 bytes result sent to driver
[2024-09-21T23:00:12.224+0000] {ssh.py:524} INFO - 24/09/21 23:00:12 INFO Executor: Finished task 6.0 in stage 0.0 (TID 6). 2828 bytes result sent to driver
[2024-09-21T23:00:12.225+0000] {ssh.py:524} INFO - 24/09/21 23:00:12 INFO Executor: Finished task 8.0 in stage 0.0 (TID 8). 2828 bytes result sent to driver
[2024-09-21T23:00:12.232+0000] {ssh.py:524} INFO - 24/09/21 23:00:12 WARN AbstractS3ACommitterFactory: Using standard FileOutputCommitter to commit work. This is slow and potentially unsafe.
[2024-09-21T23:00:12.233+0000] {ssh.py:524} INFO - 24/09/21 23:00:12 INFO FileOutputCommitter: File Output Committer Algorithm version is 1
[2024-09-21T23:00:12.233+0000] {ssh.py:524} INFO - 24/09/21 23:00:12 INFO FileOutputCommitter: FileOutputCommitter skip cleanup _temporary folders under output directory:false, ignore cleanup failures: false
[2024-09-21T23:00:12.233+0000] {ssh.py:524} INFO - 24/09/21 23:00:12 INFO AbstractS3ACommitterFactory: Using Committer FileOutputCommitter{PathOutputCommitter{context=TaskAttemptContextImpl{JobContextImpl{jobId=job_202409212300101338324535069457266_0000}; taskId=attempt_202409212300101338324535069457266_0000_m_000011_11, status=''}; org.apache.hadoop.mapreduce.lib.output.FileOutputCommitter@b2b1822}; outputPath=s3a://raw/olhovivo/empresa/dt=2024-09-21, workPath=s3a://raw/olhovivo/empresa/dt=2024-09-21/_temporary/0/_temporary/attempt_202409212300101338324535069457266_0000_m_000011_11, algorithmVersion=1, skipCleanup=false, ignoreCleanupFailures=false} for s3a://raw/olhovivo/empresa/dt=2024-09-21
[2024-09-21T23:00:12.234+0000] {ssh.py:524} INFO - 24/09/21 23:00:12 INFO SQLHadoopMapReduceCommitProtocol: Using output committer class org.apache.hadoop.mapreduce.lib.output.FileOutputCommitter
[2024-09-21T23:00:12.236+0000] {ssh.py:524} INFO - 24/09/21 23:00:12 INFO SparkHadoopMapRedUtil: No need to commit output of task because needsTaskCommit=false: attempt_202409212300106019188980452307125_0000_m_000009_9
[2024-09-21T23:00:12.239+0000] {ssh.py:524} INFO - 24/09/21 23:00:12 INFO Executor: Finished task 9.0 in stage 0.0 (TID 9). 2828 bytes result sent to driver
[2024-09-21T23:00:12.249+0000] {ssh.py:524} INFO - 24/09/21 23:00:12 WARN AbstractS3ACommitterFactory: Using standard FileOutputCommitter to commit work. This is slow and potentially unsafe.
[2024-09-21T23:00:12.250+0000] {ssh.py:524} INFO - 24/09/21 23:00:12 INFO FileOutputCommitter: File Output Committer Algorithm version is 1
[2024-09-21T23:00:12.250+0000] {ssh.py:524} INFO - 24/09/21 23:00:12 INFO FileOutputCommitter: FileOutputCommitter skip cleanup _temporary folders under output directory:false, ignore cleanup failures: false
[2024-09-21T23:00:12.250+0000] {ssh.py:524} INFO - 24/09/21 23:00:12 INFO AbstractS3ACommitterFactory: Using Committer FileOutputCommitter{PathOutputCommitter{context=TaskAttemptContextImpl{JobContextImpl{jobId=job_202409212300106105103051464428820_0000}; taskId=attempt_202409212300106105103051464428820_0000_m_000000_0, status=''}; org.apache.hadoop.mapreduce.lib.output.FileOutputCommitter@61f47301}; outputPath=s3a://raw/olhovivo/empresa/dt=2024-09-21, workPath=s3a://raw/olhovivo/empresa/dt=2024-09-21/_temporary/0/_temporary/attempt_202409212300106105103051464428820_0000_m_000000_0, algorithmVersion=1, skipCleanup=false, ignoreCleanupFailures=false} for s3a://raw/olhovivo/empresa/dt=2024-09-21
[2024-09-21T23:00:12.251+0000] {ssh.py:524} INFO - 24/09/21 23:00:12 INFO SQLHadoopMapReduceCommitProtocol: Using output committer class org.apache.hadoop.mapreduce.lib.output.FileOutputCommitter
[2024-09-21T23:00:12.270+0000] {ssh.py:524} INFO - 24/09/21 23:00:12 INFO PythonRunner: Times: total = 764, boot = 521, init = 243, finish = 0
[2024-09-21T23:00:12.277+0000] {ssh.py:524} INFO - 24/09/21 23:00:12 INFO SparkHadoopMapRedUtil: No need to commit output of task because needsTaskCommit=false: attempt_202409212300107400582746258542387_0000_m_000007_7
[2024-09-21T23:00:12.279+0000] {ssh.py:524} INFO - 24/09/21 23:00:12 INFO Executor: Finished task 7.0 in stage 0.0 (TID 7). 2828 bytes result sent to driver
[2024-09-21T23:00:12.307+0000] {ssh.py:524} INFO - 24/09/21 23:00:12 WARN AbstractS3ACommitterFactory: Using standard FileOutputCommitter to commit work. This is slow and potentially unsafe.
[2024-09-21T23:00:12.308+0000] {ssh.py:524} INFO - 24/09/21 23:00:12 INFO FileOutputCommitter: File Output Committer Algorithm version is 1
[2024-09-21T23:00:12.308+0000] {ssh.py:524} INFO - 24/09/21 23:00:12 INFO FileOutputCommitter: FileOutputCommitter skip cleanup _temporary folders under output directory:false, ignore cleanup failures: false
[2024-09-21T23:00:12.309+0000] {ssh.py:524} INFO - 24/09/21 23:00:12 INFO AbstractS3ACommitterFactory: Using Committer FileOutputCommitter{PathOutputCommitter{context=TaskAttemptContextImpl{JobContextImpl{jobId=job_202409212300103245472947635383858_0000}; taskId=attempt_202409212300103245472947635383858_0000_m_000002_2, status=''}; org.apache.hadoop.mapreduce.lib.output.FileOutputCommitter@36de312f}; outputPath=s3a://raw/olhovivo/empresa/dt=2024-09-21, workPath=s3a://raw/olhovivo/empresa/dt=2024-09-21/_temporary/0/_temporary/attempt_202409212300103245472947635383858_0000_m_000002_2, algorithmVersion=1, skipCleanup=false, ignoreCleanupFailures=false} for s3a://raw/olhovivo/empresa/dt=2024-09-21
[2024-09-21T23:00:12.309+0000] {ssh.py:524} INFO - 24/09/21 23:00:12 INFO SQLHadoopMapReduceCommitProtocol: Using output committer class org.apache.hadoop.mapreduce.lib.output.FileOutputCommitter
[2024-09-21T23:00:12.312+0000] {ssh.py:524} INFO - 24/09/21 23:00:12 INFO PythonRunner: Times: total = 807, boot = 505, init = 302, finish = 0
[2024-09-21T23:00:12.321+0000] {ssh.py:524} INFO - 24/09/21 23:00:12 INFO SparkHadoopMapRedUtil: No need to commit output of task because needsTaskCommit=false: attempt_202409212300101393879841194164698_0000_m_000003_3
[2024-09-21T23:00:12.324+0000] {ssh.py:524} INFO - 24/09/21 23:00:12 INFO Executor: Finished task 3.0 in stage 0.0 (TID 3). 2828 bytes result sent to driver
[2024-09-21T23:00:12.327+0000] {ssh.py:524} INFO - 24/09/21 23:00:12 WARN AbstractS3ACommitterFactory: Using standard FileOutputCommitter to commit work. This is slow and potentially unsafe.
[2024-09-21T23:00:12.328+0000] {ssh.py:524} INFO - 24/09/21 23:00:12 INFO FileOutputCommitter: File Output Committer Algorithm version is 1
[2024-09-21T23:00:12.328+0000] {ssh.py:524} INFO - 24/09/21 23:00:12 INFO FileOutputCommitter: FileOutputCommitter skip cleanup _temporary folders under output directory:false, ignore cleanup failures: false
[2024-09-21T23:00:12.329+0000] {ssh.py:524} INFO - 24/09/21 23:00:12 INFO AbstractS3ACommitterFactory: Using Committer FileOutputCommitter{PathOutputCommitter{context=TaskAttemptContextImpl{JobContextImpl{jobId=job_20240921230010256729221738788915_0000}; taskId=attempt_20240921230010256729221738788915_0000_m_000005_5, status=''}; org.apache.hadoop.mapreduce.lib.output.FileOutputCommitter@10858ed7}; outputPath=s3a://raw/olhovivo/empresa/dt=2024-09-21, workPath=s3a://raw/olhovivo/empresa/dt=2024-09-21/_temporary/0/_temporary/attempt_20240921230010256729221738788915_0000_m_000005_5, algorithmVersion=1, skipCleanup=false, ignoreCleanupFailures=false} for s3a://raw/olhovivo/empresa/dt=2024-09-21
[2024-09-21T23:00:12.329+0000] {ssh.py:524} INFO - 24/09/21 23:00:12 INFO SQLHadoopMapReduceCommitProtocol: Using output committer class org.apache.hadoop.mapreduce.lib.output.FileOutputCommitter
[2024-09-21T23:00:12.330+0000] {ssh.py:524} INFO - 24/09/21 23:00:12 INFO PythonRunner: Times: total = 662, boot = 477, init = 185, finish = 0
[2024-09-21T23:00:12.330+0000] {ssh.py:524} INFO - 24/09/21 23:00:12 INFO PythonRunner: Times: total = 825, boot = 510, init = 315, finish = 0
[2024-09-21T23:00:12.339+0000] {ssh.py:524} INFO - 24/09/21 23:00:12 INFO SparkHadoopMapRedUtil: No need to commit output of task because needsTaskCommit=false: attempt_20240921230010256729221738788915_0000_m_000005_5
[2024-09-21T23:00:12.342+0000] {ssh.py:524} INFO - 24/09/21 23:00:12 INFO Executor: Finished task 5.0 in stage 0.0 (TID 5). 2828 bytes result sent to driver
[2024-09-21T23:00:12.344+0000] {ssh.py:524} INFO - 24/09/21 23:00:12 INFO SparkHadoopMapRedUtil: No need to commit output of task because needsTaskCommit=false: attempt_202409212300103245472947635383858_0000_m_000002_2
[2024-09-21T23:00:12.347+0000] {ssh.py:524} INFO - 24/09/21 23:00:12 INFO Executor: Finished task 2.0 in stage 0.0 (TID 2). 2828 bytes result sent to driver
[2024-09-21T23:00:12.380+0000] {ssh.py:524} INFO - 24/09/21 23:00:12 WARN AbstractS3ACommitterFactory: Using standard FileOutputCommitter to commit work. This is slow and potentially unsafe.
[2024-09-21T23:00:12.381+0000] {ssh.py:524} INFO - 24/09/21 23:00:12 INFO FileOutputCommitter: File Output Committer Algorithm version is 1
[2024-09-21T23:00:12.381+0000] {ssh.py:524} INFO - 24/09/21 23:00:12 INFO FileOutputCommitter: FileOutputCommitter skip cleanup _temporary folders under output directory:false, ignore cleanup failures: false
[2024-09-21T23:00:12.381+0000] {ssh.py:524} INFO - 24/09/21 23:00:12 INFO AbstractS3ACommitterFactory: Using Committer FileOutputCommitter{PathOutputCommitter{context=TaskAttemptContextImpl{JobContextImpl{jobId=job_202409212300104309860885998108942_0000}; taskId=attempt_202409212300104309860885998108942_0000_m_000010_10, status=''}; org.apache.hadoop.mapreduce.lib.output.FileOutputCommitter@187ad403}; outputPath=s3a://raw/olhovivo/empresa/dt=2024-09-21, workPath=s3a://raw/olhovivo/empresa/dt=2024-09-21/_temporary/0/_temporary/attempt_202409212300104309860885998108942_0000_m_000010_10, algorithmVersion=1, skipCleanup=false, ignoreCleanupFailures=false} for s3a://raw/olhovivo/empresa/dt=2024-09-21
[2024-09-21T23:00:12.382+0000] {ssh.py:524} INFO - 24/09/21 23:00:12 INFO SQLHadoopMapReduceCommitProtocol: Using output committer class org.apache.hadoop.mapreduce.lib.output.FileOutputCommitter
[2024-09-21T23:00:12.382+0000] {ssh.py:524} INFO - 24/09/21 23:00:12 INFO PythonRunner: Times: total = 784, boot = 533, init = 251, finish = 0
[2024-09-21T23:00:12.398+0000] {ssh.py:524} INFO - 24/09/21 23:00:12 INFO TaskSetManager: Finished task 6.0 in stage 0.0 (TID 6) in 1226 ms on spark-master (executor driver) (1/12)
[2024-09-21T23:00:12.404+0000] {ssh.py:524} INFO - 24/09/21 23:00:12 INFO PythonRunner: Times: total = 750, boot = 507, init = 243, finish = 0
[2024-09-21T23:00:12.406+0000] {ssh.py:524} INFO - 24/09/21 23:00:12 INFO PythonAccumulatorV2: Connected to AccumulatorServer at host: 127.0.0.1 port: 52237
[2024-09-21T23:00:12.413+0000] {ssh.py:524} INFO - 24/09/21 23:00:12 INFO TaskSetManager: Finished task 8.0 in stage 0.0 (TID 8) in 1236 ms on spark-master (executor driver) (2/12)
[2024-09-21T23:00:12.413+0000] {ssh.py:524} INFO - 24/09/21 23:00:12 INFO TaskSetManager: Finished task 9.0 in stage 0.0 (TID 9) in 1236 ms on spark-master (executor driver) (3/12)
[2024-09-21T23:00:12.414+0000] {ssh.py:524} INFO - 24/09/21 23:00:12 INFO TaskSetManager: Finished task 4.0 in stage 0.0 (TID 4) in 1242 ms on spark-master (executor driver) (4/12)
[2024-09-21T23:00:12.414+0000] {ssh.py:524} INFO - 24/09/21 23:00:12 INFO TaskSetManager: Finished task 3.0 in stage 0.0 (TID 3) in 1245 ms on spark-master (executor driver) (5/12)
[2024-09-21T23:00:12.415+0000] {ssh.py:524} INFO - 24/09/21 23:00:12 INFO TaskSetManager: Finished task 7.0 in stage 0.0 (TID 7) in 1240 ms on spark-master (executor driver) (6/12)
[2024-09-21T23:00:12.415+0000] {ssh.py:524} INFO - 24/09/21 23:00:12 INFO TaskSetManager: Finished task 5.0 in stage 0.0 (TID 5) in 1243 ms on spark-master (executor driver) (7/12)
[2024-09-21T23:00:12.415+0000] {ssh.py:524} INFO - 24/09/21 23:00:12 INFO TaskSetManager: Finished task 2.0 in stage 0.0 (TID 2) in 1255 ms on spark-master (executor driver) (8/12)
[2024-09-21T23:00:12.416+0000] {ssh.py:524} INFO - 24/09/21 23:00:12 INFO TaskSetManager: Finished task 1.0 in stage 0.0 (TID 1) in 1256 ms on spark-master (executor driver) (9/12)
[2024-09-21T23:00:12.416+0000] {ssh.py:524} INFO - 24/09/21 23:00:12 INFO PythonRunner: Times: total = 793, boot = 539, init = 253, finish = 1
[2024-09-21T23:00:12.449+0000] {ssh.py:524} INFO - 24/09/21 23:00:12 INFO SparkHadoopMapRedUtil: No need to commit output of task because needsTaskCommit=false: attempt_202409212300104309860885998108942_0000_m_000010_10
[2024-09-21T23:00:12.457+0000] {ssh.py:524} INFO - 24/09/21 23:00:12 INFO Executor: Finished task 10.0 in stage 0.0 (TID 10). 2871 bytes result sent to driver
[2024-09-21T23:00:12.459+0000] {ssh.py:524} INFO - 24/09/21 23:00:12 INFO TaskSetManager: Finished task 10.0 in stage 0.0 (TID 10) in 1283 ms on spark-master (executor driver) (10/12)
[2024-09-21T23:00:12.777+0000] {ssh.py:524} INFO - 24/09/21 23:00:12 INFO FileOutputCommitter: Saved output of task 'attempt_202409212300106105103051464428820_0000_m_000000_0' to s3a://raw/olhovivo/empresa/dt=2024-09-21/_temporary/0/task_202409212300106105103051464428820_0000_m_000000
[2024-09-21T23:00:12.779+0000] {ssh.py:524} INFO - 24/09/21 23:00:12 INFO SparkHadoopMapRedUtil: attempt_202409212300106105103051464428820_0000_m_000000_0: Committed. Elapsed time: 221 ms.
[2024-09-21T23:00:12.784+0000] {ssh.py:524} INFO - 24/09/21 23:00:12 INFO Executor: Finished task 0.0 in stage 0.0 (TID 0). 2828 bytes result sent to driver
[2024-09-21T23:00:12.787+0000] {ssh.py:524} INFO - 24/09/21 23:00:12 INFO TaskSetManager: Finished task 0.0 in stage 0.0 (TID 0) in 1647 ms on spark-master (executor driver) (11/12)
[2024-09-21T23:00:12.836+0000] {ssh.py:524} INFO - 24/09/21 23:00:12 INFO FileOutputCommitter: Saved output of task 'attempt_202409212300101338324535069457266_0000_m_000011_11' to s3a://raw/olhovivo/empresa/dt=2024-09-21/_temporary/0/task_202409212300101338324535069457266_0000_m_000011
[2024-09-21T23:00:12.836+0000] {ssh.py:524} INFO - 24/09/21 23:00:12 INFO SparkHadoopMapRedUtil: attempt_202409212300101338324535069457266_0000_m_000011_11: Committed. Elapsed time: 327 ms.
[2024-09-21T23:00:12.838+0000] {ssh.py:524} INFO - 24/09/21 23:00:12 INFO Executor: Finished task 11.0 in stage 0.0 (TID 11). 2914 bytes result sent to driver
[2024-09-21T23:00:12.840+0000] {ssh.py:524} INFO - 24/09/21 23:00:12 INFO TaskSetManager: Finished task 11.0 in stage 0.0 (TID 11) in 1663 ms on spark-master (executor driver) (12/12)
[2024-09-21T23:00:12.841+0000] {ssh.py:524} INFO - 24/09/21 23:00:12 INFO TaskSchedulerImpl: Removed TaskSet 0.0, whose tasks have all completed, from pool 
[2024-09-21T23:00:12.843+0000] {ssh.py:524} INFO - 24/09/21 23:00:12 INFO DAGScheduler: ResultStage 0 (save at NativeMethodAccessorImpl.java:0) finished in 1.853 s
[2024-09-21T23:00:12.847+0000] {ssh.py:524} INFO - 24/09/21 23:00:12 INFO DAGScheduler: Job 0 is finished. Cancelling potential speculative or zombie tasks for this job
[2024-09-21T23:00:12.847+0000] {ssh.py:524} INFO - 24/09/21 23:00:12 INFO TaskSchedulerImpl: Killing all running tasks in stage 0: Stage finished
[2024-09-21T23:00:12.849+0000] {ssh.py:524} INFO - 24/09/21 23:00:12 INFO DAGScheduler: Job 0 finished: save at NativeMethodAccessorImpl.java:0, took 1.888920 s
[2024-09-21T23:00:12.854+0000] {ssh.py:524} INFO - 24/09/21 23:00:12 INFO FileFormatWriter: Start to commit write Job d7cc07a2-7889-4275-9e1d-d9e8414c557b.
[2024-09-21T23:00:13.097+0000] {ssh.py:524} INFO - 24/09/21 23:00:13 INFO FileFormatWriter: Write Job d7cc07a2-7889-4275-9e1d-d9e8414c557b committed. Elapsed time: 243 ms.
[2024-09-21T23:00:13.102+0000] {ssh.py:524} INFO - 24/09/21 23:00:13 INFO FileFormatWriter: Finished processing stats for write job d7cc07a2-7889-4275-9e1d-d9e8414c557b.
[2024-09-21T23:00:13.106+0000] {ssh.py:524} INFO - [DEBUG] Done.
[2024-09-21T23:00:13.153+0000] {ssh.py:524} INFO - 24/09/21 23:00:13 INFO SparkContext: Invoking stop() from shutdown hook
[2024-09-21T23:00:13.164+0000] {ssh.py:524} INFO - 24/09/21 23:00:13 INFO SparkUI: Stopped Spark web UI at http://spark-master:4046
[2024-09-21T23:00:13.196+0000] {ssh.py:524} INFO - 24/09/21 23:00:13 INFO MapOutputTrackerMasterEndpoint: MapOutputTrackerMasterEndpoint stopped!
[2024-09-21T23:00:13.209+0000] {ssh.py:524} INFO - 24/09/21 23:00:13 INFO MemoryStore: MemoryStore cleared
[2024-09-21T23:00:13.210+0000] {ssh.py:524} INFO - 24/09/21 23:00:13 INFO BlockManager: BlockManager stopped
[2024-09-21T23:00:13.216+0000] {ssh.py:524} INFO - 24/09/21 23:00:13 INFO BlockManagerMaster: BlockManagerMaster stopped
[2024-09-21T23:00:13.218+0000] {ssh.py:524} INFO - 24/09/21 23:00:13 INFO OutputCommitCoordinator$OutputCommitCoordinatorEndpoint: OutputCommitCoordinator stopped!
[2024-09-21T23:00:13.242+0000] {ssh.py:524} INFO - 24/09/21 23:00:13 INFO SparkContext: Successfully stopped SparkContext
[2024-09-21T23:00:13.243+0000] {ssh.py:524} INFO - 24/09/21 23:00:13 INFO ShutdownHookManager: Shutdown hook called
[2024-09-21T23:00:13.244+0000] {ssh.py:524} INFO - 24/09/21 23:00:13 INFO ShutdownHookManager: Deleting directory /tmp/spark-0547b9f2-4853-4a4c-ac16-7547e6008ed9/pyspark-0b3ef319-8bb8-455f-b687-9c9dadc84d35
[2024-09-21T23:00:13.247+0000] {ssh.py:524} INFO - 24/09/21 23:00:13 INFO ShutdownHookManager: Deleting directory /tmp/spark-0547b9f2-4853-4a4c-ac16-7547e6008ed9
[2024-09-21T23:00:13.251+0000] {ssh.py:524} INFO - 24/09/21 23:00:13 INFO ShutdownHookManager: Deleting directory /tmp/spark-04505d74-0d07-4827-8788-811647795838
[2024-09-21T23:00:13.262+0000] {ssh.py:524} INFO - 24/09/21 23:00:13 INFO MetricsSystemImpl: Stopping s3a-file-system metrics system...
[2024-09-21T23:00:13.263+0000] {ssh.py:524} INFO - 24/09/21 23:00:13 INFO MetricsSystemImpl: s3a-file-system metrics system stopped.
[2024-09-21T23:00:13.263+0000] {ssh.py:524} INFO - 24/09/21 23:00:13 INFO MetricsSystemImpl: s3a-file-system metrics system shutdown complete.
[2024-09-21T23:00:13.488+0000] {taskinstance.py:1400} INFO - Marking task as SUCCESS. dag_id=raw_ingestion, task_id=spark_raw_ingestion_empresa, execution_date=20240921T223000, start_date=20240921T230001, end_date=20240921T230013
[2024-09-21T23:00:13.550+0000] {local_task_job_runner.py:228} INFO - Task exited with return code 0
[2024-09-21T23:00:13.610+0000] {taskinstance.py:2778} INFO - 0 downstream tasks scheduled from follow-on schedule check
