[2024-09-24T01:30:01.105+0000] {taskinstance.py:1159} INFO - Dependencies all met for dep_context=non-requeueable deps ti=<TaskInstance: raw_ingestion_15min.spark_raw_ingestion_corredor scheduled__2024-09-24T01:15:00+00:00 [queued]>
[2024-09-24T01:30:01.113+0000] {taskinstance.py:1159} INFO - Dependencies all met for dep_context=requeueable deps ti=<TaskInstance: raw_ingestion_15min.spark_raw_ingestion_corredor scheduled__2024-09-24T01:15:00+00:00 [queued]>
[2024-09-24T01:30:01.113+0000] {taskinstance.py:1361} INFO - Starting attempt 1 of 1
[2024-09-24T01:30:01.126+0000] {taskinstance.py:1382} INFO - Executing <Task(SSHOperator): spark_raw_ingestion_corredor> on 2024-09-24 01:15:00+00:00
[2024-09-24T01:30:01.130+0000] {standard_task_runner.py:57} INFO - Started process 3434 to run task
[2024-09-24T01:30:01.136+0000] {standard_task_runner.py:84} INFO - Running: ['airflow', 'tasks', 'run', 'raw_ingestion_15min', 'spark_raw_ingestion_corredor', 'scheduled__2024-09-24T01:15:00+00:00', '--job-id', '584', '--raw', '--subdir', 'DAGS_FOLDER/raw_ingestion_15min.py', '--cfg-path', '/tmp/tmpwnfmd7w8']
[2024-09-24T01:30:01.137+0000] {standard_task_runner.py:85} INFO - Job 584: Subtask spark_raw_ingestion_corredor
[2024-09-24T01:30:01.258+0000] {task_command.py:416} INFO - Running <TaskInstance: raw_ingestion_15min.spark_raw_ingestion_corredor scheduled__2024-09-24T01:15:00+00:00 [running]> on host airflow-worker
[2024-09-24T01:30:01.456+0000] {taskinstance.py:1662} INFO - Exporting env vars: AIRFLOW_CTX_DAG_OWNER='***' AIRFLOW_CTX_DAG_ID='raw_ingestion_15min' AIRFLOW_CTX_TASK_ID='spark_raw_ingestion_corredor' AIRFLOW_CTX_EXECUTION_DATE='2024-09-24T01:15:00+00:00' AIRFLOW_CTX_TRY_NUMBER='1' AIRFLOW_CTX_DAG_RUN_ID='scheduled__2024-09-24T01:15:00+00:00'
[2024-09-24T01:30:01.457+0000] {ssh.py:141} INFO - Creating ssh_client
[2024-09-24T01:30:01.458+0000] {ssh.py:114} INFO - ssh_hook is not provided or invalid. Trying ssh_conn_id to create SSHHook.
[2024-09-24T01:30:01.490+0000] {base.py:73} INFO - Using connection ID 'spark_ssh_default' for task execution.
[2024-09-24T01:30:01.491+0000] {ssh.py:300} WARNING - No Host Key Verification. This won't protect against Man-In-The-Middle attacks
[2024-09-24T01:30:01.500+0000] {transport.py:1893} INFO - Connected (version 2.0, client OpenSSH_8.9p1)
[2024-09-24T01:30:01.644+0000] {transport.py:1893} INFO - Authentication (password) successful!
[2024-09-24T01:30:01.645+0000] {ssh.py:478} INFO - Running command: export SPARK_HOME=/usr/local/spark; /opt/conda/bin/spark-submit --master local[*] --driver-cores 2 --executor-cores 2 --driver-memory 4G --executor-memory 4G /opt/shared/scripts/raw_ingestion.py 2024-09-24 corredor
[2024-09-24T01:30:04.153+0000] {ssh.py:524} INFO - [DEBUG] dt_now: 2024-09-24
[2024-09-24T01:30:04.154+0000] {ssh.py:524} INFO - [DEBUG] endpoint: corredor
[2024-09-24T01:30:04.225+0000] {ssh.py:524} INFO - 24/09/24 01:30:04 INFO SparkContext: Running Spark version 3.3.1
[2024-09-24T01:30:04.251+0000] {ssh.py:524} INFO - 24/09/24 01:30:04 WARN NativeCodeLoader: Unable to load native-hadoop library for your platform... using builtin-java classes where applicable
[2024-09-24T01:30:04.359+0000] {ssh.py:524} INFO - 24/09/24 01:30:04 INFO ResourceUtils: ==============================================================
[2024-09-24T01:30:04.360+0000] {ssh.py:524} INFO - 24/09/24 01:30:04 INFO ResourceUtils: No custom resources configured for spark.driver.
[2024-09-24T01:30:04.361+0000] {ssh.py:524} INFO - 24/09/24 01:30:04 INFO ResourceUtils: ==============================================================
[2024-09-24T01:30:04.362+0000] {ssh.py:524} INFO - 24/09/24 01:30:04 INFO SparkContext: Submitted application: raw_ingestion_corredor
[2024-09-24T01:30:04.384+0000] {ssh.py:524} INFO - 24/09/24 01:30:04 INFO ResourceProfile: Default ResourceProfile created, executor resources: Map(cores -> name: cores, amount: 1, script: , vendor: , memory -> name: memory, amount: 1024, script: , vendor: , offHeap -> name: offHeap, amount: 0, script: , vendor: ), task resources: Map(cpus -> name: cpus, amount: 1.0)
[2024-09-24T01:30:04.395+0000] {ssh.py:524} INFO - 24/09/24 01:30:04 INFO ResourceProfile: Limiting resource is cpu
[2024-09-24T01:30:04.397+0000] {ssh.py:524} INFO - 24/09/24 01:30:04 INFO ResourceProfileManager: Added ResourceProfile id: 0
[2024-09-24T01:30:04.446+0000] {ssh.py:524} INFO - 24/09/24 01:30:04 INFO SecurityManager: Changing view acls to: root
[2024-09-24T01:30:04.447+0000] {ssh.py:524} INFO - 24/09/24 01:30:04 INFO SecurityManager: Changing modify acls to: root
[2024-09-24T01:30:04.447+0000] {ssh.py:524} INFO - 24/09/24 01:30:04 INFO SecurityManager: Changing view acls groups to: 
[2024-09-24T01:30:04.448+0000] {ssh.py:524} INFO - 24/09/24 01:30:04 INFO SecurityManager: Changing modify acls groups to: 
[2024-09-24T01:30:04.448+0000] {ssh.py:524} INFO - 24/09/24 01:30:04 INFO SecurityManager: SecurityManager: authentication disabled; ui acls disabled; users  with view permissions: Set(root); groups with view permissions: Set(); users  with modify permissions: Set(root); groups with modify permissions: Set()
[2024-09-24T01:30:04.841+0000] {ssh.py:524} INFO - 24/09/24 01:30:04 INFO Utils: Successfully started service 'sparkDriver' on port 43201.
[2024-09-24T01:30:04.895+0000] {ssh.py:524} INFO - 24/09/24 01:30:04 INFO SparkEnv: Registering MapOutputTracker
[2024-09-24T01:30:04.943+0000] {ssh.py:524} INFO - 24/09/24 01:30:04 INFO SparkEnv: Registering BlockManagerMaster
[2024-09-24T01:30:04.962+0000] {ssh.py:524} INFO - 24/09/24 01:30:04 INFO BlockManagerMasterEndpoint: Using org.apache.spark.storage.DefaultTopologyMapper for getting topology information
[2024-09-24T01:30:04.965+0000] {ssh.py:524} INFO - 24/09/24 01:30:04 INFO BlockManagerMasterEndpoint: BlockManagerMasterEndpoint up
[2024-09-24T01:30:04.976+0000] {ssh.py:524} INFO - 24/09/24 01:30:04 INFO SparkEnv: Registering BlockManagerMasterHeartbeat
[2024-09-24T01:30:04.999+0000] {ssh.py:524} INFO - 24/09/24 01:30:04 INFO DiskBlockManager: Created local directory at /tmp/blockmgr-07d999b4-cecd-4ba9-9995-5f585e4e0592
[2024-09-24T01:30:05.018+0000] {ssh.py:524} INFO - 24/09/24 01:30:05 INFO MemoryStore: MemoryStore started with capacity 2.2 GiB
[2024-09-24T01:30:05.039+0000] {ssh.py:524} INFO - 24/09/24 01:30:05 INFO SparkEnv: Registering OutputCommitCoordinator
[2024-09-24T01:30:05.252+0000] {ssh.py:524} INFO - 24/09/24 01:30:05 WARN Utils: Service 'SparkUI' could not bind on port 4040. Attempting port 4041.
[2024-09-24T01:30:05.261+0000] {ssh.py:524} INFO - 24/09/24 01:30:05 INFO Utils: Successfully started service 'SparkUI' on port 4041.
[2024-09-24T01:30:05.428+0000] {ssh.py:524} INFO - 24/09/24 01:30:05 INFO Executor: Starting executor ID driver on host spark-master
[2024-09-24T01:30:05.448+0000] {ssh.py:524} INFO - 24/09/24 01:30:05 INFO Executor: Starting executor with user classpath (userClassPathFirst = false): ''
[2024-09-24T01:30:05.473+0000] {ssh.py:524} INFO - 24/09/24 01:30:05 INFO Utils: Successfully started service 'org.apache.spark.network.netty.NettyBlockTransferService' on port 43843.
[2024-09-24T01:30:05.473+0000] {ssh.py:524} INFO - 24/09/24 01:30:05 INFO NettyBlockTransferService: Server created on spark-master:43843
[2024-09-24T01:30:05.474+0000] {ssh.py:524} INFO - 24/09/24 01:30:05 INFO BlockManager: Using org.apache.spark.storage.RandomBlockReplicationPolicy for block replication policy
[2024-09-24T01:30:05.482+0000] {ssh.py:524} INFO - 24/09/24 01:30:05 INFO BlockManagerMaster: Registering BlockManager BlockManagerId(driver, spark-master, 43843, None)
[2024-09-24T01:30:05.485+0000] {ssh.py:524} INFO - 24/09/24 01:30:05 INFO BlockManagerMasterEndpoint: Registering block manager spark-master:43843 with 2.2 GiB RAM, BlockManagerId(driver, spark-master, 43843, None)
[2024-09-24T01:30:05.487+0000] {ssh.py:524} INFO - 24/09/24 01:30:05 INFO BlockManagerMaster: Registered BlockManager BlockManagerId(driver, spark-master, 43843, None)
[2024-09-24T01:30:05.489+0000] {ssh.py:524} INFO - 24/09/24 01:30:05 INFO BlockManager: Initialized BlockManager: BlockManagerId(driver, spark-master, 43843, None)
[2024-09-24T01:30:06.533+0000] {ssh.py:524} INFO - 24/09/24 01:30:06 INFO SharedState: Setting hive.metastore.warehouse.dir ('null') to the value of spark.sql.warehouse.dir.
[2024-09-24T01:30:06.541+0000] {ssh.py:524} INFO - 24/09/24 01:30:06 INFO SharedState: Warehouse path is 'file:/root/spark-warehouse'.
[2024-09-24T01:30:08.597+0000] {ssh.py:524} INFO - 24/09/24 01:30:08 WARN MetricsConfig: Cannot locate configuration: tried hadoop-metrics2-s3a-file-system.properties,hadoop-metrics2.properties
[2024-09-24T01:30:08.614+0000] {ssh.py:524} INFO - 24/09/24 01:30:08 INFO MetricsSystemImpl: Scheduled Metric snapshot period at 10 second(s).
[2024-09-24T01:30:08.615+0000] {ssh.py:524} INFO - 24/09/24 01:30:08 INFO MetricsSystemImpl: s3a-file-system metrics system started
[2024-09-24T01:30:10.128+0000] {ssh.py:524} INFO - 24/09/24 01:30:10 WARN AbstractS3ACommitterFactory: Using standard FileOutputCommitter to commit work. This is slow and potentially unsafe.
[2024-09-24T01:30:10.129+0000] {ssh.py:524} INFO - 24/09/24 01:30:10 INFO FileOutputCommitter: File Output Committer Algorithm version is 1
[2024-09-24T01:30:10.129+0000] {ssh.py:524} INFO - 24/09/24 01:30:10 INFO FileOutputCommitter: FileOutputCommitter skip cleanup _temporary folders under output directory:false, ignore cleanup failures: false
[2024-09-24T01:30:10.131+0000] {ssh.py:524} INFO - 24/09/24 01:30:10 INFO AbstractS3ACommitterFactory: Using Committer FileOutputCommitter{PathOutputCommitter{context=TaskAttemptContextImpl{JobContextImpl{jobId=job_202409240130103417428669933576927_0000}; taskId=attempt_202409240130103417428669933576927_0000_m_000000_0, status=''}; org.apache.hadoop.mapreduce.lib.output.FileOutputCommitter@62125154}; outputPath=s3a://raw/olhovivo/corredor/dt=2024-09-24, workPath=s3a://raw/olhovivo/corredor/dt=2024-09-24/_temporary/0/_temporary/attempt_202409240130103417428669933576927_0000_m_000000_0, algorithmVersion=1, skipCleanup=false, ignoreCleanupFailures=false} for s3a://raw/olhovivo/corredor/dt=2024-09-24
[2024-09-24T01:30:10.132+0000] {ssh.py:524} INFO - 24/09/24 01:30:10 INFO SQLHadoopMapReduceCommitProtocol: Using output committer class org.apache.hadoop.mapreduce.lib.output.FileOutputCommitter
[2024-09-24T01:30:10.568+0000] {ssh.py:524} INFO - 24/09/24 01:30:10 INFO CodeGenerator: Code generated in 114.30371 ms
[2024-09-24T01:30:10.673+0000] {ssh.py:524} INFO - 24/09/24 01:30:10 INFO SparkContext: Starting job: save at NativeMethodAccessorImpl.java:0
[2024-09-24T01:30:10.687+0000] {ssh.py:524} INFO - 24/09/24 01:30:10 INFO DAGScheduler: Got job 0 (save at NativeMethodAccessorImpl.java:0) with 12 output partitions
[2024-09-24T01:30:10.687+0000] {ssh.py:524} INFO - 24/09/24 01:30:10 INFO DAGScheduler: Final stage: ResultStage 0 (save at NativeMethodAccessorImpl.java:0)
[2024-09-24T01:30:10.688+0000] {ssh.py:524} INFO - 24/09/24 01:30:10 INFO DAGScheduler: Parents of final stage: List()
[2024-09-24T01:30:10.689+0000] {ssh.py:524} INFO - 24/09/24 01:30:10 INFO DAGScheduler: Missing parents: List()
[2024-09-24T01:30:10.692+0000] {ssh.py:524} INFO - 24/09/24 01:30:10 INFO DAGScheduler: Submitting ResultStage 0 (MapPartitionsRDD[5] at save at NativeMethodAccessorImpl.java:0), which has no missing parents
[2024-09-24T01:30:10.795+0000] {ssh.py:524} INFO - 24/09/24 01:30:10 INFO MemoryStore: Block broadcast_0 stored as values in memory (estimated size 219.9 KiB, free 2.2 GiB)
[2024-09-24T01:30:10.834+0000] {ssh.py:524} INFO - 24/09/24 01:30:10 INFO MemoryStore: Block broadcast_0_piece0 stored as bytes in memory (estimated size 80.5 KiB, free 2.2 GiB)
[2024-09-24T01:30:10.837+0000] {ssh.py:524} INFO - 24/09/24 01:30:10 INFO BlockManagerInfo: Added broadcast_0_piece0 in memory on spark-master:43843 (size: 80.5 KiB, free: 2.2 GiB)
[2024-09-24T01:30:10.840+0000] {ssh.py:524} INFO - 24/09/24 01:30:10 INFO SparkContext: Created broadcast 0 from broadcast at DAGScheduler.scala:1513
[2024-09-24T01:30:10.853+0000] {ssh.py:524} INFO - 24/09/24 01:30:10 INFO DAGScheduler: Submitting 12 missing tasks from ResultStage 0 (MapPartitionsRDD[5] at save at NativeMethodAccessorImpl.java:0) (first 15 tasks are for partitions Vector(0, 1, 2, 3, 4, 5, 6, 7, 8, 9, 10, 11))
[2024-09-24T01:30:10.854+0000] {ssh.py:524} INFO - 24/09/24 01:30:10 INFO TaskSchedulerImpl: Adding task set 0.0 with 12 tasks resource profile 0
[2024-09-24T01:30:10.897+0000] {ssh.py:524} INFO - 24/09/24 01:30:10 INFO TaskSetManager: Starting task 0.0 in stage 0.0 (TID 0) (spark-master, executor driver, partition 0, PROCESS_LOCAL, 4433 bytes) taskResourceAssignments Map()
[2024-09-24T01:30:10.901+0000] {ssh.py:524} INFO - 24/09/24 01:30:10 INFO TaskSetManager: Starting task 1.0 in stage 0.0 (TID 1) (spark-master, executor driver, partition 1, PROCESS_LOCAL, 4476 bytes) taskResourceAssignments Map()
[2024-09-24T01:30:10.902+0000] {ssh.py:524} INFO - 24/09/24 01:30:10 INFO TaskSetManager: Starting task 2.0 in stage 0.0 (TID 2) (spark-master, executor driver, partition 2, PROCESS_LOCAL, 4433 bytes) taskResourceAssignments Map()
[2024-09-24T01:30:10.904+0000] {ssh.py:524} INFO - 24/09/24 01:30:10 INFO TaskSetManager: Starting task 3.0 in stage 0.0 (TID 3) (spark-master, executor driver, partition 3, PROCESS_LOCAL, 4484 bytes) taskResourceAssignments Map()
[2024-09-24T01:30:10.905+0000] {ssh.py:524} INFO - 24/09/24 01:30:10 INFO TaskSetManager: Starting task 4.0 in stage 0.0 (TID 4) (spark-master, executor driver, partition 4, PROCESS_LOCAL, 4433 bytes) taskResourceAssignments Map()
[2024-09-24T01:30:10.906+0000] {ssh.py:524} INFO - 24/09/24 01:30:10 INFO TaskSetManager: Starting task 5.0 in stage 0.0 (TID 5) (spark-master, executor driver, partition 5, PROCESS_LOCAL, 4480 bytes) taskResourceAssignments Map()
[2024-09-24T01:30:10.907+0000] {ssh.py:524} INFO - 24/09/24 01:30:10 INFO TaskSetManager: Starting task 6.0 in stage 0.0 (TID 6) (spark-master, executor driver, partition 6, PROCESS_LOCAL, 4476 bytes) taskResourceAssignments Map()
[2024-09-24T01:30:10.908+0000] {ssh.py:524} INFO - 24/09/24 01:30:10 INFO TaskSetManager: Starting task 7.0 in stage 0.0 (TID 7) (spark-master, executor driver, partition 7, PROCESS_LOCAL, 4433 bytes) taskResourceAssignments Map()
[2024-09-24T01:30:10.908+0000] {ssh.py:524} INFO - 24/09/24 01:30:10 INFO TaskSetManager: Starting task 8.0 in stage 0.0 (TID 8) (spark-master, executor driver, partition 8, PROCESS_LOCAL, 4473 bytes) taskResourceAssignments Map()
[2024-09-24T01:30:10.910+0000] {ssh.py:524} INFO - 24/09/24 01:30:10 INFO TaskSetManager: Starting task 9.0 in stage 0.0 (TID 9) (spark-master, executor driver, partition 9, PROCESS_LOCAL, 4433 bytes) taskResourceAssignments Map()
[2024-09-24T01:30:10.911+0000] {ssh.py:524} INFO - 24/09/24 01:30:10 INFO TaskSetManager: Starting task 10.0 in stage 0.0 (TID 10) (spark-master, executor driver, partition 10, PROCESS_LOCAL, 4476 bytes) taskResourceAssignments Map()
[2024-09-24T01:30:10.911+0000] {ssh.py:524} INFO - 24/09/24 01:30:10 INFO TaskSetManager: Starting task 11.0 in stage 0.0 (TID 11) (spark-master, executor driver, partition 11, PROCESS_LOCAL, 4479 bytes) taskResourceAssignments Map()
[2024-09-24T01:30:10.925+0000] {ssh.py:524} INFO - 24/09/24 01:30:10 INFO Executor: Running task 4.0 in stage 0.0 (TID 4)
[2024-09-24T01:30:10.925+0000] {ssh.py:524} INFO - 24/09/24 01:30:10 INFO Executor: Running task 6.0 in stage 0.0 (TID 6)
[2024-09-24T01:30:10.926+0000] {ssh.py:524} INFO - 24/09/24 01:30:10 INFO Executor: Running task 10.0 in stage 0.0 (TID 10)
[2024-09-24T01:30:10.926+0000] {ssh.py:524} INFO - 24/09/24 01:30:10 INFO Executor: Running task 7.0 in stage 0.0 (TID 7)
[2024-09-24T01:30:10.927+0000] {ssh.py:524} INFO - 24/09/24 01:30:10 INFO Executor: Running task 8.0 in stage 0.0 (TID 8)
[2024-09-24T01:30:10.928+0000] {ssh.py:524} INFO - 24/09/24 01:30:10 INFO Executor: Running task 9.0 in stage 0.0 (TID 9)
[2024-09-24T01:30:10.929+0000] {ssh.py:524} INFO - 24/09/24 01:30:10 INFO Executor: Running task 0.0 in stage 0.0 (TID 0)
[2024-09-24T01:30:10.929+0000] {ssh.py:524} INFO - 24/09/24 01:30:10 INFO Executor: Running task 2.0 in stage 0.0 (TID 2)
[2024-09-24T01:30:10.932+0000] {ssh.py:524} INFO - 24/09/24 01:30:10 INFO Executor: Running task 1.0 in stage 0.0 (TID 1)
[2024-09-24T01:30:10.933+0000] {ssh.py:524} INFO - 24/09/24 01:30:10 INFO Executor: Running task 11.0 in stage 0.0 (TID 11)
[2024-09-24T01:30:10.934+0000] {ssh.py:524} INFO - 24/09/24 01:30:10 INFO Executor: Running task 3.0 in stage 0.0 (TID 3)
[2024-09-24T01:30:10.952+0000] {ssh.py:524} INFO - 24/09/24 01:30:10 INFO Executor: Running task 5.0 in stage 0.0 (TID 5)
[2024-09-24T01:30:11.753+0000] {ssh.py:524} INFO - 24/09/24 01:30:11 WARN AbstractS3ACommitterFactory: Using standard FileOutputCommitter to commit work. This is slow and potentially unsafe.
[2024-09-24T01:30:11.754+0000] {ssh.py:524} INFO - 24/09/24 01:30:11 INFO FileOutputCommitter: File Output Committer Algorithm version is 1
[2024-09-24T01:30:11.754+0000] {ssh.py:524} INFO - 24/09/24 01:30:11 INFO FileOutputCommitter: FileOutputCommitter skip cleanup _temporary folders under output directory:false, ignore cleanup failures: false
[2024-09-24T01:30:11.755+0000] {ssh.py:524} INFO - 24/09/24 01:30:11 INFO AbstractS3ACommitterFactory: Using Committer FileOutputCommitter{PathOutputCommitter{context=TaskAttemptContextImpl{JobContextImpl{jobId=job_202409240130104214524482043246018_0000}; taskId=attempt_202409240130104214524482043246018_0000_m_000005_5, status=''}; org.apache.hadoop.mapreduce.lib.output.FileOutputCommitter@406ee453}; outputPath=s3a://raw/olhovivo/corredor/dt=2024-09-24, workPath=s3a://raw/olhovivo/corredor/dt=2024-09-24/_temporary/0/_temporary/attempt_202409240130104214524482043246018_0000_m_000005_5, algorithmVersion=1, skipCleanup=false, ignoreCleanupFailures=false} for s3a://raw/olhovivo/corredor/dt=2024-09-24
[2024-09-24T01:30:11.755+0000] {ssh.py:524} INFO - 24/09/24 01:30:11 INFO SQLHadoopMapReduceCommitProtocol: Using output committer class org.apache.hadoop.mapreduce.lib.output.FileOutputCommitter
[2024-09-24T01:30:11.756+0000] {ssh.py:524} INFO - 24/09/24 01:30:11 WARN AbstractS3ACommitterFactory: Using standard FileOutputCommitter to commit work. This is slow and potentially unsafe.
[2024-09-24T01:30:11.757+0000] {ssh.py:524} INFO - 24/09/24 01:30:11 INFO FileOutputCommitter: File Output Committer Algorithm version is 1
[2024-09-24T01:30:11.757+0000] {ssh.py:524} INFO - 24/09/24 01:30:11 INFO FileOutputCommitter: FileOutputCommitter skip cleanup _temporary folders under output directory:false, ignore cleanup failures: false
[2024-09-24T01:30:11.757+0000] {ssh.py:524} INFO - 24/09/24 01:30:11 INFO AbstractS3ACommitterFactory: Using Committer FileOutputCommitter{PathOutputCommitter{context=TaskAttemptContextImpl{JobContextImpl{jobId=job_202409240130101988807824560022497_0000}; taskId=attempt_202409240130101988807824560022497_0000_m_000000_0, status=''}; org.apache.hadoop.mapreduce.lib.output.FileOutputCommitter@14e7fdee}; outputPath=s3a://raw/olhovivo/corredor/dt=2024-09-24, workPath=s3a://raw/olhovivo/corredor/dt=2024-09-24/_temporary/0/_temporary/attempt_202409240130101988807824560022497_0000_m_000000_0, algorithmVersion=1, skipCleanup=false, ignoreCleanupFailures=false} for s3a://raw/olhovivo/corredor/dt=2024-09-24
[2024-09-24T01:30:11.758+0000] {ssh.py:524} INFO - 24/09/24 01:30:11 WARN AbstractS3ACommitterFactory: Using standard FileOutputCommitter to commit work. This is slow and potentially unsafe.
[2024-09-24T01:30:11.758+0000] {ssh.py:524} INFO - 24/09/24 01:30:11 INFO FileOutputCommitter: File Output Committer Algorithm version is 1
[2024-09-24T01:30:11.759+0000] {ssh.py:524} INFO - 24/09/24 01:30:11 INFO FileOutputCommitter: FileOutputCommitter skip cleanup _temporary folders under output directory:false, ignore cleanup failures: false
[2024-09-24T01:30:11.759+0000] {ssh.py:524} INFO - 24/09/24 01:30:11 INFO AbstractS3ACommitterFactory: Using Committer FileOutputCommitter{PathOutputCommitter{context=TaskAttemptContextImpl{JobContextImpl{jobId=job_202409240130106754513473037378301_0000}; taskId=attempt_202409240130106754513473037378301_0000_m_000001_1, status=''}; org.apache.hadoop.mapreduce.lib.output.FileOutputCommitter@3976111}; outputPath=s3a://raw/olhovivo/corredor/dt=2024-09-24, workPath=s3a://raw/olhovivo/corredor/dt=2024-09-24/_temporary/0/_temporary/attempt_202409240130106754513473037378301_0000_m_000001_1, algorithmVersion=1, skipCleanup=false, ignoreCleanupFailures=false} for s3a://raw/olhovivo/corredor/dt=2024-09-24
[2024-09-24T01:30:11.759+0000] {ssh.py:524} INFO - 24/09/24 01:30:11 INFO SQLHadoopMapReduceCommitProtocol: Using output committer class org.apache.hadoop.mapreduce.lib.output.FileOutputCommitter
[2024-09-24T01:30:11.760+0000] {ssh.py:524} INFO - 24/09/24 01:30:11 INFO SQLHadoopMapReduceCommitProtocol: Using output committer class org.apache.hadoop.mapreduce.lib.output.FileOutputCommitter
[2024-09-24T01:30:11.764+0000] {ssh.py:524} INFO - 24/09/24 01:30:11 WARN AbstractS3ACommitterFactory: Using standard FileOutputCommitter to commit work. This is slow and potentially unsafe.
[2024-09-24T01:30:11.766+0000] {ssh.py:524} INFO - 24/09/24 01:30:11 INFO FileOutputCommitter: File Output Committer Algorithm version is 1
[2024-09-24T01:30:11.766+0000] {ssh.py:524} INFO - 24/09/24 01:30:11 INFO FileOutputCommitter: FileOutputCommitter skip cleanup _temporary folders under output directory:false, ignore cleanup failures: false
[2024-09-24T01:30:11.766+0000] {ssh.py:524} INFO - 24/09/24 01:30:11 INFO AbstractS3ACommitterFactory: Using Committer FileOutputCommitter{PathOutputCommitter{context=TaskAttemptContextImpl{JobContextImpl{jobId=job_202409240130107139596799657577429_0000}; taskId=attempt_202409240130107139596799657577429_0000_m_000011_11, status=''}; org.apache.hadoop.mapreduce.lib.output.FileOutputCommitter@76628640}; outputPath=s3a://raw/olhovivo/corredor/dt=2024-09-24, workPath=s3a://raw/olhovivo/corredor/dt=2024-09-24/_temporary/0/_temporary/attempt_202409240130107139596799657577429_0000_m_000011_11, algorithmVersion=1, skipCleanup=false, ignoreCleanupFailures=false} for s3a://raw/olhovivo/corredor/dt=2024-09-24
[2024-09-24T01:30:11.767+0000] {ssh.py:524} INFO - 24/09/24 01:30:11 WARN AbstractS3ACommitterFactory: Using standard FileOutputCommitter to commit work. This is slow and potentially unsafe.
[2024-09-24T01:30:11.767+0000] {ssh.py:524} INFO - 24/09/24 01:30:11 INFO FileOutputCommitter: File Output Committer Algorithm version is 1
[2024-09-24T01:30:11.767+0000] {ssh.py:524} INFO - 24/09/24 01:30:11 INFO SQLHadoopMapReduceCommitProtocol: Using output committer class org.apache.hadoop.mapreduce.lib.output.FileOutputCommitter
[2024-09-24T01:30:11.768+0000] {ssh.py:524} INFO - 24/09/24 01:30:11 INFO FileOutputCommitter: FileOutputCommitter skip cleanup _temporary folders under output directory:false, ignore cleanup failures: false
[2024-09-24T01:30:11.768+0000] {ssh.py:524} INFO - 24/09/24 01:30:11 INFO AbstractS3ACommitterFactory: Using Committer FileOutputCommitter{PathOutputCommitter{context=TaskAttemptContextImpl{JobContextImpl{jobId=job_202409240130108757029302456677165_0000}; taskId=attempt_202409240130108757029302456677165_0000_m_000010_10, status=''}; org.apache.hadoop.mapreduce.lib.output.FileOutputCommitter@4bce203}; outputPath=s3a://raw/olhovivo/corredor/dt=2024-09-24, workPath=s3a://raw/olhovivo/corredor/dt=2024-09-24/_temporary/0/_temporary/attempt_202409240130108757029302456677165_0000_m_000010_10, algorithmVersion=1, skipCleanup=false, ignoreCleanupFailures=false} for s3a://raw/olhovivo/corredor/dt=2024-09-24
[2024-09-24T01:30:11.768+0000] {ssh.py:524} INFO - 24/09/24 01:30:11 INFO SQLHadoopMapReduceCommitProtocol: Using output committer class org.apache.hadoop.mapreduce.lib.output.FileOutputCommitter
[2024-09-24T01:30:11.807+0000] {ssh.py:524} INFO - 24/09/24 01:30:11 WARN AbstractS3ACommitterFactory: Using standard FileOutputCommitter to commit work. This is slow and potentially unsafe.
[2024-09-24T01:30:11.808+0000] {ssh.py:524} INFO - 24/09/24 01:30:11 INFO FileOutputCommitter: File Output Committer Algorithm version is 1
[2024-09-24T01:30:11.808+0000] {ssh.py:524} INFO - 24/09/24 01:30:11 INFO FileOutputCommitter: FileOutputCommitter skip cleanup _temporary folders under output directory:false, ignore cleanup failures: false
[2024-09-24T01:30:11.809+0000] {ssh.py:524} INFO - 24/09/24 01:30:11 INFO AbstractS3ACommitterFactory: Using Committer FileOutputCommitter{PathOutputCommitter{context=TaskAttemptContextImpl{JobContextImpl{jobId=job_202409240130109113653994284813275_0000}; taskId=attempt_202409240130109113653994284813275_0000_m_000004_4, status=''}; org.apache.hadoop.mapreduce.lib.output.FileOutputCommitter@74e765b1}; outputPath=s3a://raw/olhovivo/corredor/dt=2024-09-24, workPath=s3a://raw/olhovivo/corredor/dt=2024-09-24/_temporary/0/_temporary/attempt_202409240130109113653994284813275_0000_m_000004_4, algorithmVersion=1, skipCleanup=false, ignoreCleanupFailures=false} for s3a://raw/olhovivo/corredor/dt=2024-09-24
[2024-09-24T01:30:11.809+0000] {ssh.py:524} INFO - 24/09/24 01:30:11 INFO SQLHadoopMapReduceCommitProtocol: Using output committer class org.apache.hadoop.mapreduce.lib.output.FileOutputCommitter
[2024-09-24T01:30:11.863+0000] {ssh.py:524} INFO - 24/09/24 01:30:11 WARN AbstractS3ACommitterFactory: Using standard FileOutputCommitter to commit work. This is slow and potentially unsafe.
[2024-09-24T01:30:11.864+0000] {ssh.py:524} INFO - 24/09/24 01:30:11 INFO FileOutputCommitter: File Output Committer Algorithm version is 1
[2024-09-24T01:30:11.865+0000] {ssh.py:524} INFO - 24/09/24 01:30:11 INFO FileOutputCommitter: FileOutputCommitter skip cleanup _temporary folders under output directory:false, ignore cleanup failures: false
[2024-09-24T01:30:11.866+0000] {ssh.py:524} INFO - 24/09/24 01:30:11 INFO AbstractS3ACommitterFactory: Using Committer FileOutputCommitter{PathOutputCommitter{context=TaskAttemptContextImpl{JobContextImpl{jobId=job_202409240130102216899824078364389_0000}; taskId=attempt_202409240130102216899824078364389_0000_m_000009_9, status=''}; org.apache.hadoop.mapreduce.lib.output.FileOutputCommitter@43fd2e55}; outputPath=s3a://raw/olhovivo/corredor/dt=2024-09-24, workPath=s3a://raw/olhovivo/corredor/dt=2024-09-24/_temporary/0/_temporary/attempt_202409240130102216899824078364389_0000_m_000009_9, algorithmVersion=1, skipCleanup=false, ignoreCleanupFailures=false} for s3a://raw/olhovivo/corredor/dt=2024-09-24
[2024-09-24T01:30:11.867+0000] {ssh.py:524} INFO - 24/09/24 01:30:11 INFO SQLHadoopMapReduceCommitProtocol: Using output committer class org.apache.hadoop.mapreduce.lib.output.FileOutputCommitter
[2024-09-24T01:30:11.874+0000] {ssh.py:524} INFO - 24/09/24 01:30:11 WARN AbstractS3ACommitterFactory: Using standard FileOutputCommitter to commit work. This is slow and potentially unsafe.
[2024-09-24T01:30:11.875+0000] {ssh.py:524} INFO - 24/09/24 01:30:11 INFO FileOutputCommitter: File Output Committer Algorithm version is 1
[2024-09-24T01:30:11.875+0000] {ssh.py:524} INFO - 24/09/24 01:30:11 INFO FileOutputCommitter: FileOutputCommitter skip cleanup _temporary folders under output directory:false, ignore cleanup failures: false
[2024-09-24T01:30:11.876+0000] {ssh.py:524} INFO - 24/09/24 01:30:11 INFO AbstractS3ACommitterFactory: Using Committer FileOutputCommitter{PathOutputCommitter{context=TaskAttemptContextImpl{JobContextImpl{jobId=job_202409240130101551609762811880967_0000}; taskId=attempt_202409240130101551609762811880967_0000_m_000002_2, status=''}; org.apache.hadoop.mapreduce.lib.output.FileOutputCommitter@4932aa90}; outputPath=s3a://raw/olhovivo/corredor/dt=2024-09-24, workPath=s3a://raw/olhovivo/corredor/dt=2024-09-24/_temporary/0/_temporary/attempt_202409240130101551609762811880967_0000_m_000002_2, algorithmVersion=1, skipCleanup=false, ignoreCleanupFailures=false} for s3a://raw/olhovivo/corredor/dt=2024-09-24
[2024-09-24T01:30:11.877+0000] {ssh.py:524} INFO - 24/09/24 01:30:11 INFO SQLHadoopMapReduceCommitProtocol: Using output committer class org.apache.hadoop.mapreduce.lib.output.FileOutputCommitter
[2024-09-24T01:30:11.884+0000] {ssh.py:524} INFO - 24/09/24 01:30:11 WARN AbstractS3ACommitterFactory: Using standard FileOutputCommitter to commit work. This is slow and potentially unsafe.
[2024-09-24T01:30:11.885+0000] {ssh.py:524} INFO - 24/09/24 01:30:11 INFO FileOutputCommitter: File Output Committer Algorithm version is 1
[2024-09-24T01:30:11.886+0000] {ssh.py:524} INFO - 24/09/24 01:30:11 INFO FileOutputCommitter: FileOutputCommitter skip cleanup _temporary folders under output directory:false, ignore cleanup failures: false
[2024-09-24T01:30:11.888+0000] {ssh.py:524} INFO - 24/09/24 01:30:11 INFO PythonRunner: Times: total = 703, boot = 576, init = 127, finish = 0
[2024-09-24T01:30:11.889+0000] {ssh.py:524} INFO - 24/09/24 01:30:11 INFO AbstractS3ACommitterFactory: Using Committer FileOutputCommitter{PathOutputCommitter{context=TaskAttemptContextImpl{JobContextImpl{jobId=job_202409240130101133019370884482033_0000}; taskId=attempt_202409240130101133019370884482033_0000_m_000008_8, status=''}; org.apache.hadoop.mapreduce.lib.output.FileOutputCommitter@4506ca50}; outputPath=s3a://raw/olhovivo/corredor/dt=2024-09-24, workPath=s3a://raw/olhovivo/corredor/dt=2024-09-24/_temporary/0/_temporary/attempt_202409240130101133019370884482033_0000_m_000008_8, algorithmVersion=1, skipCleanup=false, ignoreCleanupFailures=false} for s3a://raw/olhovivo/corredor/dt=2024-09-24
[2024-09-24T01:30:11.889+0000] {ssh.py:524} INFO - 24/09/24 01:30:11 INFO PythonRunner: Times: total = 670, boot = 550, init = 119, finish = 1
[2024-09-24T01:30:11.890+0000] {ssh.py:524} INFO - 24/09/24 01:30:11 INFO SQLHadoopMapReduceCommitProtocol: Using output committer class org.apache.hadoop.mapreduce.lib.output.FileOutputCommitter
[2024-09-24T01:30:11.893+0000] {ssh.py:524} INFO - 24/09/24 01:30:11 INFO PythonRunner: Times: total = 713, boot = 589, init = 124, finish = 0
[2024-09-24T01:30:11.895+0000] {ssh.py:524} INFO - 24/09/24 01:30:11 INFO PythonRunner: Times: total = 664, boot = 557, init = 107, finish = 0
[2024-09-24T01:30:11.896+0000] {ssh.py:524} INFO - 24/09/24 01:30:11 INFO PythonRunner: Times: total = 670, boot = 560, init = 110, finish = 0
[2024-09-24T01:30:11.899+0000] {ssh.py:524} INFO - 24/09/24 01:30:11 INFO PythonRunner: Times: total = 643, boot = 555, init = 87, finish = 1
[2024-09-24T01:30:11.903+0000] {ssh.py:524} INFO - 24/09/24 01:30:11 INFO PythonRunner: Times: total = 654, boot = 546, init = 108, finish = 0
[2024-09-24T01:30:11.911+0000] {ssh.py:524} INFO - 24/09/24 01:30:11 INFO SparkHadoopMapRedUtil: No need to commit output of task because needsTaskCommit=false: attempt_202409240130109113653994284813275_0000_m_000004_4
[2024-09-24T01:30:11.914+0000] {ssh.py:524} INFO - 24/09/24 01:30:11 INFO SparkHadoopMapRedUtil: No need to commit output of task because needsTaskCommit=false: attempt_202409240130102216899824078364389_0000_m_000009_9
[2024-09-24T01:30:11.918+0000] {ssh.py:524} INFO - 24/09/24 01:30:11 WARN AbstractS3ACommitterFactory: Using standard FileOutputCommitter to commit work. This is slow and potentially unsafe.
[2024-09-24T01:30:11.918+0000] {ssh.py:524} INFO - 24/09/24 01:30:11 INFO FileOutputCommitter: File Output Committer Algorithm version is 1
[2024-09-24T01:30:11.919+0000] {ssh.py:524} INFO - 24/09/24 01:30:11 INFO FileOutputCommitter: FileOutputCommitter skip cleanup _temporary folders under output directory:false, ignore cleanup failures: false
[2024-09-24T01:30:11.919+0000] {ssh.py:524} INFO - 24/09/24 01:30:11 INFO AbstractS3ACommitterFactory: Using Committer FileOutputCommitter{PathOutputCommitter{context=TaskAttemptContextImpl{JobContextImpl{jobId=job_202409240130107311573329789298305_0000}; taskId=attempt_202409240130107311573329789298305_0000_m_000003_3, status=''}; org.apache.hadoop.mapreduce.lib.output.FileOutputCommitter@3f49cd4b}; outputPath=s3a://raw/olhovivo/corredor/dt=2024-09-24, workPath=s3a://raw/olhovivo/corredor/dt=2024-09-24/_temporary/0/_temporary/attempt_202409240130107311573329789298305_0000_m_000003_3, algorithmVersion=1, skipCleanup=false, ignoreCleanupFailures=false} for s3a://raw/olhovivo/corredor/dt=2024-09-24
[2024-09-24T01:30:11.920+0000] {ssh.py:524} INFO - 24/09/24 01:30:11 INFO SQLHadoopMapReduceCommitProtocol: Using output committer class org.apache.hadoop.mapreduce.lib.output.FileOutputCommitter
[2024-09-24T01:30:11.936+0000] {ssh.py:524} INFO - 24/09/24 01:30:11 INFO Executor: Finished task 4.0 in stage 0.0 (TID 4). 2871 bytes result sent to driver
[2024-09-24T01:30:11.939+0000] {ssh.py:524} INFO - 24/09/24 01:30:11 WARN AbstractS3ACommitterFactory: Using standard FileOutputCommitter to commit work. This is slow and potentially unsafe.
[2024-09-24T01:30:11.940+0000] {ssh.py:524} INFO - 24/09/24 01:30:11 INFO Executor: Finished task 9.0 in stage 0.0 (TID 9). 2828 bytes result sent to driver
[2024-09-24T01:30:11.940+0000] {ssh.py:524} INFO - 24/09/24 01:30:11 INFO FileOutputCommitter: File Output Committer Algorithm version is 1
[2024-09-24T01:30:11.941+0000] {ssh.py:524} INFO - 24/09/24 01:30:11 INFO FileOutputCommitter: FileOutputCommitter skip cleanup _temporary folders under output directory:false, ignore cleanup failures: false
[2024-09-24T01:30:11.942+0000] {ssh.py:524} INFO - 24/09/24 01:30:11 INFO AbstractS3ACommitterFactory: Using Committer FileOutputCommitter{PathOutputCommitter{context=TaskAttemptContextImpl{JobContextImpl{jobId=job_202409240130102448464107081159191_0000}; taskId=attempt_202409240130102448464107081159191_0000_m_000007_7, status=''}; org.apache.hadoop.mapreduce.lib.output.FileOutputCommitter@3b77dac}; outputPath=s3a://raw/olhovivo/corredor/dt=2024-09-24, workPath=s3a://raw/olhovivo/corredor/dt=2024-09-24/_temporary/0/_temporary/attempt_202409240130102448464107081159191_0000_m_000007_7, algorithmVersion=1, skipCleanup=false, ignoreCleanupFailures=false} for s3a://raw/olhovivo/corredor/dt=2024-09-24
[2024-09-24T01:30:11.942+0000] {ssh.py:524} INFO - 24/09/24 01:30:11 INFO SQLHadoopMapReduceCommitProtocol: Using output committer class org.apache.hadoop.mapreduce.lib.output.FileOutputCommitter
[2024-09-24T01:30:11.963+0000] {ssh.py:524} INFO - 24/09/24 01:30:11 WARN AbstractS3ACommitterFactory: Using standard FileOutputCommitter to commit work. This is slow and potentially unsafe.
[2024-09-24T01:30:11.964+0000] {ssh.py:524} INFO - 24/09/24 01:30:11 INFO FileOutputCommitter: File Output Committer Algorithm version is 1
[2024-09-24T01:30:11.965+0000] {ssh.py:524} INFO - 24/09/24 01:30:11 INFO FileOutputCommitter: FileOutputCommitter skip cleanup _temporary folders under output directory:false, ignore cleanup failures: false
[2024-09-24T01:30:11.966+0000] {ssh.py:524} INFO - 24/09/24 01:30:11 INFO AbstractS3ACommitterFactory: Using Committer FileOutputCommitter{PathOutputCommitter{context=TaskAttemptContextImpl{JobContextImpl{jobId=job_202409240130105345901930783994498_0000}; taskId=attempt_202409240130105345901930783994498_0000_m_000006_6, status=''}; org.apache.hadoop.mapreduce.lib.output.FileOutputCommitter@62cc3480}; outputPath=s3a://raw/olhovivo/corredor/dt=2024-09-24, workPath=s3a://raw/olhovivo/corredor/dt=2024-09-24/_temporary/0/_temporary/attempt_202409240130105345901930783994498_0000_m_000006_6, algorithmVersion=1, skipCleanup=false, ignoreCleanupFailures=false} for s3a://raw/olhovivo/corredor/dt=2024-09-24
[2024-09-24T01:30:11.966+0000] {ssh.py:524} INFO - 24/09/24 01:30:11 INFO SQLHadoopMapReduceCommitProtocol: Using output committer class org.apache.hadoop.mapreduce.lib.output.FileOutputCommitter
[2024-09-24T01:30:11.966+0000] {ssh.py:524} INFO - 24/09/24 01:30:11 INFO PythonRunner: Times: total = 785, boot = 595, init = 190, finish = 0
[2024-09-24T01:30:11.982+0000] {ssh.py:524} INFO - 24/09/24 01:30:11 INFO SparkHadoopMapRedUtil: No need to commit output of task because needsTaskCommit=false: attempt_202409240130101551609762811880967_0000_m_000002_2
[2024-09-24T01:30:11.989+0000] {ssh.py:524} INFO - 24/09/24 01:30:11 INFO Executor: Finished task 2.0 in stage 0.0 (TID 2). 2828 bytes result sent to driver
[2024-09-24T01:30:12.002+0000] {ssh.py:524} INFO - 24/09/24 01:30:11 INFO PythonRunner: Times: total = 819, boot = 638, init = 181, finish = 0
[2024-09-24T01:30:12.003+0000] {ssh.py:524} INFO - 24/09/24 01:30:11 INFO PythonRunner: Times: total = 782, boot = 592, init = 190, finish = 0
[2024-09-24T01:30:12.003+0000] {ssh.py:524} INFO - 24/09/24 01:30:11 INFO TaskSetManager: Finished task 9.0 in stage 0.0 (TID 9) in 1084 ms on spark-master (executor driver) (1/12)
[2024-09-24T01:30:12.008+0000] {ssh.py:524} INFO - 24/09/24 01:30:12 INFO TaskSetManager: Finished task 4.0 in stage 0.0 (TID 4) in 1103 ms on spark-master (executor driver) (2/12)
[2024-09-24T01:30:12.009+0000] {ssh.py:524} INFO - 24/09/24 01:30:12 INFO PythonAccumulatorV2: Connected to AccumulatorServer at host: 127.0.0.1 port: 56615
[2024-09-24T01:30:12.010+0000] {ssh.py:524} INFO - 24/09/24 01:30:12 INFO SparkHadoopMapRedUtil: No need to commit output of task because needsTaskCommit=false: attempt_202409240130102448464107081159191_0000_m_000007_7
[2024-09-24T01:30:12.019+0000] {ssh.py:524} INFO - 24/09/24 01:30:12 INFO TaskSetManager: Finished task 2.0 in stage 0.0 (TID 2) in 1113 ms on spark-master (executor driver) (3/12)
[2024-09-24T01:30:12.019+0000] {ssh.py:524} INFO - 24/09/24 01:30:12 INFO Executor: Finished task 7.0 in stage 0.0 (TID 7). 2828 bytes result sent to driver
[2024-09-24T01:30:12.022+0000] {ssh.py:524} INFO - 24/09/24 01:30:12 INFO PythonRunner: Times: total = 827, boot = 618, init = 208, finish = 1
[2024-09-24T01:30:12.028+0000] {ssh.py:524} INFO - 24/09/24 01:30:12 INFO PythonRunner: Times: total = 825, boot = 640, init = 184, finish = 1
[2024-09-24T01:30:12.032+0000] {ssh.py:524} INFO - 24/09/24 01:30:12 INFO TaskSetManager: Finished task 7.0 in stage 0.0 (TID 7) in 1123 ms on spark-master (executor driver) (4/12)
[2024-09-24T01:30:12.450+0000] {ssh.py:524} INFO - 24/09/24 01:30:12 INFO FileOutputCommitter: Saved output of task 'attempt_202409240130107311573329789298305_0000_m_000003_3' to s3a://raw/olhovivo/corredor/dt=2024-09-24/_temporary/0/task_202409240130107311573329789298305_0000_m_000003
[2024-09-24T01:30:12.460+0000] {ssh.py:524} INFO - 24/09/24 01:30:12 INFO SparkHadoopMapRedUtil: attempt_202409240130107311573329789298305_0000_m_000003_3: Committed. Elapsed time: 360 ms.
[2024-09-24T01:30:12.478+0000] {ssh.py:524} INFO - 24/09/24 01:30:12 INFO Executor: Finished task 3.0 in stage 0.0 (TID 3). 2957 bytes result sent to driver
[2024-09-24T01:30:12.481+0000] {ssh.py:524} INFO - 24/09/24 01:30:12 INFO FileOutputCommitter: Saved output of task 'attempt_202409240130105345901930783994498_0000_m_000006_6' to s3a://raw/olhovivo/corredor/dt=2024-09-24/_temporary/0/task_202409240130105345901930783994498_0000_m_000006
[2024-09-24T01:30:12.482+0000] {ssh.py:524} INFO - 24/09/24 01:30:12 INFO SparkHadoopMapRedUtil: attempt_202409240130105345901930783994498_0000_m_000006_6: Committed. Elapsed time: 393 ms.
[2024-09-24T01:30:12.482+0000] {ssh.py:524} INFO - 24/09/24 01:30:12 INFO TaskSetManager: Finished task 3.0 in stage 0.0 (TID 3) in 1578 ms on spark-master (executor driver) (5/12)
[2024-09-24T01:30:12.483+0000] {ssh.py:524} INFO - 24/09/24 01:30:12 INFO Executor: Finished task 6.0 in stage 0.0 (TID 6). 2914 bytes result sent to driver
[2024-09-24T01:30:12.485+0000] {ssh.py:524} INFO - 24/09/24 01:30:12 INFO TaskSetManager: Finished task 6.0 in stage 0.0 (TID 6) in 1578 ms on spark-master (executor driver) (6/12)
[2024-09-24T01:30:12.486+0000] {ssh.py:524} INFO - 24/09/24 01:30:12 INFO FileOutputCommitter: Saved output of task 'attempt_202409240130104214524482043246018_0000_m_000005_5' to s3a://raw/olhovivo/corredor/dt=2024-09-24/_temporary/0/task_202409240130104214524482043246018_0000_m_000005
[2024-09-24T01:30:12.487+0000] {ssh.py:524} INFO - 24/09/24 01:30:12 INFO SparkHadoopMapRedUtil: attempt_202409240130104214524482043246018_0000_m_000005_5: Committed. Elapsed time: 441 ms.
[2024-09-24T01:30:12.488+0000] {ssh.py:524} INFO - 24/09/24 01:30:12 INFO Executor: Finished task 5.0 in stage 0.0 (TID 5). 2914 bytes result sent to driver
[2024-09-24T01:30:12.490+0000] {ssh.py:524} INFO - 24/09/24 01:30:12 INFO TaskSetManager: Finished task 5.0 in stage 0.0 (TID 5) in 1584 ms on spark-master (executor driver) (7/12)
[2024-09-24T01:30:12.514+0000] {ssh.py:524} INFO - 24/09/24 01:30:12 INFO FileOutputCommitter: Saved output of task 'attempt_202409240130101133019370884482033_0000_m_000008_8' to s3a://raw/olhovivo/corredor/dt=2024-09-24/_temporary/0/task_202409240130101133019370884482033_0000_m_000008
[2024-09-24T01:30:12.514+0000] {ssh.py:524} INFO - 24/09/24 01:30:12 INFO SparkHadoopMapRedUtil: attempt_202409240130101133019370884482033_0000_m_000008_8: Committed. Elapsed time: 324 ms.
[2024-09-24T01:30:12.517+0000] {ssh.py:524} INFO - 24/09/24 01:30:12 INFO Executor: Finished task 8.0 in stage 0.0 (TID 8). 2914 bytes result sent to driver
[2024-09-24T01:30:12.518+0000] {ssh.py:524} INFO - 24/09/24 01:30:12 INFO FileOutputCommitter: Saved output of task 'attempt_202409240130107139596799657577429_0000_m_000011_11' to s3a://raw/olhovivo/corredor/dt=2024-09-24/_temporary/0/task_202409240130107139596799657577429_0000_m_000011
[2024-09-24T01:30:12.519+0000] {ssh.py:524} INFO - 24/09/24 01:30:12 INFO SparkHadoopMapRedUtil: attempt_202409240130107139596799657577429_0000_m_000011_11: Committed. Elapsed time: 457 ms.
[2024-09-24T01:30:12.521+0000] {ssh.py:524} INFO - 24/09/24 01:30:12 INFO Executor: Finished task 11.0 in stage 0.0 (TID 11). 2914 bytes result sent to driver
[2024-09-24T01:30:12.524+0000] {ssh.py:524} INFO - 24/09/24 01:30:12 INFO TaskSetManager: Finished task 8.0 in stage 0.0 (TID 8) in 1612 ms on spark-master (executor driver) (8/12)
[2024-09-24T01:30:12.526+0000] {ssh.py:524} INFO - 24/09/24 01:30:12 INFO TaskSetManager: Finished task 11.0 in stage 0.0 (TID 11) in 1615 ms on spark-master (executor driver) (9/12)
[2024-09-24T01:30:12.540+0000] {ssh.py:524} INFO - 24/09/24 01:30:12 INFO FileOutputCommitter: Saved output of task 'attempt_202409240130101988807824560022497_0000_m_000000_0' to s3a://raw/olhovivo/corredor/dt=2024-09-24/_temporary/0/task_202409240130101988807824560022497_0000_m_000000
[2024-09-24T01:30:12.541+0000] {ssh.py:524} INFO - 24/09/24 01:30:12 INFO SparkHadoopMapRedUtil: attempt_202409240130101988807824560022497_0000_m_000000_0: Committed. Elapsed time: 483 ms.
[2024-09-24T01:30:12.543+0000] {ssh.py:524} INFO - 24/09/24 01:30:12 INFO Executor: Finished task 0.0 in stage 0.0 (TID 0). 2828 bytes result sent to driver
[2024-09-24T01:30:12.544+0000] {ssh.py:524} INFO - 24/09/24 01:30:12 INFO TaskSetManager: Finished task 0.0 in stage 0.0 (TID 0) in 1659 ms on spark-master (executor driver) (10/12)
[2024-09-24T01:30:12.567+0000] {ssh.py:524} INFO - 24/09/24 01:30:12 INFO FileOutputCommitter: Saved output of task 'attempt_202409240130106754513473037378301_0000_m_000001_1' to s3a://raw/olhovivo/corredor/dt=2024-09-24/_temporary/0/task_202409240130106754513473037378301_0000_m_000001
[2024-09-24T01:30:12.567+0000] {ssh.py:524} INFO - 24/09/24 01:30:12 INFO SparkHadoopMapRedUtil: attempt_202409240130106754513473037378301_0000_m_000001_1: Committed. Elapsed time: 527 ms.
[2024-09-24T01:30:12.569+0000] {ssh.py:524} INFO - 24/09/24 01:30:12 INFO Executor: Finished task 1.0 in stage 0.0 (TID 1). 2914 bytes result sent to driver
[2024-09-24T01:30:12.570+0000] {ssh.py:524} INFO - 24/09/24 01:30:12 INFO TaskSetManager: Finished task 1.0 in stage 0.0 (TID 1) in 1670 ms on spark-master (executor driver) (11/12)
[2024-09-24T01:30:12.604+0000] {ssh.py:524} INFO - 24/09/24 01:30:12 INFO FileOutputCommitter: Saved output of task 'attempt_202409240130108757029302456677165_0000_m_000010_10' to s3a://raw/olhovivo/corredor/dt=2024-09-24/_temporary/0/task_202409240130108757029302456677165_0000_m_000010
[2024-09-24T01:30:12.605+0000] {ssh.py:524} INFO - 24/09/24 01:30:12 INFO SparkHadoopMapRedUtil: attempt_202409240130108757029302456677165_0000_m_000010_10: Committed. Elapsed time: 531 ms.
[2024-09-24T01:30:12.608+0000] {ssh.py:524} INFO - 24/09/24 01:30:12 INFO Executor: Finished task 10.0 in stage 0.0 (TID 10). 2914 bytes result sent to driver
[2024-09-24T01:30:12.609+0000] {ssh.py:524} INFO - 24/09/24 01:30:12 INFO TaskSetManager: Finished task 10.0 in stage 0.0 (TID 10) in 1700 ms on spark-master (executor driver) (12/12)
[2024-09-24T01:30:12.610+0000] {ssh.py:524} INFO - 24/09/24 01:30:12 INFO TaskSchedulerImpl: Removed TaskSet 0.0, whose tasks have all completed, from pool 
[2024-09-24T01:30:12.615+0000] {ssh.py:524} INFO - 24/09/24 01:30:12 INFO DAGScheduler: ResultStage 0 (save at NativeMethodAccessorImpl.java:0) finished in 1.909 s
[2024-09-24T01:30:12.618+0000] {ssh.py:524} INFO - 24/09/24 01:30:12 INFO DAGScheduler: Job 0 is finished. Cancelling potential speculative or zombie tasks for this job
[2024-09-24T01:30:12.619+0000] {ssh.py:524} INFO - 24/09/24 01:30:12 INFO TaskSchedulerImpl: Killing all running tasks in stage 0: Stage finished
[2024-09-24T01:30:12.621+0000] {ssh.py:524} INFO - 24/09/24 01:30:12 INFO DAGScheduler: Job 0 finished: save at NativeMethodAccessorImpl.java:0, took 1.947306 s
[2024-09-24T01:30:12.624+0000] {ssh.py:524} INFO - 24/09/24 01:30:12 INFO FileFormatWriter: Start to commit write Job a570ff50-dc08-4a26-9cc5-9ddbedd1c1b6.
[2024-09-24T01:30:13.289+0000] {ssh.py:524} INFO - 24/09/24 01:30:13 INFO FileFormatWriter: Write Job a570ff50-dc08-4a26-9cc5-9ddbedd1c1b6 committed. Elapsed time: 664 ms.
[2024-09-24T01:30:13.296+0000] {ssh.py:524} INFO - 24/09/24 01:30:13 INFO FileFormatWriter: Finished processing stats for write job a570ff50-dc08-4a26-9cc5-9ddbedd1c1b6.
[2024-09-24T01:30:13.301+0000] {ssh.py:524} INFO - [DEBUG] Done.
[2024-09-24T01:30:13.349+0000] {ssh.py:524} INFO - 24/09/24 01:30:13 INFO SparkContext: Invoking stop() from shutdown hook
[2024-09-24T01:30:13.360+0000] {ssh.py:524} INFO - 24/09/24 01:30:13 INFO SparkUI: Stopped Spark web UI at http://spark-master:4041
[2024-09-24T01:30:13.416+0000] {ssh.py:524} INFO - 24/09/24 01:30:13 INFO MapOutputTrackerMasterEndpoint: MapOutputTrackerMasterEndpoint stopped!
[2024-09-24T01:30:13.443+0000] {ssh.py:524} INFO - 24/09/24 01:30:13 INFO MemoryStore: MemoryStore cleared
[2024-09-24T01:30:13.450+0000] {ssh.py:524} INFO - 24/09/24 01:30:13 INFO BlockManager: BlockManager stopped
[2024-09-24T01:30:13.457+0000] {ssh.py:524} INFO - 24/09/24 01:30:13 INFO BlockManagerMaster: BlockManagerMaster stopped
[2024-09-24T01:30:13.461+0000] {ssh.py:524} INFO - 24/09/24 01:30:13 INFO OutputCommitCoordinator$OutputCommitCoordinatorEndpoint: OutputCommitCoordinator stopped!
[2024-09-24T01:30:13.505+0000] {ssh.py:524} INFO - 24/09/24 01:30:13 INFO SparkContext: Successfully stopped SparkContext
[2024-09-24T01:30:13.505+0000] {ssh.py:524} INFO - 24/09/24 01:30:13 INFO ShutdownHookManager: Shutdown hook called
[2024-09-24T01:30:13.506+0000] {ssh.py:524} INFO - 24/09/24 01:30:13 INFO ShutdownHookManager: Deleting directory /tmp/spark-83c66875-5346-4d29-bd9c-a0e3c56a337f
[2024-09-24T01:30:13.511+0000] {ssh.py:524} INFO - 24/09/24 01:30:13 INFO ShutdownHookManager: Deleting directory /tmp/spark-83c66875-5346-4d29-bd9c-a0e3c56a337f/pyspark-1e370649-4a76-49bb-a432-4db6a0d852f4
[2024-09-24T01:30:13.515+0000] {ssh.py:524} INFO - 24/09/24 01:30:13 INFO ShutdownHookManager: Deleting directory /tmp/spark-31b28626-d8c9-4f2e-8b32-1870ec3a5a0b
[2024-09-24T01:30:13.537+0000] {ssh.py:524} INFO - 24/09/24 01:30:13 INFO MetricsSystemImpl: Stopping s3a-file-system metrics system...
[2024-09-24T01:30:13.539+0000] {ssh.py:524} INFO - 24/09/24 01:30:13 INFO MetricsSystemImpl: s3a-file-system metrics system stopped.
[2024-09-24T01:30:13.539+0000] {ssh.py:524} INFO - 24/09/24 01:30:13 INFO MetricsSystemImpl: s3a-file-system metrics system shutdown complete.
[2024-09-24T01:30:13.709+0000] {taskinstance.py:1400} INFO - Marking task as SUCCESS. dag_id=raw_ingestion_15min, task_id=spark_raw_ingestion_corredor, execution_date=20240924T011500, start_date=20240924T013001, end_date=20240924T013013
[2024-09-24T01:30:13.750+0000] {local_task_job_runner.py:228} INFO - Task exited with return code 0
[2024-09-24T01:30:13.796+0000] {taskinstance.py:2778} INFO - 0 downstream tasks scheduled from follow-on schedule check
[2024-09-24T01:37:15.118+0000] {taskinstance.py:1159} INFO - Dependencies all met for dep_context=non-requeueable deps ti=<TaskInstance: raw_ingestion_15min.spark_raw_ingestion_corredor scheduled__2024-09-24T01:15:00+00:00 [queued]>
[2024-09-24T01:37:15.127+0000] {taskinstance.py:1159} INFO - Dependencies all met for dep_context=requeueable deps ti=<TaskInstance: raw_ingestion_15min.spark_raw_ingestion_corredor scheduled__2024-09-24T01:15:00+00:00 [queued]>
[2024-09-24T01:37:15.127+0000] {taskinstance.py:1361} INFO - Starting attempt 1 of 1
[2024-09-24T01:37:15.139+0000] {taskinstance.py:1382} INFO - Executing <Task(SSHOperator): spark_raw_ingestion_corredor> on 2024-09-24 01:15:00+00:00
[2024-09-24T01:37:15.145+0000] {standard_task_runner.py:57} INFO - Started process 3565 to run task
[2024-09-24T01:37:15.147+0000] {standard_task_runner.py:84} INFO - Running: ['airflow', 'tasks', 'run', 'raw_ingestion_15min', 'spark_raw_ingestion_corredor', 'scheduled__2024-09-24T01:15:00+00:00', '--job-id', '592', '--raw', '--subdir', 'DAGS_FOLDER/raw_ingestion_15min.py', '--cfg-path', '/tmp/tmpq4amh6vz']
[2024-09-24T01:37:15.148+0000] {standard_task_runner.py:85} INFO - Job 592: Subtask spark_raw_ingestion_corredor
[2024-09-24T01:37:15.277+0000] {task_command.py:416} INFO - Running <TaskInstance: raw_ingestion_15min.spark_raw_ingestion_corredor scheduled__2024-09-24T01:15:00+00:00 [running]> on host airflow-worker
[2024-09-24T01:37:15.475+0000] {taskinstance.py:1662} INFO - Exporting env vars: AIRFLOW_CTX_DAG_OWNER='***' AIRFLOW_CTX_DAG_ID='raw_ingestion_15min' AIRFLOW_CTX_TASK_ID='spark_raw_ingestion_corredor' AIRFLOW_CTX_EXECUTION_DATE='2024-09-24T01:15:00+00:00' AIRFLOW_CTX_TRY_NUMBER='1' AIRFLOW_CTX_DAG_RUN_ID='scheduled__2024-09-24T01:15:00+00:00'
[2024-09-24T01:37:15.475+0000] {ssh.py:141} INFO - Creating ssh_client
[2024-09-24T01:37:15.476+0000] {ssh.py:114} INFO - ssh_hook is not provided or invalid. Trying ssh_conn_id to create SSHHook.
[2024-09-24T01:37:15.508+0000] {base.py:73} INFO - Using connection ID 'spark_ssh_default' for task execution.
[2024-09-24T01:37:15.509+0000] {ssh.py:300} WARNING - No Host Key Verification. This won't protect against Man-In-The-Middle attacks
[2024-09-24T01:37:15.518+0000] {transport.py:1893} INFO - Connected (version 2.0, client OpenSSH_8.9p1)
[2024-09-24T01:37:15.643+0000] {transport.py:1893} INFO - Authentication (password) successful!
[2024-09-24T01:37:15.644+0000] {ssh.py:478} INFO - Running command: export SPARK_HOME=/usr/local/spark; /opt/conda/bin/spark-submit --master local[*] --driver-cores 2 --executor-cores 2 --driver-memory 4G --executor-memory 4G /opt/shared/scripts/raw_ingestion.py 2024-09-24 corredor
[2024-09-24T01:37:18.215+0000] {ssh.py:524} INFO - [DEBUG] dt_now: 2024-09-24
[2024-09-24T01:37:18.216+0000] {ssh.py:524} INFO - [DEBUG] endpoint: corredor
[2024-09-24T01:37:18.291+0000] {ssh.py:524} INFO - 24/09/24 01:37:18 INFO SparkContext: Running Spark version 3.3.1
[2024-09-24T01:37:18.318+0000] {ssh.py:524} INFO - 24/09/24 01:37:18 WARN NativeCodeLoader: Unable to load native-hadoop library for your platform... using builtin-java classes where applicable
[2024-09-24T01:37:18.430+0000] {ssh.py:524} INFO - 24/09/24 01:37:18 INFO ResourceUtils: ==============================================================
[2024-09-24T01:37:18.431+0000] {ssh.py:524} INFO - 24/09/24 01:37:18 INFO ResourceUtils: No custom resources configured for spark.driver.
[2024-09-24T01:37:18.432+0000] {ssh.py:524} INFO - 24/09/24 01:37:18 INFO ResourceUtils: ==============================================================
[2024-09-24T01:37:18.432+0000] {ssh.py:524} INFO - 24/09/24 01:37:18 INFO SparkContext: Submitted application: raw_ingestion_corredor
[2024-09-24T01:37:18.455+0000] {ssh.py:524} INFO - 24/09/24 01:37:18 INFO ResourceProfile: Default ResourceProfile created, executor resources: Map(cores -> name: cores, amount: 1, script: , vendor: , memory -> name: memory, amount: 1024, script: , vendor: , offHeap -> name: offHeap, amount: 0, script: , vendor: ), task resources: Map(cpus -> name: cpus, amount: 1.0)
[2024-09-24T01:37:18.464+0000] {ssh.py:524} INFO - 24/09/24 01:37:18 INFO ResourceProfile: Limiting resource is cpu
[2024-09-24T01:37:18.465+0000] {ssh.py:524} INFO - 24/09/24 01:37:18 INFO ResourceProfileManager: Added ResourceProfile id: 0
[2024-09-24T01:37:18.526+0000] {ssh.py:524} INFO - 24/09/24 01:37:18 INFO SecurityManager: Changing view acls to: root
[2024-09-24T01:37:18.527+0000] {ssh.py:524} INFO - 24/09/24 01:37:18 INFO SecurityManager: Changing modify acls to: root
[2024-09-24T01:37:18.527+0000] {ssh.py:524} INFO - 24/09/24 01:37:18 INFO SecurityManager: Changing view acls groups to: 
[2024-09-24T01:37:18.528+0000] {ssh.py:524} INFO - 24/09/24 01:37:18 INFO SecurityManager: Changing modify acls groups to: 
[2024-09-24T01:37:18.529+0000] {ssh.py:524} INFO - 24/09/24 01:37:18 INFO SecurityManager: SecurityManager: authentication disabled; ui acls disabled; users  with view permissions: Set(root); groups with view permissions: Set(); users  with modify permissions: Set(root); groups with modify permissions: Set()
[2024-09-24T01:37:18.787+0000] {ssh.py:524} INFO - 24/09/24 01:37:18 INFO Utils: Successfully started service 'sparkDriver' on port 42465.
[2024-09-24T01:37:18.835+0000] {ssh.py:524} INFO - 24/09/24 01:37:18 INFO SparkEnv: Registering MapOutputTracker
[2024-09-24T01:37:18.873+0000] {ssh.py:524} INFO - 24/09/24 01:37:18 INFO SparkEnv: Registering BlockManagerMaster
[2024-09-24T01:37:18.895+0000] {ssh.py:524} INFO - 24/09/24 01:37:18 INFO BlockManagerMasterEndpoint: Using org.apache.spark.storage.DefaultTopologyMapper for getting topology information
[2024-09-24T01:37:18.898+0000] {ssh.py:524} INFO - 24/09/24 01:37:18 INFO BlockManagerMasterEndpoint: BlockManagerMasterEndpoint up
[2024-09-24T01:37:18.902+0000] {ssh.py:524} INFO - 24/09/24 01:37:18 INFO SparkEnv: Registering BlockManagerMasterHeartbeat
[2024-09-24T01:37:18.924+0000] {ssh.py:524} INFO - 24/09/24 01:37:18 INFO DiskBlockManager: Created local directory at /tmp/blockmgr-604d4cd1-3363-413d-a8fc-10c738648144
[2024-09-24T01:37:18.944+0000] {ssh.py:524} INFO - 24/09/24 01:37:18 INFO MemoryStore: MemoryStore started with capacity 2.2 GiB
[2024-09-24T01:37:18.961+0000] {ssh.py:524} INFO - 24/09/24 01:37:18 INFO SparkEnv: Registering OutputCommitCoordinator
[2024-09-24T01:37:19.194+0000] {ssh.py:524} INFO - 24/09/24 01:37:19 WARN Utils: Service 'SparkUI' could not bind on port 4040. Attempting port 4041.
[2024-09-24T01:37:19.199+0000] {ssh.py:524} INFO - 24/09/24 01:37:19 WARN Utils: Service 'SparkUI' could not bind on port 4041. Attempting port 4042.
[2024-09-24T01:37:19.200+0000] {ssh.py:524} INFO - 24/09/24 01:37:19 WARN Utils: Service 'SparkUI' could not bind on port 4042. Attempting port 4043.
[2024-09-24T01:37:19.216+0000] {ssh.py:524} INFO - 24/09/24 01:37:19 INFO Utils: Successfully started service 'SparkUI' on port 4043.
[2024-09-24T01:37:19.402+0000] {ssh.py:524} INFO - 24/09/24 01:37:19 INFO Executor: Starting executor ID driver on host spark-master
[2024-09-24T01:37:19.409+0000] {ssh.py:524} INFO - 24/09/24 01:37:19 INFO Executor: Starting executor with user classpath (userClassPathFirst = false): ''
[2024-09-24T01:37:19.451+0000] {ssh.py:524} INFO - 24/09/24 01:37:19 INFO Utils: Successfully started service 'org.apache.spark.network.netty.NettyBlockTransferService' on port 33739.
[2024-09-24T01:37:19.453+0000] {ssh.py:524} INFO - 24/09/24 01:37:19 INFO NettyBlockTransferService: Server created on spark-master:33739
[2024-09-24T01:37:19.454+0000] {ssh.py:524} INFO - 24/09/24 01:37:19 INFO BlockManager: Using org.apache.spark.storage.RandomBlockReplicationPolicy for block replication policy
[2024-09-24T01:37:19.459+0000] {ssh.py:524} INFO - 24/09/24 01:37:19 INFO BlockManagerMaster: Registering BlockManager BlockManagerId(driver, spark-master, 33739, None)
[2024-09-24T01:37:19.468+0000] {ssh.py:524} INFO - 24/09/24 01:37:19 INFO BlockManagerMasterEndpoint: Registering block manager spark-master:33739 with 2.2 GiB RAM, BlockManagerId(driver, spark-master, 33739, None)
[2024-09-24T01:37:19.471+0000] {ssh.py:524} INFO - 24/09/24 01:37:19 INFO BlockManagerMaster: Registered BlockManager BlockManagerId(driver, spark-master, 33739, None)
[2024-09-24T01:37:19.472+0000] {ssh.py:524} INFO - 24/09/24 01:37:19 INFO BlockManager: Initialized BlockManager: BlockManagerId(driver, spark-master, 33739, None)
[2024-09-24T01:37:20.475+0000] {ssh.py:524} INFO - 24/09/24 01:37:20 INFO SharedState: Setting hive.metastore.warehouse.dir ('null') to the value of spark.sql.warehouse.dir.
[2024-09-24T01:37:20.482+0000] {ssh.py:524} INFO - 24/09/24 01:37:20 INFO SharedState: Warehouse path is 'file:/root/spark-warehouse'.
[2024-09-24T01:37:22.550+0000] {ssh.py:524} INFO - 24/09/24 01:37:22 WARN MetricsConfig: Cannot locate configuration: tried hadoop-metrics2-s3a-file-system.properties,hadoop-metrics2.properties
[2024-09-24T01:37:22.562+0000] {ssh.py:524} INFO - 24/09/24 01:37:22 INFO MetricsSystemImpl: Scheduled Metric snapshot period at 10 second(s).
[2024-09-24T01:37:22.565+0000] {ssh.py:524} INFO - 24/09/24 01:37:22 INFO MetricsSystemImpl: s3a-file-system metrics system started
[2024-09-24T01:37:23.678+0000] {ssh.py:524} INFO - 24/09/24 01:37:23 WARN AbstractS3ACommitterFactory: Using standard FileOutputCommitter to commit work. This is slow and potentially unsafe.
[2024-09-24T01:37:23.679+0000] {ssh.py:524} INFO - 24/09/24 01:37:23 INFO FileOutputCommitter: File Output Committer Algorithm version is 1
[2024-09-24T01:37:23.680+0000] {ssh.py:524} INFO - 24/09/24 01:37:23 INFO FileOutputCommitter: FileOutputCommitter skip cleanup _temporary folders under output directory:false, ignore cleanup failures: false
[2024-09-24T01:37:23.682+0000] {ssh.py:524} INFO - 24/09/24 01:37:23 INFO AbstractS3ACommitterFactory: Using Committer FileOutputCommitter{PathOutputCommitter{context=TaskAttemptContextImpl{JobContextImpl{jobId=job_202409240137232489473537966850590_0000}; taskId=attempt_202409240137232489473537966850590_0000_m_000000_0, status=''}; org.apache.hadoop.mapreduce.lib.output.FileOutputCommitter@4bd106bd}; outputPath=s3a://raw/olhovivo/corredor/dt=2024-09-24, workPath=s3a://raw/olhovivo/corredor/dt=2024-09-24/_temporary/0/_temporary/attempt_202409240137232489473537966850590_0000_m_000000_0, algorithmVersion=1, skipCleanup=false, ignoreCleanupFailures=false} for s3a://raw/olhovivo/corredor/dt=2024-09-24
[2024-09-24T01:37:23.684+0000] {ssh.py:524} INFO - 24/09/24 01:37:23 INFO SQLHadoopMapReduceCommitProtocol: Using output committer class org.apache.hadoop.mapreduce.lib.output.FileOutputCommitter
[2024-09-24T01:37:24.172+0000] {ssh.py:524} INFO - 24/09/24 01:37:24 INFO CodeGenerator: Code generated in 137.531916 ms
[2024-09-24T01:37:24.283+0000] {ssh.py:524} INFO - 24/09/24 01:37:24 INFO SparkContext: Starting job: save at NativeMethodAccessorImpl.java:0
[2024-09-24T01:37:24.296+0000] {ssh.py:524} INFO - 24/09/24 01:37:24 INFO DAGScheduler: Got job 0 (save at NativeMethodAccessorImpl.java:0) with 12 output partitions
[2024-09-24T01:37:24.297+0000] {ssh.py:524} INFO - 24/09/24 01:37:24 INFO DAGScheduler: Final stage: ResultStage 0 (save at NativeMethodAccessorImpl.java:0)
[2024-09-24T01:37:24.297+0000] {ssh.py:524} INFO - 24/09/24 01:37:24 INFO DAGScheduler: Parents of final stage: List()
[2024-09-24T01:37:24.298+0000] {ssh.py:524} INFO - 24/09/24 01:37:24 INFO DAGScheduler: Missing parents: List()
[2024-09-24T01:37:24.301+0000] {ssh.py:524} INFO - 24/09/24 01:37:24 INFO DAGScheduler: Submitting ResultStage 0 (MapPartitionsRDD[5] at save at NativeMethodAccessorImpl.java:0), which has no missing parents
[2024-09-24T01:37:24.398+0000] {ssh.py:524} INFO - 24/09/24 01:37:24 INFO MemoryStore: Block broadcast_0 stored as values in memory (estimated size 219.9 KiB, free 2.2 GiB)
[2024-09-24T01:37:24.425+0000] {ssh.py:524} INFO - 24/09/24 01:37:24 INFO MemoryStore: Block broadcast_0_piece0 stored as bytes in memory (estimated size 80.5 KiB, free 2.2 GiB)
[2024-09-24T01:37:24.429+0000] {ssh.py:524} INFO - 24/09/24 01:37:24 INFO BlockManagerInfo: Added broadcast_0_piece0 in memory on spark-master:33739 (size: 80.5 KiB, free: 2.2 GiB)
[2024-09-24T01:37:24.433+0000] {ssh.py:524} INFO - 24/09/24 01:37:24 INFO SparkContext: Created broadcast 0 from broadcast at DAGScheduler.scala:1513
[2024-09-24T01:37:24.446+0000] {ssh.py:524} INFO - 24/09/24 01:37:24 INFO DAGScheduler: Submitting 12 missing tasks from ResultStage 0 (MapPartitionsRDD[5] at save at NativeMethodAccessorImpl.java:0) (first 15 tasks are for partitions Vector(0, 1, 2, 3, 4, 5, 6, 7, 8, 9, 10, 11))
[2024-09-24T01:37:24.448+0000] {ssh.py:524} INFO - 24/09/24 01:37:24 INFO TaskSchedulerImpl: Adding task set 0.0 with 12 tasks resource profile 0
[2024-09-24T01:37:24.496+0000] {ssh.py:524} INFO - 24/09/24 01:37:24 INFO TaskSetManager: Starting task 0.0 in stage 0.0 (TID 0) (spark-master, executor driver, partition 0, PROCESS_LOCAL, 4433 bytes) taskResourceAssignments Map()
[2024-09-24T01:37:24.510+0000] {ssh.py:524} INFO - 24/09/24 01:37:24 INFO TaskSetManager: Starting task 1.0 in stage 0.0 (TID 1) (spark-master, executor driver, partition 1, PROCESS_LOCAL, 4476 bytes) taskResourceAssignments Map()
[2024-09-24T01:37:24.511+0000] {ssh.py:524} INFO - 24/09/24 01:37:24 INFO TaskSetManager: Starting task 2.0 in stage 0.0 (TID 2) (spark-master, executor driver, partition 2, PROCESS_LOCAL, 4433 bytes) taskResourceAssignments Map()
[2024-09-24T01:37:24.511+0000] {ssh.py:524} INFO - 24/09/24 01:37:24 INFO TaskSetManager: Starting task 3.0 in stage 0.0 (TID 3) (spark-master, executor driver, partition 3, PROCESS_LOCAL, 4484 bytes) taskResourceAssignments Map()
[2024-09-24T01:37:24.512+0000] {ssh.py:524} INFO - 24/09/24 01:37:24 INFO TaskSetManager: Starting task 4.0 in stage 0.0 (TID 4) (spark-master, executor driver, partition 4, PROCESS_LOCAL, 4433 bytes) taskResourceAssignments Map()
[2024-09-24T01:37:24.513+0000] {ssh.py:524} INFO - 24/09/24 01:37:24 INFO TaskSetManager: Starting task 5.0 in stage 0.0 (TID 5) (spark-master, executor driver, partition 5, PROCESS_LOCAL, 4480 bytes) taskResourceAssignments Map()
[2024-09-24T01:37:24.520+0000] {ssh.py:524} INFO - 24/09/24 01:37:24 INFO TaskSetManager: Starting task 6.0 in stage 0.0 (TID 6) (spark-master, executor driver, partition 6, PROCESS_LOCAL, 4476 bytes) taskResourceAssignments Map()
[2024-09-24T01:37:24.521+0000] {ssh.py:524} INFO - 24/09/24 01:37:24 INFO TaskSetManager: Starting task 7.0 in stage 0.0 (TID 7) (spark-master, executor driver, partition 7, PROCESS_LOCAL, 4433 bytes) taskResourceAssignments Map()
[2024-09-24T01:37:24.525+0000] {ssh.py:524} INFO - 24/09/24 01:37:24 INFO TaskSetManager: Starting task 8.0 in stage 0.0 (TID 8) (spark-master, executor driver, partition 8, PROCESS_LOCAL, 4473 bytes) taskResourceAssignments Map()
[2024-09-24T01:37:24.525+0000] {ssh.py:524} INFO - 24/09/24 01:37:24 INFO TaskSetManager: Starting task 9.0 in stage 0.0 (TID 9) (spark-master, executor driver, partition 9, PROCESS_LOCAL, 4433 bytes) taskResourceAssignments Map()
[2024-09-24T01:37:24.526+0000] {ssh.py:524} INFO - 24/09/24 01:37:24 INFO TaskSetManager: Starting task 10.0 in stage 0.0 (TID 10) (spark-master, executor driver, partition 10, PROCESS_LOCAL, 4476 bytes) taskResourceAssignments Map()
[2024-09-24T01:37:24.527+0000] {ssh.py:524} INFO - 24/09/24 01:37:24 INFO TaskSetManager: Starting task 11.0 in stage 0.0 (TID 11) (spark-master, executor driver, partition 11, PROCESS_LOCAL, 4479 bytes) taskResourceAssignments Map()
[2024-09-24T01:37:24.540+0000] {ssh.py:524} INFO - 24/09/24 01:37:24 INFO Executor: Running task 0.0 in stage 0.0 (TID 0)
[2024-09-24T01:37:24.543+0000] {ssh.py:524} INFO - 24/09/24 01:37:24 INFO Executor: Running task 6.0 in stage 0.0 (TID 6)
[2024-09-24T01:37:24.544+0000] {ssh.py:524} INFO - 24/09/24 01:37:24 INFO Executor: Running task 4.0 in stage 0.0 (TID 4)
[2024-09-24T01:37:24.545+0000] {ssh.py:524} INFO - 24/09/24 01:37:24 INFO Executor: Running task 2.0 in stage 0.0 (TID 2)
[2024-09-24T01:37:24.546+0000] {ssh.py:524} INFO - 24/09/24 01:37:24 INFO Executor: Running task 3.0 in stage 0.0 (TID 3)
[2024-09-24T01:37:24.546+0000] {ssh.py:524} INFO - 24/09/24 01:37:24 INFO Executor: Running task 1.0 in stage 0.0 (TID 1)
[2024-09-24T01:37:24.547+0000] {ssh.py:524} INFO - 24/09/24 01:37:24 INFO Executor: Running task 8.0 in stage 0.0 (TID 8)
[2024-09-24T01:37:24.547+0000] {ssh.py:524} INFO - 24/09/24 01:37:24 INFO Executor: Running task 9.0 in stage 0.0 (TID 9)
[2024-09-24T01:37:24.547+0000] {ssh.py:524} INFO - 24/09/24 01:37:24 INFO Executor: Running task 7.0 in stage 0.0 (TID 7)
[2024-09-24T01:37:24.548+0000] {ssh.py:524} INFO - 24/09/24 01:37:24 INFO Executor: Running task 5.0 in stage 0.0 (TID 5)
[2024-09-24T01:37:24.553+0000] {ssh.py:524} INFO - 24/09/24 01:37:24 INFO Executor: Running task 10.0 in stage 0.0 (TID 10)
[2024-09-24T01:37:24.560+0000] {ssh.py:524} INFO - 24/09/24 01:37:24 INFO Executor: Running task 11.0 in stage 0.0 (TID 11)
[2024-09-24T01:37:25.568+0000] {ssh.py:524} INFO - 24/09/24 01:37:25 WARN AbstractS3ACommitterFactory: Using standard FileOutputCommitter to commit work. This is slow and potentially unsafe.
[2024-09-24T01:37:25.570+0000] {ssh.py:524} INFO - 24/09/24 01:37:25 INFO FileOutputCommitter: File Output Committer Algorithm version is 1
[2024-09-24T01:37:25.572+0000] {ssh.py:524} INFO - 24/09/24 01:37:25 WARN AbstractS3ACommitterFactory: Using standard FileOutputCommitter to commit work. This is slow and potentially unsafe.
[2024-09-24T01:37:25.573+0000] {ssh.py:524} INFO - 24/09/24 01:37:25 WARN AbstractS3ACommitterFactory: Using standard FileOutputCommitter to commit work. This is slow and potentially unsafe.
[2024-09-24T01:37:25.574+0000] {ssh.py:524} INFO - 24/09/24 01:37:25 INFO FileOutputCommitter: FileOutputCommitter skip cleanup _temporary folders under output directory:false, ignore cleanup failures: false
[2024-09-24T01:37:25.574+0000] {ssh.py:524} INFO - 24/09/24 01:37:25 INFO FileOutputCommitter: File Output Committer Algorithm version is 1
[2024-09-24T01:37:25.575+0000] {ssh.py:524} INFO - 24/09/24 01:37:25 INFO FileOutputCommitter: File Output Committer Algorithm version is 1
[2024-09-24T01:37:25.576+0000] {ssh.py:524} INFO - 24/09/24 01:37:25 INFO FileOutputCommitter: FileOutputCommitter skip cleanup _temporary folders under output directory:false, ignore cleanup failures: false
[2024-09-24T01:37:25.576+0000] {ssh.py:524} INFO - 24/09/24 01:37:25 INFO FileOutputCommitter: FileOutputCommitter skip cleanup _temporary folders under output directory:false, ignore cleanup failures: false
[2024-09-24T01:37:25.576+0000] {ssh.py:524} INFO - 24/09/24 01:37:25 INFO AbstractS3ACommitterFactory: Using Committer FileOutputCommitter{PathOutputCommitter{context=TaskAttemptContextImpl{JobContextImpl{jobId=job_202409240137247616900513214194750_0000}; taskId=attempt_202409240137247616900513214194750_0000_m_000010_10, status=''}; org.apache.hadoop.mapreduce.lib.output.FileOutputCommitter@7519bd0e}; outputPath=s3a://raw/olhovivo/corredor/dt=2024-09-24, workPath=s3a://raw/olhovivo/corredor/dt=2024-09-24/_temporary/0/_temporary/attempt_202409240137247616900513214194750_0000_m_000010_10, algorithmVersion=1, skipCleanup=false, ignoreCleanupFailures=false} for s3a://raw/olhovivo/corredor/dt=2024-09-24
[2024-09-24T01:37:25.577+0000] {ssh.py:524} INFO - 24/09/24 01:37:25 WARN AbstractS3ACommitterFactory: Using standard FileOutputCommitter to commit work. This is slow and potentially unsafe.
[2024-09-24T01:37:25.577+0000] {ssh.py:524} INFO - 24/09/24 01:37:25 INFO AbstractS3ACommitterFactory: Using Committer FileOutputCommitter{PathOutputCommitter{context=TaskAttemptContextImpl{JobContextImpl{jobId=job_202409240137248601023414983030433_0000}; taskId=attempt_202409240137248601023414983030433_0000_m_000007_7, status=''}; org.apache.hadoop.mapreduce.lib.output.FileOutputCommitter@5c65c1d8}; outputPath=s3a://raw/olhovivo/corredor/dt=2024-09-24, workPath=s3a://raw/olhovivo/corredor/dt=2024-09-24/_temporary/0/_temporary/attempt_202409240137248601023414983030433_0000_m_000007_7, algorithmVersion=1, skipCleanup=false, ignoreCleanupFailures=false} for s3a://raw/olhovivo/corredor/dt=2024-09-24
[2024-09-24T01:37:25.578+0000] {ssh.py:524} INFO - 24/09/24 01:37:25 INFO FileOutputCommitter: File Output Committer Algorithm version is 1
[2024-09-24T01:37:25.578+0000] {ssh.py:524} INFO - 24/09/24 01:37:25 INFO SQLHadoopMapReduceCommitProtocol: Using output committer class org.apache.hadoop.mapreduce.lib.output.FileOutputCommitter
[2024-09-24T01:37:25.578+0000] {ssh.py:524} INFO - 24/09/24 01:37:25 INFO FileOutputCommitter: FileOutputCommitter skip cleanup _temporary folders under output directory:false, ignore cleanup failures: false
[2024-09-24T01:37:25.579+0000] {ssh.py:524} INFO - 24/09/24 01:37:25 INFO SQLHadoopMapReduceCommitProtocol: Using output committer class org.apache.hadoop.mapreduce.lib.output.FileOutputCommitter
[2024-09-24T01:37:25.579+0000] {ssh.py:524} INFO - 24/09/24 01:37:25 INFO AbstractS3ACommitterFactory: Using Committer FileOutputCommitter{PathOutputCommitter{context=TaskAttemptContextImpl{JobContextImpl{jobId=job_202409240137241717526360064611583_0000}; taskId=attempt_202409240137241717526360064611583_0000_m_000004_4, status=''}; org.apache.hadoop.mapreduce.lib.output.FileOutputCommitter@2daad7eb}; outputPath=s3a://raw/olhovivo/corredor/dt=2024-09-24, workPath=s3a://raw/olhovivo/corredor/dt=2024-09-24/_temporary/0/_temporary/attempt_202409240137241717526360064611583_0000_m_000004_4, algorithmVersion=1, skipCleanup=false, ignoreCleanupFailures=false} for s3a://raw/olhovivo/corredor/dt=2024-09-24
[2024-09-24T01:37:25.580+0000] {ssh.py:524} INFO - 24/09/24 01:37:25 INFO AbstractS3ACommitterFactory: Using Committer FileOutputCommitter{PathOutputCommitter{context=TaskAttemptContextImpl{JobContextImpl{jobId=job_202409240137245944892602874901385_0000}; taskId=attempt_202409240137245944892602874901385_0000_m_000000_0, status=''}; org.apache.hadoop.mapreduce.lib.output.FileOutputCommitter@28db42d0}; outputPath=s3a://raw/olhovivo/corredor/dt=2024-09-24, workPath=s3a://raw/olhovivo/corredor/dt=2024-09-24/_temporary/0/_temporary/attempt_202409240137245944892602874901385_0000_m_000000_0, algorithmVersion=1, skipCleanup=false, ignoreCleanupFailures=false} for s3a://raw/olhovivo/corredor/dt=2024-09-24
[2024-09-24T01:37:25.581+0000] {ssh.py:524} INFO - 24/09/24 01:37:25 INFO SQLHadoopMapReduceCommitProtocol: Using output committer class org.apache.hadoop.mapreduce.lib.output.FileOutputCommitter
[2024-09-24T01:37:25.581+0000] {ssh.py:524} INFO - 24/09/24 01:37:25 INFO SQLHadoopMapReduceCommitProtocol: Using output committer class org.apache.hadoop.mapreduce.lib.output.FileOutputCommitter
[2024-09-24T01:37:25.601+0000] {ssh.py:524} INFO - 24/09/24 01:37:25 WARN AbstractS3ACommitterFactory: Using standard FileOutputCommitter to commit work. This is slow and potentially unsafe.
[2024-09-24T01:37:25.602+0000] {ssh.py:524} INFO - 24/09/24 01:37:25 INFO FileOutputCommitter: File Output Committer Algorithm version is 1
[2024-09-24T01:37:25.602+0000] {ssh.py:524} INFO - 24/09/24 01:37:25 INFO FileOutputCommitter: FileOutputCommitter skip cleanup _temporary folders under output directory:false, ignore cleanup failures: false
[2024-09-24T01:37:25.602+0000] {ssh.py:524} INFO - 24/09/24 01:37:25 INFO AbstractS3ACommitterFactory: Using Committer FileOutputCommitter{PathOutputCommitter{context=TaskAttemptContextImpl{JobContextImpl{jobId=job_202409240137243046740093778665178_0000}; taskId=attempt_202409240137243046740093778665178_0000_m_000006_6, status=''}; org.apache.hadoop.mapreduce.lib.output.FileOutputCommitter@6daa8831}; outputPath=s3a://raw/olhovivo/corredor/dt=2024-09-24, workPath=s3a://raw/olhovivo/corredor/dt=2024-09-24/_temporary/0/_temporary/attempt_202409240137243046740093778665178_0000_m_000006_6, algorithmVersion=1, skipCleanup=false, ignoreCleanupFailures=false} for s3a://raw/olhovivo/corredor/dt=2024-09-24
[2024-09-24T01:37:25.603+0000] {ssh.py:524} INFO - 24/09/24 01:37:25 INFO SQLHadoopMapReduceCommitProtocol: Using output committer class org.apache.hadoop.mapreduce.lib.output.FileOutputCommitter
[2024-09-24T01:37:25.615+0000] {ssh.py:524} INFO - 24/09/24 01:37:25 WARN AbstractS3ACommitterFactory: Using standard FileOutputCommitter to commit work. This is slow and potentially unsafe.
[2024-09-24T01:37:25.616+0000] {ssh.py:524} INFO - 24/09/24 01:37:25 INFO FileOutputCommitter: File Output Committer Algorithm version is 1
[2024-09-24T01:37:25.616+0000] {ssh.py:524} INFO - 24/09/24 01:37:25 INFO FileOutputCommitter: FileOutputCommitter skip cleanup _temporary folders under output directory:false, ignore cleanup failures: false
[2024-09-24T01:37:25.617+0000] {ssh.py:524} INFO - 24/09/24 01:37:25 INFO AbstractS3ACommitterFactory: Using Committer FileOutputCommitter{PathOutputCommitter{context=TaskAttemptContextImpl{JobContextImpl{jobId=job_20240924013724585867822172939251_0000}; taskId=attempt_20240924013724585867822172939251_0000_m_000008_8, status=''}; org.apache.hadoop.mapreduce.lib.output.FileOutputCommitter@3e7960f8}; outputPath=s3a://raw/olhovivo/corredor/dt=2024-09-24, workPath=s3a://raw/olhovivo/corredor/dt=2024-09-24/_temporary/0/_temporary/attempt_20240924013724585867822172939251_0000_m_000008_8, algorithmVersion=1, skipCleanup=false, ignoreCleanupFailures=false} for s3a://raw/olhovivo/corredor/dt=2024-09-24
[2024-09-24T01:37:25.618+0000] {ssh.py:524} INFO - 24/09/24 01:37:25 INFO SQLHadoopMapReduceCommitProtocol: Using output committer class org.apache.hadoop.mapreduce.lib.output.FileOutputCommitter
[2024-09-24T01:37:25.641+0000] {ssh.py:524} INFO - 24/09/24 01:37:25 WARN AbstractS3ACommitterFactory: Using standard FileOutputCommitter to commit work. This is slow and potentially unsafe.
[2024-09-24T01:37:25.641+0000] {ssh.py:524} INFO - 24/09/24 01:37:25 INFO FileOutputCommitter: File Output Committer Algorithm version is 1
[2024-09-24T01:37:25.642+0000] {ssh.py:524} INFO - 24/09/24 01:37:25 INFO FileOutputCommitter: FileOutputCommitter skip cleanup _temporary folders under output directory:false, ignore cleanup failures: false
[2024-09-24T01:37:25.642+0000] {ssh.py:524} INFO - 24/09/24 01:37:25 INFO AbstractS3ACommitterFactory: Using Committer FileOutputCommitter{PathOutputCommitter{context=TaskAttemptContextImpl{JobContextImpl{jobId=job_202409240137244145783022355140767_0000}; taskId=attempt_202409240137244145783022355140767_0000_m_000003_3, status=''}; org.apache.hadoop.mapreduce.lib.output.FileOutputCommitter@28286695}; outputPath=s3a://raw/olhovivo/corredor/dt=2024-09-24, workPath=s3a://raw/olhovivo/corredor/dt=2024-09-24/_temporary/0/_temporary/attempt_202409240137244145783022355140767_0000_m_000003_3, algorithmVersion=1, skipCleanup=false, ignoreCleanupFailures=false} for s3a://raw/olhovivo/corredor/dt=2024-09-24
[2024-09-24T01:37:25.642+0000] {ssh.py:524} INFO - 24/09/24 01:37:25 INFO SQLHadoopMapReduceCommitProtocol: Using output committer class org.apache.hadoop.mapreduce.lib.output.FileOutputCommitter
[2024-09-24T01:37:25.655+0000] {ssh.py:524} INFO - 24/09/24 01:37:25 WARN AbstractS3ACommitterFactory: Using standard FileOutputCommitter to commit work. This is slow and potentially unsafe.
[2024-09-24T01:37:25.656+0000] {ssh.py:524} INFO - 24/09/24 01:37:25 INFO FileOutputCommitter: File Output Committer Algorithm version is 1
[2024-09-24T01:37:25.657+0000] {ssh.py:524} INFO - 24/09/24 01:37:25 INFO FileOutputCommitter: FileOutputCommitter skip cleanup _temporary folders under output directory:false, ignore cleanup failures: false
[2024-09-24T01:37:25.657+0000] {ssh.py:524} INFO - 24/09/24 01:37:25 INFO AbstractS3ACommitterFactory: Using Committer FileOutputCommitter{PathOutputCommitter{context=TaskAttemptContextImpl{JobContextImpl{jobId=job_202409240137246353591340397014283_0000}; taskId=attempt_202409240137246353591340397014283_0000_m_000009_9, status=''}; org.apache.hadoop.mapreduce.lib.output.FileOutputCommitter@3b289fc8}; outputPath=s3a://raw/olhovivo/corredor/dt=2024-09-24, workPath=s3a://raw/olhovivo/corredor/dt=2024-09-24/_temporary/0/_temporary/attempt_202409240137246353591340397014283_0000_m_000009_9, algorithmVersion=1, skipCleanup=false, ignoreCleanupFailures=false} for s3a://raw/olhovivo/corredor/dt=2024-09-24
[2024-09-24T01:37:25.657+0000] {ssh.py:524} INFO - 24/09/24 01:37:25 INFO SQLHadoopMapReduceCommitProtocol: Using output committer class org.apache.hadoop.mapreduce.lib.output.FileOutputCommitter
[2024-09-24T01:37:25.664+0000] {ssh.py:524} INFO - 24/09/24 01:37:25 INFO PythonRunner: Times: total = 816, boot = 705, init = 111, finish = 0
[2024-09-24T01:37:25.675+0000] {ssh.py:524} INFO - 24/09/24 01:37:25 INFO PythonRunner: Times: total = 808, boot = 688, init = 120, finish = 0
[2024-09-24T01:37:25.704+0000] {ssh.py:524} INFO - 24/09/24 01:37:25 INFO SparkHadoopMapRedUtil: No need to commit output of task because needsTaskCommit=false: attempt_202409240137241717526360064611583_0000_m_000004_4
[2024-09-24T01:37:25.728+0000] {ssh.py:524} INFO - 24/09/24 01:37:25 WARN AbstractS3ACommitterFactory: Using standard FileOutputCommitter to commit work. This is slow and potentially unsafe.
[2024-09-24T01:37:25.731+0000] {ssh.py:524} INFO - 24/09/24 01:37:25 WARN AbstractS3ACommitterFactory: Using standard FileOutputCommitter to commit work. This is slow and potentially unsafe.
[2024-09-24T01:37:25.733+0000] {ssh.py:524} INFO - 24/09/24 01:37:25 INFO FileOutputCommitter: File Output Committer Algorithm version is 1
[2024-09-24T01:37:25.733+0000] {ssh.py:524} INFO - 24/09/24 01:37:25 INFO FileOutputCommitter: File Output Committer Algorithm version is 1
[2024-09-24T01:37:25.733+0000] {ssh.py:524} INFO - 24/09/24 01:37:25 INFO FileOutputCommitter: FileOutputCommitter skip cleanup _temporary folders under output directory:false, ignore cleanup failures: false
[2024-09-24T01:37:25.735+0000] {ssh.py:524} INFO - 24/09/24 01:37:25 INFO AbstractS3ACommitterFactory: Using Committer FileOutputCommitter{PathOutputCommitter{context=TaskAttemptContextImpl{JobContextImpl{jobId=job_202409240137244632854010693638946_0000}; taskId=attempt_202409240137244632854010693638946_0000_m_000011_11, status=''}; org.apache.hadoop.mapreduce.lib.output.FileOutputCommitter@7842a427}; outputPath=s3a://raw/olhovivo/corredor/dt=2024-09-24, workPath=s3a://raw/olhovivo/corredor/dt=2024-09-24/_temporary/0/_temporary/attempt_202409240137244632854010693638946_0000_m_000011_11, algorithmVersion=1, skipCleanup=false, ignoreCleanupFailures=false} for s3a://raw/olhovivo/corredor/dt=2024-09-24
[2024-09-24T01:37:25.736+0000] {ssh.py:524} INFO - 24/09/24 01:37:25 INFO SQLHadoopMapReduceCommitProtocol: Using output committer class org.apache.hadoop.mapreduce.lib.output.FileOutputCommitter
[2024-09-24T01:37:25.736+0000] {ssh.py:524} INFO - 24/09/24 01:37:25 INFO SparkHadoopMapRedUtil: No need to commit output of task because needsTaskCommit=false: attempt_202409240137248601023414983030433_0000_m_000007_7
[2024-09-24T01:37:25.737+0000] {ssh.py:524} INFO - 24/09/24 01:37:25 INFO FileOutputCommitter: FileOutputCommitter skip cleanup _temporary folders under output directory:false, ignore cleanup failures: false
[2024-09-24T01:37:25.737+0000] {ssh.py:524} INFO - 24/09/24 01:37:25 INFO AbstractS3ACommitterFactory: Using Committer FileOutputCommitter{PathOutputCommitter{context=TaskAttemptContextImpl{JobContextImpl{jobId=job_202409240137244752611905471126528_0000}; taskId=attempt_202409240137244752611905471126528_0000_m_000005_5, status=''}; org.apache.hadoop.mapreduce.lib.output.FileOutputCommitter@216acbc5}; outputPath=s3a://raw/olhovivo/corredor/dt=2024-09-24, workPath=s3a://raw/olhovivo/corredor/dt=2024-09-24/_temporary/0/_temporary/attempt_202409240137244752611905471126528_0000_m_000005_5, algorithmVersion=1, skipCleanup=false, ignoreCleanupFailures=false} for s3a://raw/olhovivo/corredor/dt=2024-09-24
[2024-09-24T01:37:25.738+0000] {ssh.py:524} INFO - 24/09/24 01:37:25 INFO SQLHadoopMapReduceCommitProtocol: Using output committer class org.apache.hadoop.mapreduce.lib.output.FileOutputCommitter
[2024-09-24T01:37:25.744+0000] {ssh.py:524} INFO - 24/09/24 01:37:25 INFO PythonRunner: Times: total = 857, boot = 747, init = 110, finish = 0
[2024-09-24T01:37:25.747+0000] {ssh.py:524} INFO - 24/09/24 01:37:25 INFO PythonRunner: Times: total = 806, boot = 696, init = 110, finish = 0
[2024-09-24T01:37:25.755+0000] {ssh.py:524} INFO - 24/09/24 01:37:25 INFO PythonRunner: Times: total = 903, boot = 716, init = 187, finish = 0
[2024-09-24T01:37:25.763+0000] {ssh.py:524} INFO - 24/09/24 01:37:25 INFO PythonRunner: Times: total = 914, boot = 778, init = 136, finish = 0
[2024-09-24T01:37:25.767+0000] {ssh.py:524} INFO - 24/09/24 01:37:25 INFO PythonRunner: Times: total = 901, boot = 772, init = 128, finish = 1
[2024-09-24T01:37:25.769+0000] {ssh.py:524} INFO - 24/09/24 01:37:25 WARN AbstractS3ACommitterFactory: Using standard FileOutputCommitter to commit work. This is slow and potentially unsafe.
[2024-09-24T01:37:25.770+0000] {ssh.py:524} INFO - 24/09/24 01:37:25 INFO FileOutputCommitter: File Output Committer Algorithm version is 1
[2024-09-24T01:37:25.771+0000] {ssh.py:524} INFO - 24/09/24 01:37:25 INFO FileOutputCommitter: FileOutputCommitter skip cleanup _temporary folders under output directory:false, ignore cleanup failures: false
[2024-09-24T01:37:25.772+0000] {ssh.py:524} INFO - 24/09/24 01:37:25 INFO AbstractS3ACommitterFactory: Using Committer FileOutputCommitter{PathOutputCommitter{context=TaskAttemptContextImpl{JobContextImpl{jobId=job_202409240137246641218497542363289_0000}; taskId=attempt_202409240137246641218497542363289_0000_m_000001_1, status=''}; org.apache.hadoop.mapreduce.lib.output.FileOutputCommitter@16d1f39b}; outputPath=s3a://raw/olhovivo/corredor/dt=2024-09-24, workPath=s3a://raw/olhovivo/corredor/dt=2024-09-24/_temporary/0/_temporary/attempt_202409240137246641218497542363289_0000_m_000001_1, algorithmVersion=1, skipCleanup=false, ignoreCleanupFailures=false} for s3a://raw/olhovivo/corredor/dt=2024-09-24
[2024-09-24T01:37:25.772+0000] {ssh.py:524} INFO - 24/09/24 01:37:25 INFO SQLHadoopMapReduceCommitProtocol: Using output committer class org.apache.hadoop.mapreduce.lib.output.FileOutputCommitter
[2024-09-24T01:37:25.790+0000] {ssh.py:524} INFO - 24/09/24 01:37:25 INFO Executor: Finished task 4.0 in stage 0.0 (TID 4). 2871 bytes result sent to driver
[2024-09-24T01:37:25.791+0000] {ssh.py:524} INFO - 24/09/24 01:37:25 INFO SparkHadoopMapRedUtil: No need to commit output of task because needsTaskCommit=false: attempt_202409240137246353591340397014283_0000_m_000009_9
[2024-09-24T01:37:25.793+0000] {ssh.py:524} INFO - 24/09/24 01:37:25 WARN AbstractS3ACommitterFactory: Using standard FileOutputCommitter to commit work. This is slow and potentially unsafe.
[2024-09-24T01:37:25.794+0000] {ssh.py:524} INFO - 24/09/24 01:37:25 INFO FileOutputCommitter: File Output Committer Algorithm version is 1
[2024-09-24T01:37:25.794+0000] {ssh.py:524} INFO - 24/09/24 01:37:25 INFO FileOutputCommitter: FileOutputCommitter skip cleanup _temporary folders under output directory:false, ignore cleanup failures: false
[2024-09-24T01:37:25.795+0000] {ssh.py:524} INFO - 24/09/24 01:37:25 INFO AbstractS3ACommitterFactory: Using Committer FileOutputCommitter{PathOutputCommitter{context=TaskAttemptContextImpl{JobContextImpl{jobId=job_202409240137245950118292031146117_0000}; taskId=attempt_202409240137245950118292031146117_0000_m_000002_2, status=''}; org.apache.hadoop.mapreduce.lib.output.FileOutputCommitter@3cbf1f1b}; outputPath=s3a://raw/olhovivo/corredor/dt=2024-09-24, workPath=s3a://raw/olhovivo/corredor/dt=2024-09-24/_temporary/0/_temporary/attempt_202409240137245950118292031146117_0000_m_000002_2, algorithmVersion=1, skipCleanup=false, ignoreCleanupFailures=false} for s3a://raw/olhovivo/corredor/dt=2024-09-24
[2024-09-24T01:37:25.795+0000] {ssh.py:524} INFO - 24/09/24 01:37:25 INFO SQLHadoopMapReduceCommitProtocol: Using output committer class org.apache.hadoop.mapreduce.lib.output.FileOutputCommitter
[2024-09-24T01:37:25.795+0000] {ssh.py:524} INFO - 24/09/24 01:37:25 INFO Executor: Finished task 7.0 in stage 0.0 (TID 7). 2871 bytes result sent to driver
[2024-09-24T01:37:25.796+0000] {ssh.py:524} INFO - 24/09/24 01:37:25 INFO Executor: Finished task 9.0 in stage 0.0 (TID 9). 2828 bytes result sent to driver
[2024-09-24T01:37:25.800+0000] {ssh.py:524} INFO - 24/09/24 01:37:25 INFO PythonRunner: Times: total = 919, boot = 762, init = 157, finish = 0
[2024-09-24T01:37:25.819+0000] {ssh.py:524} INFO - 24/09/24 01:37:25 INFO PythonRunner: Times: total = 944, boot = 810, init = 133, finish = 1
[2024-09-24T01:37:25.851+0000] {ssh.py:524} INFO - 24/09/24 01:37:25 INFO PythonRunner: Times: total = 985, boot = 782, init = 203, finish = 0
[2024-09-24T01:37:25.885+0000] {ssh.py:524} INFO - 24/09/24 01:37:25 INFO TaskSetManager: Finished task 7.0 in stage 0.0 (TID 7) in 1345 ms on spark-master (executor driver) (1/12)
[2024-09-24T01:37:25.890+0000] {ssh.py:524} INFO - 24/09/24 01:37:25 INFO PythonRunner: Times: total = 1015, boot = 794, init = 220, finish = 1
[2024-09-24T01:37:25.892+0000] {ssh.py:524} INFO - 24/09/24 01:37:25 INFO TaskSetManager: Finished task 9.0 in stage 0.0 (TID 9) in 1357 ms on spark-master (executor driver) (2/12)
[2024-09-24T01:37:25.893+0000] {ssh.py:524} INFO - 24/09/24 01:37:25 INFO TaskSetManager: Finished task 4.0 in stage 0.0 (TID 4) in 1369 ms on spark-master (executor driver) (3/12)
[2024-09-24T01:37:25.893+0000] {ssh.py:524} INFO - 24/09/24 01:37:25 INFO PythonAccumulatorV2: Connected to AccumulatorServer at host: 127.0.0.1 port: 55377
[2024-09-24T01:37:25.896+0000] {ssh.py:524} INFO - 24/09/24 01:37:25 INFO PythonRunner: Times: total = 1049, boot = 787, init = 262, finish = 0
[2024-09-24T01:37:25.915+0000] {ssh.py:524} INFO - 24/09/24 01:37:25 INFO SparkHadoopMapRedUtil: No need to commit output of task because needsTaskCommit=false: attempt_202409240137245950118292031146117_0000_m_000002_2
[2024-09-24T01:37:25.919+0000] {ssh.py:524} INFO - 24/09/24 01:37:25 INFO Executor: Finished task 2.0 in stage 0.0 (TID 2). 2828 bytes result sent to driver
[2024-09-24T01:37:25.922+0000] {ssh.py:524} INFO - 24/09/24 01:37:25 INFO TaskSetManager: Finished task 2.0 in stage 0.0 (TID 2) in 1412 ms on spark-master (executor driver) (4/12)
[2024-09-24T01:37:26.350+0000] {ssh.py:524} INFO - 24/09/24 01:37:26 INFO FileOutputCommitter: Saved output of task 'attempt_202409240137245944892602874901385_0000_m_000000_0' to s3a://raw/olhovivo/corredor/dt=2024-09-24/_temporary/0/task_202409240137245944892602874901385_0000_m_000000
[2024-09-24T01:37:26.371+0000] {ssh.py:524} INFO - 24/09/24 01:37:26 INFO SparkHadoopMapRedUtil: attempt_202409240137245944892602874901385_0000_m_000000_0: Committed. Elapsed time: 416 ms.
[2024-09-24T01:37:26.377+0000] {ssh.py:524} INFO - 24/09/24 01:37:26 INFO FileOutputCommitter: Saved output of task 'attempt_202409240137247616900513214194750_0000_m_000010_10' to s3a://raw/olhovivo/corredor/dt=2024-09-24/_temporary/0/task_202409240137247616900513214194750_0000_m_000010
[2024-09-24T01:37:26.382+0000] {ssh.py:524} INFO - 24/09/24 01:37:26 INFO SparkHadoopMapRedUtil: attempt_202409240137247616900513214194750_0000_m_000010_10: Committed. Elapsed time: 470 ms.
[2024-09-24T01:37:26.383+0000] {ssh.py:524} INFO - 24/09/24 01:37:26 INFO Executor: Finished task 0.0 in stage 0.0 (TID 0). 2828 bytes result sent to driver
[2024-09-24T01:37:26.386+0000] {ssh.py:524} INFO - 24/09/24 01:37:26 INFO TaskSetManager: Finished task 0.0 in stage 0.0 (TID 0) in 1901 ms on spark-master (executor driver) (5/12)
[2024-09-24T01:37:26.389+0000] {ssh.py:524} INFO - 24/09/24 01:37:26 INFO FileOutputCommitter: Saved output of task 'attempt_202409240137246641218497542363289_0000_m_000001_1' to s3a://raw/olhovivo/corredor/dt=2024-09-24/_temporary/0/task_202409240137246641218497542363289_0000_m_000001
[2024-09-24T01:37:26.390+0000] {ssh.py:524} INFO - 24/09/24 01:37:26 INFO SparkHadoopMapRedUtil: attempt_202409240137246641218497542363289_0000_m_000001_1: Committed. Elapsed time: 450 ms.
[2024-09-24T01:37:26.392+0000] {ssh.py:524} INFO - 24/09/24 01:37:26 INFO Executor: Finished task 1.0 in stage 0.0 (TID 1). 2914 bytes result sent to driver
[2024-09-24T01:37:26.394+0000] {ssh.py:524} INFO - 24/09/24 01:37:26 INFO TaskSetManager: Finished task 1.0 in stage 0.0 (TID 1) in 1884 ms on spark-master (executor driver) (6/12)
[2024-09-24T01:37:26.398+0000] {ssh.py:524} INFO - 24/09/24 01:37:26 INFO Executor: Finished task 10.0 in stage 0.0 (TID 10). 2914 bytes result sent to driver
[2024-09-24T01:37:26.400+0000] {ssh.py:524} INFO - 24/09/24 01:37:26 INFO TaskSetManager: Finished task 10.0 in stage 0.0 (TID 10) in 1877 ms on spark-master (executor driver) (7/12)
[2024-09-24T01:37:26.426+0000] {ssh.py:524} INFO - 24/09/24 01:37:26 INFO FileOutputCommitter: Saved output of task 'attempt_202409240137244752611905471126528_0000_m_000005_5' to s3a://raw/olhovivo/corredor/dt=2024-09-24/_temporary/0/task_202409240137244752611905471126528_0000_m_000005
[2024-09-24T01:37:26.428+0000] {ssh.py:524} INFO - 24/09/24 01:37:26 INFO SparkHadoopMapRedUtil: attempt_202409240137244752611905471126528_0000_m_000005_5: Committed. Elapsed time: 466 ms.
[2024-09-24T01:37:26.433+0000] {ssh.py:524} INFO - 24/09/24 01:37:26 INFO Executor: Finished task 5.0 in stage 0.0 (TID 5). 2914 bytes result sent to driver
[2024-09-24T01:37:26.434+0000] {ssh.py:524} INFO - 24/09/24 01:37:26 INFO TaskSetManager: Finished task 5.0 in stage 0.0 (TID 5) in 1921 ms on spark-master (executor driver) (8/12)
[2024-09-24T01:37:26.444+0000] {ssh.py:524} INFO - 24/09/24 01:37:26 INFO FileOutputCommitter: Saved output of task 'attempt_202409240137243046740093778665178_0000_m_000006_6' to s3a://raw/olhovivo/corredor/dt=2024-09-24/_temporary/0/task_202409240137243046740093778665178_0000_m_000006
[2024-09-24T01:37:26.445+0000] {ssh.py:524} INFO - 24/09/24 01:37:26 INFO SparkHadoopMapRedUtil: attempt_202409240137243046740093778665178_0000_m_000006_6: Committed. Elapsed time: 531 ms.
[2024-09-24T01:37:26.447+0000] {ssh.py:524} INFO - 24/09/24 01:37:26 INFO Executor: Finished task 6.0 in stage 0.0 (TID 6). 2914 bytes result sent to driver
[2024-09-24T01:37:26.450+0000] {ssh.py:524} INFO - 24/09/24 01:37:26 INFO TaskSetManager: Finished task 6.0 in stage 0.0 (TID 6) in 1936 ms on spark-master (executor driver) (9/12)
[2024-09-24T01:37:26.462+0000] {ssh.py:524} INFO - 24/09/24 01:37:26 INFO FileOutputCommitter: Saved output of task 'attempt_20240924013724585867822172939251_0000_m_000008_8' to s3a://raw/olhovivo/corredor/dt=2024-09-24/_temporary/0/task_20240924013724585867822172939251_0000_m_000008
[2024-09-24T01:37:26.463+0000] {ssh.py:524} INFO - 24/09/24 01:37:26 INFO SparkHadoopMapRedUtil: attempt_20240924013724585867822172939251_0000_m_000008_8: Committed. Elapsed time: 517 ms.
[2024-09-24T01:37:26.466+0000] {ssh.py:524} INFO - 24/09/24 01:37:26 INFO Executor: Finished task 8.0 in stage 0.0 (TID 8). 2914 bytes result sent to driver
[2024-09-24T01:37:26.468+0000] {ssh.py:524} INFO - 24/09/24 01:37:26 INFO TaskSetManager: Finished task 8.0 in stage 0.0 (TID 8) in 1946 ms on spark-master (executor driver) (10/12)
[2024-09-24T01:37:26.477+0000] {ssh.py:524} INFO - 24/09/24 01:37:26 INFO FileOutputCommitter: Saved output of task 'attempt_202409240137244145783022355140767_0000_m_000003_3' to s3a://raw/olhovivo/corredor/dt=2024-09-24/_temporary/0/task_202409240137244145783022355140767_0000_m_000003
[2024-09-24T01:37:26.477+0000] {ssh.py:524} INFO - 24/09/24 01:37:26 INFO SparkHadoopMapRedUtil: attempt_202409240137244145783022355140767_0000_m_000003_3: Committed. Elapsed time: 563 ms.
[2024-09-24T01:37:26.478+0000] {ssh.py:524} INFO - 24/09/24 01:37:26 INFO Executor: Finished task 3.0 in stage 0.0 (TID 3). 2914 bytes result sent to driver
[2024-09-24T01:37:26.480+0000] {ssh.py:524} INFO - 24/09/24 01:37:26 INFO TaskSetManager: Finished task 3.0 in stage 0.0 (TID 3) in 1969 ms on spark-master (executor driver) (11/12)
[2024-09-24T01:37:26.554+0000] {ssh.py:524} INFO - 24/09/24 01:37:26 INFO FileOutputCommitter: Saved output of task 'attempt_202409240137244632854010693638946_0000_m_000011_11' to s3a://raw/olhovivo/corredor/dt=2024-09-24/_temporary/0/task_202409240137244632854010693638946_0000_m_000011
[2024-09-24T01:37:26.555+0000] {ssh.py:524} INFO - 24/09/24 01:37:26 INFO SparkHadoopMapRedUtil: attempt_202409240137244632854010693638946_0000_m_000011_11: Committed. Elapsed time: 625 ms.
[2024-09-24T01:37:26.558+0000] {ssh.py:524} INFO - 24/09/24 01:37:26 INFO Executor: Finished task 11.0 in stage 0.0 (TID 11). 2914 bytes result sent to driver
[2024-09-24T01:37:26.561+0000] {ssh.py:524} INFO - 24/09/24 01:37:26 INFO TaskSetManager: Finished task 11.0 in stage 0.0 (TID 11) in 2036 ms on spark-master (executor driver) (12/12)
[2024-09-24T01:37:26.562+0000] {ssh.py:524} INFO - 24/09/24 01:37:26 INFO TaskSchedulerImpl: Removed TaskSet 0.0, whose tasks have all completed, from pool 
[2024-09-24T01:37:26.566+0000] {ssh.py:524} INFO - 24/09/24 01:37:26 INFO DAGScheduler: ResultStage 0 (save at NativeMethodAccessorImpl.java:0) finished in 2.249 s
[2024-09-24T01:37:26.575+0000] {ssh.py:524} INFO - 24/09/24 01:37:26 INFO DAGScheduler: Job 0 is finished. Cancelling potential speculative or zombie tasks for this job
[2024-09-24T01:37:26.575+0000] {ssh.py:524} INFO - 24/09/24 01:37:26 INFO TaskSchedulerImpl: Killing all running tasks in stage 0: Stage finished
[2024-09-24T01:37:26.579+0000] {ssh.py:524} INFO - 24/09/24 01:37:26 INFO DAGScheduler: Job 0 finished: save at NativeMethodAccessorImpl.java:0, took 2.295181 s
[2024-09-24T01:37:26.581+0000] {ssh.py:524} INFO - 24/09/24 01:37:26 INFO FileFormatWriter: Start to commit write Job 721018bf-fe17-4489-a355-01e5c5b593ae.
[2024-09-24T01:37:27.386+0000] {ssh.py:524} INFO - 24/09/24 01:37:27 INFO FileFormatWriter: Write Job 721018bf-fe17-4489-a355-01e5c5b593ae committed. Elapsed time: 802 ms.
[2024-09-24T01:37:27.391+0000] {ssh.py:524} INFO - 24/09/24 01:37:27 INFO FileFormatWriter: Finished processing stats for write job 721018bf-fe17-4489-a355-01e5c5b593ae.
[2024-09-24T01:37:27.396+0000] {ssh.py:524} INFO - [DEBUG] Done.
[2024-09-24T01:37:27.432+0000] {ssh.py:524} INFO - 24/09/24 01:37:27 INFO SparkContext: Invoking stop() from shutdown hook
[2024-09-24T01:37:27.443+0000] {ssh.py:524} INFO - 24/09/24 01:37:27 INFO SparkUI: Stopped Spark web UI at http://spark-master:4043
[2024-09-24T01:37:27.456+0000] {ssh.py:524} INFO - 24/09/24 01:37:27 INFO MapOutputTrackerMasterEndpoint: MapOutputTrackerMasterEndpoint stopped!
[2024-09-24T01:37:27.473+0000] {ssh.py:524} INFO - 24/09/24 01:37:27 INFO MemoryStore: MemoryStore cleared
[2024-09-24T01:37:27.474+0000] {ssh.py:524} INFO - 24/09/24 01:37:27 INFO BlockManager: BlockManager stopped
[2024-09-24T01:37:27.478+0000] {ssh.py:524} INFO - 24/09/24 01:37:27 INFO BlockManagerMaster: BlockManagerMaster stopped
[2024-09-24T01:37:27.482+0000] {ssh.py:524} INFO - 24/09/24 01:37:27 INFO OutputCommitCoordinator$OutputCommitCoordinatorEndpoint: OutputCommitCoordinator stopped!
[2024-09-24T01:37:27.492+0000] {ssh.py:524} INFO - 24/09/24 01:37:27 INFO SparkContext: Successfully stopped SparkContext
[2024-09-24T01:37:27.493+0000] {ssh.py:524} INFO - 24/09/24 01:37:27 INFO ShutdownHookManager: Shutdown hook called
[2024-09-24T01:37:27.493+0000] {ssh.py:524} INFO - 24/09/24 01:37:27 INFO ShutdownHookManager: Deleting directory /tmp/spark-79c1b9f7-a485-4c42-ba68-796aa88ca24d
[2024-09-24T01:37:27.497+0000] {ssh.py:524} INFO - 24/09/24 01:37:27 INFO ShutdownHookManager: Deleting directory /tmp/spark-79c1b9f7-a485-4c42-ba68-796aa88ca24d/pyspark-12de24a6-e7ae-4980-9243-cacc3b75e145
[2024-09-24T01:37:27.499+0000] {ssh.py:524} INFO - 24/09/24 01:37:27 INFO ShutdownHookManager: Deleting directory /tmp/spark-f9b37d17-eda6-447c-af4f-40d6542e2cd2
[2024-09-24T01:37:27.513+0000] {ssh.py:524} INFO - 24/09/24 01:37:27 INFO MetricsSystemImpl: Stopping s3a-file-system metrics system...
[2024-09-24T01:37:27.515+0000] {ssh.py:524} INFO - 24/09/24 01:37:27 INFO MetricsSystemImpl: s3a-file-system metrics system stopped.
[2024-09-24T01:37:27.516+0000] {ssh.py:524} INFO - 24/09/24 01:37:27 INFO MetricsSystemImpl: s3a-file-system metrics system shutdown complete.
[2024-09-24T01:37:27.735+0000] {taskinstance.py:1400} INFO - Marking task as SUCCESS. dag_id=raw_ingestion_15min, task_id=spark_raw_ingestion_corredor, execution_date=20240924T011500, start_date=20240924T013715, end_date=20240924T013727
[2024-09-24T01:37:27.790+0000] {local_task_job_runner.py:228} INFO - Task exited with return code 0
[2024-09-24T01:37:27.848+0000] {taskinstance.py:2778} INFO - 0 downstream tasks scheduled from follow-on schedule check
