[2024-09-21T22:30:01.130+0000] {taskinstance.py:1159} INFO - Dependencies all met for dep_context=non-requeueable deps ti=<TaskInstance: raw_ingestion.spark_raw_ingestion_previsao scheduled__2024-09-21T22:00:00+00:00 [queued]>
[2024-09-21T22:30:01.142+0000] {taskinstance.py:1159} INFO - Dependencies all met for dep_context=requeueable deps ti=<TaskInstance: raw_ingestion.spark_raw_ingestion_previsao scheduled__2024-09-21T22:00:00+00:00 [queued]>
[2024-09-21T22:30:01.143+0000] {taskinstance.py:1361} INFO - Starting attempt 1 of 0
[2024-09-21T22:30:01.178+0000] {taskinstance.py:1382} INFO - Executing <Task(SSHOperator): spark_raw_ingestion_previsao> on 2024-09-21 22:00:00+00:00
[2024-09-21T22:30:01.183+0000] {standard_task_runner.py:57} INFO - Started process 2177 to run task
[2024-09-21T22:30:01.185+0000] {standard_task_runner.py:84} INFO - Running: ['airflow', 'tasks', 'run', 'raw_ingestion', 'spark_raw_ingestion_previsao', 'scheduled__2024-09-21T22:00:00+00:00', '--job-id', '423', '--raw', '--subdir', 'DAGS_FOLDER/raw_ingestion.py', '--cfg-path', '/tmp/tmpsvq2w15_']
[2024-09-21T22:30:01.186+0000] {standard_task_runner.py:85} INFO - Job 423: Subtask spark_raw_ingestion_previsao
[2024-09-21T22:30:01.325+0000] {task_command.py:416} INFO - Running <TaskInstance: raw_ingestion.spark_raw_ingestion_previsao scheduled__2024-09-21T22:00:00+00:00 [running]> on host airflow-worker
[2024-09-21T22:30:01.535+0000] {taskinstance.py:1662} INFO - Exporting env vars: AIRFLOW_CTX_DAG_OWNER='***' AIRFLOW_CTX_DAG_ID='raw_ingestion' AIRFLOW_CTX_TASK_ID='spark_raw_ingestion_previsao' AIRFLOW_CTX_EXECUTION_DATE='2024-09-21T22:00:00+00:00' AIRFLOW_CTX_TRY_NUMBER='1' AIRFLOW_CTX_DAG_RUN_ID='scheduled__2024-09-21T22:00:00+00:00'
[2024-09-21T22:30:01.535+0000] {ssh.py:141} INFO - Creating ssh_client
[2024-09-21T22:30:01.536+0000] {ssh.py:114} INFO - ssh_hook is not provided or invalid. Trying ssh_conn_id to create SSHHook.
[2024-09-21T22:30:01.565+0000] {base.py:73} INFO - Using connection ID 'spark_ssh_default' for task execution.
[2024-09-21T22:30:01.566+0000] {ssh.py:300} WARNING - No Host Key Verification. This won't protect against Man-In-The-Middle attacks
[2024-09-21T22:30:01.573+0000] {transport.py:1893} INFO - Connected (version 2.0, client OpenSSH_8.9p1)
[2024-09-21T22:30:01.668+0000] {transport.py:1893} INFO - Authentication (password) successful!
[2024-09-21T22:30:01.669+0000] {ssh.py:478} INFO - Running command: export SPARK_HOME=/usr/local/spark; /opt/conda/bin/spark-submit --master local[*] --driver-cores 6 --executor-cores 6 --driver-memory 16G --executor-memory 16G /opt/shared/scripts/raw_ingestion.py 2024-09-21 previsao
[2024-09-21T22:30:04.509+0000] {ssh.py:524} INFO - [DEBUG] dt_now: 2024-09-21
[2024-09-21T22:30:04.510+0000] {ssh.py:524} INFO - [DEBUG] endpoint: previsao
[2024-09-21T22:30:04.606+0000] {ssh.py:524} INFO - 24/09/21 22:30:04 INFO SparkContext: Running Spark version 3.3.1
[2024-09-21T22:30:04.631+0000] {ssh.py:524} INFO - 24/09/21 22:30:04 WARN NativeCodeLoader: Unable to load native-hadoop library for your platform... using builtin-java classes where applicable
[2024-09-21T22:30:04.716+0000] {ssh.py:524} INFO - 24/09/21 22:30:04 INFO ResourceUtils: ==============================================================
[2024-09-21T22:30:04.717+0000] {ssh.py:524} INFO - 24/09/21 22:30:04 INFO ResourceUtils: No custom resources configured for spark.driver.
[2024-09-21T22:30:04.717+0000] {ssh.py:524} INFO - 24/09/21 22:30:04 INFO ResourceUtils: ==============================================================
[2024-09-21T22:30:04.718+0000] {ssh.py:524} INFO - 24/09/21 22:30:04 INFO SparkContext: Submitted application: raw_ingestion_previsao
[2024-09-21T22:30:04.749+0000] {ssh.py:524} INFO - 24/09/21 22:30:04 INFO ResourceProfile: Default ResourceProfile created, executor resources: Map(cores -> name: cores, amount: 1, script: , vendor: , memory -> name: memory, amount: 1024, script: , vendor: , offHeap -> name: offHeap, amount: 0, script: , vendor: ), task resources: Map(cpus -> name: cpus, amount: 1.0)
[2024-09-21T22:30:04.760+0000] {ssh.py:524} INFO - 24/09/21 22:30:04 INFO ResourceProfile: Limiting resource is cpu
[2024-09-21T22:30:04.761+0000] {ssh.py:524} INFO - 24/09/21 22:30:04 INFO ResourceProfileManager: Added ResourceProfile id: 0
[2024-09-21T22:30:04.813+0000] {ssh.py:524} INFO - 24/09/21 22:30:04 INFO SecurityManager: Changing view acls to: root
[2024-09-21T22:30:04.814+0000] {ssh.py:524} INFO - 24/09/21 22:30:04 INFO SecurityManager: Changing modify acls to: root
[2024-09-21T22:30:04.815+0000] {ssh.py:524} INFO - 24/09/21 22:30:04 INFO SecurityManager: Changing view acls groups to: 
[2024-09-21T22:30:04.823+0000] {ssh.py:524} INFO - 24/09/21 22:30:04 INFO SecurityManager: Changing modify acls groups to: 
[2024-09-21T22:30:04.824+0000] {ssh.py:524} INFO - 24/09/21 22:30:04 INFO SecurityManager: SecurityManager: authentication disabled; ui acls disabled; users  with view permissions: Set(root); groups with view permissions: Set(); users  with modify permissions: Set(root); groups with modify permissions: Set()
[2024-09-21T22:30:05.228+0000] {ssh.py:524} INFO - 24/09/21 22:30:05 INFO Utils: Successfully started service 'sparkDriver' on port 42131.
[2024-09-21T22:30:05.276+0000] {ssh.py:524} INFO - 24/09/21 22:30:05 INFO SparkEnv: Registering MapOutputTracker
[2024-09-21T22:30:05.334+0000] {ssh.py:524} INFO - 24/09/21 22:30:05 INFO SparkEnv: Registering BlockManagerMaster
[2024-09-21T22:30:05.358+0000] {ssh.py:524} INFO - 24/09/21 22:30:05 INFO BlockManagerMasterEndpoint: Using org.apache.spark.storage.DefaultTopologyMapper for getting topology information
[2024-09-21T22:30:05.361+0000] {ssh.py:524} INFO - 24/09/21 22:30:05 INFO BlockManagerMasterEndpoint: BlockManagerMasterEndpoint up
[2024-09-21T22:30:05.367+0000] {ssh.py:524} INFO - 24/09/21 22:30:05 INFO SparkEnv: Registering BlockManagerMasterHeartbeat
[2024-09-21T22:30:05.391+0000] {ssh.py:524} INFO - 24/09/21 22:30:05 INFO DiskBlockManager: Created local directory at /tmp/blockmgr-6bb56a47-33e8-4f4f-9d59-1aa41b39a82f
[2024-09-21T22:30:05.412+0000] {ssh.py:524} INFO - 24/09/21 22:30:05 INFO MemoryStore: MemoryStore started with capacity 9.4 GiB
[2024-09-21T22:30:05.429+0000] {ssh.py:524} INFO - 24/09/21 22:30:05 INFO SparkEnv: Registering OutputCommitCoordinator
[2024-09-21T22:30:05.671+0000] {ssh.py:524} INFO - 24/09/21 22:30:05 WARN Utils: Service 'SparkUI' could not bind on port 4040. Attempting port 4041.
[2024-09-21T22:30:05.671+0000] {ssh.py:524} INFO - 24/09/21 22:30:05 WARN Utils: Service 'SparkUI' could not bind on port 4041. Attempting port 4042.
[2024-09-21T22:30:05.673+0000] {ssh.py:524} INFO - 24/09/21 22:30:05 WARN Utils: Service 'SparkUI' could not bind on port 4042. Attempting port 4043.
[2024-09-21T22:30:05.674+0000] {ssh.py:524} INFO - 24/09/21 22:30:05 WARN Utils: Service 'SparkUI' could not bind on port 4043. Attempting port 4044.
[2024-09-21T22:30:05.675+0000] {ssh.py:524} INFO - 24/09/21 22:30:05 WARN Utils: Service 'SparkUI' could not bind on port 4044. Attempting port 4045.
[2024-09-21T22:30:05.684+0000] {ssh.py:524} INFO - 24/09/21 22:30:05 INFO Utils: Successfully started service 'SparkUI' on port 4045.
[2024-09-21T22:30:05.825+0000] {ssh.py:524} INFO - 24/09/21 22:30:05 INFO Executor: Starting executor ID driver on host spark-master
[2024-09-21T22:30:05.832+0000] {ssh.py:524} INFO - 24/09/21 22:30:05 INFO Executor: Starting executor with user classpath (userClassPathFirst = false): ''
[2024-09-21T22:30:05.859+0000] {ssh.py:524} INFO - 24/09/21 22:30:05 INFO Utils: Successfully started service 'org.apache.spark.network.netty.NettyBlockTransferService' on port 37435.
[2024-09-21T22:30:05.860+0000] {ssh.py:524} INFO - 24/09/21 22:30:05 INFO NettyBlockTransferService: Server created on spark-master:37435
[2024-09-21T22:30:05.861+0000] {ssh.py:524} INFO - 24/09/21 22:30:05 INFO BlockManager: Using org.apache.spark.storage.RandomBlockReplicationPolicy for block replication policy
[2024-09-21T22:30:05.866+0000] {ssh.py:524} INFO - 24/09/21 22:30:05 INFO BlockManagerMaster: Registering BlockManager BlockManagerId(driver, spark-master, 37435, None)
[2024-09-21T22:30:05.875+0000] {ssh.py:524} INFO - 24/09/21 22:30:05 INFO BlockManagerMasterEndpoint: Registering block manager spark-master:37435 with 9.4 GiB RAM, BlockManagerId(driver, spark-master, 37435, None)
[2024-09-21T22:30:05.880+0000] {ssh.py:524} INFO - 24/09/21 22:30:05 INFO BlockManagerMaster: Registered BlockManager BlockManagerId(driver, spark-master, 37435, None)
[2024-09-21T22:30:05.885+0000] {ssh.py:524} INFO - 24/09/21 22:30:05 INFO BlockManager: Initialized BlockManager: BlockManagerId(driver, spark-master, 37435, None)
[2024-09-21T22:30:06.391+0000] {ssh.py:524} INFO - 24/09/21 22:30:06 INFO SharedState: Setting hive.metastore.warehouse.dir ('null') to the value of spark.sql.warehouse.dir.
[2024-09-21T22:30:06.396+0000] {ssh.py:524} INFO - 24/09/21 22:30:06 INFO SharedState: Warehouse path is 'file:/root/spark-warehouse'.
[2024-09-21T22:30:07.043+0000] {ssh.py:524} INFO - 24/09/21 22:30:07 WARN MetricsConfig: Cannot locate configuration: tried hadoop-metrics2-s3a-file-system.properties,hadoop-metrics2.properties
[2024-09-21T22:30:07.055+0000] {ssh.py:524} INFO - 24/09/21 22:30:07 INFO MetricsSystemImpl: Scheduled Metric snapshot period at 10 second(s).
[2024-09-21T22:30:07.055+0000] {ssh.py:524} INFO - 24/09/21 22:30:07 INFO MetricsSystemImpl: s3a-file-system metrics system started
[2024-09-21T22:30:08.149+0000] {ssh.py:524} INFO - 24/09/21 22:30:08 INFO InMemoryFileIndex: It took 51 ms to list leaf files for 1 paths.
[2024-09-21T22:30:08.237+0000] {ssh.py:524} INFO - 24/09/21 22:30:08 INFO InMemoryFileIndex: It took 15 ms to list leaf files for 1 paths.
[2024-09-21T22:30:10.580+0000] {ssh.py:524} INFO - 24/09/21 22:30:10 INFO FileSourceStrategy: Pushed Filters: 
[2024-09-21T22:30:10.582+0000] {ssh.py:524} INFO - 24/09/21 22:30:10 INFO FileSourceStrategy: Post-Scan Filters: (length(trim(value#0, None)) > 0)
[2024-09-21T22:30:10.584+0000] {ssh.py:524} INFO - 24/09/21 22:30:10 INFO FileSourceStrategy: Output Data Schema: struct<value: string>
[2024-09-21T22:30:11.074+0000] {ssh.py:524} INFO - 24/09/21 22:30:11 INFO CodeGenerator: Code generated in 145.203119 ms
[2024-09-21T22:30:11.147+0000] {ssh.py:524} INFO - 24/09/21 22:30:11 INFO MemoryStore: Block broadcast_0 stored as values in memory (estimated size 215.3 KiB, free 9.4 GiB)
[2024-09-21T22:30:11.208+0000] {ssh.py:524} INFO - 24/09/21 22:30:11 INFO MemoryStore: Block broadcast_0_piece0 stored as bytes in memory (estimated size 35.9 KiB, free 9.4 GiB)
[2024-09-21T22:30:11.212+0000] {ssh.py:524} INFO - 24/09/21 22:30:11 INFO BlockManagerInfo: Added broadcast_0_piece0 in memory on spark-master:37435 (size: 35.9 KiB, free: 9.4 GiB)
[2024-09-21T22:30:11.217+0000] {ssh.py:524} INFO - 24/09/21 22:30:11 INFO SparkContext: Created broadcast 0 from csv at NativeMethodAccessorImpl.java:0
[2024-09-21T22:30:11.231+0000] {ssh.py:524} INFO - 24/09/21 22:30:11 INFO FileSourceScanExec: Planning scan with bin packing, max size: 4194304 bytes, open cost is considered as scanning 4194304 bytes.
[2024-09-21T22:30:11.364+0000] {ssh.py:524} INFO - 24/09/21 22:30:11 INFO SparkContext: Starting job: csv at NativeMethodAccessorImpl.java:0
[2024-09-21T22:30:11.381+0000] {ssh.py:524} INFO - 24/09/21 22:30:11 INFO DAGScheduler: Got job 0 (csv at NativeMethodAccessorImpl.java:0) with 1 output partitions
[2024-09-21T22:30:11.382+0000] {ssh.py:524} INFO - 24/09/21 22:30:11 INFO DAGScheduler: Final stage: ResultStage 0 (csv at NativeMethodAccessorImpl.java:0)
[2024-09-21T22:30:11.383+0000] {ssh.py:524} INFO - 24/09/21 22:30:11 INFO DAGScheduler: Parents of final stage: List()
[2024-09-21T22:30:11.384+0000] {ssh.py:524} INFO - 24/09/21 22:30:11 INFO DAGScheduler: Missing parents: List()
[2024-09-21T22:30:11.390+0000] {ssh.py:524} INFO - 24/09/21 22:30:11 INFO DAGScheduler: Submitting ResultStage 0 (MapPartitionsRDD[3] at csv at NativeMethodAccessorImpl.java:0), which has no missing parents
[2024-09-21T22:30:11.504+0000] {ssh.py:524} INFO - 24/09/21 22:30:11 INFO MemoryStore: Block broadcast_1 stored as values in memory (estimated size 11.8 KiB, free 9.4 GiB)
[2024-09-21T22:30:11.511+0000] {ssh.py:524} INFO - 24/09/21 22:30:11 INFO MemoryStore: Block broadcast_1_piece0 stored as bytes in memory (estimated size 5.9 KiB, free 9.4 GiB)
[2024-09-21T22:30:11.512+0000] {ssh.py:524} INFO - 24/09/21 22:30:11 INFO BlockManagerInfo: Added broadcast_1_piece0 in memory on spark-master:37435 (size: 5.9 KiB, free: 9.4 GiB)
[2024-09-21T22:30:11.514+0000] {ssh.py:524} INFO - 24/09/21 22:30:11 INFO SparkContext: Created broadcast 1 from broadcast at DAGScheduler.scala:1513
[2024-09-21T22:30:11.546+0000] {ssh.py:524} INFO - 24/09/21 22:30:11 INFO DAGScheduler: Submitting 1 missing tasks from ResultStage 0 (MapPartitionsRDD[3] at csv at NativeMethodAccessorImpl.java:0) (first 15 tasks are for partitions Vector(0))
[2024-09-21T22:30:11.547+0000] {ssh.py:524} INFO - 24/09/21 22:30:11 INFO TaskSchedulerImpl: Adding task set 0.0 with 1 tasks resource profile 0
[2024-09-21T22:30:11.640+0000] {ssh.py:524} INFO - 24/09/21 22:30:11 INFO TaskSetManager: Starting task 0.0 in stage 0.0 (TID 0) (spark-master, executor driver, partition 0, PROCESS_LOCAL, 4903 bytes) taskResourceAssignments Map()
[2024-09-21T22:30:11.677+0000] {ssh.py:524} INFO - 24/09/21 22:30:11 INFO Executor: Running task 0.0 in stage 0.0 (TID 0)
[2024-09-21T22:30:11.851+0000] {ssh.py:524} INFO - 24/09/21 22:30:11 INFO FileScanRDD: Reading File path: s3a://raw/GTFS/paradas/stops.txt, range: 0-2221690, partition values: [empty row]
[2024-09-21T22:30:11.939+0000] {ssh.py:524} INFO - 24/09/21 22:30:11 INFO CodeGenerator: Code generated in 47.156308 ms
[2024-09-21T22:30:12.024+0000] {ssh.py:524} INFO - 24/09/21 22:30:12 INFO Executor: Finished task 0.0 in stage 0.0 (TID 0). 1562 bytes result sent to driver
[2024-09-21T22:30:12.036+0000] {ssh.py:524} INFO - 24/09/21 22:30:12 INFO TaskSetManager: Finished task 0.0 in stage 0.0 (TID 0) in 434 ms on spark-master (executor driver) (1/1)
[2024-09-21T22:30:12.038+0000] {ssh.py:524} INFO - 24/09/21 22:30:12 INFO TaskSchedulerImpl: Removed TaskSet 0.0, whose tasks have all completed, from pool 
[2024-09-21T22:30:12.044+0000] {ssh.py:524} INFO - 24/09/21 22:30:12 INFO DAGScheduler: ResultStage 0 (csv at NativeMethodAccessorImpl.java:0) finished in 0.640 s
[2024-09-21T22:30:12.048+0000] {ssh.py:524} INFO - 24/09/21 22:30:12 INFO DAGScheduler: Job 0 is finished. Cancelling potential speculative or zombie tasks for this job
[2024-09-21T22:30:12.049+0000] {ssh.py:524} INFO - 24/09/21 22:30:12 INFO TaskSchedulerImpl: Killing all running tasks in stage 0: Stage finished
[2024-09-21T22:30:12.053+0000] {ssh.py:524} INFO - 24/09/21 22:30:12 INFO DAGScheduler: Job 0 finished: csv at NativeMethodAccessorImpl.java:0, took 0.688089 s
[2024-09-21T22:30:12.074+0000] {ssh.py:524} INFO - 24/09/21 22:30:12 INFO CodeGenerator: Code generated in 10.95363 ms
[2024-09-21T22:30:12.123+0000] {ssh.py:524} INFO - 24/09/21 22:30:12 INFO FileSourceStrategy: Pushed Filters: 
[2024-09-21T22:30:12.123+0000] {ssh.py:524} INFO - 24/09/21 22:30:12 INFO FileSourceStrategy: Post-Scan Filters: 
[2024-09-21T22:30:12.124+0000] {ssh.py:524} INFO - 24/09/21 22:30:12 INFO FileSourceStrategy: Output Data Schema: struct<value: string>
[2024-09-21T22:30:12.135+0000] {ssh.py:524} INFO - 24/09/21 22:30:12 INFO MemoryStore: Block broadcast_2 stored as values in memory (estimated size 215.3 KiB, free 9.4 GiB)
[2024-09-21T22:30:12.149+0000] {ssh.py:524} INFO - 24/09/21 22:30:12 INFO MemoryStore: Block broadcast_2_piece0 stored as bytes in memory (estimated size 35.9 KiB, free 9.4 GiB)
[2024-09-21T22:30:12.151+0000] {ssh.py:524} INFO - 24/09/21 22:30:12 INFO BlockManagerInfo: Added broadcast_2_piece0 in memory on spark-master:37435 (size: 35.9 KiB, free: 9.4 GiB)
[2024-09-21T22:30:12.153+0000] {ssh.py:524} INFO - 24/09/21 22:30:12 INFO SparkContext: Created broadcast 2 from csv at NativeMethodAccessorImpl.java:0
[2024-09-21T22:30:12.154+0000] {ssh.py:524} INFO - 24/09/21 22:30:12 INFO FileSourceScanExec: Planning scan with bin packing, max size: 4194304 bytes, open cost is considered as scanning 4194304 bytes.
[2024-09-21T22:30:12.357+0000] {ssh.py:524} INFO - 24/09/21 22:30:12 INFO FileSourceStrategy: Pushed Filters: IsNotNull(stop_desc)
[2024-09-21T22:30:12.358+0000] {ssh.py:524} INFO - 24/09/21 22:30:12 INFO FileSourceStrategy: Post-Scan Filters: isnotnull(stop_desc#19)
[2024-09-21T22:30:12.361+0000] {ssh.py:524} INFO - 24/09/21 22:30:12 INFO FileSourceStrategy: Output Data Schema: struct<stop_id: string, stop_desc: string>
[2024-09-21T22:30:12.405+0000] {ssh.py:524} INFO - 24/09/21 22:30:12 INFO CodeGenerator: Code generated in 22.25174 ms
[2024-09-21T22:30:12.429+0000] {ssh.py:524} INFO - 24/09/21 22:30:12 INFO MemoryStore: Block broadcast_3 stored as values in memory (estimated size 215.2 KiB, free 9.4 GiB)
[2024-09-21T22:30:12.443+0000] {ssh.py:524} INFO - 24/09/21 22:30:12 INFO MemoryStore: Block broadcast_3_piece0 stored as bytes in memory (estimated size 35.9 KiB, free 9.4 GiB)
[2024-09-21T22:30:12.448+0000] {ssh.py:524} INFO - 24/09/21 22:30:12 INFO BlockManagerInfo: Added broadcast_3_piece0 in memory on spark-master:37435 (size: 35.9 KiB, free: 9.4 GiB)
[2024-09-21T22:30:12.449+0000] {ssh.py:524} INFO - 24/09/21 22:30:12 INFO SparkContext: Created broadcast 3 from javaToPython at NativeMethodAccessorImpl.java:0
[2024-09-21T22:30:12.465+0000] {ssh.py:524} INFO - 24/09/21 22:30:12 INFO FileSourceScanExec: Planning scan with bin packing, max size: 4194304 bytes, open cost is considered as scanning 4194304 bytes.
[2024-09-21T22:30:13.158+0000] {ssh.py:524} INFO - 24/09/21 22:30:13 INFO ParquetFileFormat: Using default output committer for Parquet: org.apache.parquet.hadoop.ParquetOutputCommitter
[2024-09-21T22:30:13.178+0000] {ssh.py:524} INFO - 24/09/21 22:30:13 INFO FileOutputCommitter: File Output Committer Algorithm version is 1
[2024-09-21T22:30:13.178+0000] {ssh.py:524} INFO - 24/09/21 22:30:13 INFO FileOutputCommitter: FileOutputCommitter skip cleanup _temporary folders under output directory:false, ignore cleanup failures: false
[2024-09-21T22:30:13.179+0000] {ssh.py:524} INFO - 24/09/21 22:30:13 INFO SQLHadoopMapReduceCommitProtocol: Using user defined output committer class org.apache.parquet.hadoop.ParquetOutputCommitter
[2024-09-21T22:30:13.180+0000] {ssh.py:524} INFO - 24/09/21 22:30:13 INFO FileOutputCommitter: File Output Committer Algorithm version is 1
[2024-09-21T22:30:13.180+0000] {ssh.py:524} INFO - 24/09/21 22:30:13 INFO FileOutputCommitter: FileOutputCommitter skip cleanup _temporary folders under output directory:false, ignore cleanup failures: false
[2024-09-21T22:30:13.181+0000] {ssh.py:524} INFO - 24/09/21 22:30:13 INFO SQLHadoopMapReduceCommitProtocol: Using output committer class org.apache.parquet.hadoop.ParquetOutputCommitter
[2024-09-21T22:30:13.279+0000] {ssh.py:524} INFO - 24/09/21 22:30:13 INFO CodeGenerator: Code generated in 9.645053 ms
[2024-09-21T22:30:13.330+0000] {ssh.py:524} INFO - 24/09/21 22:30:13 INFO SparkContext: Starting job: save at NativeMethodAccessorImpl.java:0
[2024-09-21T22:30:13.341+0000] {ssh.py:524} INFO - 24/09/21 22:30:13 INFO DAGScheduler: Got job 1 (save at NativeMethodAccessorImpl.java:0) with 1 output partitions
[2024-09-21T22:30:13.341+0000] {ssh.py:524} INFO - 24/09/21 22:30:13 INFO DAGScheduler: Final stage: ResultStage 1 (save at NativeMethodAccessorImpl.java:0)
[2024-09-21T22:30:13.342+0000] {ssh.py:524} INFO - 24/09/21 22:30:13 INFO DAGScheduler: Parents of final stage: List()
[2024-09-21T22:30:13.342+0000] {ssh.py:524} INFO - 24/09/21 22:30:13 INFO DAGScheduler: Missing parents: List()
[2024-09-21T22:30:13.343+0000] {ssh.py:524} INFO - 24/09/21 22:30:13 INFO DAGScheduler: Submitting ResultStage 1 (MapPartitionsRDD[20] at save at NativeMethodAccessorImpl.java:0), which has no missing parents
[2024-09-21T22:30:13.443+0000] {ssh.py:524} INFO - 24/09/21 22:30:13 INFO MemoryStore: Block broadcast_4 stored as values in memory (estimated size 238.2 KiB, free 9.4 GiB)
[2024-09-21T22:30:13.449+0000] {ssh.py:524} INFO - 24/09/21 22:30:13 INFO MemoryStore: Block broadcast_4_piece0 stored as bytes in memory (estimated size 89.1 KiB, free 9.4 GiB)
[2024-09-21T22:30:13.451+0000] {ssh.py:524} INFO - 24/09/21 22:30:13 INFO BlockManagerInfo: Added broadcast_4_piece0 in memory on spark-master:37435 (size: 89.1 KiB, free: 9.4 GiB)
[2024-09-21T22:30:13.453+0000] {ssh.py:524} INFO - 24/09/21 22:30:13 INFO SparkContext: Created broadcast 4 from broadcast at DAGScheduler.scala:1513
[2024-09-21T22:30:13.454+0000] {ssh.py:524} INFO - 24/09/21 22:30:13 INFO DAGScheduler: Submitting 1 missing tasks from ResultStage 1 (MapPartitionsRDD[20] at save at NativeMethodAccessorImpl.java:0) (first 15 tasks are for partitions Vector(0))
[2024-09-21T22:30:13.455+0000] {ssh.py:524} INFO - 24/09/21 22:30:13 INFO TaskSchedulerImpl: Adding task set 1.0 with 1 tasks resource profile 0
[2024-09-21T22:30:13.459+0000] {ssh.py:524} INFO - 24/09/21 22:30:13 INFO TaskSetManager: Starting task 0.0 in stage 1.0 (TID 1) (spark-master, executor driver, partition 0, PROCESS_LOCAL, 4903 bytes) taskResourceAssignments Map()
[2024-09-21T22:30:13.466+0000] {ssh.py:524} INFO - 24/09/21 22:30:13 INFO Executor: Running task 0.0 in stage 1.0 (TID 1)
[2024-09-21T22:30:14.285+0000] {ssh.py:524} INFO - 24/09/21 22:30:14 INFO FileOutputCommitter: File Output Committer Algorithm version is 1
[2024-09-21T22:30:14.285+0000] {ssh.py:524} INFO - 24/09/21 22:30:14 INFO FileOutputCommitter: FileOutputCommitter skip cleanup _temporary folders under output directory:false, ignore cleanup failures: false
[2024-09-21T22:30:14.287+0000] {ssh.py:524} INFO - 24/09/21 22:30:14 INFO SQLHadoopMapReduceCommitProtocol: Using user defined output committer class org.apache.parquet.hadoop.ParquetOutputCommitter
[2024-09-21T22:30:14.289+0000] {ssh.py:524} INFO - 24/09/21 22:30:14 INFO FileOutputCommitter: File Output Committer Algorithm version is 1
[2024-09-21T22:30:14.290+0000] {ssh.py:524} INFO - 24/09/21 22:30:14 INFO FileOutputCommitter: FileOutputCommitter skip cleanup _temporary folders under output directory:false, ignore cleanup failures: false
[2024-09-21T22:30:14.291+0000] {ssh.py:524} INFO - 24/09/21 22:30:14 INFO SQLHadoopMapReduceCommitProtocol: Using output committer class org.apache.parquet.hadoop.ParquetOutputCommitter
[2024-09-21T22:30:14.298+0000] {ssh.py:524} INFO - 24/09/21 22:30:14 INFO FileScanRDD: Reading File path: s3a://raw/GTFS/paradas/stops.txt, range: 0-2221690, partition values: [empty row]
[2024-09-21T22:30:14.309+0000] {ssh.py:524} INFO - 24/09/21 22:30:14 INFO CodecConfig: Compression: SNAPPY
[2024-09-21T22:30:14.318+0000] {ssh.py:524} INFO - 24/09/21 22:30:14 INFO CodecConfig: Compression: SNAPPY
[2024-09-21T22:30:14.339+0000] {ssh.py:524} INFO - 24/09/21 22:30:14 INFO ParquetOutputFormat: Parquet block size to 134217728
[2024-09-21T22:30:14.341+0000] {ssh.py:524} INFO - 24/09/21 22:30:14 INFO ParquetOutputFormat: Validation is off
[2024-09-21T22:30:14.342+0000] {ssh.py:524} INFO - 24/09/21 22:30:14 INFO ParquetOutputFormat: Maximum row group padding size is 8388608 bytes
[2024-09-21T22:30:14.342+0000] {ssh.py:524} INFO - 24/09/21 22:30:14 INFO ParquetOutputFormat: Parquet properties are:
[2024-09-21T22:30:14.343+0000] {ssh.py:524} INFO - Parquet page size to 1048576
[2024-09-21T22:30:14.343+0000] {ssh.py:524} INFO - Parquet dictionary page size to 1048576
[2024-09-21T22:30:14.343+0000] {ssh.py:524} INFO - Dictionary is true
[2024-09-21T22:30:14.344+0000] {ssh.py:524} INFO - Writer version is: PARQUET_1_0
[2024-09-21T22:30:14.344+0000] {ssh.py:524} INFO - Page size checking is: estimated
[2024-09-21T22:30:14.344+0000] {ssh.py:524} INFO - Min row count for page size check is: 100
[2024-09-21T22:30:14.345+0000] {ssh.py:524} INFO - Max row count for page size check is: 10000
[2024-09-21T22:30:14.345+0000] {ssh.py:524} INFO - Truncate length for column indexes is: 64
[2024-09-21T22:30:14.345+0000] {ssh.py:524} INFO - Truncate length for statistics min/max  is: 2147483647
[2024-09-21T22:30:14.345+0000] {ssh.py:524} INFO - Bloom filter enabled: false
[2024-09-21T22:30:14.346+0000] {ssh.py:524} INFO - Max Bloom filter size for a column is 1048576
[2024-09-21T22:30:14.346+0000] {ssh.py:524} INFO - Bloom filter expected number of distinct values are: null
[2024-09-21T22:30:14.346+0000] {ssh.py:524} INFO - Page row count limit to 20000
[2024-09-21T22:30:14.347+0000] {ssh.py:524} INFO - Writing page checksums is: on
[2024-09-21T22:30:14.372+0000] {ssh.py:524} INFO - 24/09/21 22:30:14 INFO CodeGenerator: Code generated in 52.083834 ms
[2024-09-21T22:30:14.414+0000] {ssh.py:524} INFO - 24/09/21 22:30:14 INFO CodeGenerator: Code generated in 6.122503 ms
[2024-09-21T22:30:14.418+0000] {ssh.py:524} INFO - 24/09/21 22:30:14 INFO ParquetWriteSupport: Initialized Parquet WriteSupport with Catalyst schema:
[2024-09-21T22:30:14.419+0000] {ssh.py:524} INFO - {
[2024-09-21T22:30:14.419+0000] {ssh.py:524} INFO -   "type" : "struct",
[2024-09-21T22:30:14.420+0000] {ssh.py:524} INFO -   "fields" : [ {
[2024-09-21T22:30:14.420+0000] {ssh.py:524} INFO -     "name" : "data",
[2024-09-21T22:30:14.421+0000] {ssh.py:524} INFO -     "type" : "string",
[2024-09-21T22:30:14.421+0000] {ssh.py:524} INFO -     "nullable" : true,
[2024-09-21T22:30:14.422+0000] {ssh.py:524} INFO -     "metadata" : { }
[2024-09-21T22:30:14.422+0000] {ssh.py:524} INFO -   } ]
[2024-09-21T22:30:14.423+0000] {ssh.py:524} INFO - }
[2024-09-21T22:30:14.423+0000] {ssh.py:524} INFO - and corresponding Parquet message type:
[2024-09-21T22:30:14.423+0000] {ssh.py:524} INFO - message spark_schema {
[2024-09-21T22:30:14.424+0000] {ssh.py:524} INFO -   optional binary data (STRING);
[2024-09-21T22:30:14.424+0000] {ssh.py:524} INFO - }
[2024-09-21T22:30:14.425+0000] {ssh.py:524} INFO - 
[2024-09-21T22:30:14.425+0000] {ssh.py:524} INFO -        
[2024-09-21T22:30:14.503+0000] {ssh.py:524} INFO - 24/09/21 22:30:14 INFO CodecPool: Got brand-new compressor [.snappy]
[2024-09-21T22:30:14.586+0000] {ssh.py:524} INFO - 24/09/21 22:30:14 INFO BlockManagerInfo: Removed broadcast_1_piece0 on spark-master:37435 in memory (size: 5.9 KiB, free: 9.4 GiB)
[2024-09-21T22:34:00.091+0000] {local_task_job_runner.py:294} WARNING - State of this instance has been externally set to failed. Terminating instance.
[2024-09-21T22:34:00.093+0000] {process_utils.py:131} INFO - Sending 15 to group 2177. PIDs of all processes in the group: [2177]
[2024-09-21T22:34:00.093+0000] {process_utils.py:86} INFO - Sending the signal 15 to group 2177
[2024-09-21T22:34:00.093+0000] {taskinstance.py:1632} ERROR - Received SIGTERM. Terminating subprocesses.
[2024-09-21T22:34:00.145+0000] {process_utils.py:79} INFO - Process psutil.Process(pid=2177, status='terminated', exitcode=0, started='22:30:00') (2177) terminated with exit code 0
