[2024-09-24T02:00:00.978+0000] {taskinstance.py:1159} INFO - Dependencies all met for dep_context=non-requeueable deps ti=<TaskInstance: raw_ingestion_15min.spark_raw_ingestion_empresa scheduled__2024-09-24T01:45:00+00:00 [queued]>
[2024-09-24T02:00:00.992+0000] {taskinstance.py:1159} INFO - Dependencies all met for dep_context=requeueable deps ti=<TaskInstance: raw_ingestion_15min.spark_raw_ingestion_empresa scheduled__2024-09-24T01:45:00+00:00 [queued]>
[2024-09-24T02:00:00.993+0000] {taskinstance.py:1361} INFO - Starting attempt 1 of 1
[2024-09-24T02:00:01.011+0000] {taskinstance.py:1382} INFO - Executing <Task(SSHOperator): spark_raw_ingestion_empresa> on 2024-09-24 01:45:00+00:00
[2024-09-24T02:00:01.015+0000] {standard_task_runner.py:57} INFO - Started process 3951 to run task
[2024-09-24T02:00:01.020+0000] {standard_task_runner.py:84} INFO - Running: ['airflow', 'tasks', 'run', 'raw_ingestion_15min', 'spark_raw_ingestion_empresa', 'scheduled__2024-09-24T01:45:00+00:00', '--job-id', '605', '--raw', '--subdir', 'DAGS_FOLDER/raw_ingestion_15min.py', '--cfg-path', '/tmp/tmpmlcxk093']
[2024-09-24T02:00:01.021+0000] {standard_task_runner.py:85} INFO - Job 605: Subtask spark_raw_ingestion_empresa
[2024-09-24T02:00:01.158+0000] {task_command.py:416} INFO - Running <TaskInstance: raw_ingestion_15min.spark_raw_ingestion_empresa scheduled__2024-09-24T01:45:00+00:00 [running]> on host airflow-worker
[2024-09-24T02:00:01.378+0000] {taskinstance.py:1662} INFO - Exporting env vars: AIRFLOW_CTX_DAG_OWNER='***' AIRFLOW_CTX_DAG_ID='raw_ingestion_15min' AIRFLOW_CTX_TASK_ID='spark_raw_ingestion_empresa' AIRFLOW_CTX_EXECUTION_DATE='2024-09-24T01:45:00+00:00' AIRFLOW_CTX_TRY_NUMBER='1' AIRFLOW_CTX_DAG_RUN_ID='scheduled__2024-09-24T01:45:00+00:00'
[2024-09-24T02:00:01.379+0000] {ssh.py:141} INFO - Creating ssh_client
[2024-09-24T02:00:01.379+0000] {ssh.py:114} INFO - ssh_hook is not provided or invalid. Trying ssh_conn_id to create SSHHook.
[2024-09-24T02:00:01.411+0000] {base.py:73} INFO - Using connection ID 'spark_ssh_default' for task execution.
[2024-09-24T02:00:01.411+0000] {ssh.py:300} WARNING - No Host Key Verification. This won't protect against Man-In-The-Middle attacks
[2024-09-24T02:00:01.421+0000] {transport.py:1893} INFO - Connected (version 2.0, client OpenSSH_8.9p1)
[2024-09-24T02:00:01.550+0000] {transport.py:1893} INFO - Authentication (password) successful!
[2024-09-24T02:00:01.551+0000] {ssh.py:478} INFO - Running command: export SPARK_HOME=/usr/local/spark; /opt/conda/bin/spark-submit --master local[*] --driver-cores 2 --executor-cores 2 --driver-memory 4G --executor-memory 4G /opt/shared/scripts/raw_ingestion.py 2024-09-24 empresa
[2024-09-24T02:00:04.319+0000] {ssh.py:524} INFO - [DEBUG] dt_now: 2024-09-24
[2024-09-24T02:00:04.320+0000] {ssh.py:524} INFO - [DEBUG] endpoint: empresa
[2024-09-24T02:00:04.386+0000] {ssh.py:524} INFO - 24/09/24 02:00:04 INFO SparkContext: Running Spark version 3.3.1
[2024-09-24T02:00:04.411+0000] {ssh.py:524} INFO - 24/09/24 02:00:04 WARN NativeCodeLoader: Unable to load native-hadoop library for your platform... using builtin-java classes where applicable
[2024-09-24T02:00:04.534+0000] {ssh.py:524} INFO - 24/09/24 02:00:04 INFO ResourceUtils: ==============================================================
[2024-09-24T02:00:04.535+0000] {ssh.py:524} INFO - 24/09/24 02:00:04 INFO ResourceUtils: No custom resources configured for spark.driver.
[2024-09-24T02:00:04.535+0000] {ssh.py:524} INFO - 24/09/24 02:00:04 INFO ResourceUtils: ==============================================================
[2024-09-24T02:00:04.536+0000] {ssh.py:524} INFO - 24/09/24 02:00:04 INFO SparkContext: Submitted application: raw_ingestion_empresa
[2024-09-24T02:00:04.557+0000] {ssh.py:524} INFO - 24/09/24 02:00:04 INFO ResourceProfile: Default ResourceProfile created, executor resources: Map(cores -> name: cores, amount: 1, script: , vendor: , memory -> name: memory, amount: 1024, script: , vendor: , offHeap -> name: offHeap, amount: 0, script: , vendor: ), task resources: Map(cpus -> name: cpus, amount: 1.0)
[2024-09-24T02:00:04.565+0000] {ssh.py:524} INFO - 24/09/24 02:00:04 INFO ResourceProfile: Limiting resource is cpu
[2024-09-24T02:00:04.566+0000] {ssh.py:524} INFO - 24/09/24 02:00:04 INFO ResourceProfileManager: Added ResourceProfile id: 0
[2024-09-24T02:00:04.607+0000] {ssh.py:524} INFO - 24/09/24 02:00:04 INFO SecurityManager: Changing view acls to: root
[2024-09-24T02:00:04.608+0000] {ssh.py:524} INFO - 24/09/24 02:00:04 INFO SecurityManager: Changing modify acls to: root
[2024-09-24T02:00:04.609+0000] {ssh.py:524} INFO - 24/09/24 02:00:04 INFO SecurityManager: Changing view acls groups to: 
[2024-09-24T02:00:04.609+0000] {ssh.py:524} INFO - 24/09/24 02:00:04 INFO SecurityManager: Changing modify acls groups to: 
[2024-09-24T02:00:04.610+0000] {ssh.py:524} INFO - 24/09/24 02:00:04 INFO SecurityManager: SecurityManager: authentication disabled; ui acls disabled; users  with view permissions: Set(root); groups with view permissions: Set(); users  with modify permissions: Set(root); groups with modify permissions: Set()
[2024-09-24T02:00:04.954+0000] {ssh.py:524} INFO - 24/09/24 02:00:04 INFO Utils: Successfully started service 'sparkDriver' on port 44131.
[2024-09-24T02:00:04.991+0000] {ssh.py:524} INFO - 24/09/24 02:00:04 INFO SparkEnv: Registering MapOutputTracker
[2024-09-24T02:00:05.037+0000] {ssh.py:524} INFO - 24/09/24 02:00:05 INFO SparkEnv: Registering BlockManagerMaster
[2024-09-24T02:00:05.059+0000] {ssh.py:524} INFO - 24/09/24 02:00:05 INFO BlockManagerMasterEndpoint: Using org.apache.spark.storage.DefaultTopologyMapper for getting topology information
[2024-09-24T02:00:05.061+0000] {ssh.py:524} INFO - 24/09/24 02:00:05 INFO BlockManagerMasterEndpoint: BlockManagerMasterEndpoint up
[2024-09-24T02:00:05.067+0000] {ssh.py:524} INFO - 24/09/24 02:00:05 INFO SparkEnv: Registering BlockManagerMasterHeartbeat
[2024-09-24T02:00:05.089+0000] {ssh.py:524} INFO - 24/09/24 02:00:05 INFO DiskBlockManager: Created local directory at /tmp/blockmgr-a69a95d1-7a06-48c5-ae65-202433f84ac7
[2024-09-24T02:00:05.117+0000] {ssh.py:524} INFO - 24/09/24 02:00:05 INFO MemoryStore: MemoryStore started with capacity 2.2 GiB
[2024-09-24T02:00:05.136+0000] {ssh.py:524} INFO - 24/09/24 02:00:05 INFO SparkEnv: Registering OutputCommitCoordinator
[2024-09-24T02:00:05.346+0000] {ssh.py:524} INFO - 24/09/24 02:00:05 WARN Utils: Service 'SparkUI' could not bind on port 4040. Attempting port 4041.
[2024-09-24T02:00:05.347+0000] {ssh.py:524} INFO - 24/09/24 02:00:05 WARN Utils: Service 'SparkUI' could not bind on port 4041. Attempting port 4042.
[2024-09-24T02:00:05.348+0000] {ssh.py:524} INFO - 24/09/24 02:00:05 WARN Utils: Service 'SparkUI' could not bind on port 4042. Attempting port 4043.
[2024-09-24T02:00:05.349+0000] {ssh.py:524} INFO - 24/09/24 02:00:05 WARN Utils: Service 'SparkUI' could not bind on port 4043. Attempting port 4044.
[2024-09-24T02:00:05.364+0000] {ssh.py:524} INFO - 24/09/24 02:00:05 INFO Utils: Successfully started service 'SparkUI' on port 4044.
[2024-09-24T02:00:05.544+0000] {ssh.py:524} INFO - 24/09/24 02:00:05 INFO Executor: Starting executor ID driver on host spark-master
[2024-09-24T02:00:05.554+0000] {ssh.py:524} INFO - 24/09/24 02:00:05 INFO Executor: Starting executor with user classpath (userClassPathFirst = false): ''
[2024-09-24T02:00:05.583+0000] {ssh.py:524} INFO - 24/09/24 02:00:05 INFO Utils: Successfully started service 'org.apache.spark.network.netty.NettyBlockTransferService' on port 37661.
[2024-09-24T02:00:05.583+0000] {ssh.py:524} INFO - 24/09/24 02:00:05 INFO NettyBlockTransferService: Server created on spark-master:37661
[2024-09-24T02:00:05.584+0000] {ssh.py:524} INFO - 24/09/24 02:00:05 INFO BlockManager: Using org.apache.spark.storage.RandomBlockReplicationPolicy for block replication policy
[2024-09-24T02:00:05.589+0000] {ssh.py:524} INFO - 24/09/24 02:00:05 INFO BlockManagerMaster: Registering BlockManager BlockManagerId(driver, spark-master, 37661, None)
[2024-09-24T02:00:05.595+0000] {ssh.py:524} INFO - 24/09/24 02:00:05 INFO BlockManagerMasterEndpoint: Registering block manager spark-master:37661 with 2.2 GiB RAM, BlockManagerId(driver, spark-master, 37661, None)
[2024-09-24T02:00:05.599+0000] {ssh.py:524} INFO - 24/09/24 02:00:05 INFO BlockManagerMaster: Registered BlockManager BlockManagerId(driver, spark-master, 37661, None)
[2024-09-24T02:00:05.600+0000] {ssh.py:524} INFO - 24/09/24 02:00:05 INFO BlockManager: Initialized BlockManager: BlockManagerId(driver, spark-master, 37661, None)
[2024-09-24T02:00:06.562+0000] {ssh.py:524} INFO - 24/09/24 02:00:06 INFO SharedState: Setting hive.metastore.warehouse.dir ('null') to the value of spark.sql.warehouse.dir.
[2024-09-24T02:00:06.568+0000] {ssh.py:524} INFO - 24/09/24 02:00:06 INFO SharedState: Warehouse path is 'file:/root/spark-warehouse'.
[2024-09-24T02:00:08.694+0000] {ssh.py:524} INFO - 24/09/24 02:00:08 WARN MetricsConfig: Cannot locate configuration: tried hadoop-metrics2-s3a-file-system.properties,hadoop-metrics2.properties
[2024-09-24T02:00:08.705+0000] {ssh.py:524} INFO - 24/09/24 02:00:08 INFO MetricsSystemImpl: Scheduled Metric snapshot period at 10 second(s).
[2024-09-24T02:00:08.706+0000] {ssh.py:524} INFO - 24/09/24 02:00:08 INFO MetricsSystemImpl: s3a-file-system metrics system started
[2024-09-24T02:00:09.780+0000] {ssh.py:524} INFO - 24/09/24 02:00:09 WARN AbstractS3ACommitterFactory: Using standard FileOutputCommitter to commit work. This is slow and potentially unsafe.
[2024-09-24T02:00:09.781+0000] {ssh.py:524} INFO - 24/09/24 02:00:09 INFO FileOutputCommitter: File Output Committer Algorithm version is 1
[2024-09-24T02:00:09.781+0000] {ssh.py:524} INFO - 24/09/24 02:00:09 INFO FileOutputCommitter: FileOutputCommitter skip cleanup _temporary folders under output directory:false, ignore cleanup failures: false
[2024-09-24T02:00:09.782+0000] {ssh.py:524} INFO - 24/09/24 02:00:09 INFO AbstractS3ACommitterFactory: Using Committer FileOutputCommitter{PathOutputCommitter{context=TaskAttemptContextImpl{JobContextImpl{jobId=job_20240924020009990150431826312145_0000}; taskId=attempt_20240924020009990150431826312145_0000_m_000000_0, status=''}; org.apache.hadoop.mapreduce.lib.output.FileOutputCommitter@36c48c13}; outputPath=s3a://raw/olhovivo/empresa/dt=2024-09-24, workPath=s3a://raw/olhovivo/empresa/dt=2024-09-24/_temporary/0/_temporary/attempt_20240924020009990150431826312145_0000_m_000000_0, algorithmVersion=1, skipCleanup=false, ignoreCleanupFailures=false} for s3a://raw/olhovivo/empresa/dt=2024-09-24
[2024-09-24T02:00:09.783+0000] {ssh.py:524} INFO - 24/09/24 02:00:09 INFO SQLHadoopMapReduceCommitProtocol: Using output committer class org.apache.hadoop.mapreduce.lib.output.FileOutputCommitter
[2024-09-24T02:00:10.222+0000] {ssh.py:524} INFO - 24/09/24 02:00:10 INFO CodeGenerator: Code generated in 137.12854 ms
[2024-09-24T02:00:10.339+0000] {ssh.py:524} INFO - 24/09/24 02:00:10 INFO SparkContext: Starting job: save at NativeMethodAccessorImpl.java:0
[2024-09-24T02:00:10.358+0000] {ssh.py:524} INFO - 24/09/24 02:00:10 INFO DAGScheduler: Got job 0 (save at NativeMethodAccessorImpl.java:0) with 12 output partitions
[2024-09-24T02:00:10.359+0000] {ssh.py:524} INFO - 24/09/24 02:00:10 INFO DAGScheduler: Final stage: ResultStage 0 (save at NativeMethodAccessorImpl.java:0)
[2024-09-24T02:00:10.359+0000] {ssh.py:524} INFO - 24/09/24 02:00:10 INFO DAGScheduler: Parents of final stage: List()
[2024-09-24T02:00:10.361+0000] {ssh.py:524} INFO - 24/09/24 02:00:10 INFO DAGScheduler: Missing parents: List()
[2024-09-24T02:00:10.367+0000] {ssh.py:524} INFO - 24/09/24 02:00:10 INFO DAGScheduler: Submitting ResultStage 0 (MapPartitionsRDD[5] at save at NativeMethodAccessorImpl.java:0), which has no missing parents
[2024-09-24T02:00:10.524+0000] {ssh.py:524} INFO - 24/09/24 02:00:10 INFO MemoryStore: Block broadcast_0 stored as values in memory (estimated size 223.9 KiB, free 2.2 GiB)
[2024-09-24T02:00:10.577+0000] {ssh.py:524} INFO - 24/09/24 02:00:10 INFO MemoryStore: Block broadcast_0_piece0 stored as bytes in memory (estimated size 81.3 KiB, free 2.2 GiB)
[2024-09-24T02:00:10.587+0000] {ssh.py:524} INFO - 24/09/24 02:00:10 INFO BlockManagerInfo: Added broadcast_0_piece0 in memory on spark-master:37661 (size: 81.3 KiB, free: 2.2 GiB)
[2024-09-24T02:00:10.591+0000] {ssh.py:524} INFO - 24/09/24 02:00:10 INFO SparkContext: Created broadcast 0 from broadcast at DAGScheduler.scala:1513
[2024-09-24T02:00:10.615+0000] {ssh.py:524} INFO - 24/09/24 02:00:10 INFO DAGScheduler: Submitting 12 missing tasks from ResultStage 0 (MapPartitionsRDD[5] at save at NativeMethodAccessorImpl.java:0) (first 15 tasks are for partitions Vector(0, 1, 2, 3, 4, 5, 6, 7, 8, 9, 10, 11))
[2024-09-24T02:00:10.616+0000] {ssh.py:524} INFO - 24/09/24 02:00:10 INFO TaskSchedulerImpl: Adding task set 0.0 with 12 tasks resource profile 0
[2024-09-24T02:00:10.682+0000] {ssh.py:524} INFO - 24/09/24 02:00:10 INFO TaskSetManager: Starting task 0.0 in stage 0.0 (TID 0) (spark-master, executor driver, partition 0, PROCESS_LOCAL, 4433 bytes) taskResourceAssignments Map()
[2024-09-24T02:00:10.688+0000] {ssh.py:524} INFO - 24/09/24 02:00:10 INFO TaskSetManager: Starting task 1.0 in stage 0.0 (TID 1) (spark-master, executor driver, partition 1, PROCESS_LOCAL, 4433 bytes) taskResourceAssignments Map()
[2024-09-24T02:00:10.689+0000] {ssh.py:524} INFO - 24/09/24 02:00:10 INFO TaskSetManager: Starting task 2.0 in stage 0.0 (TID 2) (spark-master, executor driver, partition 2, PROCESS_LOCAL, 4433 bytes) taskResourceAssignments Map()
[2024-09-24T02:00:10.691+0000] {ssh.py:524} INFO - 24/09/24 02:00:10 INFO TaskSetManager: Starting task 3.0 in stage 0.0 (TID 3) (spark-master, executor driver, partition 3, PROCESS_LOCAL, 4433 bytes) taskResourceAssignments Map()
[2024-09-24T02:00:10.693+0000] {ssh.py:524} INFO - 24/09/24 02:00:10 INFO TaskSetManager: Starting task 4.0 in stage 0.0 (TID 4) (spark-master, executor driver, partition 4, PROCESS_LOCAL, 4433 bytes) taskResourceAssignments Map()
[2024-09-24T02:00:10.695+0000] {ssh.py:524} INFO - 24/09/24 02:00:10 INFO TaskSetManager: Starting task 5.0 in stage 0.0 (TID 5) (spark-master, executor driver, partition 5, PROCESS_LOCAL, 4433 bytes) taskResourceAssignments Map()
[2024-09-24T02:00:10.696+0000] {ssh.py:524} INFO - 24/09/24 02:00:10 INFO TaskSetManager: Starting task 6.0 in stage 0.0 (TID 6) (spark-master, executor driver, partition 6, PROCESS_LOCAL, 4433 bytes) taskResourceAssignments Map()
[2024-09-24T02:00:10.698+0000] {ssh.py:524} INFO - 24/09/24 02:00:10 INFO TaskSetManager: Starting task 7.0 in stage 0.0 (TID 7) (spark-master, executor driver, partition 7, PROCESS_LOCAL, 4433 bytes) taskResourceAssignments Map()
[2024-09-24T02:00:10.699+0000] {ssh.py:524} INFO - 24/09/24 02:00:10 INFO TaskSetManager: Starting task 8.0 in stage 0.0 (TID 8) (spark-master, executor driver, partition 8, PROCESS_LOCAL, 4433 bytes) taskResourceAssignments Map()
[2024-09-24T02:00:10.701+0000] {ssh.py:524} INFO - 24/09/24 02:00:10 INFO TaskSetManager: Starting task 9.0 in stage 0.0 (TID 9) (spark-master, executor driver, partition 9, PROCESS_LOCAL, 4433 bytes) taskResourceAssignments Map()
[2024-09-24T02:00:10.702+0000] {ssh.py:524} INFO - 24/09/24 02:00:10 INFO TaskSetManager: Starting task 10.0 in stage 0.0 (TID 10) (spark-master, executor driver, partition 10, PROCESS_LOCAL, 4433 bytes) taskResourceAssignments Map()
[2024-09-24T02:00:10.704+0000] {ssh.py:524} INFO - 24/09/24 02:00:10 INFO TaskSetManager: Starting task 11.0 in stage 0.0 (TID 11) (spark-master, executor driver, partition 11, PROCESS_LOCAL, 5155 bytes) taskResourceAssignments Map()
[2024-09-24T02:00:10.718+0000] {ssh.py:524} INFO - 24/09/24 02:00:10 INFO Executor: Running task 0.0 in stage 0.0 (TID 0)
[2024-09-24T02:00:10.719+0000] {ssh.py:524} INFO - 24/09/24 02:00:10 INFO Executor: Running task 3.0 in stage 0.0 (TID 3)
[2024-09-24T02:00:10.720+0000] {ssh.py:524} INFO - 24/09/24 02:00:10 INFO Executor: Running task 11.0 in stage 0.0 (TID 11)
[2024-09-24T02:00:10.720+0000] {ssh.py:524} INFO - 24/09/24 02:00:10 INFO Executor: Running task 9.0 in stage 0.0 (TID 9)
[2024-09-24T02:00:10.721+0000] {ssh.py:524} INFO - 24/09/24 02:00:10 INFO Executor: Running task 7.0 in stage 0.0 (TID 7)
[2024-09-24T02:00:10.721+0000] {ssh.py:524} INFO - 24/09/24 02:00:10 INFO Executor: Running task 4.0 in stage 0.0 (TID 4)
[2024-09-24T02:00:10.722+0000] {ssh.py:524} INFO - 24/09/24 02:00:10 INFO Executor: Running task 6.0 in stage 0.0 (TID 6)
[2024-09-24T02:00:10.722+0000] {ssh.py:524} INFO - 24/09/24 02:00:10 INFO Executor: Running task 1.0 in stage 0.0 (TID 1)
[2024-09-24T02:00:10.722+0000] {ssh.py:524} INFO - 24/09/24 02:00:10 INFO Executor: Running task 2.0 in stage 0.0 (TID 2)
[2024-09-24T02:00:10.723+0000] {ssh.py:524} INFO - 24/09/24 02:00:10 INFO Executor: Running task 10.0 in stage 0.0 (TID 10)
[2024-09-24T02:00:10.723+0000] {ssh.py:524} INFO - 24/09/24 02:00:10 INFO Executor: Running task 8.0 in stage 0.0 (TID 8)
[2024-09-24T02:00:10.724+0000] {ssh.py:524} INFO - 24/09/24 02:00:10 INFO Executor: Running task 5.0 in stage 0.0 (TID 5)
[2024-09-24T02:00:11.533+0000] {ssh.py:524} INFO - 24/09/24 02:00:11 WARN AbstractS3ACommitterFactory: Using standard FileOutputCommitter to commit work. This is slow and potentially unsafe.
[2024-09-24T02:00:11.534+0000] {ssh.py:524} INFO - 24/09/24 02:00:11 WARN AbstractS3ACommitterFactory: Using standard FileOutputCommitter to commit work. This is slow and potentially unsafe.
[2024-09-24T02:00:11.534+0000] {ssh.py:524} INFO - 24/09/24 02:00:11 INFO FileOutputCommitter: File Output Committer Algorithm version is 1
[2024-09-24T02:00:11.535+0000] {ssh.py:524} INFO - 24/09/24 02:00:11 INFO FileOutputCommitter: FileOutputCommitter skip cleanup _temporary folders under output directory:false, ignore cleanup failures: false
[2024-09-24T02:00:11.535+0000] {ssh.py:524} INFO - 24/09/24 02:00:11 INFO AbstractS3ACommitterFactory: Using Committer FileOutputCommitter{PathOutputCommitter{context=TaskAttemptContextImpl{JobContextImpl{jobId=job_202409240200102204957653479758099_0000}; taskId=attempt_202409240200102204957653479758099_0000_m_000003_3, status=''}; org.apache.hadoop.mapreduce.lib.output.FileOutputCommitter@7abb38b4}; outputPath=s3a://raw/olhovivo/empresa/dt=2024-09-24, workPath=s3a://raw/olhovivo/empresa/dt=2024-09-24/_temporary/0/_temporary/attempt_202409240200102204957653479758099_0000_m_000003_3, algorithmVersion=1, skipCleanup=false, ignoreCleanupFailures=false} for s3a://raw/olhovivo/empresa/dt=2024-09-24
[2024-09-24T02:00:11.535+0000] {ssh.py:524} INFO - 24/09/24 02:00:11 INFO SQLHadoopMapReduceCommitProtocol: Using output committer class org.apache.hadoop.mapreduce.lib.output.FileOutputCommitter
[2024-09-24T02:00:11.536+0000] {ssh.py:524} INFO - 24/09/24 02:00:11 INFO FileOutputCommitter: File Output Committer Algorithm version is 1
[2024-09-24T02:00:11.536+0000] {ssh.py:524} INFO - 24/09/24 02:00:11 INFO FileOutputCommitter: FileOutputCommitter skip cleanup _temporary folders under output directory:false, ignore cleanup failures: false
[2024-09-24T02:00:11.550+0000] {ssh.py:524} INFO - 24/09/24 02:00:11 INFO AbstractS3ACommitterFactory: Using Committer FileOutputCommitter{PathOutputCommitter{context=TaskAttemptContextImpl{JobContextImpl{jobId=job_202409240200107209235425715617498_0000}; taskId=attempt_202409240200107209235425715617498_0000_m_000006_6, status=''}; org.apache.hadoop.mapreduce.lib.output.FileOutputCommitter@3f25e342}; outputPath=s3a://raw/olhovivo/empresa/dt=2024-09-24, workPath=s3a://raw/olhovivo/empresa/dt=2024-09-24/_temporary/0/_temporary/attempt_202409240200107209235425715617498_0000_m_000006_6, algorithmVersion=1, skipCleanup=false, ignoreCleanupFailures=false} for s3a://raw/olhovivo/empresa/dt=2024-09-24
[2024-09-24T02:00:11.553+0000] {ssh.py:524} INFO - 24/09/24 02:00:11 INFO SQLHadoopMapReduceCommitProtocol: Using output committer class org.apache.hadoop.mapreduce.lib.output.FileOutputCommitter
[2024-09-24T02:00:11.560+0000] {ssh.py:524} INFO - 24/09/24 02:00:11 WARN AbstractS3ACommitterFactory: Using standard FileOutputCommitter to commit work. This is slow and potentially unsafe.
[2024-09-24T02:00:11.561+0000] {ssh.py:524} INFO - 24/09/24 02:00:11 INFO FileOutputCommitter: File Output Committer Algorithm version is 1
[2024-09-24T02:00:11.562+0000] {ssh.py:524} INFO - 24/09/24 02:00:11 INFO FileOutputCommitter: FileOutputCommitter skip cleanup _temporary folders under output directory:false, ignore cleanup failures: false
[2024-09-24T02:00:11.562+0000] {ssh.py:524} INFO - 24/09/24 02:00:11 INFO AbstractS3ACommitterFactory: Using Committer FileOutputCommitter{PathOutputCommitter{context=TaskAttemptContextImpl{JobContextImpl{jobId=job_202409240200104121392237676199778_0000}; taskId=attempt_202409240200104121392237676199778_0000_m_000009_9, status=''}; org.apache.hadoop.mapreduce.lib.output.FileOutputCommitter@66c0ff92}; outputPath=s3a://raw/olhovivo/empresa/dt=2024-09-24, workPath=s3a://raw/olhovivo/empresa/dt=2024-09-24/_temporary/0/_temporary/attempt_202409240200104121392237676199778_0000_m_000009_9, algorithmVersion=1, skipCleanup=false, ignoreCleanupFailures=false} for s3a://raw/olhovivo/empresa/dt=2024-09-24
[2024-09-24T02:00:11.563+0000] {ssh.py:524} INFO - 24/09/24 02:00:11 INFO SQLHadoopMapReduceCommitProtocol: Using output committer class org.apache.hadoop.mapreduce.lib.output.FileOutputCommitter
[2024-09-24T02:00:11.568+0000] {ssh.py:524} INFO - 24/09/24 02:00:11 WARN AbstractS3ACommitterFactory: Using standard FileOutputCommitter to commit work. This is slow and potentially unsafe.
[2024-09-24T02:00:11.569+0000] {ssh.py:524} INFO - 24/09/24 02:00:11 INFO FileOutputCommitter: File Output Committer Algorithm version is 1
[2024-09-24T02:00:11.569+0000] {ssh.py:524} INFO - 24/09/24 02:00:11 INFO FileOutputCommitter: FileOutputCommitter skip cleanup _temporary folders under output directory:false, ignore cleanup failures: false
[2024-09-24T02:00:11.570+0000] {ssh.py:524} INFO - 24/09/24 02:00:11 INFO AbstractS3ACommitterFactory: Using Committer FileOutputCommitter{PathOutputCommitter{context=TaskAttemptContextImpl{JobContextImpl{jobId=job_202409240200101321695070696413499_0000}; taskId=attempt_202409240200101321695070696413499_0000_m_000000_0, status=''}; org.apache.hadoop.mapreduce.lib.output.FileOutputCommitter@5ecab35b}; outputPath=s3a://raw/olhovivo/empresa/dt=2024-09-24, workPath=s3a://raw/olhovivo/empresa/dt=2024-09-24/_temporary/0/_temporary/attempt_202409240200101321695070696413499_0000_m_000000_0, algorithmVersion=1, skipCleanup=false, ignoreCleanupFailures=false} for s3a://raw/olhovivo/empresa/dt=2024-09-24
[2024-09-24T02:00:11.570+0000] {ssh.py:524} INFO - 24/09/24 02:00:11 INFO SQLHadoopMapReduceCommitProtocol: Using output committer class org.apache.hadoop.mapreduce.lib.output.FileOutputCommitter
[2024-09-24T02:00:11.597+0000] {ssh.py:524} INFO - 24/09/24 02:00:11 WARN AbstractS3ACommitterFactory: Using standard FileOutputCommitter to commit work. This is slow and potentially unsafe.
[2024-09-24T02:00:11.598+0000] {ssh.py:524} INFO - 24/09/24 02:00:11 INFO FileOutputCommitter: File Output Committer Algorithm version is 1
[2024-09-24T02:00:11.599+0000] {ssh.py:524} INFO - 24/09/24 02:00:11 INFO FileOutputCommitter: FileOutputCommitter skip cleanup _temporary folders under output directory:false, ignore cleanup failures: false
[2024-09-24T02:00:11.599+0000] {ssh.py:524} INFO - 24/09/24 02:00:11 INFO AbstractS3ACommitterFactory: Using Committer FileOutputCommitter{PathOutputCommitter{context=TaskAttemptContextImpl{JobContextImpl{jobId=job_202409240200105938407729924358732_0000}; taskId=attempt_202409240200105938407729924358732_0000_m_000001_1, status=''}; org.apache.hadoop.mapreduce.lib.output.FileOutputCommitter@614a6d9b}; outputPath=s3a://raw/olhovivo/empresa/dt=2024-09-24, workPath=s3a://raw/olhovivo/empresa/dt=2024-09-24/_temporary/0/_temporary/attempt_202409240200105938407729924358732_0000_m_000001_1, algorithmVersion=1, skipCleanup=false, ignoreCleanupFailures=false} for s3a://raw/olhovivo/empresa/dt=2024-09-24
[2024-09-24T02:00:11.600+0000] {ssh.py:524} INFO - 24/09/24 02:00:11 INFO SQLHadoopMapReduceCommitProtocol: Using output committer class org.apache.hadoop.mapreduce.lib.output.FileOutputCommitter
[2024-09-24T02:00:11.618+0000] {ssh.py:524} INFO - 24/09/24 02:00:11 INFO PythonRunner: Times: total = 616, boot = 516, init = 100, finish = 0
[2024-09-24T02:00:11.631+0000] {ssh.py:524} INFO - 24/09/24 02:00:11 WARN AbstractS3ACommitterFactory: Using standard FileOutputCommitter to commit work. This is slow and potentially unsafe.
[2024-09-24T02:00:11.633+0000] {ssh.py:524} INFO - 24/09/24 02:00:11 INFO FileOutputCommitter: File Output Committer Algorithm version is 1
[2024-09-24T02:00:11.633+0000] {ssh.py:524} INFO - 24/09/24 02:00:11 INFO FileOutputCommitter: FileOutputCommitter skip cleanup _temporary folders under output directory:false, ignore cleanup failures: false
[2024-09-24T02:00:11.633+0000] {ssh.py:524} INFO - 24/09/24 02:00:11 INFO AbstractS3ACommitterFactory: Using Committer FileOutputCommitter{PathOutputCommitter{context=TaskAttemptContextImpl{JobContextImpl{jobId=job_202409240200102144058017474695143_0000}; taskId=attempt_202409240200102144058017474695143_0000_m_000004_4, status=''}; org.apache.hadoop.mapreduce.lib.output.FileOutputCommitter@28e28b4e}; outputPath=s3a://raw/olhovivo/empresa/dt=2024-09-24, workPath=s3a://raw/olhovivo/empresa/dt=2024-09-24/_temporary/0/_temporary/attempt_202409240200102144058017474695143_0000_m_000004_4, algorithmVersion=1, skipCleanup=false, ignoreCleanupFailures=false} for s3a://raw/olhovivo/empresa/dt=2024-09-24
[2024-09-24T02:00:11.634+0000] {ssh.py:524} INFO - 24/09/24 02:00:11 INFO SQLHadoopMapReduceCommitProtocol: Using output committer class org.apache.hadoop.mapreduce.lib.output.FileOutputCommitter
[2024-09-24T02:00:11.634+0000] {ssh.py:524} INFO - 24/09/24 02:00:11 INFO PythonRunner: Times: total = 636, boot = 523, init = 113, finish = 0
[2024-09-24T02:00:11.637+0000] {ssh.py:524} INFO - 24/09/24 02:00:11 WARN AbstractS3ACommitterFactory: Using standard FileOutputCommitter to commit work. This is slow and potentially unsafe.
[2024-09-24T02:00:11.639+0000] {ssh.py:524} INFO - 24/09/24 02:00:11 INFO FileOutputCommitter: File Output Committer Algorithm version is 1
[2024-09-24T02:00:11.640+0000] {ssh.py:524} INFO - 24/09/24 02:00:11 INFO FileOutputCommitter: FileOutputCommitter skip cleanup _temporary folders under output directory:false, ignore cleanup failures: false
[2024-09-24T02:00:11.641+0000] {ssh.py:524} INFO - 24/09/24 02:00:11 INFO AbstractS3ACommitterFactory: Using Committer FileOutputCommitter{PathOutputCommitter{context=TaskAttemptContextImpl{JobContextImpl{jobId=job_202409240200102327874955795047508_0000}; taskId=attempt_202409240200102327874955795047508_0000_m_000005_5, status=''}; org.apache.hadoop.mapreduce.lib.output.FileOutputCommitter@4a526c99}; outputPath=s3a://raw/olhovivo/empresa/dt=2024-09-24, workPath=s3a://raw/olhovivo/empresa/dt=2024-09-24/_temporary/0/_temporary/attempt_202409240200102327874955795047508_0000_m_000005_5, algorithmVersion=1, skipCleanup=false, ignoreCleanupFailures=false} for s3a://raw/olhovivo/empresa/dt=2024-09-24
[2024-09-24T02:00:11.641+0000] {ssh.py:524} INFO - 24/09/24 02:00:11 INFO SQLHadoopMapReduceCommitProtocol: Using output committer class org.apache.hadoop.mapreduce.lib.output.FileOutputCommitter
[2024-09-24T02:00:11.661+0000] {ssh.py:524} INFO - 24/09/24 02:00:11 INFO SparkHadoopMapRedUtil: No need to commit output of task because needsTaskCommit=false: attempt_202409240200107209235425715617498_0000_m_000006_6
[2024-09-24T02:00:11.662+0000] {ssh.py:524} INFO - 24/09/24 02:00:11 WARN AbstractS3ACommitterFactory: Using standard FileOutputCommitter to commit work. This is slow and potentially unsafe.
[2024-09-24T02:00:11.663+0000] {ssh.py:524} INFO - 24/09/24 02:00:11 INFO FileOutputCommitter: File Output Committer Algorithm version is 1
[2024-09-24T02:00:11.664+0000] {ssh.py:524} INFO - 24/09/24 02:00:11 INFO FileOutputCommitter: FileOutputCommitter skip cleanup _temporary folders under output directory:false, ignore cleanup failures: false
[2024-09-24T02:00:11.665+0000] {ssh.py:524} INFO - 24/09/24 02:00:11 INFO AbstractS3ACommitterFactory: Using Committer FileOutputCommitter{PathOutputCommitter{context=TaskAttemptContextImpl{JobContextImpl{jobId=job_202409240200106690706871654150224_0000}; taskId=attempt_202409240200106690706871654150224_0000_m_000008_8, status=''}; org.apache.hadoop.mapreduce.lib.output.FileOutputCommitter@7764dd1}; outputPath=s3a://raw/olhovivo/empresa/dt=2024-09-24, workPath=s3a://raw/olhovivo/empresa/dt=2024-09-24/_temporary/0/_temporary/attempt_202409240200106690706871654150224_0000_m_000008_8, algorithmVersion=1, skipCleanup=false, ignoreCleanupFailures=false} for s3a://raw/olhovivo/empresa/dt=2024-09-24
[2024-09-24T02:00:11.681+0000] {ssh.py:524} INFO - 24/09/24 02:00:11 INFO SQLHadoopMapReduceCommitProtocol: Using output committer class org.apache.hadoop.mapreduce.lib.output.FileOutputCommitter
[2024-09-24T02:00:11.682+0000] {ssh.py:524} INFO - 24/09/24 02:00:11 INFO PythonRunner: Times: total = 668, boot = 556, init = 112, finish = 0
[2024-09-24T02:00:11.685+0000] {ssh.py:524} INFO - 24/09/24 02:00:11 WARN AbstractS3ACommitterFactory: Using standard FileOutputCommitter to commit work. This is slow and potentially unsafe.
[2024-09-24T02:00:11.687+0000] {ssh.py:524} INFO - 24/09/24 02:00:11 INFO FileOutputCommitter: File Output Committer Algorithm version is 1
[2024-09-24T02:00:11.688+0000] {ssh.py:524} INFO - 24/09/24 02:00:11 INFO FileOutputCommitter: FileOutputCommitter skip cleanup _temporary folders under output directory:false, ignore cleanup failures: false
[2024-09-24T02:00:11.689+0000] {ssh.py:524} INFO - 24/09/24 02:00:11 INFO AbstractS3ACommitterFactory: Using Committer FileOutputCommitter{PathOutputCommitter{context=TaskAttemptContextImpl{JobContextImpl{jobId=job_202409240200105447385746097627641_0000}; taskId=attempt_202409240200105447385746097627641_0000_m_000002_2, status=''}; org.apache.hadoop.mapreduce.lib.output.FileOutputCommitter@2b81a599}; outputPath=s3a://raw/olhovivo/empresa/dt=2024-09-24, workPath=s3a://raw/olhovivo/empresa/dt=2024-09-24/_temporary/0/_temporary/attempt_202409240200105447385746097627641_0000_m_000002_2, algorithmVersion=1, skipCleanup=false, ignoreCleanupFailures=false} for s3a://raw/olhovivo/empresa/dt=2024-09-24
[2024-09-24T02:00:11.689+0000] {ssh.py:524} INFO - 24/09/24 02:00:11 INFO SQLHadoopMapReduceCommitProtocol: Using output committer class org.apache.hadoop.mapreduce.lib.output.FileOutputCommitter
[2024-09-24T02:00:11.690+0000] {ssh.py:524} INFO - 24/09/24 02:00:11 WARN AbstractS3ACommitterFactory: Using standard FileOutputCommitter to commit work. This is slow and potentially unsafe.
[2024-09-24T02:00:11.690+0000] {ssh.py:524} INFO - 24/09/24 02:00:11 INFO FileOutputCommitter: File Output Committer Algorithm version is 1
[2024-09-24T02:00:11.690+0000] {ssh.py:524} INFO - 24/09/24 02:00:11 INFO PythonRunner: Times: total = 674, boot = 553, init = 121, finish = 0
[2024-09-24T02:00:11.691+0000] {ssh.py:524} INFO - 24/09/24 02:00:11 INFO FileOutputCommitter: FileOutputCommitter skip cleanup _temporary folders under output directory:false, ignore cleanup failures: false
[2024-09-24T02:00:11.693+0000] {ssh.py:524} INFO - 24/09/24 02:00:11 INFO SparkHadoopMapRedUtil: No need to commit output of task because needsTaskCommit=false: attempt_202409240200102204957653479758099_0000_m_000003_3
[2024-09-24T02:00:11.694+0000] {ssh.py:524} INFO - 24/09/24 02:00:11 INFO AbstractS3ACommitterFactory: Using Committer FileOutputCommitter{PathOutputCommitter{context=TaskAttemptContextImpl{JobContextImpl{jobId=job_202409240200107290777992816940444_0000}; taskId=attempt_202409240200107290777992816940444_0000_m_000010_10, status=''}; org.apache.hadoop.mapreduce.lib.output.FileOutputCommitter@19520061}; outputPath=s3a://raw/olhovivo/empresa/dt=2024-09-24, workPath=s3a://raw/olhovivo/empresa/dt=2024-09-24/_temporary/0/_temporary/attempt_202409240200107290777992816940444_0000_m_000010_10, algorithmVersion=1, skipCleanup=false, ignoreCleanupFailures=false} for s3a://raw/olhovivo/empresa/dt=2024-09-24
[2024-09-24T02:00:11.694+0000] {ssh.py:524} INFO - 24/09/24 02:00:11 INFO SQLHadoopMapReduceCommitProtocol: Using output committer class org.apache.hadoop.mapreduce.lib.output.FileOutputCommitter
[2024-09-24T02:00:11.702+0000] {ssh.py:524} INFO - 24/09/24 02:00:11 INFO SparkHadoopMapRedUtil: No need to commit output of task because needsTaskCommit=false: attempt_202409240200106690706871654150224_0000_m_000008_8
[2024-09-24T02:00:11.703+0000] {ssh.py:524} INFO - 24/09/24 02:00:11 INFO Executor: Finished task 3.0 in stage 0.0 (TID 3). 2828 bytes result sent to driver
[2024-09-24T02:00:11.705+0000] {ssh.py:524} INFO - 24/09/24 02:00:11 INFO Executor: Finished task 6.0 in stage 0.0 (TID 6). 2871 bytes result sent to driver
[2024-09-24T02:00:11.709+0000] {ssh.py:524} INFO - 24/09/24 02:00:11 INFO Executor: Finished task 8.0 in stage 0.0 (TID 8). 2828 bytes result sent to driver
[2024-09-24T02:00:11.718+0000] {ssh.py:524} INFO - 24/09/24 02:00:11 INFO PythonRunner: Times: total = 722, boot = 566, init = 155, finish = 1
[2024-09-24T02:00:11.725+0000] {ssh.py:524} INFO - 24/09/24 02:00:11 INFO SparkHadoopMapRedUtil: No need to commit output of task because needsTaskCommit=false: attempt_202409240200104121392237676199778_0000_m_000009_9
[2024-09-24T02:00:11.731+0000] {ssh.py:524} INFO - 24/09/24 02:00:11 INFO PythonRunner: Times: total = 735, boot = 575, init = 160, finish = 0
[2024-09-24T02:00:11.733+0000] {ssh.py:524} INFO - 24/09/24 02:00:11 WARN AbstractS3ACommitterFactory: Using standard FileOutputCommitter to commit work. This is slow and potentially unsafe.
[2024-09-24T02:00:11.734+0000] {ssh.py:524} INFO - 24/09/24 02:00:11 INFO FileOutputCommitter: File Output Committer Algorithm version is 1
[2024-09-24T02:00:11.735+0000] {ssh.py:524} INFO - 24/09/24 02:00:11 INFO FileOutputCommitter: FileOutputCommitter skip cleanup _temporary folders under output directory:false, ignore cleanup failures: false
[2024-09-24T02:00:11.736+0000] {ssh.py:524} INFO - 24/09/24 02:00:11 INFO AbstractS3ACommitterFactory: Using Committer FileOutputCommitter{PathOutputCommitter{context=TaskAttemptContextImpl{JobContextImpl{jobId=job_202409240200104250662575460431188_0000}; taskId=attempt_202409240200104250662575460431188_0000_m_000007_7, status=''}; org.apache.hadoop.mapreduce.lib.output.FileOutputCommitter@17772293}; outputPath=s3a://raw/olhovivo/empresa/dt=2024-09-24, workPath=s3a://raw/olhovivo/empresa/dt=2024-09-24/_temporary/0/_temporary/attempt_202409240200104250662575460431188_0000_m_000007_7, algorithmVersion=1, skipCleanup=false, ignoreCleanupFailures=false} for s3a://raw/olhovivo/empresa/dt=2024-09-24
[2024-09-24T02:00:11.737+0000] {ssh.py:524} INFO - 24/09/24 02:00:11 INFO SQLHadoopMapReduceCommitProtocol: Using output committer class org.apache.hadoop.mapreduce.lib.output.FileOutputCommitter
[2024-09-24T02:00:11.740+0000] {ssh.py:524} INFO - 24/09/24 02:00:11 WARN AbstractS3ACommitterFactory: Using standard FileOutputCommitter to commit work. This is slow and potentially unsafe.
[2024-09-24T02:00:11.740+0000] {ssh.py:524} INFO - 24/09/24 02:00:11 INFO FileOutputCommitter: File Output Committer Algorithm version is 1
[2024-09-24T02:00:11.741+0000] {ssh.py:524} INFO - 24/09/24 02:00:11 INFO FileOutputCommitter: FileOutputCommitter skip cleanup _temporary folders under output directory:false, ignore cleanup failures: false
[2024-09-24T02:00:11.741+0000] {ssh.py:524} INFO - 24/09/24 02:00:11 INFO AbstractS3ACommitterFactory: Using Committer FileOutputCommitter{PathOutputCommitter{context=TaskAttemptContextImpl{JobContextImpl{jobId=job_202409240200107151836584684261204_0000}; taskId=attempt_202409240200107151836584684261204_0000_m_000011_11, status=''}; org.apache.hadoop.mapreduce.lib.output.FileOutputCommitter@38ac39dd}; outputPath=s3a://raw/olhovivo/empresa/dt=2024-09-24, workPath=s3a://raw/olhovivo/empresa/dt=2024-09-24/_temporary/0/_temporary/attempt_202409240200107151836584684261204_0000_m_000011_11, algorithmVersion=1, skipCleanup=false, ignoreCleanupFailures=false} for s3a://raw/olhovivo/empresa/dt=2024-09-24
[2024-09-24T02:00:11.742+0000] {ssh.py:524} INFO - 24/09/24 02:00:11 INFO SQLHadoopMapReduceCommitProtocol: Using output committer class org.apache.hadoop.mapreduce.lib.output.FileOutputCommitter
[2024-09-24T02:00:11.742+0000] {ssh.py:524} INFO - 24/09/24 02:00:11 INFO SparkHadoopMapRedUtil: No need to commit output of task because needsTaskCommit=false: attempt_202409240200105938407729924358732_0000_m_000001_1
[2024-09-24T02:00:11.742+0000] {ssh.py:524} INFO - 24/09/24 02:00:11 INFO Executor: Finished task 9.0 in stage 0.0 (TID 9). 2871 bytes result sent to driver
[2024-09-24T02:00:11.747+0000] {ssh.py:524} INFO - 24/09/24 02:00:11 INFO Executor: Finished task 1.0 in stage 0.0 (TID 1). 2871 bytes result sent to driver
[2024-09-24T02:00:11.750+0000] {ssh.py:524} INFO - 24/09/24 02:00:11 INFO SparkHadoopMapRedUtil: No need to commit output of task because needsTaskCommit=false: attempt_202409240200102144058017474695143_0000_m_000004_4
[2024-09-24T02:00:11.754+0000] {ssh.py:524} INFO - 24/09/24 02:00:11 INFO Executor: Finished task 4.0 in stage 0.0 (TID 4). 2828 bytes result sent to driver
[2024-09-24T02:00:11.767+0000] {ssh.py:524} INFO - 24/09/24 02:00:11 INFO PythonRunner: Times: total = 645, boot = 543, init = 102, finish = 0
[2024-09-24T02:00:11.774+0000] {ssh.py:524} INFO - 24/09/24 02:00:11 INFO PythonRunner: Times: total = 778, boot = 584, init = 194, finish = 0
[2024-09-24T02:00:11.789+0000] {ssh.py:524} INFO - 24/09/24 02:00:11 INFO TaskSetManager: Finished task 3.0 in stage 0.0 (TID 3) in 1097 ms on spark-master (executor driver) (1/12)
[2024-09-24T02:00:11.795+0000] {ssh.py:524} INFO - 24/09/24 02:00:11 INFO TaskSetManager: Finished task 1.0 in stage 0.0 (TID 1) in 1106 ms on spark-master (executor driver) (2/12)
[2024-09-24T02:00:11.798+0000] {ssh.py:524} INFO - 24/09/24 02:00:11 INFO TaskSetManager: Finished task 4.0 in stage 0.0 (TID 4) in 1104 ms on spark-master (executor driver) (3/12)
[2024-09-24T02:00:11.807+0000] {ssh.py:524} INFO - 24/09/24 02:00:11 INFO PythonAccumulatorV2: Connected to AccumulatorServer at host: 127.0.0.1 port: 41221
[2024-09-24T02:00:11.808+0000] {ssh.py:524} INFO - 24/09/24 02:00:11 INFO SparkHadoopMapRedUtil: No need to commit output of task because needsTaskCommit=false: attempt_202409240200105447385746097627641_0000_m_000002_2
[2024-09-24T02:00:11.816+0000] {ssh.py:524} INFO - 24/09/24 02:00:11 INFO Executor: Finished task 2.0 in stage 0.0 (TID 2). 2828 bytes result sent to driver
[2024-09-24T02:00:11.816+0000] {ssh.py:524} INFO - 24/09/24 02:00:11 INFO PythonRunner: Times: total = 819, boot = 578, init = 241, finish = 0
[2024-09-24T02:00:11.842+0000] {ssh.py:524} INFO - 24/09/24 02:00:11 INFO SparkHadoopMapRedUtil: No need to commit output of task because needsTaskCommit=false: attempt_202409240200102327874955795047508_0000_m_000005_5
[2024-09-24T02:00:11.846+0000] {ssh.py:524} INFO - 24/09/24 02:00:11 INFO TaskSetManager: Finished task 8.0 in stage 0.0 (TID 8) in 1146 ms on spark-master (executor driver) (4/12)
[2024-09-24T02:00:11.847+0000] {ssh.py:524} INFO - 24/09/24 02:00:11 INFO TaskSetManager: Finished task 6.0 in stage 0.0 (TID 6) in 1149 ms on spark-master (executor driver) (5/12)
[2024-09-24T02:00:11.848+0000] {ssh.py:524} INFO - 24/09/24 02:00:11 INFO TaskSetManager: Finished task 2.0 in stage 0.0 (TID 2) in 1159 ms on spark-master (executor driver) (6/12)
[2024-09-24T02:00:11.851+0000] {ssh.py:524} INFO - 24/09/24 02:00:11 INFO TaskSetManager: Finished task 9.0 in stage 0.0 (TID 9) in 1148 ms on spark-master (executor driver) (7/12)
[2024-09-24T02:00:11.852+0000] {ssh.py:524} INFO - 24/09/24 02:00:11 INFO PythonRunner: Times: total = 855, boot = 582, init = 273, finish = 0
[2024-09-24T02:00:11.853+0000] {ssh.py:524} INFO - 24/09/24 02:00:11 INFO Executor: Finished task 5.0 in stage 0.0 (TID 5). 2828 bytes result sent to driver
[2024-09-24T02:00:11.853+0000] {ssh.py:524} INFO - 24/09/24 02:00:11 INFO TaskSetManager: Finished task 5.0 in stage 0.0 (TID 5) in 1158 ms on spark-master (executor driver) (8/12)
[2024-09-24T02:00:11.861+0000] {ssh.py:524} INFO - 24/09/24 02:00:11 INFO SparkHadoopMapRedUtil: No need to commit output of task because needsTaskCommit=false: attempt_202409240200104250662575460431188_0000_m_000007_7
[2024-09-24T02:00:11.863+0000] {ssh.py:524} INFO - 24/09/24 02:00:11 INFO Executor: Finished task 7.0 in stage 0.0 (TID 7). 2828 bytes result sent to driver
[2024-09-24T02:00:11.865+0000] {ssh.py:524} INFO - 24/09/24 02:00:11 INFO PythonRunner: Times: total = 725, boot = 562, init = 163, finish = 0
[2024-09-24T02:00:11.866+0000] {ssh.py:524} INFO - 24/09/24 02:00:11 INFO TaskSetManager: Finished task 7.0 in stage 0.0 (TID 7) in 1167 ms on spark-master (executor driver) (9/12)
[2024-09-24T02:00:11.892+0000] {ssh.py:524} INFO - 24/09/24 02:00:11 INFO PythonRunner: Times: total = 894, boot = 569, init = 325, finish = 0
[2024-09-24T02:00:11.902+0000] {ssh.py:524} INFO - 24/09/24 02:00:11 INFO SparkHadoopMapRedUtil: No need to commit output of task because needsTaskCommit=false: attempt_202409240200107290777992816940444_0000_m_000010_10
[2024-09-24T02:00:11.909+0000] {ssh.py:524} INFO - 24/09/24 02:00:11 INFO Executor: Finished task 10.0 in stage 0.0 (TID 10). 2828 bytes result sent to driver
[2024-09-24T02:00:11.912+0000] {ssh.py:524} INFO - 24/09/24 02:00:11 INFO TaskSetManager: Finished task 10.0 in stage 0.0 (TID 10) in 1210 ms on spark-master (executor driver) (10/12)
[2024-09-24T02:00:12.060+0000] {ssh.py:524} INFO - 24/09/24 02:00:12 INFO FileOutputCommitter: Saved output of task 'attempt_202409240200107151836584684261204_0000_m_000011_11' to s3a://raw/olhovivo/empresa/dt=2024-09-24/_temporary/0/task_202409240200107151836584684261204_0000_m_000011
[2024-09-24T02:00:12.061+0000] {ssh.py:524} INFO - 24/09/24 02:00:12 INFO SparkHadoopMapRedUtil: attempt_202409240200107151836584684261204_0000_m_000011_11: Committed. Elapsed time: 134 ms.
[2024-09-24T02:00:12.064+0000] {ssh.py:524} INFO - 24/09/24 02:00:12 INFO Executor: Finished task 11.0 in stage 0.0 (TID 11). 2914 bytes result sent to driver
[2024-09-24T02:00:12.069+0000] {ssh.py:524} INFO - 24/09/24 02:00:12 INFO TaskSetManager: Finished task 11.0 in stage 0.0 (TID 11) in 1364 ms on spark-master (executor driver) (11/12)
[2024-09-24T02:00:12.082+0000] {ssh.py:524} INFO - 24/09/24 02:00:12 INFO FileOutputCommitter: Saved output of task 'attempt_202409240200101321695070696413499_0000_m_000000_0' to s3a://raw/olhovivo/empresa/dt=2024-09-24/_temporary/0/task_202409240200101321695070696413499_0000_m_000000
[2024-09-24T02:00:12.083+0000] {ssh.py:524} INFO - 24/09/24 02:00:12 INFO SparkHadoopMapRedUtil: attempt_202409240200101321695070696413499_0000_m_000000_0: Committed. Elapsed time: 162 ms.
[2024-09-24T02:00:12.085+0000] {ssh.py:524} INFO - 24/09/24 02:00:12 INFO Executor: Finished task 0.0 in stage 0.0 (TID 0). 2828 bytes result sent to driver
[2024-09-24T02:00:12.086+0000] {ssh.py:524} INFO - 24/09/24 02:00:12 INFO TaskSetManager: Finished task 0.0 in stage 0.0 (TID 0) in 1422 ms on spark-master (executor driver) (12/12)
[2024-09-24T02:00:12.087+0000] {ssh.py:524} INFO - 24/09/24 02:00:12 INFO TaskSchedulerImpl: Removed TaskSet 0.0, whose tasks have all completed, from pool 
[2024-09-24T02:00:12.090+0000] {ssh.py:524} INFO - 24/09/24 02:00:12 INFO DAGScheduler: ResultStage 0 (save at NativeMethodAccessorImpl.java:0) finished in 1.706 s
[2024-09-24T02:00:12.093+0000] {ssh.py:524} INFO - 24/09/24 02:00:12 INFO DAGScheduler: Job 0 is finished. Cancelling potential speculative or zombie tasks for this job
[2024-09-24T02:00:12.094+0000] {ssh.py:524} INFO - 24/09/24 02:00:12 INFO TaskSchedulerImpl: Killing all running tasks in stage 0: Stage finished
[2024-09-24T02:00:12.095+0000] {ssh.py:524} INFO - 24/09/24 02:00:12 INFO DAGScheduler: Job 0 finished: save at NativeMethodAccessorImpl.java:0, took 1.755509 s
[2024-09-24T02:00:12.100+0000] {ssh.py:524} INFO - 24/09/24 02:00:12 INFO FileFormatWriter: Start to commit write Job f9ec3a37-bed9-4302-8323-6252858ccc66.
[2024-09-24T02:00:12.404+0000] {ssh.py:524} INFO - 24/09/24 02:00:12 INFO FileFormatWriter: Write Job f9ec3a37-bed9-4302-8323-6252858ccc66 committed. Elapsed time: 303 ms.
[2024-09-24T02:00:12.409+0000] {ssh.py:524} INFO - 24/09/24 02:00:12 INFO FileFormatWriter: Finished processing stats for write job f9ec3a37-bed9-4302-8323-6252858ccc66.
[2024-09-24T02:00:12.414+0000] {ssh.py:524} INFO - [DEBUG] Done.
[2024-09-24T02:00:12.472+0000] {ssh.py:524} INFO - 24/09/24 02:00:12 INFO SparkContext: Invoking stop() from shutdown hook
[2024-09-24T02:00:12.486+0000] {ssh.py:524} INFO - 24/09/24 02:00:12 INFO SparkUI: Stopped Spark web UI at http://spark-master:4044
[2024-09-24T02:00:12.509+0000] {ssh.py:524} INFO - 24/09/24 02:00:12 INFO MapOutputTrackerMasterEndpoint: MapOutputTrackerMasterEndpoint stopped!
[2024-09-24T02:00:12.523+0000] {ssh.py:524} INFO - 24/09/24 02:00:12 INFO MemoryStore: MemoryStore cleared
[2024-09-24T02:00:12.524+0000] {ssh.py:524} INFO - 24/09/24 02:00:12 INFO BlockManager: BlockManager stopped
[2024-09-24T02:00:12.532+0000] {ssh.py:524} INFO - 24/09/24 02:00:12 INFO BlockManagerMaster: BlockManagerMaster stopped
[2024-09-24T02:00:12.534+0000] {ssh.py:524} INFO - 24/09/24 02:00:12 INFO OutputCommitCoordinator$OutputCommitCoordinatorEndpoint: OutputCommitCoordinator stopped!
[2024-09-24T02:00:12.555+0000] {ssh.py:524} INFO - 24/09/24 02:00:12 INFO SparkContext: Successfully stopped SparkContext
[2024-09-24T02:00:12.555+0000] {ssh.py:524} INFO - 24/09/24 02:00:12 INFO ShutdownHookManager: Shutdown hook called
[2024-09-24T02:00:12.558+0000] {ssh.py:524} INFO - 24/09/24 02:00:12 INFO ShutdownHookManager: Deleting directory /tmp/spark-4c2a25ac-04a8-4bcd-9041-afde2f3ad05a/pyspark-69fb7f5c-891e-4655-a59d-4326d0001de9
[2024-09-24T02:00:12.561+0000] {ssh.py:524} INFO - 24/09/24 02:00:12 INFO ShutdownHookManager: Deleting directory /tmp/spark-4c2a25ac-04a8-4bcd-9041-afde2f3ad05a
[2024-09-24T02:00:12.565+0000] {ssh.py:524} INFO - 24/09/24 02:00:12 INFO ShutdownHookManager: Deleting directory /tmp/spark-50b5733b-ef69-4cee-9f52-cccebcaf0cb7
[2024-09-24T02:00:12.590+0000] {ssh.py:524} INFO - 24/09/24 02:00:12 INFO MetricsSystemImpl: Stopping s3a-file-system metrics system...
[2024-09-24T02:00:12.591+0000] {ssh.py:524} INFO - 24/09/24 02:00:12 INFO MetricsSystemImpl: s3a-file-system metrics system stopped.
[2024-09-24T02:00:12.592+0000] {ssh.py:524} INFO - 24/09/24 02:00:12 INFO MetricsSystemImpl: s3a-file-system metrics system shutdown complete.
[2024-09-24T02:00:12.872+0000] {taskinstance.py:1400} INFO - Marking task as SUCCESS. dag_id=raw_ingestion_15min, task_id=spark_raw_ingestion_empresa, execution_date=20240924T014500, start_date=20240924T020000, end_date=20240924T020012
[2024-09-24T02:00:12.932+0000] {local_task_job_runner.py:228} INFO - Task exited with return code 0
[2024-09-24T02:00:12.985+0000] {taskinstance.py:2778} INFO - 0 downstream tasks scheduled from follow-on schedule check
