[2024-09-23T22:15:00.883+0000] {taskinstance.py:1159} INFO - Dependencies all met for dep_context=non-requeueable deps ti=<TaskInstance: raw_ingestion_15min.spark_raw_ingestion_empresa scheduled__2024-09-23T22:00:00+00:00 [queued]>
[2024-09-23T22:15:00.892+0000] {taskinstance.py:1159} INFO - Dependencies all met for dep_context=requeueable deps ti=<TaskInstance: raw_ingestion_15min.spark_raw_ingestion_empresa scheduled__2024-09-23T22:00:00+00:00 [queued]>
[2024-09-23T22:15:00.893+0000] {taskinstance.py:1361} INFO - Starting attempt 1 of 1
[2024-09-23T22:15:00.911+0000] {taskinstance.py:1382} INFO - Executing <Task(SSHOperator): spark_raw_ingestion_empresa> on 2024-09-23 22:00:00+00:00
[2024-09-23T22:15:00.915+0000] {standard_task_runner.py:57} INFO - Started process 197 to run task
[2024-09-23T22:15:00.918+0000] {standard_task_runner.py:84} INFO - Running: ['airflow', 'tasks', 'run', 'raw_ingestion_15min', 'spark_raw_ingestion_empresa', 'scheduled__2024-09-23T22:00:00+00:00', '--job-id', '504', '--raw', '--subdir', 'DAGS_FOLDER/raw_ingestion_15min.py', '--cfg-path', '/tmp/tmp4o6hexyf']
[2024-09-23T22:15:00.919+0000] {standard_task_runner.py:85} INFO - Job 504: Subtask spark_raw_ingestion_empresa
[2024-09-23T22:15:01.054+0000] {task_command.py:416} INFO - Running <TaskInstance: raw_ingestion_15min.spark_raw_ingestion_empresa scheduled__2024-09-23T22:00:00+00:00 [running]> on host airflow-worker
[2024-09-23T22:15:01.288+0000] {taskinstance.py:1662} INFO - Exporting env vars: AIRFLOW_CTX_DAG_OWNER='***' AIRFLOW_CTX_DAG_ID='raw_ingestion_15min' AIRFLOW_CTX_TASK_ID='spark_raw_ingestion_empresa' AIRFLOW_CTX_EXECUTION_DATE='2024-09-23T22:00:00+00:00' AIRFLOW_CTX_TRY_NUMBER='1' AIRFLOW_CTX_DAG_RUN_ID='scheduled__2024-09-23T22:00:00+00:00'
[2024-09-23T22:15:01.288+0000] {ssh.py:141} INFO - Creating ssh_client
[2024-09-23T22:15:01.289+0000] {ssh.py:114} INFO - ssh_hook is not provided or invalid. Trying ssh_conn_id to create SSHHook.
[2024-09-23T22:15:01.326+0000] {base.py:73} INFO - Using connection ID 'spark_ssh_default' for task execution.
[2024-09-23T22:15:01.327+0000] {ssh.py:300} WARNING - No Host Key Verification. This won't protect against Man-In-The-Middle attacks
[2024-09-23T22:15:01.335+0000] {transport.py:1893} INFO - Connected (version 2.0, client OpenSSH_8.9p1)
[2024-09-23T22:15:01.466+0000] {transport.py:1893} INFO - Authentication (password) successful!
[2024-09-23T22:15:01.467+0000] {ssh.py:478} INFO - Running command: export SPARK_HOME=/usr/local/spark; /opt/conda/bin/spark-submit --master local[*] --driver-cores 2 --executor-cores 2 --driver-memory 4G --executor-memory 4G /opt/shared/scripts/raw_ingestion.py 2024-09-23 empresa
[2024-09-23T22:15:04.362+0000] {ssh.py:524} INFO - [DEBUG] dt_now: 2024-09-23
[2024-09-23T22:15:04.363+0000] {ssh.py:524} INFO - [DEBUG] endpoint: empresa
[2024-09-23T22:15:04.440+0000] {ssh.py:524} INFO - 24/09/23 22:15:04 INFO SparkContext: Running Spark version 3.3.1
[2024-09-23T22:15:04.470+0000] {ssh.py:524} INFO - 24/09/23 22:15:04 WARN NativeCodeLoader: Unable to load native-hadoop library for your platform... using builtin-java classes where applicable
[2024-09-23T22:15:04.598+0000] {ssh.py:524} INFO - 24/09/23 22:15:04 INFO ResourceUtils: ==============================================================
[2024-09-23T22:15:04.599+0000] {ssh.py:524} INFO - 24/09/23 22:15:04 INFO ResourceUtils: No custom resources configured for spark.driver.
[2024-09-23T22:15:04.599+0000] {ssh.py:524} INFO - 24/09/23 22:15:04 INFO ResourceUtils: ==============================================================
[2024-09-23T22:15:04.600+0000] {ssh.py:524} INFO - 24/09/23 22:15:04 INFO SparkContext: Submitted application: raw_ingestion_empresa
[2024-09-23T22:15:04.626+0000] {ssh.py:524} INFO - 24/09/23 22:15:04 INFO ResourceProfile: Default ResourceProfile created, executor resources: Map(cores -> name: cores, amount: 1, script: , vendor: , memory -> name: memory, amount: 1024, script: , vendor: , offHeap -> name: offHeap, amount: 0, script: , vendor: ), task resources: Map(cpus -> name: cpus, amount: 1.0)
[2024-09-23T22:15:04.638+0000] {ssh.py:524} INFO - 24/09/23 22:15:04 INFO ResourceProfile: Limiting resource is cpu
[2024-09-23T22:15:04.639+0000] {ssh.py:524} INFO - 24/09/23 22:15:04 INFO ResourceProfileManager: Added ResourceProfile id: 0
[2024-09-23T22:15:04.711+0000] {ssh.py:524} INFO - 24/09/23 22:15:04 INFO SecurityManager: Changing view acls to: root
[2024-09-23T22:15:04.712+0000] {ssh.py:524} INFO - 24/09/23 22:15:04 INFO SecurityManager: Changing modify acls to: root
[2024-09-23T22:15:04.714+0000] {ssh.py:524} INFO - 24/09/23 22:15:04 INFO SecurityManager: Changing view acls groups to: 
[2024-09-23T22:15:04.714+0000] {ssh.py:524} INFO - 24/09/23 22:15:04 INFO SecurityManager: Changing modify acls groups to: 
[2024-09-23T22:15:04.715+0000] {ssh.py:524} INFO - 24/09/23 22:15:04 INFO SecurityManager: SecurityManager: authentication disabled; ui acls disabled; users  with view permissions: Set(root); groups with view permissions: Set(); users  with modify permissions: Set(root); groups with modify permissions: Set()
[2024-09-23T22:15:05.070+0000] {ssh.py:524} INFO - 24/09/23 22:15:05 INFO Utils: Successfully started service 'sparkDriver' on port 44445.
[2024-09-23T22:15:05.115+0000] {ssh.py:524} INFO - 24/09/23 22:15:05 INFO SparkEnv: Registering MapOutputTracker
[2024-09-23T22:15:05.158+0000] {ssh.py:524} INFO - 24/09/23 22:15:05 INFO SparkEnv: Registering BlockManagerMaster
[2024-09-23T22:15:05.181+0000] {ssh.py:524} INFO - 24/09/23 22:15:05 INFO BlockManagerMasterEndpoint: Using org.apache.spark.storage.DefaultTopologyMapper for getting topology information
[2024-09-23T22:15:05.182+0000] {ssh.py:524} INFO - 24/09/23 22:15:05 INFO BlockManagerMasterEndpoint: BlockManagerMasterEndpoint up
[2024-09-23T22:15:05.186+0000] {ssh.py:524} INFO - 24/09/23 22:15:05 INFO SparkEnv: Registering BlockManagerMasterHeartbeat
[2024-09-23T22:15:05.207+0000] {ssh.py:524} INFO - 24/09/23 22:15:05 INFO DiskBlockManager: Created local directory at /tmp/blockmgr-82f01649-bdfc-4dfa-acfd-bce46e2d0491
[2024-09-23T22:15:05.225+0000] {ssh.py:524} INFO - 24/09/23 22:15:05 INFO MemoryStore: MemoryStore started with capacity 2.2 GiB
[2024-09-23T22:15:05.243+0000] {ssh.py:524} INFO - 24/09/23 22:15:05 INFO SparkEnv: Registering OutputCommitCoordinator
[2024-09-23T22:15:05.442+0000] {ssh.py:524} INFO - 24/09/23 22:15:05 WARN Utils: Service 'SparkUI' could not bind on port 4040. Attempting port 4041.
[2024-09-23T22:15:05.443+0000] {ssh.py:524} INFO - 24/09/23 22:15:05 WARN Utils: Service 'SparkUI' could not bind on port 4041. Attempting port 4042.
[2024-09-23T22:15:05.444+0000] {ssh.py:524} INFO - 24/09/23 22:15:05 WARN Utils: Service 'SparkUI' could not bind on port 4042. Attempting port 4043.
[2024-09-23T22:15:05.453+0000] {ssh.py:524} INFO - 24/09/23 22:15:05 INFO Utils: Successfully started service 'SparkUI' on port 4043.
[2024-09-23T22:15:05.564+0000] {ssh.py:524} INFO - 24/09/23 22:15:05 INFO Executor: Starting executor ID driver on host spark-master
[2024-09-23T22:15:05.572+0000] {ssh.py:524} INFO - 24/09/23 22:15:05 INFO Executor: Starting executor with user classpath (userClassPathFirst = false): ''
[2024-09-23T22:15:05.601+0000] {ssh.py:524} INFO - 24/09/23 22:15:05 INFO Utils: Successfully started service 'org.apache.spark.network.netty.NettyBlockTransferService' on port 39307.
[2024-09-23T22:15:05.602+0000] {ssh.py:524} INFO - 24/09/23 22:15:05 INFO NettyBlockTransferService: Server created on spark-master:39307
[2024-09-23T22:15:05.603+0000] {ssh.py:524} INFO - 24/09/23 22:15:05 INFO BlockManager: Using org.apache.spark.storage.RandomBlockReplicationPolicy for block replication policy
[2024-09-23T22:15:05.610+0000] {ssh.py:524} INFO - 24/09/23 22:15:05 INFO BlockManagerMaster: Registering BlockManager BlockManagerId(driver, spark-master, 39307, None)
[2024-09-23T22:15:05.614+0000] {ssh.py:524} INFO - 24/09/23 22:15:05 INFO BlockManagerMasterEndpoint: Registering block manager spark-master:39307 with 2.2 GiB RAM, BlockManagerId(driver, spark-master, 39307, None)
[2024-09-23T22:15:05.618+0000] {ssh.py:524} INFO - 24/09/23 22:15:05 INFO BlockManagerMaster: Registered BlockManager BlockManagerId(driver, spark-master, 39307, None)
[2024-09-23T22:15:05.620+0000] {ssh.py:524} INFO - 24/09/23 22:15:05 INFO BlockManager: Initialized BlockManager: BlockManagerId(driver, spark-master, 39307, None)
[2024-09-23T22:15:06.724+0000] {ssh.py:524} INFO - 24/09/23 22:15:06 INFO SharedState: Setting hive.metastore.warehouse.dir ('null') to the value of spark.sql.warehouse.dir.
[2024-09-23T22:15:06.732+0000] {ssh.py:524} INFO - 24/09/23 22:15:06 INFO SharedState: Warehouse path is 'file:/root/spark-warehouse'.
[2024-09-23T22:15:08.936+0000] {ssh.py:524} INFO - 24/09/23 22:15:08 WARN MetricsConfig: Cannot locate configuration: tried hadoop-metrics2-s3a-file-system.properties,hadoop-metrics2.properties
[2024-09-23T22:15:08.947+0000] {ssh.py:524} INFO - 24/09/23 22:15:08 INFO MetricsSystemImpl: Scheduled Metric snapshot period at 10 second(s).
[2024-09-23T22:15:08.948+0000] {ssh.py:524} INFO - 24/09/23 22:15:08 INFO MetricsSystemImpl: s3a-file-system metrics system started
[2024-09-23T22:15:10.020+0000] {ssh.py:524} INFO - 24/09/23 22:15:10 WARN AbstractS3ACommitterFactory: Using standard FileOutputCommitter to commit work. This is slow and potentially unsafe.
[2024-09-23T22:15:10.021+0000] {ssh.py:524} INFO - 24/09/23 22:15:10 INFO FileOutputCommitter: File Output Committer Algorithm version is 1
[2024-09-23T22:15:10.022+0000] {ssh.py:524} INFO - 24/09/23 22:15:10 INFO FileOutputCommitter: FileOutputCommitter skip cleanup _temporary folders under output directory:false, ignore cleanup failures: false
[2024-09-23T22:15:10.024+0000] {ssh.py:524} INFO - 24/09/23 22:15:10 INFO AbstractS3ACommitterFactory: Using Committer FileOutputCommitter{PathOutputCommitter{context=TaskAttemptContextImpl{JobContextImpl{jobId=job_202409232215108142505980843094423_0000}; taskId=attempt_202409232215108142505980843094423_0000_m_000000_0, status=''}; org.apache.hadoop.mapreduce.lib.output.FileOutputCommitter@1bd0c8c3}; outputPath=s3a://raw/olhovivo/empresa/dt=2024-09-23, workPath=s3a://raw/olhovivo/empresa/dt=2024-09-23/_temporary/0/_temporary/attempt_202409232215108142505980843094423_0000_m_000000_0, algorithmVersion=1, skipCleanup=false, ignoreCleanupFailures=false} for s3a://raw/olhovivo/empresa/dt=2024-09-23
[2024-09-23T22:15:10.025+0000] {ssh.py:524} INFO - 24/09/23 22:15:10 INFO SQLHadoopMapReduceCommitProtocol: Using output committer class org.apache.hadoop.mapreduce.lib.output.FileOutputCommitter
[2024-09-23T22:15:10.489+0000] {ssh.py:524} INFO - 24/09/23 22:15:10 INFO CodeGenerator: Code generated in 149.424938 ms
[2024-09-23T22:15:10.619+0000] {ssh.py:524} INFO - 24/09/23 22:15:10 INFO SparkContext: Starting job: save at NativeMethodAccessorImpl.java:0
[2024-09-23T22:15:10.635+0000] {ssh.py:524} INFO - 24/09/23 22:15:10 INFO DAGScheduler: Got job 0 (save at NativeMethodAccessorImpl.java:0) with 12 output partitions
[2024-09-23T22:15:10.636+0000] {ssh.py:524} INFO - 24/09/23 22:15:10 INFO DAGScheduler: Final stage: ResultStage 0 (save at NativeMethodAccessorImpl.java:0)
[2024-09-23T22:15:10.637+0000] {ssh.py:524} INFO - 24/09/23 22:15:10 INFO DAGScheduler: Parents of final stage: List()
[2024-09-23T22:15:10.638+0000] {ssh.py:524} INFO - 24/09/23 22:15:10 INFO DAGScheduler: Missing parents: List()
[2024-09-23T22:15:10.659+0000] {ssh.py:524} INFO - 24/09/23 22:15:10 INFO DAGScheduler: Submitting ResultStage 0 (MapPartitionsRDD[5] at save at NativeMethodAccessorImpl.java:0), which has no missing parents
[2024-09-23T22:15:10.809+0000] {ssh.py:524} INFO - 24/09/23 22:15:10 INFO MemoryStore: Block broadcast_0 stored as values in memory (estimated size 223.9 KiB, free 2.2 GiB)
[2024-09-23T22:15:10.842+0000] {ssh.py:524} INFO - 24/09/23 22:15:10 INFO MemoryStore: Block broadcast_0_piece0 stored as bytes in memory (estimated size 81.3 KiB, free 2.2 GiB)
[2024-09-23T22:15:10.850+0000] {ssh.py:524} INFO - 24/09/23 22:15:10 INFO BlockManagerInfo: Added broadcast_0_piece0 in memory on spark-master:39307 (size: 81.3 KiB, free: 2.2 GiB)
[2024-09-23T22:15:10.851+0000] {ssh.py:524} INFO - 24/09/23 22:15:10 INFO SparkContext: Created broadcast 0 from broadcast at DAGScheduler.scala:1513
[2024-09-23T22:15:10.865+0000] {ssh.py:524} INFO - 24/09/23 22:15:10 INFO DAGScheduler: Submitting 12 missing tasks from ResultStage 0 (MapPartitionsRDD[5] at save at NativeMethodAccessorImpl.java:0) (first 15 tasks are for partitions Vector(0, 1, 2, 3, 4, 5, 6, 7, 8, 9, 10, 11))
[2024-09-23T22:15:10.866+0000] {ssh.py:524} INFO - 24/09/23 22:15:10 INFO TaskSchedulerImpl: Adding task set 0.0 with 12 tasks resource profile 0
[2024-09-23T22:15:10.932+0000] {ssh.py:524} INFO - 24/09/23 22:15:10 INFO TaskSetManager: Starting task 0.0 in stage 0.0 (TID 0) (spark-master, executor driver, partition 0, PROCESS_LOCAL, 4433 bytes) taskResourceAssignments Map()
[2024-09-23T22:15:10.936+0000] {ssh.py:524} INFO - 24/09/23 22:15:10 INFO TaskSetManager: Starting task 1.0 in stage 0.0 (TID 1) (spark-master, executor driver, partition 1, PROCESS_LOCAL, 4433 bytes) taskResourceAssignments Map()
[2024-09-23T22:15:10.937+0000] {ssh.py:524} INFO - 24/09/23 22:15:10 INFO TaskSetManager: Starting task 2.0 in stage 0.0 (TID 2) (spark-master, executor driver, partition 2, PROCESS_LOCAL, 4433 bytes) taskResourceAssignments Map()
[2024-09-23T22:15:10.941+0000] {ssh.py:524} INFO - 24/09/23 22:15:10 INFO TaskSetManager: Starting task 3.0 in stage 0.0 (TID 3) (spark-master, executor driver, partition 3, PROCESS_LOCAL, 4433 bytes) taskResourceAssignments Map()
[2024-09-23T22:15:10.942+0000] {ssh.py:524} INFO - 24/09/23 22:15:10 INFO TaskSetManager: Starting task 4.0 in stage 0.0 (TID 4) (spark-master, executor driver, partition 4, PROCESS_LOCAL, 4433 bytes) taskResourceAssignments Map()
[2024-09-23T22:15:10.943+0000] {ssh.py:524} INFO - 24/09/23 22:15:10 INFO TaskSetManager: Starting task 5.0 in stage 0.0 (TID 5) (spark-master, executor driver, partition 5, PROCESS_LOCAL, 4433 bytes) taskResourceAssignments Map()
[2024-09-23T22:15:10.943+0000] {ssh.py:524} INFO - 24/09/23 22:15:10 INFO TaskSetManager: Starting task 6.0 in stage 0.0 (TID 6) (spark-master, executor driver, partition 6, PROCESS_LOCAL, 4433 bytes) taskResourceAssignments Map()
[2024-09-23T22:15:10.944+0000] {ssh.py:524} INFO - 24/09/23 22:15:10 INFO TaskSetManager: Starting task 7.0 in stage 0.0 (TID 7) (spark-master, executor driver, partition 7, PROCESS_LOCAL, 4433 bytes) taskResourceAssignments Map()
[2024-09-23T22:15:10.944+0000] {ssh.py:524} INFO - 24/09/23 22:15:10 INFO TaskSetManager: Starting task 8.0 in stage 0.0 (TID 8) (spark-master, executor driver, partition 8, PROCESS_LOCAL, 4433 bytes) taskResourceAssignments Map()
[2024-09-23T22:15:10.945+0000] {ssh.py:524} INFO - 24/09/23 22:15:10 INFO TaskSetManager: Starting task 9.0 in stage 0.0 (TID 9) (spark-master, executor driver, partition 9, PROCESS_LOCAL, 4433 bytes) taskResourceAssignments Map()
[2024-09-23T22:15:10.945+0000] {ssh.py:524} INFO - 24/09/23 22:15:10 INFO TaskSetManager: Starting task 10.0 in stage 0.0 (TID 10) (spark-master, executor driver, partition 10, PROCESS_LOCAL, 4433 bytes) taskResourceAssignments Map()
[2024-09-23T22:15:10.946+0000] {ssh.py:524} INFO - 24/09/23 22:15:10 INFO TaskSetManager: Starting task 11.0 in stage 0.0 (TID 11) (spark-master, executor driver, partition 11, PROCESS_LOCAL, 5155 bytes) taskResourceAssignments Map()
[2024-09-23T22:15:10.956+0000] {ssh.py:524} INFO - 24/09/23 22:15:10 INFO Executor: Running task 3.0 in stage 0.0 (TID 3)
[2024-09-23T22:15:10.957+0000] {ssh.py:524} INFO - 24/09/23 22:15:10 INFO Executor: Running task 4.0 in stage 0.0 (TID 4)
[2024-09-23T22:15:10.958+0000] {ssh.py:524} INFO - 24/09/23 22:15:10 INFO Executor: Running task 5.0 in stage 0.0 (TID 5)
[2024-09-23T22:15:10.959+0000] {ssh.py:524} INFO - 24/09/23 22:15:10 INFO Executor: Running task 0.0 in stage 0.0 (TID 0)
[2024-09-23T22:15:10.959+0000] {ssh.py:524} INFO - 24/09/23 22:15:10 INFO Executor: Running task 1.0 in stage 0.0 (TID 1)
[2024-09-23T22:15:10.960+0000] {ssh.py:524} INFO - 24/09/23 22:15:10 INFO Executor: Running task 6.0 in stage 0.0 (TID 6)
[2024-09-23T22:15:10.960+0000] {ssh.py:524} INFO - 24/09/23 22:15:10 INFO Executor: Running task 2.0 in stage 0.0 (TID 2)
[2024-09-23T22:15:10.965+0000] {ssh.py:524} INFO - 24/09/23 22:15:10 INFO Executor: Running task 8.0 in stage 0.0 (TID 8)
[2024-09-23T22:15:10.966+0000] {ssh.py:524} INFO - 24/09/23 22:15:10 INFO Executor: Running task 7.0 in stage 0.0 (TID 7)
[2024-09-23T22:15:10.968+0000] {ssh.py:524} INFO - 24/09/23 22:15:10 INFO Executor: Running task 9.0 in stage 0.0 (TID 9)
[2024-09-23T22:15:10.984+0000] {ssh.py:524} INFO - 24/09/23 22:15:10 INFO Executor: Running task 10.0 in stage 0.0 (TID 10)
[2024-09-23T22:15:10.985+0000] {ssh.py:524} INFO - 24/09/23 22:15:10 INFO Executor: Running task 11.0 in stage 0.0 (TID 11)
[2024-09-23T22:15:11.813+0000] {ssh.py:524} INFO - 24/09/23 22:15:11 WARN AbstractS3ACommitterFactory: Using standard FileOutputCommitter to commit work. This is slow and potentially unsafe.
[2024-09-23T22:15:11.823+0000] {ssh.py:524} INFO - 24/09/23 22:15:11 INFO FileOutputCommitter: File Output Committer Algorithm version is 1
[2024-09-23T22:15:11.824+0000] {ssh.py:524} INFO - 24/09/23 22:15:11 INFO FileOutputCommitter: FileOutputCommitter skip cleanup _temporary folders under output directory:false, ignore cleanup failures: false
[2024-09-23T22:15:11.825+0000] {ssh.py:524} INFO - 24/09/23 22:15:11 INFO AbstractS3ACommitterFactory: Using Committer FileOutputCommitter{PathOutputCommitter{context=TaskAttemptContextImpl{JobContextImpl{jobId=job_202409232215108060865760970553111_0000}; taskId=attempt_202409232215108060865760970553111_0000_m_000003_3, status=''}; org.apache.hadoop.mapreduce.lib.output.FileOutputCommitter@366da078}; outputPath=s3a://raw/olhovivo/empresa/dt=2024-09-23, workPath=s3a://raw/olhovivo/empresa/dt=2024-09-23/_temporary/0/_temporary/attempt_202409232215108060865760970553111_0000_m_000003_3, algorithmVersion=1, skipCleanup=false, ignoreCleanupFailures=false} for s3a://raw/olhovivo/empresa/dt=2024-09-23
[2024-09-23T22:15:11.826+0000] {ssh.py:524} INFO - 24/09/23 22:15:11 INFO SQLHadoopMapReduceCommitProtocol: Using output committer class org.apache.hadoop.mapreduce.lib.output.FileOutputCommitter
[2024-09-23T22:15:11.829+0000] {ssh.py:524} INFO - 24/09/23 22:15:11 WARN AbstractS3ACommitterFactory: Using standard FileOutputCommitter to commit work. This is slow and potentially unsafe.
[2024-09-23T22:15:11.831+0000] {ssh.py:524} INFO - 24/09/23 22:15:11 INFO FileOutputCommitter: File Output Committer Algorithm version is 1
[2024-09-23T22:15:11.840+0000] {ssh.py:524} INFO - 24/09/23 22:15:11 INFO FileOutputCommitter: FileOutputCommitter skip cleanup _temporary folders under output directory:false, ignore cleanup failures: false
[2024-09-23T22:15:11.847+0000] {ssh.py:524} INFO - 24/09/23 22:15:11 INFO AbstractS3ACommitterFactory: Using Committer FileOutputCommitter{PathOutputCommitter{context=TaskAttemptContextImpl{JobContextImpl{jobId=job_202409232215103624857785724598683_0000}; taskId=attempt_202409232215103624857785724598683_0000_m_000005_5, status=''}; org.apache.hadoop.mapreduce.lib.output.FileOutputCommitter@305253fa}; outputPath=s3a://raw/olhovivo/empresa/dt=2024-09-23, workPath=s3a://raw/olhovivo/empresa/dt=2024-09-23/_temporary/0/_temporary/attempt_202409232215103624857785724598683_0000_m_000005_5, algorithmVersion=1, skipCleanup=false, ignoreCleanupFailures=false} for s3a://raw/olhovivo/empresa/dt=2024-09-23
[2024-09-23T22:15:11.848+0000] {ssh.py:524} INFO - 24/09/23 22:15:11 INFO SQLHadoopMapReduceCommitProtocol: Using output committer class org.apache.hadoop.mapreduce.lib.output.FileOutputCommitter
[2024-09-23T22:15:11.866+0000] {ssh.py:524} INFO - 24/09/23 22:15:11 WARN AbstractS3ACommitterFactory: Using standard FileOutputCommitter to commit work. This is slow and potentially unsafe.
[2024-09-23T22:15:11.867+0000] {ssh.py:524} INFO - 24/09/23 22:15:11 INFO FileOutputCommitter: File Output Committer Algorithm version is 1
[2024-09-23T22:15:11.867+0000] {ssh.py:524} INFO - 24/09/23 22:15:11 INFO FileOutputCommitter: FileOutputCommitter skip cleanup _temporary folders under output directory:false, ignore cleanup failures: false
[2024-09-23T22:15:11.870+0000] {ssh.py:524} INFO - 24/09/23 22:15:11 INFO AbstractS3ACommitterFactory: Using Committer FileOutputCommitter{PathOutputCommitter{context=TaskAttemptContextImpl{JobContextImpl{jobId=job_202409232215102630388196539018522_0000}; taskId=attempt_202409232215102630388196539018522_0000_m_000011_11, status=''}; org.apache.hadoop.mapreduce.lib.output.FileOutputCommitter@698b0a06}; outputPath=s3a://raw/olhovivo/empresa/dt=2024-09-23, workPath=s3a://raw/olhovivo/empresa/dt=2024-09-23/_temporary/0/_temporary/attempt_202409232215102630388196539018522_0000_m_000011_11, algorithmVersion=1, skipCleanup=false, ignoreCleanupFailures=false} for s3a://raw/olhovivo/empresa/dt=2024-09-23
[2024-09-23T22:15:11.870+0000] {ssh.py:524} INFO - 24/09/23 22:15:11 INFO SQLHadoopMapReduceCommitProtocol: Using output committer class org.apache.hadoop.mapreduce.lib.output.FileOutputCommitter
[2024-09-23T22:15:11.891+0000] {ssh.py:524} INFO - 24/09/23 22:15:11 WARN AbstractS3ACommitterFactory: Using standard FileOutputCommitter to commit work. This is slow and potentially unsafe.
[2024-09-23T22:15:11.892+0000] {ssh.py:524} INFO - 24/09/23 22:15:11 INFO FileOutputCommitter: File Output Committer Algorithm version is 1
[2024-09-23T22:15:11.892+0000] {ssh.py:524} INFO - 24/09/23 22:15:11 INFO FileOutputCommitter: FileOutputCommitter skip cleanup _temporary folders under output directory:false, ignore cleanup failures: false
[2024-09-23T22:15:11.893+0000] {ssh.py:524} INFO - 24/09/23 22:15:11 INFO AbstractS3ACommitterFactory: Using Committer FileOutputCommitter{PathOutputCommitter{context=TaskAttemptContextImpl{JobContextImpl{jobId=job_202409232215106440475179525036119_0000}; taskId=attempt_202409232215106440475179525036119_0000_m_000006_6, status=''}; org.apache.hadoop.mapreduce.lib.output.FileOutputCommitter@45fae145}; outputPath=s3a://raw/olhovivo/empresa/dt=2024-09-23, workPath=s3a://raw/olhovivo/empresa/dt=2024-09-23/_temporary/0/_temporary/attempt_202409232215106440475179525036119_0000_m_000006_6, algorithmVersion=1, skipCleanup=false, ignoreCleanupFailures=false} for s3a://raw/olhovivo/empresa/dt=2024-09-23
[2024-09-23T22:15:11.893+0000] {ssh.py:524} INFO - 24/09/23 22:15:11 INFO SQLHadoopMapReduceCommitProtocol: Using output committer class org.apache.hadoop.mapreduce.lib.output.FileOutputCommitter
[2024-09-23T22:15:11.933+0000] {ssh.py:524} INFO - 24/09/23 22:15:11 INFO PythonRunner: Times: total = 727, boot = 581, init = 146, finish = 0
[2024-09-23T22:15:11.937+0000] {ssh.py:524} INFO - 24/09/23 22:15:11 WARN AbstractS3ACommitterFactory: Using standard FileOutputCommitter to commit work. This is slow and potentially unsafe.
[2024-09-23T22:15:11.938+0000] {ssh.py:524} INFO - 24/09/23 22:15:11 INFO FileOutputCommitter: File Output Committer Algorithm version is 1
[2024-09-23T22:15:11.940+0000] {ssh.py:524} INFO - 24/09/23 22:15:11 INFO FileOutputCommitter: FileOutputCommitter skip cleanup _temporary folders under output directory:false, ignore cleanup failures: false
[2024-09-23T22:15:11.941+0000] {ssh.py:524} INFO - 24/09/23 22:15:11 INFO AbstractS3ACommitterFactory: Using Committer FileOutputCommitter{PathOutputCommitter{context=TaskAttemptContextImpl{JobContextImpl{jobId=job_202409232215106818607089277232389_0000}; taskId=attempt_202409232215106818607089277232389_0000_m_000000_0, status=''}; org.apache.hadoop.mapreduce.lib.output.FileOutputCommitter@5473c923}; outputPath=s3a://raw/olhovivo/empresa/dt=2024-09-23, workPath=s3a://raw/olhovivo/empresa/dt=2024-09-23/_temporary/0/_temporary/attempt_202409232215106818607089277232389_0000_m_000000_0, algorithmVersion=1, skipCleanup=false, ignoreCleanupFailures=false} for s3a://raw/olhovivo/empresa/dt=2024-09-23
[2024-09-23T22:15:11.941+0000] {ssh.py:524} INFO - 24/09/23 22:15:11 INFO SQLHadoopMapReduceCommitProtocol: Using output committer class org.apache.hadoop.mapreduce.lib.output.FileOutputCommitter
[2024-09-23T22:15:11.944+0000] {ssh.py:524} INFO - 24/09/23 22:15:11 WARN AbstractS3ACommitterFactory: Using standard FileOutputCommitter to commit work. This is slow and potentially unsafe.
[2024-09-23T22:15:11.944+0000] {ssh.py:524} INFO - 24/09/23 22:15:11 INFO FileOutputCommitter: File Output Committer Algorithm version is 1
[2024-09-23T22:15:11.945+0000] {ssh.py:524} INFO - 24/09/23 22:15:11 INFO FileOutputCommitter: FileOutputCommitter skip cleanup _temporary folders under output directory:false, ignore cleanup failures: false
[2024-09-23T22:15:11.945+0000] {ssh.py:524} INFO - 24/09/23 22:15:11 INFO AbstractS3ACommitterFactory: Using Committer FileOutputCommitter{PathOutputCommitter{context=TaskAttemptContextImpl{JobContextImpl{jobId=job_202409232215103832672625590813868_0000}; taskId=attempt_202409232215103832672625590813868_0000_m_000001_1, status=''}; org.apache.hadoop.mapreduce.lib.output.FileOutputCommitter@58fa8f21}; outputPath=s3a://raw/olhovivo/empresa/dt=2024-09-23, workPath=s3a://raw/olhovivo/empresa/dt=2024-09-23/_temporary/0/_temporary/attempt_202409232215103832672625590813868_0000_m_000001_1, algorithmVersion=1, skipCleanup=false, ignoreCleanupFailures=false} for s3a://raw/olhovivo/empresa/dt=2024-09-23
[2024-09-23T22:15:11.945+0000] {ssh.py:524} INFO - 24/09/23 22:15:11 INFO SQLHadoopMapReduceCommitProtocol: Using output committer class org.apache.hadoop.mapreduce.lib.output.FileOutputCommitter
[2024-09-23T22:15:11.948+0000] {ssh.py:524} INFO - 24/09/23 22:15:11 INFO PythonRunner: Times: total = 740, boot = 579, init = 161, finish = 0
[2024-09-23T22:15:11.960+0000] {ssh.py:524} INFO - 24/09/23 22:15:11 WARN AbstractS3ACommitterFactory: Using standard FileOutputCommitter to commit work. This is slow and potentially unsafe.
[2024-09-23T22:15:11.961+0000] {ssh.py:524} INFO - 24/09/23 22:15:11 INFO FileOutputCommitter: File Output Committer Algorithm version is 1
[2024-09-23T22:15:11.966+0000] {ssh.py:524} INFO - 24/09/23 22:15:11 INFO FileOutputCommitter: FileOutputCommitter skip cleanup _temporary folders under output directory:false, ignore cleanup failures: false
[2024-09-23T22:15:11.966+0000] {ssh.py:524} INFO - 24/09/23 22:15:11 INFO AbstractS3ACommitterFactory: Using Committer FileOutputCommitter{PathOutputCommitter{context=TaskAttemptContextImpl{JobContextImpl{jobId=job_202409232215103388344913858281360_0000}; taskId=attempt_202409232215103388344913858281360_0000_m_000009_9, status=''}; org.apache.hadoop.mapreduce.lib.output.FileOutputCommitter@4e7277c4}; outputPath=s3a://raw/olhovivo/empresa/dt=2024-09-23, workPath=s3a://raw/olhovivo/empresa/dt=2024-09-23/_temporary/0/_temporary/attempt_202409232215103388344913858281360_0000_m_000009_9, algorithmVersion=1, skipCleanup=false, ignoreCleanupFailures=false} for s3a://raw/olhovivo/empresa/dt=2024-09-23
[2024-09-23T22:15:11.967+0000] {ssh.py:524} INFO - 24/09/23 22:15:11 INFO SQLHadoopMapReduceCommitProtocol: Using output committer class org.apache.hadoop.mapreduce.lib.output.FileOutputCommitter
[2024-09-23T22:15:11.967+0000] {ssh.py:524} INFO - 24/09/23 22:15:11 INFO SparkHadoopMapRedUtil: No need to commit output of task because needsTaskCommit=false: attempt_202409232215103624857785724598683_0000_m_000005_5
[2024-09-23T22:15:11.967+0000] {ssh.py:524} INFO - 24/09/23 22:15:11 INFO SparkHadoopMapRedUtil: No need to commit output of task because needsTaskCommit=false: attempt_202409232215108060865760970553111_0000_m_000003_3
[2024-09-23T22:15:11.971+0000] {ssh.py:524} INFO - 24/09/23 22:15:11 WARN AbstractS3ACommitterFactory: Using standard FileOutputCommitter to commit work. This is slow and potentially unsafe.
[2024-09-23T22:15:11.972+0000] {ssh.py:524} INFO - 24/09/23 22:15:11 INFO FileOutputCommitter: File Output Committer Algorithm version is 1
[2024-09-23T22:15:11.972+0000] {ssh.py:524} INFO - 24/09/23 22:15:11 INFO FileOutputCommitter: FileOutputCommitter skip cleanup _temporary folders under output directory:false, ignore cleanup failures: false
[2024-09-23T22:15:11.973+0000] {ssh.py:524} INFO - 24/09/23 22:15:11 INFO AbstractS3ACommitterFactory: Using Committer FileOutputCommitter{PathOutputCommitter{context=TaskAttemptContextImpl{JobContextImpl{jobId=job_202409232215107855472987965649357_0000}; taskId=attempt_202409232215107855472987965649357_0000_m_000010_10, status=''}; org.apache.hadoop.mapreduce.lib.output.FileOutputCommitter@3cad7602}; outputPath=s3a://raw/olhovivo/empresa/dt=2024-09-23, workPath=s3a://raw/olhovivo/empresa/dt=2024-09-23/_temporary/0/_temporary/attempt_202409232215107855472987965649357_0000_m_000010_10, algorithmVersion=1, skipCleanup=false, ignoreCleanupFailures=false} for s3a://raw/olhovivo/empresa/dt=2024-09-23
[2024-09-23T22:15:11.974+0000] {ssh.py:524} INFO - 24/09/23 22:15:11 INFO SQLHadoopMapReduceCommitProtocol: Using output committer class org.apache.hadoop.mapreduce.lib.output.FileOutputCommitter
[2024-09-23T22:15:11.981+0000] {ssh.py:524} INFO - 24/09/23 22:15:11 WARN AbstractS3ACommitterFactory: Using standard FileOutputCommitter to commit work. This is slow and potentially unsafe.
[2024-09-23T22:15:11.982+0000] {ssh.py:524} INFO - 24/09/23 22:15:11 INFO FileOutputCommitter: File Output Committer Algorithm version is 1
[2024-09-23T22:15:11.982+0000] {ssh.py:524} INFO - 24/09/23 22:15:11 INFO FileOutputCommitter: FileOutputCommitter skip cleanup _temporary folders under output directory:false, ignore cleanup failures: false
[2024-09-23T22:15:11.982+0000] {ssh.py:524} INFO - 24/09/23 22:15:11 INFO AbstractS3ACommitterFactory: Using Committer FileOutputCommitter{PathOutputCommitter{context=TaskAttemptContextImpl{JobContextImpl{jobId=job_202409232215106484670096324157090_0000}; taskId=attempt_202409232215106484670096324157090_0000_m_000008_8, status=''}; org.apache.hadoop.mapreduce.lib.output.FileOutputCommitter@e30c46b}; outputPath=s3a://raw/olhovivo/empresa/dt=2024-09-23, workPath=s3a://raw/olhovivo/empresa/dt=2024-09-23/_temporary/0/_temporary/attempt_202409232215106484670096324157090_0000_m_000008_8, algorithmVersion=1, skipCleanup=false, ignoreCleanupFailures=false} for s3a://raw/olhovivo/empresa/dt=2024-09-23
[2024-09-23T22:15:11.983+0000] {ssh.py:524} INFO - 24/09/23 22:15:11 INFO SQLHadoopMapReduceCommitProtocol: Using output committer class org.apache.hadoop.mapreduce.lib.output.FileOutputCommitter
[2024-09-23T22:15:11.983+0000] {ssh.py:524} INFO - 24/09/23 22:15:11 INFO PythonRunner: Times: total = 726, boot = 577, init = 149, finish = 0
[2024-09-23T22:15:11.995+0000] {ssh.py:524} INFO - 24/09/23 22:15:11 INFO SparkHadoopMapRedUtil: No need to commit output of task because needsTaskCommit=false: attempt_202409232215106484670096324157090_0000_m_000008_8
[2024-09-23T22:15:11.999+0000] {ssh.py:524} INFO - 24/09/23 22:15:11 INFO Executor: Finished task 5.0 in stage 0.0 (TID 5). 2871 bytes result sent to driver
[2024-09-23T22:15:12.007+0000] {ssh.py:524} INFO - 24/09/23 22:15:11 INFO Executor: Finished task 8.0 in stage 0.0 (TID 8). 2828 bytes result sent to driver
[2024-09-23T22:15:12.011+0000] {ssh.py:524} INFO - 24/09/23 22:15:12 INFO Executor: Finished task 3.0 in stage 0.0 (TID 3). 2871 bytes result sent to driver
[2024-09-23T22:15:12.036+0000] {ssh.py:524} INFO - 24/09/23 22:15:12 WARN AbstractS3ACommitterFactory: Using standard FileOutputCommitter to commit work. This is slow and potentially unsafe.
[2024-09-23T22:15:12.037+0000] {ssh.py:524} INFO - 24/09/23 22:15:12 INFO FileOutputCommitter: File Output Committer Algorithm version is 1
[2024-09-23T22:15:12.038+0000] {ssh.py:524} INFO - 24/09/23 22:15:12 INFO FileOutputCommitter: FileOutputCommitter skip cleanup _temporary folders under output directory:false, ignore cleanup failures: false
[2024-09-23T22:15:12.038+0000] {ssh.py:524} INFO - 24/09/23 22:15:12 INFO AbstractS3ACommitterFactory: Using Committer FileOutputCommitter{PathOutputCommitter{context=TaskAttemptContextImpl{JobContextImpl{jobId=job_202409232215105125880279900404341_0000}; taskId=attempt_202409232215105125880279900404341_0000_m_000002_2, status=''}; org.apache.hadoop.mapreduce.lib.output.FileOutputCommitter@9254734}; outputPath=s3a://raw/olhovivo/empresa/dt=2024-09-23, workPath=s3a://raw/olhovivo/empresa/dt=2024-09-23/_temporary/0/_temporary/attempt_202409232215105125880279900404341_0000_m_000002_2, algorithmVersion=1, skipCleanup=false, ignoreCleanupFailures=false} for s3a://raw/olhovivo/empresa/dt=2024-09-23
[2024-09-23T22:15:12.039+0000] {ssh.py:524} INFO - 24/09/23 22:15:12 INFO SQLHadoopMapReduceCommitProtocol: Using output committer class org.apache.hadoop.mapreduce.lib.output.FileOutputCommitter
[2024-09-23T22:15:12.052+0000] {ssh.py:524} INFO - 24/09/23 22:15:12 INFO PythonRunner: Times: total = 847, boot = 632, init = 215, finish = 0
[2024-09-23T22:15:12.072+0000] {ssh.py:524} INFO - 24/09/23 22:15:12 INFO SparkHadoopMapRedUtil: No need to commit output of task because needsTaskCommit=false: attempt_202409232215107855472987965649357_0000_m_000010_10
[2024-09-23T22:15:12.073+0000] {ssh.py:524} INFO - 24/09/23 22:15:12 INFO Executor: Finished task 10.0 in stage 0.0 (TID 10). 2828 bytes result sent to driver
[2024-09-23T22:15:12.078+0000] {ssh.py:524} INFO - 24/09/23 22:15:12 WARN AbstractS3ACommitterFactory: Using standard FileOutputCommitter to commit work. This is slow and potentially unsafe.
[2024-09-23T22:15:12.079+0000] {ssh.py:524} INFO - 24/09/23 22:15:12 INFO FileOutputCommitter: File Output Committer Algorithm version is 1
[2024-09-23T22:15:12.079+0000] {ssh.py:524} INFO - 24/09/23 22:15:12 INFO FileOutputCommitter: FileOutputCommitter skip cleanup _temporary folders under output directory:false, ignore cleanup failures: false
[2024-09-23T22:15:12.080+0000] {ssh.py:524} INFO - 24/09/23 22:15:12 INFO AbstractS3ACommitterFactory: Using Committer FileOutputCommitter{PathOutputCommitter{context=TaskAttemptContextImpl{JobContextImpl{jobId=job_202409232215106058282043008630521_0000}; taskId=attempt_202409232215106058282043008630521_0000_m_000004_4, status=''}; org.apache.hadoop.mapreduce.lib.output.FileOutputCommitter@7105b519}; outputPath=s3a://raw/olhovivo/empresa/dt=2024-09-23, workPath=s3a://raw/olhovivo/empresa/dt=2024-09-23/_temporary/0/_temporary/attempt_202409232215106058282043008630521_0000_m_000004_4, algorithmVersion=1, skipCleanup=false, ignoreCleanupFailures=false} for s3a://raw/olhovivo/empresa/dt=2024-09-23
[2024-09-23T22:15:12.081+0000] {ssh.py:524} INFO - 24/09/23 22:15:12 INFO SQLHadoopMapReduceCommitProtocol: Using output committer class org.apache.hadoop.mapreduce.lib.output.FileOutputCommitter
[2024-09-23T22:15:12.081+0000] {ssh.py:524} INFO - 24/09/23 22:15:12 INFO PythonRunner: Times: total = 794, boot = 607, init = 187, finish = 0
[2024-09-23T22:15:12.082+0000] {ssh.py:524} INFO - 24/09/23 22:15:12 INFO PythonRunner: Times: total = 877, boot = 619, init = 258, finish = 0
[2024-09-23T22:15:12.090+0000] {ssh.py:524} INFO - 24/09/23 22:15:12 INFO PythonRunner: Times: total = 883, boot = 602, init = 281, finish = 0
[2024-09-23T22:15:12.090+0000] {ssh.py:524} INFO - 24/09/23 22:15:12 INFO SparkHadoopMapRedUtil: No need to commit output of task because needsTaskCommit=false: attempt_202409232215103388344913858281360_0000_m_000009_9
[2024-09-23T22:15:12.091+0000] {ssh.py:524} INFO - 24/09/23 22:15:12 INFO SparkHadoopMapRedUtil: No need to commit output of task because needsTaskCommit=false: attempt_202409232215106058282043008630521_0000_m_000004_4
[2024-09-23T22:15:12.091+0000] {ssh.py:524} INFO - 24/09/23 22:15:12 INFO Executor: Finished task 4.0 in stage 0.0 (TID 4). 2828 bytes result sent to driver
[2024-09-23T22:15:12.092+0000] {ssh.py:524} INFO - 24/09/23 22:15:12 INFO Executor: Finished task 9.0 in stage 0.0 (TID 9). 2828 bytes result sent to driver
[2024-09-23T22:15:12.098+0000] {ssh.py:524} INFO - 24/09/23 22:15:12 INFO PythonRunner: Times: total = 893, boot = 625, init = 267, finish = 1
[2024-09-23T22:15:12.106+0000] {ssh.py:524} INFO - 24/09/23 22:15:12 INFO SparkHadoopMapRedUtil: No need to commit output of task because needsTaskCommit=false: attempt_202409232215106440475179525036119_0000_m_000006_6
[2024-09-23T22:15:12.113+0000] {ssh.py:524} INFO - 24/09/23 22:15:12 INFO Executor: Finished task 6.0 in stage 0.0 (TID 6). 2828 bytes result sent to driver
[2024-09-23T22:15:12.114+0000] {ssh.py:524} INFO - 24/09/23 22:15:12 INFO PythonRunner: Times: total = 785, boot = 582, init = 202, finish = 1
[2024-09-23T22:15:12.117+0000] {ssh.py:524} INFO - 24/09/23 22:15:12 INFO PythonRunner: Times: total = 911, boot = 587, init = 324, finish = 0
[2024-09-23T22:15:12.131+0000] {ssh.py:524} INFO - 24/09/23 22:15:12 WARN AbstractS3ACommitterFactory: Using standard FileOutputCommitter to commit work. This is slow and potentially unsafe.
[2024-09-23T22:15:12.131+0000] {ssh.py:524} INFO - 24/09/23 22:15:12 INFO FileOutputCommitter: File Output Committer Algorithm version is 1
[2024-09-23T22:15:12.132+0000] {ssh.py:524} INFO - 24/09/23 22:15:12 INFO FileOutputCommitter: FileOutputCommitter skip cleanup _temporary folders under output directory:false, ignore cleanup failures: false
[2024-09-23T22:15:12.132+0000] {ssh.py:524} INFO - 24/09/23 22:15:12 INFO AbstractS3ACommitterFactory: Using Committer FileOutputCommitter{PathOutputCommitter{context=TaskAttemptContextImpl{JobContextImpl{jobId=job_202409232215103487465665994956979_0000}; taskId=attempt_202409232215103487465665994956979_0000_m_000007_7, status=''}; org.apache.hadoop.mapreduce.lib.output.FileOutputCommitter@165e05a7}; outputPath=s3a://raw/olhovivo/empresa/dt=2024-09-23, workPath=s3a://raw/olhovivo/empresa/dt=2024-09-23/_temporary/0/_temporary/attempt_202409232215103487465665994956979_0000_m_000007_7, algorithmVersion=1, skipCleanup=false, ignoreCleanupFailures=false} for s3a://raw/olhovivo/empresa/dt=2024-09-23
[2024-09-23T22:15:12.134+0000] {ssh.py:524} INFO - 24/09/23 22:15:12 INFO SQLHadoopMapReduceCommitProtocol: Using output committer class org.apache.hadoop.mapreduce.lib.output.FileOutputCommitter
[2024-09-23T22:15:12.137+0000] {ssh.py:524} INFO - 24/09/23 22:15:12 INFO PythonRunner: Times: total = 932, boot = 653, init = 279, finish = 0
[2024-09-23T22:15:12.137+0000] {ssh.py:524} INFO - 24/09/23 22:15:12 INFO TaskSetManager: Finished task 5.0 in stage 0.0 (TID 5) in 1193 ms on spark-master (executor driver) (1/12)
[2024-09-23T22:15:12.141+0000] {ssh.py:524} INFO - 24/09/23 22:15:12 INFO TaskSetManager: Finished task 8.0 in stage 0.0 (TID 8) in 1196 ms on spark-master (executor driver) (2/12)
[2024-09-23T22:15:12.142+0000] {ssh.py:524} INFO - 24/09/23 22:15:12 INFO TaskSetManager: Finished task 4.0 in stage 0.0 (TID 4) in 1199 ms on spark-master (executor driver) (3/12)
[2024-09-23T22:15:12.146+0000] {ssh.py:524} INFO - 24/09/23 22:15:12 INFO TaskSetManager: Finished task 9.0 in stage 0.0 (TID 9) in 1198 ms on spark-master (executor driver) (4/12)
[2024-09-23T22:15:12.147+0000] {ssh.py:524} INFO - 24/09/23 22:15:12 INFO PythonRunner: Times: total = 942, boot = 643, init = 299, finish = 0
[2024-09-23T22:15:12.147+0000] {ssh.py:524} INFO - 24/09/23 22:15:12 INFO TaskSetManager: Finished task 6.0 in stage 0.0 (TID 6) in 1201 ms on spark-master (executor driver) (5/12)
[2024-09-23T22:15:12.147+0000] {ssh.py:524} INFO - 24/09/23 22:15:12 INFO SparkHadoopMapRedUtil: No need to commit output of task because needsTaskCommit=false: attempt_202409232215103832672625590813868_0000_m_000001_1
[2024-09-23T22:15:12.149+0000] {ssh.py:524} INFO - 24/09/23 22:15:12 INFO Executor: Finished task 1.0 in stage 0.0 (TID 1). 2828 bytes result sent to driver
[2024-09-23T22:15:12.150+0000] {ssh.py:524} INFO - 24/09/23 22:15:12 INFO PythonAccumulatorV2: Connected to AccumulatorServer at host: 127.0.0.1 port: 48127
[2024-09-23T22:15:12.150+0000] {ssh.py:524} INFO - 24/09/23 22:15:12 INFO TaskSetManager: Finished task 10.0 in stage 0.0 (TID 10) in 1205 ms on spark-master (executor driver) (6/12)
[2024-09-23T22:15:12.152+0000] {ssh.py:524} INFO - 24/09/23 22:15:12 INFO SparkHadoopMapRedUtil: No need to commit output of task because needsTaskCommit=false: attempt_202409232215105125880279900404341_0000_m_000002_2
[2024-09-23T22:15:12.153+0000] {ssh.py:524} INFO - 24/09/23 22:15:12 INFO TaskSetManager: Finished task 3.0 in stage 0.0 (TID 3) in 1213 ms on spark-master (executor driver) (7/12)
[2024-09-23T22:15:12.156+0000] {ssh.py:524} INFO - 24/09/23 22:15:12 INFO Executor: Finished task 2.0 in stage 0.0 (TID 2). 2828 bytes result sent to driver
[2024-09-23T22:15:12.157+0000] {ssh.py:524} INFO - 24/09/23 22:15:12 INFO SparkHadoopMapRedUtil: No need to commit output of task because needsTaskCommit=false: attempt_202409232215103487465665994956979_0000_m_000007_7
[2024-09-23T22:15:12.159+0000] {ssh.py:524} INFO - 24/09/23 22:15:12 INFO TaskSetManager: Finished task 2.0 in stage 0.0 (TID 2) in 1221 ms on spark-master (executor driver) (8/12)
[2024-09-23T22:15:12.163+0000] {ssh.py:524} INFO - 24/09/23 22:15:12 INFO Executor: Finished task 7.0 in stage 0.0 (TID 7). 2828 bytes result sent to driver
[2024-09-23T22:15:12.164+0000] {ssh.py:524} INFO - 24/09/23 22:15:12 INFO TaskSetManager: Finished task 7.0 in stage 0.0 (TID 7) in 1218 ms on spark-master (executor driver) (9/12)
[2024-09-23T22:15:12.164+0000] {ssh.py:524} INFO - 24/09/23 22:15:12 INFO TaskSetManager: Finished task 1.0 in stage 0.0 (TID 1) in 1227 ms on spark-master (executor driver) (10/12)
[2024-09-23T22:15:12.355+0000] {ssh.py:524} INFO - 24/09/23 22:15:12 INFO FileOutputCommitter: Saved output of task 'attempt_202409232215106818607089277232389_0000_m_000000_0' to s3a://raw/olhovivo/empresa/dt=2024-09-23/_temporary/0/task_202409232215106818607089277232389_0000_m_000000
[2024-09-23T22:15:12.356+0000] {ssh.py:524} INFO - 24/09/23 22:15:12 INFO SparkHadoopMapRedUtil: attempt_202409232215106818607089277232389_0000_m_000000_0: Committed. Elapsed time: 151 ms.
[2024-09-23T22:15:12.361+0000] {ssh.py:524} INFO - 24/09/23 22:15:12 INFO Executor: Finished task 0.0 in stage 0.0 (TID 0). 2828 bytes result sent to driver
[2024-09-23T22:15:12.364+0000] {ssh.py:524} INFO - 24/09/23 22:15:12 INFO TaskSetManager: Finished task 0.0 in stage 0.0 (TID 0) in 1447 ms on spark-master (executor driver) (11/12)
[2024-09-23T22:15:12.373+0000] {ssh.py:524} INFO - 24/09/23 22:15:12 INFO FileOutputCommitter: Saved output of task 'attempt_202409232215102630388196539018522_0000_m_000011_11' to s3a://raw/olhovivo/empresa/dt=2024-09-23/_temporary/0/task_202409232215102630388196539018522_0000_m_000011
[2024-09-23T22:15:12.375+0000] {ssh.py:524} INFO - 24/09/23 22:15:12 INFO SparkHadoopMapRedUtil: attempt_202409232215102630388196539018522_0000_m_000011_11: Committed. Elapsed time: 171 ms.
[2024-09-23T22:15:12.382+0000] {ssh.py:524} INFO - 24/09/23 22:15:12 INFO Executor: Finished task 11.0 in stage 0.0 (TID 11). 2914 bytes result sent to driver
[2024-09-23T22:15:12.383+0000] {ssh.py:524} INFO - 24/09/23 22:15:12 INFO TaskSetManager: Finished task 11.0 in stage 0.0 (TID 11) in 1438 ms on spark-master (executor driver) (12/12)
[2024-09-23T22:15:12.384+0000] {ssh.py:524} INFO - 24/09/23 22:15:12 INFO TaskSchedulerImpl: Removed TaskSet 0.0, whose tasks have all completed, from pool 
[2024-09-23T22:15:12.388+0000] {ssh.py:524} INFO - 24/09/23 22:15:12 INFO DAGScheduler: ResultStage 0 (save at NativeMethodAccessorImpl.java:0) finished in 1.685 s
[2024-09-23T22:15:12.394+0000] {ssh.py:524} INFO - 24/09/23 22:15:12 INFO DAGScheduler: Job 0 is finished. Cancelling potential speculative or zombie tasks for this job
[2024-09-23T22:15:12.395+0000] {ssh.py:524} INFO - 24/09/23 22:15:12 INFO TaskSchedulerImpl: Killing all running tasks in stage 0: Stage finished
[2024-09-23T22:15:12.398+0000] {ssh.py:524} INFO - 24/09/23 22:15:12 INFO DAGScheduler: Job 0 finished: save at NativeMethodAccessorImpl.java:0, took 1.778357 s
[2024-09-23T22:15:12.401+0000] {ssh.py:524} INFO - 24/09/23 22:15:12 INFO FileFormatWriter: Start to commit write Job 979c2d62-ffdb-4ef1-9a4e-210060474396.
[2024-09-23T22:15:12.674+0000] {ssh.py:524} INFO - 24/09/23 22:15:12 INFO FileFormatWriter: Write Job 979c2d62-ffdb-4ef1-9a4e-210060474396 committed. Elapsed time: 272 ms.
[2024-09-23T22:15:12.678+0000] {ssh.py:524} INFO - 24/09/23 22:15:12 INFO FileFormatWriter: Finished processing stats for write job 979c2d62-ffdb-4ef1-9a4e-210060474396.
[2024-09-23T22:15:12.681+0000] {ssh.py:524} INFO - [DEBUG] Done.
[2024-09-23T22:15:12.726+0000] {ssh.py:524} INFO - 24/09/23 22:15:12 INFO SparkContext: Invoking stop() from shutdown hook
[2024-09-23T22:15:12.738+0000] {ssh.py:524} INFO - 24/09/23 22:15:12 INFO SparkUI: Stopped Spark web UI at http://spark-master:4043
[2024-09-23T22:15:12.765+0000] {ssh.py:524} INFO - 24/09/23 22:15:12 INFO MapOutputTrackerMasterEndpoint: MapOutputTrackerMasterEndpoint stopped!
[2024-09-23T22:15:12.790+0000] {ssh.py:524} INFO - 24/09/23 22:15:12 INFO MemoryStore: MemoryStore cleared
[2024-09-23T22:15:12.790+0000] {ssh.py:524} INFO - 24/09/23 22:15:12 INFO BlockManager: BlockManager stopped
[2024-09-23T22:15:12.796+0000] {ssh.py:524} INFO - 24/09/23 22:15:12 INFO BlockManagerMaster: BlockManagerMaster stopped
[2024-09-23T22:15:12.798+0000] {ssh.py:524} INFO - 24/09/23 22:15:12 INFO OutputCommitCoordinator$OutputCommitCoordinatorEndpoint: OutputCommitCoordinator stopped!
[2024-09-23T22:15:12.808+0000] {ssh.py:524} INFO - 24/09/23 22:15:12 INFO SparkContext: Successfully stopped SparkContext
[2024-09-23T22:15:12.810+0000] {ssh.py:524} INFO - 24/09/23 22:15:12 INFO ShutdownHookManager: Shutdown hook called
[2024-09-23T22:15:12.811+0000] {ssh.py:524} INFO - 24/09/23 22:15:12 INFO ShutdownHookManager: Deleting directory /tmp/spark-5b9efe8a-f26a-48eb-bb26-129f58286fb1/pyspark-29082ab4-c1fe-4d5a-814e-8c74548d8244
[2024-09-23T22:15:12.812+0000] {ssh.py:524} INFO - 24/09/23 22:15:12 INFO ShutdownHookManager: Deleting directory /tmp/spark-5b9efe8a-f26a-48eb-bb26-129f58286fb1
[2024-09-23T22:15:12.816+0000] {ssh.py:524} INFO - 24/09/23 22:15:12 INFO ShutdownHookManager: Deleting directory /tmp/spark-cb90dfe3-b95f-4dfc-9d0c-0550cb6b0b69
[2024-09-23T22:15:12.826+0000] {ssh.py:524} INFO - 24/09/23 22:15:12 INFO MetricsSystemImpl: Stopping s3a-file-system metrics system...
[2024-09-23T22:15:12.830+0000] {ssh.py:524} INFO - 24/09/23 22:15:12 INFO MetricsSystemImpl: s3a-file-system metrics system stopped.
[2024-09-23T22:15:12.830+0000] {ssh.py:524} INFO - 24/09/23 22:15:12 INFO MetricsSystemImpl: s3a-file-system metrics system shutdown complete.
[2024-09-23T22:15:13.018+0000] {taskinstance.py:1400} INFO - Marking task as SUCCESS. dag_id=raw_ingestion_15min, task_id=spark_raw_ingestion_empresa, execution_date=20240923T220000, start_date=20240923T221500, end_date=20240923T221513
[2024-09-23T22:15:13.089+0000] {local_task_job_runner.py:228} INFO - Task exited with return code 0
[2024-09-23T22:15:13.139+0000] {taskinstance.py:2778} INFO - 0 downstream tasks scheduled from follow-on schedule check
