[2024-09-20T12:49:27.787+0000] {taskinstance.py:1159} INFO - Dependencies all met for dep_context=non-requeueable deps ti=<TaskInstance: raw_ingestion.spark_stage_processing scheduled__2024-09-20T11:30:00+00:00 [queued]>
[2024-09-20T12:49:27.809+0000] {taskinstance.py:1159} INFO - Dependencies all met for dep_context=requeueable deps ti=<TaskInstance: raw_ingestion.spark_stage_processing scheduled__2024-09-20T11:30:00+00:00 [queued]>
[2024-09-20T12:49:27.810+0000] {taskinstance.py:1361} INFO - Starting attempt 1 of 0
[2024-09-20T12:49:27.856+0000] {taskinstance.py:1382} INFO - Executing <Task(SSHOperator): spark_stage_processing> on 2024-09-20 11:30:00+00:00
[2024-09-20T12:49:27.864+0000] {standard_task_runner.py:57} INFO - Started process 150 to run task
[2024-09-20T12:49:27.867+0000] {standard_task_runner.py:84} INFO - Running: ['airflow', 'tasks', 'run', 'raw_ingestion', 'spark_stage_processing', 'scheduled__2024-09-20T11:30:00+00:00', '--job-id', '251', '--raw', '--subdir', 'DAGS_FOLDER/raw_ingestion.py', '--cfg-path', '/tmp/tmpb51c6gp8']
[2024-09-20T12:49:27.868+0000] {standard_task_runner.py:85} INFO - Job 251: Subtask spark_stage_processing
[2024-09-20T12:49:28.066+0000] {task_command.py:416} INFO - Running <TaskInstance: raw_ingestion.spark_stage_processing scheduled__2024-09-20T11:30:00+00:00 [running]> on host airflow-worker
[2024-09-20T12:49:28.378+0000] {taskinstance.py:1662} INFO - Exporting env vars: AIRFLOW_CTX_DAG_OWNER='***' AIRFLOW_CTX_DAG_ID='raw_ingestion' AIRFLOW_CTX_TASK_ID='spark_stage_processing' AIRFLOW_CTX_EXECUTION_DATE='2024-09-20T11:30:00+00:00' AIRFLOW_CTX_TRY_NUMBER='1' AIRFLOW_CTX_DAG_RUN_ID='scheduled__2024-09-20T11:30:00+00:00'
[2024-09-20T12:49:28.380+0000] {ssh.py:141} INFO - Creating ssh_client
[2024-09-20T12:49:28.380+0000] {ssh.py:114} INFO - ssh_hook is not provided or invalid. Trying ssh_conn_id to create SSHHook.
[2024-09-20T12:49:28.425+0000] {base.py:73} INFO - Using connection ID 'spark_ssh_default' for task execution.
[2024-09-20T12:49:28.428+0000] {ssh.py:300} WARNING - No Host Key Verification. This won't protect against Man-In-The-Middle attacks
[2024-09-20T12:49:28.445+0000] {transport.py:1893} INFO - Connected (version 2.0, client OpenSSH_8.9p1)
[2024-09-20T12:49:28.671+0000] {transport.py:1893} INFO - Authentication (password) successful!
[2024-09-20T12:49:28.672+0000] {ssh.py:478} INFO - Running command: export SPARK_HOME=/usr/local/spark; /opt/conda/bin/spark-submit --master local[*] --executor-memory 2g /opt/shared/scripts/raw_ingestion.py 2024-09-20
[2024-09-20T12:49:34.417+0000] {ssh.py:524} INFO - [DEBUG] dt_now: 2024-09-20
[2024-09-20T12:49:34.519+0000] {ssh.py:524} INFO - 24/09/20 12:49:34 INFO SparkContext: Running Spark version 3.3.1
[2024-09-20T12:49:34.547+0000] {ssh.py:524} INFO - 24/09/20 12:49:34 WARN NativeCodeLoader: Unable to load native-hadoop library for your platform... using builtin-java classes where applicable
[2024-09-20T12:49:34.687+0000] {ssh.py:524} INFO - 24/09/20 12:49:34 INFO ResourceUtils: ==============================================================
[2024-09-20T12:49:34.687+0000] {ssh.py:524} INFO - 24/09/20 12:49:34 INFO ResourceUtils: No custom resources configured for spark.driver.
[2024-09-20T12:49:34.688+0000] {ssh.py:524} INFO - 24/09/20 12:49:34 INFO ResourceUtils: ==============================================================
[2024-09-20T12:49:34.688+0000] {ssh.py:524} INFO - 24/09/20 12:49:34 INFO SparkContext: Submitted application: raw_ingestion
[2024-09-20T12:49:34.730+0000] {ssh.py:524} INFO - 24/09/20 12:49:34 INFO ResourceProfile: Default ResourceProfile created, executor resources: Map(cores -> name: cores, amount: 1, script: , vendor: , memory -> name: memory, amount: 1024, script: , vendor: , offHeap -> name: offHeap, amount: 0, script: , vendor: ), task resources: Map(cpus -> name: cpus, amount: 1.0)
[2024-09-20T12:49:34.744+0000] {ssh.py:524} INFO - 24/09/20 12:49:34 INFO ResourceProfile: Limiting resource is cpu
[2024-09-20T12:49:34.745+0000] {ssh.py:524} INFO - 24/09/20 12:49:34 INFO ResourceProfileManager: Added ResourceProfile id: 0
[2024-09-20T12:49:34.907+0000] {ssh.py:524} INFO - 24/09/20 12:49:34 INFO SecurityManager: Changing view acls to: root
[2024-09-20T12:49:34.909+0000] {ssh.py:524} INFO - 24/09/20 12:49:34 INFO SecurityManager: Changing modify acls to: root
[2024-09-20T12:49:34.910+0000] {ssh.py:524} INFO - 24/09/20 12:49:34 INFO SecurityManager: Changing view acls groups to: 
[2024-09-20T12:49:34.911+0000] {ssh.py:524} INFO - 24/09/20 12:49:34 INFO SecurityManager: Changing modify acls groups to: 
[2024-09-20T12:49:34.912+0000] {ssh.py:524} INFO - 24/09/20 12:49:34 INFO SecurityManager: SecurityManager: authentication disabled; ui acls disabled; users  with view permissions: Set(root); groups with view permissions: Set(); users  with modify permissions: Set(root); groups with modify permissions: Set()
[2024-09-20T12:49:35.334+0000] {ssh.py:524} INFO - 24/09/20 12:49:35 INFO Utils: Successfully started service 'sparkDriver' on port 43861.
[2024-09-20T12:49:35.664+0000] {ssh.py:524} INFO - 24/09/20 12:49:35 INFO SparkEnv: Registering MapOutputTracker
[2024-09-20T12:49:35.809+0000] {ssh.py:524} INFO - 24/09/20 12:49:35 INFO SparkEnv: Registering BlockManagerMaster
[2024-09-20T12:49:35.851+0000] {ssh.py:524} INFO - 24/09/20 12:49:35 INFO BlockManagerMasterEndpoint: Using org.apache.spark.storage.DefaultTopologyMapper for getting topology information
[2024-09-20T12:49:35.853+0000] {ssh.py:524} INFO - 24/09/20 12:49:35 INFO BlockManagerMasterEndpoint: BlockManagerMasterEndpoint up
[2024-09-20T12:49:35.867+0000] {ssh.py:524} INFO - 24/09/20 12:49:35 INFO SparkEnv: Registering BlockManagerMasterHeartbeat
[2024-09-20T12:49:35.966+0000] {ssh.py:524} INFO - 24/09/20 12:49:35 INFO DiskBlockManager: Created local directory at /tmp/blockmgr-0579925e-189c-43bf-9fd1-b77bdde8f859
[2024-09-20T12:49:35.994+0000] {ssh.py:524} INFO - 24/09/20 12:49:35 INFO MemoryStore: MemoryStore started with capacity 434.4 MiB
[2024-09-20T12:49:36.024+0000] {ssh.py:524} INFO - 24/09/20 12:49:36 INFO SparkEnv: Registering OutputCommitCoordinator
[2024-09-20T12:49:36.376+0000] {ssh.py:524} INFO - 24/09/20 12:49:36 WARN Utils: Service 'SparkUI' could not bind on port 4040. Attempting port 4041.
[2024-09-20T12:49:36.379+0000] {ssh.py:524} INFO - 24/09/20 12:49:36 WARN Utils: Service 'SparkUI' could not bind on port 4041. Attempting port 4042.
[2024-09-20T12:49:36.394+0000] {ssh.py:524} INFO - 24/09/20 12:49:36 INFO Utils: Successfully started service 'SparkUI' on port 4042.
[2024-09-20T12:49:36.641+0000] {ssh.py:524} INFO - 24/09/20 12:49:36 INFO Executor: Starting executor ID driver on host spark-master
[2024-09-20T12:49:36.669+0000] {ssh.py:524} INFO - 24/09/20 12:49:36 INFO Executor: Starting executor with user classpath (userClassPathFirst = false): ''
[2024-09-20T12:49:36.736+0000] {ssh.py:524} INFO - 24/09/20 12:49:36 INFO Utils: Successfully started service 'org.apache.spark.network.netty.NettyBlockTransferService' on port 42391.
[2024-09-20T12:49:36.736+0000] {ssh.py:524} INFO - 24/09/20 12:49:36 INFO NettyBlockTransferService: Server created on spark-master:42391
[2024-09-20T12:49:36.741+0000] {ssh.py:524} INFO - 24/09/20 12:49:36 INFO BlockManager: Using org.apache.spark.storage.RandomBlockReplicationPolicy for block replication policy
[2024-09-20T12:49:36.792+0000] {ssh.py:524} INFO - 24/09/20 12:49:36 INFO BlockManagerMaster: Registering BlockManager BlockManagerId(driver, spark-master, 42391, None)
[2024-09-20T12:49:36.814+0000] {ssh.py:524} INFO - 24/09/20 12:49:36 INFO BlockManagerMasterEndpoint: Registering block manager spark-master:42391 with 434.4 MiB RAM, BlockManagerId(driver, spark-master, 42391, None)
[2024-09-20T12:49:36.818+0000] {ssh.py:524} INFO - 24/09/20 12:49:36 INFO BlockManagerMaster: Registered BlockManager BlockManagerId(driver, spark-master, 42391, None)
[2024-09-20T12:49:36.820+0000] {ssh.py:524} INFO - 24/09/20 12:49:36 INFO BlockManager: Initialized BlockManager: BlockManagerId(driver, spark-master, 42391, None)
[2024-09-20T12:49:42.671+0000] {ssh.py:524} INFO - 24/09/20 12:49:42 INFO SharedState: Setting hive.metastore.warehouse.dir ('null') to the value of spark.sql.warehouse.dir.
[2024-09-20T12:49:42.718+0000] {ssh.py:524} INFO - 24/09/20 12:49:42 INFO SharedState: Warehouse path is 'file:/root/spark-warehouse'.
[2024-09-20T12:49:50.845+0000] {ssh.py:524} INFO - 24/09/20 12:49:50 WARN MetricsConfig: Cannot locate configuration: tried hadoop-metrics2-s3a-file-system.properties,hadoop-metrics2.properties
[2024-09-20T12:49:50.968+0000] {ssh.py:524} INFO - 24/09/20 12:49:50 INFO MetricsSystemImpl: Scheduled Metric snapshot period at 10 second(s).
[2024-09-20T12:49:50.969+0000] {ssh.py:524} INFO - 24/09/20 12:49:50 INFO MetricsSystemImpl: s3a-file-system metrics system started
[2024-09-20T12:49:55.999+0000] {ssh.py:524} INFO - 24/09/20 12:49:55 WARN AbstractS3ACommitterFactory: Using standard FileOutputCommitter to commit work. This is slow and potentially unsafe.
[2024-09-20T12:49:56.001+0000] {ssh.py:524} INFO - 24/09/20 12:49:56 INFO FileOutputCommitter: File Output Committer Algorithm version is 1
[2024-09-20T12:49:56.002+0000] {ssh.py:524} INFO - 24/09/20 12:49:56 INFO FileOutputCommitter: FileOutputCommitter skip cleanup _temporary folders under output directory:false, ignore cleanup failures: false
[2024-09-20T12:49:56.010+0000] {ssh.py:524} INFO - 24/09/20 12:49:56 INFO AbstractS3ACommitterFactory: Using Committer FileOutputCommitter{PathOutputCommitter{context=TaskAttemptContextImpl{JobContextImpl{jobId=job_202409201249557213095297770742439_0000}; taskId=attempt_202409201249557213095297770742439_0000_m_000000_0, status=''}; org.apache.hadoop.mapreduce.lib.output.FileOutputCommitter@5db543e3}; outputPath=s3a://raw/olhovivo/corredor/dt=2024-09-20, workPath=s3a://raw/olhovivo/corredor/dt=2024-09-20/_temporary/0/_temporary/attempt_202409201249557213095297770742439_0000_m_000000_0, algorithmVersion=1, skipCleanup=false, ignoreCleanupFailures=false} for s3a://raw/olhovivo/corredor/dt=2024-09-20
[2024-09-20T12:49:56.012+0000] {ssh.py:524} INFO - 24/09/20 12:49:56 INFO SQLHadoopMapReduceCommitProtocol: Using output committer class org.apache.hadoop.mapreduce.lib.output.FileOutputCommitter
[2024-09-20T12:49:57.182+0000] {ssh.py:524} INFO - 24/09/20 12:49:57 INFO CodeGenerator: Code generated in 407.863495 ms
[2024-09-20T12:49:57.712+0000] {ssh.py:524} INFO - 24/09/20 12:49:57 INFO SparkContext: Starting job: save at NativeMethodAccessorImpl.java:0
[2024-09-20T12:49:58.486+0000] {ssh.py:524} INFO - 24/09/20 12:49:58 INFO DAGScheduler: Got job 0 (save at NativeMethodAccessorImpl.java:0) with 12 output partitions
[2024-09-20T12:49:58.486+0000] {ssh.py:524} INFO - 24/09/20 12:49:58 INFO DAGScheduler: Final stage: ResultStage 0 (save at NativeMethodAccessorImpl.java:0)
[2024-09-20T12:49:58.487+0000] {ssh.py:524} INFO - 24/09/20 12:49:58 INFO DAGScheduler: Parents of final stage: List()
[2024-09-20T12:49:58.488+0000] {ssh.py:524} INFO - 24/09/20 12:49:58 INFO DAGScheduler: Missing parents: List()
[2024-09-20T12:49:58.494+0000] {ssh.py:524} INFO - 24/09/20 12:49:58 INFO DAGScheduler: Submitting ResultStage 0 (MapPartitionsRDD[5] at save at NativeMethodAccessorImpl.java:0), which has no missing parents
[2024-09-20T12:49:58.844+0000] {ssh.py:524} INFO - 24/09/20 12:49:58 INFO MemoryStore: Block broadcast_0 stored as values in memory (estimated size 219.7 KiB, free 434.2 MiB)
[2024-09-20T12:49:59.043+0000] {ssh.py:524} INFO - 24/09/20 12:49:59 INFO MemoryStore: Block broadcast_0_piece0 stored as bytes in memory (estimated size 80.4 KiB, free 434.1 MiB)
[2024-09-20T12:49:59.060+0000] {ssh.py:524} INFO - 24/09/20 12:49:59 INFO BlockManagerInfo: Added broadcast_0_piece0 in memory on spark-master:42391 (size: 80.4 KiB, free: 434.3 MiB)
[2024-09-20T12:49:59.067+0000] {ssh.py:524} INFO - 24/09/20 12:49:59 INFO SparkContext: Created broadcast 0 from broadcast at DAGScheduler.scala:1513
[2024-09-20T12:49:59.108+0000] {ssh.py:524} INFO - 24/09/20 12:49:59 INFO DAGScheduler: Submitting 12 missing tasks from ResultStage 0 (MapPartitionsRDD[5] at save at NativeMethodAccessorImpl.java:0) (first 15 tasks are for partitions Vector(0, 1, 2, 3, 4, 5, 6, 7, 8, 9, 10, 11))
[2024-09-20T12:49:59.121+0000] {ssh.py:524} INFO - 24/09/20 12:49:59 INFO TaskSchedulerImpl: Adding task set 0.0 with 12 tasks resource profile 0
[2024-09-20T12:49:59.306+0000] {ssh.py:524} INFO - 24/09/20 12:49:59 INFO TaskSetManager: Starting task 0.0 in stage 0.0 (TID 0) (spark-master, executor driver, partition 0, PROCESS_LOCAL, 4433 bytes) taskResourceAssignments Map()
[2024-09-20T12:49:59.313+0000] {ssh.py:524} INFO - 24/09/20 12:49:59 INFO TaskSetManager: Starting task 1.0 in stage 0.0 (TID 1) (spark-master, executor driver, partition 1, PROCESS_LOCAL, 4476 bytes) taskResourceAssignments Map()
[2024-09-20T12:49:59.319+0000] {ssh.py:524} INFO - 24/09/20 12:49:59 INFO TaskSetManager: Starting task 2.0 in stage 0.0 (TID 2) (spark-master, executor driver, partition 2, PROCESS_LOCAL, 4433 bytes) taskResourceAssignments Map()
[2024-09-20T12:49:59.321+0000] {ssh.py:524} INFO - 24/09/20 12:49:59 INFO TaskSetManager: Starting task 3.0 in stage 0.0 (TID 3) (spark-master, executor driver, partition 3, PROCESS_LOCAL, 4484 bytes) taskResourceAssignments Map()
[2024-09-20T12:49:59.322+0000] {ssh.py:524} INFO - 24/09/20 12:49:59 INFO TaskSetManager: Starting task 4.0 in stage 0.0 (TID 4) (spark-master, executor driver, partition 4, PROCESS_LOCAL, 4433 bytes) taskResourceAssignments Map()
[2024-09-20T12:49:59.323+0000] {ssh.py:524} INFO - 24/09/20 12:49:59 INFO TaskSetManager: Starting task 5.0 in stage 0.0 (TID 5) (spark-master, executor driver, partition 5, PROCESS_LOCAL, 4480 bytes) taskResourceAssignments Map()
[2024-09-20T12:49:59.324+0000] {ssh.py:524} INFO - 24/09/20 12:49:59 INFO TaskSetManager: Starting task 6.0 in stage 0.0 (TID 6) (spark-master, executor driver, partition 6, PROCESS_LOCAL, 4476 bytes) taskResourceAssignments Map()
[2024-09-20T12:49:59.326+0000] {ssh.py:524} INFO - 24/09/20 12:49:59 INFO TaskSetManager: Starting task 7.0 in stage 0.0 (TID 7) (spark-master, executor driver, partition 7, PROCESS_LOCAL, 4433 bytes) taskResourceAssignments Map()
[2024-09-20T12:49:59.328+0000] {ssh.py:524} INFO - 24/09/20 12:49:59 INFO TaskSetManager: Starting task 8.0 in stage 0.0 (TID 8) (spark-master, executor driver, partition 8, PROCESS_LOCAL, 4473 bytes) taskResourceAssignments Map()
[2024-09-20T12:49:59.350+0000] {ssh.py:524} INFO - 24/09/20 12:49:59 INFO TaskSetManager: Starting task 9.0 in stage 0.0 (TID 9) (spark-master, executor driver, partition 9, PROCESS_LOCAL, 4433 bytes) taskResourceAssignments Map()
[2024-09-20T12:49:59.351+0000] {ssh.py:524} INFO - 24/09/20 12:49:59 INFO TaskSetManager: Starting task 10.0 in stage 0.0 (TID 10) (spark-master, executor driver, partition 10, PROCESS_LOCAL, 4476 bytes) taskResourceAssignments Map()
[2024-09-20T12:49:59.352+0000] {ssh.py:524} INFO - 24/09/20 12:49:59 INFO TaskSetManager: Starting task 11.0 in stage 0.0 (TID 11) (spark-master, executor driver, partition 11, PROCESS_LOCAL, 4479 bytes) taskResourceAssignments Map()
[2024-09-20T12:49:59.413+0000] {ssh.py:524} INFO - 24/09/20 12:49:59 INFO Executor: Running task 0.0 in stage 0.0 (TID 0)
[2024-09-20T12:49:59.413+0000] {ssh.py:524} INFO - 24/09/20 12:49:59 INFO Executor: Running task 11.0 in stage 0.0 (TID 11)
[2024-09-20T12:49:59.414+0000] {ssh.py:524} INFO - 24/09/20 12:49:59 INFO Executor: Running task 2.0 in stage 0.0 (TID 2)
[2024-09-20T12:49:59.414+0000] {ssh.py:524} INFO - 24/09/20 12:49:59 INFO Executor: Running task 9.0 in stage 0.0 (TID 9)
[2024-09-20T12:49:59.415+0000] {ssh.py:524} INFO - 24/09/20 12:49:59 INFO Executor: Running task 3.0 in stage 0.0 (TID 3)
[2024-09-20T12:49:59.416+0000] {ssh.py:524} INFO - 24/09/20 12:49:59 INFO Executor: Running task 6.0 in stage 0.0 (TID 6)
[2024-09-20T12:49:59.416+0000] {ssh.py:524} INFO - 24/09/20 12:49:59 INFO Executor: Running task 10.0 in stage 0.0 (TID 10)
[2024-09-20T12:49:59.417+0000] {ssh.py:524} INFO - 24/09/20 12:49:59 INFO Executor: Running task 4.0 in stage 0.0 (TID 4)
[2024-09-20T12:49:59.417+0000] {ssh.py:524} INFO - 24/09/20 12:49:59 INFO Executor: Running task 7.0 in stage 0.0 (TID 7)
[2024-09-20T12:49:59.418+0000] {ssh.py:524} INFO - 24/09/20 12:49:59 INFO Executor: Running task 1.0 in stage 0.0 (TID 1)
[2024-09-20T12:49:59.418+0000] {ssh.py:524} INFO - 24/09/20 12:49:59 INFO Executor: Running task 5.0 in stage 0.0 (TID 5)
[2024-09-20T12:49:59.419+0000] {ssh.py:524} INFO - 24/09/20 12:49:59 INFO Executor: Running task 8.0 in stage 0.0 (TID 8)
[2024-09-20T12:50:01.773+0000] {ssh.py:524} INFO - 24/09/20 12:50:01 WARN AbstractS3ACommitterFactory: Using standard FileOutputCommitter to commit work. This is slow and potentially unsafe.
[2024-09-20T12:50:01.773+0000] {ssh.py:524} INFO - 24/09/20 12:50:01 WARN AbstractS3ACommitterFactory: Using standard FileOutputCommitter to commit work. This is slow and potentially unsafe.
[2024-09-20T12:50:01.774+0000] {ssh.py:524} INFO - 24/09/20 12:50:01 WARN AbstractS3ACommitterFactory: Using standard FileOutputCommitter to commit work. This is slow and potentially unsafe.
[2024-09-20T12:50:01.774+0000] {ssh.py:524} INFO - 24/09/20 12:50:01 WARN AbstractS3ACommitterFactory: Using standard FileOutputCommitter to commit work. This is slow and potentially unsafe.
[2024-09-20T12:50:01.775+0000] {ssh.py:524} INFO - 24/09/20 12:50:01 WARN AbstractS3ACommitterFactory: Using standard FileOutputCommitter to commit work. This is slow and potentially unsafe.
[2024-09-20T12:50:01.775+0000] {ssh.py:524} INFO - 24/09/20 12:50:01 WARN AbstractS3ACommitterFactory: Using standard FileOutputCommitter to commit work. This is slow and potentially unsafe.
[2024-09-20T12:50:01.775+0000] {ssh.py:524} INFO - 24/09/20 12:50:01 WARN AbstractS3ACommitterFactory: Using standard FileOutputCommitter to commit work. This is slow and potentially unsafe.
[2024-09-20T12:50:01.776+0000] {ssh.py:524} INFO - 24/09/20 12:50:01 WARN AbstractS3ACommitterFactory: Using standard FileOutputCommitter to commit work. This is slow and potentially unsafe.
[2024-09-20T12:50:01.776+0000] {ssh.py:524} INFO - 24/09/20 12:50:01 WARN AbstractS3ACommitterFactory: Using standard FileOutputCommitter to commit work. This is slow and potentially unsafe.
[2024-09-20T12:50:01.777+0000] {ssh.py:524} INFO - 24/09/20 12:50:01 WARN AbstractS3ACommitterFactory: Using standard FileOutputCommitter to commit work. This is slow and potentially unsafe.
[2024-09-20T12:50:01.777+0000] {ssh.py:524} INFO - 24/09/20 12:50:01 WARN AbstractS3ACommitterFactory: Using standard FileOutputCommitter to commit work. This is slow and potentially unsafe.
[2024-09-20T12:50:01.777+0000] {ssh.py:524} INFO - 24/09/20 12:50:01 INFO FileOutputCommitter: File Output Committer Algorithm version is 1
[2024-09-20T12:50:01.778+0000] {ssh.py:524} INFO - 24/09/20 12:50:01 INFO FileOutputCommitter: File Output Committer Algorithm version is 1
[2024-09-20T12:50:01.778+0000] {ssh.py:524} INFO - 24/09/20 12:50:01 INFO FileOutputCommitter: File Output Committer Algorithm version is 1
[2024-09-20T12:50:01.779+0000] {ssh.py:524} INFO - 24/09/20 12:50:01 INFO FileOutputCommitter: File Output Committer Algorithm version is 1
[2024-09-20T12:50:01.779+0000] {ssh.py:524} INFO - 24/09/20 12:50:01 INFO FileOutputCommitter: FileOutputCommitter skip cleanup _temporary folders under output directory:false, ignore cleanup failures: false
[2024-09-20T12:50:01.780+0000] {ssh.py:524} INFO - 24/09/20 12:50:01 INFO FileOutputCommitter: FileOutputCommitter skip cleanup _temporary folders under output directory:false, ignore cleanup failures: false
[2024-09-20T12:50:01.780+0000] {ssh.py:524} INFO - 24/09/20 12:50:01 INFO FileOutputCommitter: FileOutputCommitter skip cleanup _temporary folders under output directory:false, ignore cleanup failures: false
[2024-09-20T12:50:01.781+0000] {ssh.py:524} INFO - 24/09/20 12:50:01 INFO FileOutputCommitter: FileOutputCommitter skip cleanup _temporary folders under output directory:false, ignore cleanup failures: false
[2024-09-20T12:50:01.781+0000] {ssh.py:524} INFO - 24/09/20 12:50:01 INFO AbstractS3ACommitterFactory: Using Committer FileOutputCommitter{PathOutputCommitter{context=TaskAttemptContextImpl{JobContextImpl{jobId=job_202409201249574285766301867002959_0000}; taskId=attempt_202409201249574285766301867002959_0000_m_000005_5, status=''}; org.apache.hadoop.mapreduce.lib.output.FileOutputCommitter@6c2ab4f}; outputPath=s3a://raw/olhovivo/corredor/dt=2024-09-20, workPath=s3a://raw/olhovivo/corredor/dt=2024-09-20/_temporary/0/_temporary/attempt_202409201249574285766301867002959_0000_m_000005_5, algorithmVersion=1, skipCleanup=false, ignoreCleanupFailures=false} for s3a://raw/olhovivo/corredor/dt=2024-09-20
[2024-09-20T12:50:01.782+0000] {ssh.py:524} INFO - 24/09/20 12:50:01 INFO AbstractS3ACommitterFactory: Using Committer FileOutputCommitter{PathOutputCommitter{context=TaskAttemptContextImpl{JobContextImpl{jobId=job_202409201249571287655116272739355_0000}; taskId=attempt_202409201249571287655116272739355_0000_m_000000_0, status=''}; org.apache.hadoop.mapreduce.lib.output.FileOutputCommitter@565d1581}; outputPath=s3a://raw/olhovivo/corredor/dt=2024-09-20, workPath=s3a://raw/olhovivo/corredor/dt=2024-09-20/_temporary/0/_temporary/attempt_202409201249571287655116272739355_0000_m_000000_0, algorithmVersion=1, skipCleanup=false, ignoreCleanupFailures=false} for s3a://raw/olhovivo/corredor/dt=2024-09-20
[2024-09-20T12:50:01.783+0000] {ssh.py:524} INFO - 24/09/20 12:50:01 INFO FileOutputCommitter: File Output Committer Algorithm version is 1
[2024-09-20T12:50:01.784+0000] {ssh.py:524} INFO - 24/09/20 12:50:01 INFO FileOutputCommitter: File Output Committer Algorithm version is 1
[2024-09-20T12:50:01.784+0000] {ssh.py:524} INFO - 24/09/20 12:50:01 INFO FileOutputCommitter: File Output Committer Algorithm version is 1
[2024-09-20T12:50:01.785+0000] {ssh.py:524} INFO - 24/09/20 12:50:01 INFO FileOutputCommitter: FileOutputCommitter skip cleanup _temporary folders under output directory:false, ignore cleanup failures: false
[2024-09-20T12:50:01.786+0000] {ssh.py:524} INFO - 24/09/20 12:50:01 INFO FileOutputCommitter: File Output Committer Algorithm version is 1
[2024-09-20T12:50:01.787+0000] {ssh.py:524} INFO - 24/09/20 12:50:01 INFO FileOutputCommitter: FileOutputCommitter skip cleanup _temporary folders under output directory:false, ignore cleanup failures: false
[2024-09-20T12:50:01.787+0000] {ssh.py:524} INFO - 24/09/20 12:50:01 INFO FileOutputCommitter: File Output Committer Algorithm version is 1
[2024-09-20T12:50:01.788+0000] {ssh.py:524} INFO - 24/09/20 12:50:01 INFO FileOutputCommitter: FileOutputCommitter skip cleanup _temporary folders under output directory:false, ignore cleanup failures: false
[2024-09-20T12:50:01.789+0000] {ssh.py:524} INFO - 24/09/20 12:50:01 INFO FileOutputCommitter: FileOutputCommitter skip cleanup _temporary folders under output directory:false, ignore cleanup failures: false
[2024-09-20T12:50:01.791+0000] {ssh.py:524} INFO - 24/09/20 12:50:01 INFO FileOutputCommitter: File Output Committer Algorithm version is 1
[2024-09-20T12:50:01.791+0000] {ssh.py:524} INFO - 24/09/20 12:50:01 INFO FileOutputCommitter: FileOutputCommitter skip cleanup _temporary folders under output directory:false, ignore cleanup failures: false
[2024-09-20T12:50:01.792+0000] {ssh.py:524} INFO - 24/09/20 12:50:01 INFO FileOutputCommitter: FileOutputCommitter skip cleanup _temporary folders under output directory:false, ignore cleanup failures: false
[2024-09-20T12:50:01.792+0000] {ssh.py:524} INFO - 24/09/20 12:50:01 INFO AbstractS3ACommitterFactory: Using Committer FileOutputCommitter{PathOutputCommitter{context=TaskAttemptContextImpl{JobContextImpl{jobId=job_202409201249576501110207596267281_0000}; taskId=attempt_202409201249576501110207596267281_0000_m_000008_8, status=''}; org.apache.hadoop.mapreduce.lib.output.FileOutputCommitter@5c54ac0a}; outputPath=s3a://raw/olhovivo/corredor/dt=2024-09-20, workPath=s3a://raw/olhovivo/corredor/dt=2024-09-20/_temporary/0/_temporary/attempt_202409201249576501110207596267281_0000_m_000008_8, algorithmVersion=1, skipCleanup=false, ignoreCleanupFailures=false} for s3a://raw/olhovivo/corredor/dt=2024-09-20
[2024-09-20T12:50:01.793+0000] {ssh.py:524} INFO - 24/09/20 12:50:01 INFO AbstractS3ACommitterFactory: Using Committer FileOutputCommitter{PathOutputCommitter{context=TaskAttemptContextImpl{JobContextImpl{jobId=job_202409201249575715938618608859593_0000}; taskId=attempt_202409201249575715938618608859593_0000_m_000003_3, status=''}; org.apache.hadoop.mapreduce.lib.output.FileOutputCommitter@77c205d9}; outputPath=s3a://raw/olhovivo/corredor/dt=2024-09-20, workPath=s3a://raw/olhovivo/corredor/dt=2024-09-20/_temporary/0/_temporary/attempt_202409201249575715938618608859593_0000_m_000003_3, algorithmVersion=1, skipCleanup=false, ignoreCleanupFailures=false} for s3a://raw/olhovivo/corredor/dt=2024-09-20
[2024-09-20T12:50:01.793+0000] {ssh.py:524} INFO - 24/09/20 12:50:01 INFO AbstractS3ACommitterFactory: Using Committer FileOutputCommitter{PathOutputCommitter{context=TaskAttemptContextImpl{JobContextImpl{jobId=job_202409201249577065535475644280121_0000}; taskId=attempt_202409201249577065535475644280121_0000_m_000007_7, status=''}; org.apache.hadoop.mapreduce.lib.output.FileOutputCommitter@4219725f}; outputPath=s3a://raw/olhovivo/corredor/dt=2024-09-20, workPath=s3a://raw/olhovivo/corredor/dt=2024-09-20/_temporary/0/_temporary/attempt_202409201249577065535475644280121_0000_m_000007_7, algorithmVersion=1, skipCleanup=false, ignoreCleanupFailures=false} for s3a://raw/olhovivo/corredor/dt=2024-09-20
[2024-09-20T12:50:01.794+0000] {ssh.py:524} INFO - 24/09/20 12:50:01 INFO AbstractS3ACommitterFactory: Using Committer FileOutputCommitter{PathOutputCommitter{context=TaskAttemptContextImpl{JobContextImpl{jobId=job_202409201249575524550742482857780_0000}; taskId=attempt_202409201249575524550742482857780_0000_m_000011_11, status=''}; org.apache.hadoop.mapreduce.lib.output.FileOutputCommitter@2fc7ae6d}; outputPath=s3a://raw/olhovivo/corredor/dt=2024-09-20, workPath=s3a://raw/olhovivo/corredor/dt=2024-09-20/_temporary/0/_temporary/attempt_202409201249575524550742482857780_0000_m_000011_11, algorithmVersion=1, skipCleanup=false, ignoreCleanupFailures=false} for s3a://raw/olhovivo/corredor/dt=2024-09-20
[2024-09-20T12:50:01.794+0000] {ssh.py:524} INFO - 24/09/20 12:50:01 INFO FileOutputCommitter: File Output Committer Algorithm version is 1
[2024-09-20T12:50:01.795+0000] {ssh.py:524} INFO - 24/09/20 12:50:01 INFO AbstractS3ACommitterFactory: Using Committer FileOutputCommitter{PathOutputCommitter{context=TaskAttemptContextImpl{JobContextImpl{jobId=job_202409201249574942493433143534822_0000}; taskId=attempt_202409201249574942493433143534822_0000_m_000001_1, status=''}; org.apache.hadoop.mapreduce.lib.output.FileOutputCommitter@32abcadc}; outputPath=s3a://raw/olhovivo/corredor/dt=2024-09-20, workPath=s3a://raw/olhovivo/corredor/dt=2024-09-20/_temporary/0/_temporary/attempt_202409201249574942493433143534822_0000_m_000001_1, algorithmVersion=1, skipCleanup=false, ignoreCleanupFailures=false} for s3a://raw/olhovivo/corredor/dt=2024-09-20
[2024-09-20T12:50:01.795+0000] {ssh.py:524} INFO - 24/09/20 12:50:01 INFO FileOutputCommitter: FileOutputCommitter skip cleanup _temporary folders under output directory:false, ignore cleanup failures: false
[2024-09-20T12:50:01.796+0000] {ssh.py:524} INFO - 24/09/20 12:50:01 INFO AbstractS3ACommitterFactory: Using Committer FileOutputCommitter{PathOutputCommitter{context=TaskAttemptContextImpl{JobContextImpl{jobId=job_202409201249576998803556947648064_0000}; taskId=attempt_202409201249576998803556947648064_0000_m_000004_4, status=''}; org.apache.hadoop.mapreduce.lib.output.FileOutputCommitter@551ac3ce}; outputPath=s3a://raw/olhovivo/corredor/dt=2024-09-20, workPath=s3a://raw/olhovivo/corredor/dt=2024-09-20/_temporary/0/_temporary/attempt_202409201249576998803556947648064_0000_m_000004_4, algorithmVersion=1, skipCleanup=false, ignoreCleanupFailures=false} for s3a://raw/olhovivo/corredor/dt=2024-09-20
[2024-09-20T12:50:01.796+0000] {ssh.py:524} INFO - 24/09/20 12:50:01 INFO AbstractS3ACommitterFactory: Using Committer FileOutputCommitter{PathOutputCommitter{context=TaskAttemptContextImpl{JobContextImpl{jobId=job_202409201249579092678160451170637_0000}; taskId=attempt_202409201249579092678160451170637_0000_m_000006_6, status=''}; org.apache.hadoop.mapreduce.lib.output.FileOutputCommitter@5e59bece}; outputPath=s3a://raw/olhovivo/corredor/dt=2024-09-20, workPath=s3a://raw/olhovivo/corredor/dt=2024-09-20/_temporary/0/_temporary/attempt_202409201249579092678160451170637_0000_m_000006_6, algorithmVersion=1, skipCleanup=false, ignoreCleanupFailures=false} for s3a://raw/olhovivo/corredor/dt=2024-09-20
[2024-09-20T12:50:01.796+0000] {ssh.py:524} INFO - 24/09/20 12:50:01 INFO AbstractS3ACommitterFactory: Using Committer FileOutputCommitter{PathOutputCommitter{context=TaskAttemptContextImpl{JobContextImpl{jobId=job_20240920124957981451680143369041_0000}; taskId=attempt_20240920124957981451680143369041_0000_m_000002_2, status=''}; org.apache.hadoop.mapreduce.lib.output.FileOutputCommitter@66cea3e6}; outputPath=s3a://raw/olhovivo/corredor/dt=2024-09-20, workPath=s3a://raw/olhovivo/corredor/dt=2024-09-20/_temporary/0/_temporary/attempt_20240920124957981451680143369041_0000_m_000002_2, algorithmVersion=1, skipCleanup=false, ignoreCleanupFailures=false} for s3a://raw/olhovivo/corredor/dt=2024-09-20
[2024-09-20T12:50:01.797+0000] {ssh.py:524} INFO - 24/09/20 12:50:01 WARN AbstractS3ACommitterFactory: Using standard FileOutputCommitter to commit work. This is slow and potentially unsafe.
[2024-09-20T12:50:01.797+0000] {ssh.py:524} INFO - 24/09/20 12:50:01 INFO FileOutputCommitter: File Output Committer Algorithm version is 1
[2024-09-20T12:50:01.798+0000] {ssh.py:524} INFO - 24/09/20 12:50:01 INFO FileOutputCommitter: FileOutputCommitter skip cleanup _temporary folders under output directory:false, ignore cleanup failures: false
[2024-09-20T12:50:01.798+0000] {ssh.py:524} INFO - 24/09/20 12:50:01 INFO AbstractS3ACommitterFactory: Using Committer FileOutputCommitter{PathOutputCommitter{context=TaskAttemptContextImpl{JobContextImpl{jobId=job_202409201249577589989648917465986_0000}; taskId=attempt_202409201249577589989648917465986_0000_m_000010_10, status=''}; org.apache.hadoop.mapreduce.lib.output.FileOutputCommitter@589d8931}; outputPath=s3a://raw/olhovivo/corredor/dt=2024-09-20, workPath=s3a://raw/olhovivo/corredor/dt=2024-09-20/_temporary/0/_temporary/attempt_202409201249577589989648917465986_0000_m_000010_10, algorithmVersion=1, skipCleanup=false, ignoreCleanupFailures=false} for s3a://raw/olhovivo/corredor/dt=2024-09-20
[2024-09-20T12:50:01.799+0000] {ssh.py:524} INFO - 24/09/20 12:50:01 INFO SQLHadoopMapReduceCommitProtocol: Using output committer class org.apache.hadoop.mapreduce.lib.output.FileOutputCommitter
[2024-09-20T12:50:01.799+0000] {ssh.py:524} INFO - 24/09/20 12:50:01 INFO SQLHadoopMapReduceCommitProtocol: Using output committer class org.apache.hadoop.mapreduce.lib.output.FileOutputCommitter
[2024-09-20T12:50:01.800+0000] {ssh.py:524} INFO - 24/09/20 12:50:01 INFO SQLHadoopMapReduceCommitProtocol: Using output committer class org.apache.hadoop.mapreduce.lib.output.FileOutputCommitter
[2024-09-20T12:50:01.801+0000] {ssh.py:524} INFO - 24/09/20 12:50:01 INFO SQLHadoopMapReduceCommitProtocol: Using output committer class org.apache.hadoop.mapreduce.lib.output.FileOutputCommitter
[2024-09-20T12:50:01.801+0000] {ssh.py:524} INFO - 24/09/20 12:50:01 INFO SQLHadoopMapReduceCommitProtocol: Using output committer class org.apache.hadoop.mapreduce.lib.output.FileOutputCommitter
[2024-09-20T12:50:01.802+0000] {ssh.py:524} INFO - 24/09/20 12:50:01 INFO SQLHadoopMapReduceCommitProtocol: Using output committer class org.apache.hadoop.mapreduce.lib.output.FileOutputCommitter
[2024-09-20T12:50:01.803+0000] {ssh.py:524} INFO - 24/09/20 12:50:01 INFO SQLHadoopMapReduceCommitProtocol: Using output committer class org.apache.hadoop.mapreduce.lib.output.FileOutputCommitter
[2024-09-20T12:50:01.803+0000] {ssh.py:524} INFO - 24/09/20 12:50:01 INFO SQLHadoopMapReduceCommitProtocol: Using output committer class org.apache.hadoop.mapreduce.lib.output.FileOutputCommitter
[2024-09-20T12:50:01.804+0000] {ssh.py:524} INFO - 24/09/20 12:50:01 INFO SQLHadoopMapReduceCommitProtocol: Using output committer class org.apache.hadoop.mapreduce.lib.output.FileOutputCommitter
[2024-09-20T12:50:01.804+0000] {ssh.py:524} INFO - 24/09/20 12:50:01 INFO SQLHadoopMapReduceCommitProtocol: Using output committer class org.apache.hadoop.mapreduce.lib.output.FileOutputCommitter
[2024-09-20T12:50:01.805+0000] {ssh.py:524} INFO - 24/09/20 12:50:01 INFO AbstractS3ACommitterFactory: Using Committer FileOutputCommitter{PathOutputCommitter{context=TaskAttemptContextImpl{JobContextImpl{jobId=job_202409201249571954645809641730226_0000}; taskId=attempt_202409201249571954645809641730226_0000_m_000009_9, status=''}; org.apache.hadoop.mapreduce.lib.output.FileOutputCommitter@1d6ccbb1}; outputPath=s3a://raw/olhovivo/corredor/dt=2024-09-20, workPath=s3a://raw/olhovivo/corredor/dt=2024-09-20/_temporary/0/_temporary/attempt_202409201249571954645809641730226_0000_m_000009_9, algorithmVersion=1, skipCleanup=false, ignoreCleanupFailures=false} for s3a://raw/olhovivo/corredor/dt=2024-09-20
[2024-09-20T12:50:01.806+0000] {ssh.py:524} INFO - 24/09/20 12:50:01 INFO SQLHadoopMapReduceCommitProtocol: Using output committer class org.apache.hadoop.mapreduce.lib.output.FileOutputCommitter
[2024-09-20T12:50:01.807+0000] {ssh.py:524} INFO - 24/09/20 12:50:01 INFO SQLHadoopMapReduceCommitProtocol: Using output committer class org.apache.hadoop.mapreduce.lib.output.FileOutputCommitter
[2024-09-20T12:50:01.841+0000] {ssh.py:524} INFO - 24/09/20 12:50:01 INFO PythonRunner: Times: total = 1315, boot = 820, init = 495, finish = 0
[2024-09-20T12:50:01.841+0000] {ssh.py:524} INFO - 24/09/20 12:50:01 INFO PythonRunner: Times: total = 1305, boot = 770, init = 535, finish = 0
[2024-09-20T12:50:01.842+0000] {ssh.py:524} INFO - 24/09/20 12:50:01 INFO PythonRunner: Times: total = 1293, boot = 753, init = 540, finish = 0
[2024-09-20T12:50:01.860+0000] {ssh.py:524} INFO - 24/09/20 12:50:01 INFO PythonRunner: Times: total = 1394, boot = 860, init = 534, finish = 0
[2024-09-20T12:50:02.350+0000] {ssh.py:524} INFO - 24/09/20 12:50:02 INFO SparkHadoopMapRedUtil: No need to commit output of task because needsTaskCommit=false: attempt_20240920124957981451680143369041_0000_m_000002_2
[2024-09-20T12:50:02.351+0000] {ssh.py:524} INFO - 24/09/20 12:50:02 INFO SparkHadoopMapRedUtil: No need to commit output of task because needsTaskCommit=false: attempt_202409201249576998803556947648064_0000_m_000004_4
[2024-09-20T12:50:02.351+0000] {ssh.py:524} INFO - 24/09/20 12:50:02 INFO SparkHadoopMapRedUtil: No need to commit output of task because needsTaskCommit=false: attempt_202409201249571954645809641730226_0000_m_000009_9
[2024-09-20T12:50:02.352+0000] {ssh.py:524} INFO - 24/09/20 12:50:02 INFO SparkHadoopMapRedUtil: No need to commit output of task because needsTaskCommit=false: attempt_202409201249577065535475644280121_0000_m_000007_7
[2024-09-20T12:50:02.651+0000] {ssh.py:524} INFO - 24/09/20 12:50:02 INFO Executor: Finished task 2.0 in stage 0.0 (TID 2). 2871 bytes result sent to driver
[2024-09-20T12:50:02.652+0000] {ssh.py:524} INFO - 24/09/20 12:50:02 INFO Executor: Finished task 7.0 in stage 0.0 (TID 7). 2871 bytes result sent to driver
[2024-09-20T12:50:02.653+0000] {ssh.py:524} INFO - 24/09/20 12:50:02 INFO Executor: Finished task 9.0 in stage 0.0 (TID 9). 2871 bytes result sent to driver
[2024-09-20T12:50:02.654+0000] {ssh.py:524} INFO - 24/09/20 12:50:02 INFO Executor: Finished task 4.0 in stage 0.0 (TID 4). 2871 bytes result sent to driver
[2024-09-20T12:50:02.699+0000] {ssh.py:524} INFO - 24/09/20 12:50:02 INFO TaskSetManager: Finished task 7.0 in stage 0.0 (TID 7) in 3371 ms on spark-master (executor driver) (1/12)
[2024-09-20T12:50:02.703+0000] {ssh.py:524} INFO - 24/09/20 12:50:02 INFO TaskSetManager: Finished task 4.0 in stage 0.0 (TID 4) in 3381 ms on spark-master (executor driver) (2/12)
[2024-09-20T12:50:02.704+0000] {ssh.py:524} INFO - 24/09/20 12:50:02 INFO TaskSetManager: Finished task 9.0 in stage 0.0 (TID 9) in 3355 ms on spark-master (executor driver) (3/12)
[2024-09-20T12:50:02.705+0000] {ssh.py:524} INFO - 24/09/20 12:50:02 INFO TaskSetManager: Finished task 2.0 in stage 0.0 (TID 2) in 3388 ms on spark-master (executor driver) (4/12)
[2024-09-20T12:50:02.712+0000] {ssh.py:524} INFO - 24/09/20 12:50:02 INFO PythonAccumulatorV2: Connected to AccumulatorServer at host: 127.0.0.1 port: 37611
[2024-09-20T12:50:02.970+0000] {ssh.py:524} INFO - 24/09/20 12:50:02 INFO PythonRunner: Times: total = 1355, boot = 766, init = 589, finish = 0
[2024-09-20T12:50:03.032+0000] {ssh.py:524} INFO - 24/09/20 12:50:03 INFO PythonRunner: Times: total = 1361, boot = 841, init = 519, finish = 1
[2024-09-20T12:50:03.034+0000] {ssh.py:524} INFO - 24/09/20 12:50:03 INFO PythonRunner: Times: total = 1352, boot = 814, init = 538, finish = 0
[2024-09-20T12:50:03.034+0000] {ssh.py:524} INFO - 24/09/20 12:50:03 INFO PythonRunner: Times: total = 1378, boot = 854, init = 524, finish = 0
[2024-09-20T12:50:03.034+0000] {ssh.py:524} INFO - 24/09/20 12:50:03 INFO PythonRunner: Times: total = 1320, boot = 746, init = 569, finish = 5
[2024-09-20T12:50:03.035+0000] {ssh.py:524} INFO - 24/09/20 12:50:03 INFO PythonRunner: Times: total = 1360, boot = 789, init = 570, finish = 1
[2024-09-20T12:50:03.035+0000] {ssh.py:524} INFO - 24/09/20 12:50:03 INFO PythonRunner: Times: total = 1311, boot = 732, init = 578, finish = 1
[2024-09-20T12:50:03.036+0000] {ssh.py:524} INFO - 24/09/20 12:50:03 INFO PythonRunner: Times: total = 1357, boot = 780, init = 577, finish = 0
[2024-09-20T12:50:03.780+0000] {ssh.py:524} INFO - 24/09/20 12:50:03 INFO FileOutputCommitter: Saved output of task 'attempt_202409201249574942493433143534822_0000_m_000001_1' to s3a://raw/olhovivo/corredor/dt=2024-09-20/_temporary/0/task_202409201249574942493433143534822_0000_m_000001
[2024-09-20T12:50:03.781+0000] {ssh.py:524} INFO - 24/09/20 12:50:03 INFO FileOutputCommitter: Saved output of task 'attempt_202409201249571287655116272739355_0000_m_000000_0' to s3a://raw/olhovivo/corredor/dt=2024-09-20/_temporary/0/task_202409201249571287655116272739355_0000_m_000000
[2024-09-20T12:50:03.782+0000] {ssh.py:524} INFO - 24/09/20 12:50:03 INFO FileOutputCommitter: Saved output of task 'attempt_202409201249577589989648917465986_0000_m_000010_10' to s3a://raw/olhovivo/corredor/dt=2024-09-20/_temporary/0/task_202409201249577589989648917465986_0000_m_000010
[2024-09-20T12:50:03.782+0000] {ssh.py:524} INFO - 24/09/20 12:50:03 INFO FileOutputCommitter: Saved output of task 'attempt_202409201249575524550742482857780_0000_m_000011_11' to s3a://raw/olhovivo/corredor/dt=2024-09-20/_temporary/0/task_202409201249575524550742482857780_0000_m_000011
[2024-09-20T12:50:03.783+0000] {ssh.py:524} INFO - 24/09/20 12:50:03 INFO FileOutputCommitter: Saved output of task 'attempt_202409201249579092678160451170637_0000_m_000006_6' to s3a://raw/olhovivo/corredor/dt=2024-09-20/_temporary/0/task_202409201249579092678160451170637_0000_m_000006
[2024-09-20T12:50:03.784+0000] {ssh.py:524} INFO - 24/09/20 12:50:03 INFO FileOutputCommitter: Saved output of task 'attempt_202409201249574285766301867002959_0000_m_000005_5' to s3a://raw/olhovivo/corredor/dt=2024-09-20/_temporary/0/task_202409201249574285766301867002959_0000_m_000005
[2024-09-20T12:50:03.787+0000] {ssh.py:524} INFO - 24/09/20 12:50:03 INFO SparkHadoopMapRedUtil: attempt_202409201249571287655116272739355_0000_m_000000_0: Committed. Elapsed time: 411 ms.
[2024-09-20T12:50:03.788+0000] {ssh.py:524} INFO - 24/09/20 12:50:03 INFO SparkHadoopMapRedUtil: attempt_202409201249579092678160451170637_0000_m_000006_6: Committed. Elapsed time: 427 ms.
[2024-09-20T12:50:03.789+0000] {ssh.py:524} INFO - 24/09/20 12:50:03 INFO SparkHadoopMapRedUtil: attempt_202409201249575524550742482857780_0000_m_000011_11: Committed. Elapsed time: 402 ms.
[2024-09-20T12:50:03.790+0000] {ssh.py:524} INFO - 24/09/20 12:50:03 INFO SparkHadoopMapRedUtil: attempt_202409201249574285766301867002959_0000_m_000005_5: Committed. Elapsed time: 427 ms.
[2024-09-20T12:50:03.791+0000] {ssh.py:524} INFO - 24/09/20 12:50:03 INFO FileOutputCommitter: Saved output of task 'attempt_202409201249575715938618608859593_0000_m_000003_3' to s3a://raw/olhovivo/corredor/dt=2024-09-20/_temporary/0/task_202409201249575715938618608859593_0000_m_000003
[2024-09-20T12:50:03.792+0000] {ssh.py:524} INFO - 24/09/20 12:50:03 INFO SparkHadoopMapRedUtil: attempt_202409201249574942493433143534822_0000_m_000001_1: Committed. Elapsed time: 410 ms.
[2024-09-20T12:50:03.793+0000] {ssh.py:524} INFO - 24/09/20 12:50:03 INFO SparkHadoopMapRedUtil: attempt_202409201249575715938618608859593_0000_m_000003_3: Committed. Elapsed time: 419 ms.
[2024-09-20T12:50:03.794+0000] {ssh.py:524} INFO - 24/09/20 12:50:03 INFO Executor: Finished task 1.0 in stage 0.0 (TID 1). 2914 bytes result sent to driver
[2024-09-20T12:50:03.794+0000] {ssh.py:524} INFO - 24/09/20 12:50:03 INFO Executor: Finished task 3.0 in stage 0.0 (TID 3). 2914 bytes result sent to driver
[2024-09-20T12:50:03.795+0000] {ssh.py:524} INFO - 24/09/20 12:50:03 INFO Executor: Finished task 6.0 in stage 0.0 (TID 6). 2914 bytes result sent to driver
[2024-09-20T12:50:03.795+0000] {ssh.py:524} INFO - 24/09/20 12:50:03 INFO Executor: Finished task 11.0 in stage 0.0 (TID 11). 2914 bytes result sent to driver
[2024-09-20T12:50:03.796+0000] {ssh.py:524} INFO - 24/09/20 12:50:03 INFO Executor: Finished task 0.0 in stage 0.0 (TID 0). 2871 bytes result sent to driver
[2024-09-20T12:50:03.796+0000] {ssh.py:524} INFO - 24/09/20 12:50:03 INFO Executor: Finished task 5.0 in stage 0.0 (TID 5). 2914 bytes result sent to driver
[2024-09-20T12:50:03.797+0000] {ssh.py:524} INFO - 24/09/20 12:50:03 INFO TaskSetManager: Finished task 1.0 in stage 0.0 (TID 1) in 4485 ms on spark-master (executor driver) (5/12)
[2024-09-20T12:50:03.797+0000] {ssh.py:524} INFO - 24/09/20 12:50:03 INFO SparkHadoopMapRedUtil: attempt_202409201249577589989648917465986_0000_m_000010_10: Committed. Elapsed time: 401 ms.
[2024-09-20T12:50:03.797+0000] {ssh.py:524} INFO - 24/09/20 12:50:03 INFO TaskSetManager: Finished task 3.0 in stage 0.0 (TID 3) in 4478 ms on spark-master (executor driver) (6/12)
[2024-09-20T12:50:03.800+0000] {ssh.py:524} INFO - 24/09/20 12:50:03 INFO TaskSetManager: Finished task 6.0 in stage 0.0 (TID 6) in 4475 ms on spark-master (executor driver) (7/12)
[2024-09-20T12:50:03.801+0000] {ssh.py:524} INFO - 24/09/20 12:50:03 INFO TaskSetManager: Finished task 0.0 in stage 0.0 (TID 0) in 4524 ms on spark-master (executor driver) (8/12)
[2024-09-20T12:50:03.802+0000] {ssh.py:524} INFO - 24/09/20 12:50:03 INFO TaskSetManager: Finished task 5.0 in stage 0.0 (TID 5) in 4479 ms on spark-master (executor driver) (9/12)
[2024-09-20T12:50:03.803+0000] {ssh.py:524} INFO - 24/09/20 12:50:03 INFO Executor: Finished task 10.0 in stage 0.0 (TID 10). 2914 bytes result sent to driver
[2024-09-20T12:50:03.804+0000] {ssh.py:524} INFO - 24/09/20 12:50:03 INFO TaskSetManager: Finished task 11.0 in stage 0.0 (TID 11) in 4451 ms on spark-master (executor driver) (10/12)
[2024-09-20T12:50:03.804+0000] {ssh.py:524} INFO - 24/09/20 12:50:03 INFO TaskSetManager: Finished task 10.0 in stage 0.0 (TID 10) in 4452 ms on spark-master (executor driver) (11/12)
[2024-09-20T12:50:03.860+0000] {ssh.py:524} INFO - 24/09/20 12:50:03 INFO FileOutputCommitter: Saved output of task 'attempt_202409201249576501110207596267281_0000_m_000008_8' to s3a://raw/olhovivo/corredor/dt=2024-09-20/_temporary/0/task_202409201249576501110207596267281_0000_m_000008
[2024-09-20T12:50:03.860+0000] {ssh.py:524} INFO - 24/09/20 12:50:03 INFO SparkHadoopMapRedUtil: attempt_202409201249576501110207596267281_0000_m_000008_8: Committed. Elapsed time: 490 ms.
[2024-09-20T12:50:03.862+0000] {ssh.py:524} INFO - 24/09/20 12:50:03 INFO Executor: Finished task 8.0 in stage 0.0 (TID 8). 2914 bytes result sent to driver
[2024-09-20T12:50:03.863+0000] {ssh.py:524} INFO - 24/09/20 12:50:03 INFO TaskSetManager: Finished task 8.0 in stage 0.0 (TID 8) in 4536 ms on spark-master (executor driver) (12/12)
[2024-09-20T12:50:03.864+0000] {ssh.py:524} INFO - 24/09/20 12:50:03 INFO TaskSchedulerImpl: Removed TaskSet 0.0, whose tasks have all completed, from pool 
[2024-09-20T12:50:03.866+0000] {ssh.py:524} INFO - 24/09/20 12:50:03 INFO DAGScheduler: ResultStage 0 (save at NativeMethodAccessorImpl.java:0) finished in 5.267 s
[2024-09-20T12:50:03.871+0000] {ssh.py:524} INFO - 24/09/20 12:50:03 INFO DAGScheduler: Job 0 is finished. Cancelling potential speculative or zombie tasks for this job
[2024-09-20T12:50:03.873+0000] {ssh.py:524} INFO - 24/09/20 12:50:03 INFO TaskSchedulerImpl: Killing all running tasks in stage 0: Stage finished
[2024-09-20T12:50:03.877+0000] {ssh.py:524} INFO - 24/09/20 12:50:03 INFO DAGScheduler: Job 0 finished: save at NativeMethodAccessorImpl.java:0, took 6.172536 s
[2024-09-20T12:50:03.924+0000] {ssh.py:524} INFO - 24/09/20 12:50:03 INFO FileFormatWriter: Start to commit write Job 32f7a85e-454c-4f31-9836-a7c16540cc74.
[2024-09-20T12:50:04.206+0000] {ssh.py:524} INFO - 24/09/20 12:50:04 ERROR FileFormatWriter: Aborting job 32f7a85e-454c-4f31-9836-a7c16540cc74.
[2024-09-20T12:50:04.206+0000] {ssh.py:524} INFO - java.io.FileNotFoundException: No such file or directory: s3a://raw/olhovivo/corredor/dt=2024-09-20/_temporary/0/task_202409201249552037319674031464818_0000_m_000006
[2024-09-20T12:50:04.207+0000] {ssh.py:524} INFO - 	at org.apache.hadoop.fs.s3a.S3AFileSystem.s3GetFileStatus(S3AFileSystem.java:3356)
[2024-09-20T12:50:04.208+0000] {ssh.py:524} INFO - 	at org.apache.hadoop.fs.s3a.S3AFileSystem.innerGetFileStatus(S3AFileSystem.java:3185)
[2024-09-20T12:50:04.208+0000] {ssh.py:524} INFO - 	at org.apache.hadoop.fs.s3a.S3AFileSystem.innerListStatus(S3AFileSystem.java:2845)
[2024-09-20T12:50:04.209+0000] {ssh.py:524} INFO - 	at org.apache.hadoop.fs.s3a.S3AFileSystem.lambda$listStatus$14(S3AFileSystem.java:2812)
[2024-09-20T12:50:04.209+0000] {ssh.py:524} INFO - 	at org.apache.hadoop.fs.s3a.Invoker.once(Invoker.java:115)
[2024-09-20T12:50:04.210+0000] {ssh.py:524} INFO - 	at org.apache.hadoop.fs.s3a.S3AFileSystem.listStatus(S3AFileSystem.java:2810)
[2024-09-20T12:50:04.211+0000] {ssh.py:524} INFO - 	at org.apache.hadoop.mapreduce.lib.output.FileOutputCommitter.mergePaths(FileOutputCommitter.java:488)
[2024-09-20T12:50:04.212+0000] {ssh.py:524} INFO - 	at org.apache.hadoop.mapreduce.lib.output.FileOutputCommitter.commitJobInternal(FileOutputCommitter.java:405)
[2024-09-20T12:50:04.213+0000] {ssh.py:524} INFO - 	at org.apache.hadoop.mapreduce.lib.output.FileOutputCommitter.commitJob(FileOutputCommitter.java:377)
[2024-09-20T12:50:04.214+0000] {ssh.py:524} INFO - 	at org.apache.spark.internal.io.HadoopMapReduceCommitProtocol.commitJob(HadoopMapReduceCommitProtocol.scala:192)
[2024-09-20T12:50:04.215+0000] {ssh.py:524} INFO - 	at org.apache.spark.sql.execution.datasources.FileFormatWriter$.$anonfun$write$25(FileFormatWriter.scala:267)
[2024-09-20T12:50:04.215+0000] {ssh.py:524} INFO - 	at scala.runtime.java8.JFunction0$mcV$sp.apply(JFunction0$mcV$sp.java:23)
[2024-09-20T12:50:04.216+0000] {ssh.py:524} INFO - 	at org.apache.spark.util.Utils$.timeTakenMs(Utils.scala:642)
[2024-09-20T12:50:04.216+0000] {ssh.py:524} INFO - 	at org.apache.spark.sql.execution.datasources.FileFormatWriter$.write(FileFormatWriter.scala:267)
[2024-09-20T12:50:04.217+0000] {ssh.py:524} INFO - 	at org.apache.spark.sql.execution.datasources.InsertIntoHadoopFsRelationCommand.run(InsertIntoHadoopFsRelationCommand.scala:186)
[2024-09-20T12:50:04.218+0000] {ssh.py:524} INFO - 	at org.apache.spark.sql.execution.command.DataWritingCommandExec.sideEffectResult$lzycompute(commands.scala:113)
[2024-09-20T12:50:04.218+0000] {ssh.py:524} INFO - 	at org.apache.spark.sql.execution.command.DataWritingCommandExec.sideEffectResult(commands.scala:111)
[2024-09-20T12:50:04.219+0000] {ssh.py:524} INFO - 	at org.apache.spark.sql.execution.command.DataWritingCommandExec.executeCollect(commands.scala:125)
[2024-09-20T12:50:04.219+0000] {ssh.py:524} INFO - 	at org.apache.spark.sql.execution.QueryExecution$$anonfun$eagerlyExecuteCommands$1.$anonfun$applyOrElse$1(QueryExecution.scala:98)
[2024-09-20T12:50:04.219+0000] {ssh.py:524} INFO - 	at org.apache.spark.sql.execution.SQLExecution$.$anonfun$withNewExecutionId$6(SQLExecution.scala:109)
[2024-09-20T12:50:04.220+0000] {ssh.py:524} INFO - 	at org.apache.spark.sql.execution.SQLExecution$.withSQLConfPropagated(SQLExecution.scala:169)
[2024-09-20T12:50:04.221+0000] {ssh.py:524} INFO - 	at org.apache.spark.sql.execution.SQLExecution$.$anonfun$withNewExecutionId$1(SQLExecution.scala:95)
[2024-09-20T12:50:04.222+0000] {ssh.py:524} INFO - 	at org.apache.spark.sql.SparkSession.withActive(SparkSession.scala:779)
[2024-09-20T12:50:04.222+0000] {ssh.py:524} INFO - 	at org.apache.spark.sql.execution.SQLExecution$.withNewExecutionId(SQLExecution.scala:64)
[2024-09-20T12:50:04.223+0000] {ssh.py:524} INFO - 	at org.apache.spark.sql.execution.QueryExecution$$anonfun$eagerlyExecuteCommands$1.applyOrElse(QueryExecution.scala:98)
[2024-09-20T12:50:04.223+0000] {ssh.py:524} INFO - 	at org.apache.spark.sql.execution.QueryExecution$$anonfun$eagerlyExecuteCommands$1.applyOrElse(QueryExecution.scala:94)
[2024-09-20T12:50:04.224+0000] {ssh.py:524} INFO - 	at org.apache.spark.sql.catalyst.trees.TreeNode.$anonfun$transformDownWithPruning$1(TreeNode.scala:584)
[2024-09-20T12:50:04.224+0000] {ssh.py:524} INFO - 	at org.apache.spark.sql.catalyst.trees.CurrentOrigin$.withOrigin(TreeNode.scala:176)
[2024-09-20T12:50:04.224+0000] {ssh.py:524} INFO - 	at org.apache.spark.sql.catalyst.trees.TreeNode.transformDownWithPruning(TreeNode.scala:584)
[2024-09-20T12:50:04.225+0000] {ssh.py:524} INFO - 	at org.apache.spark.sql.catalyst.plans.logical.LogicalPlan.org$apache$spark$sql$catalyst$plans$logical$AnalysisHelper$$super$transformDownWithPruning(LogicalPlan.scala:30)
[2024-09-20T12:50:04.225+0000] {ssh.py:524} INFO - 	at org.apache.spark.sql.catalyst.plans.logical.AnalysisHelper.transformDownWithPruning(AnalysisHelper.scala:267)
[2024-09-20T12:50:04.226+0000] {ssh.py:524} INFO - 	at org.apache.spark.sql.catalyst.plans.logical.AnalysisHelper.transformDownWithPruning$(AnalysisHelper.scala:263)
[2024-09-20T12:50:04.227+0000] {ssh.py:524} INFO - 	at org.apache.spark.sql.catalyst.plans.logical.LogicalPlan.transformDownWithPruning(LogicalPlan.scala:30)
[2024-09-20T12:50:04.228+0000] {ssh.py:524} INFO - 	at org.apache.spark.sql.catalyst.plans.logical.LogicalPlan.transformDownWithPruning(LogicalPlan.scala:30)
[2024-09-20T12:50:04.229+0000] {ssh.py:524} INFO - 	at org.apache.spark.sql.catalyst.trees.TreeNode.transformDown(TreeNode.scala:560)
[2024-09-20T12:50:04.229+0000] {ssh.py:524} INFO - 	at org.apache.spark.sql.execution.QueryExecution.eagerlyExecuteCommands(QueryExecution.scala:94)
[2024-09-20T12:50:04.230+0000] {ssh.py:524} INFO - 	at org.apache.spark.sql.execution.QueryExecution.commandExecuted$lzycompute(QueryExecution.scala:81)
[2024-09-20T12:50:04.230+0000] {ssh.py:524} INFO - 	at org.apache.spark.sql.execution.QueryExecution.commandExecuted(QueryExecution.scala:79)
[2024-09-20T12:50:04.230+0000] {ssh.py:524} INFO - 	at org.apache.spark.sql.execution.QueryExecution.assertCommandExecuted(QueryExecution.scala:116)
[2024-09-20T12:50:04.231+0000] {ssh.py:524} INFO - 	at org.apache.spark.sql.DataFrameWriter.runCommand(DataFrameWriter.scala:860)
[2024-09-20T12:50:04.231+0000] {ssh.py:524} INFO - 	at org.apache.spark.sql.DataFrameWriter.saveToV1Source(DataFrameWriter.scala:390)
[2024-09-20T12:50:04.232+0000] {ssh.py:524} INFO - 	at org.apache.spark.sql.DataFrameWriter.saveInternal(DataFrameWriter.scala:363)
[2024-09-20T12:50:04.232+0000] {ssh.py:524} INFO - 	at org.apache.spark.sql.DataFrameWriter.save(DataFrameWriter.scala:239)
[2024-09-20T12:50:04.233+0000] {ssh.py:524} INFO - 	at java.base/jdk.internal.reflect.NativeMethodAccessorImpl.invoke0(Native Method)
[2024-09-20T12:50:04.233+0000] {ssh.py:524} INFO - 	at java.base/jdk.internal.reflect.NativeMethodAccessorImpl.invoke(NativeMethodAccessorImpl.java:77)
[2024-09-20T12:50:04.234+0000] {ssh.py:524} INFO - 	at java.base/jdk.internal.reflect.DelegatingMethodAccessorImpl.invoke(DelegatingMethodAccessorImpl.java:43)
[2024-09-20T12:50:04.234+0000] {ssh.py:524} INFO - 	at java.base/java.lang.reflect.Method.invoke(Method.java:568)
[2024-09-20T12:50:04.235+0000] {ssh.py:524} INFO - 	at py4j.reflection.MethodInvoker.invoke(MethodInvoker.java:244)
[2024-09-20T12:50:04.236+0000] {ssh.py:524} INFO - 	at py4j.reflection.ReflectionEngine.invoke(ReflectionEngine.java:357)
[2024-09-20T12:50:04.236+0000] {ssh.py:524} INFO - 	at py4j.Gateway.invoke(Gateway.java:282)
[2024-09-20T12:50:04.237+0000] {ssh.py:524} INFO - 	at py4j.commands.AbstractCommand.invokeMethod(AbstractCommand.java:132)
[2024-09-20T12:50:04.237+0000] {ssh.py:524} INFO - 	at py4j.commands.CallCommand.execute(CallCommand.java:79)
[2024-09-20T12:50:04.238+0000] {ssh.py:524} INFO - 	at py4j.ClientServerConnection.waitForCommands(ClientServerConnection.java:182)
[2024-09-20T12:50:04.238+0000] {ssh.py:524} INFO - 	at py4j.ClientServerConnection.run(ClientServerConnection.java:106)
[2024-09-20T12:50:04.239+0000] {ssh.py:524} INFO - 	at java.base/java.lang.Thread.run(Thread.java:833)
[2024-09-20T12:50:04.513+0000] {ssh.py:524} INFO - Traceback (most recent call last):
[2024-09-20T12:50:04.513+0000] {ssh.py:524} INFO -   File "/opt/shared/scripts/raw_ingestion.py", line 142, in <module>
[2024-09-20T12:50:04.539+0000] {ssh.py:524} INFO -     corredor_df.write.mode("append").format("json").save(f"s3a://raw/olhovivo/corredor/dt={dt_now}/")
[2024-09-20T12:50:04.539+0000] {ssh.py:524} INFO -   File "/usr/local/spark/python/lib/pyspark.zip/pyspark/sql/readwriter.py", line 968, in save
[2024-09-20T12:50:04.542+0000] {ssh.py:524} INFO -   File "/usr/local/spark/python/lib/py4j-0.10.9.5-src.zip/py4j/java_gateway.py", line 1321, in __call__
[2024-09-20T12:50:04.543+0000] {ssh.py:524} INFO -   File "/usr/local/spark/python/lib/pyspark.zip/pyspark/sql/utils.py", line 190, in deco
[2024-09-20T12:50:04.544+0000] {ssh.py:524} INFO -   File "/usr/local/spark/python/lib/py4j-0.10.9.5-src.zip/py4j/protocol.py", line 326, in get_return_value
[2024-09-20T12:50:04.545+0000] {ssh.py:524} INFO - py4j.protocol.Py4JJavaError
[2024-09-20T12:50:04.548+0000] {ssh.py:524} INFO - : An error occurred while calling o52.save.
[2024-09-20T12:50:04.548+0000] {ssh.py:524} INFO - : org.apache.spark.SparkException: Job aborted.
[2024-09-20T12:50:04.549+0000] {ssh.py:524} INFO - 	at org.apache.spark.sql.errors.QueryExecutionErrors$.jobAbortedError(QueryExecutionErrors.scala:651)
[2024-09-20T12:50:04.549+0000] {ssh.py:524} INFO - 	at org.apache.spark.sql.execution.datasources.FileFormatWriter$.write(FileFormatWriter.scala:278)
[2024-09-20T12:50:04.550+0000] {ssh.py:524} INFO - 	at org.apache.spark.sql.execution.datasources.InsertIntoHadoopFsRelationCommand.run(InsertIntoHadoopFsRelationCommand.scala:186)
[2024-09-20T12:50:04.550+0000] {ssh.py:524} INFO - 	at org.apache.spark.sql.execution.command.DataWritingCommandExec.sideEffectResult$lzycompute(commands.scala:113)
[2024-09-20T12:50:04.551+0000] {ssh.py:524} INFO - 	at org.apache.spark.sql.execution.command.DataWritingCommandExec.sideEffectResult(commands.scala:111)
[2024-09-20T12:50:04.551+0000] {ssh.py:524} INFO - 	at org.apache.spark.sql.execution.command.DataWritingCommandExec.executeCollect(commands.scala:125)
[2024-09-20T12:50:04.551+0000] {ssh.py:524} INFO - 	at org.apache.spark.sql.execution.QueryExecution$$anonfun$eagerlyExecuteCommands$1.$anonfun$applyOrElse$1(QueryExecution.scala:98)
[2024-09-20T12:50:04.552+0000] {ssh.py:524} INFO - 	at org.apache.spark.sql.execution.SQLExecution$.$anonfun$withNewExecutionId$6(SQLExecution.scala:109)
[2024-09-20T12:50:04.552+0000] {ssh.py:524} INFO - 	at org.apache.spark.sql.execution.SQLExecution$.withSQLConfPropagated(SQLExecution.scala:169)
[2024-09-20T12:50:04.553+0000] {ssh.py:524} INFO - 	at org.apache.spark.sql.execution.SQLExecution$.$anonfun$withNewExecutionId$1(SQLExecution.scala:95)
[2024-09-20T12:50:04.553+0000] {ssh.py:524} INFO - 	at org.apache.spark.sql.SparkSession.withActive(SparkSession.scala:779)
[2024-09-20T12:50:04.554+0000] {ssh.py:524} INFO - 	at org.apache.spark.sql.execution.SQLExecution$.withNewExecutionId(SQLExecution.scala:64)
[2024-09-20T12:50:04.554+0000] {ssh.py:524} INFO - 	at org.apache.spark.sql.execution.QueryExecution$$anonfun$eagerlyExecuteCommands$1.applyOrElse(QueryExecution.scala:98)
[2024-09-20T12:50:04.555+0000] {ssh.py:524} INFO - 	at org.apache.spark.sql.execution.QueryExecution$$anonfun$eagerlyExecuteCommands$1.applyOrElse(QueryExecution.scala:94)
[2024-09-20T12:50:04.556+0000] {ssh.py:524} INFO - 	at org.apache.spark.sql.catalyst.trees.TreeNode.$anonfun$transformDownWithPruning$1(TreeNode.scala:584)
[2024-09-20T12:50:04.556+0000] {ssh.py:524} INFO - 	at org.apache.spark.sql.catalyst.trees.CurrentOrigin$.withOrigin(TreeNode.scala:176)
[2024-09-20T12:50:04.557+0000] {ssh.py:524} INFO - 	at org.apache.spark.sql.catalyst.trees.TreeNode.transformDownWithPruning(TreeNode.scala:584)
[2024-09-20T12:50:04.557+0000] {ssh.py:524} INFO - 	at org.apache.spark.sql.catalyst.plans.logical.LogicalPlan.org$apache$spark$sql$catalyst$plans$logical$AnalysisHelper$$super$transformDownWithPruning(LogicalPlan.scala:30)
[2024-09-20T12:50:04.557+0000] {ssh.py:524} INFO - 	at org.apa
[2024-09-20T12:50:04.558+0000] {ssh.py:524} INFO - che.spark.sql.catalyst.plans.logical.AnalysisHelper.transformDownWithPruning(AnalysisHelper.scala:267)
[2024-09-20T12:50:04.558+0000] {ssh.py:524} INFO - 	at org.apache.spark.sql.catalyst.plans.logical.AnalysisHelper.transformDownWithPruning$(AnalysisHelper.scala:263)
[2024-09-20T12:50:04.559+0000] {ssh.py:524} INFO - 	at org.apache.spark.sql.catalyst.plans.logical.LogicalPlan.transformDownWithPruning(LogicalPlan.scala:30)
[2024-09-20T12:50:04.559+0000] {ssh.py:524} INFO - 	at org.apache.spark.sql.catalyst.plans.logical.LogicalPlan.transformDownWithPruning(LogicalPlan.scala:30)
[2024-09-20T12:50:04.560+0000] {ssh.py:524} INFO - 	at org.apache.spark.sql.catalyst.trees.TreeNode.transformDown(TreeNode.scala:560)
[2024-09-20T12:50:04.560+0000] {ssh.py:524} INFO - 	at org.apache.spark.sql.execution.QueryExecution.eagerlyExecuteCommands(QueryExecution.scala:94)
[2024-09-20T12:50:04.561+0000] {ssh.py:524} INFO - 	at org.apache.spark.sql.execution.QueryExecution.commandExecuted$lzycompute(QueryExecution.scala:81)
[2024-09-20T12:50:04.562+0000] {ssh.py:524} INFO - 	at org.apache.spark.sql.execution.QueryExecution.commandExecuted(QueryExecution.scala:79)
[2024-09-20T12:50:04.562+0000] {ssh.py:524} INFO - 	at org.apache.spark.sql.execution.QueryExecution.assertCommandExecuted(QueryExecution.scala:116)
[2024-09-20T12:50:04.563+0000] {ssh.py:524} INFO - 	at org.apache.spark.sql.DataFrameWriter.runCommand(DataFrameWriter.scala:860)
[2024-09-20T12:50:04.564+0000] {ssh.py:524} INFO - 	at org.apache.spark.sql.DataFrameWriter.saveToV1Source(DataFrameWriter.scala:390)
[2024-09-20T12:50:04.564+0000] {ssh.py:524} INFO - 	at org.apache.spark.sql.DataFrameWriter.saveInternal(DataFrameWriter.scala:363)
[2024-09-20T12:50:04.565+0000] {ssh.py:524} INFO - 	at org.apache.spark.sql.DataFrameWriter.save(DataFrameWriter.scala:239)
[2024-09-20T12:50:04.565+0000] {ssh.py:524} INFO - 	at java.base/jdk.internal.reflect.NativeMethodAccessorImpl.invoke0(Native Method)
[2024-09-20T12:50:04.566+0000] {ssh.py:524} INFO - 	at java.base/jdk.internal.reflect.NativeMethodAccessorImpl.invoke(NativeMethodAccessorImpl.java:77)
[2024-09-20T12:50:04.566+0000] {ssh.py:524} INFO - 	at java.base/jdk.internal.reflect.DelegatingMethodAccessorImpl.invoke(DelegatingMethodAccessorImpl.java:43)
[2024-09-20T12:50:04.567+0000] {ssh.py:524} INFO - 	at java.base/java.lang.reflect.Method.invoke(Method.java:568)
[2024-09-20T12:50:04.567+0000] {ssh.py:524} INFO - 	at py4j.reflection.MethodInvoker.invoke(MethodInvoker.java:244)
[2024-09-20T12:50:04.567+0000] {ssh.py:524} INFO - 	at py4j.reflection.ReflectionEngine.invoke(ReflectionEngine.java:357)
[2024-09-20T12:50:04.568+0000] {ssh.py:524} INFO - 	at py4j.Gateway.invoke(Gateway.java:282)
[2024-09-20T12:50:04.568+0000] {ssh.py:524} INFO - 	at py4j.commands.AbstractCommand.invokeMethod(AbstractCommand.java:132)
[2024-09-20T12:50:04.568+0000] {ssh.py:524} INFO - 	at py4j.commands.CallCommand.execute(CallCommand.java:79)
[2024-09-20T12:50:04.569+0000] {ssh.py:524} INFO - 	at py4j.ClientServerConnection.waitForCommands(ClientServerConnection.java:182)
[2024-09-20T12:50:04.569+0000] {ssh.py:524} INFO - 	at py4j.ClientServerConnection.run(ClientServerConnection.java:106)
[2024-09-20T12:50:04.570+0000] {ssh.py:524} INFO - 	at java.base/java.lang.Thread.run(Thread.java:833)
[2024-09-20T12:50:04.570+0000] {ssh.py:524} INFO - Caused by: java.io.FileNotFoundException: No such file or directory: s3a://raw/olhovivo/corredor/dt=2024-09-20/_temporary/0/task_202409201249552037319674031464818_0000_m_000006
[2024-09-20T12:50:04.571+0000] {ssh.py:524} INFO - 	at org.apache.hadoop.fs.s3a.S3AFileSystem.s3GetFileStatus(S3AFileSystem.java:3356)
[2024-09-20T12:50:04.571+0000] {ssh.py:524} INFO - 	at org.apache.hadoop.fs.s3a.S3AFileSystem.innerGetFileStatus(S3AFileSystem.java:3185)
[2024-09-20T12:50:04.572+0000] {ssh.py:524} INFO - 	at org.apache.hadoop.fs.s3a.S3AFileSystem.innerListStatus(S3AFileSystem.java:2845)
[2024-09-20T12:50:04.572+0000] {ssh.py:524} INFO - 	at org.apache.hadoop.fs.s3a.S3AFileSystem.lambda$listStatus$14(S3AFileSystem.java:2812)
[2024-09-20T12:50:04.573+0000] {ssh.py:524} INFO - 	at org.apache.hadoop.fs.s3a.Invoker.once(Invoker.java:115)
[2024-09-20T12:50:04.573+0000] {ssh.py:524} INFO - 	at org.apache.hadoop.fs.s3a.S3AFileSystem.listStatus(S3AFileSystem.java:2810)
[2024-09-20T12:50:04.574+0000] {ssh.py:524} INFO - 	at org.apache.hadoop.mapreduce.lib.output.FileOutputCommitter.mergePaths(FileOutputCommitter.java:488)
[2024-09-20T12:50:04.575+0000] {ssh.py:524} INFO - 	at org.apache.hadoop.mapreduce.lib.output.FileOutputCommitter.commitJobInternal(FileOutputCommitter.java:405)
[2024-09-20T12:50:04.575+0000] {ssh.py:524} INFO - 	at org.apache.hadoop.mapreduce.lib.output.FileOutputCommitter.commitJob(FileOutputCommitter.java:377)
[2024-09-20T12:50:04.576+0000] {ssh.py:524} INFO - 	at org.apache.spark.internal.io.HadoopMapReduceCommitProtocol.commitJob(HadoopMapReduceCommitProtocol.scala:192)
[2024-09-20T12:50:04.577+0000] {ssh.py:524} INFO - 	at org.apache.spark.sql.execution.datasources.FileFormatWriter$.$anonfun$write$25(FileFormatWriter.scala:267)
[2024-09-20T12:50:04.578+0000] {ssh.py:524} INFO - 	at scala.runtime.java8.JFunction0$mcV$sp.apply(JFunction0$mcV$sp.java:23)
[2024-09-20T12:50:04.579+0000] {ssh.py:524} INFO - 	at org.apache.spark.util.Utils$.timeTakenMs(Utils.scala:642)
[2024-09-20T12:50:04.579+0000] {ssh.py:524} INFO - 	at org.apache.spark.sql.execution.datasources.FileFormatWriter$.write(FileFormatWriter.scala:267)
[2024-09-20T12:50:04.580+0000] {ssh.py:524} INFO - 	... 41 more
[2024-09-20T12:50:05.829+0000] {ssh.py:524} INFO - 24/09/20 12:50:05 INFO SparkContext: Invoking stop() from shutdown hook
[2024-09-20T12:50:05.920+0000] {ssh.py:524} INFO - 24/09/20 12:50:05 INFO SparkUI: Stopped Spark web UI at http://spark-master:4042
[2024-09-20T12:50:05.962+0000] {ssh.py:524} INFO - 24/09/20 12:50:05 INFO MapOutputTrackerMasterEndpoint: MapOutputTrackerMasterEndpoint stopped!
[2024-09-20T12:50:06.100+0000] {ssh.py:524} INFO - 24/09/20 12:50:06 INFO MemoryStore: MemoryStore cleared
[2024-09-20T12:50:06.100+0000] {ssh.py:524} INFO - 24/09/20 12:50:06 INFO BlockManager: BlockManager stopped
[2024-09-20T12:50:06.123+0000] {ssh.py:524} INFO - 24/09/20 12:50:06 INFO BlockManagerMaster: BlockManagerMaster stopped
[2024-09-20T12:50:06.131+0000] {ssh.py:524} INFO - 24/09/20 12:50:06 INFO OutputCommitCoordinator$OutputCommitCoordinatorEndpoint: OutputCommitCoordinator stopped!
[2024-09-20T12:50:06.152+0000] {ssh.py:524} INFO - 24/09/20 12:50:06 INFO SparkContext: Successfully stopped SparkContext
[2024-09-20T12:50:06.153+0000] {ssh.py:524} INFO - 24/09/20 12:50:06 INFO ShutdownHookManager: Shutdown hook called
[2024-09-20T12:50:06.154+0000] {ssh.py:524} INFO - 24/09/20 12:50:06 INFO ShutdownHookManager: Deleting directory /tmp/spark-b3dbf83f-6f79-41ab-a664-b472d8061361
[2024-09-20T12:50:06.157+0000] {ssh.py:524} INFO - 24/09/20 12:50:06 INFO ShutdownHookManager: Deleting directory /tmp/spark-8c197c0d-f7b9-434c-97d3-091f47c63796/pyspark-68cf66a9-063a-4215-9587-6bc0b120a65d
[2024-09-20T12:50:06.161+0000] {ssh.py:524} INFO - 24/09/20 12:50:06 INFO ShutdownHookManager: Deleting directory /tmp/spark-8c197c0d-f7b9-434c-97d3-091f47c63796
[2024-09-20T12:50:06.187+0000] {ssh.py:524} INFO - 24/09/20 12:50:06 INFO MetricsSystemImpl: Stopping s3a-file-system metrics system...
[2024-09-20T12:50:06.188+0000] {ssh.py:524} INFO - 24/09/20 12:50:06 INFO MetricsSystemImpl: s3a-file-system metrics system stopped.
[2024-09-20T12:50:06.189+0000] {ssh.py:524} INFO - 24/09/20 12:50:06 INFO MetricsSystemImpl: s3a-file-system metrics system shutdown complete.
[2024-09-20T12:50:06.459+0000] {taskinstance.py:1937} ERROR - Task failed with exception
Traceback (most recent call last):
  File "/home/airflow/.local/lib/python3.8/site-packages/airflow/providers/ssh/operators/ssh.py", line 178, in execute
    result = self.run_ssh_client_command(ssh_client, self.command, context=context)
  File "/home/airflow/.local/lib/python3.8/site-packages/airflow/providers/ssh/operators/ssh.py", line 166, in run_ssh_client_command
    self.raise_for_status(exit_status, agg_stderr, context=context)
  File "/home/airflow/.local/lib/python3.8/site-packages/airflow/providers/ssh/operators/ssh.py", line 160, in raise_for_status
    raise AirflowException(f"SSH operator error: exit status = {exit_status}")
airflow.exceptions.AirflowException: SSH operator error: exit status = 1
[2024-09-20T12:50:06.464+0000] {taskinstance.py:1400} INFO - Marking task as FAILED. dag_id=raw_ingestion, task_id=spark_stage_processing, execution_date=20240920T113000, start_date=20240920T124927, end_date=20240920T125006
[2024-09-20T12:50:06.493+0000] {standard_task_runner.py:104} ERROR - Failed to execute job 251 for task spark_stage_processing (SSH operator error: exit status = 1; 150)
[2024-09-20T12:50:06.518+0000] {local_task_job_runner.py:228} INFO - Task exited with return code 1
[2024-09-20T12:50:06.568+0000] {taskinstance.py:2778} INFO - 0 downstream tasks scheduled from follow-on schedule check
