[2024-09-21T21:13:30.801+0000] {taskinstance.py:1159} INFO - Dependencies all met for dep_context=non-requeueable deps ti=<TaskInstance: raw_ingestion.spark_raw_ingestion_previsao manual__2024-09-21T21:13:29.484126+00:00 [queued]>
[2024-09-21T21:13:30.812+0000] {taskinstance.py:1159} INFO - Dependencies all met for dep_context=requeueable deps ti=<TaskInstance: raw_ingestion.spark_raw_ingestion_previsao manual__2024-09-21T21:13:29.484126+00:00 [queued]>
[2024-09-21T21:13:30.813+0000] {taskinstance.py:1361} INFO - Starting attempt 1 of 0
[2024-09-21T21:13:30.831+0000] {taskinstance.py:1382} INFO - Executing <Task(SSHOperator): spark_raw_ingestion_previsao> on 2024-09-21 21:13:29.484126+00:00
[2024-09-21T21:13:30.838+0000] {standard_task_runner.py:57} INFO - Started process 816 to run task
[2024-09-21T21:13:30.841+0000] {standard_task_runner.py:84} INFO - Running: ['airflow', 'tasks', 'run', 'raw_ingestion', 'spark_raw_ingestion_previsao', 'manual__2024-09-21T21:13:29.484126+00:00', '--job-id', '372', '--raw', '--subdir', 'DAGS_FOLDER/raw_ingestion.py', '--cfg-path', '/tmp/tmp3uft5p45']
[2024-09-21T21:13:30.842+0000] {standard_task_runner.py:85} INFO - Job 372: Subtask spark_raw_ingestion_previsao
[2024-09-21T21:13:30.968+0000] {task_command.py:416} INFO - Running <TaskInstance: raw_ingestion.spark_raw_ingestion_previsao manual__2024-09-21T21:13:29.484126+00:00 [running]> on host airflow-worker
[2024-09-21T21:13:31.195+0000] {taskinstance.py:1662} INFO - Exporting env vars: AIRFLOW_CTX_DAG_OWNER='***' AIRFLOW_CTX_DAG_ID='raw_ingestion' AIRFLOW_CTX_TASK_ID='spark_raw_ingestion_previsao' AIRFLOW_CTX_EXECUTION_DATE='2024-09-21T21:13:29.484126+00:00' AIRFLOW_CTX_TRY_NUMBER='1' AIRFLOW_CTX_DAG_RUN_ID='manual__2024-09-21T21:13:29.484126+00:00'
[2024-09-21T21:13:31.196+0000] {ssh.py:141} INFO - Creating ssh_client
[2024-09-21T21:13:31.196+0000] {ssh.py:114} INFO - ssh_hook is not provided or invalid. Trying ssh_conn_id to create SSHHook.
[2024-09-21T21:13:31.226+0000] {base.py:73} INFO - Using connection ID 'spark_ssh_default' for task execution.
[2024-09-21T21:13:31.226+0000] {ssh.py:300} WARNING - No Host Key Verification. This won't protect against Man-In-The-Middle attacks
[2024-09-21T21:13:31.234+0000] {transport.py:1893} INFO - Connected (version 2.0, client OpenSSH_8.9p1)
[2024-09-21T21:13:31.383+0000] {transport.py:1893} INFO - Authentication (password) successful!
[2024-09-21T21:13:31.383+0000] {ssh.py:478} INFO - Running command: export SPARK_HOME=/usr/local/spark; /opt/conda/bin/spark-submit --master local[*] --executor-memory 2g --conf "spark.pyspark.python=/env/venv/bin/python" /opt/shared/scripts/raw_ingestion.py 2024-09-21 previsao
[2024-09-21T21:13:34.676+0000] {ssh.py:524} INFO - [DEBUG] dt_now: 2024-09-21
[2024-09-21T21:13:34.677+0000] {ssh.py:524} INFO - [DEBUG] endpoint: previsao
[2024-09-21T21:13:34.763+0000] {ssh.py:524} INFO - 24/09/21 21:13:34 INFO SparkContext: Running Spark version 3.3.1
[2024-09-21T21:13:34.792+0000] {ssh.py:524} INFO - 24/09/21 21:13:34 WARN NativeCodeLoader: Unable to load native-hadoop library for your platform... using builtin-java classes where applicable
[2024-09-21T21:13:34.896+0000] {ssh.py:524} INFO - 24/09/21 21:13:34 INFO ResourceUtils: ==============================================================
[2024-09-21T21:13:34.897+0000] {ssh.py:524} INFO - 24/09/21 21:13:34 INFO ResourceUtils: No custom resources configured for spark.driver.
[2024-09-21T21:13:34.897+0000] {ssh.py:524} INFO - 24/09/21 21:13:34 INFO ResourceUtils: ==============================================================
[2024-09-21T21:13:34.898+0000] {ssh.py:524} INFO - 24/09/21 21:13:34 INFO SparkContext: Submitted application: raw_ingestion_previsao
[2024-09-21T21:13:34.920+0000] {ssh.py:524} INFO - 24/09/21 21:13:34 INFO ResourceProfile: Default ResourceProfile created, executor resources: Map(cores -> name: cores, amount: 1, script: , vendor: , memory -> name: memory, amount: 1024, script: , vendor: , offHeap -> name: offHeap, amount: 0, script: , vendor: ), task resources: Map(cpus -> name: cpus, amount: 1.0)
[2024-09-21T21:13:34.929+0000] {ssh.py:524} INFO - 24/09/21 21:13:34 INFO ResourceProfile: Limiting resource is cpu
[2024-09-21T21:13:34.930+0000] {ssh.py:524} INFO - 24/09/21 21:13:34 INFO ResourceProfileManager: Added ResourceProfile id: 0
[2024-09-21T21:13:35.000+0000] {ssh.py:524} INFO - 24/09/21 21:13:34 INFO SecurityManager: Changing view acls to: root
[2024-09-21T21:13:35.001+0000] {ssh.py:524} INFO - 24/09/21 21:13:35 INFO SecurityManager: Changing modify acls to: root
[2024-09-21T21:13:35.003+0000] {ssh.py:524} INFO - 24/09/21 21:13:35 INFO SecurityManager: Changing view acls groups to: 
[2024-09-21T21:13:35.004+0000] {ssh.py:524} INFO - 24/09/21 21:13:35 INFO SecurityManager: Changing modify acls groups to: 
[2024-09-21T21:13:35.005+0000] {ssh.py:524} INFO - 24/09/21 21:13:35 INFO SecurityManager: SecurityManager: authentication disabled; ui acls disabled; users  with view permissions: Set(root); groups with view permissions: Set(); users  with modify permissions: Set(root); groups with modify permissions: Set()
[2024-09-21T21:13:35.344+0000] {ssh.py:524} INFO - 24/09/21 21:13:35 INFO Utils: Successfully started service 'sparkDriver' on port 40095.
[2024-09-21T21:13:35.380+0000] {ssh.py:524} INFO - 24/09/21 21:13:35 INFO SparkEnv: Registering MapOutputTracker
[2024-09-21T21:13:35.413+0000] {ssh.py:524} INFO - 24/09/21 21:13:35 INFO SparkEnv: Registering BlockManagerMaster
[2024-09-21T21:13:35.430+0000] {ssh.py:524} INFO - 24/09/21 21:13:35 INFO BlockManagerMasterEndpoint: Using org.apache.spark.storage.DefaultTopologyMapper for getting topology information
[2024-09-21T21:13:35.431+0000] {ssh.py:524} INFO - 24/09/21 21:13:35 INFO BlockManagerMasterEndpoint: BlockManagerMasterEndpoint up
[2024-09-21T21:13:35.435+0000] {ssh.py:524} INFO - 24/09/21 21:13:35 INFO SparkEnv: Registering BlockManagerMasterHeartbeat
[2024-09-21T21:13:35.451+0000] {ssh.py:524} INFO - 24/09/21 21:13:35 INFO DiskBlockManager: Created local directory at /tmp/blockmgr-67bcdc33-dbb2-4de3-9497-847d7630cc4a
[2024-09-21T21:13:35.471+0000] {ssh.py:524} INFO - 24/09/21 21:13:35 INFO MemoryStore: MemoryStore started with capacity 434.4 MiB
[2024-09-21T21:13:35.498+0000] {ssh.py:524} INFO - 24/09/21 21:13:35 INFO SparkEnv: Registering OutputCommitCoordinator
[2024-09-21T21:13:35.701+0000] {ssh.py:524} INFO - 24/09/21 21:13:35 WARN Utils: Service 'SparkUI' could not bind on port 4040. Attempting port 4041.
[2024-09-21T21:13:35.703+0000] {ssh.py:524} INFO - 24/09/21 21:13:35 WARN Utils: Service 'SparkUI' could not bind on port 4041. Attempting port 4042.
[2024-09-21T21:13:35.703+0000] {ssh.py:524} INFO - 24/09/21 21:13:35 WARN Utils: Service 'SparkUI' could not bind on port 4042. Attempting port 4043.
[2024-09-21T21:13:35.704+0000] {ssh.py:524} INFO - 24/09/21 21:13:35 WARN Utils: Service 'SparkUI' could not bind on port 4043. Attempting port 4044.
[2024-09-21T21:13:35.713+0000] {ssh.py:524} INFO - 24/09/21 21:13:35 INFO Utils: Successfully started service 'SparkUI' on port 4044.
[2024-09-21T21:13:35.822+0000] {ssh.py:524} INFO - 24/09/21 21:13:35 INFO Executor: Starting executor ID driver on host spark-master
[2024-09-21T21:13:35.831+0000] {ssh.py:524} INFO - 24/09/21 21:13:35 INFO Executor: Starting executor with user classpath (userClassPathFirst = false): ''
[2024-09-21T21:13:35.852+0000] {ssh.py:524} INFO - 24/09/21 21:13:35 INFO Utils: Successfully started service 'org.apache.spark.network.netty.NettyBlockTransferService' on port 44867.
[2024-09-21T21:13:35.852+0000] {ssh.py:524} INFO - 24/09/21 21:13:35 INFO NettyBlockTransferService: Server created on spark-master:44867
[2024-09-21T21:13:35.853+0000] {ssh.py:524} INFO - 24/09/21 21:13:35 INFO BlockManager: Using org.apache.spark.storage.RandomBlockReplicationPolicy for block replication policy
[2024-09-21T21:13:35.861+0000] {ssh.py:524} INFO - 24/09/21 21:13:35 INFO BlockManagerMaster: Registering BlockManager BlockManagerId(driver, spark-master, 44867, None)
[2024-09-21T21:13:35.864+0000] {ssh.py:524} INFO - 24/09/21 21:13:35 INFO BlockManagerMasterEndpoint: Registering block manager spark-master:44867 with 434.4 MiB RAM, BlockManagerId(driver, spark-master, 44867, None)
[2024-09-21T21:13:35.867+0000] {ssh.py:524} INFO - 24/09/21 21:13:35 INFO BlockManagerMaster: Registered BlockManager BlockManagerId(driver, spark-master, 44867, None)
[2024-09-21T21:13:35.869+0000] {ssh.py:524} INFO - 24/09/21 21:13:35 INFO BlockManager: Initialized BlockManager: BlockManagerId(driver, spark-master, 44867, None)
[2024-09-21T21:13:36.393+0000] {ssh.py:524} INFO - 24/09/21 21:13:36 INFO SharedState: Setting hive.metastore.warehouse.dir ('null') to the value of spark.sql.warehouse.dir.
[2024-09-21T21:13:36.397+0000] {ssh.py:524} INFO - 24/09/21 21:13:36 INFO SharedState: Warehouse path is 'file:/root/spark-warehouse'.
[2024-09-21T21:13:36.962+0000] {ssh.py:524} INFO - 24/09/21 21:13:36 WARN MetricsConfig: Cannot locate configuration: tried hadoop-metrics2-s3a-file-system.properties,hadoop-metrics2.properties
[2024-09-21T21:13:36.972+0000] {ssh.py:524} INFO - 24/09/21 21:13:36 INFO MetricsSystemImpl: Scheduled Metric snapshot period at 10 second(s).
[2024-09-21T21:13:36.972+0000] {ssh.py:524} INFO - 24/09/21 21:13:36 INFO MetricsSystemImpl: s3a-file-system metrics system started
[2024-09-21T21:13:37.886+0000] {ssh.py:524} INFO - 24/09/21 21:13:37 INFO InMemoryFileIndex: It took 44 ms to list leaf files for 1 paths.
[2024-09-21T21:13:37.963+0000] {ssh.py:524} INFO - 24/09/21 21:13:37 INFO InMemoryFileIndex: It took 12 ms to list leaf files for 1 paths.
[2024-09-21T21:13:40.165+0000] {ssh.py:524} INFO - 24/09/21 21:13:40 INFO FileSourceStrategy: Pushed Filters: 
[2024-09-21T21:13:40.168+0000] {ssh.py:524} INFO - 24/09/21 21:13:40 INFO FileSourceStrategy: Post-Scan Filters: (length(trim(value#0, None)) > 0)
[2024-09-21T21:13:40.171+0000] {ssh.py:524} INFO - 24/09/21 21:13:40 INFO FileSourceStrategy: Output Data Schema: struct<value: string>
[2024-09-21T21:13:40.602+0000] {ssh.py:524} INFO - 24/09/21 21:13:40 INFO CodeGenerator: Code generated in 136.468271 ms
[2024-09-21T21:13:40.676+0000] {ssh.py:524} INFO - 24/09/21 21:13:40 INFO MemoryStore: Block broadcast_0 stored as values in memory (estimated size 215.3 KiB, free 434.2 MiB)
[2024-09-21T21:13:40.753+0000] {ssh.py:524} INFO - 24/09/21 21:13:40 INFO MemoryStore: Block broadcast_0_piece0 stored as bytes in memory (estimated size 35.9 KiB, free 434.2 MiB)
[2024-09-21T21:13:40.758+0000] {ssh.py:524} INFO - 24/09/21 21:13:40 INFO BlockManagerInfo: Added broadcast_0_piece0 in memory on spark-master:44867 (size: 35.9 KiB, free: 434.4 MiB)
[2024-09-21T21:13:40.763+0000] {ssh.py:524} INFO - 24/09/21 21:13:40 INFO SparkContext: Created broadcast 0 from csv at NativeMethodAccessorImpl.java:0
[2024-09-21T21:13:40.772+0000] {ssh.py:524} INFO - 24/09/21 21:13:40 INFO FileSourceScanExec: Planning scan with bin packing, max size: 4194304 bytes, open cost is considered as scanning 4194304 bytes.
[2024-09-21T21:13:40.886+0000] {ssh.py:524} INFO - 24/09/21 21:13:40 INFO SparkContext: Starting job: csv at NativeMethodAccessorImpl.java:0
[2024-09-21T21:13:40.900+0000] {ssh.py:524} INFO - 24/09/21 21:13:40 INFO DAGScheduler: Got job 0 (csv at NativeMethodAccessorImpl.java:0) with 1 output partitions
[2024-09-21T21:13:40.901+0000] {ssh.py:524} INFO - 24/09/21 21:13:40 INFO DAGScheduler: Final stage: ResultStage 0 (csv at NativeMethodAccessorImpl.java:0)
[2024-09-21T21:13:40.901+0000] {ssh.py:524} INFO - 24/09/21 21:13:40 INFO DAGScheduler: Parents of final stage: List()
[2024-09-21T21:13:40.902+0000] {ssh.py:524} INFO - 24/09/21 21:13:40 INFO DAGScheduler: Missing parents: List()
[2024-09-21T21:13:40.906+0000] {ssh.py:524} INFO - 24/09/21 21:13:40 INFO DAGScheduler: Submitting ResultStage 0 (MapPartitionsRDD[3] at csv at NativeMethodAccessorImpl.java:0), which has no missing parents
[2024-09-21T21:13:41.043+0000] {ssh.py:524} INFO - 24/09/21 21:13:41 INFO MemoryStore: Block broadcast_1 stored as values in memory (estimated size 11.8 KiB, free 434.1 MiB)
[2024-09-21T21:13:41.060+0000] {ssh.py:524} INFO - 24/09/21 21:13:41 INFO MemoryStore: Block broadcast_1_piece0 stored as bytes in memory (estimated size 5.9 KiB, free 434.1 MiB)
[2024-09-21T21:13:41.063+0000] {ssh.py:524} INFO - 24/09/21 21:13:41 INFO BlockManagerInfo: Added broadcast_1_piece0 in memory on spark-master:44867 (size: 5.9 KiB, free: 434.4 MiB)
[2024-09-21T21:13:41.064+0000] {ssh.py:524} INFO - 24/09/21 21:13:41 INFO SparkContext: Created broadcast 1 from broadcast at DAGScheduler.scala:1513
[2024-09-21T21:13:41.107+0000] {ssh.py:524} INFO - 24/09/21 21:13:41 INFO DAGScheduler: Submitting 1 missing tasks from ResultStage 0 (MapPartitionsRDD[3] at csv at NativeMethodAccessorImpl.java:0) (first 15 tasks are for partitions Vector(0))
[2024-09-21T21:13:41.109+0000] {ssh.py:524} INFO - 24/09/21 21:13:41 INFO TaskSchedulerImpl: Adding task set 0.0 with 1 tasks resource profile 0
[2024-09-21T21:13:41.168+0000] {ssh.py:524} INFO - 24/09/21 21:13:41 INFO TaskSetManager: Starting task 0.0 in stage 0.0 (TID 0) (spark-master, executor driver, partition 0, PROCESS_LOCAL, 4903 bytes) taskResourceAssignments Map()
[2024-09-21T21:13:41.223+0000] {ssh.py:524} INFO - 24/09/21 21:13:41 INFO Executor: Running task 0.0 in stage 0.0 (TID 0)
[2024-09-21T21:13:41.410+0000] {ssh.py:524} INFO - 24/09/21 21:13:41 INFO FileScanRDD: Reading File path: s3a://raw/GTFS/paradas/stops.txt, range: 0-2221690, partition values: [empty row]
[2024-09-21T21:13:41.430+0000] {ssh.py:524} INFO - 24/09/21 21:13:41 INFO CodeGenerator: Code generated in 12.538206 ms
[2024-09-21T21:13:41.525+0000] {ssh.py:524} INFO - 24/09/21 21:13:41 INFO Executor: Finished task 0.0 in stage 0.0 (TID 0). 1562 bytes result sent to driver
[2024-09-21T21:13:41.531+0000] {ssh.py:524} INFO - 24/09/21 21:13:41 INFO TaskSetManager: Finished task 0.0 in stage 0.0 (TID 0) in 373 ms on spark-master (executor driver) (1/1)
[2024-09-21T21:13:41.533+0000] {ssh.py:524} INFO - 24/09/21 21:13:41 INFO TaskSchedulerImpl: Removed TaskSet 0.0, whose tasks have all completed, from pool 
[2024-09-21T21:13:41.539+0000] {ssh.py:524} INFO - 24/09/21 21:13:41 INFO DAGScheduler: ResultStage 0 (csv at NativeMethodAccessorImpl.java:0) finished in 0.621 s
[2024-09-21T21:13:41.542+0000] {ssh.py:524} INFO - 24/09/21 21:13:41 INFO DAGScheduler: Job 0 is finished. Cancelling potential speculative or zombie tasks for this job
[2024-09-21T21:13:41.543+0000] {ssh.py:524} INFO - 24/09/21 21:13:41 INFO TaskSchedulerImpl: Killing all running tasks in stage 0: Stage finished
[2024-09-21T21:13:41.545+0000] {ssh.py:524} INFO - 24/09/21 21:13:41 INFO DAGScheduler: Job 0 finished: csv at NativeMethodAccessorImpl.java:0, took 0.657948 s
[2024-09-21T21:13:41.560+0000] {ssh.py:524} INFO - 24/09/21 21:13:41 INFO CodeGenerator: Code generated in 6.702251 ms
[2024-09-21T21:13:41.607+0000] {ssh.py:524} INFO - 24/09/21 21:13:41 INFO BlockManagerInfo: Removed broadcast_1_piece0 on spark-master:44867 in memory (size: 5.9 KiB, free: 434.4 MiB)
[2024-09-21T21:13:41.616+0000] {ssh.py:524} INFO - 24/09/21 21:13:41 INFO FileSourceStrategy: Pushed Filters: 
[2024-09-21T21:13:41.616+0000] {ssh.py:524} INFO - 24/09/21 21:13:41 INFO FileSourceStrategy: Post-Scan Filters: 
[2024-09-21T21:13:41.617+0000] {ssh.py:524} INFO - 24/09/21 21:13:41 INFO FileSourceStrategy: Output Data Schema: struct<value: string>
[2024-09-21T21:13:41.625+0000] {ssh.py:524} INFO - 24/09/21 21:13:41 INFO MemoryStore: Block broadcast_2 stored as values in memory (estimated size 215.3 KiB, free 433.9 MiB)
[2024-09-21T21:13:41.644+0000] {ssh.py:524} INFO - 24/09/21 21:13:41 INFO MemoryStore: Block broadcast_2_piece0 stored as bytes in memory (estimated size 35.9 KiB, free 433.9 MiB)
[2024-09-21T21:13:41.646+0000] {ssh.py:524} INFO - 24/09/21 21:13:41 INFO BlockManagerInfo: Added broadcast_2_piece0 in memory on spark-master:44867 (size: 35.9 KiB, free: 434.3 MiB)
[2024-09-21T21:13:41.648+0000] {ssh.py:524} INFO - 24/09/21 21:13:41 INFO SparkContext: Created broadcast 2 from csv at NativeMethodAccessorImpl.java:0
[2024-09-21T21:13:41.649+0000] {ssh.py:524} INFO - 24/09/21 21:13:41 INFO FileSourceScanExec: Planning scan with bin packing, max size: 4194304 bytes, open cost is considered as scanning 4194304 bytes.
[2024-09-21T21:13:41.758+0000] {ssh.py:524} INFO - 24/09/21 21:13:41 INFO FileSourceStrategy: Pushed Filters: IsNotNull(stop_desc)
[2024-09-21T21:13:41.759+0000] {ssh.py:524} INFO - 24/09/21 21:13:41 INFO FileSourceStrategy: Post-Scan Filters: isnotnull(stop_desc#19)
[2024-09-21T21:13:41.759+0000] {ssh.py:524} INFO - 24/09/21 21:13:41 INFO FileSourceStrategy: Output Data Schema: struct<stop_id: string, stop_desc: string>
[2024-09-21T21:13:41.785+0000] {ssh.py:524} INFO - 24/09/21 21:13:41 INFO CodeGenerator: Code generated in 9.113413 ms
[2024-09-21T21:13:41.789+0000] {ssh.py:524} INFO - 24/09/21 21:13:41 INFO MemoryStore: Block broadcast_3 stored as values in memory (estimated size 215.2 KiB, free 433.7 MiB)
[2024-09-21T21:13:41.806+0000] {ssh.py:524} INFO - 24/09/21 21:13:41 INFO MemoryStore: Block broadcast_3_piece0 stored as bytes in memory (estimated size 36.0 KiB, free 433.7 MiB)
[2024-09-21T21:13:41.806+0000] {ssh.py:524} INFO - 24/09/21 21:13:41 INFO BlockManagerInfo: Added broadcast_3_piece0 in memory on spark-master:44867 (size: 36.0 KiB, free: 434.3 MiB)
[2024-09-21T21:13:41.807+0000] {ssh.py:524} INFO - 24/09/21 21:13:41 INFO SparkContext: Created broadcast 3 from javaToPython at NativeMethodAccessorImpl.java:0
[2024-09-21T21:13:41.810+0000] {ssh.py:524} INFO - 24/09/21 21:13:41 INFO FileSourceScanExec: Planning scan with bin packing, max size: 4194304 bytes, open cost is considered as scanning 4194304 bytes.
[2024-09-21T21:13:42.399+0000] {ssh.py:524} INFO - 24/09/21 21:13:42 WARN AbstractS3ACommitterFactory: Using standard FileOutputCommitter to commit work. This is slow and potentially unsafe.
[2024-09-21T21:13:42.400+0000] {ssh.py:524} INFO - 24/09/21 21:13:42 INFO FileOutputCommitter: File Output Committer Algorithm version is 1
[2024-09-21T21:13:42.403+0000] {ssh.py:524} INFO - 24/09/21 21:13:42 INFO FileOutputCommitter: FileOutputCommitter skip cleanup _temporary folders under output directory:false, ignore cleanup failures: false
[2024-09-21T21:13:42.406+0000] {ssh.py:524} INFO - 24/09/21 21:13:42 INFO AbstractS3ACommitterFactory: Using Committer FileOutputCommitter{PathOutputCommitter{context=TaskAttemptContextImpl{JobContextImpl{jobId=job_202409212113425872786418828219308_0000}; taskId=attempt_202409212113425872786418828219308_0000_m_000000_0, status=''}; org.apache.hadoop.mapreduce.lib.output.FileOutputCommitter@79c84674}; outputPath=s3a://raw/olhovivo/paradas_unparsed, workPath=s3a://raw/olhovivo/paradas_unparsed/_temporary/0/_temporary/attempt_202409212113425872786418828219308_0000_m_000000_0, algorithmVersion=1, skipCleanup=false, ignoreCleanupFailures=false} for s3a://raw/olhovivo/paradas_unparsed
[2024-09-21T21:13:42.409+0000] {ssh.py:524} INFO - 24/09/21 21:13:42 INFO SQLHadoopMapReduceCommitProtocol: Using output committer class org.apache.hadoop.mapreduce.lib.output.FileOutputCommitter
[2024-09-21T21:13:42.659+0000] {ssh.py:524} INFO - 24/09/21 21:13:42 INFO CodeGenerator: Code generated in 56.193201 ms
[2024-09-21T21:13:42.731+0000] {ssh.py:524} INFO - 24/09/21 21:13:42 INFO SparkContext: Starting job: save at NativeMethodAccessorImpl.java:0
[2024-09-21T21:13:42.735+0000] {ssh.py:524} INFO - 24/09/21 21:13:42 INFO DAGScheduler: Got job 1 (save at NativeMethodAccessorImpl.java:0) with 1 output partitions
[2024-09-21T21:13:42.736+0000] {ssh.py:524} INFO - 24/09/21 21:13:42 INFO DAGScheduler: Final stage: ResultStage 1 (save at NativeMethodAccessorImpl.java:0)
[2024-09-21T21:13:42.737+0000] {ssh.py:524} INFO - 24/09/21 21:13:42 INFO DAGScheduler: Parents of final stage: List()
[2024-09-21T21:13:42.741+0000] {ssh.py:524} INFO - 24/09/21 21:13:42 INFO DAGScheduler: Missing parents: List()
[2024-09-21T21:13:42.742+0000] {ssh.py:524} INFO - 24/09/21 21:13:42 INFO DAGScheduler: Submitting ResultStage 1 (MapPartitionsRDD[21] at save at NativeMethodAccessorImpl.java:0), which has no missing parents
[2024-09-21T21:13:42.813+0000] {ssh.py:524} INFO - 24/09/21 21:13:42 INFO MemoryStore: Block broadcast_4 stored as values in memory (estimated size 246.9 KiB, free 433.4 MiB)
[2024-09-21T21:13:42.817+0000] {ssh.py:524} INFO - 24/09/21 21:13:42 INFO MemoryStore: Block broadcast_4_piece0 stored as bytes in memory (estimated size 94.3 KiB, free 433.3 MiB)
[2024-09-21T21:13:42.818+0000] {ssh.py:524} INFO - 24/09/21 21:13:42 INFO BlockManagerInfo: Added broadcast_4_piece0 in memory on spark-master:44867 (size: 94.3 KiB, free: 434.2 MiB)
[2024-09-21T21:13:42.820+0000] {ssh.py:524} INFO - 24/09/21 21:13:42 INFO SparkContext: Created broadcast 4 from broadcast at DAGScheduler.scala:1513
[2024-09-21T21:13:42.822+0000] {ssh.py:524} INFO - 24/09/21 21:13:42 INFO DAGScheduler: Submitting 1 missing tasks from ResultStage 1 (MapPartitionsRDD[21] at save at NativeMethodAccessorImpl.java:0) (first 15 tasks are for partitions Vector(0))
[2024-09-21T21:13:42.822+0000] {ssh.py:524} INFO - 24/09/21 21:13:42 INFO TaskSchedulerImpl: Adding task set 1.0 with 1 tasks resource profile 0
[2024-09-21T21:13:42.824+0000] {ssh.py:524} INFO - 24/09/21 21:13:42 INFO TaskSetManager: Starting task 0.0 in stage 1.0 (TID 1) (spark-master, executor driver, partition 0, PROCESS_LOCAL, 4903 bytes) taskResourceAssignments Map()
[2024-09-21T21:13:42.827+0000] {ssh.py:524} INFO - 24/09/21 21:13:42 INFO Executor: Running task 0.0 in stage 1.0 (TID 1)
[2024-09-21T21:13:43.645+0000] {ssh.py:524} INFO - 24/09/21 21:13:43 INFO FileScanRDD: Reading File path: s3a://raw/GTFS/paradas/stops.txt, range: 0-2221690, partition values: [empty row]
[2024-09-21T21:13:43.647+0000] {ssh.py:524} INFO - 24/09/21 21:13:43 WARN AbstractS3ACommitterFactory: Using standard FileOutputCommitter to commit work. This is slow and potentially unsafe.
[2024-09-21T21:13:43.648+0000] {ssh.py:524} INFO - 24/09/21 21:13:43 INFO FileOutputCommitter: File Output Committer Algorithm version is 1
[2024-09-21T21:13:43.649+0000] {ssh.py:524} INFO - 24/09/21 21:13:43 INFO FileOutputCommitter: FileOutputCommitter skip cleanup _temporary folders under output directory:false, ignore cleanup failures: false
[2024-09-21T21:13:43.649+0000] {ssh.py:524} INFO - 24/09/21 21:13:43 INFO AbstractS3ACommitterFactory: Using Committer FileOutputCommitter{PathOutputCommitter{context=TaskAttemptContextImpl{JobContextImpl{jobId=job_202409212113422172972706823850717_0001}; taskId=attempt_202409212113422172972706823850717_0001_m_000000_1, status=''}; org.apache.hadoop.mapreduce.lib.output.FileOutputCommitter@d31c07}; outputPath=s3a://raw/olhovivo/paradas_unparsed, workPath=s3a://raw/olhovivo/paradas_unparsed/_temporary/0/_temporary/attempt_202409212113422172972706823850717_0001_m_000000_1, algorithmVersion=1, skipCleanup=false, ignoreCleanupFailures=false} for s3a://raw/olhovivo/paradas_unparsed
[2024-09-21T21:13:43.649+0000] {ssh.py:524} INFO - 24/09/21 21:13:43 INFO SQLHadoopMapReduceCommitProtocol: Using output committer class org.apache.hadoop.mapreduce.lib.output.FileOutputCommitter
[2024-09-21T21:13:43.658+0000] {ssh.py:524} INFO - 24/09/21 21:13:43 INFO CodeGenerator: Code generated in 10.049596 ms
[2024-09-21T21:13:43.685+0000] {ssh.py:524} INFO - 24/09/21 21:13:43 INFO CodeGenerator: Code generated in 6.273505 ms
[2024-09-21T21:13:51.472+0000] {ssh.py:524} INFO - 24/09/21 21:13:51 INFO PythonRunner: Times: total = 8454, boot = 632, init = 833, finish = 6989
[2024-09-21T21:13:51.590+0000] {ssh.py:524} INFO - 24/09/21 21:13:51 INFO FileOutputCommitter: Saved output of task 'attempt_202409212113422172972706823850717_0001_m_000000_1' to s3a://raw/olhovivo/paradas_unparsed/_temporary/0/task_202409212113422172972706823850717_0001_m_000000
[2024-09-21T21:13:51.591+0000] {ssh.py:524} INFO - 24/09/21 21:13:51 INFO SparkHadoopMapRedUtil: attempt_202409212113422172972706823850717_0001_m_000000_1: Committed. Elapsed time: 77 ms.
[2024-09-21T21:13:51.599+0000] {ssh.py:524} INFO - 24/09/21 21:13:51 INFO Executor: Finished task 0.0 in stage 1.0 (TID 1). 3401 bytes result sent to driver
[2024-09-21T21:13:51.602+0000] {ssh.py:524} INFO - 24/09/21 21:13:51 INFO TaskSetManager: Finished task 0.0 in stage 1.0 (TID 1) in 8779 ms on spark-master (executor driver) (1/1)
[2024-09-21T21:13:51.603+0000] {ssh.py:524} INFO - 24/09/21 21:13:51 INFO TaskSchedulerImpl: Removed TaskSet 1.0, whose tasks have all completed, from pool 
[2024-09-21T21:13:51.603+0000] {ssh.py:524} INFO - 24/09/21 21:13:51 INFO PythonAccumulatorV2: Connected to AccumulatorServer at host: 127.0.0.1 port: 48923
[2024-09-21T21:13:51.605+0000] {ssh.py:524} INFO - 24/09/21 21:13:51 INFO DAGScheduler: ResultStage 1 (save at NativeMethodAccessorImpl.java:0) finished in 8.865 s
[2024-09-21T21:13:51.606+0000] {ssh.py:524} INFO - 24/09/21 21:13:51 INFO DAGScheduler: Job 1 is finished. Cancelling potential speculative or zombie tasks for this job
[2024-09-21T21:13:51.606+0000] {ssh.py:524} INFO - 24/09/21 21:13:51 INFO TaskSchedulerImpl: Killing all running tasks in stage 1: Stage finished
[2024-09-21T21:13:51.607+0000] {ssh.py:524} INFO - 24/09/21 21:13:51 INFO DAGScheduler: Job 1 finished: save at NativeMethodAccessorImpl.java:0, took 8.875029 s
[2024-09-21T21:13:51.608+0000] {ssh.py:524} INFO - 24/09/21 21:13:51 INFO FileFormatWriter: Start to commit write Job 82c06264-f150-48fc-8e63-b71f842a3510.
[2024-09-21T21:13:51.712+0000] {ssh.py:524} INFO - 24/09/21 21:13:51 INFO FileFormatWriter: Write Job 82c06264-f150-48fc-8e63-b71f842a3510 committed. Elapsed time: 103 ms.
[2024-09-21T21:13:51.714+0000] {ssh.py:524} INFO - 24/09/21 21:13:51 INFO FileFormatWriter: Finished processing stats for write job 82c06264-f150-48fc-8e63-b71f842a3510.
[2024-09-21T21:13:51.750+0000] {ssh.py:524} INFO - 24/09/21 21:13:51 INFO InMemoryFileIndex: It took 4 ms to list leaf files for 1 paths.
[2024-09-21T21:13:51.798+0000] {ssh.py:524} INFO - 24/09/21 21:13:51 INFO SparkContext: Starting job: parquet at NativeMethodAccessorImpl.java:0
[2024-09-21T21:13:51.798+0000] {ssh.py:524} INFO - 24/09/21 21:13:51 INFO DAGScheduler: Got job 2 (parquet at NativeMethodAccessorImpl.java:0) with 1 output partitions
[2024-09-21T21:13:51.799+0000] {ssh.py:524} INFO - 24/09/21 21:13:51 INFO DAGScheduler: Final stage: ResultStage 2 (parquet at NativeMethodAccessorImpl.java:0)
[2024-09-21T21:13:51.800+0000] {ssh.py:524} INFO - 24/09/21 21:13:51 INFO DAGScheduler: Parents of final stage: List()
[2024-09-21T21:13:51.800+0000] {ssh.py:524} INFO - 24/09/21 21:13:51 INFO DAGScheduler: Missing parents: List()
[2024-09-21T21:13:51.800+0000] {ssh.py:524} INFO - 24/09/21 21:13:51 INFO DAGScheduler: Submitting ResultStage 2 (MapPartitionsRDD[23] at parquet at NativeMethodAccessorImpl.java:0), which has no missing parents
[2024-09-21T21:13:51.806+0000] {ssh.py:524} INFO - 24/09/21 21:13:51 INFO MemoryStore: Block broadcast_5 stored as values in memory (estimated size 106.5 KiB, free 433.2 MiB)
[2024-09-21T21:13:51.808+0000] {ssh.py:524} INFO - 24/09/21 21:13:51 INFO MemoryStore: Block broadcast_5_piece0 stored as bytes in memory (estimated size 38.6 KiB, free 433.2 MiB)
[2024-09-21T21:13:51.809+0000] {ssh.py:524} INFO - 24/09/21 21:13:51 INFO BlockManagerInfo: Added broadcast_5_piece0 in memory on spark-master:44867 (size: 38.6 KiB, free: 434.2 MiB)
[2024-09-21T21:13:51.809+0000] {ssh.py:524} INFO - 24/09/21 21:13:51 INFO SparkContext: Created broadcast 5 from broadcast at DAGScheduler.scala:1513
[2024-09-21T21:13:51.810+0000] {ssh.py:524} INFO - 24/09/21 21:13:51 INFO DAGScheduler: Submitting 1 missing tasks from ResultStage 2 (MapPartitionsRDD[23] at parquet at NativeMethodAccessorImpl.java:0) (first 15 tasks are for partitions Vector(0))
[2024-09-21T21:13:51.811+0000] {ssh.py:524} INFO - 24/09/21 21:13:51 INFO TaskSchedulerImpl: Adding task set 2.0 with 1 tasks resource profile 0
[2024-09-21T21:13:51.813+0000] {ssh.py:524} INFO - 24/09/21 21:13:51 INFO TaskSetManager: Starting task 0.0 in stage 2.0 (TID 2) (spark-master, executor driver, partition 0, PROCESS_LOCAL, 4641 bytes) taskResourceAssignments Map()
[2024-09-21T21:13:51.813+0000] {ssh.py:524} INFO - 24/09/21 21:13:51 INFO Executor: Running task 0.0 in stage 2.0 (TID 2)
[2024-09-21T21:13:51.872+0000] {ssh.py:524} INFO - 24/09/21 21:13:51 ERROR Executor: Exception in task 0.0 in stage 2.0 (TID 2)
[2024-09-21T21:13:51.873+0000] {ssh.py:524} INFO - org.apache.spark.SparkException: Exception thrown in awaitResult: 
[2024-09-21T21:13:51.873+0000] {ssh.py:524} INFO - 	at org.apache.spark.util.ThreadUtils$.awaitResult(ThreadUtils.scala:301)
[2024-09-21T21:13:51.873+0000] {ssh.py:524} INFO - 	at org.apache.spark.util.ThreadUtils$.parmap(ThreadUtils.scala:375)
[2024-09-21T21:13:51.873+0000] {ssh.py:524} INFO - 	at org.apache.spark.sql.execution.datasources.parquet.ParquetFileFormat$.readParquetFootersInParallel(ParquetFileFormat.scala:476)
[2024-09-21T21:13:51.874+0000] {ssh.py:524} INFO - 	at org.apache.spark.sql.execution.datasources.parquet.ParquetFileFormat$.$anonfun$mergeSchemasInParallel$1(ParquetFileFormat.scala:522)
[2024-09-21T21:13:51.874+0000] {ssh.py:524} INFO - 	at org.apache.spark.sql.execution.datasources.parquet.ParquetFileFormat$.$anonfun$mergeSchemasInParallel$1$adapted(ParquetFileFormat.scala:516)
[2024-09-21T21:13:51.874+0000] {ssh.py:524} INFO - 	at org.apache.spark.sql.execution.datasources.SchemaMergeUtils$.$anonfun$mergeSchemasInParallel$2(SchemaMergeUtils.scala:76)
[2024-09-21T21:13:51.875+0000] {ssh.py:524} INFO - 	at org.apache.spark.rdd.RDD.$anonfun$mapPartitions$2(RDD.scala:855)
[2024-09-21T21:13:51.875+0000] {ssh.py:524} INFO - 	at org.apache.spark.rdd.RDD.$anonfun$mapPartitions$2$adapted(RDD.scala:855)
[2024-09-21T21:13:51.875+0000] {ssh.py:524} INFO - 	at org.apache.spark.rdd.MapPartitionsRDD.compute(MapPartitionsRDD.scala:52)
[2024-09-21T21:13:51.875+0000] {ssh.py:524} INFO - 	at org.apache.spark.rdd.RDD.computeOrReadCheckpoint(RDD.scala:365)
[2024-09-21T21:13:51.876+0000] {ssh.py:524} INFO - 	at org.apache.spark.rdd.RDD.iterator(RDD.scala:329)
[2024-09-21T21:13:51.876+0000] {ssh.py:524} INFO - 	at org.apache.spark.scheduler.ResultTask.runTask(ResultTask.scala:90)
[2024-09-21T21:13:51.876+0000] {ssh.py:524} INFO - 	at org.apache.spark.scheduler.Task.run(Task.scala:136)
[2024-09-21T21:13:51.876+0000] {ssh.py:524} INFO - 	at org.apache.spark.executor.Executor$TaskRunner.$anonfun$run$3(Executor.scala:548)
[2024-09-21T21:13:51.877+0000] {ssh.py:524} INFO - 	at org.apache.spark.util.Utils$.tryWithSafeFinally(Utils.scala:1504)
[2024-09-21T21:13:51.877+0000] {ssh.py:524} INFO - 	at org.apache.spark.executor.Executor$TaskRunner.run(Executor.scala:551)
[2024-09-21T21:13:51.877+0000] {ssh.py:524} INFO - 	at java.base/java.util.concurrent.ThreadPoolExecutor.runWorker(ThreadPoolExecutor.java:1136)
[2024-09-21T21:13:51.878+0000] {ssh.py:524} INFO - 	at java.base/java.util.concurrent.ThreadPoolExecutor$Worker.run(ThreadPoolExecutor.java:635)
[2024-09-21T21:13:51.878+0000] {ssh.py:524} INFO - 	at java.base/java.lang.Thread.run(Thread.java:833)
[2024-09-21T21:13:51.878+0000] {ssh.py:524} INFO - Caused by: java.io.IOException: Could not read footer for file: FileStatus{path=s3a://raw/olhovivo/paradas_unparsed/part-00000-05e93adb-29c3-4d3c-9bd0-1e07aa64c0c0-c000.json; isDirectory=false; length=42496; replication=0; blocksize=0; modification_time=0; access_time=0; owner=; group=; permission=rw-rw-rw-; isSymlink=false; hasAcl=false; isEncrypted=false; isErasureCoded=false}
[2024-09-21T21:13:51.878+0000] {ssh.py:524} INFO - 	at org.apache.spark.sql.errors.QueryExecutionErrors$.cannotReadFooterForFileError(QueryExecutionErrors.scala:882)
[2024-09-21T21:13:51.879+0000] {ssh.py:524} INFO - 	at org.apache.spark.sql.execution.datasources.parquet.ParquetFileFormat$.$anonfun$readParquetFootersInParallel$1(ParquetFileFormat.scala:489)
[2024-09-21T21:13:51.879+0000] {ssh.py:524} INFO - 	at org.apache.spark.util.ThreadUtils$.$anonfun$parmap$2(ThreadUtils.scala:372)
[2024-09-21T21:13:51.879+0000] {ssh.py:524} INFO - 	at scala.concurrent.Future$.$anonfun$apply$1(Future.scala:659)
[2024-09-21T21:13:51.880+0000] {ssh.py:524} INFO - 	at scala.util.Success.$anonfun$map$1(Try.scala:255)
[2024-09-21T21:13:51.880+0000] {ssh.py:524} INFO - 	at scala.util.Success.map(Try.scala:213)
[2024-09-21T21:13:51.880+0000] {ssh.py:524} INFO - 	at scala.concurrent.Future.$anonfun$map$1(Future.scala:292)
[2024-09-21T21:13:51.881+0000] {ssh.py:524} INFO - 	at scala.concurrent.impl.Promise.liftedTree1$1(Promise.scala:33)
[2024-09-21T21:13:51.881+0000] {ssh.py:524} INFO - 	at scala.concurrent.impl.Promise.$anonfun$transform$1(Promise.scala:33)
[2024-09-21T21:13:51.881+0000] {ssh.py:524} INFO - 	at scala.concurrent.impl.CallbackRunnable.run(Promise.scala:64)
[2024-09-21T21:13:51.881+0000] {ssh.py:524} INFO - 	at java.base/java.util.concurrent.ForkJoinTask$RunnableExecuteAction.exec(ForkJoinTask.java:1395)
[2024-09-21T21:13:51.882+0000] {ssh.py:524} INFO - 	at java.base/java.util.concurrent.ForkJoinTask.doExec(ForkJoinTask.java:373)
[2024-09-21T21:13:51.882+0000] {ssh.py:524} INFO - 	at java.base/java.util.concurrent.ForkJoinPool$WorkQueue.topLevelExec(ForkJoinPool.java:1182)
[2024-09-21T21:13:51.882+0000] {ssh.py:524} INFO - 	at java.base/java.util.concurrent.ForkJoinPool.scan(ForkJoinPool.java:1655)
[2024-09-21T21:13:51.883+0000] {ssh.py:524} INFO - 	at java.base/java.util.concurrent.ForkJoinPool.runWorker(ForkJoinPool.java:1622)
[2024-09-21T21:13:51.883+0000] {ssh.py:524} INFO - 	at java.base/java.util.concurrent.ForkJoinWorkerThread.run(ForkJoinWorkerThread.java:165)
[2024-09-21T21:13:51.883+0000] {ssh.py:524} INFO - Caused by: java.lang.RuntimeException: s3a://raw/olhovivo/paradas_unparsed/part-00000-05e93adb-29c3-4d3c-9bd0-1e07aa64c0c0-c000.json is not a Parquet file. Expected magic number at tail, but found [125, 34, 125, 10]
[2024-09-21T21:13:51.883+0000] {ssh.py:524} INFO - 	at org.apache.parquet.hadoop.ParquetFileReader.readFooter(ParquetFileReader.java:556)
[2024-09-21T21:13:51.884+0000] {ssh.py:524} INFO - 	at org.apache.parquet.hadoop.ParquetFileReader.<init>(ParquetFileReader.java:776)
[2024-09-21T21:13:51.884+0000] {ssh.py:524} INFO - 	at org.apache.parquet.hadoop.ParquetFileReader.open(ParquetFileReader.java:657)
[2024-09-21T21:13:51.884+0000] {ssh.py:524} INFO - 	at org.apache.spark.sql.execution.datasources.parquet.ParquetFooterReader.readFooter(ParquetFooterReader.java:53)
[2024-09-21T21:13:51.885+0000] {ssh.py:524} INFO - 	at org.apache.spark.sql.execution.datasources.parquet.ParquetFooterReader.readFooter(ParquetFooterReader.java:44)
[2024-09-21T21:13:51.885+0000] {ssh.py:524} INFO - 	at org.apache.spark.sql.execution.datasources.parquet.ParquetFileFormat$.$anonfun$readParquetFootersInParallel$1(ParquetFileFormat.scala:483)
[2024-09-21T21:13:51.885+0000] {ssh.py:524} INFO - 	... 14 more
[2024-09-21T21:13:51.886+0000] {ssh.py:524} INFO - 24/09/21 21:13:51 WARN TaskSetManager: Lost task 0.0 in stage 2.0 (TID 2) (spark-master executor driver): org.apache.spark.SparkException: Exception thrown in awaitResult: 
[2024-09-21T21:13:51.887+0000] {ssh.py:524} INFO - 	at org.apache.spark.util.ThreadUtils$.awaitResult(ThreadUtils.scala:301)
[2024-09-21T21:13:51.887+0000] {ssh.py:524} INFO - 	at org.apache.spark.util.ThreadUtils$.parmap(ThreadUtils.scala:375)
[2024-09-21T21:13:51.887+0000] {ssh.py:524} INFO - 	at org.apache.spark.sql.execution.datasources.parquet.ParquetFileFormat$.readParquetFootersInParallel(ParquetFileFormat.scala:476)
[2024-09-21T21:13:51.888+0000] {ssh.py:524} INFO - 	at org.apache.spark.sql.execution.datasources.parquet.ParquetFileFormat$.$anonfun$mergeSchemasInParallel$1(ParquetFileFormat.scala:522)
[2024-09-21T21:13:51.888+0000] {ssh.py:524} INFO - 	at org.apache.spark.sql.execution.datasources.parquet.ParquetFileFormat$.$anonfun$mergeSchemasInParallel$1$adapted(ParquetFileFormat.scala:516)
[2024-09-21T21:13:51.889+0000] {ssh.py:524} INFO - 	at org.apache.spark.sql.execution.datasources.SchemaMergeUtils$.$anonfun$mergeSchemasInParallel$2(SchemaMergeUtils.scala:76)
[2024-09-21T21:13:51.889+0000] {ssh.py:524} INFO - 	at org.apache.spark.rdd.RDD.$anonfun$mapPartitions$2(RDD.scala:855)
[2024-09-21T21:13:51.889+0000] {ssh.py:524} INFO - 	at org.apache.spark.rdd.RDD.$anonfun$mapPartitions$2$adapted(RDD.scala:855)
[2024-09-21T21:13:51.890+0000] {ssh.py:524} INFO - 	at org.apache.spark.rdd.MapPartitionsRDD.compute(MapPartitionsRDD.scala:52)
[2024-09-21T21:13:51.890+0000] {ssh.py:524} INFO - 	at org.apache.spark.rdd.RDD.computeOrReadCheckpoint(RDD.scala:365)
[2024-09-21T21:13:51.891+0000] {ssh.py:524} INFO - 	at org.apache.spark.rdd.RDD.iterator(RDD.scala:329)
[2024-09-21T21:13:51.891+0000] {ssh.py:524} INFO - 	at org.apache.spark.scheduler.ResultTask.runTask(ResultTask.scala:90)
[2024-09-21T21:13:51.891+0000] {ssh.py:524} INFO - 	at org.apache.spark.scheduler.Task.run(Task.scala:136)
[2024-09-21T21:13:51.892+0000] {ssh.py:524} INFO - 	at org.apache.spark.executor.Executor$TaskRunner.$anonfun$run$3(Executor.scala:548)
[2024-09-21T21:13:51.892+0000] {ssh.py:524} INFO - 	at org.apache.spark.util.Utils$.tryWithSafeFinally(Utils.scala:1504)
[2024-09-21T21:13:51.892+0000] {ssh.py:524} INFO - 	at org.apache.spark.executor.Executor$TaskRunner.run(Executor.scala:551)
[2024-09-21T21:13:51.893+0000] {ssh.py:524} INFO - 	at java.base/java.util.concurrent.ThreadPoolExecutor.runWorker(ThreadPoolExecutor.java:1136)
[2024-09-21T21:13:51.893+0000] {ssh.py:524} INFO - 	at java.base/java.util.concurrent.ThreadPoolExecutor$Worker.run(ThreadPoolExecutor.java:635)
[2024-09-21T21:13:51.893+0000] {ssh.py:524} INFO - 	at java.base/java.lang.Thread.run(Thread.java:833)
[2024-09-21T21:13:51.894+0000] {ssh.py:524} INFO - Caused by: java.io.IOException: Could not read footer for file: FileStatus{path=s3a://raw/olhovivo/paradas_unparsed/part-00000-05e93adb-29c3-4d3c-9bd0-1e07aa64c0c0-c000.json; isDirectory=false; length=42496; replication=0; blocksize=0; modification_time=0; access_time=0; owner=; group=; permission=rw-rw-rw-; isSymlink=false; hasAcl=false; isEncrypted=false; isErasureCoded=false}
[2024-09-21T21:13:51.894+0000] {ssh.py:524} INFO - 	at org.apache.spark.sql.errors.QueryExecutionErrors$.cannotReadFooterForFileError(QueryExecutionErrors.scala:882)
[2024-09-21T21:13:51.894+0000] {ssh.py:524} INFO - 	at org.apache.spark.sql.execution.datasources.parquet.ParquetFileFormat$.$anonfun$readParquetFootersInParallel$1(ParquetFileFormat.scala:489)
[2024-09-21T21:13:51.895+0000] {ssh.py:524} INFO - 	at org.apache.spark.util.ThreadUtils$.$anonfun$parmap$2(ThreadUtils.scala:372)
[2024-09-21T21:13:51.895+0000] {ssh.py:524} INFO - 	at scala.concurrent.Future$.$anonfun$apply$1(Future.scala:659)
[2024-09-21T21:13:51.895+0000] {ssh.py:524} INFO - 	at scala.util.Success.$anonfun$map$1(Try.scala:255)
[2024-09-21T21:13:51.895+0000] {ssh.py:524} INFO - 	at scala.util.Success.map(Try.scala:213)
[2024-09-21T21:13:51.896+0000] {ssh.py:524} INFO - 	at scala.concurrent.Future.$anonfun$map$1(Future.scala:292)
[2024-09-21T21:13:51.896+0000] {ssh.py:524} INFO - 	at scala.concurrent.impl.Promise.liftedTree1$1(Promise.scala:33)
[2024-09-21T21:13:51.896+0000] {ssh.py:524} INFO - 	at scala.concurrent.impl.Promise.$anonfun$transform$1(Promise.scala:33)
[2024-09-21T21:13:51.897+0000] {ssh.py:524} INFO - 	at scala.concurrent.impl.CallbackRunnable.run(Promise.scala:64)
[2024-09-21T21:13:51.897+0000] {ssh.py:524} INFO - 	at java.base/java.util.concurrent.ForkJoinTask$RunnableExecuteAction.exec(ForkJoinTask.java:1395)
[2024-09-21T21:13:51.897+0000] {ssh.py:524} INFO - 	at java.base/java.util.concurrent.ForkJoinTask.doExec(ForkJoinTask.java:373)
[2024-09-21T21:13:51.897+0000] {ssh.py:524} INFO - 	at java.base/java.util.concurrent.ForkJoinPool$WorkQueue.topLevelExec(ForkJoinPool.java:1182)
[2024-09-21T21:13:51.898+0000] {ssh.py:524} INFO - 	at java.base/java.util.concurrent.ForkJoinPool.scan(ForkJoinPool.java:1655)
[2024-09-21T21:13:51.898+0000] {ssh.py:524} INFO - 	at java.base/java.util.concurrent.ForkJoinPool.runWorker(ForkJoinPool.java:1622)
[2024-09-21T21:13:51.898+0000] {ssh.py:524} INFO - 	at java.base/java.util.concurrent.ForkJoinWorkerThread.run(ForkJoinWorkerThread.java:165)
[2024-09-21T21:13:51.899+0000] {ssh.py:524} INFO - Caused by: java.lang.RuntimeException: s3a://raw/olhovivo/paradas_unparsed/part-00000-05e93adb-29c3-4d3c-9bd0-1e07aa64c0c0-c000.json is not a Parquet file. Expected magic number at tail, but found [125, 34, 125, 10]
[2024-09-21T21:13:51.899+0000] {ssh.py:524} INFO - 	at org.apache.parquet.hadoop.ParquetFileReader.readFooter(ParquetFileReader.java:556)
[2024-09-21T21:13:51.899+0000] {ssh.py:524} INFO - 	at org.apache.parquet.hadoop.ParquetFileReader.<init>(ParquetFileReader.java:776)
[2024-09-21T21:13:51.900+0000] {ssh.py:524} INFO - 	at org.apache.parquet.hadoop.ParquetFileReader.open(ParquetFileReader.java:657)
[2024-09-21T21:13:51.900+0000] {ssh.py:524} INFO - 	at org.apache.spark.sql.execution.datasources.parquet.ParquetFooterReader.readFooter(ParquetFooterReader.java:53)
[2024-09-21T21:13:51.900+0000] {ssh.py:524} INFO - 	at org.apache.spark.sql.execution.datasources.parquet.ParquetFooterReader.readFooter(ParquetFooterReader.java:44)
[2024-09-21T21:13:51.900+0000] {ssh.py:524} INFO - 	at org.apache.spark.sql.execution.datasources.parquet.ParquetFileFormat$.$anonfun$readParquetFootersInParallel$1(ParquetFileFormat.scala:483)
[2024-09-21T21:13:51.901+0000] {ssh.py:524} INFO - 	... 14 more
[2024-09-21T21:13:51.901+0000] {ssh.py:524} INFO - 24/09/21 21:13:51 ERROR TaskSetManager: Task 0 in stage 2.0 failed 1 times; aborting job
[2024-09-21T21:13:51.901+0000] {ssh.py:524} INFO - 24/09/21 21:13:51 INFO TaskSchedulerImpl: Removed TaskSet 2.0, whose tasks have all completed, from pool 
[2024-09-21T21:13:51.902+0000] {ssh.py:524} INFO - 24/09/21 21:13:51 INFO TaskSchedulerImpl: Cancelling stage 2
[2024-09-21T21:13:51.902+0000] {ssh.py:524} INFO - 24/09/21 21:13:51 INFO TaskSchedulerImpl: Killing all running tasks in stage 2: Stage cancelled
[2024-09-21T21:13:51.902+0000] {ssh.py:524} INFO - 24/09/21 21:13:51 INFO DAGScheduler: ResultStage 2 (parquet at NativeMethodAccessorImpl.java:0) failed in 0.089 s due to Job aborted due to stage failure: Task 0 in stage 2.0 failed 1 times, most recent failure: Lost task 0.0 in stage 2.0 (TID 2) (spark-master executor driver): org.apache.spark.SparkException: Exception thrown in awaitResult: 
[2024-09-21T21:13:51.903+0000] {ssh.py:524} INFO - 	at org.apache.spark.util.ThreadUtils$.awaitResult(ThreadUtils.scala:301)
[2024-09-21T21:13:51.903+0000] {ssh.py:524} INFO - 	at org.apache.spark.util.ThreadUtils$.parmap(ThreadUtils.scala:375)
[2024-09-21T21:13:51.903+0000] {ssh.py:524} INFO - 	at org.apache.spark.sql.execution.datasources.parquet.ParquetFileFormat$.readParquetFootersInParallel(ParquetFileFormat.scala:476)
[2024-09-21T21:13:51.904+0000] {ssh.py:524} INFO - 	at org.apache.spark.sql.execution.datasources.parquet.ParquetFileFormat$.$anonfun$mergeSchemasInParallel$1(ParquetFileFormat.scala:522)
[2024-09-21T21:13:51.904+0000] {ssh.py:524} INFO - 	at org.apache.spark.sql.execution.datasources.parquet.ParquetFileFormat$.$anonfun$mergeSchemasInParallel$1$adapted(ParquetFileFormat.scala:516)
[2024-09-21T21:13:51.904+0000] {ssh.py:524} INFO - 	at org.apache.spark.sql.execution.datasources.SchemaMergeUtils$.$anonfun$mergeSchemasInParallel$2(SchemaMergeUtils.scala:76)
[2024-09-21T21:13:51.905+0000] {ssh.py:524} INFO - 	at org.apache.spark.rdd.RDD.$anonfun$mapPartitions$2(RDD.scala:855)
[2024-09-21T21:13:51.905+0000] {ssh.py:524} INFO - 	at org.apache.spark.rdd.RDD.$anonfun$mapPartitions$2$adapted(RDD.scala:855)
[2024-09-21T21:13:51.905+0000] {ssh.py:524} INFO - 	at org.apache.spark.rdd.MapPartitionsRDD.compute(MapPartitionsRDD.scala:52)
[2024-09-21T21:13:51.905+0000] {ssh.py:524} INFO - 	at org.apache.spark.rdd.RDD.computeOrReadCheckpoint(RDD.scala:365)
[2024-09-21T21:13:51.906+0000] {ssh.py:524} INFO - 	at org.apache.spark.rdd.RDD.iterator(RDD.scala:329)
[2024-09-21T21:13:51.906+0000] {ssh.py:524} INFO - 	at org.apache.spark.scheduler.ResultTask.runTask(ResultTask.scala:90)
[2024-09-21T21:13:51.906+0000] {ssh.py:524} INFO - 	at org.apache.spark.scheduler.Task.run(Task.scala:136)
[2024-09-21T21:13:51.907+0000] {ssh.py:524} INFO - 	at org.apache.spark.executor.Executor$TaskRunner.$anonfun$run$3(Executor.scala:548)
[2024-09-21T21:13:51.907+0000] {ssh.py:524} INFO - 	at org.apache.spark.util.Utils$.tryWithSafeFinally(Utils.scala:1504)
[2024-09-21T21:13:51.907+0000] {ssh.py:524} INFO - 	at org.apache.spark.executor.Executor$TaskRunner.run(Executor.scala:551)
[2024-09-21T21:13:51.907+0000] {ssh.py:524} INFO - 	at java.base/java.util.concurrent.ThreadPoolExecutor.runWorker(ThreadPoolExecutor.java:1136)
[2024-09-21T21:13:51.908+0000] {ssh.py:524} INFO - 	at java.base/java.util.concurrent.ThreadPoolExecutor$Worker.run(ThreadPoolExecutor.java:635)
[2024-09-21T21:13:51.908+0000] {ssh.py:524} INFO - 	at java.base/java.lang.Thread.run(Thread.java:833)
[2024-09-21T21:13:51.908+0000] {ssh.py:524} INFO - Caused by: java.io.IOException: Could not read footer for file: FileStatus{path=s3a://raw/olhovivo/paradas_unparsed/part-00000-05e93adb-29c3-4d3c-9bd0-1e07aa64c0c0-c000.json; isDirectory=false; length=42496; replication=0; blocksize=0; modification_time=0; access_time=0; owner=; group=; permission=rw-rw-rw-; isSymlink=false; hasAcl=false; isEncrypted=false; isErasureCoded=false}
[2024-09-21T21:13:51.908+0000] {ssh.py:524} INFO - 	at org.apache.spark.sql.errors.QueryExecutionErrors$.cannotReadFooterForFileError(QueryExecutionErrors.scala:882)
[2024-09-21T21:13:51.909+0000] {ssh.py:524} INFO - 	at org.apache.spark.sql.execution.datasources.parquet.ParquetFileFormat$.$anonfun$readParquetFootersInParallel$1(ParquetFileFormat.scala:489)
[2024-09-21T21:13:51.909+0000] {ssh.py:524} INFO - 	at org.apache.spark.util.ThreadUtils$.$anonfun$parmap$2(ThreadUtils.scala:372)
[2024-09-21T21:13:51.909+0000] {ssh.py:524} INFO - 	at scala.concurrent.Future$.$anonfun$apply$1(Future.scala:659)
[2024-09-21T21:13:51.909+0000] {ssh.py:524} INFO - 	at scala.util.Success.$anonfun$map$1(Try.scala:255)
[2024-09-21T21:13:51.910+0000] {ssh.py:524} INFO - 	at scala.util.Success.map(Try.scala:213)
[2024-09-21T21:13:51.910+0000] {ssh.py:524} INFO - 	at scala.concurrent.Future.$anonfun$map$1(Future.scala:292)
[2024-09-21T21:13:51.910+0000] {ssh.py:524} INFO - 	at scala.concurrent.impl.Promise.liftedTree1$1(Promise.scala:33)
[2024-09-21T21:13:51.910+0000] {ssh.py:524} INFO - 	at scala.concurrent.impl.Promise.$anonfun$transform$1(Promise.scala:33)
[2024-09-21T21:13:51.911+0000] {ssh.py:524} INFO - 	at scala.concurrent.impl.CallbackRunnable.run(Promise.scala:64)
[2024-09-21T21:13:51.911+0000] {ssh.py:524} INFO - 	at java.base/java.util.concurrent.ForkJoinTask$RunnableExecuteAction.exec(ForkJoinTask.java:1395)
[2024-09-21T21:13:51.911+0000] {ssh.py:524} INFO - 	at java.base/java.util.concurrent.ForkJoinTask.doExec(ForkJoinTask.java:373)
[2024-09-21T21:13:51.911+0000] {ssh.py:524} INFO - 	at java.base/java.util.concurrent.ForkJoinPool$WorkQueue.topLevelExec(ForkJoinPool.java:1182)
[2024-09-21T21:13:51.912+0000] {ssh.py:524} INFO - 	at java.base/java.util.concurrent.ForkJoinPool.scan(ForkJoinPool.java:1655)
[2024-09-21T21:13:51.912+0000] {ssh.py:524} INFO - 	at java.base/java.util.concurrent.ForkJoinPool.runWorker(ForkJoinPool.java:1622)
[2024-09-21T21:13:51.912+0000] {ssh.py:524} INFO - 	at java.base/java.util.concurrent.ForkJoinWorkerThread.run(ForkJoinWorkerThread.java:165)
[2024-09-21T21:13:51.912+0000] {ssh.py:524} INFO - Caused by: java.lang.RuntimeException: s3a://raw/olhovivo/paradas_unparsed/part-00000-05e93adb-29c3-4d3c-9bd0-1e07aa64c0c0-c000.json is not a Parquet file. Expected magic number at tail, but found [125, 34, 125, 10]
[2024-09-21T21:13:51.913+0000] {ssh.py:524} INFO - 	at org.apache.parquet.hadoop.ParquetFileReader.readFooter(ParquetFileReader.java:556)
[2024-09-21T21:13:51.913+0000] {ssh.py:524} INFO - 	at org.apache.parquet.hadoop.ParquetFileReader.<init>(ParquetFileReader.java:776)
[2024-09-21T21:13:51.913+0000] {ssh.py:524} INFO - 	at org.apache.parquet.hadoop.ParquetFileReader.open(ParquetFileReader.java:657)
[2024-09-21T21:13:51.913+0000] {ssh.py:524} INFO - 	at org.apache.spark.sql.execution.datasources.parquet.ParquetFooterReader.readFooter(ParquetFooterReader.java:53)
[2024-09-21T21:13:51.914+0000] {ssh.py:524} INFO - 	at org.apache.spark.sql.execution.datasources.parquet.ParquetFooterReader.readFooter(ParquetFooterReader.java:44)
[2024-09-21T21:13:51.914+0000] {ssh.py:524} INFO - 	at org.apache.spark.sql.execution.datasources.parquet.ParquetFileFormat$.$anonfun$readParquetFootersInParallel$1(ParquetFileFormat.scala:483)
[2024-09-21T21:13:51.914+0000] {ssh.py:524} INFO - 	... 14 more
[2024-09-21T21:13:51.915+0000] {ssh.py:524} INFO - 
[2024-09-21T21:13:51.915+0000] {ssh.py:524} INFO - Driver stacktrace:
[2024-09-21T21:13:51.916+0000] {ssh.py:524} INFO - 24/09/21 21:13:51 INFO DAGScheduler: Job 2 failed: parquet at NativeMethodAccessorImpl.java:0, took 0.092635 s
[2024-09-21T21:13:51.980+0000] {ssh.py:524} INFO - Traceback (most recent call last):
[2024-09-21T21:13:51.981+0000] {ssh.py:524} INFO -   File "/opt/shared/scripts/raw_ingestion.py", line 167, in <module>
[2024-09-21T21:13:51.982+0000] {ssh.py:524} INFO -     previsao_df = spark.read.parquet("s3a://raw/olhovivo/paradas_unparsed/")
[2024-09-21T21:13:51.983+0000] {ssh.py:524} INFO -   File "/usr/local/spark/python/lib/pyspark.zip/pyspark/sql/readwriter.py", line 364, in parquet
[2024-09-21T21:13:51.983+0000] {ssh.py:524} INFO -   File "/usr/local/spark/python/lib/py4j-0.10.9.5-src.zip/py4j/java_gateway.py", line 1321, in __call__
[2024-09-21T21:13:51.984+0000] {ssh.py:524} INFO -   File "/usr/local/spark/python/lib/pyspark.zip/pyspark/sql/utils.py", line 190, in deco
[2024-09-21T21:13:51.984+0000] {ssh.py:524} INFO -   File "/usr/local/spark/python/lib/py4j-0.10.9.5-src.zip/py4j/protocol.py", line 326, in get_return_value
[2024-09-21T21:13:51.985+0000] {ssh.py:524} INFO - py4j.protocol.Py4JJavaError
[2024-09-21T21:13:52.026+0000] {ssh.py:524} INFO - : An error occurred while calling o64.parquet.
[2024-09-21T21:13:52.027+0000] {ssh.py:524} INFO - : org.apache.spark.SparkException: Job aborted due to stage failure: Task 0 in stage 2.0 failed 1 times, most recent failure: Lost task 0.0 in stage 2.0 (TID 2) (spark-master executor driver): org.apache.spark.SparkException: Exception thrown in awaitResult: 
[2024-09-21T21:13:52.027+0000] {ssh.py:524} INFO - 	at org.apache.spark.util.ThreadUtils$.awaitResult(ThreadUtils.scala:301)
[2024-09-21T21:13:52.027+0000] {ssh.py:524} INFO - 	at org.apache.spark.util.ThreadUtils$.parmap(ThreadUtils.scala:375)
[2024-09-21T21:13:52.028+0000] {ssh.py:524} INFO - 	at org.apache.spark.sql.execution.datasources.parquet.ParquetFileFormat$.readParquetFootersInParallel(ParquetFileFormat.scala:476)
[2024-09-21T21:13:52.028+0000] {ssh.py:524} INFO - 	at org.apache.spark.sql.execution.datasources.parquet.ParquetFileFormat$.$anonfun$mergeSchemasInParallel$1(ParquetFileFormat.scala:522)
[2024-09-21T21:13:52.028+0000] {ssh.py:524} INFO - 	at org.apache.spark.sql.execution.datasources.parquet.ParquetFileFormat$.$anonfun$mergeSchemasInParallel$1$adapted(ParquetFileFormat.scala:516)
[2024-09-21T21:13:52.029+0000] {ssh.py:524} INFO - 	at org.apache.spark.sql.execution.datasources.SchemaMergeUtils$.$anonfun$mergeSchemasInParallel$2(SchemaMergeUtils.scala:76)
[2024-09-21T21:13:52.029+0000] {ssh.py:524} INFO - 	at org.apache.spark.rdd.RDD.$anonfun$mapPartitions$2(RDD.scala:855)
[2024-09-21T21:13:52.029+0000] {ssh.py:524} INFO - 	at org.apache.spark.rdd.RDD.$anonfun$mapPartitions$2$adapted(RDD.scala:855)
[2024-09-21T21:13:52.030+0000] {ssh.py:524} INFO - 	at org.apache.spark.rdd.MapPartitionsRDD.compute(MapPartitionsRDD.scala:52)
[2024-09-21T21:13:52.030+0000] {ssh.py:524} INFO - 	at org.apache.spark.rdd.RDD.computeOrReadCheckpoint(RDD.scala:365)
[2024-09-21T21:13:52.030+0000] {ssh.py:524} INFO - 	at org.apache.spark.rdd.RDD.iterator(RDD.scala:329)
[2024-09-21T21:13:52.031+0000] {ssh.py:524} INFO - 	at org.apache.spark.scheduler.ResultTask.runTask(ResultTask.scala:90)
[2024-09-21T21:13:52.031+0000] {ssh.py:524} INFO - 	at org.apache.spark.scheduler.Task.run(Task.scala:136)
[2024-09-21T21:13:52.031+0000] {ssh.py:524} INFO - 	at org.apache.spark.executor.Executor$TaskRunner.$anonfun$run$3(Executor.scala:548)
[2024-09-21T21:13:52.031+0000] {ssh.py:524} INFO - 	at org.apache.spark.util.Utils$.tryWithSafeFinally(Utils.scala:1504)
[2024-09-21T21:13:52.032+0000] {ssh.py:524} INFO - 	at org.apache.spark.executor.Executor$TaskRunner.run(Executor.scala:551)
[2024-09-21T21:13:52.032+0000] {ssh.py:524} INFO - 	at java.base/java.util.concurrent.ThreadPoolExecutor.runWorker(ThreadPoolExecutor.java:1136)
[2024-09-21T21:13:52.032+0000] {ssh.py:524} INFO - 	at java.base/java.util.concurrent.ThreadPoolExecutor$Worker.run(ThreadPoolExecutor.java:635)
[2024-09-21T21:13:52.032+0000] {ssh.py:524} INFO - 	at java.base/java.lang.Thread.run(Thread.java:833)
[2024-09-21T21:13:52.032+0000] {ssh.py:524} INFO - Caused by: java.io.IOException: Could not read footer for file: FileStatus{path=s3a://raw/olhovivo/paradas_unparsed/part-00000-05e93adb-29c3-4d3c-9bd0-1e07aa64c0c0-c000.json; isDirectory=false; length=42496; replication=0; blocksize=0; modification_time=0; access_time=0; owner=; group=; permission=rw-rw-rw-; isSymlink=false; hasAcl=false; isEncrypted=false; isErasureCoded=false}
[2024-09-21T21:13:52.033+0000] {ssh.py:524} INFO - 	at org.apache.spark.sql.errors.QueryExecutionErrors$.cannotReadFooterForFileError(QueryExecutionErrors.scala:882)
[2024-09-21T21:13:52.033+0000] {ssh.py:524} INFO - 	at org.apache.spark.sql.execution.datasources.parquet.ParquetFileFormat$.$anonfun$readParquetFootersInParallel$1(ParquetFileFormat.scala:489)
[2024-09-21T21:13:52.033+0000] {ssh.py:524} INFO - 	at org.apache.spark.util.ThreadUtils$.$anonfun$parmap$2(ThreadUtils.scala:372)
[2024-09-21T21:13:52.033+0000] {ssh.py:524} INFO - 	at scala.concurrent.Future$.$anonfun$apply$1(Future.scala:659)
[2024-09-21T21:13:52.034+0000] {ssh.py:524} INFO - 	at scala.util.Success.$anonfun$map$1(Try.scala:255)
[2024-09-21T21:13:52.034+0000] {ssh.py:524} INFO - 	at scala.util.Success.map(Try.scala:213)
[2024-09-21T21:13:52.034+0000] {ssh.py:524} INFO - 	at scala.concurrent.Future.$anonfun$map$1(Future.scala:292)
[2024-09-21T21:13:52.034+0000] {ssh.py:524} INFO - 	at scala.concurrent.impl.Promise.liftedTree1$1(Promise.scala:33)
[2024-09-21T21:13:52.035+0000] {ssh.py:524} INFO - 	at scala.concurrent.impl.Promise.$anonfun$transform$1(Promise.scala:33)
[2024-09-21T21:13:52.035+0000] {ssh.py:524} INFO - 	at scala.concurrent.impl.CallbackRunnable.run(Promise.scala:64)
[2024-09-21T21:13:52.035+0000] {ssh.py:524} INFO - 	at java.base/java.util.concurrent.ForkJoinTask$RunnableExecuteAction.exec(ForkJoinTask.java:1395)
[2024-09-21T21:13:52.035+0000] {ssh.py:524} INFO - 	at java.base/java.util.concurrent.ForkJoinTask.doExec(ForkJoinTask.java:373)
[2024-09-21T21:13:52.035+0000] {ssh.py:524} INFO - 	at java.base/java.util.concurrent.ForkJoinPool$WorkQueue.topLevelExec(ForkJoinPool.java:1182)
[2024-09-21T21:13:52.036+0000] {ssh.py:524} INFO - 	at java.base/java.util.concurrent.ForkJoinPool.scan(ForkJoinPool.java:1655)
[2024-09-21T21:13:52.036+0000] {ssh.py:524} INFO - 	at java.base/java.util.concurrent.ForkJoinPool.runWorker(ForkJoinPool.java:1622)
[2024-09-21T21:13:52.036+0000] {ssh.py:524} INFO - 	at java.base/java.util.concurrent.ForkJoinWorkerThread.run(ForkJoinWorkerThread.java:165)
[2024-09-21T21:13:52.036+0000] {ssh.py:524} INFO - Caused by: java.lang.RuntimeException: s3a://raw/olhovivo/paradas_unparsed/part-00000-05e93adb-29c3-4d3c-9bd0-1e07aa64c0c0-c000.json is not a Parquet file. Expected magic number at tail, but found [125, 34, 125, 10]
[2024-09-21T21:13:52.037+0000] {ssh.py:524} INFO - 	at org.apache.parquet.hadoop.ParquetFileReader.readFooter(ParquetFileReader.java:556)
[2024-09-21T21:13:52.037+0000] {ssh.py:524} INFO - 	at org.apache.parquet.hadoop.ParquetFileReader.<init>(ParquetFileReader.java:776)
[2024-09-21T21:13:52.037+0000] {ssh.py:524} INFO - 	at org.apache.parquet.hadoop.ParquetFileReader.open(ParquetFileReader.java:657)
[2024-09-21T21:13:52.037+0000] {ssh.py:524} INFO - 	at org.apache.spark.sql.execution.datasources.parquet.ParquetFooterReader.readFooter(ParquetFooterReader.java:53)
[2024-09-21T21:13:52.038+0000] {ssh.py:524} INFO - 	at org.apache.spark.sql.execution.datasources.parquet.ParquetFooterReader.readFooter(ParquetFooterReader.java:44)
[2024-09-21T21:13:52.038+0000] {ssh.py:524} INFO - 	at org.apache.spark.sql.execution.datasources.parquet.ParquetFileFormat$.$anonfun$readParquetFootersInParallel$1(ParquetFileFormat.scala:483)
[2024-09-21T21:13:52.038+0000] {ssh.py:524} INFO - 	... 14 more
[2024-09-21T21:13:52.038+0000] {ssh.py:524} INFO - 
[2024-09-21T21:13:52.039+0000] {ssh.py:524} INFO - Driver stacktrace:
[2024-09-21T21:13:52.039+0000] {ssh.py:524} INFO - 	at org.apache.spark.scheduler.DAGScheduler.failJobAndIndependentStages(DAGScheduler.scala:2672)
[2024-09-21T21:13:52.039+0000] {ssh.py:524} INFO - 	at org.apache.spark.scheduler.DAGScheduler.$anonfun$abortStage$2(DAGScheduler.scala:2608)
[2024-09-21T21:13:52.039+0000] {ssh.py:524} INFO - 	at org.apache.spark.scheduler.DAGScheduler.$anonfun$abortStage$2$adapted(DAGScheduler.scala:2607)
[2024-09-21T21:13:52.040+0000] {ssh.py:524} INFO - 	at scala.collection.mutable.ResizableArray.foreach(ResizableArray.scala:62)
[2024-09-21T21:13:52.040+0000] {ssh.py:524} INFO - 	at scala.collection.mutable.ResizableArray.foreach$(ResizableArray.scala:55)
[2024-09-21T21:13:52.040+0000] {ssh.py:524} INFO - 	at scala.collection.mutable.ArrayBuffer.foreach(ArrayBuffer.scala:49)
[2024-09-21T21:13:52.040+0000] {ssh.py:524} INFO - 	at org.apache.spark.scheduler.DAGScheduler.abortStage(DAGScheduler.scala:2607)
[2024-09-21T21:13:52.041+0000] {ssh.py:524} INFO - 	at org.apache.spark.scheduler.DAGScheduler.$anonfun$handleTaskSetFailed$1(DAGScheduler.scala:1182)
[2024-09-21T21:13:52.041+0000] {ssh.py:524} INFO - 	at org.apache.spark.scheduler.DAGScheduler.$anonfun$handleTaskSetFailed$1$adapted(DAGScheduler.scala:1182)
[2024-09-21T21:13:52.041+0000] {ssh.py:524} INFO - 	at scala.Option.foreach(Option.scala:407)
[2024-09-21T21:13:52.042+0000] {ssh.py:524} INFO - 	at org.apache.spark.scheduler.DAGScheduler.handleTaskSetFailed(DAGScheduler.scala:1182)
[2024-09-21T21:13:52.042+0000] {ssh.py:524} INFO - 	at org.apache.spark.scheduler.DAGSchedulerEventProcessLoop.doOnReceive(DAGScheduler.scala:2860)
[2024-09-21T21:13:52.042+0000] {ssh.py:524} INFO - 	at org.apache.spark.scheduler.DAGSchedulerEventProcessLoop.onReceive(DAGScheduler.scala:2802)
[2024-09-21T21:13:52.043+0000] {ssh.py:524} INFO - 	at org.apache.spark.scheduler.DAGSchedulerEventProcessLoop.onReceive(DAGScheduler.scala:2791)
[2024-09-21T21:13:52.043+0000] {ssh.py:524} INFO - 	at org.apache.spark.util.EventLoop$$anon$1.run(EventLoop.scala:49)
[2024-09-21T21:13:52.043+0000] {ssh.py:524} INFO - 	at org.apache.spark.scheduler.DAGScheduler.runJob(DAGScheduler.scala:952)
[2024-09-21T21:13:52.044+0000] {ssh.py:524} INFO - 	at org.apache.spark.SparkContext.runJob(SparkContext.scala:2228)
[2024-09-21T21:13:52.044+0000] {ssh.py:524} INFO - 	at org.apache.spark.SparkContext.runJob(SparkContext.scala:2249)
[2024-09-21T21:13:52.044+0000] {ssh.py:524} INFO - 	at org.apache.spark.SparkContext.runJob(SparkContext.scala:2268)
[2024-09-21T21:13:52.045+0000] {ssh.py:524} INFO - 	at org.apache.spark.SparkContext.runJob(SparkContext.scala:2293)
[2024-09-21T21:13:52.045+0000] {ssh.py:524} INFO - 	at org.apache.spark.rdd.RDD.$anonfun$collect$1(RDD.scala:1021)
[2024-09-21T21:13:52.045+0000] {ssh.py:524} INFO - 	at org.apache.spark.rdd.RDDOperationScope$.withScope(RDDOperationScope.scala:151)
[2024-09-21T21:13:52.046+0000] {ssh.py:524} INFO - 	at org.apache.spark.rdd.RDDOperationScope$.withScope(RDDOperationScope.scala:112)
[2024-09-21T21:13:52.046+0000] {ssh.py:524} INFO - 	at org.apache.spark.rdd.RDD.withScope(RDD.scala:406)
[2024-09-21T21:13:52.046+0000] {ssh.py:524} INFO - 	at org.apache.spark.rdd.RDD.collect(RDD.scala:1020)
[2024-09-21T21:13:52.046+0000] {ssh.py:524} INFO - 	at org.apache.spark.sql.execution.datasources.SchemaMergeUtils$.mergeSchemasInParallel(SchemaMergeUtils.scala:70)
[2024-09-21T21:13:52.047+0000] {ssh.py:524} INFO - 	at org.apache.spark.sql.execution.datasources.parquet.ParquetFileFormat$.mergeSchemasInParallel(ParquetFileFormat.scala:526)
[2024-09-21T21:13:52.047+0000] {ssh.py:524} INFO - 	at org.apache.spark.sql.execution.datasources.parquet.ParquetUtils$.inferSchema(ParquetUtils.scala:125)
[2024-09-21T21:13:52.047+0000] {ssh.py:524} INFO - 	at org.apache.spark.sql.execution.datasources.parquet.ParquetFileFormat.inferSchema(ParquetFileFormat.scala:168)
[2024-09-21T21:13:52.047+0000] {ssh.py:524} INFO - 	at org.apache.spark.sql.execution.datasources.DataSource.$anonfun$getOrInferFileFormatSchema$11(DataSource.scala:210)
[2024-09-21T21:13:52.048+0000] {ssh.py:524} INFO - 	at scala.Option.orElse(Option.scala:447)
[2024-09-21T21:13:52.048+0000] {ssh.py:524} INFO - 	at org.apache.spark.sql.execution.datasources.DataSource.getOrInferFileFormatSchema(DataSource.scala:207)
[2024-09-21T21:13:52.048+0000] {ssh.py:524} INFO - 	at org.apache.spark.sql.execution.datasources.DataSource.resolveRelation(DataSource.scala:411)
[2024-09-21T21:13:52.049+0000] {ssh.py:524} INFO - 	at org.apache.spark.sql.DataFrameReader.loadV1Source(DataFrameReader.scala:228)
[2024-09-21T21:13:52.049+0000] {ssh.py:524} INFO - 	at org.apache.spark.sql.DataFrameReader.$anonfun$load$2(DataFrameReader.scala:210)
[2024-09-21T21:13:52.049+0000] {ssh.py:524} INFO - 	at scala.Option.getOrElse(Option.scala:189)
[2024-09-21T21:13:52.050+0000] {ssh.py:524} INFO - 	at org.apache.spark.sql.DataFrameReader.load(DataFrameReader.scala:210)
[2024-09-21T21:13:52.050+0000] {ssh.py:524} INFO - 	at org.apache.spark.sql.DataFrameReader.parquet(DataFrameReader.scala:562)
[2024-09-21T21:13:52.050+0000] {ssh.py:524} INFO - 	at java.base/jdk.internal.reflect.NativeMethodAccessorImpl.invoke0(Native Method)
[2024-09-21T21:13:52.050+0000] {ssh.py:524} INFO - 	at java.base/jdk.internal.reflect.NativeMethodAccessorImpl.invoke(NativeMethodAccessorImpl.java:77)
[2024-09-21T21:13:52.051+0000] {ssh.py:524} INFO - 	at java.base/jdk.internal.reflect.DelegatingMethodAccessorImpl.invoke(DelegatingMethodAccessorImpl.java:43)
[2024-09-21T21:13:52.051+0000] {ssh.py:524} INFO - 	at java.base/java.lang.reflect.Method.invoke(Method.java:568)
[2024-09-21T21:13:52.051+0000] {ssh.py:524} INFO - 	at py4j.reflection.MethodInvoker.invoke(MethodInvoker.java:244)
[2024-09-21T21:13:52.052+0000] {ssh.py:524} INFO - 	at py4j.reflection.ReflectionEngine.invoke(ReflectionEngine.java:357)
[2024-09-21T21:13:52.052+0000] {ssh.py:524} INFO - 	at py4j.Gateway.invoke(Gateway.java:282)
[2024-09-21T21:13:52.052+0000] {ssh.py:524} INFO - 	at py4j.commands.AbstractCommand.invokeMe
[2024-09-21T21:13:52.053+0000] {ssh.py:524} INFO - thod(AbstractCommand.java:132)
[2024-09-21T21:13:52.053+0000] {ssh.py:524} INFO - 	at py4j.commands.CallCommand.execute(CallCommand.java:79)
[2024-09-21T21:13:52.053+0000] {ssh.py:524} INFO - 	at py4j.ClientServerConnection.waitForCommands(ClientServerConnection.java:182)
[2024-09-21T21:13:52.053+0000] {ssh.py:524} INFO - 	at py4j.ClientServerConnection.run(ClientServerConnection.java:106)
[2024-09-21T21:13:52.054+0000] {ssh.py:524} INFO - 	at java.base/java.lang.Thread.run(Thread.java:833)
[2024-09-21T21:13:52.054+0000] {ssh.py:524} INFO - Caused by: org.apache.spark.SparkException: Exception thrown in awaitResult: 
[2024-09-21T21:13:52.054+0000] {ssh.py:524} INFO - 	at org.apache.spark.util.ThreadUtils$.awaitResult(ThreadUtils.scala:301)
[2024-09-21T21:13:52.055+0000] {ssh.py:524} INFO - 	at org.apache.spark.util.ThreadUtils$.parmap(ThreadUtils.scala:375)
[2024-09-21T21:13:52.055+0000] {ssh.py:524} INFO - 	at org.apache.spark.sql.execution.datasources.parquet.ParquetFileFormat$.readParquetFootersInParallel(ParquetFileFormat.scala:476)
[2024-09-21T21:13:52.055+0000] {ssh.py:524} INFO - 	at org.apache.spark.sql.execution.datasources.parquet.ParquetFileFormat$.$anonfun$mergeSchemasInParallel$1(ParquetFileFormat.scala:522)
[2024-09-21T21:13:52.056+0000] {ssh.py:524} INFO - 	at org.apache.spark.sql.execution.datasources.parquet.ParquetFileFormat$.$anonfun$mergeSchemasInParallel$1$adapted(ParquetFileFormat.scala:516)
[2024-09-21T21:13:52.056+0000] {ssh.py:524} INFO - 	at org.apache.spark.sql.execution.datasources.SchemaMergeUtils$.$anonfun$mergeSchemasInParallel$2(SchemaMergeUtils.scala:76)
[2024-09-21T21:13:52.056+0000] {ssh.py:524} INFO - 	at org.apache.spark.rdd.RDD.$anonfun$mapPartitions$2(RDD.scala:855)
[2024-09-21T21:13:52.056+0000] {ssh.py:524} INFO - 	at org.apache.spark.rdd.RDD.$anonfun$mapPartitions$2$adapted(RDD.scala:855)
[2024-09-21T21:13:52.057+0000] {ssh.py:524} INFO - 	at org.apache.spark.rdd.MapPartitionsRDD.compute(MapPartitionsRDD.scala:52)
[2024-09-21T21:13:52.057+0000] {ssh.py:524} INFO - 	at org.apache.spark.rdd.RDD.computeOrReadCheckpoint(RDD.scala:365)
[2024-09-21T21:13:52.057+0000] {ssh.py:524} INFO - 	at org.apache.spark.rdd.RDD.iterator(RDD.scala:329)
[2024-09-21T21:13:52.058+0000] {ssh.py:524} INFO - 	at org.apache.spark.scheduler.ResultTask.runTask(ResultTask.scala:90)
[2024-09-21T21:13:52.058+0000] {ssh.py:524} INFO - 	at org.apache.spark.scheduler.Task.run(Task.scala:136)
[2024-09-21T21:13:52.058+0000] {ssh.py:524} INFO - 	at org.apache.spark.executor.Executor$TaskRunner.$anonfun$run$3(Executor.scala:548)
[2024-09-21T21:13:52.058+0000] {ssh.py:524} INFO - 	at org.apache.spark.util.Utils$.tryWithSafeFinally(Utils.scala:1504)
[2024-09-21T21:13:52.059+0000] {ssh.py:524} INFO - 	at org.apache.spark.executor.Executor$TaskRunner.run(Executor.scala:551)
[2024-09-21T21:13:52.059+0000] {ssh.py:524} INFO - 	at java.base/java.util.concurrent.ThreadPoolExecutor.runWorker(ThreadPoolExecutor.java:1136)
[2024-09-21T21:13:52.059+0000] {ssh.py:524} INFO - 	at java.base/java.util.concurrent.ThreadPoolExecutor$Worker.run(ThreadPoolExecutor.java:635)
[2024-09-21T21:13:52.060+0000] {ssh.py:524} INFO - 	... 1 more
[2024-09-21T21:13:52.060+0000] {ssh.py:524} INFO - Caused by: java.io.IOException: Could not read footer for file: FileStatus{path=s3a://raw/olhovivo/paradas_unparsed/part-00000-05e93adb-29c3-4d3c-9bd0-1e07aa64c0c0-c000.json; isDirectory=false; length=42496; replication=0; blocksize=0; modification_time=0; access_time=0; owner=; group=; permission=rw-rw-rw-; isSymlink=false; hasAcl=false; isEncrypted=false; isErasureCoded=false}
[2024-09-21T21:13:52.060+0000] {ssh.py:524} INFO - 	at org.apache.spark.sql.errors.QueryExecutionErrors$.cannotReadFooterForFileError(QueryExecutionErrors.scala:882)
[2024-09-21T21:13:52.061+0000] {ssh.py:524} INFO - 	at org.apache.spark.sql.execution.datasources.parquet.ParquetFileFormat$.$anonfun$readParquetFootersInParallel$1(ParquetFileFormat.scala:489)
[2024-09-21T21:13:52.061+0000] {ssh.py:524} INFO - 	at org.apache.spark.util.ThreadUtils$.$anonfun$parmap$2(ThreadUtils.scala:372)
[2024-09-21T21:13:52.061+0000] {ssh.py:524} INFO - 	at scala.concurrent.Future$.$anonfun$apply$1(Future.scala:659)
[2024-09-21T21:13:52.062+0000] {ssh.py:524} INFO - 	at scala.util.Success.$anonfun$map$1(Try.scala:255)
[2024-09-21T21:13:52.062+0000] {ssh.py:524} INFO - 	at scala.util.Success.map(Try.scala:213)
[2024-09-21T21:13:52.062+0000] {ssh.py:524} INFO - 	at scala.concurrent.Future.$anonfun$map$1(Future.scala:292)
[2024-09-21T21:13:52.062+0000] {ssh.py:524} INFO - 	at scala.concurrent.impl.Promise.liftedTree1$1(Promise.scala:33)
[2024-09-21T21:13:52.063+0000] {ssh.py:524} INFO - 	at scala.concurrent.impl.Promise.$anonfun$transform$1(Promise.scala:33)
[2024-09-21T21:13:52.063+0000] {ssh.py:524} INFO - 	at scala.concurrent.impl.CallbackRunnable.run(Promise.scala:64)
[2024-09-21T21:13:52.063+0000] {ssh.py:524} INFO - 	at java.base/java.util.concurrent.ForkJoinTask$RunnableExecuteAction.exec(ForkJoinTask.java:1395)
[2024-09-21T21:13:52.064+0000] {ssh.py:524} INFO - 	at java.base/java.util.concurrent.ForkJoinTask.doExec(ForkJoinTask.java:373)
[2024-09-21T21:13:52.064+0000] {ssh.py:524} INFO - 	at java.base/java.util.concurrent.ForkJoinPool$WorkQueue.topLevelExec(ForkJoinPool.java:1182)
[2024-09-21T21:13:52.064+0000] {ssh.py:524} INFO - 	at java.base/java.util.concurrent.ForkJoinPool.scan(ForkJoinPool.java:1655)
[2024-09-21T21:13:52.064+0000] {ssh.py:524} INFO - 	at java.base/java.util.concurrent.ForkJoinPool.runWorker(ForkJoinPool.java:1622)
[2024-09-21T21:13:52.065+0000] {ssh.py:524} INFO - 	at java.base/java.util.concurrent.ForkJoinWorkerThread.run(ForkJoinWorkerThread.java:165)
[2024-09-21T21:13:52.065+0000] {ssh.py:524} INFO - Caused by: java.lang.RuntimeException: s3a://raw/olhovivo/paradas_unparsed/part-00000-05e93adb-29c3-4d3c-9bd0-1e07aa64c0c0-c000.json is not a Parquet file. Expected magic number at tail, but found [125, 34, 125, 10]
[2024-09-21T21:13:52.065+0000] {ssh.py:524} INFO - 	at org.apache.parquet.hadoop.ParquetFileReader.readFooter(ParquetFileReader.java:556)
[2024-09-21T21:13:52.066+0000] {ssh.py:524} INFO - 	at org.apache.parquet.hadoop.ParquetFileReader.<init>(ParquetFileReader.java:776)
[2024-09-21T21:13:52.066+0000] {ssh.py:524} INFO - 	at org.apache.parquet.hadoop.ParquetFileReader.open(ParquetFileReader.java:657)
[2024-09-21T21:13:52.066+0000] {ssh.py:524} INFO - 	at org.apache.spark.sql.execution.datasources.parquet.ParquetFooterReader.readFooter(ParquetFooterReader.java:53)
[2024-09-21T21:13:52.066+0000] {ssh.py:524} INFO - 	at org.apache.spark.sql.execution.datasources.parquet.ParquetFooterReader.readFooter(ParquetFooterReader.java:44)
[2024-09-21T21:13:52.067+0000] {ssh.py:524} INFO - 	at org.apache.spark.sql.execution.datasources.parquet.ParquetFileFormat$.$anonfun$readParquetFootersInParallel$1(ParquetFileFormat.scala:483)
[2024-09-21T21:13:52.067+0000] {ssh.py:524} INFO - 	... 14 more
[2024-09-21T21:13:52.067+0000] {ssh.py:524} INFO - 24/09/21 21:13:52 INFO SparkContext: Invoking stop() from shutdown hook
[2024-09-21T21:13:52.068+0000] {ssh.py:524} INFO - 24/09/21 21:13:52 INFO SparkUI: Stopped Spark web UI at http://spark-master:4044
[2024-09-21T21:13:52.074+0000] {ssh.py:524} INFO - 24/09/21 21:13:52 INFO MapOutputTrackerMasterEndpoint: MapOutputTrackerMasterEndpoint stopped!
[2024-09-21T21:13:52.085+0000] {ssh.py:524} INFO - 24/09/21 21:13:52 INFO MemoryStore: MemoryStore cleared
[2024-09-21T21:13:52.085+0000] {ssh.py:524} INFO - 24/09/21 21:13:52 INFO BlockManager: BlockManager stopped
[2024-09-21T21:13:52.087+0000] {ssh.py:524} INFO - 24/09/21 21:13:52 INFO BlockManagerMaster: BlockManagerMaster stopped
[2024-09-21T21:13:52.089+0000] {ssh.py:524} INFO - 24/09/21 21:13:52 INFO OutputCommitCoordinator$OutputCommitCoordinatorEndpoint: OutputCommitCoordinator stopped!
[2024-09-21T21:13:52.096+0000] {ssh.py:524} INFO - 24/09/21 21:13:52 INFO SparkContext: Successfully stopped SparkContext
[2024-09-21T21:13:52.097+0000] {ssh.py:524} INFO - 24/09/21 21:13:52 INFO ShutdownHookManager: Shutdown hook called
[2024-09-21T21:13:52.097+0000] {ssh.py:524} INFO - 24/09/21 21:13:52 INFO ShutdownHookManager: Deleting directory /tmp/spark-3aa3bab4-7a27-43d9-ad61-f0d18edf3d41/pyspark-4a40456a-3dcc-4542-b957-f8dbfd121a1e
[2024-09-21T21:13:52.099+0000] {ssh.py:524} INFO - 24/09/21 21:13:52 INFO ShutdownHookManager: Deleting directory /tmp/spark-3aa3bab4-7a27-43d9-ad61-f0d18edf3d41
[2024-09-21T21:13:52.101+0000] {ssh.py:524} INFO - 24/09/21 21:13:52 INFO ShutdownHookManager: Deleting directory /tmp/spark-489bc675-68ff-43d1-989e-2ebace8e96fd
[2024-09-21T21:13:52.107+0000] {ssh.py:524} INFO - 24/09/21 21:13:52 INFO MetricsSystemImpl: Stopping s3a-file-system metrics system...
[2024-09-21T21:13:52.108+0000] {ssh.py:524} INFO - 24/09/21 21:13:52 INFO MetricsSystemImpl: s3a-file-system metrics system stopped.
[2024-09-21T21:13:52.108+0000] {ssh.py:524} INFO - 24/09/21 21:13:52 INFO MetricsSystemImpl: s3a-file-system metrics system shutdown complete.
[2024-09-21T21:13:52.212+0000] {taskinstance.py:1937} ERROR - Task failed with exception
Traceback (most recent call last):
  File "/home/airflow/.local/lib/python3.8/site-packages/airflow/providers/ssh/operators/ssh.py", line 178, in execute
    result = self.run_ssh_client_command(ssh_client, self.command, context=context)
  File "/home/airflow/.local/lib/python3.8/site-packages/airflow/providers/ssh/operators/ssh.py", line 166, in run_ssh_client_command
    self.raise_for_status(exit_status, agg_stderr, context=context)
  File "/home/airflow/.local/lib/python3.8/site-packages/airflow/providers/ssh/operators/ssh.py", line 160, in raise_for_status
    raise AirflowException(f"SSH operator error: exit status = {exit_status}")
airflow.exceptions.AirflowException: SSH operator error: exit status = 1
[2024-09-21T21:13:52.214+0000] {taskinstance.py:1400} INFO - Marking task as FAILED. dag_id=raw_ingestion, task_id=spark_raw_ingestion_previsao, execution_date=20240921T211329, start_date=20240921T211330, end_date=20240921T211352
[2024-09-21T21:13:52.230+0000] {standard_task_runner.py:104} ERROR - Failed to execute job 372 for task spark_raw_ingestion_previsao (SSH operator error: exit status = 1; 816)
[2024-09-21T21:13:52.255+0000] {local_task_job_runner.py:228} INFO - Task exited with return code 1
[2024-09-21T21:13:52.294+0000] {taskinstance.py:2778} INFO - 0 downstream tasks scheduled from follow-on schedule check
