[2024-09-23T02:09:24.963+0000] {taskinstance.py:1159} INFO - Dependencies all met for dep_context=non-requeueable deps ti=<TaskInstance: raw_ingestion_15min.spark_raw_ingestion_posicao manual__2024-09-23T02:09:24.147607+00:00 [queued]>
[2024-09-23T02:09:24.972+0000] {taskinstance.py:1159} INFO - Dependencies all met for dep_context=requeueable deps ti=<TaskInstance: raw_ingestion_15min.spark_raw_ingestion_posicao manual__2024-09-23T02:09:24.147607+00:00 [queued]>
[2024-09-23T02:09:24.972+0000] {taskinstance.py:1361} INFO - Starting attempt 1 of 2
[2024-09-23T02:09:24.985+0000] {taskinstance.py:1382} INFO - Executing <Task(SSHOperator): spark_raw_ingestion_posicao> on 2024-09-23 02:09:24.147607+00:00
[2024-09-23T02:09:24.990+0000] {standard_task_runner.py:57} INFO - Started process 4458 to run task
[2024-09-23T02:09:24.992+0000] {standard_task_runner.py:84} INFO - Running: ['airflow', 'tasks', 'run', 'raw_ingestion_15min', 'spark_raw_ingestion_posicao', 'manual__2024-09-23T02:09:24.147607+00:00', '--job-id', '481', '--raw', '--subdir', 'DAGS_FOLDER/raw_ingestion_15min.py', '--cfg-path', '/tmp/tmpam6czt5n']
[2024-09-23T02:09:24.993+0000] {standard_task_runner.py:85} INFO - Job 481: Subtask spark_raw_ingestion_posicao
[2024-09-23T02:09:25.104+0000] {task_command.py:416} INFO - Running <TaskInstance: raw_ingestion_15min.spark_raw_ingestion_posicao manual__2024-09-23T02:09:24.147607+00:00 [running]> on host airflow-worker
[2024-09-23T02:09:25.288+0000] {taskinstance.py:1662} INFO - Exporting env vars: AIRFLOW_CTX_DAG_OWNER='***' AIRFLOW_CTX_DAG_ID='raw_ingestion_15min' AIRFLOW_CTX_TASK_ID='spark_raw_ingestion_posicao' AIRFLOW_CTX_EXECUTION_DATE='2024-09-23T02:09:24.147607+00:00' AIRFLOW_CTX_TRY_NUMBER='1' AIRFLOW_CTX_DAG_RUN_ID='manual__2024-09-23T02:09:24.147607+00:00'
[2024-09-23T02:09:25.289+0000] {ssh.py:141} INFO - Creating ssh_client
[2024-09-23T02:09:25.289+0000] {ssh.py:114} INFO - ssh_hook is not provided or invalid. Trying ssh_conn_id to create SSHHook.
[2024-09-23T02:09:25.317+0000] {base.py:73} INFO - Using connection ID 'spark_ssh_default' for task execution.
[2024-09-23T02:09:25.318+0000] {ssh.py:300} WARNING - No Host Key Verification. This won't protect against Man-In-The-Middle attacks
[2024-09-23T02:09:25.325+0000] {transport.py:1893} INFO - Connected (version 2.0, client OpenSSH_8.9p1)
[2024-09-23T02:09:25.455+0000] {transport.py:1893} INFO - Authentication (password) successful!
[2024-09-23T02:09:25.456+0000] {ssh.py:478} INFO - Running command: export SPARK_HOME=/usr/local/spark; /opt/conda/bin/spark-submit --master local[*] --driver-cores 2 --executor-cores 2 --driver-memory 4G --executor-memory 4G /opt/shared/scripts/raw_ingestion.py 2024-09-23 posicao
[2024-09-23T02:09:27.941+0000] {ssh.py:524} INFO - [DEBUG] dt_now: 2024-09-23
[2024-09-23T02:09:27.942+0000] {ssh.py:524} INFO - [DEBUG] endpoint: posicao
[2024-09-23T02:09:28.014+0000] {ssh.py:524} INFO - 24/09/23 02:09:28 INFO SparkContext: Running Spark version 3.3.1
[2024-09-23T02:09:28.037+0000] {ssh.py:524} INFO - 24/09/23 02:09:28 WARN NativeCodeLoader: Unable to load native-hadoop library for your platform... using builtin-java classes where applicable
[2024-09-23T02:09:28.139+0000] {ssh.py:524} INFO - 24/09/23 02:09:28 INFO ResourceUtils: ==============================================================
[2024-09-23T02:09:28.140+0000] {ssh.py:524} INFO - 24/09/23 02:09:28 INFO ResourceUtils: No custom resources configured for spark.driver.
[2024-09-23T02:09:28.140+0000] {ssh.py:524} INFO - 24/09/23 02:09:28 INFO ResourceUtils: ==============================================================
[2024-09-23T02:09:28.141+0000] {ssh.py:524} INFO - 24/09/23 02:09:28 INFO SparkContext: Submitted application: raw_ingestion_posicao
[2024-09-23T02:09:28.165+0000] {ssh.py:524} INFO - 24/09/23 02:09:28 INFO ResourceProfile: Default ResourceProfile created, executor resources: Map(cores -> name: cores, amount: 1, script: , vendor: , memory -> name: memory, amount: 1024, script: , vendor: , offHeap -> name: offHeap, amount: 0, script: , vendor: ), task resources: Map(cpus -> name: cpus, amount: 1.0)
[2024-09-23T02:09:28.177+0000] {ssh.py:524} INFO - 24/09/23 02:09:28 INFO ResourceProfile: Limiting resource is cpu
[2024-09-23T02:09:28.178+0000] {ssh.py:524} INFO - 24/09/23 02:09:28 INFO ResourceProfileManager: Added ResourceProfile id: 0
[2024-09-23T02:09:28.231+0000] {ssh.py:524} INFO - 24/09/23 02:09:28 INFO SecurityManager: Changing view acls to: root
[2024-09-23T02:09:28.232+0000] {ssh.py:524} INFO - 24/09/23 02:09:28 INFO SecurityManager: Changing modify acls to: root
[2024-09-23T02:09:28.233+0000] {ssh.py:524} INFO - 24/09/23 02:09:28 INFO SecurityManager: Changing view acls groups to: 
[2024-09-23T02:09:28.234+0000] {ssh.py:524} INFO - 24/09/23 02:09:28 INFO SecurityManager: Changing modify acls groups to: 
[2024-09-23T02:09:28.235+0000] {ssh.py:524} INFO - 24/09/23 02:09:28 INFO SecurityManager: SecurityManager: authentication disabled; ui acls disabled; users  with view permissions: Set(root); groups with view permissions: Set(); users  with modify permissions: Set(root); groups with modify permissions: Set()
[2024-09-23T02:09:28.561+0000] {ssh.py:524} INFO - 24/09/23 02:09:28 INFO Utils: Successfully started service 'sparkDriver' on port 43225.
[2024-09-23T02:09:28.627+0000] {ssh.py:524} INFO - 24/09/23 02:09:28 INFO SparkEnv: Registering MapOutputTracker
[2024-09-23T02:09:28.665+0000] {ssh.py:524} INFO - 24/09/23 02:09:28 INFO SparkEnv: Registering BlockManagerMaster
[2024-09-23T02:09:28.683+0000] {ssh.py:524} INFO - 24/09/23 02:09:28 INFO BlockManagerMasterEndpoint: Using org.apache.spark.storage.DefaultTopologyMapper for getting topology information
[2024-09-23T02:09:28.684+0000] {ssh.py:524} INFO - 24/09/23 02:09:28 INFO BlockManagerMasterEndpoint: BlockManagerMasterEndpoint up
[2024-09-23T02:09:28.689+0000] {ssh.py:524} INFO - 24/09/23 02:09:28 INFO SparkEnv: Registering BlockManagerMasterHeartbeat
[2024-09-23T02:09:28.709+0000] {ssh.py:524} INFO - 24/09/23 02:09:28 INFO DiskBlockManager: Created local directory at /tmp/blockmgr-d7b83f4a-1af7-4f4c-a693-839a6ffba524
[2024-09-23T02:09:28.732+0000] {ssh.py:524} INFO - 24/09/23 02:09:28 INFO MemoryStore: MemoryStore started with capacity 2.2 GiB
[2024-09-23T02:09:28.748+0000] {ssh.py:524} INFO - 24/09/23 02:09:28 INFO SparkEnv: Registering OutputCommitCoordinator
[2024-09-23T02:09:28.918+0000] {ssh.py:524} INFO - 24/09/23 02:09:28 WARN Utils: Service 'SparkUI' could not bind on port 4040. Attempting port 4041.
[2024-09-23T02:09:28.927+0000] {ssh.py:524} INFO - 24/09/23 02:09:28 INFO Utils: Successfully started service 'SparkUI' on port 4041.
[2024-09-23T02:09:29.116+0000] {ssh.py:524} INFO - 24/09/23 02:09:29 INFO Executor: Starting executor ID driver on host spark-master
[2024-09-23T02:09:29.126+0000] {ssh.py:524} INFO - 24/09/23 02:09:29 INFO Executor: Starting executor with user classpath (userClassPathFirst = false): ''
[2024-09-23T02:09:29.147+0000] {ssh.py:524} INFO - 24/09/23 02:09:29 INFO Utils: Successfully started service 'org.apache.spark.network.netty.NettyBlockTransferService' on port 41601.
[2024-09-23T02:09:29.147+0000] {ssh.py:524} INFO - 24/09/23 02:09:29 INFO NettyBlockTransferService: Server created on spark-master:41601
[2024-09-23T02:09:29.149+0000] {ssh.py:524} INFO - 24/09/23 02:09:29 INFO BlockManager: Using org.apache.spark.storage.RandomBlockReplicationPolicy for block replication policy
[2024-09-23T02:09:29.157+0000] {ssh.py:524} INFO - 24/09/23 02:09:29 INFO BlockManagerMaster: Registering BlockManager BlockManagerId(driver, spark-master, 41601, None)
[2024-09-23T02:09:29.161+0000] {ssh.py:524} INFO - 24/09/23 02:09:29 INFO BlockManagerMasterEndpoint: Registering block manager spark-master:41601 with 2.2 GiB RAM, BlockManagerId(driver, spark-master, 41601, None)
[2024-09-23T02:09:29.164+0000] {ssh.py:524} INFO - 24/09/23 02:09:29 INFO BlockManagerMaster: Registered BlockManager BlockManagerId(driver, spark-master, 41601, None)
[2024-09-23T02:09:29.165+0000] {ssh.py:524} INFO - 24/09/23 02:09:29 INFO BlockManager: Initialized BlockManager: BlockManagerId(driver, spark-master, 41601, None)
[2024-09-23T02:09:30.743+0000] {ssh.py:524} INFO - 24/09/23 02:09:30 INFO SharedState: Setting hive.metastore.warehouse.dir ('null') to the value of spark.sql.warehouse.dir.
[2024-09-23T02:09:30.751+0000] {ssh.py:524} INFO - 24/09/23 02:09:30 INFO SharedState: Warehouse path is 'file:/root/spark-warehouse'.
[2024-09-23T02:09:32.955+0000] {ssh.py:524} INFO - 24/09/23 02:09:32 WARN MetricsConfig: Cannot locate configuration: tried hadoop-metrics2-s3a-file-system.properties,hadoop-metrics2.properties
[2024-09-23T02:09:32.969+0000] {ssh.py:524} INFO - 24/09/23 02:09:32 INFO MetricsSystemImpl: Scheduled Metric snapshot period at 10 second(s).
[2024-09-23T02:09:32.970+0000] {ssh.py:524} INFO - 24/09/23 02:09:32 INFO MetricsSystemImpl: s3a-file-system metrics system started
[2024-09-23T02:09:34.268+0000] {ssh.py:524} INFO - 24/09/23 02:09:34 WARN AbstractS3ACommitterFactory: Using standard FileOutputCommitter to commit work. This is slow and potentially unsafe.
[2024-09-23T02:09:34.269+0000] {ssh.py:524} INFO - 24/09/23 02:09:34 INFO FileOutputCommitter: File Output Committer Algorithm version is 1
[2024-09-23T02:09:34.270+0000] {ssh.py:524} INFO - 24/09/23 02:09:34 INFO FileOutputCommitter: FileOutputCommitter skip cleanup _temporary folders under output directory:false, ignore cleanup failures: false
[2024-09-23T02:09:34.272+0000] {ssh.py:524} INFO - 24/09/23 02:09:34 INFO AbstractS3ACommitterFactory: Using Committer FileOutputCommitter{PathOutputCommitter{context=TaskAttemptContextImpl{JobContextImpl{jobId=job_202409230209342373015998993177178_0000}; taskId=attempt_202409230209342373015998993177178_0000_m_000000_0, status=''}; org.apache.hadoop.mapreduce.lib.output.FileOutputCommitter@57444fa}; outputPath=s3a://raw/olhovivo/posicao/dt=2024-09-23, workPath=s3a://raw/olhovivo/posicao/dt=2024-09-23/_temporary/0/_temporary/attempt_202409230209342373015998993177178_0000_m_000000_0, algorithmVersion=1, skipCleanup=false, ignoreCleanupFailures=false} for s3a://raw/olhovivo/posicao/dt=2024-09-23
[2024-09-23T02:09:34.273+0000] {ssh.py:524} INFO - 24/09/23 02:09:34 INFO SQLHadoopMapReduceCommitProtocol: Using output committer class org.apache.hadoop.mapreduce.lib.output.FileOutputCommitter
[2024-09-23T02:09:34.962+0000] {ssh.py:524} INFO - 24/09/23 02:09:34 INFO CodeGenerator: Code generated in 252.761502 ms
[2024-09-23T02:09:35.074+0000] {ssh.py:524} INFO - 24/09/23 02:09:35 INFO SparkContext: Starting job: save at NativeMethodAccessorImpl.java:0
[2024-09-23T02:09:35.085+0000] {ssh.py:524} INFO - 24/09/23 02:09:35 INFO DAGScheduler: Got job 0 (save at NativeMethodAccessorImpl.java:0) with 12 output partitions
[2024-09-23T02:09:35.085+0000] {ssh.py:524} INFO - 24/09/23 02:09:35 INFO DAGScheduler: Final stage: ResultStage 0 (save at NativeMethodAccessorImpl.java:0)
[2024-09-23T02:09:35.086+0000] {ssh.py:524} INFO - 24/09/23 02:09:35 INFO DAGScheduler: Parents of final stage: List()
[2024-09-23T02:09:35.087+0000] {ssh.py:524} INFO - 24/09/23 02:09:35 INFO DAGScheduler: Missing parents: List()
[2024-09-23T02:09:35.090+0000] {ssh.py:524} INFO - 24/09/23 02:09:35 INFO DAGScheduler: Submitting ResultStage 0 (MapPartitionsRDD[5] at save at NativeMethodAccessorImpl.java:0), which has no missing parents
[2024-09-23T02:09:35.295+0000] {ssh.py:524} INFO - 24/09/23 02:09:35 INFO MemoryStore: Block broadcast_0 stored as values in memory (estimated size 225.6 KiB, free 2.2 GiB)
[2024-09-23T02:09:35.337+0000] {ssh.py:524} INFO - 24/09/23 02:09:35 INFO MemoryStore: Block broadcast_0_piece0 stored as bytes in memory (estimated size 82.0 KiB, free 2.2 GiB)
[2024-09-23T02:09:35.345+0000] {ssh.py:524} INFO - 24/09/23 02:09:35 INFO BlockManagerInfo: Added broadcast_0_piece0 in memory on spark-master:41601 (size: 82.0 KiB, free: 2.2 GiB)
[2024-09-23T02:09:35.365+0000] {ssh.py:524} INFO - 24/09/23 02:09:35 INFO SparkContext: Created broadcast 0 from broadcast at DAGScheduler.scala:1513
[2024-09-23T02:09:35.384+0000] {ssh.py:524} INFO - 24/09/23 02:09:35 INFO DAGScheduler: Submitting 12 missing tasks from ResultStage 0 (MapPartitionsRDD[5] at save at NativeMethodAccessorImpl.java:0) (first 15 tasks are for partitions Vector(0, 1, 2, 3, 4, 5, 6, 7, 8, 9, 10, 11))
[2024-09-23T02:09:35.390+0000] {ssh.py:524} INFO - 24/09/23 02:09:35 INFO TaskSchedulerImpl: Adding task set 0.0 with 12 tasks resource profile 0
[2024-09-23T02:09:35.537+0000] {ssh.py:524} INFO - 24/09/23 02:09:35 INFO TaskSetManager: Starting task 0.0 in stage 0.0 (TID 0) (spark-master, executor driver, partition 0, PROCESS_LOCAL, 4433 bytes) taskResourceAssignments Map()
[2024-09-23T02:09:35.566+0000] {ssh.py:524} INFO - 24/09/23 02:09:35 INFO TaskSetManager: Starting task 1.0 in stage 0.0 (TID 1) (spark-master, executor driver, partition 1, PROCESS_LOCAL, 4433 bytes) taskResourceAssignments Map()
[2024-09-23T02:09:35.568+0000] {ssh.py:524} INFO - 24/09/23 02:09:35 INFO TaskSetManager: Starting task 2.0 in stage 0.0 (TID 2) (spark-master, executor driver, partition 2, PROCESS_LOCAL, 4433 bytes) taskResourceAssignments Map()
[2024-09-23T02:09:35.569+0000] {ssh.py:524} INFO - 24/09/23 02:09:35 INFO TaskSetManager: Starting task 3.0 in stage 0.0 (TID 3) (spark-master, executor driver, partition 3, PROCESS_LOCAL, 4433 bytes) taskResourceAssignments Map()
[2024-09-23T02:09:35.571+0000] {ssh.py:524} INFO - 24/09/23 02:09:35 INFO TaskSetManager: Starting task 4.0 in stage 0.0 (TID 4) (spark-master, executor driver, partition 4, PROCESS_LOCAL, 4433 bytes) taskResourceAssignments Map()
[2024-09-23T02:09:35.572+0000] {ssh.py:524} INFO - 24/09/23 02:09:35 INFO TaskSetManager: Starting task 5.0 in stage 0.0 (TID 5) (spark-master, executor driver, partition 5, PROCESS_LOCAL, 4433 bytes) taskResourceAssignments Map()
[2024-09-23T02:09:35.574+0000] {ssh.py:524} INFO - 24/09/23 02:09:35 INFO TaskSetManager: Starting task 6.0 in stage 0.0 (TID 6) (spark-master, executor driver, partition 6, PROCESS_LOCAL, 4433 bytes) taskResourceAssignments Map()
[2024-09-23T02:09:35.579+0000] {ssh.py:524} INFO - 24/09/23 02:09:35 INFO TaskSetManager: Starting task 7.0 in stage 0.0 (TID 7) (spark-master, executor driver, partition 7, PROCESS_LOCAL, 4433 bytes) taskResourceAssignments Map()
[2024-09-23T02:09:35.580+0000] {ssh.py:524} INFO - 24/09/23 02:09:35 INFO TaskSetManager: Starting task 8.0 in stage 0.0 (TID 8) (spark-master, executor driver, partition 8, PROCESS_LOCAL, 4433 bytes) taskResourceAssignments Map()
[2024-09-23T02:09:35.583+0000] {ssh.py:524} INFO - 24/09/23 02:09:35 INFO TaskSetManager: Starting task 9.0 in stage 0.0 (TID 9) (spark-master, executor driver, partition 9, PROCESS_LOCAL, 4433 bytes) taskResourceAssignments Map()
[2024-09-23T02:09:35.586+0000] {ssh.py:524} INFO - 24/09/23 02:09:35 INFO TaskSetManager: Starting task 10.0 in stage 0.0 (TID 10) (spark-master, executor driver, partition 10, PROCESS_LOCAL, 4433 bytes) taskResourceAssignments Map()
[2024-09-23T02:09:35.599+0000] {ssh.py:524} INFO - 24/09/23 02:09:35 INFO TaskSetManager: Starting task 11.0 in stage 0.0 (TID 11) (spark-master, executor driver, partition 11, PROCESS_LOCAL, 266536 bytes) taskResourceAssignments Map()
[2024-09-23T02:09:35.620+0000] {ssh.py:524} INFO - 24/09/23 02:09:35 INFO Executor: Running task 0.0 in stage 0.0 (TID 0)
[2024-09-23T02:09:35.621+0000] {ssh.py:524} INFO - 24/09/23 02:09:35 INFO Executor: Running task 1.0 in stage 0.0 (TID 1)
[2024-09-23T02:09:35.626+0000] {ssh.py:524} INFO - 24/09/23 02:09:35 INFO Executor: Running task 2.0 in stage 0.0 (TID 2)
[2024-09-23T02:09:35.631+0000] {ssh.py:524} INFO - 24/09/23 02:09:35 INFO Executor: Running task 3.0 in stage 0.0 (TID 3)
[2024-09-23T02:09:35.680+0000] {ssh.py:524} INFO - 24/09/23 02:09:35 INFO Executor: Running task 4.0 in stage 0.0 (TID 4)
[2024-09-23T02:09:35.696+0000] {ssh.py:524} INFO - 24/09/23 02:09:35 INFO Executor: Running task 5.0 in stage 0.0 (TID 5)
[2024-09-23T02:09:35.713+0000] {ssh.py:524} INFO - 24/09/23 02:09:35 INFO Executor: Running task 6.0 in stage 0.0 (TID 6)
[2024-09-23T02:09:35.753+0000] {ssh.py:524} INFO - 24/09/23 02:09:35 INFO Executor: Running task 8.0 in stage 0.0 (TID 8)
[2024-09-23T02:09:35.756+0000] {ssh.py:524} INFO - 24/09/23 02:09:35 INFO Executor: Running task 7.0 in stage 0.0 (TID 7)
[2024-09-23T02:09:35.802+0000] {ssh.py:524} INFO - 24/09/23 02:09:35 INFO Executor: Running task 9.0 in stage 0.0 (TID 9)
[2024-09-23T02:09:35.803+0000] {ssh.py:524} INFO - 24/09/23 02:09:35 INFO Executor: Running task 11.0 in stage 0.0 (TID 11)
[2024-09-23T02:09:35.803+0000] {ssh.py:524} INFO - 24/09/23 02:09:35 INFO Executor: Running task 10.0 in stage 0.0 (TID 10)
[2024-09-23T02:09:36.629+0000] {ssh.py:524} INFO - 24/09/23 02:09:36 WARN AbstractS3ACommitterFactory: Using standard FileOutputCommitter to commit work. This is slow and potentially unsafe.
[2024-09-23T02:09:36.630+0000] {ssh.py:524} INFO - 24/09/23 02:09:36 WARN AbstractS3ACommitterFactory: Using standard FileOutputCommitter to commit work. This is slow and potentially unsafe.
[2024-09-23T02:09:36.631+0000] {ssh.py:524} INFO - 24/09/23 02:09:36 INFO FileOutputCommitter: File Output Committer Algorithm version is 1
[2024-09-23T02:09:36.632+0000] {ssh.py:524} INFO - 24/09/23 02:09:36 INFO FileOutputCommitter: FileOutputCommitter skip cleanup _temporary folders under output directory:false, ignore cleanup failures: false
[2024-09-23T02:09:36.633+0000] {ssh.py:524} INFO - 24/09/23 02:09:36 INFO FileOutputCommitter: File Output Committer Algorithm version is 1
[2024-09-23T02:09:36.633+0000] {ssh.py:524} INFO - 24/09/23 02:09:36 INFO AbstractS3ACommitterFactory: Using Committer FileOutputCommitter{PathOutputCommitter{context=TaskAttemptContextImpl{JobContextImpl{jobId=job_202409230209357154612485415855832_0000}; taskId=attempt_202409230209357154612485415855832_0000_m_000000_0, status=''}; org.apache.hadoop.mapreduce.lib.output.FileOutputCommitter@6ecc7a8d}; outputPath=s3a://raw/olhovivo/posicao/dt=2024-09-23, workPath=s3a://raw/olhovivo/posicao/dt=2024-09-23/_temporary/0/_temporary/attempt_202409230209357154612485415855832_0000_m_000000_0, algorithmVersion=1, skipCleanup=false, ignoreCleanupFailures=false} for s3a://raw/olhovivo/posicao/dt=2024-09-23
[2024-09-23T02:09:36.633+0000] {ssh.py:524} INFO - 24/09/23 02:09:36 INFO FileOutputCommitter: FileOutputCommitter skip cleanup _temporary folders under output directory:false, ignore cleanup failures: false
[2024-09-23T02:09:36.634+0000] {ssh.py:524} INFO - 24/09/23 02:09:36 INFO SQLHadoopMapReduceCommitProtocol: Using output committer class org.apache.hadoop.mapreduce.lib.output.FileOutputCommitter
[2024-09-23T02:09:36.634+0000] {ssh.py:524} INFO - 24/09/23 02:09:36 INFO AbstractS3ACommitterFactory: Using Committer FileOutputCommitter{PathOutputCommitter{context=TaskAttemptContextImpl{JobContextImpl{jobId=job_202409230209353852162484457839996_0000}; taskId=attempt_202409230209353852162484457839996_0000_m_000001_1, status=''}; org.apache.hadoop.mapreduce.lib.output.FileOutputCommitter@66e2617}; outputPath=s3a://raw/olhovivo/posicao/dt=2024-09-23, workPath=s3a://raw/olhovivo/posicao/dt=2024-09-23/_temporary/0/_temporary/attempt_202409230209353852162484457839996_0000_m_000001_1, algorithmVersion=1, skipCleanup=false, ignoreCleanupFailures=false} for s3a://raw/olhovivo/posicao/dt=2024-09-23
[2024-09-23T02:09:36.634+0000] {ssh.py:524} INFO - 24/09/23 02:09:36 INFO SQLHadoopMapReduceCommitProtocol: Using output committer class org.apache.hadoop.mapreduce.lib.output.FileOutputCommitter
[2024-09-23T02:09:36.705+0000] {ssh.py:524} INFO - 24/09/23 02:09:36 INFO PythonRunner: Times: total = 704, boot = 613, init = 91, finish = 0
[2024-09-23T02:09:36.707+0000] {ssh.py:524} INFO - 24/09/23 02:09:36 WARN AbstractS3ACommitterFactory: Using standard FileOutputCommitter to commit work. This is slow and potentially unsafe.
[2024-09-23T02:09:36.708+0000] {ssh.py:524} INFO - 24/09/23 02:09:36 INFO FileOutputCommitter: File Output Committer Algorithm version is 1
[2024-09-23T02:09:36.708+0000] {ssh.py:524} INFO - 24/09/23 02:09:36 INFO FileOutputCommitter: FileOutputCommitter skip cleanup _temporary folders under output directory:false, ignore cleanup failures: false
[2024-09-23T02:09:36.708+0000] {ssh.py:524} INFO - 24/09/23 02:09:36 INFO AbstractS3ACommitterFactory: Using Committer FileOutputCommitter{PathOutputCommitter{context=TaskAttemptContextImpl{JobContextImpl{jobId=job_202409230209352320754874015310527_0000}; taskId=attempt_202409230209352320754874015310527_0000_m_000010_10, status=''}; org.apache.hadoop.mapreduce.lib.output.FileOutputCommitter@53aeb1d0}; outputPath=s3a://raw/olhovivo/posicao/dt=2024-09-23, workPath=s3a://raw/olhovivo/posicao/dt=2024-09-23/_temporary/0/_temporary/attempt_202409230209352320754874015310527_0000_m_000010_10, algorithmVersion=1, skipCleanup=false, ignoreCleanupFailures=false} for s3a://raw/olhovivo/posicao/dt=2024-09-23
[2024-09-23T02:09:36.712+0000] {ssh.py:524} INFO - 24/09/23 02:09:36 INFO SQLHadoopMapReduceCommitProtocol: Using output committer class org.apache.hadoop.mapreduce.lib.output.FileOutputCommitter
[2024-09-23T02:09:36.713+0000] {ssh.py:524} INFO - 24/09/23 02:09:36 INFO PythonRunner: Times: total = 721, boot = 630, init = 91, finish = 0
[2024-09-23T02:09:36.722+0000] {ssh.py:524} INFO - 24/09/23 02:09:36 WARN AbstractS3ACommitterFactory: Using standard FileOutputCommitter to commit work. This is slow and potentially unsafe.
[2024-09-23T02:09:36.723+0000] {ssh.py:524} INFO - 24/09/23 02:09:36 INFO FileOutputCommitter: File Output Committer Algorithm version is 1
[2024-09-23T02:09:36.723+0000] {ssh.py:524} INFO - 24/09/23 02:09:36 INFO FileOutputCommitter: FileOutputCommitter skip cleanup _temporary folders under output directory:false, ignore cleanup failures: false
[2024-09-23T02:09:36.736+0000] {ssh.py:524} INFO - 24/09/23 02:09:36 WARN AbstractS3ACommitterFactory: Using standard FileOutputCommitter to commit work. This is slow and potentially unsafe.
[2024-09-23T02:09:36.739+0000] {ssh.py:524} INFO - 24/09/23 02:09:36 INFO FileOutputCommitter: File Output Committer Algorithm version is 1
[2024-09-23T02:09:36.739+0000] {ssh.py:524} INFO - 24/09/23 02:09:36 INFO FileOutputCommitter: FileOutputCommitter skip cleanup _temporary folders under output directory:false, ignore cleanup failures: false
[2024-09-23T02:09:36.740+0000] {ssh.py:524} INFO - 24/09/23 02:09:36 INFO AbstractS3ACommitterFactory: Using Committer FileOutputCommitter{PathOutputCommitter{context=TaskAttemptContextImpl{JobContextImpl{jobId=job_2024092302093525901657277317585_0000}; taskId=attempt_2024092302093525901657277317585_0000_m_000005_5, status=''}; org.apache.hadoop.mapreduce.lib.output.FileOutputCommitter@94f3af4}; outputPath=s3a://raw/olhovivo/posicao/dt=2024-09-23, workPath=s3a://raw/olhovivo/posicao/dt=2024-09-23/_temporary/0/_temporary/attempt_2024092302093525901657277317585_0000_m_000005_5, algorithmVersion=1, skipCleanup=false, ignoreCleanupFailures=false} for s3a://raw/olhovivo/posicao/dt=2024-09-23
[2024-09-23T02:09:36.740+0000] {ssh.py:524} INFO - 24/09/23 02:09:36 INFO SQLHadoopMapReduceCommitProtocol: Using output committer class org.apache.hadoop.mapreduce.lib.output.FileOutputCommitter
[2024-09-23T02:09:36.741+0000] {ssh.py:524} INFO - 24/09/23 02:09:36 INFO PythonRunner: Times: total = 716, boot = 626, init = 90, finish = 0
[2024-09-23T02:09:36.741+0000] {ssh.py:524} INFO - 24/09/23 02:09:36 INFO AbstractS3ACommitterFactory: Using Committer FileOutputCommitter{PathOutputCommitter{context=TaskAttemptContextImpl{JobContextImpl{jobId=job_202409230209353249408964874280806_0000}; taskId=attempt_202409230209353249408964874280806_0000_m_000002_2, status=''}; org.apache.hadoop.mapreduce.lib.output.FileOutputCommitter@29caa9c9}; outputPath=s3a://raw/olhovivo/posicao/dt=2024-09-23, workPath=s3a://raw/olhovivo/posicao/dt=2024-09-23/_temporary/0/_temporary/attempt_202409230209353249408964874280806_0000_m_000002_2, algorithmVersion=1, skipCleanup=false, ignoreCleanupFailures=false} for s3a://raw/olhovivo/posicao/dt=2024-09-23
[2024-09-23T02:09:36.742+0000] {ssh.py:524} INFO - 24/09/23 02:09:36 INFO SQLHadoopMapReduceCommitProtocol: Using output committer class org.apache.hadoop.mapreduce.lib.output.FileOutputCommitter
[2024-09-23T02:09:36.742+0000] {ssh.py:524} INFO - 24/09/23 02:09:36 INFO PythonRunner: Times: total = 729, boot = 635, init = 94, finish = 0
[2024-09-23T02:09:36.743+0000] {ssh.py:524} INFO - 24/09/23 02:09:36 WARN AbstractS3ACommitterFactory: Using standard FileOutputCommitter to commit work. This is slow and potentially unsafe.
[2024-09-23T02:09:36.743+0000] {ssh.py:524} INFO - 24/09/23 02:09:36 INFO FileOutputCommitter: File Output Committer Algorithm version is 1
[2024-09-23T02:09:36.743+0000] {ssh.py:524} INFO - 24/09/23 02:09:36 INFO FileOutputCommitter: FileOutputCommitter skip cleanup _temporary folders under output directory:false, ignore cleanup failures: false
[2024-09-23T02:09:36.744+0000] {ssh.py:524} INFO - 24/09/23 02:09:36 WARN AbstractS3ACommitterFactory: Using standard FileOutputCommitter to commit work. This is slow and potentially unsafe.
[2024-09-23T02:09:36.745+0000] {ssh.py:524} INFO - 24/09/23 02:09:36 INFO FileOutputCommitter: File Output Committer Algorithm version is 1
[2024-09-23T02:09:36.746+0000] {ssh.py:524} INFO - 24/09/23 02:09:36 INFO AbstractS3ACommitterFactory: Using Committer FileOutputCommitter{PathOutputCommitter{context=TaskAttemptContextImpl{JobContextImpl{jobId=job_202409230209355613068367665746841_0000}; taskId=attempt_202409230209355613068367665746841_0000_m_000006_6, status=''}; org.apache.hadoop.mapreduce.lib.output.FileOutputCommitter@53c46ac3}; outputPath=s3a://raw/olhovivo/posicao/dt=2024-09-23, workPath=s3a://raw/olhovivo/posicao/dt=2024-09-23/_temporary/0/_temporary/attempt_202409230209355613068367665746841_0000_m_000006_6, algorithmVersion=1, skipCleanup=false, ignoreCleanupFailures=false} for s3a://raw/olhovivo/posicao/dt=2024-09-23
[2024-09-23T02:09:36.747+0000] {ssh.py:524} INFO - 24/09/23 02:09:36 INFO FileOutputCommitter: FileOutputCommitter skip cleanup _temporary folders under output directory:false, ignore cleanup failures: false
[2024-09-23T02:09:36.748+0000] {ssh.py:524} INFO - 24/09/23 02:09:36 INFO SQLHadoopMapReduceCommitProtocol: Using output committer class org.apache.hadoop.mapreduce.lib.output.FileOutputCommitter
[2024-09-23T02:09:36.752+0000] {ssh.py:524} INFO - 24/09/23 02:09:36 INFO AbstractS3ACommitterFactory: Using Committer FileOutputCommitter{PathOutputCommitter{context=TaskAttemptContextImpl{JobContextImpl{jobId=job_202409230209351949136456420932170_0000}; taskId=attempt_202409230209351949136456420932170_0000_m_000008_8, status=''}; org.apache.hadoop.mapreduce.lib.output.FileOutputCommitter@29a2c86b}; outputPath=s3a://raw/olhovivo/posicao/dt=2024-09-23, workPath=s3a://raw/olhovivo/posicao/dt=2024-09-23/_temporary/0/_temporary/attempt_202409230209351949136456420932170_0000_m_000008_8, algorithmVersion=1, skipCleanup=false, ignoreCleanupFailures=false} for s3a://raw/olhovivo/posicao/dt=2024-09-23
[2024-09-23T02:09:36.754+0000] {ssh.py:524} INFO - 24/09/23 02:09:36 INFO SQLHadoopMapReduceCommitProtocol: Using output committer class org.apache.hadoop.mapreduce.lib.output.FileOutputCommitter
[2024-09-23T02:09:36.759+0000] {ssh.py:524} INFO - 24/09/23 02:09:36 INFO SparkHadoopMapRedUtil: No need to commit output of task because needsTaskCommit=false: attempt_202409230209353852162484457839996_0000_m_000001_1
[2024-09-23T02:09:36.759+0000] {ssh.py:524} INFO - 24/09/23 02:09:36 INFO SparkHadoopMapRedUtil: No need to commit output of task because needsTaskCommit=false: attempt_202409230209353249408964874280806_0000_m_000002_2
[2024-09-23T02:09:36.760+0000] {ssh.py:524} INFO - 24/09/23 02:09:36 INFO SparkHadoopMapRedUtil: No need to commit output of task because needsTaskCommit=false: attempt_2024092302093525901657277317585_0000_m_000005_5
[2024-09-23T02:09:36.776+0000] {ssh.py:524} INFO - 24/09/23 02:09:36 WARN AbstractS3ACommitterFactory: Using standard FileOutputCommitter to commit work. This is slow and potentially unsafe.
[2024-09-23T02:09:36.776+0000] {ssh.py:524} INFO - 24/09/23 02:09:36 INFO FileOutputCommitter: File Output Committer Algorithm version is 1
[2024-09-23T02:09:36.777+0000] {ssh.py:524} INFO - 24/09/23 02:09:36 INFO FileOutputCommitter: FileOutputCommitter skip cleanup _temporary folders under output directory:false, ignore cleanup failures: false
[2024-09-23T02:09:36.778+0000] {ssh.py:524} INFO - 24/09/23 02:09:36 INFO AbstractS3ACommitterFactory: Using Committer FileOutputCommitter{PathOutputCommitter{context=TaskAttemptContextImpl{JobContextImpl{jobId=job_202409230209352093484937725872273_0000}; taskId=attempt_202409230209352093484937725872273_0000_m_000004_4, status=''}; org.apache.hadoop.mapreduce.lib.output.FileOutputCommitter@281f2f6e}; outputPath=s3a://raw/olhovivo/posicao/dt=2024-09-23, workPath=s3a://raw/olhovivo/posicao/dt=2024-09-23/_temporary/0/_temporary/attempt_202409230209352093484937725872273_0000_m_000004_4, algorithmVersion=1, skipCleanup=false, ignoreCleanupFailures=false} for s3a://raw/olhovivo/posicao/dt=2024-09-23
[2024-09-23T02:09:36.778+0000] {ssh.py:524} INFO - 24/09/23 02:09:36 INFO SQLHadoopMapReduceCommitProtocol: Using output committer class org.apache.hadoop.mapreduce.lib.output.FileOutputCommitter
[2024-09-23T02:09:36.779+0000] {ssh.py:524} INFO - 24/09/23 02:09:36 INFO PythonRunner: Times: total = 792, boot = 645, init = 147, finish = 0
[2024-09-23T02:09:36.780+0000] {ssh.py:524} INFO - 24/09/23 02:09:36 INFO Executor: Finished task 2.0 in stage 0.0 (TID 2). 2871 bytes result sent to driver
[2024-09-23T02:09:36.781+0000] {ssh.py:524} INFO - 24/09/23 02:09:36 INFO Executor: Finished task 5.0 in stage 0.0 (TID 5). 2871 bytes result sent to driver
[2024-09-23T02:09:36.784+0000] {ssh.py:524} INFO - 24/09/23 02:09:36 INFO Executor: Finished task 1.0 in stage 0.0 (TID 1). 2871 bytes result sent to driver
[2024-09-23T02:09:36.798+0000] {ssh.py:524} INFO - 24/09/23 02:09:36 INFO SparkHadoopMapRedUtil: No need to commit output of task because needsTaskCommit=false: attempt_202409230209355613068367665746841_0000_m_000006_6
[2024-09-23T02:09:36.808+0000] {ssh.py:524} INFO - 24/09/23 02:09:36 WARN AbstractS3ACommitterFactory: Using standard FileOutputCommitter to commit work. This is slow and potentially unsafe.
[2024-09-23T02:09:36.809+0000] {ssh.py:524} INFO - 24/09/23 02:09:36 INFO FileOutputCommitter: File Output Committer Algorithm version is 1
[2024-09-23T02:09:36.810+0000] {ssh.py:524} INFO - 24/09/23 02:09:36 INFO FileOutputCommitter: FileOutputCommitter skip cleanup _temporary folders under output directory:false, ignore cleanup failures: false
[2024-09-23T02:09:36.810+0000] {ssh.py:524} INFO - 24/09/23 02:09:36 INFO AbstractS3ACommitterFactory: Using Committer FileOutputCommitter{PathOutputCommitter{context=TaskAttemptContextImpl{JobContextImpl{jobId=job_202409230209354221590550050598863_0000}; taskId=attempt_202409230209354221590550050598863_0000_m_000009_9, status=''}; org.apache.hadoop.mapreduce.lib.output.FileOutputCommitter@196ece84}; outputPath=s3a://raw/olhovivo/posicao/dt=2024-09-23, workPath=s3a://raw/olhovivo/posicao/dt=2024-09-23/_temporary/0/_temporary/attempt_202409230209354221590550050598863_0000_m_000009_9, algorithmVersion=1, skipCleanup=false, ignoreCleanupFailures=false} for s3a://raw/olhovivo/posicao/dt=2024-09-23
[2024-09-23T02:09:36.811+0000] {ssh.py:524} INFO - 24/09/23 02:09:36 INFO SQLHadoopMapReduceCommitProtocol: Using output committer class org.apache.hadoop.mapreduce.lib.output.FileOutputCommitter
[2024-09-23T02:09:36.812+0000] {ssh.py:524} INFO - 24/09/23 02:09:36 INFO PythonRunner: Times: total = 767, boot = 639, init = 128, finish = 0
[2024-09-23T02:09:36.843+0000] {ssh.py:524} INFO - 24/09/23 02:09:36 INFO PythonRunner: Times: total = 860, boot = 646, init = 214, finish = 0
[2024-09-23T02:09:36.845+0000] {ssh.py:524} INFO - 24/09/23 02:09:36 INFO PythonRunner: Times: total = 863, boot = 661, init = 202, finish = 0
[2024-09-23T02:09:36.845+0000] {ssh.py:524} INFO - 24/09/23 02:09:36 INFO Executor: Finished task 6.0 in stage 0.0 (TID 6). 2828 bytes result sent to driver
[2024-09-23T02:09:36.853+0000] {ssh.py:524} INFO - 24/09/23 02:09:36 WARN AbstractS3ACommitterFactory: Using standard FileOutputCommitter to commit work. This is slow and potentially unsafe.
[2024-09-23T02:09:36.854+0000] {ssh.py:524} INFO - 24/09/23 02:09:36 INFO FileOutputCommitter: File Output Committer Algorithm version is 1
[2024-09-23T02:09:36.855+0000] {ssh.py:524} INFO - 24/09/23 02:09:36 INFO FileOutputCommitter: FileOutputCommitter skip cleanup _temporary folders under output directory:false, ignore cleanup failures: false
[2024-09-23T02:09:36.856+0000] {ssh.py:524} INFO - 24/09/23 02:09:36 INFO AbstractS3ACommitterFactory: Using Committer FileOutputCommitter{PathOutputCommitter{context=TaskAttemptContextImpl{JobContextImpl{jobId=job_202409230209352092768825731922910_0000}; taskId=attempt_202409230209352092768825731922910_0000_m_000003_3, status=''}; org.apache.hadoop.mapreduce.lib.output.FileOutputCommitter@7a48bf95}; outputPath=s3a://raw/olhovivo/posicao/dt=2024-09-23, workPath=s3a://raw/olhovivo/posicao/dt=2024-09-23/_temporary/0/_temporary/attempt_202409230209352092768825731922910_0000_m_000003_3, algorithmVersion=1, skipCleanup=false, ignoreCleanupFailures=false} for s3a://raw/olhovivo/posicao/dt=2024-09-23
[2024-09-23T02:09:36.857+0000] {ssh.py:524} INFO - 24/09/23 02:09:36 INFO SQLHadoopMapReduceCommitProtocol: Using output committer class org.apache.hadoop.mapreduce.lib.output.FileOutputCommitter
[2024-09-23T02:09:36.858+0000] {ssh.py:524} INFO - 24/09/23 02:09:36 WARN AbstractS3ACommitterFactory: Using standard FileOutputCommitter to commit work. This is slow and potentially unsafe.
[2024-09-23T02:09:36.859+0000] {ssh.py:524} INFO - 24/09/23 02:09:36 INFO FileOutputCommitter: File Output Committer Algorithm version is 1
[2024-09-23T02:09:36.859+0000] {ssh.py:524} INFO - 24/09/23 02:09:36 INFO FileOutputCommitter: FileOutputCommitter skip cleanup _temporary folders under output directory:false, ignore cleanup failures: false
[2024-09-23T02:09:36.860+0000] {ssh.py:524} INFO - 24/09/23 02:09:36 INFO AbstractS3ACommitterFactory: Using Committer FileOutputCommitter{PathOutputCommitter{context=TaskAttemptContextImpl{JobContextImpl{jobId=job_202409230209354575474892540936055_0000}; taskId=attempt_202409230209354575474892540936055_0000_m_000007_7, status=''}; org.apache.hadoop.mapreduce.lib.output.FileOutputCommitter@2081c9c3}; outputPath=s3a://raw/olhovivo/posicao/dt=2024-09-23, workPath=s3a://raw/olhovivo/posicao/dt=2024-09-23/_temporary/0/_temporary/attempt_202409230209354575474892540936055_0000_m_000007_7, algorithmVersion=1, skipCleanup=false, ignoreCleanupFailures=false} for s3a://raw/olhovivo/posicao/dt=2024-09-23
[2024-09-23T02:09:36.861+0000] {ssh.py:524} INFO - 24/09/23 02:09:36 INFO SQLHadoopMapReduceCommitProtocol: Using output committer class org.apache.hadoop.mapreduce.lib.output.FileOutputCommitter
[2024-09-23T02:09:36.862+0000] {ssh.py:524} INFO - 24/09/23 02:09:36 INFO PythonRunner: Times: total = 866, boot = 655, init = 211, finish = 0
[2024-09-23T02:09:36.863+0000] {ssh.py:524} INFO - 24/09/23 02:09:36 INFO PythonRunner: Times: total = 870, boot = 649, init = 221, finish = 0
[2024-09-23T02:09:36.863+0000] {ssh.py:524} INFO - 24/09/23 02:09:36 WARN AbstractS3ACommitterFactory: Using standard FileOutputCommitter to commit work. This is slow and potentially unsafe.
[2024-09-23T02:09:36.863+0000] {ssh.py:524} INFO - 24/09/23 02:09:36 INFO FileOutputCommitter: File Output Committer Algorithm version is 1
[2024-09-23T02:09:36.864+0000] {ssh.py:524} INFO - 24/09/23 02:09:36 INFO FileOutputCommitter: FileOutputCommitter skip cleanup _temporary folders under output directory:false, ignore cleanup failures: false
[2024-09-23T02:09:36.864+0000] {ssh.py:524} INFO - 24/09/23 02:09:36 INFO AbstractS3ACommitterFactory: Using Committer FileOutputCommitter{PathOutputCommitter{context=TaskAttemptContextImpl{JobContextImpl{jobId=job_202409230209354218158089864159429_0000}; taskId=attempt_202409230209354218158089864159429_0000_m_000011_11, status=''}; org.apache.hadoop.mapreduce.lib.output.FileOutputCommitter@26b5802c}; outputPath=s3a://raw/olhovivo/posicao/dt=2024-09-23, workPath=s3a://raw/olhovivo/posicao/dt=2024-09-23/_temporary/0/_temporary/attempt_202409230209354218158089864159429_0000_m_000011_11, algorithmVersion=1, skipCleanup=false, ignoreCleanupFailures=false} for s3a://raw/olhovivo/posicao/dt=2024-09-23
[2024-09-23T02:09:36.864+0000] {ssh.py:524} INFO - 24/09/23 02:09:36 INFO SQLHadoopMapReduceCommitProtocol: Using output committer class org.apache.hadoop.mapreduce.lib.output.FileOutputCommitter
[2024-09-23T02:09:36.865+0000] {ssh.py:524} INFO - 24/09/23 02:09:36 INFO TaskSetManager: Finished task 2.0 in stage 0.0 (TID 2) in 1292 ms on spark-master (executor driver) (1/12)
[2024-09-23T02:09:36.872+0000] {ssh.py:524} INFO - 24/09/23 02:09:36 INFO PythonRunner: Times: total = 892, boot = 664, init = 228, finish = 0
[2024-09-23T02:09:36.874+0000] {ssh.py:524} INFO - 24/09/23 02:09:36 INFO TaskSetManager: Finished task 5.0 in stage 0.0 (TID 5) in 1302 ms on spark-master (executor driver) (2/12)
[2024-09-23T02:09:36.875+0000] {ssh.py:524} INFO - 24/09/23 02:09:36 INFO PythonAccumulatorV2: Connected to AccumulatorServer at host: 127.0.0.1 port: 35701
[2024-09-23T02:09:36.876+0000] {ssh.py:524} INFO - 24/09/23 02:09:36 INFO SparkHadoopMapRedUtil: No need to commit output of task because needsTaskCommit=false: attempt_202409230209351949136456420932170_0000_m_000008_8
[2024-09-23T02:09:36.876+0000] {ssh.py:524} INFO - 24/09/23 02:09:36 INFO TaskSetManager: Finished task 6.0 in stage 0.0 (TID 6) in 1301 ms on spark-master (executor driver) (3/12)
[2024-09-23T02:09:36.877+0000] {ssh.py:524} INFO - 24/09/23 02:09:36 INFO TaskSetManager: Finished task 1.0 in stage 0.0 (TID 1) in 1310 ms on spark-master (executor driver) (4/12)
[2024-09-23T02:09:36.879+0000] {ssh.py:524} INFO - 24/09/23 02:09:36 INFO Executor: Finished task 8.0 in stage 0.0 (TID 8). 2828 bytes result sent to driver
[2024-09-23T02:09:36.881+0000] {ssh.py:524} INFO - 24/09/23 02:09:36 INFO TaskSetManager: Finished task 8.0 in stage 0.0 (TID 8) in 1302 ms on spark-master (executor driver) (5/12)
[2024-09-23T02:09:36.881+0000] {ssh.py:524} INFO - 24/09/23 02:09:36 INFO SparkHadoopMapRedUtil: No need to commit output of task because needsTaskCommit=false: attempt_202409230209354221590550050598863_0000_m_000009_9
[2024-09-23T02:09:36.886+0000] {ssh.py:524} INFO - 24/09/23 02:09:36 INFO Executor: Finished task 9.0 in stage 0.0 (TID 9). 2785 bytes result sent to driver
[2024-09-23T02:09:36.887+0000] {ssh.py:524} INFO - 24/09/23 02:09:36 INFO SparkHadoopMapRedUtil: No need to commit output of task because needsTaskCommit=false: attempt_202409230209354575474892540936055_0000_m_000007_7
[2024-09-23T02:09:36.888+0000] {ssh.py:524} INFO - 24/09/23 02:09:36 INFO TaskSetManager: Finished task 9.0 in stage 0.0 (TID 9) in 1303 ms on spark-master (executor driver) (6/12)
[2024-09-23T02:09:36.888+0000] {ssh.py:524} INFO - 24/09/23 02:09:36 INFO SparkHadoopMapRedUtil: No need to commit output of task because needsTaskCommit=false: attempt_202409230209352093484937725872273_0000_m_000004_4
[2024-09-23T02:09:36.889+0000] {ssh.py:524} INFO - 24/09/23 02:09:36 INFO SparkHadoopMapRedUtil: No need to commit output of task because needsTaskCommit=false: attempt_202409230209352092768825731922910_0000_m_000003_3
[2024-09-23T02:09:36.890+0000] {ssh.py:524} INFO - 24/09/23 02:09:36 INFO Executor: Finished task 4.0 in stage 0.0 (TID 4). 2828 bytes result sent to driver
[2024-09-23T02:09:36.890+0000] {ssh.py:524} INFO - 24/09/23 02:09:36 INFO SparkHadoopMapRedUtil: No need to commit output of task because needsTaskCommit=false: attempt_202409230209352320754874015310527_0000_m_000010_10
[2024-09-23T02:09:36.891+0000] {ssh.py:524} INFO - 24/09/23 02:09:36 INFO Executor: Finished task 3.0 in stage 0.0 (TID 3). 2828 bytes result sent to driver
[2024-09-23T02:09:36.891+0000] {ssh.py:524} INFO - 24/09/23 02:09:36 INFO Executor: Finished task 10.0 in stage 0.0 (TID 10). 2785 bytes result sent to driver
[2024-09-23T02:09:36.892+0000] {ssh.py:524} INFO - 24/09/23 02:09:36 INFO Executor: Finished task 7.0 in stage 0.0 (TID 7). 2828 bytes result sent to driver
[2024-09-23T02:09:36.892+0000] {ssh.py:524} INFO - 24/09/23 02:09:36 INFO TaskSetManager: Finished task 4.0 in stage 0.0 (TID 4) in 1321 ms on spark-master (executor driver) (7/12)
[2024-09-23T02:09:36.892+0000] {ssh.py:524} INFO - 24/09/23 02:09:36 INFO TaskSetManager: Finished task 10.0 in stage 0.0 (TID 10) in 1307 ms on spark-master (executor driver) (8/12)
[2024-09-23T02:09:36.893+0000] {ssh.py:524} INFO - 24/09/23 02:09:36 INFO TaskSetManager: Finished task 7.0 in stage 0.0 (TID 7) in 1315 ms on spark-master (executor driver) (9/12)
[2024-09-23T02:09:36.893+0000] {ssh.py:524} INFO - 24/09/23 02:09:36 INFO TaskSetManager: Finished task 3.0 in stage 0.0 (TID 3) in 1323 ms on spark-master (executor driver) (10/12)
[2024-09-23T02:09:37.049+0000] {ssh.py:524} INFO - 24/09/23 02:09:37 INFO FileOutputCommitter: Saved output of task 'attempt_202409230209357154612485415855832_0000_m_000000_0' to s3a://raw/olhovivo/posicao/dt=2024-09-23/_temporary/0/task_202409230209357154612485415855832_0000_m_000000
[2024-09-23T02:09:37.050+0000] {ssh.py:524} INFO - 24/09/23 02:09:37 INFO SparkHadoopMapRedUtil: attempt_202409230209357154612485415855832_0000_m_000000_0: Committed. Elapsed time: 127 ms.
[2024-09-23T02:09:37.053+0000] {ssh.py:524} INFO - 24/09/23 02:09:37 INFO Executor: Finished task 0.0 in stage 0.0 (TID 0). 2828 bytes result sent to driver
[2024-09-23T02:09:37.054+0000] {ssh.py:524} INFO - 24/09/23 02:09:37 INFO TaskSetManager: Finished task 0.0 in stage 0.0 (TID 0) in 1595 ms on spark-master (executor driver) (11/12)
[2024-09-23T02:09:37.057+0000] {ssh.py:524} INFO - 24/09/23 02:09:37 INFO PythonRunner: Times: total = 886, boot = 655, init = 222, finish = 9
[2024-09-23T02:09:37.221+0000] {ssh.py:524} INFO - 24/09/23 02:09:37 INFO FileOutputCommitter: Saved output of task 'attempt_202409230209354218158089864159429_0000_m_000011_11' to s3a://raw/olhovivo/posicao/dt=2024-09-23/_temporary/0/task_202409230209354218158089864159429_0000_m_000011
[2024-09-23T02:09:37.221+0000] {ssh.py:524} INFO - 24/09/23 02:09:37 INFO SparkHadoopMapRedUtil: attempt_202409230209354218158089864159429_0000_m_000011_11: Committed. Elapsed time: 97 ms.
[2024-09-23T02:09:37.223+0000] {ssh.py:524} INFO - 24/09/23 02:09:37 INFO Executor: Finished task 11.0 in stage 0.0 (TID 11). 2871 bytes result sent to driver
[2024-09-23T02:09:37.224+0000] {ssh.py:524} INFO - 24/09/23 02:09:37 INFO TaskSetManager: Finished task 11.0 in stage 0.0 (TID 11) in 1629 ms on spark-master (executor driver) (12/12)
[2024-09-23T02:09:37.225+0000] {ssh.py:524} INFO - 24/09/23 02:09:37 INFO TaskSchedulerImpl: Removed TaskSet 0.0, whose tasks have all completed, from pool 
[2024-09-23T02:09:37.227+0000] {ssh.py:524} INFO - 24/09/23 02:09:37 INFO DAGScheduler: ResultStage 0 (save at NativeMethodAccessorImpl.java:0) finished in 2.123 s
[2024-09-23T02:09:37.231+0000] {ssh.py:524} INFO - 24/09/23 02:09:37 INFO DAGScheduler: Job 0 is finished. Cancelling potential speculative or zombie tasks for this job
[2024-09-23T02:09:37.232+0000] {ssh.py:524} INFO - 24/09/23 02:09:37 INFO TaskSchedulerImpl: Killing all running tasks in stage 0: Stage finished
[2024-09-23T02:09:37.236+0000] {ssh.py:524} INFO - 24/09/23 02:09:37 INFO DAGScheduler: Job 0 finished: save at NativeMethodAccessorImpl.java:0, took 2.159854 s
[2024-09-23T02:09:37.237+0000] {ssh.py:524} INFO - 24/09/23 02:09:37 INFO FileFormatWriter: Start to commit write Job 7ee4744d-fcbc-4088-999b-c28a22d56b6d.
[2024-09-23T02:09:37.498+0000] {ssh.py:524} INFO - 24/09/23 02:09:37 INFO FileFormatWriter: Write Job 7ee4744d-fcbc-4088-999b-c28a22d56b6d committed. Elapsed time: 260 ms.
[2024-09-23T02:09:37.503+0000] {ssh.py:524} INFO - 24/09/23 02:09:37 INFO FileFormatWriter: Finished processing stats for write job 7ee4744d-fcbc-4088-999b-c28a22d56b6d.
[2024-09-23T02:09:37.507+0000] {ssh.py:524} INFO - [DEBUG] Done.
[2024-09-23T02:09:37.559+0000] {ssh.py:524} INFO - 24/09/23 02:09:37 INFO SparkContext: Invoking stop() from shutdown hook
[2024-09-23T02:09:37.569+0000] {ssh.py:524} INFO - 24/09/23 02:09:37 INFO SparkUI: Stopped Spark web UI at http://spark-master:4041
[2024-09-23T02:09:37.591+0000] {ssh.py:524} INFO - 24/09/23 02:09:37 INFO MapOutputTrackerMasterEndpoint: MapOutputTrackerMasterEndpoint stopped!
[2024-09-23T02:09:37.604+0000] {ssh.py:524} INFO - 24/09/23 02:09:37 INFO MemoryStore: MemoryStore cleared
[2024-09-23T02:09:37.605+0000] {ssh.py:524} INFO - 24/09/23 02:09:37 INFO BlockManager: BlockManager stopped
[2024-09-23T02:09:37.610+0000] {ssh.py:524} INFO - 24/09/23 02:09:37 INFO BlockManagerMaster: BlockManagerMaster stopped
[2024-09-23T02:09:37.612+0000] {ssh.py:524} INFO - 24/09/23 02:09:37 INFO OutputCommitCoordinator$OutputCommitCoordinatorEndpoint: OutputCommitCoordinator stopped!
[2024-09-23T02:09:37.621+0000] {ssh.py:524} INFO - 24/09/23 02:09:37 INFO SparkContext: Successfully stopped SparkContext
[2024-09-23T02:09:37.621+0000] {ssh.py:524} INFO - 24/09/23 02:09:37 INFO ShutdownHookManager: Shutdown hook called
[2024-09-23T02:09:37.622+0000] {ssh.py:524} INFO - 24/09/23 02:09:37 INFO ShutdownHookManager: Deleting directory /tmp/spark-7af1b68f-fe12-4c50-836b-79090eeadc9d
[2024-09-23T02:09:37.625+0000] {ssh.py:524} INFO - 24/09/23 02:09:37 INFO ShutdownHookManager: Deleting directory /tmp/spark-7af1b68f-fe12-4c50-836b-79090eeadc9d/pyspark-54e31718-2c80-4503-8ba4-7cf4aeb96e5f
[2024-09-23T02:09:37.627+0000] {ssh.py:524} INFO - 24/09/23 02:09:37 INFO ShutdownHookManager: Deleting directory /tmp/spark-594c3f8f-6bee-462b-a734-ee64f19fdfb0
[2024-09-23T02:09:37.633+0000] {ssh.py:524} INFO - 24/09/23 02:09:37 INFO MetricsSystemImpl: Stopping s3a-file-system metrics system...
[2024-09-23T02:09:37.634+0000] {ssh.py:524} INFO - 24/09/23 02:09:37 INFO MetricsSystemImpl: s3a-file-system metrics system stopped.
[2024-09-23T02:09:37.634+0000] {ssh.py:524} INFO - 24/09/23 02:09:37 INFO MetricsSystemImpl: s3a-file-system metrics system shutdown complete.
[2024-09-23T02:09:37.792+0000] {taskinstance.py:1400} INFO - Marking task as SUCCESS. dag_id=raw_ingestion_15min, task_id=spark_raw_ingestion_posicao, execution_date=20240923T020924, start_date=20240923T020924, end_date=20240923T020937
[2024-09-23T02:09:37.821+0000] {local_task_job_runner.py:228} INFO - Task exited with return code 0
[2024-09-23T02:09:37.863+0000] {taskinstance.py:2778} INFO - 1 downstream tasks scheduled from follow-on schedule check
