[2024-09-24T01:00:00.907+0000] {taskinstance.py:1159} INFO - Dependencies all met for dep_context=non-requeueable deps ti=<TaskInstance: raw_ingestion_15min.spark_raw_ingestion_corredor scheduled__2024-09-24T00:45:00+00:00 [queued]>
[2024-09-24T01:00:00.916+0000] {taskinstance.py:1159} INFO - Dependencies all met for dep_context=requeueable deps ti=<TaskInstance: raw_ingestion_15min.spark_raw_ingestion_corredor scheduled__2024-09-24T00:45:00+00:00 [queued]>
[2024-09-24T01:00:00.917+0000] {taskinstance.py:1361} INFO - Starting attempt 1 of 1
[2024-09-24T01:00:00.933+0000] {taskinstance.py:1382} INFO - Executing <Task(SSHOperator): spark_raw_ingestion_corredor> on 2024-09-24 00:45:00+00:00
[2024-09-24T01:00:00.938+0000] {standard_task_runner.py:57} INFO - Started process 2927 to run task
[2024-09-24T01:00:00.942+0000] {standard_task_runner.py:84} INFO - Running: ['airflow', 'tasks', 'run', 'raw_ingestion_15min', 'spark_raw_ingestion_corredor', 'scheduled__2024-09-24T00:45:00+00:00', '--job-id', '568', '--raw', '--subdir', 'DAGS_FOLDER/raw_ingestion_15min.py', '--cfg-path', '/tmp/tmp954kyf7e']
[2024-09-24T01:00:00.943+0000] {standard_task_runner.py:85} INFO - Job 568: Subtask spark_raw_ingestion_corredor
[2024-09-24T01:00:01.079+0000] {task_command.py:416} INFO - Running <TaskInstance: raw_ingestion_15min.spark_raw_ingestion_corredor scheduled__2024-09-24T00:45:00+00:00 [running]> on host airflow-worker
[2024-09-24T01:00:01.294+0000] {taskinstance.py:1662} INFO - Exporting env vars: AIRFLOW_CTX_DAG_OWNER='***' AIRFLOW_CTX_DAG_ID='raw_ingestion_15min' AIRFLOW_CTX_TASK_ID='spark_raw_ingestion_corredor' AIRFLOW_CTX_EXECUTION_DATE='2024-09-24T00:45:00+00:00' AIRFLOW_CTX_TRY_NUMBER='1' AIRFLOW_CTX_DAG_RUN_ID='scheduled__2024-09-24T00:45:00+00:00'
[2024-09-24T01:00:01.295+0000] {ssh.py:141} INFO - Creating ssh_client
[2024-09-24T01:00:01.295+0000] {ssh.py:114} INFO - ssh_hook is not provided or invalid. Trying ssh_conn_id to create SSHHook.
[2024-09-24T01:00:01.322+0000] {base.py:73} INFO - Using connection ID 'spark_ssh_default' for task execution.
[2024-09-24T01:00:01.323+0000] {ssh.py:300} WARNING - No Host Key Verification. This won't protect against Man-In-The-Middle attacks
[2024-09-24T01:00:01.332+0000] {transport.py:1893} INFO - Connected (version 2.0, client OpenSSH_8.9p1)
[2024-09-24T01:00:01.425+0000] {transport.py:1893} INFO - Authentication (password) successful!
[2024-09-24T01:00:01.426+0000] {ssh.py:478} INFO - Running command: export SPARK_HOME=/usr/local/spark; /opt/conda/bin/spark-submit --master local[*] --driver-cores 2 --executor-cores 2 --driver-memory 4G --executor-memory 4G /opt/shared/scripts/raw_ingestion.py 2024-09-24 corredor
[2024-09-24T01:00:04.267+0000] {ssh.py:524} INFO - [DEBUG] dt_now: 2024-09-24
[2024-09-24T01:00:04.267+0000] {ssh.py:524} INFO - [DEBUG] endpoint: corredor
[2024-09-24T01:00:04.341+0000] {ssh.py:524} INFO - 24/09/24 01:00:04 INFO SparkContext: Running Spark version 3.3.1
[2024-09-24T01:00:04.369+0000] {ssh.py:524} INFO - 24/09/24 01:00:04 WARN NativeCodeLoader: Unable to load native-hadoop library for your platform... using builtin-java classes where applicable
[2024-09-24T01:00:04.469+0000] {ssh.py:524} INFO - 24/09/24 01:00:04 INFO ResourceUtils: ==============================================================
[2024-09-24T01:00:04.469+0000] {ssh.py:524} INFO - 24/09/24 01:00:04 INFO ResourceUtils: No custom resources configured for spark.driver.
[2024-09-24T01:00:04.470+0000] {ssh.py:524} INFO - 24/09/24 01:00:04 INFO ResourceUtils: ==============================================================
[2024-09-24T01:00:04.470+0000] {ssh.py:524} INFO - 24/09/24 01:00:04 INFO SparkContext: Submitted application: raw_ingestion_corredor
[2024-09-24T01:00:04.492+0000] {ssh.py:524} INFO - 24/09/24 01:00:04 INFO ResourceProfile: Default ResourceProfile created, executor resources: Map(cores -> name: cores, amount: 1, script: , vendor: , memory -> name: memory, amount: 1024, script: , vendor: , offHeap -> name: offHeap, amount: 0, script: , vendor: ), task resources: Map(cpus -> name: cpus, amount: 1.0)
[2024-09-24T01:00:04.504+0000] {ssh.py:524} INFO - 24/09/24 01:00:04 INFO ResourceProfile: Limiting resource is cpu
[2024-09-24T01:00:04.504+0000] {ssh.py:524} INFO - 24/09/24 01:00:04 INFO ResourceProfileManager: Added ResourceProfile id: 0
[2024-09-24T01:00:04.556+0000] {ssh.py:524} INFO - 24/09/24 01:00:04 INFO SecurityManager: Changing view acls to: root
[2024-09-24T01:00:04.556+0000] {ssh.py:524} INFO - 24/09/24 01:00:04 INFO SecurityManager: Changing modify acls to: root
[2024-09-24T01:00:04.557+0000] {ssh.py:524} INFO - 24/09/24 01:00:04 INFO SecurityManager: Changing view acls groups to: 
[2024-09-24T01:00:04.558+0000] {ssh.py:524} INFO - 24/09/24 01:00:04 INFO SecurityManager: Changing modify acls groups to: 
[2024-09-24T01:00:04.559+0000] {ssh.py:524} INFO - 24/09/24 01:00:04 INFO SecurityManager: SecurityManager: authentication disabled; ui acls disabled; users  with view permissions: Set(root); groups with view permissions: Set(); users  with modify permissions: Set(root); groups with modify permissions: Set()
[2024-09-24T01:00:04.868+0000] {ssh.py:524} INFO - 24/09/24 01:00:04 INFO Utils: Successfully started service 'sparkDriver' on port 42377.
[2024-09-24T01:00:04.900+0000] {ssh.py:524} INFO - 24/09/24 01:00:04 INFO SparkEnv: Registering MapOutputTracker
[2024-09-24T01:00:04.941+0000] {ssh.py:524} INFO - 24/09/24 01:00:04 INFO SparkEnv: Registering BlockManagerMaster
[2024-09-24T01:00:04.963+0000] {ssh.py:524} INFO - 24/09/24 01:00:04 INFO BlockManagerMasterEndpoint: Using org.apache.spark.storage.DefaultTopologyMapper for getting topology information
[2024-09-24T01:00:04.965+0000] {ssh.py:524} INFO - 24/09/24 01:00:04 INFO BlockManagerMasterEndpoint: BlockManagerMasterEndpoint up
[2024-09-24T01:00:04.969+0000] {ssh.py:524} INFO - 24/09/24 01:00:04 INFO SparkEnv: Registering BlockManagerMasterHeartbeat
[2024-09-24T01:00:04.990+0000] {ssh.py:524} INFO - 24/09/24 01:00:04 INFO DiskBlockManager: Created local directory at /tmp/blockmgr-451df537-618d-47a3-93a9-07a80c9a8229
[2024-09-24T01:00:05.012+0000] {ssh.py:524} INFO - 24/09/24 01:00:05 INFO MemoryStore: MemoryStore started with capacity 2.2 GiB
[2024-09-24T01:00:05.031+0000] {ssh.py:524} INFO - 24/09/24 01:00:05 INFO SparkEnv: Registering OutputCommitCoordinator
[2024-09-24T01:00:05.240+0000] {ssh.py:524} INFO - 24/09/24 01:00:05 WARN Utils: Service 'SparkUI' could not bind on port 4040. Attempting port 4041.
[2024-09-24T01:00:05.266+0000] {ssh.py:524} INFO - 24/09/24 01:00:05 INFO Utils: Successfully started service 'SparkUI' on port 4041.
[2024-09-24T01:00:05.408+0000] {ssh.py:524} INFO - 24/09/24 01:00:05 INFO Executor: Starting executor ID driver on host spark-master
[2024-09-24T01:00:05.426+0000] {ssh.py:524} INFO - 24/09/24 01:00:05 INFO Executor: Starting executor with user classpath (userClassPathFirst = false): ''
[2024-09-24T01:00:05.456+0000] {ssh.py:524} INFO - 24/09/24 01:00:05 INFO Utils: Successfully started service 'org.apache.spark.network.netty.NettyBlockTransferService' on port 36203.
[2024-09-24T01:00:05.457+0000] {ssh.py:524} INFO - 24/09/24 01:00:05 INFO NettyBlockTransferService: Server created on spark-master:36203
[2024-09-24T01:00:05.458+0000] {ssh.py:524} INFO - 24/09/24 01:00:05 INFO BlockManager: Using org.apache.spark.storage.RandomBlockReplicationPolicy for block replication policy
[2024-09-24T01:00:05.464+0000] {ssh.py:524} INFO - 24/09/24 01:00:05 INFO BlockManagerMaster: Registering BlockManager BlockManagerId(driver, spark-master, 36203, None)
[2024-09-24T01:00:05.468+0000] {ssh.py:524} INFO - 24/09/24 01:00:05 INFO BlockManagerMasterEndpoint: Registering block manager spark-master:36203 with 2.2 GiB RAM, BlockManagerId(driver, spark-master, 36203, None)
[2024-09-24T01:00:05.470+0000] {ssh.py:524} INFO - 24/09/24 01:00:05 INFO BlockManagerMaster: Registered BlockManager BlockManagerId(driver, spark-master, 36203, None)
[2024-09-24T01:00:05.471+0000] {ssh.py:524} INFO - 24/09/24 01:00:05 INFO BlockManager: Initialized BlockManager: BlockManagerId(driver, spark-master, 36203, None)
[2024-09-24T01:00:06.475+0000] {ssh.py:524} INFO - 24/09/24 01:00:06 INFO SharedState: Setting hive.metastore.warehouse.dir ('null') to the value of spark.sql.warehouse.dir.
[2024-09-24T01:00:06.483+0000] {ssh.py:524} INFO - 24/09/24 01:00:06 INFO SharedState: Warehouse path is 'file:/root/spark-warehouse'.
[2024-09-24T01:00:08.606+0000] {ssh.py:524} INFO - 24/09/24 01:00:08 WARN MetricsConfig: Cannot locate configuration: tried hadoop-metrics2-s3a-file-system.properties,hadoop-metrics2.properties
[2024-09-24T01:00:08.622+0000] {ssh.py:524} INFO - 24/09/24 01:00:08 INFO MetricsSystemImpl: Scheduled Metric snapshot period at 10 second(s).
[2024-09-24T01:00:08.624+0000] {ssh.py:524} INFO - 24/09/24 01:00:08 INFO MetricsSystemImpl: s3a-file-system metrics system started
[2024-09-24T01:00:09.734+0000] {ssh.py:524} INFO - 24/09/24 01:00:09 WARN AbstractS3ACommitterFactory: Using standard FileOutputCommitter to commit work. This is slow and potentially unsafe.
[2024-09-24T01:00:09.736+0000] {ssh.py:524} INFO - 24/09/24 01:00:09 INFO FileOutputCommitter: File Output Committer Algorithm version is 1
[2024-09-24T01:00:09.736+0000] {ssh.py:524} INFO - 24/09/24 01:00:09 INFO FileOutputCommitter: FileOutputCommitter skip cleanup _temporary folders under output directory:false, ignore cleanup failures: false
[2024-09-24T01:00:09.739+0000] {ssh.py:524} INFO - 24/09/24 01:00:09 INFO AbstractS3ACommitterFactory: Using Committer FileOutputCommitter{PathOutputCommitter{context=TaskAttemptContextImpl{JobContextImpl{jobId=job_202409240100096038160138543628356_0000}; taskId=attempt_202409240100096038160138543628356_0000_m_000000_0, status=''}; org.apache.hadoop.mapreduce.lib.output.FileOutputCommitter@6312edf2}; outputPath=s3a://raw/olhovivo/corredor/dt=2024-09-24, workPath=s3a://raw/olhovivo/corredor/dt=2024-09-24/_temporary/0/_temporary/attempt_202409240100096038160138543628356_0000_m_000000_0, algorithmVersion=1, skipCleanup=false, ignoreCleanupFailures=false} for s3a://raw/olhovivo/corredor/dt=2024-09-24
[2024-09-24T01:00:09.739+0000] {ssh.py:524} INFO - 24/09/24 01:00:09 INFO SQLHadoopMapReduceCommitProtocol: Using output committer class org.apache.hadoop.mapreduce.lib.output.FileOutputCommitter
[2024-09-24T01:00:10.173+0000] {ssh.py:524} INFO - 24/09/24 01:00:10 INFO CodeGenerator: Code generated in 131.370637 ms
[2024-09-24T01:00:10.287+0000] {ssh.py:524} INFO - 24/09/24 01:00:10 INFO SparkContext: Starting job: save at NativeMethodAccessorImpl.java:0
[2024-09-24T01:00:10.297+0000] {ssh.py:524} INFO - 24/09/24 01:00:10 INFO DAGScheduler: Got job 0 (save at NativeMethodAccessorImpl.java:0) with 12 output partitions
[2024-09-24T01:00:10.298+0000] {ssh.py:524} INFO - 24/09/24 01:00:10 INFO DAGScheduler: Final stage: ResultStage 0 (save at NativeMethodAccessorImpl.java:0)
[2024-09-24T01:00:10.298+0000] {ssh.py:524} INFO - 24/09/24 01:00:10 INFO DAGScheduler: Parents of final stage: List()
[2024-09-24T01:00:10.299+0000] {ssh.py:524} INFO - 24/09/24 01:00:10 INFO DAGScheduler: Missing parents: List()
[2024-09-24T01:00:10.302+0000] {ssh.py:524} INFO - 24/09/24 01:00:10 INFO DAGScheduler: Submitting ResultStage 0 (MapPartitionsRDD[5] at save at NativeMethodAccessorImpl.java:0), which has no missing parents
[2024-09-24T01:00:10.392+0000] {ssh.py:524} INFO - 24/09/24 01:00:10 INFO MemoryStore: Block broadcast_0 stored as values in memory (estimated size 219.9 KiB, free 2.2 GiB)
[2024-09-24T01:00:10.419+0000] {ssh.py:524} INFO - 24/09/24 01:00:10 INFO MemoryStore: Block broadcast_0_piece0 stored as bytes in memory (estimated size 80.5 KiB, free 2.2 GiB)
[2024-09-24T01:00:10.422+0000] {ssh.py:524} INFO - 24/09/24 01:00:10 INFO BlockManagerInfo: Added broadcast_0_piece0 in memory on spark-master:36203 (size: 80.5 KiB, free: 2.2 GiB)
[2024-09-24T01:00:10.425+0000] {ssh.py:524} INFO - 24/09/24 01:00:10 INFO SparkContext: Created broadcast 0 from broadcast at DAGScheduler.scala:1513
[2024-09-24T01:00:10.437+0000] {ssh.py:524} INFO - 24/09/24 01:00:10 INFO DAGScheduler: Submitting 12 missing tasks from ResultStage 0 (MapPartitionsRDD[5] at save at NativeMethodAccessorImpl.java:0) (first 15 tasks are for partitions Vector(0, 1, 2, 3, 4, 5, 6, 7, 8, 9, 10, 11))
[2024-09-24T01:00:10.438+0000] {ssh.py:524} INFO - 24/09/24 01:00:10 INFO TaskSchedulerImpl: Adding task set 0.0 with 12 tasks resource profile 0
[2024-09-24T01:00:10.490+0000] {ssh.py:524} INFO - 24/09/24 01:00:10 INFO TaskSetManager: Starting task 0.0 in stage 0.0 (TID 0) (spark-master, executor driver, partition 0, PROCESS_LOCAL, 4433 bytes) taskResourceAssignments Map()
[2024-09-24T01:00:10.495+0000] {ssh.py:524} INFO - 24/09/24 01:00:10 INFO TaskSetManager: Starting task 1.0 in stage 0.0 (TID 1) (spark-master, executor driver, partition 1, PROCESS_LOCAL, 4476 bytes) taskResourceAssignments Map()
[2024-09-24T01:00:10.496+0000] {ssh.py:524} INFO - 24/09/24 01:00:10 INFO TaskSetManager: Starting task 2.0 in stage 0.0 (TID 2) (spark-master, executor driver, partition 2, PROCESS_LOCAL, 4433 bytes) taskResourceAssignments Map()
[2024-09-24T01:00:10.497+0000] {ssh.py:524} INFO - 24/09/24 01:00:10 INFO TaskSetManager: Starting task 3.0 in stage 0.0 (TID 3) (spark-master, executor driver, partition 3, PROCESS_LOCAL, 4484 bytes) taskResourceAssignments Map()
[2024-09-24T01:00:10.498+0000] {ssh.py:524} INFO - 24/09/24 01:00:10 INFO TaskSetManager: Starting task 4.0 in stage 0.0 (TID 4) (spark-master, executor driver, partition 4, PROCESS_LOCAL, 4433 bytes) taskResourceAssignments Map()
[2024-09-24T01:00:10.500+0000] {ssh.py:524} INFO - 24/09/24 01:00:10 INFO TaskSetManager: Starting task 5.0 in stage 0.0 (TID 5) (spark-master, executor driver, partition 5, PROCESS_LOCAL, 4480 bytes) taskResourceAssignments Map()
[2024-09-24T01:00:10.501+0000] {ssh.py:524} INFO - 24/09/24 01:00:10 INFO TaskSetManager: Starting task 6.0 in stage 0.0 (TID 6) (spark-master, executor driver, partition 6, PROCESS_LOCAL, 4476 bytes) taskResourceAssignments Map()
[2024-09-24T01:00:10.507+0000] {ssh.py:524} INFO - 24/09/24 01:00:10 INFO TaskSetManager: Starting task 7.0 in stage 0.0 (TID 7) (spark-master, executor driver, partition 7, PROCESS_LOCAL, 4433 bytes) taskResourceAssignments Map()
[2024-09-24T01:00:10.509+0000] {ssh.py:524} INFO - 24/09/24 01:00:10 INFO TaskSetManager: Starting task 8.0 in stage 0.0 (TID 8) (spark-master, executor driver, partition 8, PROCESS_LOCAL, 4473 bytes) taskResourceAssignments Map()
[2024-09-24T01:00:10.510+0000] {ssh.py:524} INFO - 24/09/24 01:00:10 INFO TaskSetManager: Starting task 9.0 in stage 0.0 (TID 9) (spark-master, executor driver, partition 9, PROCESS_LOCAL, 4433 bytes) taskResourceAssignments Map()
[2024-09-24T01:00:10.510+0000] {ssh.py:524} INFO - 24/09/24 01:00:10 INFO TaskSetManager: Starting task 10.0 in stage 0.0 (TID 10) (spark-master, executor driver, partition 10, PROCESS_LOCAL, 4476 bytes) taskResourceAssignments Map()
[2024-09-24T01:00:10.510+0000] {ssh.py:524} INFO - 24/09/24 01:00:10 INFO TaskSetManager: Starting task 11.0 in stage 0.0 (TID 11) (spark-master, executor driver, partition 11, PROCESS_LOCAL, 4479 bytes) taskResourceAssignments Map()
[2024-09-24T01:00:10.521+0000] {ssh.py:524} INFO - 24/09/24 01:00:10 INFO Executor: Running task 2.0 in stage 0.0 (TID 2)
[2024-09-24T01:00:10.522+0000] {ssh.py:524} INFO - 24/09/24 01:00:10 INFO Executor: Running task 4.0 in stage 0.0 (TID 4)
[2024-09-24T01:00:10.523+0000] {ssh.py:524} INFO - 24/09/24 01:00:10 INFO Executor: Running task 1.0 in stage 0.0 (TID 1)
[2024-09-24T01:00:10.524+0000] {ssh.py:524} INFO - 24/09/24 01:00:10 INFO Executor: Running task 0.0 in stage 0.0 (TID 0)
[2024-09-24T01:00:10.525+0000] {ssh.py:524} INFO - 24/09/24 01:00:10 INFO Executor: Running task 3.0 in stage 0.0 (TID 3)
[2024-09-24T01:00:10.525+0000] {ssh.py:524} INFO - 24/09/24 01:00:10 INFO Executor: Running task 5.0 in stage 0.0 (TID 5)
[2024-09-24T01:00:10.526+0000] {ssh.py:524} INFO - 24/09/24 01:00:10 INFO Executor: Running task 6.0 in stage 0.0 (TID 6)
[2024-09-24T01:00:10.526+0000] {ssh.py:524} INFO - 24/09/24 01:00:10 INFO Executor: Running task 7.0 in stage 0.0 (TID 7)
[2024-09-24T01:00:10.527+0000] {ssh.py:524} INFO - 24/09/24 01:00:10 INFO Executor: Running task 8.0 in stage 0.0 (TID 8)
[2024-09-24T01:00:10.539+0000] {ssh.py:524} INFO - 24/09/24 01:00:10 INFO Executor: Running task 11.0 in stage 0.0 (TID 11)
[2024-09-24T01:00:10.542+0000] {ssh.py:524} INFO - 24/09/24 01:00:10 INFO Executor: Running task 10.0 in stage 0.0 (TID 10)
[2024-09-24T01:00:10.553+0000] {ssh.py:524} INFO - 24/09/24 01:00:10 INFO Executor: Running task 9.0 in stage 0.0 (TID 9)
[2024-09-24T01:00:11.289+0000] {ssh.py:524} INFO - 24/09/24 01:00:11 WARN AbstractS3ACommitterFactory: Using standard FileOutputCommitter to commit work. This is slow and potentially unsafe.
[2024-09-24T01:00:11.290+0000] {ssh.py:524} INFO - 24/09/24 01:00:11 INFO FileOutputCommitter: File Output Committer Algorithm version is 1
[2024-09-24T01:00:11.290+0000] {ssh.py:524} INFO - 24/09/24 01:00:11 INFO FileOutputCommitter: FileOutputCommitter skip cleanup _temporary folders under output directory:false, ignore cleanup failures: false
[2024-09-24T01:00:11.291+0000] {ssh.py:524} INFO - 24/09/24 01:00:11 INFO AbstractS3ACommitterFactory: Using Committer FileOutputCommitter{PathOutputCommitter{context=TaskAttemptContextImpl{JobContextImpl{jobId=job_20240924010010359210826919098660_0000}; taskId=attempt_20240924010010359210826919098660_0000_m_000006_6, status=''}; org.apache.hadoop.mapreduce.lib.output.FileOutputCommitter@72da1997}; outputPath=s3a://raw/olhovivo/corredor/dt=2024-09-24, workPath=s3a://raw/olhovivo/corredor/dt=2024-09-24/_temporary/0/_temporary/attempt_20240924010010359210826919098660_0000_m_000006_6, algorithmVersion=1, skipCleanup=false, ignoreCleanupFailures=false} for s3a://raw/olhovivo/corredor/dt=2024-09-24
[2024-09-24T01:00:11.291+0000] {ssh.py:524} INFO - 24/09/24 01:00:11 INFO SQLHadoopMapReduceCommitProtocol: Using output committer class org.apache.hadoop.mapreduce.lib.output.FileOutputCommitter
[2024-09-24T01:00:11.293+0000] {ssh.py:524} INFO - 24/09/24 01:00:11 WARN AbstractS3ACommitterFactory: Using standard FileOutputCommitter to commit work. This is slow and potentially unsafe.
[2024-09-24T01:00:11.294+0000] {ssh.py:524} INFO - 24/09/24 01:00:11 INFO FileOutputCommitter: File Output Committer Algorithm version is 1
[2024-09-24T01:00:11.294+0000] {ssh.py:524} INFO - 24/09/24 01:00:11 INFO FileOutputCommitter: FileOutputCommitter skip cleanup _temporary folders under output directory:false, ignore cleanup failures: false
[2024-09-24T01:00:11.297+0000] {ssh.py:524} INFO - 24/09/24 01:00:11 INFO AbstractS3ACommitterFactory: Using Committer FileOutputCommitter{PathOutputCommitter{context=TaskAttemptContextImpl{JobContextImpl{jobId=job_202409240100101391759418007211761_0000}; taskId=attempt_202409240100101391759418007211761_0000_m_000000_0, status=''}; org.apache.hadoop.mapreduce.lib.output.FileOutputCommitter@58d4444a}; outputPath=s3a://raw/olhovivo/corredor/dt=2024-09-24, workPath=s3a://raw/olhovivo/corredor/dt=2024-09-24/_temporary/0/_temporary/attempt_202409240100101391759418007211761_0000_m_000000_0, algorithmVersion=1, skipCleanup=false, ignoreCleanupFailures=false} for s3a://raw/olhovivo/corredor/dt=2024-09-24
[2024-09-24T01:00:11.297+0000] {ssh.py:524} INFO - 24/09/24 01:00:11 WARN AbstractS3ACommitterFactory: Using standard FileOutputCommitter to commit work. This is slow and potentially unsafe.
[2024-09-24T01:00:11.298+0000] {ssh.py:524} INFO - 24/09/24 01:00:11 INFO FileOutputCommitter: File Output Committer Algorithm version is 1
[2024-09-24T01:00:11.298+0000] {ssh.py:524} INFO - 24/09/24 01:00:11 INFO SQLHadoopMapReduceCommitProtocol: Using output committer class org.apache.hadoop.mapreduce.lib.output.FileOutputCommitter
[2024-09-24T01:00:11.303+0000] {ssh.py:524} INFO - 24/09/24 01:00:11 INFO FileOutputCommitter: FileOutputCommitter skip cleanup _temporary folders under output directory:false, ignore cleanup failures: false
[2024-09-24T01:00:11.303+0000] {ssh.py:524} INFO - 24/09/24 01:00:11 INFO AbstractS3ACommitterFactory: Using Committer FileOutputCommitter{PathOutputCommitter{context=TaskAttemptContextImpl{JobContextImpl{jobId=job_202409240100103453946275325661933_0000}; taskId=attempt_202409240100103453946275325661933_0000_m_000008_8, status=''}; org.apache.hadoop.mapreduce.lib.output.FileOutputCommitter@356fc322}; outputPath=s3a://raw/olhovivo/corredor/dt=2024-09-24, workPath=s3a://raw/olhovivo/corredor/dt=2024-09-24/_temporary/0/_temporary/attempt_202409240100103453946275325661933_0000_m_000008_8, algorithmVersion=1, skipCleanup=false, ignoreCleanupFailures=false} for s3a://raw/olhovivo/corredor/dt=2024-09-24
[2024-09-24T01:00:11.304+0000] {ssh.py:524} INFO - 24/09/24 01:00:11 INFO SQLHadoopMapReduceCommitProtocol: Using output committer class org.apache.hadoop.mapreduce.lib.output.FileOutputCommitter
[2024-09-24T01:00:11.323+0000] {ssh.py:524} INFO - 24/09/24 01:00:11 WARN AbstractS3ACommitterFactory: Using standard FileOutputCommitter to commit work. This is slow and potentially unsafe.
[2024-09-24T01:00:11.324+0000] {ssh.py:524} INFO - 24/09/24 01:00:11 INFO FileOutputCommitter: File Output Committer Algorithm version is 1
[2024-09-24T01:00:11.324+0000] {ssh.py:524} INFO - 24/09/24 01:00:11 INFO FileOutputCommitter: FileOutputCommitter skip cleanup _temporary folders under output directory:false, ignore cleanup failures: false
[2024-09-24T01:00:11.325+0000] {ssh.py:524} INFO - 24/09/24 01:00:11 INFO AbstractS3ACommitterFactory: Using Committer FileOutputCommitter{PathOutputCommitter{context=TaskAttemptContextImpl{JobContextImpl{jobId=job_202409240100106842034554631135165_0000}; taskId=attempt_202409240100106842034554631135165_0000_m_000010_10, status=''}; org.apache.hadoop.mapreduce.lib.output.FileOutputCommitter@54b9b078}; outputPath=s3a://raw/olhovivo/corredor/dt=2024-09-24, workPath=s3a://raw/olhovivo/corredor/dt=2024-09-24/_temporary/0/_temporary/attempt_202409240100106842034554631135165_0000_m_000010_10, algorithmVersion=1, skipCleanup=false, ignoreCleanupFailures=false} for s3a://raw/olhovivo/corredor/dt=2024-09-24
[2024-09-24T01:00:11.325+0000] {ssh.py:524} INFO - 24/09/24 01:00:11 INFO SQLHadoopMapReduceCommitProtocol: Using output committer class org.apache.hadoop.mapreduce.lib.output.FileOutputCommitter
[2024-09-24T01:00:11.329+0000] {ssh.py:524} INFO - 24/09/24 01:00:11 WARN AbstractS3ACommitterFactory: Using standard FileOutputCommitter to commit work. This is slow and potentially unsafe.
[2024-09-24T01:00:11.330+0000] {ssh.py:524} INFO - 24/09/24 01:00:11 INFO FileOutputCommitter: File Output Committer Algorithm version is 1
[2024-09-24T01:00:11.330+0000] {ssh.py:524} INFO - 24/09/24 01:00:11 INFO FileOutputCommitter: FileOutputCommitter skip cleanup _temporary folders under output directory:false, ignore cleanup failures: false
[2024-09-24T01:00:11.331+0000] {ssh.py:524} INFO - 24/09/24 01:00:11 INFO AbstractS3ACommitterFactory: Using Committer FileOutputCommitter{PathOutputCommitter{context=TaskAttemptContextImpl{JobContextImpl{jobId=job_202409240100107999241130401988935_0000}; taskId=attempt_202409240100107999241130401988935_0000_m_000003_3, status=''}; org.apache.hadoop.mapreduce.lib.output.FileOutputCommitter@54551138}; outputPath=s3a://raw/olhovivo/corredor/dt=2024-09-24, workPath=s3a://raw/olhovivo/corredor/dt=2024-09-24/_temporary/0/_temporary/attempt_202409240100107999241130401988935_0000_m_000003_3, algorithmVersion=1, skipCleanup=false, ignoreCleanupFailures=false} for s3a://raw/olhovivo/corredor/dt=2024-09-24
[2024-09-24T01:00:11.331+0000] {ssh.py:524} INFO - 24/09/24 01:00:11 INFO SQLHadoopMapReduceCommitProtocol: Using output committer class org.apache.hadoop.mapreduce.lib.output.FileOutputCommitter
[2024-09-24T01:00:11.338+0000] {ssh.py:524} INFO - 24/09/24 01:00:11 WARN AbstractS3ACommitterFactory: Using standard FileOutputCommitter to commit work. This is slow and potentially unsafe.
[2024-09-24T01:00:11.339+0000] {ssh.py:524} INFO - 24/09/24 01:00:11 INFO FileOutputCommitter: File Output Committer Algorithm version is 1
[2024-09-24T01:00:11.339+0000] {ssh.py:524} INFO - 24/09/24 01:00:11 INFO FileOutputCommitter: FileOutputCommitter skip cleanup _temporary folders under output directory:false, ignore cleanup failures: false
[2024-09-24T01:00:11.339+0000] {ssh.py:524} INFO - 24/09/24 01:00:11 INFO AbstractS3ACommitterFactory: Using Committer FileOutputCommitter{PathOutputCommitter{context=TaskAttemptContextImpl{JobContextImpl{jobId=job_202409240100108654668309756048867_0000}; taskId=attempt_202409240100108654668309756048867_0000_m_000005_5, status=''}; org.apache.hadoop.mapreduce.lib.output.FileOutputCommitter@2896b89a}; outputPath=s3a://raw/olhovivo/corredor/dt=2024-09-24, workPath=s3a://raw/olhovivo/corredor/dt=2024-09-24/_temporary/0/_temporary/attempt_202409240100108654668309756048867_0000_m_000005_5, algorithmVersion=1, skipCleanup=false, ignoreCleanupFailures=false} for s3a://raw/olhovivo/corredor/dt=2024-09-24
[2024-09-24T01:00:11.340+0000] {ssh.py:524} INFO - 24/09/24 01:00:11 INFO SQLHadoopMapReduceCommitProtocol: Using output committer class org.apache.hadoop.mapreduce.lib.output.FileOutputCommitter
[2024-09-24T01:00:11.363+0000] {ssh.py:524} INFO - 24/09/24 01:00:11 WARN AbstractS3ACommitterFactory: Using standard FileOutputCommitter to commit work. This is slow and potentially unsafe.
[2024-09-24T01:00:11.364+0000] {ssh.py:524} INFO - 24/09/24 01:00:11 INFO FileOutputCommitter: File Output Committer Algorithm version is 1
[2024-09-24T01:00:11.364+0000] {ssh.py:524} INFO - 24/09/24 01:00:11 INFO FileOutputCommitter: FileOutputCommitter skip cleanup _temporary folders under output directory:false, ignore cleanup failures: false
[2024-09-24T01:00:11.365+0000] {ssh.py:524} INFO - 24/09/24 01:00:11 INFO AbstractS3ACommitterFactory: Using Committer FileOutputCommitter{PathOutputCommitter{context=TaskAttemptContextImpl{JobContextImpl{jobId=job_202409240100102935719982628058545_0000}; taskId=attempt_202409240100102935719982628058545_0000_m_000007_7, status=''}; org.apache.hadoop.mapreduce.lib.output.FileOutputCommitter@270eb47f}; outputPath=s3a://raw/olhovivo/corredor/dt=2024-09-24, workPath=s3a://raw/olhovivo/corredor/dt=2024-09-24/_temporary/0/_temporary/attempt_202409240100102935719982628058545_0000_m_000007_7, algorithmVersion=1, skipCleanup=false, ignoreCleanupFailures=false} for s3a://raw/olhovivo/corredor/dt=2024-09-24
[2024-09-24T01:00:11.365+0000] {ssh.py:524} INFO - 24/09/24 01:00:11 INFO SQLHadoopMapReduceCommitProtocol: Using output committer class org.apache.hadoop.mapreduce.lib.output.FileOutputCommitter
[2024-09-24T01:00:11.386+0000] {ssh.py:524} INFO - 24/09/24 01:00:11 WARN AbstractS3ACommitterFactory: Using standard FileOutputCommitter to commit work. This is slow and potentially unsafe.
[2024-09-24T01:00:11.387+0000] {ssh.py:524} INFO - 24/09/24 01:00:11 INFO FileOutputCommitter: File Output Committer Algorithm version is 1
[2024-09-24T01:00:11.387+0000] {ssh.py:524} INFO - 24/09/24 01:00:11 INFO FileOutputCommitter: FileOutputCommitter skip cleanup _temporary folders under output directory:false, ignore cleanup failures: false
[2024-09-24T01:00:11.388+0000] {ssh.py:524} INFO - 24/09/24 01:00:11 INFO AbstractS3ACommitterFactory: Using Committer FileOutputCommitter{PathOutputCommitter{context=TaskAttemptContextImpl{JobContextImpl{jobId=job_202409240100102456106081569840481_0000}; taskId=attempt_202409240100102456106081569840481_0000_m_000004_4, status=''}; org.apache.hadoop.mapreduce.lib.output.FileOutputCommitter@2d3d6280}; outputPath=s3a://raw/olhovivo/corredor/dt=2024-09-24, workPath=s3a://raw/olhovivo/corredor/dt=2024-09-24/_temporary/0/_temporary/attempt_202409240100102456106081569840481_0000_m_000004_4, algorithmVersion=1, skipCleanup=false, ignoreCleanupFailures=false} for s3a://raw/olhovivo/corredor/dt=2024-09-24
[2024-09-24T01:00:11.388+0000] {ssh.py:524} INFO - 24/09/24 01:00:11 INFO SQLHadoopMapReduceCommitProtocol: Using output committer class org.apache.hadoop.mapreduce.lib.output.FileOutputCommitter
[2024-09-24T01:00:11.398+0000] {ssh.py:524} INFO - 24/09/24 01:00:11 WARN AbstractS3ACommitterFactory: Using standard FileOutputCommitter to commit work. This is slow and potentially unsafe.
[2024-09-24T01:00:11.399+0000] {ssh.py:524} INFO - 24/09/24 01:00:11 INFO FileOutputCommitter: File Output Committer Algorithm version is 1
[2024-09-24T01:00:11.399+0000] {ssh.py:524} INFO - 24/09/24 01:00:11 INFO FileOutputCommitter: FileOutputCommitter skip cleanup _temporary folders under output directory:false, ignore cleanup failures: false
[2024-09-24T01:00:11.400+0000] {ssh.py:524} INFO - 24/09/24 01:00:11 INFO AbstractS3ACommitterFactory: Using Committer FileOutputCommitter{PathOutputCommitter{context=TaskAttemptContextImpl{JobContextImpl{jobId=job_202409240100104666159746218789486_0000}; taskId=attempt_202409240100104666159746218789486_0000_m_000001_1, status=''}; org.apache.hadoop.mapreduce.lib.output.FileOutputCommitter@437be74d}; outputPath=s3a://raw/olhovivo/corredor/dt=2024-09-24, workPath=s3a://raw/olhovivo/corredor/dt=2024-09-24/_temporary/0/_temporary/attempt_202409240100104666159746218789486_0000_m_000001_1, algorithmVersion=1, skipCleanup=false, ignoreCleanupFailures=false} for s3a://raw/olhovivo/corredor/dt=2024-09-24
[2024-09-24T01:00:11.400+0000] {ssh.py:524} INFO - 24/09/24 01:00:11 INFO SQLHadoopMapReduceCommitProtocol: Using output committer class org.apache.hadoop.mapreduce.lib.output.FileOutputCommitter
[2024-09-24T01:00:11.417+0000] {ssh.py:524} INFO - 24/09/24 01:00:11 WARN AbstractS3ACommitterFactory: Using standard FileOutputCommitter to commit work. This is slow and potentially unsafe.
[2024-09-24T01:00:11.418+0000] {ssh.py:524} INFO - 24/09/24 01:00:11 INFO FileOutputCommitter: File Output Committer Algorithm version is 1
[2024-09-24T01:00:11.418+0000] {ssh.py:524} INFO - 24/09/24 01:00:11 INFO FileOutputCommitter: FileOutputCommitter skip cleanup _temporary folders under output directory:false, ignore cleanup failures: false
[2024-09-24T01:00:11.419+0000] {ssh.py:524} INFO - 24/09/24 01:00:11 INFO AbstractS3ACommitterFactory: Using Committer FileOutputCommitter{PathOutputCommitter{context=TaskAttemptContextImpl{JobContextImpl{jobId=job_202409240100101564559352927730483_0000}; taskId=attempt_202409240100101564559352927730483_0000_m_000011_11, status=''}; org.apache.hadoop.mapreduce.lib.output.FileOutputCommitter@5f3426f7}; outputPath=s3a://raw/olhovivo/corredor/dt=2024-09-24, workPath=s3a://raw/olhovivo/corredor/dt=2024-09-24/_temporary/0/_temporary/attempt_202409240100101564559352927730483_0000_m_000011_11, algorithmVersion=1, skipCleanup=false, ignoreCleanupFailures=false} for s3a://raw/olhovivo/corredor/dt=2024-09-24
[2024-09-24T01:00:11.419+0000] {ssh.py:524} INFO - 24/09/24 01:00:11 INFO SQLHadoopMapReduceCommitProtocol: Using output committer class org.apache.hadoop.mapreduce.lib.output.FileOutputCommitter
[2024-09-24T01:00:11.434+0000] {ssh.py:524} INFO - 24/09/24 01:00:11 WARN AbstractS3ACommitterFactory: Using standard FileOutputCommitter to commit work. This is slow and potentially unsafe.
[2024-09-24T01:00:11.435+0000] {ssh.py:524} INFO - 24/09/24 01:00:11 INFO FileOutputCommitter: File Output Committer Algorithm version is 1
[2024-09-24T01:00:11.435+0000] {ssh.py:524} INFO - 24/09/24 01:00:11 INFO FileOutputCommitter: FileOutputCommitter skip cleanup _temporary folders under output directory:false, ignore cleanup failures: false
[2024-09-24T01:00:11.436+0000] {ssh.py:524} INFO - 24/09/24 01:00:11 INFO AbstractS3ACommitterFactory: Using Committer FileOutputCommitter{PathOutputCommitter{context=TaskAttemptContextImpl{JobContextImpl{jobId=job_202409240100103190890962484877602_0000}; taskId=attempt_202409240100103190890962484877602_0000_m_000002_2, status=''}; org.apache.hadoop.mapreduce.lib.output.FileOutputCommitter@67d3853a}; outputPath=s3a://raw/olhovivo/corredor/dt=2024-09-24, workPath=s3a://raw/olhovivo/corredor/dt=2024-09-24/_temporary/0/_temporary/attempt_202409240100103190890962484877602_0000_m_000002_2, algorithmVersion=1, skipCleanup=false, ignoreCleanupFailures=false} for s3a://raw/olhovivo/corredor/dt=2024-09-24
[2024-09-24T01:00:11.436+0000] {ssh.py:524} INFO - 24/09/24 01:00:11 INFO SQLHadoopMapReduceCommitProtocol: Using output committer class org.apache.hadoop.mapreduce.lib.output.FileOutputCommitter
[2024-09-24T01:00:11.437+0000] {ssh.py:524} INFO - 24/09/24 01:00:11 INFO PythonRunner: Times: total = 673, boot = 557, init = 116, finish = 0
[2024-09-24T01:00:11.458+0000] {ssh.py:524} INFO - 24/09/24 01:00:11 INFO PythonRunner: Times: total = 695, boot = 521, init = 174, finish = 0
[2024-09-24T01:00:11.459+0000] {ssh.py:524} INFO - 24/09/24 01:00:11 WARN AbstractS3ACommitterFactory: Using standard FileOutputCommitter to commit work. This is slow and potentially unsafe.
[2024-09-24T01:00:11.459+0000] {ssh.py:524} INFO - 24/09/24 01:00:11 INFO FileOutputCommitter: File Output Committer Algorithm version is 1
[2024-09-24T01:00:11.462+0000] {ssh.py:524} INFO - 24/09/24 01:00:11 INFO FileOutputCommitter: FileOutputCommitter skip cleanup _temporary folders under output directory:false, ignore cleanup failures: false
[2024-09-24T01:00:11.490+0000] {ssh.py:524} INFO - 24/09/24 01:00:11 INFO AbstractS3ACommitterFactory: Using Committer FileOutputCommitter{PathOutputCommitter{context=TaskAttemptContextImpl{JobContextImpl{jobId=job_202409240100104737272246634369110_0000}; taskId=attempt_202409240100104737272246634369110_0000_m_000009_9, status=''}; org.apache.hadoop.mapreduce.lib.output.FileOutputCommitter@157c9828}; outputPath=s3a://raw/olhovivo/corredor/dt=2024-09-24, workPath=s3a://raw/olhovivo/corredor/dt=2024-09-24/_temporary/0/_temporary/attempt_202409240100104737272246634369110_0000_m_000009_9, algorithmVersion=1, skipCleanup=false, ignoreCleanupFailures=false} for s3a://raw/olhovivo/corredor/dt=2024-09-24
[2024-09-24T01:00:11.490+0000] {ssh.py:524} INFO - 24/09/24 01:00:11 INFO SQLHadoopMapReduceCommitProtocol: Using output committer class org.apache.hadoop.mapreduce.lib.output.FileOutputCommitter
[2024-09-24T01:00:11.498+0000] {ssh.py:524} INFO - 24/09/24 01:00:11 INFO PythonRunner: Times: total = 742, boot = 581, init = 161, finish = 0
[2024-09-24T01:00:11.510+0000] {ssh.py:524} INFO - 24/09/24 01:00:11 INFO SparkHadoopMapRedUtil: No need to commit output of task because needsTaskCommit=false: attempt_202409240100102935719982628058545_0000_m_000007_7
[2024-09-24T01:00:11.510+0000] {ssh.py:524} INFO - 24/09/24 01:00:11 INFO SparkHadoopMapRedUtil: No need to commit output of task because needsTaskCommit=false: attempt_202409240100102456106081569840481_0000_m_000004_4
[2024-09-24T01:00:11.526+0000] {ssh.py:524} INFO - 24/09/24 01:00:11 INFO SparkHadoopMapRedUtil: No need to commit output of task because needsTaskCommit=false: attempt_202409240100103190890962484877602_0000_m_000002_2
[2024-09-24T01:00:11.527+0000] {ssh.py:524} INFO - 24/09/24 01:00:11 INFO PythonRunner: Times: total = 772, boot = 588, init = 184, finish = 0
[2024-09-24T01:00:11.545+0000] {ssh.py:524} INFO - 24/09/24 01:00:11 INFO SparkHadoopMapRedUtil: No need to commit output of task because needsTaskCommit=false: attempt_202409240100104737272246634369110_0000_m_000009_9
[2024-09-24T01:00:11.548+0000] {ssh.py:524} INFO - 24/09/24 01:00:11 INFO PythonRunner: Times: total = 643, boot = 526, init = 117, finish = 0
[2024-09-24T01:00:11.554+0000] {ssh.py:524} INFO - 24/09/24 01:00:11 INFO PythonRunner: Times: total = 657, boot = 530, init = 127, finish = 0
[2024-09-24T01:00:11.555+0000] {ssh.py:524} INFO - 24/09/24 01:00:11 INFO PythonRunner: Times: total = 696, boot = 585, init = 111, finish = 0
[2024-09-24T01:00:11.556+0000] {ssh.py:524} INFO - 24/09/24 01:00:11 INFO PythonRunner: Times: total = 678, boot = 574, init = 104, finish = 0
[2024-09-24T01:00:11.556+0000] {ssh.py:524} INFO - 24/09/24 01:00:11 INFO PythonRunner: Times: total = 615, boot = 517, init = 97, finish = 1
[2024-09-24T01:00:11.556+0000] {ssh.py:524} INFO - 24/09/24 01:00:11 INFO PythonRunner: Times: total = 640, boot = 535, init = 104, finish = 1
[2024-09-24T01:00:11.557+0000] {ssh.py:524} INFO - 24/09/24 01:00:11 INFO PythonRunner: Times: total = 604, boot = 512, init = 91, finish = 1
[2024-09-24T01:00:11.558+0000] {ssh.py:524} INFO - 24/09/24 01:00:11 INFO Executor: Finished task 2.0 in stage 0.0 (TID 2). 2828 bytes result sent to driver
[2024-09-24T01:00:11.560+0000] {ssh.py:524} INFO - 24/09/24 01:00:11 INFO PythonRunner: Times: total = 626, boot = 518, init = 108, finish = 0
[2024-09-24T01:00:11.561+0000] {ssh.py:524} INFO - 24/09/24 01:00:11 INFO Executor: Finished task 7.0 in stage 0.0 (TID 7). 2871 bytes result sent to driver
[2024-09-24T01:00:11.561+0000] {ssh.py:524} INFO - 24/09/24 01:00:11 INFO Executor: Finished task 9.0 in stage 0.0 (TID 9). 2828 bytes result sent to driver
[2024-09-24T01:00:11.566+0000] {ssh.py:524} INFO - 24/09/24 01:00:11 INFO Executor: Finished task 4.0 in stage 0.0 (TID 4). 2828 bytes result sent to driver
[2024-09-24T01:00:11.680+0000] {ssh.py:524} INFO - 24/09/24 01:00:11 INFO TaskSetManager: Finished task 2.0 in stage 0.0 (TID 2) in 1184 ms on spark-master (executor driver) (1/12)
[2024-09-24T01:00:11.682+0000] {ssh.py:524} INFO - 24/09/24 01:00:11 INFO TaskSetManager: Finished task 9.0 in stage 0.0 (TID 9) in 1174 ms on spark-master (executor driver) (2/12)
[2024-09-24T01:00:11.683+0000] {ssh.py:524} INFO - 24/09/24 01:00:11 INFO TaskSetManager: Finished task 4.0 in stage 0.0 (TID 4) in 1185 ms on spark-master (executor driver) (3/12)
[2024-09-24T01:00:11.686+0000] {ssh.py:524} INFO - 24/09/24 01:00:11 INFO PythonAccumulatorV2: Connected to AccumulatorServer at host: 127.0.0.1 port: 41267
[2024-09-24T01:00:11.692+0000] {ssh.py:524} INFO - 24/09/24 01:00:11 INFO TaskSetManager: Finished task 7.0 in stage 0.0 (TID 7) in 1186 ms on spark-master (executor driver) (4/12)
[2024-09-24T01:00:11.919+0000] {ssh.py:524} INFO - 24/09/24 01:00:11 INFO FileOutputCommitter: Saved output of task 'attempt_202409240100104666159746218789486_0000_m_000001_1' to s3a://raw/olhovivo/corredor/dt=2024-09-24/_temporary/0/task_202409240100104666159746218789486_0000_m_000001
[2024-09-24T01:00:11.920+0000] {ssh.py:524} INFO - 24/09/24 01:00:11 INFO FileOutputCommitter: Saved output of task 'attempt_202409240100101564559352927730483_0000_m_000011_11' to s3a://raw/olhovivo/corredor/dt=2024-09-24/_temporary/0/task_202409240100101564559352927730483_0000_m_000011
[2024-09-24T01:00:11.921+0000] {ssh.py:524} INFO - 24/09/24 01:00:11 INFO SparkHadoopMapRedUtil: attempt_202409240100104666159746218789486_0000_m_000001_1: Committed. Elapsed time: 174 ms.
[2024-09-24T01:00:11.922+0000] {ssh.py:524} INFO - 24/09/24 01:00:11 INFO SparkHadoopMapRedUtil: attempt_202409240100101564559352927730483_0000_m_000011_11: Committed. Elapsed time: 190 ms.
[2024-09-24T01:00:11.924+0000] {ssh.py:524} INFO - 24/09/24 01:00:11 INFO FileOutputCommitter: Saved output of task 'attempt_202409240100108654668309756048867_0000_m_000005_5' to s3a://raw/olhovivo/corredor/dt=2024-09-24/_temporary/0/task_202409240100108654668309756048867_0000_m_000005
[2024-09-24T01:00:11.925+0000] {ssh.py:524} INFO - 24/09/24 01:00:11 INFO SparkHadoopMapRedUtil: attempt_202409240100108654668309756048867_0000_m_000005_5: Committed. Elapsed time: 203 ms.
[2024-09-24T01:00:11.926+0000] {ssh.py:524} INFO - 24/09/24 01:00:11 INFO Executor: Finished task 1.0 in stage 0.0 (TID 1). 2914 bytes result sent to driver
[2024-09-24T01:00:11.927+0000] {ssh.py:524} INFO - 24/09/24 01:00:11 INFO Executor: Finished task 5.0 in stage 0.0 (TID 5). 2914 bytes result sent to driver
[2024-09-24T01:00:11.927+0000] {ssh.py:524} INFO - 24/09/24 01:00:11 INFO Executor: Finished task 11.0 in stage 0.0 (TID 11). 2914 bytes result sent to driver
[2024-09-24T01:00:11.927+0000] {ssh.py:524} INFO - 24/09/24 01:00:11 INFO TaskSetManager: Finished task 1.0 in stage 0.0 (TID 1) in 1430 ms on spark-master (executor driver) (5/12)
[2024-09-24T01:00:11.928+0000] {ssh.py:524} INFO - 24/09/24 01:00:11 INFO FileOutputCommitter: Saved output of task 'attempt_20240924010010359210826919098660_0000_m_000006_6' to s3a://raw/olhovivo/corredor/dt=2024-09-24/_temporary/0/task_20240924010010359210826919098660_0000_m_000006
[2024-09-24T01:00:11.928+0000] {ssh.py:524} INFO - 24/09/24 01:00:11 INFO SparkHadoopMapRedUtil: attempt_20240924010010359210826919098660_0000_m_000006_6: Committed. Elapsed time: 191 ms.
[2024-09-24T01:00:11.929+0000] {ssh.py:524} INFO - 24/09/24 01:00:11 INFO FileOutputCommitter: Saved output of task 'attempt_202409240100106842034554631135165_0000_m_000010_10' to s3a://raw/olhovivo/corredor/dt=2024-09-24/_temporary/0/task_202409240100106842034554631135165_0000_m_000010
[2024-09-24T01:00:11.930+0000] {ssh.py:524} INFO - 24/09/24 01:00:11 INFO SparkHadoopMapRedUtil: attempt_202409240100106842034554631135165_0000_m_000010_10: Committed. Elapsed time: 208 ms.
[2024-09-24T01:00:11.930+0000] {ssh.py:524} INFO - 24/09/24 01:00:11 INFO TaskSetManager: Finished task 5.0 in stage 0.0 (TID 5) in 1429 ms on spark-master (executor driver) (6/12)
[2024-09-24T01:00:11.931+0000] {ssh.py:524} INFO - 24/09/24 01:00:11 INFO TaskSetManager: Finished task 11.0 in stage 0.0 (TID 11) in 1419 ms on spark-master (executor driver) (7/12)
[2024-09-24T01:00:11.931+0000] {ssh.py:524} INFO - 24/09/24 01:00:11 INFO Executor: Finished task 10.0 in stage 0.0 (TID 10). 2914 bytes result sent to driver
[2024-09-24T01:00:11.932+0000] {ssh.py:524} INFO - 24/09/24 01:00:11 INFO TaskSetManager: Finished task 10.0 in stage 0.0 (TID 10) in 1423 ms on spark-master (executor driver) (8/12)
[2024-09-24T01:00:11.933+0000] {ssh.py:524} INFO - 24/09/24 01:00:11 INFO Executor: Finished task 6.0 in stage 0.0 (TID 6). 2914 bytes result sent to driver
[2024-09-24T01:00:11.934+0000] {ssh.py:524} INFO - 24/09/24 01:00:11 INFO TaskSetManager: Finished task 6.0 in stage 0.0 (TID 6) in 1433 ms on spark-master (executor driver) (9/12)
[2024-09-24T01:00:11.935+0000] {ssh.py:524} INFO - 24/09/24 01:00:11 INFO FileOutputCommitter: Saved output of task 'attempt_202409240100103453946275325661933_0000_m_000008_8' to s3a://raw/olhovivo/corredor/dt=2024-09-24/_temporary/0/task_202409240100103453946275325661933_0000_m_000008
[2024-09-24T01:00:11.935+0000] {ssh.py:524} INFO - 24/09/24 01:00:11 INFO SparkHadoopMapRedUtil: attempt_202409240100103453946275325661933_0000_m_000008_8: Committed. Elapsed time: 216 ms.
[2024-09-24T01:00:11.937+0000] {ssh.py:524} INFO - 24/09/24 01:00:11 INFO Executor: Finished task 8.0 in stage 0.0 (TID 8). 2914 bytes result sent to driver
[2024-09-24T01:00:11.938+0000] {ssh.py:524} INFO - 24/09/24 01:00:11 INFO FileOutputCommitter: Saved output of task 'attempt_202409240100107999241130401988935_0000_m_000003_3' to s3a://raw/olhovivo/corredor/dt=2024-09-24/_temporary/0/task_202409240100107999241130401988935_0000_m_000003
[2024-09-24T01:00:11.939+0000] {ssh.py:524} INFO - 24/09/24 01:00:11 INFO TaskSetManager: Finished task 8.0 in stage 0.0 (TID 8) in 1432 ms on spark-master (executor driver) (10/12)
[2024-09-24T01:00:11.940+0000] {ssh.py:524} INFO - 24/09/24 01:00:11 INFO SparkHadoopMapRedUtil: attempt_202409240100107999241130401988935_0000_m_000003_3: Committed. Elapsed time: 218 ms.
[2024-09-24T01:00:11.941+0000] {ssh.py:524} INFO - 24/09/24 01:00:11 INFO Executor: Finished task 3.0 in stage 0.0 (TID 3). 2914 bytes result sent to driver
[2024-09-24T01:00:11.943+0000] {ssh.py:524} INFO - 24/09/24 01:00:11 INFO TaskSetManager: Finished task 3.0 in stage 0.0 (TID 3) in 1446 ms on spark-master (executor driver) (11/12)
[2024-09-24T01:00:11.970+0000] {ssh.py:524} INFO - 24/09/24 01:00:11 INFO FileOutputCommitter: Saved output of task 'attempt_202409240100101391759418007211761_0000_m_000000_0' to s3a://raw/olhovivo/corredor/dt=2024-09-24/_temporary/0/task_202409240100101391759418007211761_0000_m_000000
[2024-09-24T01:00:11.971+0000] {ssh.py:524} INFO - 24/09/24 01:00:11 INFO SparkHadoopMapRedUtil: attempt_202409240100101391759418007211761_0000_m_000000_0: Committed. Elapsed time: 225 ms.
[2024-09-24T01:00:11.974+0000] {ssh.py:524} INFO - 24/09/24 01:00:11 INFO Executor: Finished task 0.0 in stage 0.0 (TID 0). 2828 bytes result sent to driver
[2024-09-24T01:00:11.976+0000] {ssh.py:524} INFO - 24/09/24 01:00:11 INFO TaskSetManager: Finished task 0.0 in stage 0.0 (TID 0) in 1497 ms on spark-master (executor driver) (12/12)
[2024-09-24T01:00:11.982+0000] {ssh.py:524} INFO - 24/09/24 01:00:11 INFO DAGScheduler: ResultStage 0 (save at NativeMethodAccessorImpl.java:0) finished in 1.663 s
[2024-09-24T01:00:11.983+0000] {ssh.py:524} INFO - 24/09/24 01:00:11 INFO TaskSchedulerImpl: Removed TaskSet 0.0, whose tasks have all completed, from pool 
[2024-09-24T01:00:11.984+0000] {ssh.py:524} INFO - 24/09/24 01:00:11 INFO DAGScheduler: Job 0 is finished. Cancelling potential speculative or zombie tasks for this job
[2024-09-24T01:00:11.984+0000] {ssh.py:524} INFO - 24/09/24 01:00:11 INFO TaskSchedulerImpl: Killing all running tasks in stage 0: Stage finished
[2024-09-24T01:00:11.990+0000] {ssh.py:524} INFO - 24/09/24 01:00:11 INFO DAGScheduler: Job 0 finished: save at NativeMethodAccessorImpl.java:0, took 1.702601 s
[2024-09-24T01:00:11.993+0000] {ssh.py:524} INFO - 24/09/24 01:00:11 INFO FileFormatWriter: Start to commit write Job c4c73418-8fb6-4f48-b303-2c23bad877dc.
[2024-09-24T01:00:12.631+0000] {ssh.py:524} INFO - 24/09/24 01:00:12 INFO FileFormatWriter: Write Job c4c73418-8fb6-4f48-b303-2c23bad877dc committed. Elapsed time: 637 ms.
[2024-09-24T01:00:12.636+0000] {ssh.py:524} INFO - 24/09/24 01:00:12 INFO FileFormatWriter: Finished processing stats for write job c4c73418-8fb6-4f48-b303-2c23bad877dc.
[2024-09-24T01:00:12.639+0000] {ssh.py:524} INFO - [DEBUG] Done.
[2024-09-24T01:00:12.684+0000] {ssh.py:524} INFO - 24/09/24 01:00:12 INFO SparkContext: Invoking stop() from shutdown hook
[2024-09-24T01:00:12.695+0000] {ssh.py:524} INFO - 24/09/24 01:00:12 INFO SparkUI: Stopped Spark web UI at http://spark-master:4041
[2024-09-24T01:00:12.716+0000] {ssh.py:524} INFO - 24/09/24 01:00:12 INFO MapOutputTrackerMasterEndpoint: MapOutputTrackerMasterEndpoint stopped!
[2024-09-24T01:00:12.728+0000] {ssh.py:524} INFO - 24/09/24 01:00:12 INFO MemoryStore: MemoryStore cleared
[2024-09-24T01:00:12.729+0000] {ssh.py:524} INFO - 24/09/24 01:00:12 INFO BlockManager: BlockManager stopped
[2024-09-24T01:00:12.735+0000] {ssh.py:524} INFO - 24/09/24 01:00:12 INFO BlockManagerMaster: BlockManagerMaster stopped
[2024-09-24T01:00:12.738+0000] {ssh.py:524} INFO - 24/09/24 01:00:12 INFO OutputCommitCoordinator$OutputCommitCoordinatorEndpoint: OutputCommitCoordinator stopped!
[2024-09-24T01:00:12.745+0000] {ssh.py:524} INFO - 24/09/24 01:00:12 INFO SparkContext: Successfully stopped SparkContext
[2024-09-24T01:00:12.746+0000] {ssh.py:524} INFO - 24/09/24 01:00:12 INFO ShutdownHookManager: Shutdown hook called
[2024-09-24T01:00:12.746+0000] {ssh.py:524} INFO - 24/09/24 01:00:12 INFO ShutdownHookManager: Deleting directory /tmp/spark-90a41686-be33-4012-8c71-d00b6be2901e/pyspark-6c104d15-a3b2-4cfb-9ef6-5fa8d27acdd2
[2024-09-24T01:00:12.749+0000] {ssh.py:524} INFO - 24/09/24 01:00:12 INFO ShutdownHookManager: Deleting directory /tmp/spark-e46bfe10-7d92-4d79-ac16-d309d0d5353e
[2024-09-24T01:00:12.751+0000] {ssh.py:524} INFO - 24/09/24 01:00:12 INFO ShutdownHookManager: Deleting directory /tmp/spark-90a41686-be33-4012-8c71-d00b6be2901e
[2024-09-24T01:00:12.760+0000] {ssh.py:524} INFO - 24/09/24 01:00:12 INFO MetricsSystemImpl: Stopping s3a-file-system metrics system...
[2024-09-24T01:00:12.761+0000] {ssh.py:524} INFO - 24/09/24 01:00:12 INFO MetricsSystemImpl: s3a-file-system metrics system stopped.
[2024-09-24T01:00:12.762+0000] {ssh.py:524} INFO - 24/09/24 01:00:12 INFO MetricsSystemImpl: s3a-file-system metrics system shutdown complete.
[2024-09-24T01:00:12.971+0000] {taskinstance.py:1400} INFO - Marking task as SUCCESS. dag_id=raw_ingestion_15min, task_id=spark_raw_ingestion_corredor, execution_date=20240924T004500, start_date=20240924T010000, end_date=20240924T010012
[2024-09-24T01:00:13.053+0000] {local_task_job_runner.py:228} INFO - Task exited with return code 0
[2024-09-24T01:00:13.107+0000] {taskinstance.py:2778} INFO - 0 downstream tasks scheduled from follow-on schedule check
