[2024-09-21T21:07:07.553+0000] {taskinstance.py:1159} INFO - Dependencies all met for dep_context=non-requeueable deps ti=<TaskInstance: raw_ingestion.spark_raw_ingestion_empresa manual__2024-09-21T21:07:06.565959+00:00 [queued]>
[2024-09-21T21:07:07.565+0000] {taskinstance.py:1159} INFO - Dependencies all met for dep_context=requeueable deps ti=<TaskInstance: raw_ingestion.spark_raw_ingestion_empresa manual__2024-09-21T21:07:06.565959+00:00 [queued]>
[2024-09-21T21:07:07.565+0000] {taskinstance.py:1361} INFO - Starting attempt 1 of 0
[2024-09-21T21:07:07.591+0000] {taskinstance.py:1382} INFO - Executing <Task(SSHOperator): spark_raw_ingestion_empresa> on 2024-09-21 21:07:06.565959+00:00
[2024-09-21T21:07:07.596+0000] {standard_task_runner.py:57} INFO - Started process 681 to run task
[2024-09-21T21:07:07.600+0000] {standard_task_runner.py:84} INFO - Running: ['airflow', 'tasks', 'run', 'raw_ingestion', 'spark_raw_ingestion_empresa', 'manual__2024-09-21T21:07:06.565959+00:00', '--job-id', '362', '--raw', '--subdir', 'DAGS_FOLDER/raw_ingestion.py', '--cfg-path', '/tmp/tmp15rovt81']
[2024-09-21T21:07:07.601+0000] {standard_task_runner.py:85} INFO - Job 362: Subtask spark_raw_ingestion_empresa
[2024-09-21T21:07:07.719+0000] {task_command.py:416} INFO - Running <TaskInstance: raw_ingestion.spark_raw_ingestion_empresa manual__2024-09-21T21:07:06.565959+00:00 [running]> on host airflow-worker
[2024-09-21T21:07:07.921+0000] {taskinstance.py:1662} INFO - Exporting env vars: AIRFLOW_CTX_DAG_OWNER='***' AIRFLOW_CTX_DAG_ID='raw_ingestion' AIRFLOW_CTX_TASK_ID='spark_raw_ingestion_empresa' AIRFLOW_CTX_EXECUTION_DATE='2024-09-21T21:07:06.565959+00:00' AIRFLOW_CTX_TRY_NUMBER='1' AIRFLOW_CTX_DAG_RUN_ID='manual__2024-09-21T21:07:06.565959+00:00'
[2024-09-21T21:07:07.922+0000] {ssh.py:141} INFO - Creating ssh_client
[2024-09-21T21:07:07.922+0000] {ssh.py:114} INFO - ssh_hook is not provided or invalid. Trying ssh_conn_id to create SSHHook.
[2024-09-21T21:07:07.949+0000] {base.py:73} INFO - Using connection ID 'spark_ssh_default' for task execution.
[2024-09-21T21:07:07.949+0000] {ssh.py:300} WARNING - No Host Key Verification. This won't protect against Man-In-The-Middle attacks
[2024-09-21T21:07:07.959+0000] {transport.py:1893} INFO - Connected (version 2.0, client OpenSSH_8.9p1)
[2024-09-21T21:07:08.054+0000] {transport.py:1893} INFO - Authentication (password) successful!
[2024-09-21T21:07:08.055+0000] {ssh.py:478} INFO - Running command: export SPARK_HOME=/usr/local/spark; /opt/conda/bin/spark-submit --master local[*] --executor-memory 2g --conf "spark.pyspark.python=/env/venv/bin/python" /opt/shared/scripts/raw_ingestion.py 2024-09-21 empresa
[2024-09-21T21:07:11.230+0000] {ssh.py:524} INFO - [DEBUG] dt_now: 2024-09-21
[2024-09-21T21:07:11.230+0000] {ssh.py:524} INFO - [DEBUG] endpoint: empresa
[2024-09-21T21:07:11.310+0000] {ssh.py:524} INFO - 24/09/21 21:07:11 INFO SparkContext: Running Spark version 3.3.1
[2024-09-21T21:07:11.332+0000] {ssh.py:524} INFO - 24/09/21 21:07:11 WARN NativeCodeLoader: Unable to load native-hadoop library for your platform... using builtin-java classes where applicable
[2024-09-21T21:07:11.418+0000] {ssh.py:524} INFO - 24/09/21 21:07:11 INFO ResourceUtils: ==============================================================
[2024-09-21T21:07:11.419+0000] {ssh.py:524} INFO - 24/09/21 21:07:11 INFO ResourceUtils: No custom resources configured for spark.driver.
[2024-09-21T21:07:11.419+0000] {ssh.py:524} INFO - 24/09/21 21:07:11 INFO ResourceUtils: ==============================================================
[2024-09-21T21:07:11.420+0000] {ssh.py:524} INFO - 24/09/21 21:07:11 INFO SparkContext: Submitted application: raw_ingestion_empresa
[2024-09-21T21:07:11.434+0000] {ssh.py:524} INFO - 24/09/21 21:07:11 INFO ResourceProfile: Default ResourceProfile created, executor resources: Map(cores -> name: cores, amount: 1, script: , vendor: , memory -> name: memory, amount: 1024, script: , vendor: , offHeap -> name: offHeap, amount: 0, script: , vendor: ), task resources: Map(cpus -> name: cpus, amount: 1.0)
[2024-09-21T21:07:11.441+0000] {ssh.py:524} INFO - 24/09/21 21:07:11 INFO ResourceProfile: Limiting resource is cpu
[2024-09-21T21:07:11.442+0000] {ssh.py:524} INFO - 24/09/21 21:07:11 INFO ResourceProfileManager: Added ResourceProfile id: 0
[2024-09-21T21:07:11.499+0000] {ssh.py:524} INFO - 24/09/21 21:07:11 INFO SecurityManager: Changing view acls to: root
[2024-09-21T21:07:11.499+0000] {ssh.py:524} INFO - 24/09/21 21:07:11 INFO SecurityManager: Changing modify acls to: root
[2024-09-21T21:07:11.500+0000] {ssh.py:524} INFO - 24/09/21 21:07:11 INFO SecurityManager: Changing view acls groups to: 
[2024-09-21T21:07:11.502+0000] {ssh.py:524} INFO - 24/09/21 21:07:11 INFO SecurityManager: Changing modify acls groups to: 
[2024-09-21T21:07:11.502+0000] {ssh.py:524} INFO - 24/09/21 21:07:11 INFO SecurityManager: SecurityManager: authentication disabled; ui acls disabled; users  with view permissions: Set(root); groups with view permissions: Set(); users  with modify permissions: Set(root); groups with modify permissions: Set()
[2024-09-21T21:07:11.889+0000] {ssh.py:524} INFO - 24/09/21 21:07:11 INFO Utils: Successfully started service 'sparkDriver' on port 37973.
[2024-09-21T21:07:11.950+0000] {ssh.py:524} INFO - 24/09/21 21:07:11 INFO SparkEnv: Registering MapOutputTracker
[2024-09-21T21:07:11.987+0000] {ssh.py:524} INFO - 24/09/21 21:07:11 INFO SparkEnv: Registering BlockManagerMaster
[2024-09-21T21:07:12.006+0000] {ssh.py:524} INFO - 24/09/21 21:07:12 INFO BlockManagerMasterEndpoint: Using org.apache.spark.storage.DefaultTopologyMapper for getting topology information
[2024-09-21T21:07:12.007+0000] {ssh.py:524} INFO - 24/09/21 21:07:12 INFO BlockManagerMasterEndpoint: BlockManagerMasterEndpoint up
[2024-09-21T21:07:12.011+0000] {ssh.py:524} INFO - 24/09/21 21:07:12 INFO SparkEnv: Registering BlockManagerMasterHeartbeat
[2024-09-21T21:07:12.033+0000] {ssh.py:524} INFO - 24/09/21 21:07:12 INFO DiskBlockManager: Created local directory at /tmp/blockmgr-71c499ad-f374-4f30-b287-51be6c4d9721
[2024-09-21T21:07:12.049+0000] {ssh.py:524} INFO - 24/09/21 21:07:12 INFO MemoryStore: MemoryStore started with capacity 434.4 MiB
[2024-09-21T21:07:12.068+0000] {ssh.py:524} INFO - 24/09/21 21:07:12 INFO SparkEnv: Registering OutputCommitCoordinator
[2024-09-21T21:07:12.276+0000] {ssh.py:524} INFO - 24/09/21 21:07:12 WARN Utils: Service 'SparkUI' could not bind on port 4040. Attempting port 4041.
[2024-09-21T21:07:12.281+0000] {ssh.py:524} INFO - 24/09/21 21:07:12 WARN Utils: Service 'SparkUI' could not bind on port 4041. Attempting port 4042.
[2024-09-21T21:07:12.292+0000] {ssh.py:524} INFO - 24/09/21 21:07:12 INFO Utils: Successfully started service 'SparkUI' on port 4042.
[2024-09-21T21:07:12.456+0000] {ssh.py:524} INFO - 24/09/21 21:07:12 INFO Executor: Starting executor ID driver on host spark-master
[2024-09-21T21:07:12.474+0000] {ssh.py:524} INFO - 24/09/21 21:07:12 INFO Executor: Starting executor with user classpath (userClassPathFirst = false): ''
[2024-09-21T21:07:12.494+0000] {ssh.py:524} INFO - 24/09/21 21:07:12 INFO Utils: Successfully started service 'org.apache.spark.network.netty.NettyBlockTransferService' on port 44627.
[2024-09-21T21:07:12.495+0000] {ssh.py:524} INFO - 24/09/21 21:07:12 INFO NettyBlockTransferService: Server created on spark-master:44627
[2024-09-21T21:07:12.496+0000] {ssh.py:524} INFO - 24/09/21 21:07:12 INFO BlockManager: Using org.apache.spark.storage.RandomBlockReplicationPolicy for block replication policy
[2024-09-21T21:07:12.503+0000] {ssh.py:524} INFO - 24/09/21 21:07:12 INFO BlockManagerMaster: Registering BlockManager BlockManagerId(driver, spark-master, 44627, None)
[2024-09-21T21:07:12.507+0000] {ssh.py:524} INFO - 24/09/21 21:07:12 INFO BlockManagerMasterEndpoint: Registering block manager spark-master:44627 with 434.4 MiB RAM, BlockManagerId(driver, spark-master, 44627, None)
[2024-09-21T21:07:12.510+0000] {ssh.py:524} INFO - 24/09/21 21:07:12 INFO BlockManagerMaster: Registered BlockManager BlockManagerId(driver, spark-master, 44627, None)
[2024-09-21T21:07:12.511+0000] {ssh.py:524} INFO - 24/09/21 21:07:12 INFO BlockManager: Initialized BlockManager: BlockManagerId(driver, spark-master, 44627, None)
[2024-09-21T21:07:13.642+0000] {ssh.py:524} INFO - 24/09/21 21:07:13 INFO SharedState: Setting hive.metastore.warehouse.dir ('null') to the value of spark.sql.warehouse.dir.
[2024-09-21T21:07:13.647+0000] {ssh.py:524} INFO - 24/09/21 21:07:13 INFO SharedState: Warehouse path is 'file:/root/spark-warehouse'.
[2024-09-21T21:07:15.790+0000] {ssh.py:524} INFO - 24/09/21 21:07:15 WARN MetricsConfig: Cannot locate configuration: tried hadoop-metrics2-s3a-file-system.properties,hadoop-metrics2.properties
[2024-09-21T21:07:15.801+0000] {ssh.py:524} INFO - 24/09/21 21:07:15 INFO MetricsSystemImpl: Scheduled Metric snapshot period at 10 second(s).
[2024-09-21T21:07:15.802+0000] {ssh.py:524} INFO - 24/09/21 21:07:15 INFO MetricsSystemImpl: s3a-file-system metrics system started
[2024-09-21T21:07:16.890+0000] {ssh.py:524} INFO - 24/09/21 21:07:16 WARN AbstractS3ACommitterFactory: Using standard FileOutputCommitter to commit work. This is slow and potentially unsafe.
[2024-09-21T21:07:16.891+0000] {ssh.py:524} INFO - 24/09/21 21:07:16 INFO FileOutputCommitter: File Output Committer Algorithm version is 1
[2024-09-21T21:07:16.896+0000] {ssh.py:524} INFO - 24/09/21 21:07:16 INFO FileOutputCommitter: FileOutputCommitter skip cleanup _temporary folders under output directory:false, ignore cleanup failures: false
[2024-09-21T21:07:16.899+0000] {ssh.py:524} INFO - 24/09/21 21:07:16 INFO AbstractS3ACommitterFactory: Using Committer FileOutputCommitter{PathOutputCommitter{context=TaskAttemptContextImpl{JobContextImpl{jobId=job_202409212107162474977201679957489_0000}; taskId=attempt_202409212107162474977201679957489_0000_m_000000_0, status=''}; org.apache.hadoop.mapreduce.lib.output.FileOutputCommitter@66e7cc27}; outputPath=s3a://raw/olhovivo/empresa/dt=2024-09-21, workPath=s3a://raw/olhovivo/empresa/dt=2024-09-21/_temporary/0/_temporary/attempt_202409212107162474977201679957489_0000_m_000000_0, algorithmVersion=1, skipCleanup=false, ignoreCleanupFailures=false} for s3a://raw/olhovivo/empresa/dt=2024-09-21
[2024-09-21T21:07:16.899+0000] {ssh.py:524} INFO - 24/09/21 21:07:16 INFO SQLHadoopMapReduceCommitProtocol: Using output committer class org.apache.hadoop.mapreduce.lib.output.FileOutputCommitter
[2024-09-21T21:07:17.246+0000] {ssh.py:524} INFO - 24/09/21 21:07:17 INFO CodeGenerator: Code generated in 148.205477 ms
[2024-09-21T21:07:17.363+0000] {ssh.py:524} INFO - 24/09/21 21:07:17 INFO SparkContext: Starting job: save at NativeMethodAccessorImpl.java:0
[2024-09-21T21:07:17.375+0000] {ssh.py:524} INFO - 24/09/21 21:07:17 INFO DAGScheduler: Got job 0 (save at NativeMethodAccessorImpl.java:0) with 12 output partitions
[2024-09-21T21:07:17.376+0000] {ssh.py:524} INFO - 24/09/21 21:07:17 INFO DAGScheduler: Final stage: ResultStage 0 (save at NativeMethodAccessorImpl.java:0)
[2024-09-21T21:07:17.376+0000] {ssh.py:524} INFO - 24/09/21 21:07:17 INFO DAGScheduler: Parents of final stage: List()
[2024-09-21T21:07:17.377+0000] {ssh.py:524} INFO - 24/09/21 21:07:17 INFO DAGScheduler: Missing parents: List()
[2024-09-21T21:07:17.380+0000] {ssh.py:524} INFO - 24/09/21 21:07:17 INFO DAGScheduler: Submitting ResultStage 0 (MapPartitionsRDD[5] at save at NativeMethodAccessorImpl.java:0), which has no missing parents
[2024-09-21T21:07:17.466+0000] {ssh.py:524} INFO - 24/09/21 21:07:17 INFO MemoryStore: Block broadcast_0 stored as values in memory (estimated size 224.0 KiB, free 434.2 MiB)
[2024-09-21T21:07:17.501+0000] {ssh.py:524} INFO - 24/09/21 21:07:17 INFO MemoryStore: Block broadcast_0_piece0 stored as bytes in memory (estimated size 81.3 KiB, free 434.1 MiB)
[2024-09-21T21:07:17.504+0000] {ssh.py:524} INFO - 24/09/21 21:07:17 INFO BlockManagerInfo: Added broadcast_0_piece0 in memory on spark-master:44627 (size: 81.3 KiB, free: 434.3 MiB)
[2024-09-21T21:07:17.508+0000] {ssh.py:524} INFO - 24/09/21 21:07:17 INFO SparkContext: Created broadcast 0 from broadcast at DAGScheduler.scala:1513
[2024-09-21T21:07:17.518+0000] {ssh.py:524} INFO - 24/09/21 21:07:17 INFO DAGScheduler: Submitting 12 missing tasks from ResultStage 0 (MapPartitionsRDD[5] at save at NativeMethodAccessorImpl.java:0) (first 15 tasks are for partitions Vector(0, 1, 2, 3, 4, 5, 6, 7, 8, 9, 10, 11))
[2024-09-21T21:07:17.519+0000] {ssh.py:524} INFO - 24/09/21 21:07:17 INFO TaskSchedulerImpl: Adding task set 0.0 with 12 tasks resource profile 0
[2024-09-21T21:07:17.559+0000] {ssh.py:524} INFO - 24/09/21 21:07:17 INFO TaskSetManager: Starting task 0.0 in stage 0.0 (TID 0) (spark-master, executor driver, partition 0, PROCESS_LOCAL, 4433 bytes) taskResourceAssignments Map()
[2024-09-21T21:07:17.562+0000] {ssh.py:524} INFO - 24/09/21 21:07:17 INFO TaskSetManager: Starting task 1.0 in stage 0.0 (TID 1) (spark-master, executor driver, partition 1, PROCESS_LOCAL, 4433 bytes) taskResourceAssignments Map()
[2024-09-21T21:07:17.564+0000] {ssh.py:524} INFO - 24/09/21 21:07:17 INFO TaskSetManager: Starting task 2.0 in stage 0.0 (TID 2) (spark-master, executor driver, partition 2, PROCESS_LOCAL, 4433 bytes) taskResourceAssignments Map()
[2024-09-21T21:07:17.564+0000] {ssh.py:524} INFO - 24/09/21 21:07:17 INFO TaskSetManager: Starting task 3.0 in stage 0.0 (TID 3) (spark-master, executor driver, partition 3, PROCESS_LOCAL, 4433 bytes) taskResourceAssignments Map()
[2024-09-21T21:07:17.565+0000] {ssh.py:524} INFO - 24/09/21 21:07:17 INFO TaskSetManager: Starting task 4.0 in stage 0.0 (TID 4) (spark-master, executor driver, partition 4, PROCESS_LOCAL, 4433 bytes) taskResourceAssignments Map()
[2024-09-21T21:07:17.566+0000] {ssh.py:524} INFO - 24/09/21 21:07:17 INFO TaskSetManager: Starting task 5.0 in stage 0.0 (TID 5) (spark-master, executor driver, partition 5, PROCESS_LOCAL, 4433 bytes) taskResourceAssignments Map()
[2024-09-21T21:07:17.567+0000] {ssh.py:524} INFO - 24/09/21 21:07:17 INFO TaskSetManager: Starting task 6.0 in stage 0.0 (TID 6) (spark-master, executor driver, partition 6, PROCESS_LOCAL, 4433 bytes) taskResourceAssignments Map()
[2024-09-21T21:07:17.567+0000] {ssh.py:524} INFO - 24/09/21 21:07:17 INFO TaskSetManager: Starting task 7.0 in stage 0.0 (TID 7) (spark-master, executor driver, partition 7, PROCESS_LOCAL, 4433 bytes) taskResourceAssignments Map()
[2024-09-21T21:07:17.568+0000] {ssh.py:524} INFO - 24/09/21 21:07:17 INFO TaskSetManager: Starting task 8.0 in stage 0.0 (TID 8) (spark-master, executor driver, partition 8, PROCESS_LOCAL, 4433 bytes) taskResourceAssignments Map()
[2024-09-21T21:07:17.568+0000] {ssh.py:524} INFO - 24/09/21 21:07:17 INFO TaskSetManager: Starting task 9.0 in stage 0.0 (TID 9) (spark-master, executor driver, partition 9, PROCESS_LOCAL, 4433 bytes) taskResourceAssignments Map()
[2024-09-21T21:07:17.569+0000] {ssh.py:524} INFO - 24/09/21 21:07:17 INFO TaskSetManager: Starting task 10.0 in stage 0.0 (TID 10) (spark-master, executor driver, partition 10, PROCESS_LOCAL, 4433 bytes) taskResourceAssignments Map()
[2024-09-21T21:07:17.569+0000] {ssh.py:524} INFO - 24/09/21 21:07:17 INFO TaskSetManager: Starting task 11.0 in stage 0.0 (TID 11) (spark-master, executor driver, partition 11, PROCESS_LOCAL, 5155 bytes) taskResourceAssignments Map()
[2024-09-21T21:07:17.584+0000] {ssh.py:524} INFO - 24/09/21 21:07:17 INFO Executor: Running task 0.0 in stage 0.0 (TID 0)
[2024-09-21T21:07:17.584+0000] {ssh.py:524} INFO - 24/09/21 21:07:17 INFO Executor: Running task 4.0 in stage 0.0 (TID 4)
[2024-09-21T21:07:17.585+0000] {ssh.py:524} INFO - 24/09/21 21:07:17 INFO Executor: Running task 2.0 in stage 0.0 (TID 2)
[2024-09-21T21:07:17.586+0000] {ssh.py:524} INFO - 24/09/21 21:07:17 INFO Executor: Running task 1.0 in stage 0.0 (TID 1)
[2024-09-21T21:07:17.597+0000] {ssh.py:524} INFO - 24/09/21 21:07:17 INFO Executor: Running task 5.0 in stage 0.0 (TID 5)
[2024-09-21T21:07:17.598+0000] {ssh.py:524} INFO - 24/09/21 21:07:17 INFO Executor: Running task 3.0 in stage 0.0 (TID 3)
[2024-09-21T21:07:17.604+0000] {ssh.py:524} INFO - 24/09/21 21:07:17 INFO Executor: Running task 6.0 in stage 0.0 (TID 6)
[2024-09-21T21:07:17.605+0000] {ssh.py:524} INFO - 24/09/21 21:07:17 INFO Executor: Running task 7.0 in stage 0.0 (TID 7)
[2024-09-21T21:07:17.605+0000] {ssh.py:524} INFO - 24/09/21 21:07:17 INFO Executor: Running task 8.0 in stage 0.0 (TID 8)
[2024-09-21T21:07:17.607+0000] {ssh.py:524} INFO - 24/09/21 21:07:17 INFO Executor: Running task 9.0 in stage 0.0 (TID 9)
[2024-09-21T21:07:17.609+0000] {ssh.py:524} INFO - 24/09/21 21:07:17 INFO Executor: Running task 10.0 in stage 0.0 (TID 10)
[2024-09-21T21:07:17.625+0000] {ssh.py:524} INFO - 24/09/21 21:07:17 INFO Executor: Running task 11.0 in stage 0.0 (TID 11)
[2024-09-21T21:07:18.381+0000] {ssh.py:524} INFO - 24/09/21 21:07:18 WARN AbstractS3ACommitterFactory: Using standard FileOutputCommitter to commit work. This is slow and potentially unsafe.
[2024-09-21T21:07:18.381+0000] {ssh.py:524} INFO - 24/09/21 21:07:18 INFO FileOutputCommitter: File Output Committer Algorithm version is 1
[2024-09-21T21:07:18.382+0000] {ssh.py:524} INFO - 24/09/21 21:07:18 INFO FileOutputCommitter: FileOutputCommitter skip cleanup _temporary folders under output directory:false, ignore cleanup failures: false
[2024-09-21T21:07:18.382+0000] {ssh.py:524} INFO - 24/09/21 21:07:18 WARN AbstractS3ACommitterFactory: Using standard FileOutputCommitter to commit work. This is slow and potentially unsafe.
[2024-09-21T21:07:18.382+0000] {ssh.py:524} INFO - 24/09/21 21:07:18 INFO AbstractS3ACommitterFactory: Using Committer FileOutputCommitter{PathOutputCommitter{context=TaskAttemptContextImpl{JobContextImpl{jobId=job_202409212107175203779012820193611_0000}; taskId=attempt_202409212107175203779012820193611_0000_m_000007_7, status=''}; org.apache.hadoop.mapreduce.lib.output.FileOutputCommitter@36bcbdcb}; outputPath=s3a://raw/olhovivo/empresa/dt=2024-09-21, workPath=s3a://raw/olhovivo/empresa/dt=2024-09-21/_temporary/0/_temporary/attempt_202409212107175203779012820193611_0000_m_000007_7, algorithmVersion=1, skipCleanup=false, ignoreCleanupFailures=false} for s3a://raw/olhovivo/empresa/dt=2024-09-21
[2024-09-21T21:07:18.382+0000] {ssh.py:524} INFO - 24/09/21 21:07:18 INFO FileOutputCommitter: File Output Committer Algorithm version is 1
[2024-09-21T21:07:18.383+0000] {ssh.py:524} INFO - 24/09/21 21:07:18 INFO FileOutputCommitter: FileOutputCommitter skip cleanup _temporary folders under output directory:false, ignore cleanup failures: false
[2024-09-21T21:07:18.384+0000] {ssh.py:524} INFO - 24/09/21 21:07:18 INFO AbstractS3ACommitterFactory: Using Committer FileOutputCommitter{PathOutputCommitter{context=TaskAttemptContextImpl{JobContextImpl{jobId=job_202409212107177999374830467667944_0000}; taskId=attempt_202409212107177999374830467667944_0000_m_000001_1, status=''}; org.apache.hadoop.mapreduce.lib.output.FileOutputCommitter@11d0b43d}; outputPath=s3a://raw/olhovivo/empresa/dt=2024-09-21, workPath=s3a://raw/olhovivo/empresa/dt=2024-09-21/_temporary/0/_temporary/attempt_202409212107177999374830467667944_0000_m_000001_1, algorithmVersion=1, skipCleanup=false, ignoreCleanupFailures=false} for s3a://raw/olhovivo/empresa/dt=2024-09-21
[2024-09-21T21:07:18.384+0000] {ssh.py:524} INFO - 24/09/21 21:07:18 WARN AbstractS3ACommitterFactory: Using standard FileOutputCommitter to commit work. This is slow and potentially unsafe.
[2024-09-21T21:07:18.385+0000] {ssh.py:524} INFO - 24/09/21 21:07:18 INFO SQLHadoopMapReduceCommitProtocol: Using output committer class org.apache.hadoop.mapreduce.lib.output.FileOutputCommitter
[2024-09-21T21:07:18.385+0000] {ssh.py:524} INFO - 24/09/21 21:07:18 INFO SQLHadoopMapReduceCommitProtocol: Using output committer class org.apache.hadoop.mapreduce.lib.output.FileOutputCommitter
[2024-09-21T21:07:18.385+0000] {ssh.py:524} INFO - 24/09/21 21:07:18 INFO FileOutputCommitter: File Output Committer Algorithm version is 1
[2024-09-21T21:07:18.386+0000] {ssh.py:524} INFO - 24/09/21 21:07:18 INFO FileOutputCommitter: FileOutputCommitter skip cleanup _temporary folders under output directory:false, ignore cleanup failures: false
[2024-09-21T21:07:18.388+0000] {ssh.py:524} INFO - 24/09/21 21:07:18 INFO AbstractS3ACommitterFactory: Using Committer FileOutputCommitter{PathOutputCommitter{context=TaskAttemptContextImpl{JobContextImpl{jobId=job_20240921210717522854983968133911_0000}; taskId=attempt_20240921210717522854983968133911_0000_m_000003_3, status=''}; org.apache.hadoop.mapreduce.lib.output.FileOutputCommitter@553eec60}; outputPath=s3a://raw/olhovivo/empresa/dt=2024-09-21, workPath=s3a://raw/olhovivo/empresa/dt=2024-09-21/_temporary/0/_temporary/attempt_20240921210717522854983968133911_0000_m_000003_3, algorithmVersion=1, skipCleanup=false, ignoreCleanupFailures=false} for s3a://raw/olhovivo/empresa/dt=2024-09-21
[2024-09-21T21:07:18.389+0000] {ssh.py:524} INFO - 24/09/21 21:07:18 INFO SQLHadoopMapReduceCommitProtocol: Using output committer class org.apache.hadoop.mapreduce.lib.output.FileOutputCommitter
[2024-09-21T21:07:18.409+0000] {ssh.py:524} INFO - 24/09/21 21:07:18 WARN AbstractS3ACommitterFactory: Using standard FileOutputCommitter to commit work. This is slow and potentially unsafe.
[2024-09-21T21:07:18.413+0000] {ssh.py:524} INFO - 24/09/21 21:07:18 WARN AbstractS3ACommitterFactory: Using standard FileOutputCommitter to commit work. This is slow and potentially unsafe.
[2024-09-21T21:07:18.414+0000] {ssh.py:524} INFO - 24/09/21 21:07:18 INFO FileOutputCommitter: File Output Committer Algorithm version is 1
[2024-09-21T21:07:18.414+0000] {ssh.py:524} INFO - 24/09/21 21:07:18 INFO FileOutputCommitter: FileOutputCommitter skip cleanup _temporary folders under output directory:false, ignore cleanup failures: false
[2024-09-21T21:07:18.414+0000] {ssh.py:524} INFO - 24/09/21 21:07:18 INFO AbstractS3ACommitterFactory: Using Committer FileOutputCommitter{PathOutputCommitter{context=TaskAttemptContextImpl{JobContextImpl{jobId=job_202409212107178152881662199903109_0000}; taskId=attempt_202409212107178152881662199903109_0000_m_000000_0, status=''}; org.apache.hadoop.mapreduce.lib.output.FileOutputCommitter@49febbe4}; outputPath=s3a://raw/olhovivo/empresa/dt=2024-09-21, workPath=s3a://raw/olhovivo/empresa/dt=2024-09-21/_temporary/0/_temporary/attempt_202409212107178152881662199903109_0000_m_000000_0, algorithmVersion=1, skipCleanup=false, ignoreCleanupFailures=false} for s3a://raw/olhovivo/empresa/dt=2024-09-21
[2024-09-21T21:07:18.415+0000] {ssh.py:524} INFO - 24/09/21 21:07:18 INFO SQLHadoopMapReduceCommitProtocol: Using output committer class org.apache.hadoop.mapreduce.lib.output.FileOutputCommitter
[2024-09-21T21:07:18.416+0000] {ssh.py:524} INFO - 24/09/21 21:07:18 INFO FileOutputCommitter: File Output Committer Algorithm version is 1
[2024-09-21T21:07:18.416+0000] {ssh.py:524} INFO - 24/09/21 21:07:18 INFO FileOutputCommitter: FileOutputCommitter skip cleanup _temporary folders under output directory:false, ignore cleanup failures: false
[2024-09-21T21:07:18.417+0000] {ssh.py:524} INFO - 24/09/21 21:07:18 INFO AbstractS3ACommitterFactory: Using Committer FileOutputCommitter{PathOutputCommitter{context=TaskAttemptContextImpl{JobContextImpl{jobId=job_202409212107176987316935527581958_0000}; taskId=attempt_202409212107176987316935527581958_0000_m_000008_8, status=''}; org.apache.hadoop.mapreduce.lib.output.FileOutputCommitter@16bc1b11}; outputPath=s3a://raw/olhovivo/empresa/dt=2024-09-21, workPath=s3a://raw/olhovivo/empresa/dt=2024-09-21/_temporary/0/_temporary/attempt_202409212107176987316935527581958_0000_m_000008_8, algorithmVersion=1, skipCleanup=false, ignoreCleanupFailures=false} for s3a://raw/olhovivo/empresa/dt=2024-09-21
[2024-09-21T21:07:18.417+0000] {ssh.py:524} INFO - 24/09/21 21:07:18 INFO SQLHadoopMapReduceCommitProtocol: Using output committer class org.apache.hadoop.mapreduce.lib.output.FileOutputCommitter
[2024-09-21T21:07:18.451+0000] {ssh.py:524} INFO - 24/09/21 21:07:18 WARN AbstractS3ACommitterFactory: Using standard FileOutputCommitter to commit work. This is slow and potentially unsafe.
[2024-09-21T21:07:18.452+0000] {ssh.py:524} INFO - 24/09/21 21:07:18 INFO FileOutputCommitter: File Output Committer Algorithm version is 1
[2024-09-21T21:07:18.452+0000] {ssh.py:524} INFO - 24/09/21 21:07:18 INFO FileOutputCommitter: FileOutputCommitter skip cleanup _temporary folders under output directory:false, ignore cleanup failures: false
[2024-09-21T21:07:18.453+0000] {ssh.py:524} INFO - 24/09/21 21:07:18 INFO AbstractS3ACommitterFactory: Using Committer FileOutputCommitter{PathOutputCommitter{context=TaskAttemptContextImpl{JobContextImpl{jobId=job_202409212107177569889880919291509_0000}; taskId=attempt_202409212107177569889880919291509_0000_m_000005_5, status=''}; org.apache.hadoop.mapreduce.lib.output.FileOutputCommitter@7326b6}; outputPath=s3a://raw/olhovivo/empresa/dt=2024-09-21, workPath=s3a://raw/olhovivo/empresa/dt=2024-09-21/_temporary/0/_temporary/attempt_202409212107177569889880919291509_0000_m_000005_5, algorithmVersion=1, skipCleanup=false, ignoreCleanupFailures=false} for s3a://raw/olhovivo/empresa/dt=2024-09-21
[2024-09-21T21:07:18.453+0000] {ssh.py:524} INFO - 24/09/21 21:07:18 INFO PythonRunner: Times: total = 589, boot = 510, init = 79, finish = 0
[2024-09-21T21:07:18.453+0000] {ssh.py:524} INFO - 24/09/21 21:07:18 INFO SQLHadoopMapReduceCommitProtocol: Using output committer class org.apache.hadoop.mapreduce.lib.output.FileOutputCommitter
[2024-09-21T21:07:18.459+0000] {ssh.py:524} INFO - 24/09/21 21:07:18 INFO PythonRunner: Times: total = 598, boot = 507, init = 91, finish = 0
[2024-09-21T21:07:18.471+0000] {ssh.py:524} INFO - 24/09/21 21:07:18 INFO SparkHadoopMapRedUtil: No need to commit output of task because needsTaskCommit=false: attempt_20240921210717522854983968133911_0000_m_000003_3
[2024-09-21T21:07:18.472+0000] {ssh.py:524} INFO - 24/09/21 21:07:18 WARN AbstractS3ACommitterFactory: Using standard FileOutputCommitter to commit work. This is slow and potentially unsafe.
[2024-09-21T21:07:18.473+0000] {ssh.py:524} INFO - 24/09/21 21:07:18 INFO FileOutputCommitter: File Output Committer Algorithm version is 1
[2024-09-21T21:07:18.473+0000] {ssh.py:524} INFO - 24/09/21 21:07:18 INFO FileOutputCommitter: FileOutputCommitter skip cleanup _temporary folders under output directory:false, ignore cleanup failures: false
[2024-09-21T21:07:18.473+0000] {ssh.py:524} INFO - 24/09/21 21:07:18 INFO AbstractS3ACommitterFactory: Using Committer FileOutputCommitter{PathOutputCommitter{context=TaskAttemptContextImpl{JobContextImpl{jobId=job_202409212107172047402423856049636_0000}; taskId=attempt_202409212107172047402423856049636_0000_m_000011_11, status=''}; org.apache.hadoop.mapreduce.lib.output.FileOutputCommitter@c299584}; outputPath=s3a://raw/olhovivo/empresa/dt=2024-09-21, workPath=s3a://raw/olhovivo/empresa/dt=2024-09-21/_temporary/0/_temporary/attempt_202409212107172047402423856049636_0000_m_000011_11, algorithmVersion=1, skipCleanup=false, ignoreCleanupFailures=false} for s3a://raw/olhovivo/empresa/dt=2024-09-21
[2024-09-21T21:07:18.474+0000] {ssh.py:524} INFO - 24/09/21 21:07:18 INFO SQLHadoopMapReduceCommitProtocol: Using output committer class org.apache.hadoop.mapreduce.lib.output.FileOutputCommitter
[2024-09-21T21:07:18.474+0000] {ssh.py:524} INFO - 24/09/21 21:07:18 INFO SparkHadoopMapRedUtil: No need to commit output of task because needsTaskCommit=false: attempt_202409212107175203779012820193611_0000_m_000007_7
[2024-09-21T21:07:18.489+0000] {ssh.py:524} INFO - 24/09/21 21:07:18 INFO PythonRunner: Times: total = 625, boot = 505, init = 120, finish = 0
[2024-09-21T21:07:18.500+0000] {ssh.py:524} INFO - 24/09/21 21:07:18 INFO PythonRunner: Times: total = 638, boot = 517, init = 121, finish = 0
[2024-09-21T21:07:18.502+0000] {ssh.py:524} INFO - 24/09/21 21:07:18 INFO PythonRunner: Times: total = 636, boot = 517, init = 119, finish = 0
[2024-09-21T21:07:18.504+0000] {ssh.py:524} INFO - 24/09/21 21:07:18 WARN AbstractS3ACommitterFactory: Using standard FileOutputCommitter to commit work. This is slow and potentially unsafe.
[2024-09-21T21:07:18.505+0000] {ssh.py:524} INFO - 24/09/21 21:07:18 INFO FileOutputCommitter: File Output Committer Algorithm version is 1
[2024-09-21T21:07:18.505+0000] {ssh.py:524} INFO - 24/09/21 21:07:18 INFO FileOutputCommitter: FileOutputCommitter skip cleanup _temporary folders under output directory:false, ignore cleanup failures: false
[2024-09-21T21:07:18.505+0000] {ssh.py:524} INFO - 24/09/21 21:07:18 INFO AbstractS3ACommitterFactory: Using Committer FileOutputCommitter{PathOutputCommitter{context=TaskAttemptContextImpl{JobContextImpl{jobId=job_202409212107174233589219737690481_0000}; taskId=attempt_202409212107174233589219737690481_0000_m_000002_2, status=''}; org.apache.hadoop.mapreduce.lib.output.FileOutputCommitter@39fc12a8}; outputPath=s3a://raw/olhovivo/empresa/dt=2024-09-21, workPath=s3a://raw/olhovivo/empresa/dt=2024-09-21/_temporary/0/_temporary/attempt_202409212107174233589219737690481_0000_m_000002_2, algorithmVersion=1, skipCleanup=false, ignoreCleanupFailures=false} for s3a://raw/olhovivo/empresa/dt=2024-09-21
[2024-09-21T21:07:18.506+0000] {ssh.py:524} INFO - 24/09/21 21:07:18 INFO SQLHadoopMapReduceCommitProtocol: Using output committer class org.apache.hadoop.mapreduce.lib.output.FileOutputCommitter
[2024-09-21T21:07:18.519+0000] {ssh.py:524} INFO - 24/09/21 21:07:18 INFO SparkHadoopMapRedUtil: No need to commit output of task because needsTaskCommit=false: attempt_202409212107177999374830467667944_0000_m_000001_1
[2024-09-21T21:07:18.524+0000] {ssh.py:524} INFO - 24/09/21 21:07:18 WARN AbstractS3ACommitterFactory: Using standard FileOutputCommitter to commit work. This is slow and potentially unsafe.
[2024-09-21T21:07:18.525+0000] {ssh.py:524} INFO - 24/09/21 21:07:18 INFO FileOutputCommitter: File Output Committer Algorithm version is 1
[2024-09-21T21:07:18.525+0000] {ssh.py:524} INFO - 24/09/21 21:07:18 INFO FileOutputCommitter: FileOutputCommitter skip cleanup _temporary folders under output directory:false, ignore cleanup failures: false
[2024-09-21T21:07:18.525+0000] {ssh.py:524} INFO - 24/09/21 21:07:18 INFO AbstractS3ACommitterFactory: Using Committer FileOutputCommitter{PathOutputCommitter{context=TaskAttemptContextImpl{JobContextImpl{jobId=job_202409212107178026469416732042107_0000}; taskId=attempt_202409212107178026469416732042107_0000_m_000004_4, status=''}; org.apache.hadoop.mapreduce.lib.output.FileOutputCommitter@17ee593e}; outputPath=s3a://raw/olhovivo/empresa/dt=2024-09-21, workPath=s3a://raw/olhovivo/empresa/dt=2024-09-21/_temporary/0/_temporary/attempt_202409212107178026469416732042107_0000_m_000004_4, algorithmVersion=1, skipCleanup=false, ignoreCleanupFailures=false} for s3a://raw/olhovivo/empresa/dt=2024-09-21
[2024-09-21T21:07:18.525+0000] {ssh.py:524} INFO - 24/09/21 21:07:18 INFO SQLHadoopMapReduceCommitProtocol: Using output committer class org.apache.hadoop.mapreduce.lib.output.FileOutputCommitter
[2024-09-21T21:07:18.526+0000] {ssh.py:524} INFO - 24/09/21 21:07:18 WARN AbstractS3ACommitterFactory: Using standard FileOutputCommitter to commit work. This is slow and potentially unsafe.
[2024-09-21T21:07:18.526+0000] {ssh.py:524} INFO - 24/09/21 21:07:18 INFO FileOutputCommitter: File Output Committer Algorithm version is 1
[2024-09-21T21:07:18.526+0000] {ssh.py:524} INFO - 24/09/21 21:07:18 INFO FileOutputCommitter: FileOutputCommitter skip cleanup _temporary folders under output directory:false, ignore cleanup failures: false
[2024-09-21T21:07:18.527+0000] {ssh.py:524} INFO - 24/09/21 21:07:18 INFO SparkHadoopMapRedUtil: No need to commit output of task because needsTaskCommit=false: attempt_202409212107177569889880919291509_0000_m_000005_5
[2024-09-21T21:07:18.527+0000] {ssh.py:524} INFO - 24/09/21 21:07:18 INFO AbstractS3ACommitterFactory: Using Committer FileOutputCommitter{PathOutputCommitter{context=TaskAttemptContextImpl{JobContextImpl{jobId=job_202409212107172001624422255936885_0000}; taskId=attempt_202409212107172001624422255936885_0000_m_000009_9, status=''}; org.apache.hadoop.mapreduce.lib.output.FileOutputCommitter@32a37a3d}; outputPath=s3a://raw/olhovivo/empresa/dt=2024-09-21, workPath=s3a://raw/olhovivo/empresa/dt=2024-09-21/_temporary/0/_temporary/attempt_202409212107172001624422255936885_0000_m_000009_9, algorithmVersion=1, skipCleanup=false, ignoreCleanupFailures=false} for s3a://raw/olhovivo/empresa/dt=2024-09-21
[2024-09-21T21:07:18.527+0000] {ssh.py:524} INFO - 24/09/21 21:07:18 INFO SQLHadoopMapReduceCommitProtocol: Using output committer class org.apache.hadoop.mapreduce.lib.output.FileOutputCommitter
[2024-09-21T21:07:18.528+0000] {ssh.py:524} INFO - 24/09/21 21:07:18 INFO SparkHadoopMapRedUtil: No need to commit output of task because needsTaskCommit=false: attempt_202409212107176987316935527581958_0000_m_000008_8
[2024-09-21T21:07:18.528+0000] {ssh.py:524} INFO - 24/09/21 21:07:18 INFO Executor: Finished task 7.0 in stage 0.0 (TID 7). 2871 bytes result sent to driver
[2024-09-21T21:07:18.529+0000] {ssh.py:524} INFO - 24/09/21 21:07:18 INFO Executor: Finished task 1.0 in stage 0.0 (TID 1). 2828 bytes result sent to driver
[2024-09-21T21:07:18.530+0000] {ssh.py:524} INFO - 24/09/21 21:07:18 INFO Executor: Finished task 3.0 in stage 0.0 (TID 3). 2871 bytes result sent to driver
[2024-09-21T21:07:18.532+0000] {ssh.py:524} INFO - 24/09/21 21:07:18 INFO Executor: Finished task 5.0 in stage 0.0 (TID 5). 2828 bytes result sent to driver
[2024-09-21T21:07:18.534+0000] {ssh.py:524} INFO - 24/09/21 21:07:18 INFO Executor: Finished task 8.0 in stage 0.0 (TID 8). 2828 bytes result sent to driver
[2024-09-21T21:07:18.545+0000] {ssh.py:524} INFO - 24/09/21 21:07:18 WARN AbstractS3ACommitterFactory: Using standard FileOutputCommitter to commit work. This is slow and potentially unsafe.
[2024-09-21T21:07:18.546+0000] {ssh.py:524} INFO - 24/09/21 21:07:18 INFO FileOutputCommitter: File Output Committer Algorithm version is 1
[2024-09-21T21:07:18.546+0000] {ssh.py:524} INFO - 24/09/21 21:07:18 INFO FileOutputCommitter: FileOutputCommitter skip cleanup _temporary folders under output directory:false, ignore cleanup failures: false
[2024-09-21T21:07:18.546+0000] {ssh.py:524} INFO - 24/09/21 21:07:18 INFO AbstractS3ACommitterFactory: Using Committer FileOutputCommitter{PathOutputCommitter{context=TaskAttemptContextImpl{JobContextImpl{jobId=job_202409212107174903740316581244180_0000}; taskId=attempt_202409212107174903740316581244180_0000_m_000006_6, status=''}; org.apache.hadoop.mapreduce.lib.output.FileOutputCommitter@240947c7}; outputPath=s3a://raw/olhovivo/empresa/dt=2024-09-21, workPath=s3a://raw/olhovivo/empresa/dt=2024-09-21/_temporary/0/_temporary/attempt_202409212107174903740316581244180_0000_m_000006_6, algorithmVersion=1, skipCleanup=false, ignoreCleanupFailures=false} for s3a://raw/olhovivo/empresa/dt=2024-09-21
[2024-09-21T21:07:18.548+0000] {ssh.py:524} INFO - 24/09/21 21:07:18 INFO SQLHadoopMapReduceCommitProtocol: Using output committer class org.apache.hadoop.mapreduce.lib.output.FileOutputCommitter
[2024-09-21T21:07:18.550+0000] {ssh.py:524} INFO - 24/09/21 21:07:18 INFO PythonRunner: Times: total = 686, boot = 535, init = 151, finish = 0
[2024-09-21T21:07:18.557+0000] {ssh.py:524} INFO - 24/09/21 21:07:18 INFO PythonRunner: Times: total = 643, boot = 526, init = 117, finish = 0
[2024-09-21T21:07:18.566+0000] {ssh.py:524} INFO - 24/09/21 21:07:18 INFO PythonRunner: Times: total = 702, boot = 540, init = 162, finish = 0
[2024-09-21T21:07:18.576+0000] {ssh.py:524} INFO - 24/09/21 21:07:18 WARN AbstractS3ACommitterFactory: Using standard FileOutputCommitter to commit work. This is slow and potentially unsafe.
[2024-09-21T21:07:18.577+0000] {ssh.py:524} INFO - 24/09/21 21:07:18 INFO FileOutputCommitter: File Output Committer Algorithm version is 1
[2024-09-21T21:07:18.578+0000] {ssh.py:524} INFO - 24/09/21 21:07:18 INFO FileOutputCommitter: FileOutputCommitter skip cleanup _temporary folders under output directory:false, ignore cleanup failures: false
[2024-09-21T21:07:18.578+0000] {ssh.py:524} INFO - 24/09/21 21:07:18 INFO AbstractS3ACommitterFactory: Using Committer FileOutputCommitter{PathOutputCommitter{context=TaskAttemptContextImpl{JobContextImpl{jobId=job_202409212107177044916299119497820_0000}; taskId=attempt_202409212107177044916299119497820_0000_m_000010_10, status=''}; org.apache.hadoop.mapreduce.lib.output.FileOutputCommitter@5348b66b}; outputPath=s3a://raw/olhovivo/empresa/dt=2024-09-21, workPath=s3a://raw/olhovivo/empresa/dt=2024-09-21/_temporary/0/_temporary/attempt_202409212107177044916299119497820_0000_m_000010_10, algorithmVersion=1, skipCleanup=false, ignoreCleanupFailures=false} for s3a://raw/olhovivo/empresa/dt=2024-09-21
[2024-09-21T21:07:18.587+0000] {ssh.py:524} INFO - 24/09/21 21:07:18 INFO SparkHadoopMapRedUtil: No need to commit output of task because needsTaskCommit=false: attempt_202409212107174233589219737690481_0000_m_000002_2
[2024-09-21T21:07:18.587+0000] {ssh.py:524} INFO - 24/09/21 21:07:18 INFO SQLHadoopMapReduceCommitProtocol: Using output committer class org.apache.hadoop.mapreduce.lib.output.FileOutputCommitter
[2024-09-21T21:07:18.588+0000] {ssh.py:524} INFO - 24/09/21 21:07:18 INFO Executor: Finished task 2.0 in stage 0.0 (TID 2). 2828 bytes result sent to driver
[2024-09-21T21:07:18.595+0000] {ssh.py:524} INFO - 24/09/21 21:07:18 INFO SparkHadoopMapRedUtil: No need to commit output of task because needsTaskCommit=false: attempt_202409212107172001624422255936885_0000_m_000009_9
[2024-09-21T21:07:18.596+0000] {ssh.py:524} INFO - 24/09/21 21:07:18 INFO Executor: Finished task 9.0 in stage 0.0 (TID 9). 2828 bytes result sent to driver
[2024-09-21T21:07:18.603+0000] {ssh.py:524} INFO - 24/09/21 21:07:18 INFO PythonRunner: Times: total = 631, boot = 520, init = 111, finish = 0
[2024-09-21T21:07:18.619+0000] {ssh.py:524} INFO - 24/09/21 21:07:18 INFO PythonRunner: Times: total = 754, boot = 528, init = 226, finish = 0
[2024-09-21T21:07:18.619+0000] {ssh.py:524} INFO - 24/09/21 21:07:18 INFO PythonRunner: Times: total = 756, boot = 532, init = 223, finish = 1
[2024-09-21T21:07:18.620+0000] {ssh.py:524} INFO - 24/09/21 21:07:18 INFO TaskSetManager: Finished task 7.0 in stage 0.0 (TID 7) in 1053 ms on spark-master (executor driver) (1/12)
[2024-09-21T21:07:18.621+0000] {ssh.py:524} INFO - 24/09/21 21:07:18 INFO TaskSetManager: Finished task 8.0 in stage 0.0 (TID 8) in 1055 ms on spark-master (executor driver) (2/12)
[2024-09-21T21:07:18.621+0000] {ssh.py:524} INFO - 24/09/21 21:07:18 INFO TaskSetManager: Finished task 2.0 in stage 0.0 (TID 2) in 1059 ms on spark-master (executor driver) (3/12)
[2024-09-21T21:07:18.622+0000] {ssh.py:524} INFO - 24/09/21 21:07:18 INFO TaskSetManager: Finished task 9.0 in stage 0.0 (TID 9) in 1056 ms on spark-master (executor driver) (4/12)
[2024-09-21T21:07:18.624+0000] {ssh.py:524} INFO - 24/09/21 21:07:18 INFO TaskSetManager: Finished task 3.0 in stage 0.0 (TID 3) in 1060 ms on spark-master (executor driver) (5/12)
[2024-09-21T21:07:18.625+0000] {ssh.py:524} INFO - 24/09/21 21:07:18 INFO PythonRunner: Times: total = 763, boot = 544, init = 219, finish = 0
[2024-09-21T21:07:18.627+0000] {ssh.py:524} INFO - 24/09/21 21:07:18 INFO TaskSetManager: Finished task 1.0 in stage 0.0 (TID 1) in 1065 ms on spark-master (executor driver) (6/12)
[2024-09-21T21:07:18.628+0000] {ssh.py:524} INFO - 24/09/21 21:07:18 INFO TaskSetManager: Finished task 5.0 in stage 0.0 (TID 5) in 1063 ms on spark-master (executor driver) (7/12)
[2024-09-21T21:07:18.629+0000] {ssh.py:524} INFO - 24/09/21 21:07:18 INFO SparkHadoopMapRedUtil: No need to commit output of task because needsTaskCommit=false: attempt_202409212107177044916299119497820_0000_m_000010_10
[2024-09-21T21:07:18.631+0000] {ssh.py:524} INFO - 24/09/21 21:07:18 INFO PythonAccumulatorV2: Connected to AccumulatorServer at host: 127.0.0.1 port: 43515
[2024-09-21T21:07:18.631+0000] {ssh.py:524} INFO - 24/09/21 21:07:18 INFO Executor: Finished task 10.0 in stage 0.0 (TID 10). 2828 bytes result sent to driver
[2024-09-21T21:07:18.633+0000] {ssh.py:524} INFO - 24/09/21 21:07:18 INFO TaskSetManager: Finished task 10.0 in stage 0.0 (TID 10) in 1066 ms on spark-master (executor driver) (8/12)
[2024-09-21T21:07:18.637+0000] {ssh.py:524} INFO - 24/09/21 21:07:18 INFO SparkHadoopMapRedUtil: No need to commit output of task because needsTaskCommit=false: attempt_202409212107178026469416732042107_0000_m_000004_4
[2024-09-21T21:07:18.639+0000] {ssh.py:524} INFO - 24/09/21 21:07:18 INFO Executor: Finished task 4.0 in stage 0.0 (TID 4). 2828 bytes result sent to driver
[2024-09-21T21:07:18.642+0000] {ssh.py:524} INFO - 24/09/21 21:07:18 INFO SparkHadoopMapRedUtil: No need to commit output of task because needsTaskCommit=false: attempt_202409212107174903740316581244180_0000_m_000006_6
[2024-09-21T21:07:18.644+0000] {ssh.py:524} INFO - 24/09/21 21:07:18 INFO TaskSetManager: Finished task 4.0 in stage 0.0 (TID 4) in 1079 ms on spark-master (executor driver) (9/12)
[2024-09-21T21:07:18.644+0000] {ssh.py:524} INFO - 24/09/21 21:07:18 INFO Executor: Finished task 6.0 in stage 0.0 (TID 6). 2828 bytes result sent to driver
[2024-09-21T21:07:18.645+0000] {ssh.py:524} INFO - 24/09/21 21:07:18 INFO TaskSetManager: Finished task 6.0 in stage 0.0 (TID 6) in 1079 ms on spark-master (executor driver) (10/12)
[2024-09-21T21:07:19.103+0000] {ssh.py:524} INFO - 24/09/21 21:07:19 INFO FileOutputCommitter: Saved output of task 'attempt_202409212107172047402423856049636_0000_m_000011_11' to s3a://raw/olhovivo/empresa/dt=2024-09-21/_temporary/0/task_202409212107172047402423856049636_0000_m_000011
[2024-09-21T21:07:19.103+0000] {ssh.py:524} INFO - 24/09/21 21:07:19 INFO SparkHadoopMapRedUtil: attempt_202409212107172047402423856049636_0000_m_000011_11: Committed. Elapsed time: 222 ms.
[2024-09-21T21:07:19.105+0000] {ssh.py:524} INFO - 24/09/21 21:07:19 INFO Executor: Finished task 11.0 in stage 0.0 (TID 11). 2914 bytes result sent to driver
[2024-09-21T21:07:19.110+0000] {ssh.py:524} INFO - 24/09/21 21:07:19 INFO TaskSetManager: Finished task 11.0 in stage 0.0 (TID 11) in 1539 ms on spark-master (executor driver) (11/12)
[2024-09-21T21:07:19.176+0000] {ssh.py:524} INFO - 24/09/21 21:07:19 INFO FileOutputCommitter: Saved output of task 'attempt_202409212107178152881662199903109_0000_m_000000_0' to s3a://raw/olhovivo/empresa/dt=2024-09-21/_temporary/0/task_202409212107178152881662199903109_0000_m_000000
[2024-09-21T21:07:19.179+0000] {ssh.py:524} INFO - 24/09/21 21:07:19 INFO SparkHadoopMapRedUtil: attempt_202409212107178152881662199903109_0000_m_000000_0: Committed. Elapsed time: 290 ms.
[2024-09-21T21:07:19.180+0000] {ssh.py:524} INFO - 24/09/21 21:07:19 INFO Executor: Finished task 0.0 in stage 0.0 (TID 0). 2828 bytes result sent to driver
[2024-09-21T21:07:19.184+0000] {ssh.py:524} INFO - 24/09/21 21:07:19 INFO TaskSetManager: Finished task 0.0 in stage 0.0 (TID 0) in 1632 ms on spark-master (executor driver) (12/12)
[2024-09-21T21:07:19.185+0000] {ssh.py:524} INFO - 24/09/21 21:07:19 INFO TaskSchedulerImpl: Removed TaskSet 0.0, whose tasks have all completed, from pool 
[2024-09-21T21:07:19.188+0000] {ssh.py:524} INFO - 24/09/21 21:07:19 INFO DAGScheduler: ResultStage 0 (save at NativeMethodAccessorImpl.java:0) finished in 1.790 s
[2024-09-21T21:07:19.192+0000] {ssh.py:524} INFO - 24/09/21 21:07:19 INFO DAGScheduler: Job 0 is finished. Cancelling potential speculative or zombie tasks for this job
[2024-09-21T21:07:19.193+0000] {ssh.py:524} INFO - 24/09/21 21:07:19 INFO TaskSchedulerImpl: Killing all running tasks in stage 0: Stage finished
[2024-09-21T21:07:19.205+0000] {ssh.py:524} INFO - 24/09/21 21:07:19 INFO DAGScheduler: Job 0 finished: save at NativeMethodAccessorImpl.java:0, took 1.837941 s
[2024-09-21T21:07:19.206+0000] {ssh.py:524} INFO - 24/09/21 21:07:19 INFO FileFormatWriter: Start to commit write Job 2e56bcc2-f99a-471b-bfe8-12d1bd6cee22.
[2024-09-21T21:07:19.453+0000] {ssh.py:524} INFO - 24/09/21 21:07:19 INFO BlockManagerInfo: Removed broadcast_0_piece0 on spark-master:44627 in memory (size: 81.3 KiB, free: 434.4 MiB)
[2024-09-21T21:07:19.780+0000] {ssh.py:524} INFO - 24/09/21 21:07:19 INFO FileFormatWriter: Write Job 2e56bcc2-f99a-471b-bfe8-12d1bd6cee22 committed. Elapsed time: 575 ms.
[2024-09-21T21:07:19.784+0000] {ssh.py:524} INFO - 24/09/21 21:07:19 INFO FileFormatWriter: Finished processing stats for write job 2e56bcc2-f99a-471b-bfe8-12d1bd6cee22.
[2024-09-21T21:07:19.787+0000] {ssh.py:524} INFO - [DEBUG] Done.
[2024-09-21T21:07:19.862+0000] {ssh.py:524} INFO - 24/09/21 21:07:19 INFO SparkContext: Invoking stop() from shutdown hook
[2024-09-21T21:07:19.889+0000] {ssh.py:524} INFO - 24/09/21 21:07:19 INFO SparkUI: Stopped Spark web UI at http://spark-master:4042
[2024-09-21T21:07:19.909+0000] {ssh.py:524} INFO - 24/09/21 21:07:19 INFO MapOutputTrackerMasterEndpoint: MapOutputTrackerMasterEndpoint stopped!
[2024-09-21T21:07:19.949+0000] {ssh.py:524} INFO - 24/09/21 21:07:19 INFO MemoryStore: MemoryStore cleared
[2024-09-21T21:07:19.951+0000] {ssh.py:524} INFO - 24/09/21 21:07:19 INFO BlockManager: BlockManager stopped
[2024-09-21T21:07:19.954+0000] {ssh.py:524} INFO - 24/09/21 21:07:19 INFO BlockManagerMaster: BlockManagerMaster stopped
[2024-09-21T21:07:19.957+0000] {ssh.py:524} INFO - 24/09/21 21:07:19 INFO OutputCommitCoordinator$OutputCommitCoordinatorEndpoint: OutputCommitCoordinator stopped!
[2024-09-21T21:07:19.972+0000] {ssh.py:524} INFO - 24/09/21 21:07:19 INFO SparkContext: Successfully stopped SparkContext
[2024-09-21T21:07:19.973+0000] {ssh.py:524} INFO - 24/09/21 21:07:19 INFO ShutdownHookManager: Shutdown hook called
[2024-09-21T21:07:19.975+0000] {ssh.py:524} INFO - 24/09/21 21:07:19 INFO ShutdownHookManager: Deleting directory /tmp/spark-eb01f0b7-13f0-4b61-b2fa-d0c556f88c02/pyspark-2c1e1b26-23e5-42a8-a080-4c9b29fcfd6e
[2024-09-21T21:07:19.979+0000] {ssh.py:524} INFO - 24/09/21 21:07:19 INFO ShutdownHookManager: Deleting directory /tmp/spark-de69005a-53ea-498c-ba85-1ba651ba6590
[2024-09-21T21:07:19.982+0000] {ssh.py:524} INFO - 24/09/21 21:07:19 INFO ShutdownHookManager: Deleting directory /tmp/spark-eb01f0b7-13f0-4b61-b2fa-d0c556f88c02
[2024-09-21T21:07:19.989+0000] {ssh.py:524} INFO - 24/09/21 21:07:19 INFO MetricsSystemImpl: Stopping s3a-file-system metrics system...
[2024-09-21T21:07:19.990+0000] {ssh.py:524} INFO - 24/09/21 21:07:19 INFO MetricsSystemImpl: s3a-file-system metrics system stopped.
[2024-09-21T21:07:19.990+0000] {ssh.py:524} INFO - 24/09/21 21:07:19 INFO MetricsSystemImpl: s3a-file-system metrics system shutdown complete.
[2024-09-21T21:07:20.204+0000] {taskinstance.py:1400} INFO - Marking task as SUCCESS. dag_id=raw_ingestion, task_id=spark_raw_ingestion_empresa, execution_date=20240921T210706, start_date=20240921T210707, end_date=20240921T210720
[2024-09-21T21:07:20.265+0000] {local_task_job_runner.py:228} INFO - Task exited with return code 0
[2024-09-21T21:07:20.339+0000] {taskinstance.py:2778} INFO - 0 downstream tasks scheduled from follow-on schedule check
