[2024-09-24T01:15:15.982+0000] {taskinstance.py:1159} INFO - Dependencies all met for dep_context=non-requeueable deps ti=<TaskInstance: raw_ingestion_15min.trigger_stage_processing scheduled__2024-09-24T01:00:00+00:00 [queued]>
[2024-09-24T01:15:15.992+0000] {taskinstance.py:1159} INFO - Dependencies all met for dep_context=requeueable deps ti=<TaskInstance: raw_ingestion_15min.trigger_stage_processing scheduled__2024-09-24T01:00:00+00:00 [queued]>
[2024-09-24T01:15:15.993+0000] {taskinstance.py:1361} INFO - Starting attempt 1 of 1
[2024-09-24T01:15:16.007+0000] {taskinstance.py:1382} INFO - Executing <Task(TriggerDagRunOperator): trigger_stage_processing> on 2024-09-24 01:00:00+00:00
[2024-09-24T01:15:16.012+0000] {standard_task_runner.py:57} INFO - Started process 3195 to run task
[2024-09-24T01:15:16.014+0000] {standard_task_runner.py:84} INFO - Running: ['airflow', 'tasks', 'run', 'raw_ingestion_15min', 'trigger_stage_processing', 'scheduled__2024-09-24T01:00:00+00:00', '--job-id', '580', '--raw', '--subdir', 'DAGS_FOLDER/raw_ingestion_15min.py', '--cfg-path', '/tmp/tmpu6tkx6vs']
[2024-09-24T01:15:16.015+0000] {standard_task_runner.py:85} INFO - Job 580: Subtask trigger_stage_processing
[2024-09-24T01:15:16.131+0000] {task_command.py:416} INFO - Running <TaskInstance: raw_ingestion_15min.trigger_stage_processing scheduled__2024-09-24T01:00:00+00:00 [running]> on host airflow-worker
[2024-09-24T01:15:16.322+0000] {taskinstance.py:1662} INFO - Exporting env vars: AIRFLOW_CTX_DAG_OWNER='***' AIRFLOW_CTX_DAG_ID='raw_ingestion_15min' AIRFLOW_CTX_TASK_ID='trigger_stage_processing' AIRFLOW_CTX_EXECUTION_DATE='2024-09-24T01:00:00+00:00' AIRFLOW_CTX_TRY_NUMBER='1' AIRFLOW_CTX_DAG_RUN_ID='scheduled__2024-09-24T01:00:00+00:00'
[2024-09-24T01:15:16.411+0000] {trigger_dagrun.py:173} INFO - Clearing stage_processing on 2024-09-24T00:00:00+00:00
[2024-09-24T01:15:16.599+0000] {trigger_dagrun.py:209} INFO - Waiting for stage_processing on 2024-09-24 00:00:00+00:00 to become allowed state ['success'] ...
[2024-09-24T01:15:26.635+0000] {trigger_dagrun.py:209} INFO - Waiting for stage_processing on 2024-09-24 00:00:00+00:00 to become allowed state ['success'] ...
[2024-09-24T01:15:36.696+0000] {trigger_dagrun.py:209} INFO - Waiting for stage_processing on 2024-09-24 00:00:00+00:00 to become allowed state ['success'] ...
[2024-09-24T01:15:46.729+0000] {trigger_dagrun.py:209} INFO - Waiting for stage_processing on 2024-09-24 00:00:00+00:00 to become allowed state ['success'] ...
[2024-09-24T01:15:56.780+0000] {trigger_dagrun.py:209} INFO - Waiting for stage_processing on 2024-09-24 00:00:00+00:00 to become allowed state ['success'] ...
[2024-09-24T01:16:06.825+0000] {trigger_dagrun.py:209} INFO - Waiting for stage_processing on 2024-09-24 00:00:00+00:00 to become allowed state ['success'] ...
[2024-09-24T01:16:16.879+0000] {trigger_dagrun.py:209} INFO - Waiting for stage_processing on 2024-09-24 00:00:00+00:00 to become allowed state ['success'] ...
[2024-09-24T01:16:26.917+0000] {trigger_dagrun.py:209} INFO - Waiting for stage_processing on 2024-09-24 00:00:00+00:00 to become allowed state ['success'] ...
[2024-09-24T01:16:36.954+0000] {trigger_dagrun.py:209} INFO - Waiting for stage_processing on 2024-09-24 00:00:00+00:00 to become allowed state ['success'] ...
[2024-09-24T01:16:46.995+0000] {trigger_dagrun.py:209} INFO - Waiting for stage_processing on 2024-09-24 00:00:00+00:00 to become allowed state ['success'] ...
[2024-09-24T01:16:57.047+0000] {trigger_dagrun.py:209} INFO - Waiting for stage_processing on 2024-09-24 00:00:00+00:00 to become allowed state ['success'] ...
[2024-09-24T01:17:07.089+0000] {trigger_dagrun.py:209} INFO - Waiting for stage_processing on 2024-09-24 00:00:00+00:00 to become allowed state ['success'] ...
[2024-09-24T01:17:17.134+0000] {trigger_dagrun.py:209} INFO - Waiting for stage_processing on 2024-09-24 00:00:00+00:00 to become allowed state ['success'] ...
[2024-09-24T01:17:27.182+0000] {trigger_dagrun.py:209} INFO - Waiting for stage_processing on 2024-09-24 00:00:00+00:00 to become allowed state ['success'] ...
[2024-09-24T01:17:37.218+0000] {trigger_dagrun.py:209} INFO - Waiting for stage_processing on 2024-09-24 00:00:00+00:00 to become allowed state ['success'] ...
[2024-09-24T01:17:47.261+0000] {trigger_dagrun.py:209} INFO - Waiting for stage_processing on 2024-09-24 00:00:00+00:00 to become allowed state ['success'] ...
[2024-09-24T01:17:57.317+0000] {trigger_dagrun.py:209} INFO - Waiting for stage_processing on 2024-09-24 00:00:00+00:00 to become allowed state ['success'] ...
[2024-09-24T01:18:07.360+0000] {trigger_dagrun.py:209} INFO - Waiting for stage_processing on 2024-09-24 00:00:00+00:00 to become allowed state ['success'] ...
[2024-09-24T01:18:17.425+0000] {taskinstance.py:1937} ERROR - Task failed with exception
Traceback (most recent call last):
  File "/home/airflow/.local/lib/python3.8/site-packages/airflow/operators/trigger_dagrun.py", line 220, in execute
    raise AirflowException(f"{self.trigger_dag_id} failed with failed states {state}")
airflow.exceptions.AirflowException: stage_processing failed with failed states failed
[2024-09-24T01:18:17.429+0000] {taskinstance.py:1400} INFO - Marking task as FAILED. dag_id=raw_ingestion_15min, task_id=trigger_stage_processing, execution_date=20240924T010000, start_date=20240924T011515, end_date=20240924T011817
[2024-09-24T01:18:17.454+0000] {standard_task_runner.py:104} ERROR - Failed to execute job 580 for task trigger_stage_processing (stage_processing failed with failed states failed; 3195)
[2024-09-24T01:18:17.466+0000] {local_task_job_runner.py:228} INFO - Task exited with return code 1
[2024-09-24T01:18:17.511+0000] {taskinstance.py:2778} INFO - 0 downstream tasks scheduled from follow-on schedule check
