[2024-09-23T02:08:07.191+0000] {taskinstance.py:1159} INFO - Dependencies all met for dep_context=non-requeueable deps ti=<TaskInstance: raw_ingestion_15min.spark_raw_ingestion_posicao manual__2024-09-23T02:08:05.738343+00:00 [queued]>
[2024-09-23T02:08:07.200+0000] {taskinstance.py:1159} INFO - Dependencies all met for dep_context=requeueable deps ti=<TaskInstance: raw_ingestion_15min.spark_raw_ingestion_posicao manual__2024-09-23T02:08:05.738343+00:00 [queued]>
[2024-09-23T02:08:07.201+0000] {taskinstance.py:1361} INFO - Starting attempt 1 of 1
[2024-09-23T02:08:07.215+0000] {taskinstance.py:1382} INFO - Executing <Task(SSHOperator): spark_raw_ingestion_posicao> on 2024-09-23 02:08:05.738343+00:00
[2024-09-23T02:08:07.218+0000] {standard_task_runner.py:57} INFO - Started process 4428 to run task
[2024-09-23T02:08:07.221+0000] {standard_task_runner.py:84} INFO - Running: ['airflow', 'tasks', 'run', 'raw_ingestion_15min', 'spark_raw_ingestion_posicao', 'manual__2024-09-23T02:08:05.738343+00:00', '--job-id', '476', '--raw', '--subdir', 'DAGS_FOLDER/raw_ingestion_15min.py', '--cfg-path', '/tmp/tmptvt3gvy7']
[2024-09-23T02:08:07.222+0000] {standard_task_runner.py:85} INFO - Job 476: Subtask spark_raw_ingestion_posicao
[2024-09-23T02:08:07.336+0000] {task_command.py:416} INFO - Running <TaskInstance: raw_ingestion_15min.spark_raw_ingestion_posicao manual__2024-09-23T02:08:05.738343+00:00 [running]> on host airflow-worker
[2024-09-23T02:08:07.527+0000] {taskinstance.py:1662} INFO - Exporting env vars: AIRFLOW_CTX_DAG_OWNER='***' AIRFLOW_CTX_DAG_ID='raw_ingestion_15min' AIRFLOW_CTX_TASK_ID='spark_raw_ingestion_posicao' AIRFLOW_CTX_EXECUTION_DATE='2024-09-23T02:08:05.738343+00:00' AIRFLOW_CTX_TRY_NUMBER='1' AIRFLOW_CTX_DAG_RUN_ID='manual__2024-09-23T02:08:05.738343+00:00'
[2024-09-23T02:08:07.527+0000] {ssh.py:141} INFO - Creating ssh_client
[2024-09-23T02:08:07.528+0000] {ssh.py:114} INFO - ssh_hook is not provided or invalid. Trying ssh_conn_id to create SSHHook.
[2024-09-23T02:08:07.557+0000] {base.py:73} INFO - Using connection ID 'spark_ssh_default' for task execution.
[2024-09-23T02:08:07.558+0000] {ssh.py:300} WARNING - No Host Key Verification. This won't protect against Man-In-The-Middle attacks
[2024-09-23T02:08:07.567+0000] {transport.py:1893} INFO - Connected (version 2.0, client OpenSSH_8.9p1)
[2024-09-23T02:08:07.666+0000] {transport.py:1893} INFO - Authentication (password) successful!
[2024-09-23T02:08:07.667+0000] {ssh.py:478} INFO - Running command: export SPARK_HOME=/usr/local/spark; /opt/conda/bin/spark-submit --master local[*] --driver-cores 2 --executor-cores 2 --driver-memory 4G --executor-memory 4G /opt/shared/scripts/raw_ingestion.py 2024-09-23 posicao
[2024-09-23T02:08:10.102+0000] {ssh.py:524} INFO - [DEBUG] dt_now: 2024-09-23
[2024-09-23T02:08:10.103+0000] {ssh.py:524} INFO - [DEBUG] endpoint: posicao
[2024-09-23T02:08:10.162+0000] {ssh.py:524} INFO - 24/09/23 02:08:10 INFO SparkContext: Running Spark version 3.3.1
[2024-09-23T02:08:10.185+0000] {ssh.py:524} INFO - 24/09/23 02:08:10 WARN NativeCodeLoader: Unable to load native-hadoop library for your platform... using builtin-java classes where applicable
[2024-09-23T02:08:10.266+0000] {ssh.py:524} INFO - 24/09/23 02:08:10 INFO ResourceUtils: ==============================================================
[2024-09-23T02:08:10.267+0000] {ssh.py:524} INFO - 24/09/23 02:08:10 INFO ResourceUtils: No custom resources configured for spark.driver.
[2024-09-23T02:08:10.267+0000] {ssh.py:524} INFO - 24/09/23 02:08:10 INFO ResourceUtils: ==============================================================
[2024-09-23T02:08:10.268+0000] {ssh.py:524} INFO - 24/09/23 02:08:10 INFO SparkContext: Submitted application: raw_ingestion_posicao
[2024-09-23T02:08:10.286+0000] {ssh.py:524} INFO - 24/09/23 02:08:10 INFO ResourceProfile: Default ResourceProfile created, executor resources: Map(cores -> name: cores, amount: 1, script: , vendor: , memory -> name: memory, amount: 1024, script: , vendor: , offHeap -> name: offHeap, amount: 0, script: , vendor: ), task resources: Map(cpus -> name: cpus, amount: 1.0)
[2024-09-23T02:08:10.294+0000] {ssh.py:524} INFO - 24/09/23 02:08:10 INFO ResourceProfile: Limiting resource is cpu
[2024-09-23T02:08:10.295+0000] {ssh.py:524} INFO - 24/09/23 02:08:10 INFO ResourceProfileManager: Added ResourceProfile id: 0
[2024-09-23T02:08:10.340+0000] {ssh.py:524} INFO - 24/09/23 02:08:10 INFO SecurityManager: Changing view acls to: root
[2024-09-23T02:08:10.341+0000] {ssh.py:524} INFO - 24/09/23 02:08:10 INFO SecurityManager: Changing modify acls to: root
[2024-09-23T02:08:10.341+0000] {ssh.py:524} INFO - 24/09/23 02:08:10 INFO SecurityManager: Changing view acls groups to: 
[2024-09-23T02:08:10.342+0000] {ssh.py:524} INFO - 24/09/23 02:08:10 INFO SecurityManager: Changing modify acls groups to: 
[2024-09-23T02:08:10.342+0000] {ssh.py:524} INFO - 24/09/23 02:08:10 INFO SecurityManager: SecurityManager: authentication disabled; ui acls disabled; users  with view permissions: Set(root); groups with view permissions: Set(); users  with modify permissions: Set(root); groups with modify permissions: Set()
[2024-09-23T02:08:10.658+0000] {ssh.py:524} INFO - 24/09/23 02:08:10 INFO Utils: Successfully started service 'sparkDriver' on port 45653.
[2024-09-23T02:08:10.693+0000] {ssh.py:524} INFO - 24/09/23 02:08:10 INFO SparkEnv: Registering MapOutputTracker
[2024-09-23T02:08:10.737+0000] {ssh.py:524} INFO - 24/09/23 02:08:10 INFO SparkEnv: Registering BlockManagerMaster
[2024-09-23T02:08:10.762+0000] {ssh.py:524} INFO - 24/09/23 02:08:10 INFO BlockManagerMasterEndpoint: Using org.apache.spark.storage.DefaultTopologyMapper for getting topology information
[2024-09-23T02:08:10.767+0000] {ssh.py:524} INFO - 24/09/23 02:08:10 INFO BlockManagerMasterEndpoint: BlockManagerMasterEndpoint up
[2024-09-23T02:08:10.770+0000] {ssh.py:524} INFO - 24/09/23 02:08:10 INFO SparkEnv: Registering BlockManagerMasterHeartbeat
[2024-09-23T02:08:10.791+0000] {ssh.py:524} INFO - 24/09/23 02:08:10 INFO DiskBlockManager: Created local directory at /tmp/blockmgr-553b878d-aefc-49ca-99cb-cfefeb30eac6
[2024-09-23T02:08:10.812+0000] {ssh.py:524} INFO - 24/09/23 02:08:10 INFO MemoryStore: MemoryStore started with capacity 2.2 GiB
[2024-09-23T02:08:10.835+0000] {ssh.py:524} INFO - 24/09/23 02:08:10 INFO SparkEnv: Registering OutputCommitCoordinator
[2024-09-23T02:08:11.023+0000] {ssh.py:524} INFO - 24/09/23 02:08:11 WARN Utils: Service 'SparkUI' could not bind on port 4040. Attempting port 4041.
[2024-09-23T02:08:11.032+0000] {ssh.py:524} INFO - 24/09/23 02:08:11 INFO Utils: Successfully started service 'SparkUI' on port 4041.
[2024-09-23T02:08:11.139+0000] {ssh.py:524} INFO - 24/09/23 02:08:11 INFO Executor: Starting executor ID driver on host spark-master
[2024-09-23T02:08:11.146+0000] {ssh.py:524} INFO - 24/09/23 02:08:11 INFO Executor: Starting executor with user classpath (userClassPathFirst = false): ''
[2024-09-23T02:08:11.161+0000] {ssh.py:524} INFO - 24/09/23 02:08:11 INFO Utils: Successfully started service 'org.apache.spark.network.netty.NettyBlockTransferService' on port 38073.
[2024-09-23T02:08:11.162+0000] {ssh.py:524} INFO - 24/09/23 02:08:11 INFO NettyBlockTransferService: Server created on spark-master:38073
[2024-09-23T02:08:11.163+0000] {ssh.py:524} INFO - 24/09/23 02:08:11 INFO BlockManager: Using org.apache.spark.storage.RandomBlockReplicationPolicy for block replication policy
[2024-09-23T02:08:11.167+0000] {ssh.py:524} INFO - 24/09/23 02:08:11 INFO BlockManagerMaster: Registering BlockManager BlockManagerId(driver, spark-master, 38073, None)
[2024-09-23T02:08:11.171+0000] {ssh.py:524} INFO - 24/09/23 02:08:11 INFO BlockManagerMasterEndpoint: Registering block manager spark-master:38073 with 2.2 GiB RAM, BlockManagerId(driver, spark-master, 38073, None)
[2024-09-23T02:08:11.173+0000] {ssh.py:524} INFO - 24/09/23 02:08:11 INFO BlockManagerMaster: Registered BlockManager BlockManagerId(driver, spark-master, 38073, None)
[2024-09-23T02:08:11.174+0000] {ssh.py:524} INFO - 24/09/23 02:08:11 INFO BlockManager: Initialized BlockManager: BlockManagerId(driver, spark-master, 38073, None)
[2024-09-23T02:08:12.672+0000] {ssh.py:524} INFO - 24/09/23 02:08:12 INFO SharedState: Setting hive.metastore.warehouse.dir ('null') to the value of spark.sql.warehouse.dir.
[2024-09-23T02:08:12.678+0000] {ssh.py:524} INFO - 24/09/23 02:08:12 INFO SharedState: Warehouse path is 'file:/root/spark-warehouse'.
[2024-09-23T02:08:14.555+0000] {ssh.py:524} INFO - 24/09/23 02:08:14 WARN MetricsConfig: Cannot locate configuration: tried hadoop-metrics2-s3a-file-system.properties,hadoop-metrics2.properties
[2024-09-23T02:08:14.566+0000] {ssh.py:524} INFO - 24/09/23 02:08:14 INFO MetricsSystemImpl: Scheduled Metric snapshot period at 10 second(s).
[2024-09-23T02:08:14.566+0000] {ssh.py:524} INFO - 24/09/23 02:08:14 INFO MetricsSystemImpl: s3a-file-system metrics system started
[2024-09-23T02:08:15.536+0000] {ssh.py:524} INFO - 24/09/23 02:08:15 WARN AbstractS3ACommitterFactory: Using standard FileOutputCommitter to commit work. This is slow and potentially unsafe.
[2024-09-23T02:08:15.537+0000] {ssh.py:524} INFO - 24/09/23 02:08:15 INFO FileOutputCommitter: File Output Committer Algorithm version is 1
[2024-09-23T02:08:15.537+0000] {ssh.py:524} INFO - 24/09/23 02:08:15 INFO FileOutputCommitter: FileOutputCommitter skip cleanup _temporary folders under output directory:false, ignore cleanup failures: false
[2024-09-23T02:08:15.539+0000] {ssh.py:524} INFO - 24/09/23 02:08:15 INFO AbstractS3ACommitterFactory: Using Committer FileOutputCommitter{PathOutputCommitter{context=TaskAttemptContextImpl{JobContextImpl{jobId=job_202409230208157836074267369788715_0000}; taskId=attempt_202409230208157836074267369788715_0000_m_000000_0, status=''}; org.apache.hadoop.mapreduce.lib.output.FileOutputCommitter@7b2008b1}; outputPath=s3a://raw/olhovivo/posicao/dt=2024-09-23, workPath=s3a://raw/olhovivo/posicao/dt=2024-09-23/_temporary/0/_temporary/attempt_202409230208157836074267369788715_0000_m_000000_0, algorithmVersion=1, skipCleanup=false, ignoreCleanupFailures=false} for s3a://raw/olhovivo/posicao/dt=2024-09-23
[2024-09-23T02:08:15.540+0000] {ssh.py:524} INFO - 24/09/23 02:08:15 INFO SQLHadoopMapReduceCommitProtocol: Using output committer class org.apache.hadoop.mapreduce.lib.output.FileOutputCommitter
[2024-09-23T02:08:16.142+0000] {ssh.py:524} INFO - 24/09/23 02:08:16 INFO CodeGenerator: Code generated in 140.157571 ms
[2024-09-23T02:08:16.232+0000] {ssh.py:524} INFO - 24/09/23 02:08:16 INFO SparkContext: Starting job: save at NativeMethodAccessorImpl.java:0
[2024-09-23T02:08:16.243+0000] {ssh.py:524} INFO - 24/09/23 02:08:16 INFO DAGScheduler: Got job 0 (save at NativeMethodAccessorImpl.java:0) with 12 output partitions
[2024-09-23T02:08:16.244+0000] {ssh.py:524} INFO - 24/09/23 02:08:16 INFO DAGScheduler: Final stage: ResultStage 0 (save at NativeMethodAccessorImpl.java:0)
[2024-09-23T02:08:16.244+0000] {ssh.py:524} INFO - 24/09/23 02:08:16 INFO DAGScheduler: Parents of final stage: List()
[2024-09-23T02:08:16.245+0000] {ssh.py:524} INFO - 24/09/23 02:08:16 INFO DAGScheduler: Missing parents: List()
[2024-09-23T02:08:16.248+0000] {ssh.py:524} INFO - 24/09/23 02:08:16 INFO DAGScheduler: Submitting ResultStage 0 (MapPartitionsRDD[5] at save at NativeMethodAccessorImpl.java:0), which has no missing parents
[2024-09-23T02:08:16.322+0000] {ssh.py:524} INFO - 24/09/23 02:08:16 INFO MemoryStore: Block broadcast_0 stored as values in memory (estimated size 225.6 KiB, free 2.2 GiB)
[2024-09-23T02:08:16.341+0000] {ssh.py:524} INFO - 24/09/23 02:08:16 INFO MemoryStore: Block broadcast_0_piece0 stored as bytes in memory (estimated size 82.0 KiB, free 2.2 GiB)
[2024-09-23T02:08:16.344+0000] {ssh.py:524} INFO - 24/09/23 02:08:16 INFO BlockManagerInfo: Added broadcast_0_piece0 in memory on spark-master:38073 (size: 82.0 KiB, free: 2.2 GiB)
[2024-09-23T02:08:16.347+0000] {ssh.py:524} INFO - 24/09/23 02:08:16 INFO SparkContext: Created broadcast 0 from broadcast at DAGScheduler.scala:1513
[2024-09-23T02:08:16.356+0000] {ssh.py:524} INFO - 24/09/23 02:08:16 INFO DAGScheduler: Submitting 12 missing tasks from ResultStage 0 (MapPartitionsRDD[5] at save at NativeMethodAccessorImpl.java:0) (first 15 tasks are for partitions Vector(0, 1, 2, 3, 4, 5, 6, 7, 8, 9, 10, 11))
[2024-09-23T02:08:16.356+0000] {ssh.py:524} INFO - 24/09/23 02:08:16 INFO TaskSchedulerImpl: Adding task set 0.0 with 12 tasks resource profile 0
[2024-09-23T02:08:16.428+0000] {ssh.py:524} INFO - 24/09/23 02:08:16 INFO TaskSetManager: Starting task 0.0 in stage 0.0 (TID 0) (spark-master, executor driver, partition 0, PROCESS_LOCAL, 4433 bytes) taskResourceAssignments Map()
[2024-09-23T02:08:16.433+0000] {ssh.py:524} INFO - 24/09/23 02:08:16 INFO TaskSetManager: Starting task 1.0 in stage 0.0 (TID 1) (spark-master, executor driver, partition 1, PROCESS_LOCAL, 4433 bytes) taskResourceAssignments Map()
[2024-09-23T02:08:16.439+0000] {ssh.py:524} INFO - 24/09/23 02:08:16 INFO TaskSetManager: Starting task 2.0 in stage 0.0 (TID 2) (spark-master, executor driver, partition 2, PROCESS_LOCAL, 4433 bytes) taskResourceAssignments Map()
[2024-09-23T02:08:16.443+0000] {ssh.py:524} INFO - 24/09/23 02:08:16 INFO TaskSetManager: Starting task 3.0 in stage 0.0 (TID 3) (spark-master, executor driver, partition 3, PROCESS_LOCAL, 4433 bytes) taskResourceAssignments Map()
[2024-09-23T02:08:16.444+0000] {ssh.py:524} INFO - 24/09/23 02:08:16 INFO TaskSetManager: Starting task 4.0 in stage 0.0 (TID 4) (spark-master, executor driver, partition 4, PROCESS_LOCAL, 4433 bytes) taskResourceAssignments Map()
[2024-09-23T02:08:16.467+0000] {ssh.py:524} INFO - 24/09/23 02:08:16 INFO TaskSetManager: Starting task 5.0 in stage 0.0 (TID 5) (spark-master, executor driver, partition 5, PROCESS_LOCAL, 4433 bytes) taskResourceAssignments Map()
[2024-09-23T02:08:16.468+0000] {ssh.py:524} INFO - 24/09/23 02:08:16 INFO TaskSetManager: Starting task 6.0 in stage 0.0 (TID 6) (spark-master, executor driver, partition 6, PROCESS_LOCAL, 4433 bytes) taskResourceAssignments Map()
[2024-09-23T02:08:16.468+0000] {ssh.py:524} INFO - 24/09/23 02:08:16 INFO TaskSetManager: Starting task 7.0 in stage 0.0 (TID 7) (spark-master, executor driver, partition 7, PROCESS_LOCAL, 4433 bytes) taskResourceAssignments Map()
[2024-09-23T02:08:16.469+0000] {ssh.py:524} INFO - 24/09/23 02:08:16 INFO TaskSetManager: Starting task 8.0 in stage 0.0 (TID 8) (spark-master, executor driver, partition 8, PROCESS_LOCAL, 4433 bytes) taskResourceAssignments Map()
[2024-09-23T02:08:16.469+0000] {ssh.py:524} INFO - 24/09/23 02:08:16 INFO TaskSetManager: Starting task 9.0 in stage 0.0 (TID 9) (spark-master, executor driver, partition 9, PROCESS_LOCAL, 4433 bytes) taskResourceAssignments Map()
[2024-09-23T02:08:16.469+0000] {ssh.py:524} INFO - 24/09/23 02:08:16 INFO TaskSetManager: Starting task 10.0 in stage 0.0 (TID 10) (spark-master, executor driver, partition 10, PROCESS_LOCAL, 4433 bytes) taskResourceAssignments Map()
[2024-09-23T02:08:16.470+0000] {ssh.py:524} INFO - 24/09/23 02:08:16 INFO TaskSetManager: Starting task 11.0 in stage 0.0 (TID 11) (spark-master, executor driver, partition 11, PROCESS_LOCAL, 267242 bytes) taskResourceAssignments Map()
[2024-09-23T02:08:16.485+0000] {ssh.py:524} INFO - 24/09/23 02:08:16 INFO Executor: Running task 0.0 in stage 0.0 (TID 0)
[2024-09-23T02:08:16.496+0000] {ssh.py:524} INFO - 24/09/23 02:08:16 INFO Executor: Running task 1.0 in stage 0.0 (TID 1)
[2024-09-23T02:08:16.506+0000] {ssh.py:524} INFO - 24/09/23 02:08:16 INFO Executor: Running task 2.0 in stage 0.0 (TID 2)
[2024-09-23T02:08:16.507+0000] {ssh.py:524} INFO - 24/09/23 02:08:16 INFO Executor: Running task 3.0 in stage 0.0 (TID 3)
[2024-09-23T02:08:16.547+0000] {ssh.py:524} INFO - 24/09/23 02:08:16 INFO Executor: Running task 4.0 in stage 0.0 (TID 4)
[2024-09-23T02:08:16.550+0000] {ssh.py:524} INFO - 24/09/23 02:08:16 INFO Executor: Running task 5.0 in stage 0.0 (TID 5)
[2024-09-23T02:08:16.551+0000] {ssh.py:524} INFO - 24/09/23 02:08:16 INFO Executor: Running task 6.0 in stage 0.0 (TID 6)
[2024-09-23T02:08:16.553+0000] {ssh.py:524} INFO - 24/09/23 02:08:16 INFO Executor: Running task 7.0 in stage 0.0 (TID 7)
[2024-09-23T02:08:16.566+0000] {ssh.py:524} INFO - 24/09/23 02:08:16 INFO Executor: Running task 9.0 in stage 0.0 (TID 9)
[2024-09-23T02:08:16.570+0000] {ssh.py:524} INFO - 24/09/23 02:08:16 INFO Executor: Running task 8.0 in stage 0.0 (TID 8)
[2024-09-23T02:08:16.585+0000] {ssh.py:524} INFO - 24/09/23 02:08:16 INFO Executor: Running task 10.0 in stage 0.0 (TID 10)
[2024-09-23T02:08:16.624+0000] {ssh.py:524} INFO - 24/09/23 02:08:16 INFO Executor: Running task 11.0 in stage 0.0 (TID 11)
[2024-09-23T02:08:17.356+0000] {ssh.py:524} INFO - 24/09/23 02:08:17 WARN AbstractS3ACommitterFactory: Using standard FileOutputCommitter to commit work. This is slow and potentially unsafe.
[2024-09-23T02:08:17.357+0000] {ssh.py:524} INFO - 24/09/23 02:08:17 WARN AbstractS3ACommitterFactory: Using standard FileOutputCommitter to commit work. This is slow and potentially unsafe.
[2024-09-23T02:08:17.368+0000] {ssh.py:524} INFO - 24/09/23 02:08:17 INFO FileOutputCommitter: File Output Committer Algorithm version is 1
[2024-09-23T02:08:17.369+0000] {ssh.py:524} INFO - 24/09/23 02:08:17 INFO FileOutputCommitter: File Output Committer Algorithm version is 1
[2024-09-23T02:08:17.369+0000] {ssh.py:524} INFO - 24/09/23 02:08:17 INFO FileOutputCommitter: FileOutputCommitter skip cleanup _temporary folders under output directory:false, ignore cleanup failures: false
[2024-09-23T02:08:17.370+0000] {ssh.py:524} INFO - 24/09/23 02:08:17 INFO FileOutputCommitter: FileOutputCommitter skip cleanup _temporary folders under output directory:false, ignore cleanup failures: false
[2024-09-23T02:08:17.370+0000] {ssh.py:524} INFO - 24/09/23 02:08:17 WARN AbstractS3ACommitterFactory: Using standard FileOutputCommitter to commit work. This is slow and potentially unsafe.
[2024-09-23T02:08:17.371+0000] {ssh.py:524} INFO - 24/09/23 02:08:17 INFO FileOutputCommitter: File Output Committer Algorithm version is 1
[2024-09-23T02:08:17.371+0000] {ssh.py:524} INFO - 24/09/23 02:08:17 INFO FileOutputCommitter: FileOutputCommitter skip cleanup _temporary folders under output directory:false, ignore cleanup failures: false
[2024-09-23T02:08:17.372+0000] {ssh.py:524} INFO - 24/09/23 02:08:17 INFO AbstractS3ACommitterFactory: Using Committer FileOutputCommitter{PathOutputCommitter{context=TaskAttemptContextImpl{JobContextImpl{jobId=job_202409230208163857748391377195210_0000}; taskId=attempt_202409230208163857748391377195210_0000_m_000002_2, status=''}; org.apache.hadoop.mapreduce.lib.output.FileOutputCommitter@4b09aa7c}; outputPath=s3a://raw/olhovivo/posicao/dt=2024-09-23, workPath=s3a://raw/olhovivo/posicao/dt=2024-09-23/_temporary/0/_temporary/attempt_202409230208163857748391377195210_0000_m_000002_2, algorithmVersion=1, skipCleanup=false, ignoreCleanupFailures=false} for s3a://raw/olhovivo/posicao/dt=2024-09-23
[2024-09-23T02:08:17.373+0000] {ssh.py:524} INFO - 24/09/23 02:08:17 INFO AbstractS3ACommitterFactory: Using Committer FileOutputCommitter{PathOutputCommitter{context=TaskAttemptContextImpl{JobContextImpl{jobId=job_2024092302081611364581376069208_0000}; taskId=attempt_2024092302081611364581376069208_0000_m_000011_11, status=''}; org.apache.hadoop.mapreduce.lib.output.FileOutputCommitter@501c9081}; outputPath=s3a://raw/olhovivo/posicao/dt=2024-09-23, workPath=s3a://raw/olhovivo/posicao/dt=2024-09-23/_temporary/0/_temporary/attempt_2024092302081611364581376069208_0000_m_000011_11, algorithmVersion=1, skipCleanup=false, ignoreCleanupFailures=false} for s3a://raw/olhovivo/posicao/dt=2024-09-23
[2024-09-23T02:08:17.373+0000] {ssh.py:524} INFO - 24/09/23 02:08:17 INFO AbstractS3ACommitterFactory: Using Committer FileOutputCommitter{PathOutputCommitter{context=TaskAttemptContextImpl{JobContextImpl{jobId=job_202409230208165206481590822635816_0000}; taskId=attempt_202409230208165206481590822635816_0000_m_000008_8, status=''}; org.apache.hadoop.mapreduce.lib.output.FileOutputCommitter@79d2729d}; outputPath=s3a://raw/olhovivo/posicao/dt=2024-09-23, workPath=s3a://raw/olhovivo/posicao/dt=2024-09-23/_temporary/0/_temporary/attempt_202409230208165206481590822635816_0000_m_000008_8, algorithmVersion=1, skipCleanup=false, ignoreCleanupFailures=false} for s3a://raw/olhovivo/posicao/dt=2024-09-23
[2024-09-23T02:08:17.374+0000] {ssh.py:524} INFO - 24/09/23 02:08:17 INFO SQLHadoopMapReduceCommitProtocol: Using output committer class org.apache.hadoop.mapreduce.lib.output.FileOutputCommitter
[2024-09-23T02:08:17.375+0000] {ssh.py:524} INFO - 24/09/23 02:08:17 INFO SQLHadoopMapReduceCommitProtocol: Using output committer class org.apache.hadoop.mapreduce.lib.output.FileOutputCommitter
[2024-09-23T02:08:17.376+0000] {ssh.py:524} INFO - 24/09/23 02:08:17 INFO SQLHadoopMapReduceCommitProtocol: Using output committer class org.apache.hadoop.mapreduce.lib.output.FileOutputCommitter
[2024-09-23T02:08:17.379+0000] {ssh.py:524} INFO - 24/09/23 02:08:17 WARN AbstractS3ACommitterFactory: Using standard FileOutputCommitter to commit work. This is slow and potentially unsafe.
[2024-09-23T02:08:17.379+0000] {ssh.py:524} INFO - 24/09/23 02:08:17 INFO FileOutputCommitter: File Output Committer Algorithm version is 1
[2024-09-23T02:08:17.381+0000] {ssh.py:524} INFO - 24/09/23 02:08:17 INFO FileOutputCommitter: FileOutputCommitter skip cleanup _temporary folders under output directory:false, ignore cleanup failures: false
[2024-09-23T02:08:17.382+0000] {ssh.py:524} INFO - 24/09/23 02:08:17 INFO AbstractS3ACommitterFactory: Using Committer FileOutputCommitter{PathOutputCommitter{context=TaskAttemptContextImpl{JobContextImpl{jobId=job_202409230208167621476412891168829_0000}; taskId=attempt_202409230208167621476412891168829_0000_m_000004_4, status=''}; org.apache.hadoop.mapreduce.lib.output.FileOutputCommitter@3ab4f636}; outputPath=s3a://raw/olhovivo/posicao/dt=2024-09-23, workPath=s3a://raw/olhovivo/posicao/dt=2024-09-23/_temporary/0/_temporary/attempt_202409230208167621476412891168829_0000_m_000004_4, algorithmVersion=1, skipCleanup=false, ignoreCleanupFailures=false} for s3a://raw/olhovivo/posicao/dt=2024-09-23
[2024-09-23T02:08:17.383+0000] {ssh.py:524} INFO - 24/09/23 02:08:17 INFO SQLHadoopMapReduceCommitProtocol: Using output committer class org.apache.hadoop.mapreduce.lib.output.FileOutputCommitter
[2024-09-23T02:08:17.407+0000] {ssh.py:524} INFO - 24/09/23 02:08:17 WARN AbstractS3ACommitterFactory: Using standard FileOutputCommitter to commit work. This is slow and potentially unsafe.
[2024-09-23T02:08:17.408+0000] {ssh.py:524} INFO - 24/09/23 02:08:17 INFO FileOutputCommitter: File Output Committer Algorithm version is 1
[2024-09-23T02:08:17.408+0000] {ssh.py:524} INFO - 24/09/23 02:08:17 INFO FileOutputCommitter: FileOutputCommitter skip cleanup _temporary folders under output directory:false, ignore cleanup failures: false
[2024-09-23T02:08:17.409+0000] {ssh.py:524} INFO - 24/09/23 02:08:17 INFO AbstractS3ACommitterFactory: Using Committer FileOutputCommitter{PathOutputCommitter{context=TaskAttemptContextImpl{JobContextImpl{jobId=job_202409230208161118704611660457748_0000}; taskId=attempt_202409230208161118704611660457748_0000_m_000005_5, status=''}; org.apache.hadoop.mapreduce.lib.output.FileOutputCommitter@28d8d0ce}; outputPath=s3a://raw/olhovivo/posicao/dt=2024-09-23, workPath=s3a://raw/olhovivo/posicao/dt=2024-09-23/_temporary/0/_temporary/attempt_202409230208161118704611660457748_0000_m_000005_5, algorithmVersion=1, skipCleanup=false, ignoreCleanupFailures=false} for s3a://raw/olhovivo/posicao/dt=2024-09-23
[2024-09-23T02:08:17.409+0000] {ssh.py:524} INFO - 24/09/23 02:08:17 INFO SQLHadoopMapReduceCommitProtocol: Using output committer class org.apache.hadoop.mapreduce.lib.output.FileOutputCommitter
[2024-09-23T02:08:17.418+0000] {ssh.py:524} INFO - 24/09/23 02:08:17 WARN AbstractS3ACommitterFactory: Using standard FileOutputCommitter to commit work. This is slow and potentially unsafe.
[2024-09-23T02:08:17.419+0000] {ssh.py:524} INFO - 24/09/23 02:08:17 INFO FileOutputCommitter: File Output Committer Algorithm version is 1
[2024-09-23T02:08:17.419+0000] {ssh.py:524} INFO - 24/09/23 02:08:17 INFO FileOutputCommitter: FileOutputCommitter skip cleanup _temporary folders under output directory:false, ignore cleanup failures: false
[2024-09-23T02:08:17.420+0000] {ssh.py:524} INFO - 24/09/23 02:08:17 INFO AbstractS3ACommitterFactory: Using Committer FileOutputCommitter{PathOutputCommitter{context=TaskAttemptContextImpl{JobContextImpl{jobId=job_20240923020816610329906499802201_0000}; taskId=attempt_20240923020816610329906499802201_0000_m_000001_1, status=''}; org.apache.hadoop.mapreduce.lib.output.FileOutputCommitter@557057c}; outputPath=s3a://raw/olhovivo/posicao/dt=2024-09-23, workPath=s3a://raw/olhovivo/posicao/dt=2024-09-23/_temporary/0/_temporary/attempt_20240923020816610329906499802201_0000_m_000001_1, algorithmVersion=1, skipCleanup=false, ignoreCleanupFailures=false} for s3a://raw/olhovivo/posicao/dt=2024-09-23
[2024-09-23T02:08:17.420+0000] {ssh.py:524} INFO - 24/09/23 02:08:17 INFO SQLHadoopMapReduceCommitProtocol: Using output committer class org.apache.hadoop.mapreduce.lib.output.FileOutputCommitter
[2024-09-23T02:08:17.437+0000] {ssh.py:524} INFO - 24/09/23 02:08:17 WARN AbstractS3ACommitterFactory: Using standard FileOutputCommitter to commit work. This is slow and potentially unsafe.
[2024-09-23T02:08:17.441+0000] {ssh.py:524} INFO - 24/09/23 02:08:17 INFO PythonRunner: Times: total = 583, boot = 485, init = 98, finish = 0
[2024-09-23T02:08:17.456+0000] {ssh.py:524} INFO - 24/09/23 02:08:17 INFO PythonRunner: Times: total = 625, boot = 516, init = 109, finish = 0
[2024-09-23T02:08:17.464+0000] {ssh.py:524} INFO - 24/09/23 02:08:17 INFO PythonRunner: Times: total = 603, boot = 506, init = 97, finish = 0
[2024-09-23T02:08:17.470+0000] {ssh.py:524} INFO - 24/09/23 02:08:17 WARN AbstractS3ACommitterFactory: Using standard FileOutputCommitter to commit work. This is slow and potentially unsafe.
[2024-09-23T02:08:17.470+0000] {ssh.py:524} INFO - 24/09/23 02:08:17 INFO FileOutputCommitter: File Output Committer Algorithm version is 1
[2024-09-23T02:08:17.471+0000] {ssh.py:524} INFO - 24/09/23 02:08:17 INFO FileOutputCommitter: FileOutputCommitter skip cleanup _temporary folders under output directory:false, ignore cleanup failures: false
[2024-09-23T02:08:17.471+0000] {ssh.py:524} INFO - 24/09/23 02:08:17 INFO AbstractS3ACommitterFactory: Using Committer FileOutputCommitter{PathOutputCommitter{context=TaskAttemptContextImpl{JobContextImpl{jobId=job_202409230208162819807068090400292_0000}; taskId=attempt_202409230208162819807068090400292_0000_m_000006_6, status=''}; org.apache.hadoop.mapreduce.lib.output.FileOutputCommitter@23f51b42}; outputPath=s3a://raw/olhovivo/posicao/dt=2024-09-23, workPath=s3a://raw/olhovivo/posicao/dt=2024-09-23/_temporary/0/_temporary/attempt_202409230208162819807068090400292_0000_m_000006_6, algorithmVersion=1, skipCleanup=false, ignoreCleanupFailures=false} for s3a://raw/olhovivo/posicao/dt=2024-09-23
[2024-09-23T02:08:17.472+0000] {ssh.py:524} INFO - 24/09/23 02:08:17 INFO FileOutputCommitter: File Output Committer Algorithm version is 1
[2024-09-23T02:08:17.472+0000] {ssh.py:524} INFO - 24/09/23 02:08:17 INFO SQLHadoopMapReduceCommitProtocol: Using output committer class org.apache.hadoop.mapreduce.lib.output.FileOutputCommitter
[2024-09-23T02:08:17.472+0000] {ssh.py:524} INFO - 24/09/23 02:08:17 INFO FileOutputCommitter: FileOutputCommitter skip cleanup _temporary folders under output directory:false, ignore cleanup failures: false
[2024-09-23T02:08:17.473+0000] {ssh.py:524} INFO - 24/09/23 02:08:17 INFO AbstractS3ACommitterFactory: Using Committer FileOutputCommitter{PathOutputCommitter{context=TaskAttemptContextImpl{JobContextImpl{jobId=job_202409230208164641293169294715656_0000}; taskId=attempt_202409230208164641293169294715656_0000_m_000003_3, status=''}; org.apache.hadoop.mapreduce.lib.output.FileOutputCommitter@6c700500}; outputPath=s3a://raw/olhovivo/posicao/dt=2024-09-23, workPath=s3a://raw/olhovivo/posicao/dt=2024-09-23/_temporary/0/_temporary/attempt_202409230208164641293169294715656_0000_m_000003_3, algorithmVersion=1, skipCleanup=false, ignoreCleanupFailures=false} for s3a://raw/olhovivo/posicao/dt=2024-09-23
[2024-09-23T02:08:17.473+0000] {ssh.py:524} INFO - 24/09/23 02:08:17 INFO SQLHadoopMapReduceCommitProtocol: Using output committer class org.apache.hadoop.mapreduce.lib.output.FileOutputCommitter
[2024-09-23T02:08:17.473+0000] {ssh.py:524} INFO - 24/09/23 02:08:17 WARN AbstractS3ACommitterFactory: Using standard FileOutputCommitter to commit work. This is slow and potentially unsafe.
[2024-09-23T02:08:17.473+0000] {ssh.py:524} INFO - 24/09/23 02:08:17 INFO FileOutputCommitter: File Output Committer Algorithm version is 1
[2024-09-23T02:08:17.474+0000] {ssh.py:524} INFO - 24/09/23 02:08:17 INFO FileOutputCommitter: FileOutputCommitter skip cleanup _temporary folders under output directory:false, ignore cleanup failures: false
[2024-09-23T02:08:17.474+0000] {ssh.py:524} INFO - 24/09/23 02:08:17 INFO AbstractS3ACommitterFactory: Using Committer FileOutputCommitter{PathOutputCommitter{context=TaskAttemptContextImpl{JobContextImpl{jobId=job_202409230208163966937751495178037_0000}; taskId=attempt_202409230208163966937751495178037_0000_m_000009_9, status=''}; org.apache.hadoop.mapreduce.lib.output.FileOutputCommitter@6c64db4c}; outputPath=s3a://raw/olhovivo/posicao/dt=2024-09-23, workPath=s3a://raw/olhovivo/posicao/dt=2024-09-23/_temporary/0/_temporary/attempt_202409230208163966937751495178037_0000_m_000009_9, algorithmVersion=1, skipCleanup=false, ignoreCleanupFailures=false} for s3a://raw/olhovivo/posicao/dt=2024-09-23
[2024-09-23T02:08:17.475+0000] {ssh.py:524} INFO - 24/09/23 02:08:17 INFO SQLHadoopMapReduceCommitProtocol: Using output committer class org.apache.hadoop.mapreduce.lib.output.FileOutputCommitter
[2024-09-23T02:08:17.479+0000] {ssh.py:524} INFO - 24/09/23 02:08:17 INFO SparkHadoopMapRedUtil: No need to commit output of task because needsTaskCommit=false: attempt_202409230208163857748391377195210_0000_m_000002_2
[2024-09-23T02:08:17.481+0000] {ssh.py:524} INFO - 24/09/23 02:08:17 WARN AbstractS3ACommitterFactory: Using standard FileOutputCommitter to commit work. This is slow and potentially unsafe.
[2024-09-23T02:08:17.481+0000] {ssh.py:524} INFO - 24/09/23 02:08:17 INFO FileOutputCommitter: File Output Committer Algorithm version is 1
[2024-09-23T02:08:17.482+0000] {ssh.py:524} INFO - 24/09/23 02:08:17 INFO FileOutputCommitter: FileOutputCommitter skip cleanup _temporary folders under output directory:false, ignore cleanup failures: false
[2024-09-23T02:08:17.482+0000] {ssh.py:524} INFO - 24/09/23 02:08:17 INFO AbstractS3ACommitterFactory: Using Committer FileOutputCommitter{PathOutputCommitter{context=TaskAttemptContextImpl{JobContextImpl{jobId=job_202409230208163919408953203942624_0000}; taskId=attempt_202409230208163919408953203942624_0000_m_000010_10, status=''}; org.apache.hadoop.mapreduce.lib.output.FileOutputCommitter@360edc13}; outputPath=s3a://raw/olhovivo/posicao/dt=2024-09-23, workPath=s3a://raw/olhovivo/posicao/dt=2024-09-23/_temporary/0/_temporary/attempt_202409230208163919408953203942624_0000_m_000010_10, algorithmVersion=1, skipCleanup=false, ignoreCleanupFailures=false} for s3a://raw/olhovivo/posicao/dt=2024-09-23
[2024-09-23T02:08:17.482+0000] {ssh.py:524} INFO - 24/09/23 02:08:17 INFO SQLHadoopMapReduceCommitProtocol: Using output committer class org.apache.hadoop.mapreduce.lib.output.FileOutputCommitter
[2024-09-23T02:08:17.487+0000] {ssh.py:524} INFO - 24/09/23 02:08:17 INFO SparkHadoopMapRedUtil: No need to commit output of task because needsTaskCommit=false: attempt_202409230208167621476412891168829_0000_m_000004_4
[2024-09-23T02:08:17.490+0000] {ssh.py:524} INFO - 24/09/23 02:08:17 WARN AbstractS3ACommitterFactory: Using standard FileOutputCommitter to commit work. This is slow and potentially unsafe.
[2024-09-23T02:08:17.490+0000] {ssh.py:524} INFO - 24/09/23 02:08:17 INFO FileOutputCommitter: File Output Committer Algorithm version is 1
[2024-09-23T02:08:17.507+0000] {ssh.py:524} INFO - 24/09/23 02:08:17 WARN AbstractS3ACommitterFactory: Using standard FileOutputCommitter to commit work. This is slow and potentially unsafe.
[2024-09-23T02:08:17.508+0000] {ssh.py:524} INFO - 24/09/23 02:08:17 INFO FileOutputCommitter: File Output Committer Algorithm version is 1
[2024-09-23T02:08:17.508+0000] {ssh.py:524} INFO - 24/09/23 02:08:17 INFO FileOutputCommitter: FileOutputCommitter skip cleanup _temporary folders under output directory:false, ignore cleanup failures: false
[2024-09-23T02:08:17.509+0000] {ssh.py:524} INFO - 24/09/23 02:08:17 INFO AbstractS3ACommitterFactory: Using Committer FileOutputCommitter{PathOutputCommitter{context=TaskAttemptContextImpl{JobContextImpl{jobId=job_202409230208164423560390057727606_0000}; taskId=attempt_202409230208164423560390057727606_0000_m_000007_7, status=''}; org.apache.hadoop.mapreduce.lib.output.FileOutputCommitter@aa58cd2}; outputPath=s3a://raw/olhovivo/posicao/dt=2024-09-23, workPath=s3a://raw/olhovivo/posicao/dt=2024-09-23/_temporary/0/_temporary/attempt_202409230208164423560390057727606_0000_m_000007_7, algorithmVersion=1, skipCleanup=false, ignoreCleanupFailures=false} for s3a://raw/olhovivo/posicao/dt=2024-09-23
[2024-09-23T02:08:17.509+0000] {ssh.py:524} INFO - 24/09/23 02:08:17 INFO SQLHadoopMapReduceCommitProtocol: Using output committer class org.apache.hadoop.mapreduce.lib.output.FileOutputCommitter
[2024-09-23T02:08:17.514+0000] {ssh.py:524} INFO - 24/09/23 02:08:17 INFO SparkHadoopMapRedUtil: No need to commit output of task because needsTaskCommit=false: attempt_202409230208165206481590822635816_0000_m_000008_8
[2024-09-23T02:08:17.516+0000] {ssh.py:524} INFO - 24/09/23 02:08:17 INFO FileOutputCommitter: FileOutputCommitter skip cleanup _temporary folders under output directory:false, ignore cleanup failures: false
[2024-09-23T02:08:17.516+0000] {ssh.py:524} INFO - 24/09/23 02:08:17 INFO AbstractS3ACommitterFactory: Using Committer FileOutputCommitter{PathOutputCommitter{context=TaskAttemptContextImpl{JobContextImpl{jobId=job_202409230208161022833549243806634_0000}; taskId=attempt_202409230208161022833549243806634_0000_m_000000_0, status=''}; org.apache.hadoop.mapreduce.lib.output.FileOutputCommitter@51faa2ba}; outputPath=s3a://raw/olhovivo/posicao/dt=2024-09-23, workPath=s3a://raw/olhovivo/posicao/dt=2024-09-23/_temporary/0/_temporary/attempt_202409230208161022833549243806634_0000_m_000000_0, algorithmVersion=1, skipCleanup=false, ignoreCleanupFailures=false} for s3a://raw/olhovivo/posicao/dt=2024-09-23
[2024-09-23T02:08:17.516+0000] {ssh.py:524} INFO - 24/09/23 02:08:17 INFO SQLHadoopMapReduceCommitProtocol: Using output committer class org.apache.hadoop.mapreduce.lib.output.FileOutputCommitter
[2024-09-23T02:08:17.521+0000] {ssh.py:524} INFO - 24/09/23 02:08:17 INFO PythonRunner: Times: total = 686, boot = 530, init = 156, finish = 0
[2024-09-23T02:08:17.529+0000] {ssh.py:524} INFO - 24/09/23 02:08:17 INFO PythonRunner: Times: total = 693, boot = 581, init = 112, finish = 0
[2024-09-23T02:08:17.531+0000] {ssh.py:524} INFO - 24/09/23 02:08:17 INFO SparkHadoopMapRedUtil: No need to commit output of task because needsTaskCommit=false: attempt_20240923020816610329906499802201_0000_m_000001_1
[2024-09-23T02:08:17.532+0000] {ssh.py:524} INFO - 24/09/23 02:08:17 INFO Executor: Finished task 4.0 in stage 0.0 (TID 4). 2828 bytes result sent to driver
[2024-09-23T02:08:17.533+0000] {ssh.py:524} INFO - 24/09/23 02:08:17 INFO Executor: Finished task 8.0 in stage 0.0 (TID 8). 2828 bytes result sent to driver
[2024-09-23T02:08:17.535+0000] {ssh.py:524} INFO - 24/09/23 02:08:17 INFO Executor: Finished task 1.0 in stage 0.0 (TID 1). 2828 bytes result sent to driver
[2024-09-23T02:08:17.538+0000] {ssh.py:524} INFO - 24/09/23 02:08:17 INFO Executor: Finished task 2.0 in stage 0.0 (TID 2). 2871 bytes result sent to driver
[2024-09-23T02:08:17.538+0000] {ssh.py:524} INFO - 24/09/23 02:08:17 INFO PythonRunner: Times: total = 702, boot = 528, init = 174, finish = 0
[2024-09-23T02:08:17.541+0000] {ssh.py:524} INFO - 24/09/23 02:08:17 INFO SparkHadoopMapRedUtil: No need to commit output of task because needsTaskCommit=false: attempt_202409230208163966937751495178037_0000_m_000009_9
[2024-09-23T02:08:17.543+0000] {ssh.py:524} INFO - 24/09/23 02:08:17 INFO Executor: Finished task 9.0 in stage 0.0 (TID 9). 2785 bytes result sent to driver
[2024-09-23T02:08:17.548+0000] {ssh.py:524} INFO - 24/09/23 02:08:17 INFO SparkHadoopMapRedUtil: No need to commit output of task because needsTaskCommit=false: attempt_202409230208161118704611660457748_0000_m_000005_5
[2024-09-23T02:08:17.551+0000] {ssh.py:524} INFO - 24/09/23 02:08:17 INFO Executor: Finished task 5.0 in stage 0.0 (TID 5). 2785 bytes result sent to driver
[2024-09-23T02:08:17.560+0000] {ssh.py:524} INFO - 24/09/23 02:08:17 INFO PythonRunner: Times: total = 723, boot = 555, init = 168, finish = 0
[2024-09-23T02:08:17.569+0000] {ssh.py:524} INFO - 24/09/23 02:08:17 INFO PythonRunner: Times: total = 732, boot = 526, init = 206, finish = 0
[2024-09-23T02:08:17.574+0000] {ssh.py:524} INFO - 24/09/23 02:08:17 INFO SparkHadoopMapRedUtil: No need to commit output of task because needsTaskCommit=false: attempt_202409230208163919408953203942624_0000_m_000010_10
[2024-09-23T02:08:17.584+0000] {ssh.py:524} INFO - 24/09/23 02:08:17 INFO Executor: Finished task 10.0 in stage 0.0 (TID 10). 2785 bytes result sent to driver
[2024-09-23T02:08:17.587+0000] {ssh.py:524} INFO - 24/09/23 02:08:17 INFO TaskSetManager: Finished task 8.0 in stage 0.0 (TID 8) in 1122 ms on spark-master (executor driver) (1/12)
[2024-09-23T02:08:17.588+0000] {ssh.py:524} INFO - 24/09/23 02:08:17 INFO SparkHadoopMapRedUtil: No need to commit output of task because needsTaskCommit=false: attempt_202409230208164641293169294715656_0000_m_000003_3
[2024-09-23T02:08:17.591+0000] {ssh.py:524} INFO - 24/09/23 02:08:17 INFO TaskSetManager: Finished task 9.0 in stage 0.0 (TID 9) in 1125 ms on spark-master (executor driver) (2/12)
[2024-09-23T02:08:17.593+0000] {ssh.py:524} INFO - 24/09/23 02:08:17 INFO TaskSetManager: Finished task 2.0 in stage 0.0 (TID 2) in 1153 ms on spark-master (executor driver) (3/12)
[2024-09-23T02:08:17.594+0000] {ssh.py:524} INFO - 24/09/23 02:08:17 INFO TaskSetManager: Finished task 5.0 in stage 0.0 (TID 5) in 1139 ms on spark-master (executor driver) (4/12)
[2024-09-23T02:08:17.596+0000] {ssh.py:524} INFO - 24/09/23 02:08:17 INFO Executor: Finished task 3.0 in stage 0.0 (TID 3). 2828 bytes result sent to driver
[2024-09-23T02:08:17.597+0000] {ssh.py:524} INFO - 24/09/23 02:08:17 INFO TaskSetManager: Finished task 10.0 in stage 0.0 (TID 10) in 1128 ms on spark-master (executor driver) (5/12)
[2024-09-23T02:08:17.598+0000] {ssh.py:524} INFO - 24/09/23 02:08:17 INFO TaskSetManager: Finished task 1.0 in stage 0.0 (TID 1) in 1162 ms on spark-master (executor driver) (6/12)
[2024-09-23T02:08:17.598+0000] {ssh.py:524} INFO - 24/09/23 02:08:17 INFO TaskSetManager: Finished task 4.0 in stage 0.0 (TID 4) in 1151 ms on spark-master (executor driver) (7/12)
[2024-09-23T02:08:17.598+0000] {ssh.py:524} INFO - 24/09/23 02:08:17 INFO PythonAccumulatorV2: Connected to AccumulatorServer at host: 127.0.0.1 port: 54965
[2024-09-23T02:08:17.599+0000] {ssh.py:524} INFO - 24/09/23 02:08:17 INFO TaskSetManager: Finished task 3.0 in stage 0.0 (TID 3) in 1155 ms on spark-master (executor driver) (8/12)
[2024-09-23T02:08:17.600+0000] {ssh.py:524} INFO - 24/09/23 02:08:17 INFO PythonRunner: Times: total = 764, boot = 552, init = 212, finish = 0
[2024-09-23T02:08:17.612+0000] {ssh.py:524} INFO - 24/09/23 02:08:17 INFO SparkHadoopMapRedUtil: No need to commit output of task because needsTaskCommit=false: attempt_202409230208162819807068090400292_0000_m_000006_6
[2024-09-23T02:08:17.617+0000] {ssh.py:524} INFO - 24/09/23 02:08:17 INFO Executor: Finished task 6.0 in stage 0.0 (TID 6). 2785 bytes result sent to driver
[2024-09-23T02:08:17.619+0000] {ssh.py:524} INFO - 24/09/23 02:08:17 INFO TaskSetManager: Finished task 6.0 in stage 0.0 (TID 6) in 1155 ms on spark-master (executor driver) (9/12)
[2024-09-23T02:08:17.622+0000] {ssh.py:524} INFO - 24/09/23 02:08:17 INFO PythonRunner: Times: total = 790, boot = 618, init = 172, finish = 0
[2024-09-23T02:08:17.631+0000] {ssh.py:524} INFO - 24/09/23 02:08:17 INFO SparkHadoopMapRedUtil: No need to commit output of task because needsTaskCommit=false: attempt_202409230208164423560390057727606_0000_m_000007_7
[2024-09-23T02:08:17.634+0000] {ssh.py:524} INFO - 24/09/23 02:08:17 INFO Executor: Finished task 7.0 in stage 0.0 (TID 7). 2785 bytes result sent to driver
[2024-09-23T02:08:17.636+0000] {ssh.py:524} INFO - 24/09/23 02:08:17 INFO TaskSetManager: Finished task 7.0 in stage 0.0 (TID 7) in 1171 ms on spark-master (executor driver) (10/12)
[2024-09-23T02:08:17.643+0000] {ssh.py:524} INFO - 24/09/23 02:08:17 INFO PythonRunner: Times: total = 753, boot = 615, init = 138, finish = 0
[2024-09-23T02:08:17.766+0000] {ssh.py:524} INFO - 24/09/23 02:08:17 INFO PythonRunner: Times: total = 611, boot = 501, init = 101, finish = 9
[2024-09-23T02:08:17.816+0000] {ssh.py:524} INFO - 24/09/23 02:08:17 INFO FileOutputCommitter: Saved output of task 'attempt_202409230208161022833549243806634_0000_m_000000_0' to s3a://raw/olhovivo/posicao/dt=2024-09-23/_temporary/0/task_202409230208161022833549243806634_0000_m_000000
[2024-09-23T02:08:17.816+0000] {ssh.py:524} INFO - 24/09/23 02:08:17 INFO SparkHadoopMapRedUtil: attempt_202409230208161022833549243806634_0000_m_000000_0: Committed. Elapsed time: 111 ms.
[2024-09-23T02:08:17.818+0000] {ssh.py:524} INFO - 24/09/23 02:08:17 INFO Executor: Finished task 0.0 in stage 0.0 (TID 0). 2828 bytes result sent to driver
[2024-09-23T02:08:17.820+0000] {ssh.py:524} INFO - 24/09/23 02:08:17 INFO TaskSetManager: Finished task 0.0 in stage 0.0 (TID 0) in 1406 ms on spark-master (executor driver) (11/12)
[2024-09-23T02:08:17.967+0000] {ssh.py:524} INFO - 24/09/23 02:08:17 INFO FileOutputCommitter: Saved output of task 'attempt_2024092302081611364581376069208_0000_m_000011_11' to s3a://raw/olhovivo/posicao/dt=2024-09-23/_temporary/0/task_2024092302081611364581376069208_0000_m_000011
[2024-09-23T02:08:17.968+0000] {ssh.py:524} INFO - 24/09/23 02:08:17 INFO SparkHadoopMapRedUtil: attempt_2024092302081611364581376069208_0000_m_000011_11: Committed. Elapsed time: 110 ms.
[2024-09-23T02:08:17.971+0000] {ssh.py:524} INFO - 24/09/23 02:08:17 INFO Executor: Finished task 11.0 in stage 0.0 (TID 11). 2871 bytes result sent to driver
[2024-09-23T02:08:17.972+0000] {ssh.py:524} INFO - 24/09/23 02:08:17 INFO TaskSetManager: Finished task 11.0 in stage 0.0 (TID 11) in 1505 ms on spark-master (executor driver) (12/12)
[2024-09-23T02:08:17.973+0000] {ssh.py:524} INFO - 24/09/23 02:08:17 INFO TaskSchedulerImpl: Removed TaskSet 0.0, whose tasks have all completed, from pool 
[2024-09-23T02:08:17.975+0000] {ssh.py:524} INFO - 24/09/23 02:08:17 INFO DAGScheduler: ResultStage 0 (save at NativeMethodAccessorImpl.java:0) finished in 1.715 s
[2024-09-23T02:08:17.978+0000] {ssh.py:524} INFO - 24/09/23 02:08:17 INFO DAGScheduler: Job 0 is finished. Cancelling potential speculative or zombie tasks for this job
[2024-09-23T02:08:17.979+0000] {ssh.py:524} INFO - 24/09/23 02:08:17 INFO TaskSchedulerImpl: Killing all running tasks in stage 0: Stage finished
[2024-09-23T02:08:17.982+0000] {ssh.py:524} INFO - 24/09/23 02:08:17 INFO DAGScheduler: Job 0 finished: save at NativeMethodAccessorImpl.java:0, took 1.748985 s
[2024-09-23T02:08:17.984+0000] {ssh.py:524} INFO - 24/09/23 02:08:17 INFO FileFormatWriter: Start to commit write Job fb72680b-691b-4320-8e57-ecc9f6d9632f.
[2024-09-23T02:08:18.191+0000] {ssh.py:524} INFO - 24/09/23 02:08:18 INFO FileFormatWriter: Write Job fb72680b-691b-4320-8e57-ecc9f6d9632f committed. Elapsed time: 206 ms.
[2024-09-23T02:08:18.194+0000] {ssh.py:524} INFO - 24/09/23 02:08:18 INFO FileFormatWriter: Finished processing stats for write job fb72680b-691b-4320-8e57-ecc9f6d9632f.
[2024-09-23T02:08:18.198+0000] {ssh.py:524} INFO - [DEBUG] Done.
[2024-09-23T02:08:18.231+0000] {ssh.py:524} INFO - 24/09/23 02:08:18 INFO SparkContext: Invoking stop() from shutdown hook
[2024-09-23T02:08:18.239+0000] {ssh.py:524} INFO - 24/09/23 02:08:18 INFO SparkUI: Stopped Spark web UI at http://spark-master:4041
[2024-09-23T02:08:18.255+0000] {ssh.py:524} INFO - 24/09/23 02:08:18 INFO MapOutputTrackerMasterEndpoint: MapOutputTrackerMasterEndpoint stopped!
[2024-09-23T02:08:18.268+0000] {ssh.py:524} INFO - 24/09/23 02:08:18 INFO MemoryStore: MemoryStore cleared
[2024-09-23T02:08:18.269+0000] {ssh.py:524} INFO - 24/09/23 02:08:18 INFO BlockManager: BlockManager stopped
[2024-09-23T02:08:18.273+0000] {ssh.py:524} INFO - 24/09/23 02:08:18 INFO BlockManagerMaster: BlockManagerMaster stopped
[2024-09-23T02:08:18.277+0000] {ssh.py:524} INFO - 24/09/23 02:08:18 INFO OutputCommitCoordinator$OutputCommitCoordinatorEndpoint: OutputCommitCoordinator stopped!
[2024-09-23T02:08:18.284+0000] {ssh.py:524} INFO - 24/09/23 02:08:18 INFO SparkContext: Successfully stopped SparkContext
[2024-09-23T02:08:18.284+0000] {ssh.py:524} INFO - 24/09/23 02:08:18 INFO ShutdownHookManager: Shutdown hook called
[2024-09-23T02:08:18.285+0000] {ssh.py:524} INFO - 24/09/23 02:08:18 INFO ShutdownHookManager: Deleting directory /tmp/spark-bf591fb5-285e-4063-9131-5bbc46906332/pyspark-7dada886-a5ef-4963-86b8-882e9891de5e
[2024-09-23T02:08:18.287+0000] {ssh.py:524} INFO - 24/09/23 02:08:18 INFO ShutdownHookManager: Deleting directory /tmp/spark-adc3b793-140e-4ef0-ac00-fd4f70e70253
[2024-09-23T02:08:18.290+0000] {ssh.py:524} INFO - 24/09/23 02:08:18 INFO ShutdownHookManager: Deleting directory /tmp/spark-bf591fb5-285e-4063-9131-5bbc46906332
[2024-09-23T02:08:18.295+0000] {ssh.py:524} INFO - 24/09/23 02:08:18 INFO MetricsSystemImpl: Stopping s3a-file-system metrics system...
[2024-09-23T02:08:18.296+0000] {ssh.py:524} INFO - 24/09/23 02:08:18 INFO MetricsSystemImpl: s3a-file-system metrics system stopped.
[2024-09-23T02:08:18.297+0000] {ssh.py:524} INFO - 24/09/23 02:08:18 INFO MetricsSystemImpl: s3a-file-system metrics system shutdown complete.
[2024-09-23T02:08:18.434+0000] {taskinstance.py:1400} INFO - Marking task as SUCCESS. dag_id=raw_ingestion_15min, task_id=spark_raw_ingestion_posicao, execution_date=20240923T020805, start_date=20240923T020807, end_date=20240923T020818
[2024-09-23T02:08:18.478+0000] {local_task_job_runner.py:228} INFO - Task exited with return code 0
[2024-09-23T02:08:18.516+0000] {taskinstance.py:2778} INFO - 1 downstream tasks scheduled from follow-on schedule check
