[2024-09-21T21:12:40.314+0000] {taskinstance.py:1159} INFO - Dependencies all met for dep_context=non-requeueable deps ti=<TaskInstance: raw_ingestion.spark_raw_ingestion_corredor manual__2024-09-21T21:12:39.276973+00:00 [queued]>
[2024-09-21T21:12:40.323+0000] {taskinstance.py:1159} INFO - Dependencies all met for dep_context=requeueable deps ti=<TaskInstance: raw_ingestion.spark_raw_ingestion_corredor manual__2024-09-21T21:12:39.276973+00:00 [queued]>
[2024-09-21T21:12:40.324+0000] {taskinstance.py:1361} INFO - Starting attempt 1 of 0
[2024-09-21T21:12:40.348+0000] {taskinstance.py:1382} INFO - Executing <Task(SSHOperator): spark_raw_ingestion_corredor> on 2024-09-21 21:12:39.276973+00:00
[2024-09-21T21:12:40.353+0000] {standard_task_runner.py:57} INFO - Started process 782 to run task
[2024-09-21T21:12:40.357+0000] {standard_task_runner.py:84} INFO - Running: ['airflow', 'tasks', 'run', 'raw_ingestion', 'spark_raw_ingestion_corredor', 'manual__2024-09-21T21:12:39.276973+00:00', '--job-id', '365', '--raw', '--subdir', 'DAGS_FOLDER/raw_ingestion.py', '--cfg-path', '/tmp/tmpvs3airjo']
[2024-09-21T21:12:40.358+0000] {standard_task_runner.py:85} INFO - Job 365: Subtask spark_raw_ingestion_corredor
[2024-09-21T21:12:40.498+0000] {task_command.py:416} INFO - Running <TaskInstance: raw_ingestion.spark_raw_ingestion_corredor manual__2024-09-21T21:12:39.276973+00:00 [running]> on host airflow-worker
[2024-09-21T21:12:40.698+0000] {taskinstance.py:1662} INFO - Exporting env vars: AIRFLOW_CTX_DAG_OWNER='***' AIRFLOW_CTX_DAG_ID='raw_ingestion' AIRFLOW_CTX_TASK_ID='spark_raw_ingestion_corredor' AIRFLOW_CTX_EXECUTION_DATE='2024-09-21T21:12:39.276973+00:00' AIRFLOW_CTX_TRY_NUMBER='1' AIRFLOW_CTX_DAG_RUN_ID='manual__2024-09-21T21:12:39.276973+00:00'
[2024-09-21T21:12:40.699+0000] {ssh.py:141} INFO - Creating ssh_client
[2024-09-21T21:12:40.699+0000] {ssh.py:114} INFO - ssh_hook is not provided or invalid. Trying ssh_conn_id to create SSHHook.
[2024-09-21T21:12:40.732+0000] {base.py:73} INFO - Using connection ID 'spark_ssh_default' for task execution.
[2024-09-21T21:12:40.733+0000] {ssh.py:300} WARNING - No Host Key Verification. This won't protect against Man-In-The-Middle attacks
[2024-09-21T21:12:40.741+0000] {transport.py:1893} INFO - Connected (version 2.0, client OpenSSH_8.9p1)
[2024-09-21T21:12:40.833+0000] {transport.py:1893} INFO - Authentication (password) successful!
[2024-09-21T21:12:40.834+0000] {ssh.py:478} INFO - Running command: export SPARK_HOME=/usr/local/spark; /opt/conda/bin/spark-submit --master local[*] --executor-memory 2g --conf "spark.pyspark.python=/env/venv/bin/python" /opt/shared/scripts/raw_ingestion.py 2024-09-21 corredor
[2024-09-21T21:12:44.527+0000] {ssh.py:524} INFO - [DEBUG] dt_now: 2024-09-21
[2024-09-21T21:12:44.528+0000] {ssh.py:524} INFO - [DEBUG] endpoint: corredor
[2024-09-21T21:12:44.596+0000] {ssh.py:524} INFO - 24/09/21 21:12:44 INFO SparkContext: Running Spark version 3.3.1
[2024-09-21T21:12:44.615+0000] {ssh.py:524} INFO - 24/09/21 21:12:44 WARN NativeCodeLoader: Unable to load native-hadoop library for your platform... using builtin-java classes where applicable
[2024-09-21T21:12:44.697+0000] {ssh.py:524} INFO - 24/09/21 21:12:44 INFO ResourceUtils: ==============================================================
[2024-09-21T21:12:44.697+0000] {ssh.py:524} INFO - 24/09/21 21:12:44 INFO ResourceUtils: No custom resources configured for spark.driver.
[2024-09-21T21:12:44.698+0000] {ssh.py:524} INFO - 24/09/21 21:12:44 INFO ResourceUtils: ==============================================================
[2024-09-21T21:12:44.698+0000] {ssh.py:524} INFO - 24/09/21 21:12:44 INFO SparkContext: Submitted application: raw_ingestion_corredor
[2024-09-21T21:12:44.718+0000] {ssh.py:524} INFO - 24/09/21 21:12:44 INFO ResourceProfile: Default ResourceProfile created, executor resources: Map(cores -> name: cores, amount: 1, script: , vendor: , memory -> name: memory, amount: 1024, script: , vendor: , offHeap -> name: offHeap, amount: 0, script: , vendor: ), task resources: Map(cpus -> name: cpus, amount: 1.0)
[2024-09-21T21:12:44.728+0000] {ssh.py:524} INFO - 24/09/21 21:12:44 INFO ResourceProfile: Limiting resource is cpu
[2024-09-21T21:12:44.728+0000] {ssh.py:524} INFO - 24/09/21 21:12:44 INFO ResourceProfileManager: Added ResourceProfile id: 0
[2024-09-21T21:12:44.774+0000] {ssh.py:524} INFO - 24/09/21 21:12:44 INFO SecurityManager: Changing view acls to: root
[2024-09-21T21:12:44.775+0000] {ssh.py:524} INFO - 24/09/21 21:12:44 INFO SecurityManager: Changing modify acls to: root
[2024-09-21T21:12:44.775+0000] {ssh.py:524} INFO - 24/09/21 21:12:44 INFO SecurityManager: Changing view acls groups to: 
[2024-09-21T21:12:44.776+0000] {ssh.py:524} INFO - 24/09/21 21:12:44 INFO SecurityManager: Changing modify acls groups to: 
[2024-09-21T21:12:44.776+0000] {ssh.py:524} INFO - 24/09/21 21:12:44 INFO SecurityManager: SecurityManager: authentication disabled; ui acls disabled; users  with view permissions: Set(root); groups with view permissions: Set(); users  with modify permissions: Set(root); groups with modify permissions: Set()
[2024-09-21T21:12:45.142+0000] {ssh.py:524} INFO - 24/09/21 21:12:45 INFO Utils: Successfully started service 'sparkDriver' on port 34099.
[2024-09-21T21:12:45.210+0000] {ssh.py:524} INFO - 24/09/21 21:12:45 INFO SparkEnv: Registering MapOutputTracker
[2024-09-21T21:12:45.252+0000] {ssh.py:524} INFO - 24/09/21 21:12:45 INFO SparkEnv: Registering BlockManagerMaster
[2024-09-21T21:12:45.276+0000] {ssh.py:524} INFO - 24/09/21 21:12:45 INFO BlockManagerMasterEndpoint: Using org.apache.spark.storage.DefaultTopologyMapper for getting topology information
[2024-09-21T21:12:45.279+0000] {ssh.py:524} INFO - 24/09/21 21:12:45 INFO BlockManagerMasterEndpoint: BlockManagerMasterEndpoint up
[2024-09-21T21:12:45.284+0000] {ssh.py:524} INFO - 24/09/21 21:12:45 INFO SparkEnv: Registering BlockManagerMasterHeartbeat
[2024-09-21T21:12:45.313+0000] {ssh.py:524} INFO - 24/09/21 21:12:45 INFO DiskBlockManager: Created local directory at /tmp/blockmgr-b2ca36dc-2be8-4c82-9816-cef45da26185
[2024-09-21T21:12:45.338+0000] {ssh.py:524} INFO - 24/09/21 21:12:45 INFO MemoryStore: MemoryStore started with capacity 434.4 MiB
[2024-09-21T21:12:45.377+0000] {ssh.py:524} INFO - 24/09/21 21:12:45 INFO SparkEnv: Registering OutputCommitCoordinator
[2024-09-21T21:12:45.634+0000] {ssh.py:524} INFO - 24/09/21 21:12:45 WARN Utils: Service 'SparkUI' could not bind on port 4040. Attempting port 4041.
[2024-09-21T21:12:45.642+0000] {ssh.py:524} INFO - 24/09/21 21:12:45 INFO Utils: Successfully started service 'SparkUI' on port 4041.
[2024-09-21T21:12:45.786+0000] {ssh.py:524} INFO - 24/09/21 21:12:45 INFO Executor: Starting executor ID driver on host spark-master
[2024-09-21T21:12:45.814+0000] {ssh.py:524} INFO - 24/09/21 21:12:45 INFO Executor: Starting executor with user classpath (userClassPathFirst = false): ''
[2024-09-21T21:12:45.855+0000] {ssh.py:524} INFO - 24/09/21 21:12:45 INFO Utils: Successfully started service 'org.apache.spark.network.netty.NettyBlockTransferService' on port 41097.
[2024-09-21T21:12:45.856+0000] {ssh.py:524} INFO - 24/09/21 21:12:45 INFO NettyBlockTransferService: Server created on spark-master:41097
[2024-09-21T21:12:45.857+0000] {ssh.py:524} INFO - 24/09/21 21:12:45 INFO BlockManager: Using org.apache.spark.storage.RandomBlockReplicationPolicy for block replication policy
[2024-09-21T21:12:45.862+0000] {ssh.py:524} INFO - 24/09/21 21:12:45 INFO BlockManagerMaster: Registering BlockManager BlockManagerId(driver, spark-master, 41097, None)
[2024-09-21T21:12:45.866+0000] {ssh.py:524} INFO - 24/09/21 21:12:45 INFO BlockManagerMasterEndpoint: Registering block manager spark-master:41097 with 434.4 MiB RAM, BlockManagerId(driver, spark-master, 41097, None)
[2024-09-21T21:12:45.867+0000] {ssh.py:524} INFO - 24/09/21 21:12:45 INFO BlockManagerMaster: Registered BlockManager BlockManagerId(driver, spark-master, 41097, None)
[2024-09-21T21:12:45.868+0000] {ssh.py:524} INFO - 24/09/21 21:12:45 INFO BlockManager: Initialized BlockManager: BlockManagerId(driver, spark-master, 41097, None)
[2024-09-21T21:12:46.942+0000] {ssh.py:524} INFO - 24/09/21 21:12:46 INFO SharedState: Setting hive.metastore.warehouse.dir ('null') to the value of spark.sql.warehouse.dir.
[2024-09-21T21:12:46.951+0000] {ssh.py:524} INFO - 24/09/21 21:12:46 INFO SharedState: Warehouse path is 'file:/root/spark-warehouse'.
[2024-09-21T21:12:49.169+0000] {ssh.py:524} INFO - 24/09/21 21:12:49 WARN MetricsConfig: Cannot locate configuration: tried hadoop-metrics2-s3a-file-system.properties,hadoop-metrics2.properties
[2024-09-21T21:12:49.193+0000] {ssh.py:524} INFO - 24/09/21 21:12:49 INFO MetricsSystemImpl: Scheduled Metric snapshot period at 10 second(s).
[2024-09-21T21:12:49.193+0000] {ssh.py:524} INFO - 24/09/21 21:12:49 INFO MetricsSystemImpl: s3a-file-system metrics system started
[2024-09-21T21:12:50.553+0000] {ssh.py:524} INFO - 24/09/21 21:12:50 WARN AbstractS3ACommitterFactory: Using standard FileOutputCommitter to commit work. This is slow and potentially unsafe.
[2024-09-21T21:12:50.554+0000] {ssh.py:524} INFO - 24/09/21 21:12:50 INFO FileOutputCommitter: File Output Committer Algorithm version is 1
[2024-09-21T21:12:50.554+0000] {ssh.py:524} INFO - 24/09/21 21:12:50 INFO FileOutputCommitter: FileOutputCommitter skip cleanup _temporary folders under output directory:false, ignore cleanup failures: false
[2024-09-21T21:12:50.559+0000] {ssh.py:524} INFO - 24/09/21 21:12:50 INFO AbstractS3ACommitterFactory: Using Committer FileOutputCommitter{PathOutputCommitter{context=TaskAttemptContextImpl{JobContextImpl{jobId=job_202409212112502358629500134667852_0000}; taskId=attempt_202409212112502358629500134667852_0000_m_000000_0, status=''}; org.apache.hadoop.mapreduce.lib.output.FileOutputCommitter@349f58d6}; outputPath=s3a://raw/olhovivo/corredor/dt=2024-09-21, workPath=s3a://raw/olhovivo/corredor/dt=2024-09-21/_temporary/0/_temporary/attempt_202409212112502358629500134667852_0000_m_000000_0, algorithmVersion=1, skipCleanup=false, ignoreCleanupFailures=false} for s3a://raw/olhovivo/corredor/dt=2024-09-21
[2024-09-21T21:12:50.560+0000] {ssh.py:524} INFO - 24/09/21 21:12:50 INFO SQLHadoopMapReduceCommitProtocol: Using output committer class org.apache.hadoop.mapreduce.lib.output.FileOutputCommitter
[2024-09-21T21:12:50.962+0000] {ssh.py:524} INFO - 24/09/21 21:12:50 INFO CodeGenerator: Code generated in 110.401281 ms
[2024-09-21T21:12:51.097+0000] {ssh.py:524} INFO - 24/09/21 21:12:51 INFO SparkContext: Starting job: save at NativeMethodAccessorImpl.java:0
[2024-09-21T21:12:51.113+0000] {ssh.py:524} INFO - 24/09/21 21:12:51 INFO DAGScheduler: Got job 0 (save at NativeMethodAccessorImpl.java:0) with 12 output partitions
[2024-09-21T21:12:51.114+0000] {ssh.py:524} INFO - 24/09/21 21:12:51 INFO DAGScheduler: Final stage: ResultStage 0 (save at NativeMethodAccessorImpl.java:0)
[2024-09-21T21:12:51.114+0000] {ssh.py:524} INFO - 24/09/21 21:12:51 INFO DAGScheduler: Parents of final stage: List()
[2024-09-21T21:12:51.115+0000] {ssh.py:524} INFO - 24/09/21 21:12:51 INFO DAGScheduler: Missing parents: List()
[2024-09-21T21:12:51.116+0000] {ssh.py:524} INFO - 24/09/21 21:12:51 INFO DAGScheduler: Submitting ResultStage 0 (MapPartitionsRDD[5] at save at NativeMethodAccessorImpl.java:0), which has no missing parents
[2024-09-21T21:12:51.227+0000] {ssh.py:524} INFO - 24/09/21 21:12:51 INFO MemoryStore: Block broadcast_0 stored as values in memory (estimated size 219.9 KiB, free 434.2 MiB)
[2024-09-21T21:12:51.255+0000] {ssh.py:524} INFO - 24/09/21 21:12:51 INFO MemoryStore: Block broadcast_0_piece0 stored as bytes in memory (estimated size 80.6 KiB, free 434.1 MiB)
[2024-09-21T21:12:51.258+0000] {ssh.py:524} INFO - 24/09/21 21:12:51 INFO BlockManagerInfo: Added broadcast_0_piece0 in memory on spark-master:41097 (size: 80.6 KiB, free: 434.3 MiB)
[2024-09-21T21:12:51.261+0000] {ssh.py:524} INFO - 24/09/21 21:12:51 INFO SparkContext: Created broadcast 0 from broadcast at DAGScheduler.scala:1513
[2024-09-21T21:12:51.275+0000] {ssh.py:524} INFO - 24/09/21 21:12:51 INFO DAGScheduler: Submitting 12 missing tasks from ResultStage 0 (MapPartitionsRDD[5] at save at NativeMethodAccessorImpl.java:0) (first 15 tasks are for partitions Vector(0, 1, 2, 3, 4, 5, 6, 7, 8, 9, 10, 11))
[2024-09-21T21:12:51.276+0000] {ssh.py:524} INFO - 24/09/21 21:12:51 INFO TaskSchedulerImpl: Adding task set 0.0 with 12 tasks resource profile 0
[2024-09-21T21:12:51.323+0000] {ssh.py:524} INFO - 24/09/21 21:12:51 INFO TaskSetManager: Starting task 0.0 in stage 0.0 (TID 0) (spark-master, executor driver, partition 0, PROCESS_LOCAL, 4433 bytes) taskResourceAssignments Map()
[2024-09-21T21:12:51.327+0000] {ssh.py:524} INFO - 24/09/21 21:12:51 INFO TaskSetManager: Starting task 1.0 in stage 0.0 (TID 1) (spark-master, executor driver, partition 1, PROCESS_LOCAL, 4476 bytes) taskResourceAssignments Map()
[2024-09-21T21:12:51.327+0000] {ssh.py:524} INFO - 24/09/21 21:12:51 INFO TaskSetManager: Starting task 2.0 in stage 0.0 (TID 2) (spark-master, executor driver, partition 2, PROCESS_LOCAL, 4433 bytes) taskResourceAssignments Map()
[2024-09-21T21:12:51.328+0000] {ssh.py:524} INFO - 24/09/21 21:12:51 INFO TaskSetManager: Starting task 3.0 in stage 0.0 (TID 3) (spark-master, executor driver, partition 3, PROCESS_LOCAL, 4484 bytes) taskResourceAssignments Map()
[2024-09-21T21:12:51.328+0000] {ssh.py:524} INFO - 24/09/21 21:12:51 INFO TaskSetManager: Starting task 4.0 in stage 0.0 (TID 4) (spark-master, executor driver, partition 4, PROCESS_LOCAL, 4433 bytes) taskResourceAssignments Map()
[2024-09-21T21:12:51.329+0000] {ssh.py:524} INFO - 24/09/21 21:12:51 INFO TaskSetManager: Starting task 5.0 in stage 0.0 (TID 5) (spark-master, executor driver, partition 5, PROCESS_LOCAL, 4480 bytes) taskResourceAssignments Map()
[2024-09-21T21:12:51.330+0000] {ssh.py:524} INFO - 24/09/21 21:12:51 INFO TaskSetManager: Starting task 6.0 in stage 0.0 (TID 6) (spark-master, executor driver, partition 6, PROCESS_LOCAL, 4476 bytes) taskResourceAssignments Map()
[2024-09-21T21:12:51.332+0000] {ssh.py:524} INFO - 24/09/21 21:12:51 INFO TaskSetManager: Starting task 7.0 in stage 0.0 (TID 7) (spark-master, executor driver, partition 7, PROCESS_LOCAL, 4433 bytes) taskResourceAssignments Map()
[2024-09-21T21:12:51.332+0000] {ssh.py:524} INFO - 24/09/21 21:12:51 INFO TaskSetManager: Starting task 8.0 in stage 0.0 (TID 8) (spark-master, executor driver, partition 8, PROCESS_LOCAL, 4473 bytes) taskResourceAssignments Map()
[2024-09-21T21:12:51.333+0000] {ssh.py:524} INFO - 24/09/21 21:12:51 INFO TaskSetManager: Starting task 9.0 in stage 0.0 (TID 9) (spark-master, executor driver, partition 9, PROCESS_LOCAL, 4433 bytes) taskResourceAssignments Map()
[2024-09-21T21:12:51.334+0000] {ssh.py:524} INFO - 24/09/21 21:12:51 INFO TaskSetManager: Starting task 10.0 in stage 0.0 (TID 10) (spark-master, executor driver, partition 10, PROCESS_LOCAL, 4476 bytes) taskResourceAssignments Map()
[2024-09-21T21:12:51.334+0000] {ssh.py:524} INFO - 24/09/21 21:12:51 INFO TaskSetManager: Starting task 11.0 in stage 0.0 (TID 11) (spark-master, executor driver, partition 11, PROCESS_LOCAL, 4479 bytes) taskResourceAssignments Map()
[2024-09-21T21:12:51.341+0000] {ssh.py:524} INFO - 24/09/21 21:12:51 INFO Executor: Running task 0.0 in stage 0.0 (TID 0)
[2024-09-21T21:12:51.344+0000] {ssh.py:524} INFO - 24/09/21 21:12:51 INFO Executor: Running task 1.0 in stage 0.0 (TID 1)
[2024-09-21T21:12:51.346+0000] {ssh.py:524} INFO - 24/09/21 21:12:51 INFO Executor: Running task 2.0 in stage 0.0 (TID 2)
[2024-09-21T21:12:51.349+0000] {ssh.py:524} INFO - 24/09/21 21:12:51 INFO Executor: Running task 3.0 in stage 0.0 (TID 3)
[2024-09-21T21:12:51.350+0000] {ssh.py:524} INFO - 24/09/21 21:12:51 INFO Executor: Running task 4.0 in stage 0.0 (TID 4)
[2024-09-21T21:12:51.350+0000] {ssh.py:524} INFO - 24/09/21 21:12:51 INFO Executor: Running task 5.0 in stage 0.0 (TID 5)
[2024-09-21T21:12:51.351+0000] {ssh.py:524} INFO - 24/09/21 21:12:51 INFO Executor: Running task 6.0 in stage 0.0 (TID 6)
[2024-09-21T21:12:51.363+0000] {ssh.py:524} INFO - 24/09/21 21:12:51 INFO Executor: Running task 7.0 in stage 0.0 (TID 7)
[2024-09-21T21:12:51.368+0000] {ssh.py:524} INFO - 24/09/21 21:12:51 INFO Executor: Running task 8.0 in stage 0.0 (TID 8)
[2024-09-21T21:12:51.372+0000] {ssh.py:524} INFO - 24/09/21 21:12:51 INFO Executor: Running task 10.0 in stage 0.0 (TID 10)
[2024-09-21T21:12:51.374+0000] {ssh.py:524} INFO - 24/09/21 21:12:51 INFO Executor: Running task 9.0 in stage 0.0 (TID 9)
[2024-09-21T21:12:51.376+0000] {ssh.py:524} INFO - 24/09/21 21:12:51 INFO Executor: Running task 11.0 in stage 0.0 (TID 11)
[2024-09-21T21:12:52.176+0000] {ssh.py:524} INFO - 24/09/21 21:12:52 WARN AbstractS3ACommitterFactory: Using standard FileOutputCommitter to commit work. This is slow and potentially unsafe.
[2024-09-21T21:12:52.177+0000] {ssh.py:524} INFO - 24/09/21 21:12:52 INFO FileOutputCommitter: File Output Committer Algorithm version is 1
[2024-09-21T21:12:52.177+0000] {ssh.py:524} INFO - 24/09/21 21:12:52 INFO FileOutputCommitter: FileOutputCommitter skip cleanup _temporary folders under output directory:false, ignore cleanup failures: false
[2024-09-21T21:12:52.178+0000] {ssh.py:524} INFO - 24/09/21 21:12:52 INFO AbstractS3ACommitterFactory: Using Committer FileOutputCommitter{PathOutputCommitter{context=TaskAttemptContextImpl{JobContextImpl{jobId=job_202409212112512930814121469727588_0000}; taskId=attempt_202409212112512930814121469727588_0000_m_000010_10, status=''}; org.apache.hadoop.mapreduce.lib.output.FileOutputCommitter@62bedc29}; outputPath=s3a://raw/olhovivo/corredor/dt=2024-09-21, workPath=s3a://raw/olhovivo/corredor/dt=2024-09-21/_temporary/0/_temporary/attempt_202409212112512930814121469727588_0000_m_000010_10, algorithmVersion=1, skipCleanup=false, ignoreCleanupFailures=false} for s3a://raw/olhovivo/corredor/dt=2024-09-21
[2024-09-21T21:12:52.178+0000] {ssh.py:524} INFO - 24/09/21 21:12:52 INFO SQLHadoopMapReduceCommitProtocol: Using output committer class org.apache.hadoop.mapreduce.lib.output.FileOutputCommitter
[2024-09-21T21:12:52.182+0000] {ssh.py:524} INFO - 24/09/21 21:12:52 WARN AbstractS3ACommitterFactory: Using standard FileOutputCommitter to commit work. This is slow and potentially unsafe.
[2024-09-21T21:12:52.183+0000] {ssh.py:524} INFO - 24/09/21 21:12:52 INFO FileOutputCommitter: File Output Committer Algorithm version is 1
[2024-09-21T21:12:52.184+0000] {ssh.py:524} INFO - 24/09/21 21:12:52 INFO FileOutputCommitter: FileOutputCommitter skip cleanup _temporary folders under output directory:false, ignore cleanup failures: false
[2024-09-21T21:12:52.184+0000] {ssh.py:524} INFO - 24/09/21 21:12:52 INFO AbstractS3ACommitterFactory: Using Committer FileOutputCommitter{PathOutputCommitter{context=TaskAttemptContextImpl{JobContextImpl{jobId=job_20240921211251898112879167810987_0000}; taskId=attempt_20240921211251898112879167810987_0000_m_000003_3, status=''}; org.apache.hadoop.mapreduce.lib.output.FileOutputCommitter@10c7bef2}; outputPath=s3a://raw/olhovivo/corredor/dt=2024-09-21, workPath=s3a://raw/olhovivo/corredor/dt=2024-09-21/_temporary/0/_temporary/attempt_20240921211251898112879167810987_0000_m_000003_3, algorithmVersion=1, skipCleanup=false, ignoreCleanupFailures=false} for s3a://raw/olhovivo/corredor/dt=2024-09-21
[2024-09-21T21:12:52.185+0000] {ssh.py:524} INFO - 24/09/21 21:12:52 INFO SQLHadoopMapReduceCommitProtocol: Using output committer class org.apache.hadoop.mapreduce.lib.output.FileOutputCommitter
[2024-09-21T21:12:52.186+0000] {ssh.py:524} INFO - 24/09/21 21:12:52 WARN AbstractS3ACommitterFactory: Using standard FileOutputCommitter to commit work. This is slow and potentially unsafe.
[2024-09-21T21:12:52.186+0000] {ssh.py:524} INFO - 24/09/21 21:12:52 INFO FileOutputCommitter: File Output Committer Algorithm version is 1
[2024-09-21T21:12:52.187+0000] {ssh.py:524} INFO - 24/09/21 21:12:52 INFO FileOutputCommitter: FileOutputCommitter skip cleanup _temporary folders under output directory:false, ignore cleanup failures: false
[2024-09-21T21:12:52.187+0000] {ssh.py:524} INFO - 24/09/21 21:12:52 INFO AbstractS3ACommitterFactory: Using Committer FileOutputCommitter{PathOutputCommitter{context=TaskAttemptContextImpl{JobContextImpl{jobId=job_202409212112515518454841554390873_0000}; taskId=attempt_202409212112515518454841554390873_0000_m_000001_1, status=''}; org.apache.hadoop.mapreduce.lib.output.FileOutputCommitter@66ec664e}; outputPath=s3a://raw/olhovivo/corredor/dt=2024-09-21, workPath=s3a://raw/olhovivo/corredor/dt=2024-09-21/_temporary/0/_temporary/attempt_202409212112515518454841554390873_0000_m_000001_1, algorithmVersion=1, skipCleanup=false, ignoreCleanupFailures=false} for s3a://raw/olhovivo/corredor/dt=2024-09-21
[2024-09-21T21:12:52.187+0000] {ssh.py:524} INFO - 24/09/21 21:12:52 INFO SQLHadoopMapReduceCommitProtocol: Using output committer class org.apache.hadoop.mapreduce.lib.output.FileOutputCommitter
[2024-09-21T21:12:52.241+0000] {ssh.py:524} INFO - 24/09/21 21:12:52 WARN AbstractS3ACommitterFactory: Using standard FileOutputCommitter to commit work. This is slow and potentially unsafe.
[2024-09-21T21:12:52.241+0000] {ssh.py:524} INFO - 24/09/21 21:12:52 INFO FileOutputCommitter: File Output Committer Algorithm version is 1
[2024-09-21T21:12:52.242+0000] {ssh.py:524} INFO - 24/09/21 21:12:52 INFO FileOutputCommitter: FileOutputCommitter skip cleanup _temporary folders under output directory:false, ignore cleanup failures: false
[2024-09-21T21:12:52.242+0000] {ssh.py:524} INFO - 24/09/21 21:12:52 INFO AbstractS3ACommitterFactory: Using Committer FileOutputCommitter{PathOutputCommitter{context=TaskAttemptContextImpl{JobContextImpl{jobId=job_202409212112514154162058384010662_0000}; taskId=attempt_202409212112514154162058384010662_0000_m_000002_2, status=''}; org.apache.hadoop.mapreduce.lib.output.FileOutputCommitter@220b5530}; outputPath=s3a://raw/olhovivo/corredor/dt=2024-09-21, workPath=s3a://raw/olhovivo/corredor/dt=2024-09-21/_temporary/0/_temporary/attempt_202409212112514154162058384010662_0000_m_000002_2, algorithmVersion=1, skipCleanup=false, ignoreCleanupFailures=false} for s3a://raw/olhovivo/corredor/dt=2024-09-21
[2024-09-21T21:12:52.242+0000] {ssh.py:524} INFO - 24/09/21 21:12:52 INFO SQLHadoopMapReduceCommitProtocol: Using output committer class org.apache.hadoop.mapreduce.lib.output.FileOutputCommitter
[2024-09-21T21:12:52.243+0000] {ssh.py:524} INFO - 24/09/21 21:12:52 WARN AbstractS3ACommitterFactory: Using standard FileOutputCommitter to commit work. This is slow and potentially unsafe.
[2024-09-21T21:12:52.244+0000] {ssh.py:524} INFO - 24/09/21 21:12:52 INFO FileOutputCommitter: File Output Committer Algorithm version is 1
[2024-09-21T21:12:52.244+0000] {ssh.py:524} INFO - 24/09/21 21:12:52 INFO FileOutputCommitter: FileOutputCommitter skip cleanup _temporary folders under output directory:false, ignore cleanup failures: false
[2024-09-21T21:12:52.244+0000] {ssh.py:524} INFO - 24/09/21 21:12:52 INFO AbstractS3ACommitterFactory: Using Committer FileOutputCommitter{PathOutputCommitter{context=TaskAttemptContextImpl{JobContextImpl{jobId=job_202409212112515628955807388996432_0000}; taskId=attempt_202409212112515628955807388996432_0000_m_000008_8, status=''}; org.apache.hadoop.mapreduce.lib.output.FileOutputCommitter@6c20f434}; outputPath=s3a://raw/olhovivo/corredor/dt=2024-09-21, workPath=s3a://raw/olhovivo/corredor/dt=2024-09-21/_temporary/0/_temporary/attempt_202409212112515628955807388996432_0000_m_000008_8, algorithmVersion=1, skipCleanup=false, ignoreCleanupFailures=false} for s3a://raw/olhovivo/corredor/dt=2024-09-21
[2024-09-21T21:12:52.245+0000] {ssh.py:524} INFO - 24/09/21 21:12:52 INFO SQLHadoopMapReduceCommitProtocol: Using output committer class org.apache.hadoop.mapreduce.lib.output.FileOutputCommitter
[2024-09-21T21:12:52.270+0000] {ssh.py:524} INFO - 24/09/21 21:12:52 INFO PythonRunner: Times: total = 679, boot = 585, init = 94, finish = 0
[2024-09-21T21:12:52.283+0000] {ssh.py:524} INFO - 24/09/21 21:12:52 WARN AbstractS3ACommitterFactory: Using standard FileOutputCommitter to commit work. This is slow and potentially unsafe.
[2024-09-21T21:12:52.284+0000] {ssh.py:524} INFO - 24/09/21 21:12:52 INFO FileOutputCommitter: File Output Committer Algorithm version is 1
[2024-09-21T21:12:52.284+0000] {ssh.py:524} INFO - 24/09/21 21:12:52 INFO FileOutputCommitter: FileOutputCommitter skip cleanup _temporary folders under output directory:false, ignore cleanup failures: false
[2024-09-21T21:12:52.285+0000] {ssh.py:524} INFO - 24/09/21 21:12:52 INFO AbstractS3ACommitterFactory: Using Committer FileOutputCommitter{PathOutputCommitter{context=TaskAttemptContextImpl{JobContextImpl{jobId=job_202409212112512747483397750926447_0000}; taskId=attempt_202409212112512747483397750926447_0000_m_000011_11, status=''}; org.apache.hadoop.mapreduce.lib.output.FileOutputCommitter@ce0a162}; outputPath=s3a://raw/olhovivo/corredor/dt=2024-09-21, workPath=s3a://raw/olhovivo/corredor/dt=2024-09-21/_temporary/0/_temporary/attempt_202409212112512747483397750926447_0000_m_000011_11, algorithmVersion=1, skipCleanup=false, ignoreCleanupFailures=false} for s3a://raw/olhovivo/corredor/dt=2024-09-21
[2024-09-21T21:12:52.285+0000] {ssh.py:524} INFO - 24/09/21 21:12:52 INFO SQLHadoopMapReduceCommitProtocol: Using output committer class org.apache.hadoop.mapreduce.lib.output.FileOutputCommitter
[2024-09-21T21:12:52.308+0000] {ssh.py:524} INFO - 24/09/21 21:12:52 WARN AbstractS3ACommitterFactory: Using standard FileOutputCommitter to commit work. This is slow and potentially unsafe.
[2024-09-21T21:12:52.310+0000] {ssh.py:524} INFO - 24/09/21 21:12:52 INFO FileOutputCommitter: File Output Committer Algorithm version is 1
[2024-09-21T21:12:52.310+0000] {ssh.py:524} INFO - 24/09/21 21:12:52 INFO FileOutputCommitter: FileOutputCommitter skip cleanup _temporary folders under output directory:false, ignore cleanup failures: false
[2024-09-21T21:12:52.310+0000] {ssh.py:524} INFO - 24/09/21 21:12:52 INFO SparkHadoopMapRedUtil: No need to commit output of task because needsTaskCommit=false: attempt_202409212112514154162058384010662_0000_m_000002_2
[2024-09-21T21:12:52.311+0000] {ssh.py:524} INFO - 24/09/21 21:12:52 INFO AbstractS3ACommitterFactory: Using Committer FileOutputCommitter{PathOutputCommitter{context=TaskAttemptContextImpl{JobContextImpl{jobId=job_202409212112518209375036888589808_0000}; taskId=attempt_202409212112518209375036888589808_0000_m_000007_7, status=''}; org.apache.hadoop.mapreduce.lib.output.FileOutputCommitter@4ae84be1}; outputPath=s3a://raw/olhovivo/corredor/dt=2024-09-21, workPath=s3a://raw/olhovivo/corredor/dt=2024-09-21/_temporary/0/_temporary/attempt_202409212112518209375036888589808_0000_m_000007_7, algorithmVersion=1, skipCleanup=false, ignoreCleanupFailures=false} for s3a://raw/olhovivo/corredor/dt=2024-09-21
[2024-09-21T21:12:52.311+0000] {ssh.py:524} INFO - 24/09/21 21:12:52 INFO SQLHadoopMapReduceCommitProtocol: Using output committer class org.apache.hadoop.mapreduce.lib.output.FileOutputCommitter
[2024-09-21T21:12:52.320+0000] {ssh.py:524} INFO - 24/09/21 21:12:52 WARN AbstractS3ACommitterFactory: Using standard FileOutputCommitter to commit work. This is slow and potentially unsafe.
[2024-09-21T21:12:52.321+0000] {ssh.py:524} INFO - 24/09/21 21:12:52 INFO FileOutputCommitter: File Output Committer Algorithm version is 1
[2024-09-21T21:12:52.321+0000] {ssh.py:524} INFO - 24/09/21 21:12:52 INFO FileOutputCommitter: FileOutputCommitter skip cleanup _temporary folders under output directory:false, ignore cleanup failures: false
[2024-09-21T21:12:52.322+0000] {ssh.py:524} INFO - 24/09/21 21:12:52 INFO AbstractS3ACommitterFactory: Using Committer FileOutputCommitter{PathOutputCommitter{context=TaskAttemptContextImpl{JobContextImpl{jobId=job_202409212112512720817319432818151_0000}; taskId=attempt_202409212112512720817319432818151_0000_m_000009_9, status=''}; org.apache.hadoop.mapreduce.lib.output.FileOutputCommitter@528b706e}; outputPath=s3a://raw/olhovivo/corredor/dt=2024-09-21, workPath=s3a://raw/olhovivo/corredor/dt=2024-09-21/_temporary/0/_temporary/attempt_202409212112512720817319432818151_0000_m_000009_9, algorithmVersion=1, skipCleanup=false, ignoreCleanupFailures=false} for s3a://raw/olhovivo/corredor/dt=2024-09-21
[2024-09-21T21:12:52.322+0000] {ssh.py:524} INFO - 24/09/21 21:12:52 INFO SQLHadoopMapReduceCommitProtocol: Using output committer class org.apache.hadoop.mapreduce.lib.output.FileOutputCommitter
[2024-09-21T21:12:52.323+0000] {ssh.py:524} INFO - 24/09/21 21:12:52 INFO PythonRunner: Times: total = 732, boot = 599, init = 133, finish = 0
[2024-09-21T21:12:52.332+0000] {ssh.py:524} INFO - 24/09/21 21:12:52 WARN AbstractS3ACommitterFactory: Using standard FileOutputCommitter to commit work. This is slow and potentially unsafe.
[2024-09-21T21:12:52.333+0000] {ssh.py:524} INFO - 24/09/21 21:12:52 INFO FileOutputCommitter: File Output Committer Algorithm version is 1
[2024-09-21T21:12:52.333+0000] {ssh.py:524} INFO - 24/09/21 21:12:52 INFO FileOutputCommitter: FileOutputCommitter skip cleanup _temporary folders under output directory:false, ignore cleanup failures: false
[2024-09-21T21:12:52.333+0000] {ssh.py:524} INFO - 24/09/21 21:12:52 INFO AbstractS3ACommitterFactory: Using Committer FileOutputCommitter{PathOutputCommitter{context=TaskAttemptContextImpl{JobContextImpl{jobId=job_202409212112515507022935337632807_0000}; taskId=attempt_202409212112515507022935337632807_0000_m_000006_6, status=''}; org.apache.hadoop.mapreduce.lib.output.FileOutputCommitter@3989ae0c}; outputPath=s3a://raw/olhovivo/corredor/dt=2024-09-21, workPath=s3a://raw/olhovivo/corredor/dt=2024-09-21/_temporary/0/_temporary/attempt_202409212112515507022935337632807_0000_m_000006_6, algorithmVersion=1, skipCleanup=false, ignoreCleanupFailures=false} for s3a://raw/olhovivo/corredor/dt=2024-09-21
[2024-09-21T21:12:52.334+0000] {ssh.py:524} INFO - 24/09/21 21:12:52 INFO SQLHadoopMapReduceCommitProtocol: Using output committer class org.apache.hadoop.mapreduce.lib.output.FileOutputCommitter
[2024-09-21T21:12:52.335+0000] {ssh.py:524} INFO - 24/09/21 21:12:52 INFO SparkHadoopMapRedUtil: No need to commit output of task because needsTaskCommit=false: attempt_202409212112518209375036888589808_0000_m_000007_7
[2024-09-21T21:12:52.356+0000] {ssh.py:524} INFO - 24/09/21 21:12:52 INFO Executor: Finished task 7.0 in stage 0.0 (TID 7). 2871 bytes result sent to driver
[2024-09-21T21:12:52.357+0000] {ssh.py:524} INFO - 24/09/21 21:12:52 WARN AbstractS3ACommitterFactory: Using standard FileOutputCommitter to commit work. This is slow and potentially unsafe.
[2024-09-21T21:12:52.359+0000] {ssh.py:524} INFO - 24/09/21 21:12:52 INFO FileOutputCommitter: File Output Committer Algorithm version is 1
[2024-09-21T21:12:52.359+0000] {ssh.py:524} INFO - 24/09/21 21:12:52 INFO FileOutputCommitter: FileOutputCommitter skip cleanup _temporary folders under output directory:false, ignore cleanup failures: false
[2024-09-21T21:12:52.359+0000] {ssh.py:524} INFO - 24/09/21 21:12:52 INFO AbstractS3ACommitterFactory: Using Committer FileOutputCommitter{PathOutputCommitter{context=TaskAttemptContextImpl{JobContextImpl{jobId=job_20240921211251489290641848198162_0000}; taskId=attempt_20240921211251489290641848198162_0000_m_000000_0, status=''}; org.apache.hadoop.mapreduce.lib.output.FileOutputCommitter@71df6642}; outputPath=s3a://raw/olhovivo/corredor/dt=2024-09-21, workPath=s3a://raw/olhovivo/corredor/dt=2024-09-21/_temporary/0/_temporary/attempt_20240921211251489290641848198162_0000_m_000000_0, algorithmVersion=1, skipCleanup=false, ignoreCleanupFailures=false} for s3a://raw/olhovivo/corredor/dt=2024-09-21
[2024-09-21T21:12:52.360+0000] {ssh.py:524} INFO - 24/09/21 21:12:52 INFO SQLHadoopMapReduceCommitProtocol: Using output committer class org.apache.hadoop.mapreduce.lib.output.FileOutputCommitter
[2024-09-21T21:12:52.361+0000] {ssh.py:524} INFO - 24/09/21 21:12:52 INFO Executor: Finished task 2.0 in stage 0.0 (TID 2). 2871 bytes result sent to driver
[2024-09-21T21:12:52.370+0000] {ssh.py:524} INFO - 24/09/21 21:12:52 INFO PythonRunner: Times: total = 656, boot = 567, init = 89, finish = 0
[2024-09-21T21:12:52.371+0000] {ssh.py:524} INFO - 24/09/21 21:12:52 INFO PythonRunner: Times: total = 698, boot = 577, init = 121, finish = 0
[2024-09-21T21:12:52.374+0000] {ssh.py:524} INFO - 24/09/21 21:12:52 INFO PythonRunner: Times: total = 682, boot = 580, init = 101, finish = 1
[2024-09-21T21:12:52.374+0000] {ssh.py:524} INFO - 24/09/21 21:12:52 WARN AbstractS3ACommitterFactory: Using standard FileOutputCommitter to commit work. This is slow and potentially unsafe.
[2024-09-21T21:12:52.375+0000] {ssh.py:524} INFO - 24/09/21 21:12:52 INFO FileOutputCommitter: File Output Committer Algorithm version is 1
[2024-09-21T21:12:52.375+0000] {ssh.py:524} INFO - 24/09/21 21:12:52 INFO FileOutputCommitter: FileOutputCommitter skip cleanup _temporary folders under output directory:false, ignore cleanup failures: false
[2024-09-21T21:12:52.376+0000] {ssh.py:524} INFO - 24/09/21 21:12:52 INFO AbstractS3ACommitterFactory: Using Committer FileOutputCommitter{PathOutputCommitter{context=TaskAttemptContextImpl{JobContextImpl{jobId=job_202409212112517090631332900358762_0000}; taskId=attempt_202409212112517090631332900358762_0000_m_000005_5, status=''}; org.apache.hadoop.mapreduce.lib.output.FileOutputCommitter@59c727a}; outputPath=s3a://raw/olhovivo/corredor/dt=2024-09-21, workPath=s3a://raw/olhovivo/corredor/dt=2024-09-21/_temporary/0/_temporary/attempt_202409212112517090631332900358762_0000_m_000005_5, algorithmVersion=1, skipCleanup=false, ignoreCleanupFailures=false} for s3a://raw/olhovivo/corredor/dt=2024-09-21
[2024-09-21T21:12:52.376+0000] {ssh.py:524} INFO - 24/09/21 21:12:52 INFO SQLHadoopMapReduceCommitProtocol: Using output committer class org.apache.hadoop.mapreduce.lib.output.FileOutputCommitter
[2024-09-21T21:12:52.377+0000] {ssh.py:524} INFO - 24/09/21 21:12:52 INFO PythonRunner: Times: total = 675, boot = 566, init = 108, finish = 1
[2024-09-21T21:12:52.377+0000] {ssh.py:524} INFO - 24/09/21 21:12:52 INFO PythonRunner: Times: total = 783, boot = 662, init = 121, finish = 0
[2024-09-21T21:12:52.390+0000] {ssh.py:524} INFO - 24/09/21 21:12:52 INFO PythonRunner: Times: total = 789, boot = 618, init = 170, finish = 1
[2024-09-21T21:12:52.395+0000] {ssh.py:524} INFO - 24/09/21 21:12:52 INFO PythonRunner: Times: total = 803, boot = 638, init = 165, finish = 0
[2024-09-21T21:12:52.403+0000] {ssh.py:524} INFO - 24/09/21 21:12:52 INFO SparkHadoopMapRedUtil: No need to commit output of task because needsTaskCommit=false: attempt_202409212112512720817319432818151_0000_m_000009_9
[2024-09-21T21:12:52.406+0000] {ssh.py:524} INFO - 24/09/21 21:12:52 INFO Executor: Finished task 9.0 in stage 0.0 (TID 9). 2828 bytes result sent to driver
[2024-09-21T21:12:52.408+0000] {ssh.py:524} INFO - 24/09/21 21:12:52 WARN AbstractS3ACommitterFactory: Using standard FileOutputCommitter to commit work. This is slow and potentially unsafe.
[2024-09-21T21:12:52.408+0000] {ssh.py:524} INFO - 24/09/21 21:12:52 INFO FileOutputCommitter: File Output Committer Algorithm version is 1
[2024-09-21T21:12:52.409+0000] {ssh.py:524} INFO - 24/09/21 21:12:52 INFO FileOutputCommitter: FileOutputCommitter skip cleanup _temporary folders under output directory:false, ignore cleanup failures: false
[2024-09-21T21:12:52.409+0000] {ssh.py:524} INFO - 24/09/21 21:12:52 INFO AbstractS3ACommitterFactory: Using Committer FileOutputCommitter{PathOutputCommitter{context=TaskAttemptContextImpl{JobContextImpl{jobId=job_202409212112513027066523821231448_0000}; taskId=attempt_202409212112513027066523821231448_0000_m_000004_4, status=''}; org.apache.hadoop.mapreduce.lib.output.FileOutputCommitter@3a5a90d}; outputPath=s3a://raw/olhovivo/corredor/dt=2024-09-21, workPath=s3a://raw/olhovivo/corredor/dt=2024-09-21/_temporary/0/_temporary/attempt_202409212112513027066523821231448_0000_m_000004_4, algorithmVersion=1, skipCleanup=false, ignoreCleanupFailures=false} for s3a://raw/olhovivo/corredor/dt=2024-09-21
[2024-09-21T21:12:52.410+0000] {ssh.py:524} INFO - 24/09/21 21:12:52 INFO SQLHadoopMapReduceCommitProtocol: Using output committer class org.apache.hadoop.mapreduce.lib.output.FileOutputCommitter
[2024-09-21T21:12:52.423+0000] {ssh.py:524} INFO - 24/09/21 21:12:52 INFO PythonRunner: Times: total = 820, boot = 646, init = 173, finish = 1
[2024-09-21T21:12:52.491+0000] {ssh.py:524} INFO - 24/09/21 21:12:52 INFO PythonRunner: Times: total = 867, boot = 682, init = 185, finish = 0
[2024-09-21T21:12:52.494+0000] {ssh.py:524} INFO - 24/09/21 21:12:52 INFO PythonRunner: Times: total = 902, boot = 706, init = 195, finish = 1
[2024-09-21T21:12:52.501+0000] {ssh.py:524} INFO - 24/09/21 21:12:52 INFO SparkHadoopMapRedUtil: No need to commit output of task because needsTaskCommit=false: attempt_202409212112513027066523821231448_0000_m_000004_4
[2024-09-21T21:12:52.508+0000] {ssh.py:524} INFO - 24/09/21 21:12:52 INFO Executor: Finished task 4.0 in stage 0.0 (TID 4). 2828 bytes result sent to driver
[2024-09-21T21:12:52.640+0000] {ssh.py:524} INFO - 24/09/21 21:12:52 INFO TaskSetManager: Finished task 9.0 in stage 0.0 (TID 9) in 1301 ms on spark-master (executor driver) (1/12)
[2024-09-21T21:12:52.648+0000] {ssh.py:524} INFO - 24/09/21 21:12:52 INFO PythonAccumulatorV2: Connected to AccumulatorServer at host: 127.0.0.1 port: 47543
[2024-09-21T21:12:52.649+0000] {ssh.py:524} INFO - 24/09/21 21:12:52 INFO TaskSetManager: Finished task 7.0 in stage 0.0 (TID 7) in 1318 ms on spark-master (executor driver) (2/12)
[2024-09-21T21:12:52.649+0000] {ssh.py:524} INFO - 24/09/21 21:12:52 INFO TaskSetManager: Finished task 2.0 in stage 0.0 (TID 2) in 1322 ms on spark-master (executor driver) (3/12)
[2024-09-21T21:12:52.650+0000] {ssh.py:524} INFO - 24/09/21 21:12:52 INFO TaskSetManager: Finished task 4.0 in stage 0.0 (TID 4) in 1321 ms on spark-master (executor driver) (4/12)
[2024-09-21T21:12:52.902+0000] {ssh.py:524} INFO - 24/09/21 21:12:52 INFO FileOutputCommitter: Saved output of task 'attempt_202409212112515628955807388996432_0000_m_000008_8' to s3a://raw/olhovivo/corredor/dt=2024-09-21/_temporary/0/task_202409212112515628955807388996432_0000_m_000008
[2024-09-21T21:12:52.903+0000] {ssh.py:524} INFO - 24/09/21 21:12:52 INFO FileOutputCommitter: Saved output of task 'attempt_202409212112512930814121469727588_0000_m_000010_10' to s3a://raw/olhovivo/corredor/dt=2024-09-21/_temporary/0/task_202409212112512930814121469727588_0000_m_000010
[2024-09-21T21:12:52.903+0000] {ssh.py:524} INFO - 24/09/21 21:12:52 INFO SparkHadoopMapRedUtil: attempt_202409212112515628955807388996432_0000_m_000008_8: Committed. Elapsed time: 265 ms.
[2024-09-21T21:12:52.904+0000] {ssh.py:524} INFO - 24/09/21 21:12:52 INFO SparkHadoopMapRedUtil: attempt_202409212112512930814121469727588_0000_m_000010_10: Committed. Elapsed time: 316 ms.
[2024-09-21T21:12:52.908+0000] {ssh.py:524} INFO - 24/09/21 21:12:52 INFO Executor: Finished task 10.0 in stage 0.0 (TID 10). 2914 bytes result sent to driver
[2024-09-21T21:12:52.911+0000] {ssh.py:524} INFO - 24/09/21 21:12:52 INFO TaskSetManager: Finished task 10.0 in stage 0.0 (TID 10) in 1579 ms on spark-master (executor driver) (5/12)
[2024-09-21T21:12:52.912+0000] {ssh.py:524} INFO - 24/09/21 21:12:52 INFO Executor: Finished task 8.0 in stage 0.0 (TID 8). 2914 bytes result sent to driver
[2024-09-21T21:12:52.913+0000] {ssh.py:524} INFO - 24/09/21 21:12:52 INFO FileOutputCommitter: Saved output of task 'attempt_20240921211251898112879167810987_0000_m_000003_3' to s3a://raw/olhovivo/corredor/dt=2024-09-21/_temporary/0/task_20240921211251898112879167810987_0000_m_000003
[2024-09-21T21:12:52.913+0000] {ssh.py:524} INFO - 24/09/21 21:12:52 INFO SparkHadoopMapRedUtil: attempt_20240921211251898112879167810987_0000_m_000003_3: Committed. Elapsed time: 325 ms.
[2024-09-21T21:12:52.913+0000] {ssh.py:524} INFO - 24/09/21 21:12:52 INFO TaskSetManager: Finished task 8.0 in stage 0.0 (TID 8) in 1582 ms on spark-master (executor driver) (6/12)
[2024-09-21T21:12:52.915+0000] {ssh.py:524} INFO - 24/09/21 21:12:52 INFO Executor: Finished task 3.0 in stage 0.0 (TID 3). 2914 bytes result sent to driver
[2024-09-21T21:12:52.916+0000] {ssh.py:524} INFO - 24/09/21 21:12:52 INFO TaskSetManager: Finished task 3.0 in stage 0.0 (TID 3) in 1588 ms on spark-master (executor driver) (7/12)
[2024-09-21T21:12:52.919+0000] {ssh.py:524} INFO - 24/09/21 21:12:52 INFO FileOutputCommitter: Saved output of task 'attempt_20240921211251489290641848198162_0000_m_000000_0' to s3a://raw/olhovivo/corredor/dt=2024-09-21/_temporary/0/task_20240921211251489290641848198162_0000_m_000000
[2024-09-21T21:12:52.920+0000] {ssh.py:524} INFO - 24/09/21 21:12:52 INFO SparkHadoopMapRedUtil: attempt_20240921211251489290641848198162_0000_m_000000_0: Committed. Elapsed time: 322 ms.
[2024-09-21T21:12:52.921+0000] {ssh.py:524} INFO - 24/09/21 21:12:52 INFO Executor: Finished task 0.0 in stage 0.0 (TID 0). 2828 bytes result sent to driver
[2024-09-21T21:12:52.922+0000] {ssh.py:524} INFO - 24/09/21 21:12:52 INFO TaskSetManager: Finished task 0.0 in stage 0.0 (TID 0) in 1611 ms on spark-master (executor driver) (8/12)
[2024-09-21T21:12:52.958+0000] {ssh.py:524} INFO - 24/09/21 21:12:52 INFO FileOutputCommitter: Saved output of task 'attempt_202409212112515518454841554390873_0000_m_000001_1' to s3a://raw/olhovivo/corredor/dt=2024-09-21/_temporary/0/task_202409212112515518454841554390873_0000_m_000001
[2024-09-21T21:12:52.959+0000] {ssh.py:524} INFO - 24/09/21 21:12:52 INFO SparkHadoopMapRedUtil: attempt_202409212112515518454841554390873_0000_m_000001_1: Committed. Elapsed time: 288 ms.
[2024-09-21T21:12:52.960+0000] {ssh.py:524} INFO - 24/09/21 21:12:52 INFO Executor: Finished task 1.0 in stage 0.0 (TID 1). 2914 bytes result sent to driver
[2024-09-21T21:12:52.962+0000] {ssh.py:524} INFO - 24/09/21 21:12:52 INFO TaskSetManager: Finished task 1.0 in stage 0.0 (TID 1) in 1636 ms on spark-master (executor driver) (9/12)
[2024-09-21T21:12:52.964+0000] {ssh.py:524} INFO - 24/09/21 21:12:52 INFO FileOutputCommitter: Saved output of task 'attempt_202409212112515507022935337632807_0000_m_000006_6' to s3a://raw/olhovivo/corredor/dt=2024-09-21/_temporary/0/task_202409212112515507022935337632807_0000_m_000006
[2024-09-21T21:12:52.965+0000] {ssh.py:524} INFO - 24/09/21 21:12:52 INFO SparkHadoopMapRedUtil: attempt_202409212112515507022935337632807_0000_m_000006_6: Committed. Elapsed time: 294 ms.
[2024-09-21T21:12:52.967+0000] {ssh.py:524} INFO - 24/09/21 21:12:52 INFO Executor: Finished task 6.0 in stage 0.0 (TID 6). 2914 bytes result sent to driver
[2024-09-21T21:12:52.969+0000] {ssh.py:524} INFO - 24/09/21 21:12:52 INFO TaskSetManager: Finished task 6.0 in stage 0.0 (TID 6) in 1639 ms on spark-master (executor driver) (10/12)
[2024-09-21T21:12:52.982+0000] {ssh.py:524} INFO - 24/09/21 21:12:52 INFO FileOutputCommitter: Saved output of task 'attempt_202409212112512747483397750926447_0000_m_000011_11' to s3a://raw/olhovivo/corredor/dt=2024-09-21/_temporary/0/task_202409212112512747483397750926447_0000_m_000011
[2024-09-21T21:12:52.983+0000] {ssh.py:524} INFO - 24/09/21 21:12:52 INFO SparkHadoopMapRedUtil: attempt_202409212112512747483397750926447_0000_m_000011_11: Committed. Elapsed time: 311 ms.
[2024-09-21T21:12:52.985+0000] {ssh.py:524} INFO - 24/09/21 21:12:52 INFO Executor: Finished task 11.0 in stage 0.0 (TID 11). 2914 bytes result sent to driver
[2024-09-21T21:12:52.987+0000] {ssh.py:524} INFO - 24/09/21 21:12:52 INFO TaskSetManager: Finished task 11.0 in stage 0.0 (TID 11) in 1655 ms on spark-master (executor driver) (11/12)
[2024-09-21T21:12:53.042+0000] {ssh.py:524} INFO - 24/09/21 21:12:53 INFO FileOutputCommitter: Saved output of task 'attempt_202409212112517090631332900358762_0000_m_000005_5' to s3a://raw/olhovivo/corredor/dt=2024-09-21/_temporary/0/task_202409212112517090631332900358762_0000_m_000005
[2024-09-21T21:12:53.043+0000] {ssh.py:524} INFO - 24/09/21 21:12:53 INFO SparkHadoopMapRedUtil: attempt_202409212112517090631332900358762_0000_m_000005_5: Committed. Elapsed time: 306 ms.
[2024-09-21T21:12:53.045+0000] {ssh.py:524} INFO - 24/09/21 21:12:53 INFO Executor: Finished task 5.0 in stage 0.0 (TID 5). 2914 bytes result sent to driver
[2024-09-21T21:12:53.047+0000] {ssh.py:524} INFO - 24/09/21 21:12:53 INFO TaskSetManager: Finished task 5.0 in stage 0.0 (TID 5) in 1718 ms on spark-master (executor driver) (12/12)
[2024-09-21T21:12:53.048+0000] {ssh.py:524} INFO - 24/09/21 21:12:53 INFO TaskSchedulerImpl: Removed TaskSet 0.0, whose tasks have all completed, from pool 
[2024-09-21T21:12:53.049+0000] {ssh.py:524} INFO - 24/09/21 21:12:53 INFO DAGScheduler: ResultStage 0 (save at NativeMethodAccessorImpl.java:0) finished in 1.911 s
[2024-09-21T21:12:53.056+0000] {ssh.py:524} INFO - 24/09/21 21:12:53 INFO DAGScheduler: Job 0 is finished. Cancelling potential speculative or zombie tasks for this job
[2024-09-21T21:12:53.057+0000] {ssh.py:524} INFO - 24/09/21 21:12:53 INFO TaskSchedulerImpl: Killing all running tasks in stage 0: Stage finished
[2024-09-21T21:12:53.062+0000] {ssh.py:524} INFO - 24/09/21 21:12:53 INFO DAGScheduler: Job 0 finished: save at NativeMethodAccessorImpl.java:0, took 1.964154 s
[2024-09-21T21:12:53.063+0000] {ssh.py:524} INFO - 24/09/21 21:12:53 INFO FileFormatWriter: Start to commit write Job 4e52d08a-ecc8-42a7-9661-ac8e1eec0070.
[2024-09-21T21:12:53.864+0000] {ssh.py:524} INFO - 24/09/21 21:12:53 INFO FileFormatWriter: Write Job 4e52d08a-ecc8-42a7-9661-ac8e1eec0070 committed. Elapsed time: 799 ms.
[2024-09-21T21:12:53.870+0000] {ssh.py:524} INFO - 24/09/21 21:12:53 INFO FileFormatWriter: Finished processing stats for write job 4e52d08a-ecc8-42a7-9661-ac8e1eec0070.
[2024-09-21T21:12:53.884+0000] {ssh.py:524} INFO - [DEBUG] Done.
[2024-09-21T21:12:53.958+0000] {ssh.py:524} INFO - 24/09/21 21:12:53 INFO SparkContext: Invoking stop() from shutdown hook
[2024-09-21T21:12:53.979+0000] {ssh.py:524} INFO - 24/09/21 21:12:53 INFO SparkUI: Stopped Spark web UI at http://spark-master:4041
[2024-09-21T21:12:54.000+0000] {ssh.py:524} INFO - 24/09/21 21:12:53 INFO MapOutputTrackerMasterEndpoint: MapOutputTrackerMasterEndpoint stopped!
[2024-09-21T21:12:54.025+0000] {ssh.py:524} INFO - 24/09/21 21:12:54 INFO MemoryStore: MemoryStore cleared
[2024-09-21T21:12:54.026+0000] {ssh.py:524} INFO - 24/09/21 21:12:54 INFO BlockManager: BlockManager stopped
[2024-09-21T21:12:54.036+0000] {ssh.py:524} INFO - 24/09/21 21:12:54 INFO BlockManagerMaster: BlockManagerMaster stopped
[2024-09-21T21:12:54.040+0000] {ssh.py:524} INFO - 24/09/21 21:12:54 INFO OutputCommitCoordinator$OutputCommitCoordinatorEndpoint: OutputCommitCoordinator stopped!
[2024-09-21T21:12:54.070+0000] {ssh.py:524} INFO - 24/09/21 21:12:54 INFO SparkContext: Successfully stopped SparkContext
[2024-09-21T21:12:54.071+0000] {ssh.py:524} INFO - 24/09/21 21:12:54 INFO ShutdownHookManager: Shutdown hook called
[2024-09-21T21:12:54.072+0000] {ssh.py:524} INFO - 24/09/21 21:12:54 INFO ShutdownHookManager: Deleting directory /tmp/spark-973f7dad-ae68-4044-96c9-541fc0e9c882/pyspark-9b3d3fd9-d741-4127-b8e8-a97b338519c2
[2024-09-21T21:12:54.075+0000] {ssh.py:524} INFO - 24/09/21 21:12:54 INFO ShutdownHookManager: Deleting directory /tmp/spark-973f7dad-ae68-4044-96c9-541fc0e9c882
[2024-09-21T21:12:54.080+0000] {ssh.py:524} INFO - 24/09/21 21:12:54 INFO ShutdownHookManager: Deleting directory /tmp/spark-5e1013ca-7e0c-41b3-8e0c-939eb310b062
[2024-09-21T21:12:54.091+0000] {ssh.py:524} INFO - 24/09/21 21:12:54 INFO MetricsSystemImpl: Stopping s3a-file-system metrics system...
[2024-09-21T21:12:54.091+0000] {ssh.py:524} INFO - 24/09/21 21:12:54 INFO MetricsSystemImpl: s3a-file-system metrics system stopped.
[2024-09-21T21:12:54.092+0000] {ssh.py:524} INFO - 24/09/21 21:12:54 INFO MetricsSystemImpl: s3a-file-system metrics system shutdown complete.
[2024-09-21T21:12:54.290+0000] {taskinstance.py:1400} INFO - Marking task as SUCCESS. dag_id=raw_ingestion, task_id=spark_raw_ingestion_corredor, execution_date=20240921T211239, start_date=20240921T211240, end_date=20240921T211254
[2024-09-21T21:12:54.355+0000] {local_task_job_runner.py:228} INFO - Task exited with return code 0
[2024-09-21T21:12:54.403+0000] {taskinstance.py:2778} INFO - 0 downstream tasks scheduled from follow-on schedule check
