[2024-09-23T22:07:36.780+0000] {taskinstance.py:1159} INFO - Dependencies all met for dep_context=non-requeueable deps ti=<TaskInstance: raw_ingestion_6h.spark_raw_ingestion_previsao scheduled__2024-09-23T00:00:00+00:00 [queued]>
[2024-09-23T22:07:36.793+0000] {taskinstance.py:1159} INFO - Dependencies all met for dep_context=requeueable deps ti=<TaskInstance: raw_ingestion_6h.spark_raw_ingestion_previsao scheduled__2024-09-23T00:00:00+00:00 [queued]>
[2024-09-23T22:07:36.794+0000] {taskinstance.py:1361} INFO - Starting attempt 1 of 1
[2024-09-23T22:07:36.810+0000] {taskinstance.py:1382} INFO - Executing <Task(SSHOperator): spark_raw_ingestion_previsao> on 2024-09-23 00:00:00+00:00
[2024-09-23T22:07:36.815+0000] {standard_task_runner.py:57} INFO - Started process 65 to run task
[2024-09-23T22:07:36.818+0000] {standard_task_runner.py:84} INFO - Running: ['airflow', 'tasks', 'run', 'raw_ingestion_6h', 'spark_raw_ingestion_previsao', 'scheduled__2024-09-23T00:00:00+00:00', '--job-id', '497', '--raw', '--subdir', 'DAGS_FOLDER/raw_ingestion_6h.py', '--cfg-path', '/tmp/tmpo5vf2f87']
[2024-09-23T22:07:36.819+0000] {standard_task_runner.py:85} INFO - Job 497: Subtask spark_raw_ingestion_previsao
[2024-09-23T22:07:36.991+0000] {task_command.py:416} INFO - Running <TaskInstance: raw_ingestion_6h.spark_raw_ingestion_previsao scheduled__2024-09-23T00:00:00+00:00 [running]> on host airflow-worker
[2024-09-23T22:07:37.300+0000] {taskinstance.py:1662} INFO - Exporting env vars: AIRFLOW_CTX_DAG_OWNER='***' AIRFLOW_CTX_DAG_ID='raw_ingestion_6h' AIRFLOW_CTX_TASK_ID='spark_raw_ingestion_previsao' AIRFLOW_CTX_EXECUTION_DATE='2024-09-23T00:00:00+00:00' AIRFLOW_CTX_TRY_NUMBER='1' AIRFLOW_CTX_DAG_RUN_ID='scheduled__2024-09-23T00:00:00+00:00'
[2024-09-23T22:07:37.301+0000] {ssh.py:141} INFO - Creating ssh_client
[2024-09-23T22:07:37.302+0000] {ssh.py:114} INFO - ssh_hook is not provided or invalid. Trying ssh_conn_id to create SSHHook.
[2024-09-23T22:07:37.349+0000] {base.py:73} INFO - Using connection ID 'spark_ssh_default' for task execution.
[2024-09-23T22:07:37.350+0000] {ssh.py:300} WARNING - No Host Key Verification. This won't protect against Man-In-The-Middle attacks
[2024-09-23T22:07:37.362+0000] {transport.py:1893} INFO - Connected (version 2.0, client OpenSSH_8.9p1)
[2024-09-23T22:07:37.496+0000] {transport.py:1893} INFO - Authentication (password) successful!
[2024-09-23T22:07:37.498+0000] {ssh.py:478} INFO - Running command: export SPARK_HOME=/usr/local/spark; /opt/conda/bin/spark-submit --master local[*] --driver-cores 4 --executor-cores 4 --driver-memory 16G --executor-memory 16G /opt/shared/scripts/raw_ingestion.py 2024-09-23 previsao
[2024-09-23T22:07:41.994+0000] {ssh.py:524} INFO - [DEBUG] dt_now: 2024-09-23
[2024-09-23T22:07:41.994+0000] {ssh.py:524} INFO - [DEBUG] endpoint: previsao
[2024-09-23T22:07:42.077+0000] {ssh.py:524} INFO - 24/09/23 22:07:42 INFO SparkContext: Running Spark version 3.3.1
[2024-09-23T22:07:42.097+0000] {ssh.py:524} INFO - 24/09/23 22:07:42 WARN NativeCodeLoader: Unable to load native-hadoop library for your platform... using builtin-java classes where applicable
[2024-09-23T22:07:42.269+0000] {ssh.py:524} INFO - 24/09/23 22:07:42 INFO ResourceUtils: ==============================================================
[2024-09-23T22:07:42.270+0000] {ssh.py:524} INFO - 24/09/23 22:07:42 INFO ResourceUtils: No custom resources configured for spark.driver.
[2024-09-23T22:07:42.271+0000] {ssh.py:524} INFO - 24/09/23 22:07:42 INFO ResourceUtils: ==============================================================
[2024-09-23T22:07:42.271+0000] {ssh.py:524} INFO - 24/09/23 22:07:42 INFO SparkContext: Submitted application: raw_ingestion_previsao
[2024-09-23T22:07:42.297+0000] {ssh.py:524} INFO - 24/09/23 22:07:42 INFO ResourceProfile: Default ResourceProfile created, executor resources: Map(cores -> name: cores, amount: 1, script: , vendor: , memory -> name: memory, amount: 1024, script: , vendor: , offHeap -> name: offHeap, amount: 0, script: , vendor: ), task resources: Map(cpus -> name: cpus, amount: 1.0)
[2024-09-23T22:07:42.307+0000] {ssh.py:524} INFO - 24/09/23 22:07:42 INFO ResourceProfile: Limiting resource is cpu
[2024-09-23T22:07:42.308+0000] {ssh.py:524} INFO - 24/09/23 22:07:42 INFO ResourceProfileManager: Added ResourceProfile id: 0
[2024-09-23T22:07:42.360+0000] {ssh.py:524} INFO - 24/09/23 22:07:42 INFO SecurityManager: Changing view acls to: root
[2024-09-23T22:07:42.361+0000] {ssh.py:524} INFO - 24/09/23 22:07:42 INFO SecurityManager: Changing modify acls to: root
[2024-09-23T22:07:42.362+0000] {ssh.py:524} INFO - 24/09/23 22:07:42 INFO SecurityManager: Changing view acls groups to: 
[2024-09-23T22:07:42.363+0000] {ssh.py:524} INFO - 24/09/23 22:07:42 INFO SecurityManager: Changing modify acls groups to: 
[2024-09-23T22:07:42.364+0000] {ssh.py:524} INFO - 24/09/23 22:07:42 INFO SecurityManager: SecurityManager: authentication disabled; ui acls disabled; users  with view permissions: Set(root); groups with view permissions: Set(); users  with modify permissions: Set(root); groups with modify permissions: Set()
[2024-09-23T22:07:42.863+0000] {ssh.py:524} INFO - 24/09/23 22:07:42 INFO Utils: Successfully started service 'sparkDriver' on port 46469.
[2024-09-23T22:07:42.975+0000] {ssh.py:524} INFO - 24/09/23 22:07:42 INFO SparkEnv: Registering MapOutputTracker
[2024-09-23T22:07:43.033+0000] {ssh.py:524} INFO - 24/09/23 22:07:43 INFO SparkEnv: Registering BlockManagerMaster
[2024-09-23T22:07:43.063+0000] {ssh.py:524} INFO - 24/09/23 22:07:43 INFO BlockManagerMasterEndpoint: Using org.apache.spark.storage.DefaultTopologyMapper for getting topology information
[2024-09-23T22:07:43.064+0000] {ssh.py:524} INFO - 24/09/23 22:07:43 INFO BlockManagerMasterEndpoint: BlockManagerMasterEndpoint up
[2024-09-23T22:07:43.075+0000] {ssh.py:524} INFO - 24/09/23 22:07:43 INFO SparkEnv: Registering BlockManagerMasterHeartbeat
[2024-09-23T22:07:43.112+0000] {ssh.py:524} INFO - 24/09/23 22:07:43 INFO DiskBlockManager: Created local directory at /tmp/blockmgr-bfff9fd0-48c8-4163-bd6d-f3bfdcd20d0c
[2024-09-23T22:07:43.142+0000] {ssh.py:524} INFO - 24/09/23 22:07:43 INFO MemoryStore: MemoryStore started with capacity 9.4 GiB
[2024-09-23T22:07:43.184+0000] {ssh.py:524} INFO - 24/09/23 22:07:43 INFO SparkEnv: Registering OutputCommitCoordinator
[2024-09-23T22:07:43.434+0000] {ssh.py:524} INFO - 24/09/23 22:07:43 WARN Utils: Service 'SparkUI' could not bind on port 4040. Attempting port 4041.
[2024-09-23T22:07:43.459+0000] {ssh.py:524} INFO - 24/09/23 22:07:43 INFO Utils: Successfully started service 'SparkUI' on port 4041.
[2024-09-23T22:07:43.669+0000] {ssh.py:524} INFO - 24/09/23 22:07:43 INFO Executor: Starting executor ID driver on host spark-master
[2024-09-23T22:07:43.682+0000] {ssh.py:524} INFO - 24/09/23 22:07:43 INFO Executor: Starting executor with user classpath (userClassPathFirst = false): ''
[2024-09-23T22:07:43.739+0000] {ssh.py:524} INFO - 24/09/23 22:07:43 INFO Utils: Successfully started service 'org.apache.spark.network.netty.NettyBlockTransferService' on port 40537.
[2024-09-23T22:07:43.740+0000] {ssh.py:524} INFO - 24/09/23 22:07:43 INFO NettyBlockTransferService: Server created on spark-master:40537
[2024-09-23T22:07:43.741+0000] {ssh.py:524} INFO - 24/09/23 22:07:43 INFO BlockManager: Using org.apache.spark.storage.RandomBlockReplicationPolicy for block replication policy
[2024-09-23T22:07:43.760+0000] {ssh.py:524} INFO - 24/09/23 22:07:43 INFO BlockManagerMaster: Registering BlockManager BlockManagerId(driver, spark-master, 40537, None)
[2024-09-23T22:07:43.763+0000] {ssh.py:524} INFO - 24/09/23 22:07:43 INFO BlockManagerMasterEndpoint: Registering block manager spark-master:40537 with 9.4 GiB RAM, BlockManagerId(driver, spark-master, 40537, None)
[2024-09-23T22:07:43.767+0000] {ssh.py:524} INFO - 24/09/23 22:07:43 INFO BlockManagerMaster: Registered BlockManager BlockManagerId(driver, spark-master, 40537, None)
[2024-09-23T22:07:43.768+0000] {ssh.py:524} INFO - 24/09/23 22:07:43 INFO BlockManager: Initialized BlockManager: BlockManagerId(driver, spark-master, 40537, None)
[2024-09-23T22:07:44.505+0000] {ssh.py:524} INFO - 24/09/23 22:07:44 INFO SharedState: Setting hive.metastore.warehouse.dir ('null') to the value of spark.sql.warehouse.dir.
[2024-09-23T22:07:44.512+0000] {ssh.py:524} INFO - 24/09/23 22:07:44 INFO SharedState: Warehouse path is 'file:/root/spark-warehouse'.
[2024-09-23T22:07:45.327+0000] {ssh.py:524} INFO - 24/09/23 22:07:45 WARN MetricsConfig: Cannot locate configuration: tried hadoop-metrics2-s3a-file-system.properties,hadoop-metrics2.properties
[2024-09-23T22:07:45.339+0000] {ssh.py:524} INFO - 24/09/23 22:07:45 INFO MetricsSystemImpl: Scheduled Metric snapshot period at 10 second(s).
[2024-09-23T22:07:45.340+0000] {ssh.py:524} INFO - 24/09/23 22:07:45 INFO MetricsSystemImpl: s3a-file-system metrics system started
[2024-09-23T22:07:46.351+0000] {ssh.py:524} INFO - 24/09/23 22:07:46 INFO InMemoryFileIndex: It took 54 ms to list leaf files for 1 paths.
[2024-09-23T22:07:46.439+0000] {ssh.py:524} INFO - 24/09/23 22:07:46 INFO InMemoryFileIndex: It took 13 ms to list leaf files for 1 paths.
[2024-09-23T22:07:48.729+0000] {ssh.py:524} INFO - 24/09/23 22:07:48 INFO FileSourceStrategy: Pushed Filters: 
[2024-09-23T22:07:48.733+0000] {ssh.py:524} INFO - 24/09/23 22:07:48 INFO FileSourceStrategy: Post-Scan Filters: (length(trim(value#0, None)) > 0)
[2024-09-23T22:07:48.734+0000] {ssh.py:524} INFO - 24/09/23 22:07:48 INFO FileSourceStrategy: Output Data Schema: struct<value: string>
[2024-09-23T22:07:49.193+0000] {ssh.py:524} INFO - 24/09/23 22:07:49 INFO CodeGenerator: Code generated in 134.696245 ms
[2024-09-23T22:07:49.295+0000] {ssh.py:524} INFO - 24/09/23 22:07:49 INFO MemoryStore: Block broadcast_0 stored as values in memory (estimated size 215.3 KiB, free 9.4 GiB)
[2024-09-23T22:07:49.460+0000] {ssh.py:524} INFO - 24/09/23 22:07:49 INFO MemoryStore: Block broadcast_0_piece0 stored as bytes in memory (estimated size 35.9 KiB, free 9.4 GiB)
[2024-09-23T22:07:49.465+0000] {ssh.py:524} INFO - 24/09/23 22:07:49 INFO BlockManagerInfo: Added broadcast_0_piece0 in memory on spark-master:40537 (size: 35.9 KiB, free: 9.4 GiB)
[2024-09-23T22:07:49.473+0000] {ssh.py:524} INFO - 24/09/23 22:07:49 INFO SparkContext: Created broadcast 0 from csv at NativeMethodAccessorImpl.java:0
[2024-09-23T22:07:49.497+0000] {ssh.py:524} INFO - 24/09/23 22:07:49 INFO FileSourceScanExec: Planning scan with bin packing, max size: 4194304 bytes, open cost is considered as scanning 4194304 bytes.
[2024-09-23T22:07:49.686+0000] {ssh.py:524} INFO - 24/09/23 22:07:49 INFO SparkContext: Starting job: csv at NativeMethodAccessorImpl.java:0
[2024-09-23T22:07:49.700+0000] {ssh.py:524} INFO - 24/09/23 22:07:49 INFO DAGScheduler: Got job 0 (csv at NativeMethodAccessorImpl.java:0) with 1 output partitions
[2024-09-23T22:07:49.701+0000] {ssh.py:524} INFO - 24/09/23 22:07:49 INFO DAGScheduler: Final stage: ResultStage 0 (csv at NativeMethodAccessorImpl.java:0)
[2024-09-23T22:07:49.701+0000] {ssh.py:524} INFO - 24/09/23 22:07:49 INFO DAGScheduler: Parents of final stage: List()
[2024-09-23T22:07:49.702+0000] {ssh.py:524} INFO - 24/09/23 22:07:49 INFO DAGScheduler: Missing parents: List()
[2024-09-23T22:07:49.731+0000] {ssh.py:524} INFO - 24/09/23 22:07:49 INFO DAGScheduler: Submitting ResultStage 0 (MapPartitionsRDD[3] at csv at NativeMethodAccessorImpl.java:0), which has no missing parents
[2024-09-23T22:07:49.794+0000] {ssh.py:524} INFO - 24/09/23 22:07:49 INFO MemoryStore: Block broadcast_1 stored as values in memory (estimated size 11.8 KiB, free 9.4 GiB)
[2024-09-23T22:07:49.798+0000] {ssh.py:524} INFO - 24/09/23 22:07:49 INFO MemoryStore: Block broadcast_1_piece0 stored as bytes in memory (estimated size 5.9 KiB, free 9.4 GiB)
[2024-09-23T22:07:49.799+0000] {ssh.py:524} INFO - 24/09/23 22:07:49 INFO BlockManagerInfo: Added broadcast_1_piece0 in memory on spark-master:40537 (size: 5.9 KiB, free: 9.4 GiB)
[2024-09-23T22:07:49.800+0000] {ssh.py:524} INFO - 24/09/23 22:07:49 INFO SparkContext: Created broadcast 1 from broadcast at DAGScheduler.scala:1513
[2024-09-23T22:07:49.813+0000] {ssh.py:524} INFO - 24/09/23 22:07:49 INFO DAGScheduler: Submitting 1 missing tasks from ResultStage 0 (MapPartitionsRDD[3] at csv at NativeMethodAccessorImpl.java:0) (first 15 tasks are for partitions Vector(0))
[2024-09-23T22:07:49.813+0000] {ssh.py:524} INFO - 24/09/23 22:07:49 INFO TaskSchedulerImpl: Adding task set 0.0 with 1 tasks resource profile 0
[2024-09-23T22:07:49.849+0000] {ssh.py:524} INFO - 24/09/23 22:07:49 INFO TaskSetManager: Starting task 0.0 in stage 0.0 (TID 0) (spark-master, executor driver, partition 0, PROCESS_LOCAL, 4903 bytes) taskResourceAssignments Map()
[2024-09-23T22:07:49.862+0000] {ssh.py:524} INFO - 24/09/23 22:07:49 INFO Executor: Running task 0.0 in stage 0.0 (TID 0)
[2024-09-23T22:07:49.934+0000] {ssh.py:524} INFO - 24/09/23 22:07:49 INFO FileScanRDD: Reading File path: s3a://raw/GTFS/paradas/stops.txt, range: 0-2221690, partition values: [empty row]
[2024-09-23T22:07:49.958+0000] {ssh.py:524} INFO - 24/09/23 22:07:49 INFO CodeGenerator: Code generated in 14.188759 ms
[2024-09-23T22:07:50.132+0000] {ssh.py:524} INFO - 24/09/23 22:07:50 INFO Executor: Finished task 0.0 in stage 0.0 (TID 0). 1562 bytes result sent to driver
[2024-09-23T22:07:50.181+0000] {ssh.py:524} INFO - 24/09/23 22:07:50 INFO TaskSetManager: Finished task 0.0 in stage 0.0 (TID 0) in 338 ms on spark-master (executor driver) (1/1)
[2024-09-23T22:07:50.184+0000] {ssh.py:524} INFO - 24/09/23 22:07:50 INFO TaskSchedulerImpl: Removed TaskSet 0.0, whose tasks have all completed, from pool 
[2024-09-23T22:07:50.201+0000] {ssh.py:524} INFO - 24/09/23 22:07:50 INFO DAGScheduler: ResultStage 0 (csv at NativeMethodAccessorImpl.java:0) finished in 0.453 s
[2024-09-23T22:07:50.210+0000] {ssh.py:524} INFO - 24/09/23 22:07:50 INFO DAGScheduler: Job 0 is finished. Cancelling potential speculative or zombie tasks for this job
[2024-09-23T22:07:50.210+0000] {ssh.py:524} INFO - 24/09/23 22:07:50 INFO TaskSchedulerImpl: Killing all running tasks in stage 0: Stage finished
[2024-09-23T22:07:50.214+0000] {ssh.py:524} INFO - 24/09/23 22:07:50 INFO DAGScheduler: Job 0 finished: csv at NativeMethodAccessorImpl.java:0, took 0.526524 s
[2024-09-23T22:07:50.256+0000] {ssh.py:524} INFO - 24/09/23 22:07:50 INFO CodeGenerator: Code generated in 29.559679 ms
[2024-09-23T22:07:50.340+0000] {ssh.py:524} INFO - 24/09/23 22:07:50 INFO FileSourceStrategy: Pushed Filters: 
[2024-09-23T22:07:50.341+0000] {ssh.py:524} INFO - 24/09/23 22:07:50 INFO FileSourceStrategy: Post-Scan Filters: 
[2024-09-23T22:07:50.342+0000] {ssh.py:524} INFO - 24/09/23 22:07:50 INFO FileSourceStrategy: Output Data Schema: struct<value: string>
[2024-09-23T22:07:50.350+0000] {ssh.py:524} INFO - 24/09/23 22:07:50 INFO MemoryStore: Block broadcast_2 stored as values in memory (estimated size 215.3 KiB, free 9.4 GiB)
[2024-09-23T22:07:50.372+0000] {ssh.py:524} INFO - 24/09/23 22:07:50 INFO MemoryStore: Block broadcast_2_piece0 stored as bytes in memory (estimated size 35.9 KiB, free 9.4 GiB)
[2024-09-23T22:07:50.375+0000] {ssh.py:524} INFO - 24/09/23 22:07:50 INFO BlockManagerInfo: Added broadcast_2_piece0 in memory on spark-master:40537 (size: 35.9 KiB, free: 9.4 GiB)
[2024-09-23T22:07:50.384+0000] {ssh.py:524} INFO - 24/09/23 22:07:50 INFO SparkContext: Created broadcast 2 from csv at NativeMethodAccessorImpl.java:0
[2024-09-23T22:07:50.387+0000] {ssh.py:524} INFO - 24/09/23 22:07:50 INFO FileSourceScanExec: Planning scan with bin packing, max size: 4194304 bytes, open cost is considered as scanning 4194304 bytes.
[2024-09-23T22:07:50.795+0000] {ssh.py:524} INFO - 24/09/23 22:07:50 INFO FileSourceStrategy: Pushed Filters: IsNotNull(stop_desc)
[2024-09-23T22:07:50.796+0000] {ssh.py:524} INFO - 24/09/23 22:07:50 INFO FileSourceStrategy: Post-Scan Filters: isnotnull(stop_desc#19)
[2024-09-23T22:07:50.796+0000] {ssh.py:524} INFO - 24/09/23 22:07:50 INFO FileSourceStrategy: Output Data Schema: struct<stop_id: string, stop_desc: string>
[2024-09-23T22:07:50.849+0000] {ssh.py:524} INFO - 24/09/23 22:07:50 INFO CodeGenerator: Code generated in 16.197997 ms
[2024-09-23T22:07:50.852+0000] {ssh.py:524} INFO - 24/09/23 22:07:50 INFO MemoryStore: Block broadcast_3 stored as values in memory (estimated size 215.2 KiB, free 9.4 GiB)
[2024-09-23T22:07:50.872+0000] {ssh.py:524} INFO - 24/09/23 22:07:50 INFO MemoryStore: Block broadcast_3_piece0 stored as bytes in memory (estimated size 35.9 KiB, free 9.4 GiB)
[2024-09-23T22:07:50.893+0000] {ssh.py:524} INFO - 24/09/23 22:07:50 INFO BlockManagerInfo: Added broadcast_3_piece0 in memory on spark-master:40537 (size: 35.9 KiB, free: 9.4 GiB)
[2024-09-23T22:07:50.902+0000] {ssh.py:524} INFO - 24/09/23 22:07:50 INFO SparkContext: Created broadcast 3 from javaToPython at NativeMethodAccessorImpl.java:0
[2024-09-23T22:07:50.903+0000] {ssh.py:524} INFO - 24/09/23 22:07:50 INFO FileSourceScanExec: Planning scan with bin packing, max size: 4194304 bytes, open cost is considered as scanning 4194304 bytes.
[2024-09-23T22:07:51.313+0000] {ssh.py:524} INFO - 24/09/23 22:07:51 INFO ParquetFileFormat: Using default output committer for Parquet: org.apache.parquet.hadoop.ParquetOutputCommitter
[2024-09-23T22:07:51.342+0000] {ssh.py:524} INFO - 24/09/23 22:07:51 INFO FileOutputCommitter: File Output Committer Algorithm version is 1
[2024-09-23T22:07:51.342+0000] {ssh.py:524} INFO - 24/09/23 22:07:51 INFO FileOutputCommitter: FileOutputCommitter skip cleanup _temporary folders under output directory:false, ignore cleanup failures: false
[2024-09-23T22:07:51.345+0000] {ssh.py:524} INFO - 24/09/23 22:07:51 INFO SQLHadoopMapReduceCommitProtocol: Using user defined output committer class org.apache.parquet.hadoop.ParquetOutputCommitter
[2024-09-23T22:07:51.347+0000] {ssh.py:524} INFO - 24/09/23 22:07:51 INFO FileOutputCommitter: File Output Committer Algorithm version is 1
[2024-09-23T22:07:51.347+0000] {ssh.py:524} INFO - 24/09/23 22:07:51 INFO FileOutputCommitter: FileOutputCommitter skip cleanup _temporary folders under output directory:false, ignore cleanup failures: false
[2024-09-23T22:07:51.349+0000] {ssh.py:524} INFO - 24/09/23 22:07:51 INFO SQLHadoopMapReduceCommitProtocol: Using output committer class org.apache.parquet.hadoop.ParquetOutputCommitter
[2024-09-23T22:07:51.419+0000] {ssh.py:524} INFO - 24/09/23 22:07:51 INFO CodeGenerator: Code generated in 7.446872 ms
[2024-09-23T22:07:51.462+0000] {ssh.py:524} INFO - 24/09/23 22:07:51 INFO SparkContext: Starting job: save at NativeMethodAccessorImpl.java:0
[2024-09-23T22:07:51.465+0000] {ssh.py:524} INFO - 24/09/23 22:07:51 INFO DAGScheduler: Got job 1 (save at NativeMethodAccessorImpl.java:0) with 1 output partitions
[2024-09-23T22:07:51.466+0000] {ssh.py:524} INFO - 24/09/23 22:07:51 INFO DAGScheduler: Final stage: ResultStage 1 (save at NativeMethodAccessorImpl.java:0)
[2024-09-23T22:07:51.466+0000] {ssh.py:524} INFO - 24/09/23 22:07:51 INFO DAGScheduler: Parents of final stage: List()
[2024-09-23T22:07:51.467+0000] {ssh.py:524} INFO - 24/09/23 22:07:51 INFO DAGScheduler: Missing parents: List()
[2024-09-23T22:07:51.467+0000] {ssh.py:524} INFO - 24/09/23 22:07:51 INFO DAGScheduler: Submitting ResultStage 1 (MapPartitionsRDD[20] at save at NativeMethodAccessorImpl.java:0), which has no missing parents
[2024-09-23T22:07:51.509+0000] {ssh.py:524} INFO - 24/09/23 22:07:51 INFO MemoryStore: Block broadcast_4 stored as values in memory (estimated size 238.2 KiB, free 9.4 GiB)
[2024-09-23T22:07:51.512+0000] {ssh.py:524} INFO - 24/09/23 22:07:51 INFO MemoryStore: Block broadcast_4_piece0 stored as bytes in memory (estimated size 89.1 KiB, free 9.4 GiB)
[2024-09-23T22:07:51.514+0000] {ssh.py:524} INFO - 24/09/23 22:07:51 INFO BlockManagerInfo: Added broadcast_4_piece0 in memory on spark-master:40537 (size: 89.1 KiB, free: 9.4 GiB)
[2024-09-23T22:07:51.516+0000] {ssh.py:524} INFO - 24/09/23 22:07:51 INFO SparkContext: Created broadcast 4 from broadcast at DAGScheduler.scala:1513
[2024-09-23T22:07:51.517+0000] {ssh.py:524} INFO - 24/09/23 22:07:51 INFO DAGScheduler: Submitting 1 missing tasks from ResultStage 1 (MapPartitionsRDD[20] at save at NativeMethodAccessorImpl.java:0) (first 15 tasks are for partitions Vector(0))
[2024-09-23T22:07:51.518+0000] {ssh.py:524} INFO - 24/09/23 22:07:51 INFO TaskSchedulerImpl: Adding task set 1.0 with 1 tasks resource profile 0
[2024-09-23T22:07:51.519+0000] {ssh.py:524} INFO - 24/09/23 22:07:51 INFO TaskSetManager: Starting task 0.0 in stage 1.0 (TID 1) (spark-master, executor driver, partition 0, PROCESS_LOCAL, 4903 bytes) taskResourceAssignments Map()
[2024-09-23T22:07:51.520+0000] {ssh.py:524} INFO - 24/09/23 22:07:51 INFO Executor: Running task 0.0 in stage 1.0 (TID 1)
[2024-09-23T22:07:51.587+0000] {ssh.py:524} INFO - 24/09/23 22:07:51 INFO BlockManagerInfo: Removed broadcast_1_piece0 on spark-master:40537 in memory (size: 5.9 KiB, free: 9.4 GiB)
[2024-09-23T22:07:52.170+0000] {ssh.py:524} INFO - 24/09/23 22:07:52 INFO FileScanRDD: Reading File path: s3a://raw/GTFS/paradas/stops.txt, range: 0-2221690, partition values: [empty row]
[2024-09-23T22:07:52.173+0000] {ssh.py:524} INFO - 24/09/23 22:07:52 INFO FileOutputCommitter: File Output Committer Algorithm version is 1
[2024-09-23T22:07:52.174+0000] {ssh.py:524} INFO - 24/09/23 22:07:52 INFO FileOutputCommitter: FileOutputCommitter skip cleanup _temporary folders under output directory:false, ignore cleanup failures: false
[2024-09-23T22:07:52.175+0000] {ssh.py:524} INFO - 24/09/23 22:07:52 INFO SQLHadoopMapReduceCommitProtocol: Using user defined output committer class org.apache.parquet.hadoop.ParquetOutputCommitter
[2024-09-23T22:07:52.176+0000] {ssh.py:524} INFO - 24/09/23 22:07:52 INFO FileOutputCommitter: File Output Committer Algorithm version is 1
[2024-09-23T22:07:52.177+0000] {ssh.py:524} INFO - 24/09/23 22:07:52 INFO FileOutputCommitter: FileOutputCommitter skip cleanup _temporary folders under output directory:false, ignore cleanup failures: false
[2024-09-23T22:07:52.177+0000] {ssh.py:524} INFO - 24/09/23 22:07:52 INFO SQLHadoopMapReduceCommitProtocol: Using output committer class org.apache.parquet.hadoop.ParquetOutputCommitter
[2024-09-23T22:07:52.185+0000] {ssh.py:524} INFO - 24/09/23 22:07:52 INFO CodecConfig: Compression: SNAPPY
[2024-09-23T22:07:52.187+0000] {ssh.py:524} INFO - 24/09/23 22:07:52 INFO CodecConfig: Compression: SNAPPY
[2024-09-23T22:07:52.190+0000] {ssh.py:524} INFO - 24/09/23 22:07:52 INFO CodeGenerator: Code generated in 17.077916 ms
[2024-09-23T22:07:52.213+0000] {ssh.py:524} INFO - 24/09/23 22:07:52 INFO ParquetOutputFormat: Parquet block size to 134217728
[2024-09-23T22:07:52.214+0000] {ssh.py:524} INFO - 24/09/23 22:07:52 INFO ParquetOutputFormat: Validation is off
[2024-09-23T22:07:52.214+0000] {ssh.py:524} INFO - 24/09/23 22:07:52 INFO ParquetOutputFormat: Maximum row group padding size is 8388608 bytes
[2024-09-23T22:07:52.215+0000] {ssh.py:524} INFO - 24/09/23 22:07:52 INFO ParquetOutputFormat: Parquet properties are:
[2024-09-23T22:07:52.215+0000] {ssh.py:524} INFO - Parquet page size to 1048576
[2024-09-23T22:07:52.215+0000] {ssh.py:524} INFO - Parquet dictionary page size to 1048576
[2024-09-23T22:07:52.216+0000] {ssh.py:524} INFO - Dictionary is true
[2024-09-23T22:07:52.217+0000] {ssh.py:524} INFO - Writer version is: PARQUET_1_0
[2024-09-23T22:07:52.217+0000] {ssh.py:524} INFO - Page size checking is: estimated
[2024-09-23T22:07:52.218+0000] {ssh.py:524} INFO - Min row count for page size check is: 100
[2024-09-23T22:07:52.218+0000] {ssh.py:524} INFO - Max row count for page size check is: 10000
[2024-09-23T22:07:52.219+0000] {ssh.py:524} INFO - Truncate length for column indexes is: 64
[2024-09-23T22:07:52.219+0000] {ssh.py:524} INFO - Truncate length for statistics min/max  is: 2147483647
[2024-09-23T22:07:52.220+0000] {ssh.py:524} INFO - Bloom filter enabled: false
[2024-09-23T22:07:52.220+0000] {ssh.py:524} INFO - Max Bloom filter size for a column is 1048576
[2024-09-23T22:07:52.220+0000] {ssh.py:524} INFO - Bloom filter expected number of distinct values are: null
[2024-09-23T22:07:52.221+0000] {ssh.py:524} INFO - Page row count limit to 20000
[2024-09-23T22:07:52.221+0000] {ssh.py:524} INFO - Writing page checksums is: on
[2024-09-23T22:07:52.222+0000] {ssh.py:524} INFO - 24/09/23 22:07:52 INFO CodeGenerator: Code generated in 5.332002 ms
[2024-09-23T22:07:52.242+0000] {ssh.py:524} INFO - 24/09/23 22:07:52 INFO ParquetWriteSupport: Initialized Parquet WriteSupport with Catalyst schema:
[2024-09-23T22:07:52.242+0000] {ssh.py:524} INFO - {
[2024-09-23T22:07:52.243+0000] {ssh.py:524} INFO -   "type" : "struct",
[2024-09-23T22:07:52.243+0000] {ssh.py:524} INFO -   "fields" : [ {
[2024-09-23T22:07:52.243+0000] {ssh.py:524} INFO -     "name" : "data",
[2024-09-23T22:07:52.244+0000] {ssh.py:524} INFO -     "type" : "string",
[2024-09-23T22:07:52.244+0000] {ssh.py:524} INFO -     "nullable" : true,
[2024-09-23T22:07:52.244+0000] {ssh.py:524} INFO -     "metadata" : { }
[2024-09-23T22:07:52.245+0000] {ssh.py:524} INFO -   } ]
[2024-09-23T22:07:52.245+0000] {ssh.py:524} INFO - }
[2024-09-23T22:07:52.245+0000] {ssh.py:524} INFO - and corresponding Parquet message type:
[2024-09-23T22:07:52.246+0000] {ssh.py:524} INFO - message spark_schema {
[2024-09-23T22:07:52.246+0000] {ssh.py:524} INFO -   optional binary data (STRING);
[2024-09-23T22:07:52.247+0000] {ssh.py:524} INFO - }
[2024-09-23T22:07:52.247+0000] {ssh.py:524} INFO - 
[2024-09-23T22:07:52.247+0000] {ssh.py:524} INFO -        
[2024-09-23T22:07:52.305+0000] {ssh.py:524} INFO - 24/09/23 22:07:52 INFO CodecPool: Got brand-new compressor [.snappy]
[2024-09-23T22:35:43.145+0000] {ssh.py:524} INFO - 24/09/23 22:35:43 INFO PythonRunner: Times: total = 1671508, boot = 524, init = 329, finish = 1670655
[2024-09-23T22:35:43.470+0000] {ssh.py:524} INFO - 24/09/23 22:35:43 INFO FileOutputCommitter: Saved output of task 'attempt_202409232207517220121020499968493_0001_m_000000_1' to s3a://raw/olhovivo/paradas_unparsed/_temporary/0/task_202409232207517220121020499968493_0001_m_000000
[2024-09-23T22:35:43.471+0000] {ssh.py:524} INFO - 24/09/23 22:35:43 INFO SparkHadoopMapRedUtil: attempt_202409232207517220121020499968493_0001_m_000000_1: Committed. Elapsed time: 98 ms.
[2024-09-23T22:35:43.475+0000] {ssh.py:524} INFO - 24/09/23 22:35:43 INFO Executor: Finished task 0.0 in stage 1.0 (TID 1). 3211 bytes result sent to driver
[2024-09-23T22:35:43.477+0000] {ssh.py:524} INFO - 24/09/23 22:35:43 INFO TaskSetManager: Finished task 0.0 in stage 1.0 (TID 1) in 1671959 ms on spark-master (executor driver) (1/1)
[2024-09-23T22:35:43.478+0000] {ssh.py:524} INFO - 24/09/23 22:35:43 INFO TaskSchedulerImpl: Removed TaskSet 1.0, whose tasks have all completed, from pool 
[2024-09-23T22:35:43.478+0000] {ssh.py:524} INFO - 24/09/23 22:35:43 INFO PythonAccumulatorV2: Connected to AccumulatorServer at host: 127.0.0.1 port: 45879
[2024-09-23T22:35:43.480+0000] {ssh.py:524} INFO - 24/09/23 22:35:43 INFO DAGScheduler: ResultStage 1 (save at NativeMethodAccessorImpl.java:0) finished in 1672.013 s
[2024-09-23T22:35:43.481+0000] {ssh.py:524} INFO - 24/09/23 22:35:43 INFO DAGScheduler: Job 1 is finished. Cancelling potential speculative or zombie tasks for this job
[2024-09-23T22:35:43.481+0000] {ssh.py:524} INFO - 24/09/23 22:35:43 INFO TaskSchedulerImpl: Killing all running tasks in stage 1: Stage finished
[2024-09-23T22:35:43.482+0000] {ssh.py:524} INFO - 24/09/23 22:35:43 INFO DAGScheduler: Job 1 finished: save at NativeMethodAccessorImpl.java:0, took 1672.029664 s
[2024-09-23T22:35:43.484+0000] {ssh.py:524} INFO - 24/09/23 22:35:43 INFO FileFormatWriter: Start to commit write Job 65dc75af-99e8-4bfa-a966-8bb808d7a6d6.
[2024-09-23T22:35:43.604+0000] {ssh.py:524} INFO - 24/09/23 22:35:43 INFO FileFormatWriter: Write Job 65dc75af-99e8-4bfa-a966-8bb808d7a6d6 committed. Elapsed time: 119 ms.
[2024-09-23T22:35:43.607+0000] {ssh.py:524} INFO - 24/09/23 22:35:43 INFO FileFormatWriter: Finished processing stats for write job 65dc75af-99e8-4bfa-a966-8bb808d7a6d6.
[2024-09-23T22:35:43.708+0000] {ssh.py:524} INFO - 24/09/23 22:35:43 INFO CodeGenerator: Code generated in 8.185893 ms
[2024-09-23T22:35:43.722+0000] {ssh.py:524} INFO - 24/09/23 22:35:43 INFO DAGScheduler: Registering RDD 22 (count at NativeMethodAccessorImpl.java:0) as input to shuffle 0
[2024-09-23T22:35:43.725+0000] {ssh.py:524} INFO - 24/09/23 22:35:43 INFO DAGScheduler: Got map stage job 2 (count at NativeMethodAccessorImpl.java:0) with 1 output partitions
[2024-09-23T22:35:43.725+0000] {ssh.py:524} INFO - 24/09/23 22:35:43 INFO DAGScheduler: Final stage: ShuffleMapStage 2 (count at NativeMethodAccessorImpl.java:0)
[2024-09-23T22:35:43.726+0000] {ssh.py:524} INFO - 24/09/23 22:35:43 INFO DAGScheduler: Parents of final stage: List()
[2024-09-23T22:35:43.726+0000] {ssh.py:524} INFO - 24/09/23 22:35:43 INFO DAGScheduler: Missing parents: List()
[2024-09-23T22:35:43.727+0000] {ssh.py:524} INFO - 24/09/23 22:35:43 INFO DAGScheduler: Submitting ShuffleMapStage 2 (MapPartitionsRDD[22] at count at NativeMethodAccessorImpl.java:0), which has no missing parents
[2024-09-23T22:35:43.738+0000] {ssh.py:524} INFO - 24/09/23 22:35:43 INFO MemoryStore: Block broadcast_5 stored as values in memory (estimated size 34.4 KiB, free 9.4 GiB)
[2024-09-23T22:35:43.740+0000] {ssh.py:524} INFO - 24/09/23 22:35:43 INFO MemoryStore: Block broadcast_5_piece0 stored as bytes in memory (estimated size 17.6 KiB, free 9.4 GiB)
[2024-09-23T22:35:43.741+0000] {ssh.py:524} INFO - 24/09/23 22:35:43 INFO BlockManagerInfo: Added broadcast_5_piece0 in memory on spark-master:40537 (size: 17.6 KiB, free: 9.4 GiB)
[2024-09-23T22:35:43.742+0000] {ssh.py:524} INFO - 24/09/23 22:35:43 INFO SparkContext: Created broadcast 5 from broadcast at DAGScheduler.scala:1513
[2024-09-23T22:35:43.743+0000] {ssh.py:524} INFO - 24/09/23 22:35:43 INFO DAGScheduler: Submitting 1 missing tasks from ShuffleMapStage 2 (MapPartitionsRDD[22] at count at NativeMethodAccessorImpl.java:0) (first 15 tasks are for partitions Vector(0))
[2024-09-23T22:35:43.744+0000] {ssh.py:524} INFO - 24/09/23 22:35:43 INFO TaskSchedulerImpl: Adding task set 2.0 with 1 tasks resource profile 0
[2024-09-23T22:35:43.745+0000] {ssh.py:524} INFO - 24/09/23 22:35:43 INFO TaskSetManager: Starting task 0.0 in stage 2.0 (TID 2) (spark-master, executor driver, partition 0, PROCESS_LOCAL, 4892 bytes) taskResourceAssignments Map()
[2024-09-23T22:35:43.746+0000] {ssh.py:524} INFO - 24/09/23 22:35:43 INFO Executor: Running task 0.0 in stage 2.0 (TID 2)
[2024-09-23T22:35:43.758+0000] {ssh.py:524} INFO - 24/09/23 22:35:43 INFO FileScanRDD: Reading File path: s3a://raw/GTFS/paradas/stops.txt, range: 0-2221690, partition values: [empty row]
[2024-09-23T22:37:43.967+0000] {ssh.py:524} INFO - 24/09/23 22:37:43 INFO BlockManagerInfo: Removed broadcast_2_piece0 on spark-master:40537 in memory (size: 35.9 KiB, free: 9.4 GiB)
[2024-09-23T22:37:43.969+0000] {ssh.py:524} INFO - 24/09/23 22:37:43 INFO BlockManagerInfo: Removed broadcast_4_piece0 on spark-master:40537 in memory (size: 89.1 KiB, free: 9.4 GiB)
[2024-09-23T22:37:43.972+0000] {ssh.py:524} INFO - 24/09/23 22:37:43 INFO BlockManagerInfo: Removed broadcast_0_piece0 on spark-master:40537 in memory (size: 35.9 KiB, free: 9.4 GiB)
[2024-09-23T23:03:15.583+0000] {ssh.py:524} INFO - 24/09/23 23:03:15 INFO PythonRunner: Times: total = 1651826, boot = -606, init = 679, finish = 1651753
[2024-09-23T23:03:15.609+0000] {ssh.py:524} INFO - 24/09/23 23:03:15 INFO Executor: Finished task 0.0 in stage 2.0 (TID 2). 2612 bytes result sent to driver
[2024-09-23T23:03:15.615+0000] {ssh.py:524} INFO - 24/09/23 23:03:15 INFO TaskSetManager: Finished task 0.0 in stage 2.0 (TID 2) in 1651871 ms on spark-master (executor driver) (1/1)
[2024-09-23T23:03:15.616+0000] {ssh.py:524} INFO - 24/09/23 23:03:15 INFO TaskSchedulerImpl: Removed TaskSet 2.0, whose tasks have all completed, from pool 
[2024-09-23T23:03:15.617+0000] {ssh.py:524} INFO - 24/09/23 23:03:15 INFO DAGScheduler: ShuffleMapStage 2 (count at NativeMethodAccessorImpl.java:0) finished in 1651.888 s
[2024-09-23T23:03:15.618+0000] {ssh.py:524} INFO - 24/09/23 23:03:15 INFO DAGScheduler: looking for newly runnable stages
[2024-09-23T23:03:15.618+0000] {ssh.py:524} INFO - 24/09/23 23:03:15 INFO DAGScheduler: running: Set()
[2024-09-23T23:03:15.619+0000] {ssh.py:524} INFO - 24/09/23 23:03:15 INFO DAGScheduler: waiting: Set()
[2024-09-23T23:03:15.619+0000] {ssh.py:524} INFO - 24/09/23 23:03:15 INFO DAGScheduler: failed: Set()
[2024-09-23T23:03:15.648+0000] {ssh.py:524} INFO - 24/09/23 23:03:15 INFO CodeGenerator: Code generated in 9.257509 ms
[2024-09-23T23:03:15.667+0000] {ssh.py:524} INFO - 24/09/23 23:03:15 INFO SparkContext: Starting job: count at NativeMethodAccessorImpl.java:0
[2024-09-23T23:03:15.669+0000] {ssh.py:524} INFO - 24/09/23 23:03:15 INFO DAGScheduler: Got job 3 (count at NativeMethodAccessorImpl.java:0) with 1 output partitions
[2024-09-23T23:03:15.669+0000] {ssh.py:524} INFO - 24/09/23 23:03:15 INFO DAGScheduler: Final stage: ResultStage 4 (count at NativeMethodAccessorImpl.java:0)
[2024-09-23T23:03:15.670+0000] {ssh.py:524} INFO - 24/09/23 23:03:15 INFO DAGScheduler: Parents of final stage: List(ShuffleMapStage 3)
[2024-09-23T23:03:15.670+0000] {ssh.py:524} INFO - 24/09/23 23:03:15 INFO DAGScheduler: Missing parents: List()
[2024-09-23T23:03:15.671+0000] {ssh.py:524} INFO - 24/09/23 23:03:15 INFO DAGScheduler: Submitting ResultStage 4 (MapPartitionsRDD[25] at count at NativeMethodAccessorImpl.java:0), which has no missing parents
[2024-09-23T23:03:15.675+0000] {ssh.py:524} INFO - 24/09/23 23:03:15 INFO MemoryStore: Block broadcast_6 stored as values in memory (estimated size 11.1 KiB, free 9.4 GiB)
[2024-09-23T23:03:15.676+0000] {ssh.py:524} INFO - 24/09/23 23:03:15 INFO MemoryStore: Block broadcast_6_piece0 stored as bytes in memory (estimated size 5.5 KiB, free 9.4 GiB)
[2024-09-23T23:03:15.678+0000] {ssh.py:524} INFO - 24/09/23 23:03:15 INFO BlockManagerInfo: Added broadcast_6_piece0 in memory on spark-master:40537 (size: 5.5 KiB, free: 9.4 GiB)
[2024-09-23T23:03:15.678+0000] {ssh.py:524} INFO - 24/09/23 23:03:15 INFO SparkContext: Created broadcast 6 from broadcast at DAGScheduler.scala:1513
[2024-09-23T23:03:15.679+0000] {ssh.py:524} INFO - 24/09/23 23:03:15 INFO DAGScheduler: Submitting 1 missing tasks from ResultStage 4 (MapPartitionsRDD[25] at count at NativeMethodAccessorImpl.java:0) (first 15 tasks are for partitions Vector(0))
[2024-09-23T23:03:15.679+0000] {ssh.py:524} INFO - 24/09/23 23:03:15 INFO TaskSchedulerImpl: Adding task set 4.0 with 1 tasks resource profile 0
[2024-09-23T23:03:15.683+0000] {ssh.py:524} INFO - 24/09/23 23:03:15 INFO TaskSetManager: Starting task 0.0 in stage 4.0 (TID 3) (spark-master, executor driver, partition 0, NODE_LOCAL, 4453 bytes) taskResourceAssignments Map()
[2024-09-23T23:03:15.684+0000] {ssh.py:524} INFO - 24/09/23 23:03:15 INFO Executor: Running task 0.0 in stage 4.0 (TID 3)
[2024-09-23T23:03:15.708+0000] {ssh.py:524} INFO - 24/09/23 23:03:15 INFO ShuffleBlockFetcherIterator: Getting 1 (60.0 B) non-empty blocks including 1 (60.0 B) local and 0 (0.0 B) host-local and 0 (0.0 B) push-merged-local and 0 (0.0 B) remote blocks
[2024-09-23T23:03:15.710+0000] {ssh.py:524} INFO - 24/09/23 23:03:15 INFO ShuffleBlockFetcherIterator: Started 0 remote fetches in 10 ms
[2024-09-23T23:03:15.721+0000] {ssh.py:524} INFO - 24/09/23 23:03:15 INFO Executor: Finished task 0.0 in stage 4.0 (TID 3). 2656 bytes result sent to driver
[2024-09-23T23:03:15.723+0000] {ssh.py:524} INFO - 24/09/23 23:03:15 INFO TaskSetManager: Finished task 0.0 in stage 4.0 (TID 3) in 42 ms on spark-master (executor driver) (1/1)
[2024-09-23T23:03:15.724+0000] {ssh.py:524} INFO - 24/09/23 23:03:15 INFO TaskSchedulerImpl: Removed TaskSet 4.0, whose tasks have all completed, from pool 
[2024-09-23T23:03:15.725+0000] {ssh.py:524} INFO - 24/09/23 23:03:15 INFO DAGScheduler: ResultStage 4 (count at NativeMethodAccessorImpl.java:0) finished in 0.051 s
[2024-09-23T23:03:15.725+0000] {ssh.py:524} INFO - 24/09/23 23:03:15 INFO DAGScheduler: Job 3 is finished. Cancelling potential speculative or zombie tasks for this job
[2024-09-23T23:03:15.726+0000] {ssh.py:524} INFO - 24/09/23 23:03:15 INFO TaskSchedulerImpl: Killing all running tasks in stage 4: Stage finished
[2024-09-23T23:03:15.726+0000] {ssh.py:524} INFO - 24/09/23 23:03:15 INFO DAGScheduler: Job 3 finished: count at NativeMethodAccessorImpl.java:0, took 0.057006 s
[2024-09-23T23:03:15.727+0000] {ssh.py:524} INFO - [DEBUG] previsao_df count is 20352
[2024-09-23T23:03:15.765+0000] {ssh.py:524} INFO - 24/09/23 23:03:15 INFO InMemoryFileIndex: It took 5 ms to list leaf files for 1 paths.
[2024-09-23T23:03:15.891+0000] {ssh.py:524} INFO - 24/09/23 23:03:15 INFO FileSourceStrategy: Pushed Filters: 
[2024-09-23T23:03:15.892+0000] {ssh.py:524} INFO - 24/09/23 23:03:15 INFO FileSourceStrategy: Post-Scan Filters: 
[2024-09-23T23:03:15.892+0000] {ssh.py:524} INFO - 24/09/23 23:03:15 INFO FileSourceStrategy: Output Data Schema: struct<data: string>
[2024-09-23T23:03:15.918+0000] {ssh.py:524} INFO - 24/09/23 23:03:15 WARN AbstractS3ACommitterFactory: Using standard FileOutputCommitter to commit work. This is slow and potentially unsafe.
[2024-09-23T23:03:15.919+0000] {ssh.py:524} INFO - 24/09/23 23:03:15 INFO FileOutputCommitter: File Output Committer Algorithm version is 1
[2024-09-23T23:03:15.919+0000] {ssh.py:524} INFO - 24/09/23 23:03:15 INFO FileOutputCommitter: FileOutputCommitter skip cleanup _temporary folders under output directory:false, ignore cleanup failures: false
[2024-09-23T23:03:15.920+0000] {ssh.py:524} INFO - 24/09/23 23:03:15 INFO AbstractS3ACommitterFactory: Using Committer FileOutputCommitter{PathOutputCommitter{context=TaskAttemptContextImpl{JobContextImpl{jobId=job_202409232303155668546100425882330_0000}; taskId=attempt_202409232303155668546100425882330_0000_m_000000_0, status=''}; org.apache.hadoop.mapreduce.lib.output.FileOutputCommitter@5f0076c1}; outputPath=s3a://raw/olhovivo/previsao/dt=2024-09-23, workPath=s3a://raw/olhovivo/previsao/dt=2024-09-23/_temporary/0/_temporary/attempt_202409232303155668546100425882330_0000_m_000000_0, algorithmVersion=1, skipCleanup=false, ignoreCleanupFailures=false} for s3a://raw/olhovivo/previsao/dt=2024-09-23
[2024-09-23T23:03:15.920+0000] {ssh.py:524} INFO - 24/09/23 23:03:15 INFO SQLHadoopMapReduceCommitProtocol: Using output committer class org.apache.hadoop.mapreduce.lib.output.FileOutputCommitter
[2024-09-23T23:03:15.998+0000] {ssh.py:524} INFO - 24/09/23 23:03:15 INFO CodeGenerator: Code generated in 26.50564 ms
[2024-09-23T23:03:16.015+0000] {ssh.py:524} INFO - 24/09/23 23:03:16 INFO CodeGenerator: Code generated in 11.063077 ms
[2024-09-23T23:03:16.019+0000] {ssh.py:524} INFO - 24/09/23 23:03:16 INFO MemoryStore: Block broadcast_7 stored as values in memory (estimated size 216.4 KiB, free 9.4 GiB)
[2024-09-23T23:03:16.045+0000] {ssh.py:524} INFO - 24/09/23 23:03:16 INFO MemoryStore: Block broadcast_7_piece0 stored as bytes in memory (estimated size 36.5 KiB, free 9.4 GiB)
[2024-09-23T23:03:16.046+0000] {ssh.py:524} INFO - 24/09/23 23:03:16 INFO BlockManagerInfo: Added broadcast_7_piece0 in memory on spark-master:40537 (size: 36.5 KiB, free: 9.4 GiB)
[2024-09-23T23:03:16.047+0000] {ssh.py:524} INFO - 24/09/23 23:03:16 INFO SparkContext: Created broadcast 7 from save at NativeMethodAccessorImpl.java:0
[2024-09-23T23:03:16.050+0000] {ssh.py:524} INFO - 24/09/23 23:03:16 INFO FileSourceScanExec: Planning scan with bin packing, max size: 4194304 bytes, open cost is considered as scanning 4194304 bytes.
[2024-09-23T23:03:16.057+0000] {ssh.py:524} INFO - 24/09/23 23:03:16 INFO BlockManagerInfo: Removed broadcast_6_piece0 on spark-master:40537 in memory (size: 5.5 KiB, free: 9.4 GiB)
[2024-09-23T23:03:16.073+0000] {ssh.py:524} INFO - 24/09/23 23:03:16 INFO SparkContext: Starting job: save at NativeMethodAccessorImpl.java:0
[2024-09-23T23:03:16.075+0000] {ssh.py:524} INFO - 24/09/23 23:03:16 INFO DAGScheduler: Got job 4 (save at NativeMethodAccessorImpl.java:0) with 2 output partitions
[2024-09-23T23:03:16.075+0000] {ssh.py:524} INFO - 24/09/23 23:03:16 INFO DAGScheduler: Final stage: ResultStage 5 (save at NativeMethodAccessorImpl.java:0)
[2024-09-23T23:03:16.076+0000] {ssh.py:524} INFO - 24/09/23 23:03:16 INFO DAGScheduler: Parents of final stage: List()
[2024-09-23T23:03:16.076+0000] {ssh.py:524} INFO - 24/09/23 23:03:16 INFO DAGScheduler: Missing parents: List()
[2024-09-23T23:03:16.076+0000] {ssh.py:524} INFO - 24/09/23 23:03:16 INFO DAGScheduler: Submitting ResultStage 5 (MapPartitionsRDD[30] at save at NativeMethodAccessorImpl.java:0), which has no missing parents
[2024-09-23T23:03:16.101+0000] {ssh.py:524} INFO - 24/09/23 23:03:16 INFO MemoryStore: Block broadcast_8 stored as values in memory (estimated size 241.3 KiB, free 9.4 GiB)
[2024-09-23T23:03:16.103+0000] {ssh.py:524} INFO - 24/09/23 23:03:16 INFO MemoryStore: Block broadcast_8_piece0 stored as bytes in memory (estimated size 87.6 KiB, free 9.4 GiB)
[2024-09-23T23:03:16.104+0000] {ssh.py:524} INFO - 24/09/23 23:03:16 INFO BlockManagerInfo: Added broadcast_8_piece0 in memory on spark-master:40537 (size: 87.6 KiB, free: 9.4 GiB)
[2024-09-23T23:03:16.105+0000] {ssh.py:524} INFO - 24/09/23 23:03:16 INFO SparkContext: Created broadcast 8 from broadcast at DAGScheduler.scala:1513
[2024-09-23T23:03:16.105+0000] {ssh.py:524} INFO - 24/09/23 23:03:16 INFO DAGScheduler: Submitting 2 missing tasks from ResultStage 5 (MapPartitionsRDD[30] at save at NativeMethodAccessorImpl.java:0) (first 15 tasks are for partitions Vector(0, 1))
[2024-09-23T23:03:16.106+0000] {ssh.py:524} INFO - 24/09/23 23:03:16 INFO TaskSchedulerImpl: Adding task set 5.0 with 2 tasks resource profile 0
[2024-09-23T23:03:16.107+0000] {ssh.py:524} INFO - 24/09/23 23:03:16 INFO TaskSetManager: Starting task 0.0 in stage 5.0 (TID 4) (spark-master, executor driver, partition 0, PROCESS_LOCAL, 4974 bytes) taskResourceAssignments Map()
[2024-09-23T23:03:16.108+0000] {ssh.py:524} INFO - 24/09/23 23:03:16 INFO TaskSetManager: Starting task 1.0 in stage 5.0 (TID 5) (spark-master, executor driver, partition 1, PROCESS_LOCAL, 4974 bytes) taskResourceAssignments Map()
[2024-09-23T23:03:16.108+0000] {ssh.py:524} INFO - 24/09/23 23:03:16 INFO Executor: Running task 0.0 in stage 5.0 (TID 4)
[2024-09-23T23:03:16.108+0000] {ssh.py:524} INFO - 24/09/23 23:03:16 INFO Executor: Running task 1.0 in stage 5.0 (TID 5)
[2024-09-23T23:03:16.159+0000] {ssh.py:524} INFO - 24/09/23 23:03:16 INFO CodeGenerator: Code generated in 17.579002 ms
[2024-09-23T23:03:16.161+0000] {ssh.py:524} INFO - 24/09/23 23:03:16 WARN AbstractS3ACommitterFactory: Using standard FileOutputCommitter to commit work. This is slow and potentially unsafe.
[2024-09-23T23:03:16.162+0000] {ssh.py:524} INFO - 24/09/23 23:03:16 WARN AbstractS3ACommitterFactory: Using standard FileOutputCommitter to commit work. This is slow and potentially unsafe.
[2024-09-23T23:03:16.162+0000] {ssh.py:524} INFO - 24/09/23 23:03:16 INFO FileOutputCommitter: File Output Committer Algorithm version is 1
[2024-09-23T23:03:16.163+0000] {ssh.py:524} INFO - 24/09/23 23:03:16 INFO FileOutputCommitter: File Output Committer Algorithm version is 1
[2024-09-23T23:03:16.163+0000] {ssh.py:524} INFO - 24/09/23 23:03:16 INFO FileOutputCommitter: FileOutputCommitter skip cleanup _temporary folders under output directory:false, ignore cleanup failures: false
[2024-09-23T23:03:16.164+0000] {ssh.py:524} INFO - 24/09/23 23:03:16 INFO FileOutputCommitter: FileOutputCommitter skip cleanup _temporary folders under output directory:false, ignore cleanup failures: false
[2024-09-23T23:03:16.164+0000] {ssh.py:524} INFO - 24/09/23 23:03:16 INFO AbstractS3ACommitterFactory: Using Committer FileOutputCommitter{PathOutputCommitter{context=TaskAttemptContextImpl{JobContextImpl{jobId=job_20240923230316547596141612944132_0005}; taskId=attempt_20240923230316547596141612944132_0005_m_000001_5, status=''}; org.apache.hadoop.mapreduce.lib.output.FileOutputCommitter@2a65a94a}; outputPath=s3a://raw/olhovivo/previsao/dt=2024-09-23, workPath=s3a://raw/olhovivo/previsao/dt=2024-09-23/_temporary/0/_temporary/attempt_20240923230316547596141612944132_0005_m_000001_5, algorithmVersion=1, skipCleanup=false, ignoreCleanupFailures=false} for s3a://raw/olhovivo/previsao/dt=2024-09-23
[2024-09-23T23:03:16.164+0000] {ssh.py:524} INFO - 24/09/23 23:03:16 INFO AbstractS3ACommitterFactory: Using Committer FileOutputCommitter{PathOutputCommitter{context=TaskAttemptContextImpl{JobContextImpl{jobId=job_202409232303167693565265857361373_0005}; taskId=attempt_202409232303167693565265857361373_0005_m_000000_4, status=''}; org.apache.hadoop.mapreduce.lib.output.FileOutputCommitter@4d666071}; outputPath=s3a://raw/olhovivo/previsao/dt=2024-09-23, workPath=s3a://raw/olhovivo/previsao/dt=2024-09-23/_temporary/0/_temporary/attempt_202409232303167693565265857361373_0005_m_000000_4, algorithmVersion=1, skipCleanup=false, ignoreCleanupFailures=false} for s3a://raw/olhovivo/previsao/dt=2024-09-23
[2024-09-23T23:03:16.165+0000] {ssh.py:524} INFO - 24/09/23 23:03:16 INFO SQLHadoopMapReduceCommitProtocol: Using output committer class org.apache.hadoop.mapreduce.lib.output.FileOutputCommitter
[2024-09-23T23:03:16.165+0000] {ssh.py:524} INFO - 24/09/23 23:03:16 INFO SQLHadoopMapReduceCommitProtocol: Using output committer class org.apache.hadoop.mapreduce.lib.output.FileOutputCommitter
[2024-09-23T23:03:16.165+0000] {ssh.py:524} INFO - 24/09/23 23:03:16 INFO FileScanRDD: Reading File path: s3a://raw/olhovivo/paradas_unparsed/part-00000-5466ff7f-fe0c-4168-9e36-3090fb70e582-c000.snappy.parquet, range: 4194304-4444075, partition values: [empty row]
[2024-09-23T23:03:16.175+0000] {ssh.py:524} INFO - 24/09/23 23:03:16 INFO FileScanRDD: Reading File path: s3a://raw/olhovivo/paradas_unparsed/part-00000-5466ff7f-fe0c-4168-9e36-3090fb70e582-c000.snappy.parquet, range: 0-4194304, partition values: [empty row]
[2024-09-23T23:03:16.184+0000] {ssh.py:524} INFO - 24/09/23 23:03:16 INFO S3AInputStream: Switching to Random IO seek policy
[2024-09-23T23:03:16.184+0000] {ssh.py:524} INFO - 24/09/23 23:03:16 INFO S3AInputStream: Switching to Random IO seek policy
[2024-09-23T23:03:16.209+0000] {ssh.py:524} INFO - 24/09/23 23:03:16 INFO S3AInputStream: Switching to Random IO seek policy
[2024-09-23T23:03:16.210+0000] {ssh.py:524} INFO - 24/09/23 23:03:16 INFO S3AInputStream: Switching to Random IO seek policy
[2024-09-23T23:03:16.230+0000] {ssh.py:524} INFO - 24/09/23 23:03:16 INFO SparkHadoopMapRedUtil: No need to commit output of task because needsTaskCommit=false: attempt_20240923230316547596141612944132_0005_m_000001_5
[2024-09-23T23:03:16.232+0000] {ssh.py:524} INFO - 24/09/23 23:03:16 INFO Executor: Finished task 1.0 in stage 5.0 (TID 5). 2891 bytes result sent to driver
[2024-09-23T23:03:16.233+0000] {ssh.py:524} INFO - 24/09/23 23:03:16 INFO TaskSetManager: Finished task 1.0 in stage 5.0 (TID 5) in 126 ms on spark-master (executor driver) (1/2)
[2024-09-23T23:03:16.237+0000] {ssh.py:524} INFO - 24/09/23 23:03:16 INFO CodecPool: Got brand-new decompressor [.snappy]
[2024-09-23T23:03:17.675+0000] {ssh.py:524} INFO - 24/09/23 23:03:17 INFO FileOutputCommitter: Saved output of task 'attempt_202409232303167693565265857361373_0005_m_000000_4' to s3a://raw/olhovivo/previsao/dt=2024-09-23/_temporary/0/task_202409232303167693565265857361373_0005_m_000000
[2024-09-23T23:03:17.676+0000] {ssh.py:524} INFO - 24/09/23 23:03:17 INFO SparkHadoopMapRedUtil: attempt_202409232303167693565265857361373_0005_m_000000_4: Committed. Elapsed time: 124 ms.
[2024-09-23T23:03:17.677+0000] {ssh.py:524} INFO - 24/09/23 23:03:17 INFO Executor: Finished task 0.0 in stage 5.0 (TID 4). 3063 bytes result sent to driver
[2024-09-23T23:03:17.677+0000] {ssh.py:524} INFO - 24/09/23 23:03:17 INFO TaskSetManager: Finished task 0.0 in stage 5.0 (TID 4) in 1571 ms on spark-master (executor driver) (2/2)
[2024-09-23T23:03:17.678+0000] {ssh.py:524} INFO - 24/09/23 23:03:17 INFO TaskSchedulerImpl: Removed TaskSet 5.0, whose tasks have all completed, from pool 
[2024-09-23T23:03:17.679+0000] {ssh.py:524} INFO - 24/09/23 23:03:17 INFO DAGScheduler: ResultStage 5 (save at NativeMethodAccessorImpl.java:0) finished in 1.602 s
[2024-09-23T23:03:17.680+0000] {ssh.py:524} INFO - 24/09/23 23:03:17 INFO DAGScheduler: Job 4 is finished. Cancelling potential speculative or zombie tasks for this job
[2024-09-23T23:03:17.680+0000] {ssh.py:524} INFO - 24/09/23 23:03:17 INFO TaskSchedulerImpl: Killing all running tasks in stage 5: Stage finished
[2024-09-23T23:03:17.680+0000] {ssh.py:524} INFO - 24/09/23 23:03:17 INFO DAGScheduler: Job 4 finished: save at NativeMethodAccessorImpl.java:0, took 1.605543 s
[2024-09-23T23:03:17.681+0000] {ssh.py:524} INFO - 24/09/23 23:03:17 INFO FileFormatWriter: Start to commit write Job 8de7f46e-ca86-4513-b00c-1e5b5c895df4.
[2024-09-23T23:03:17.793+0000] {ssh.py:524} INFO - 24/09/23 23:03:17 INFO FileFormatWriter: Write Job 8de7f46e-ca86-4513-b00c-1e5b5c895df4 committed. Elapsed time: 113 ms.
[2024-09-23T23:03:17.793+0000] {ssh.py:524} INFO - 24/09/23 23:03:17 INFO FileFormatWriter: Finished processing stats for write job 8de7f46e-ca86-4513-b00c-1e5b5c895df4.
[2024-09-23T23:03:17.794+0000] {ssh.py:524} INFO - [DEBUG] Done.
[2024-09-23T23:03:17.820+0000] {ssh.py:524} INFO - 24/09/23 23:03:17 INFO SparkContext: Invoking stop() from shutdown hook
[2024-09-23T23:03:17.827+0000] {ssh.py:524} INFO - 24/09/23 23:03:17 INFO SparkUI: Stopped Spark web UI at http://spark-master:4041
[2024-09-23T23:03:17.835+0000] {ssh.py:524} INFO - 24/09/23 23:03:17 INFO MapOutputTrackerMasterEndpoint: MapOutputTrackerMasterEndpoint stopped!
[2024-09-23T23:03:17.845+0000] {ssh.py:524} INFO - 24/09/23 23:03:17 INFO MemoryStore: MemoryStore cleared
[2024-09-23T23:03:17.846+0000] {ssh.py:524} INFO - 24/09/23 23:03:17 INFO BlockManager: BlockManager stopped
[2024-09-23T23:03:17.846+0000] {ssh.py:524} INFO - 24/09/23 23:03:17 INFO BlockManagerMaster: BlockManagerMaster stopped
[2024-09-23T23:03:17.848+0000] {ssh.py:524} INFO - 24/09/23 23:03:17 INFO OutputCommitCoordinator$OutputCommitCoordinatorEndpoint: OutputCommitCoordinator stopped!
[2024-09-23T23:03:17.855+0000] {ssh.py:524} INFO - 24/09/23 23:03:17 INFO SparkContext: Successfully stopped SparkContext
[2024-09-23T23:03:17.855+0000] {ssh.py:524} INFO - 24/09/23 23:03:17 INFO ShutdownHookManager: Shutdown hook called
[2024-09-23T23:03:17.856+0000] {ssh.py:524} INFO - 24/09/23 23:03:17 INFO ShutdownHookManager: Deleting directory /tmp/spark-d1d81707-bbd1-4104-8924-2ff769b09c33
[2024-09-23T23:03:17.858+0000] {ssh.py:524} INFO - 24/09/23 23:03:17 INFO ShutdownHookManager: Deleting directory /tmp/spark-06d0f386-aa69-49d9-adb5-3b6752d47321
[2024-09-23T23:03:17.860+0000] {ssh.py:524} INFO - 24/09/23 23:03:17 INFO ShutdownHookManager: Deleting directory /tmp/spark-06d0f386-aa69-49d9-adb5-3b6752d47321/pyspark-91ff09e0-c04b-47cc-b8f4-276a05c54300
[2024-09-23T23:03:17.865+0000] {ssh.py:524} INFO - 24/09/23 23:03:17 INFO MetricsSystemImpl: Stopping s3a-file-system metrics system...
[2024-09-23T23:03:17.865+0000] {ssh.py:524} INFO - 24/09/23 23:03:17 INFO MetricsSystemImpl: s3a-file-system metrics system stopped.
[2024-09-23T23:03:17.866+0000] {ssh.py:524} INFO - 24/09/23 23:03:17 INFO MetricsSystemImpl: s3a-file-system metrics system shutdown complete.
[2024-09-23T23:03:18.050+0000] {taskinstance.py:1400} INFO - Marking task as SUCCESS. dag_id=raw_ingestion_6h, task_id=spark_raw_ingestion_previsao, execution_date=20240923T000000, start_date=20240923T220736, end_date=20240923T230318
[2024-09-23T23:03:18.083+0000] {local_task_job_runner.py:228} INFO - Task exited with return code 0
[2024-09-23T23:03:18.120+0000] {taskinstance.py:2778} INFO - 0 downstream tasks scheduled from follow-on schedule check
