[2024-09-23T01:49:23.199+0000] {taskinstance.py:1159} INFO - Dependencies all met for dep_context=non-requeueable deps ti=<TaskInstance: raw_ingestion_15min.spark_raw_ingestion_posicao manual__2024-09-23T01:49:22.294617+00:00 [queued]>
[2024-09-23T01:49:23.210+0000] {taskinstance.py:1159} INFO - Dependencies all met for dep_context=requeueable deps ti=<TaskInstance: raw_ingestion_15min.spark_raw_ingestion_posicao manual__2024-09-23T01:49:22.294617+00:00 [queued]>
[2024-09-23T01:49:23.210+0000] {taskinstance.py:1361} INFO - Starting attempt 1 of 0
[2024-09-23T01:49:23.224+0000] {taskinstance.py:1382} INFO - Executing <Task(SSHOperator): spark_raw_ingestion_posicao> on 2024-09-23 01:49:22.294617+00:00
[2024-09-23T01:49:23.228+0000] {standard_task_runner.py:57} INFO - Started process 4078 to run task
[2024-09-23T01:49:23.231+0000] {standard_task_runner.py:84} INFO - Running: ['airflow', 'tasks', 'run', 'raw_ingestion_15min', 'spark_raw_ingestion_posicao', 'manual__2024-09-23T01:49:22.294617+00:00', '--job-id', '460', '--raw', '--subdir', 'DAGS_FOLDER/raw_ingestion_15min.py', '--cfg-path', '/tmp/tmpc9zaf2o2']
[2024-09-23T01:49:23.231+0000] {standard_task_runner.py:85} INFO - Job 460: Subtask spark_raw_ingestion_posicao
[2024-09-23T01:49:23.345+0000] {task_command.py:416} INFO - Running <TaskInstance: raw_ingestion_15min.spark_raw_ingestion_posicao manual__2024-09-23T01:49:22.294617+00:00 [running]> on host airflow-worker
[2024-09-23T01:49:23.524+0000] {taskinstance.py:1662} INFO - Exporting env vars: AIRFLOW_CTX_DAG_OWNER='***' AIRFLOW_CTX_DAG_ID='raw_ingestion_15min' AIRFLOW_CTX_TASK_ID='spark_raw_ingestion_posicao' AIRFLOW_CTX_EXECUTION_DATE='2024-09-23T01:49:22.294617+00:00' AIRFLOW_CTX_TRY_NUMBER='1' AIRFLOW_CTX_DAG_RUN_ID='manual__2024-09-23T01:49:22.294617+00:00'
[2024-09-23T01:49:23.524+0000] {ssh.py:141} INFO - Creating ssh_client
[2024-09-23T01:49:23.525+0000] {ssh.py:114} INFO - ssh_hook is not provided or invalid. Trying ssh_conn_id to create SSHHook.
[2024-09-23T01:49:23.553+0000] {base.py:73} INFO - Using connection ID 'spark_ssh_default' for task execution.
[2024-09-23T01:49:23.554+0000] {ssh.py:300} WARNING - No Host Key Verification. This won't protect against Man-In-The-Middle attacks
[2024-09-23T01:49:23.562+0000] {transport.py:1893} INFO - Connected (version 2.0, client OpenSSH_8.9p1)
[2024-09-23T01:49:23.648+0000] {transport.py:1893} INFO - Authentication (password) successful!
[2024-09-23T01:49:23.649+0000] {ssh.py:478} INFO - Running command: export SPARK_HOME=/usr/local/spark; /opt/conda/bin/spark-submit --master local[*] --driver-cores 2 --executor-cores 2 --driver-memory 4G --executor-memory 4G /opt/shared/scripts/raw_ingestion.py 2024-09-23 posicao
[2024-09-23T01:49:26.061+0000] {ssh.py:524} INFO - [DEBUG] dt_now: 2024-09-23
[2024-09-23T01:49:26.061+0000] {ssh.py:524} INFO - [DEBUG] endpoint: posicao
[2024-09-23T01:49:26.131+0000] {ssh.py:524} INFO - 24/09/23 01:49:26 INFO SparkContext: Running Spark version 3.3.1
[2024-09-23T01:49:26.164+0000] {ssh.py:524} INFO - 24/09/23 01:49:26 WARN NativeCodeLoader: Unable to load native-hadoop library for your platform... using builtin-java classes where applicable
[2024-09-23T01:49:26.251+0000] {ssh.py:524} INFO - 24/09/23 01:49:26 INFO ResourceUtils: ==============================================================
[2024-09-23T01:49:26.252+0000] {ssh.py:524} INFO - 24/09/23 01:49:26 INFO ResourceUtils: No custom resources configured for spark.driver.
[2024-09-23T01:49:26.252+0000] {ssh.py:524} INFO - 24/09/23 01:49:26 INFO ResourceUtils: ==============================================================
[2024-09-23T01:49:26.253+0000] {ssh.py:524} INFO - 24/09/23 01:49:26 INFO SparkContext: Submitted application: raw_ingestion_posicao
[2024-09-23T01:49:26.271+0000] {ssh.py:524} INFO - 24/09/23 01:49:26 INFO ResourceProfile: Default ResourceProfile created, executor resources: Map(cores -> name: cores, amount: 1, script: , vendor: , memory -> name: memory, amount: 1024, script: , vendor: , offHeap -> name: offHeap, amount: 0, script: , vendor: ), task resources: Map(cpus -> name: cpus, amount: 1.0)
[2024-09-23T01:49:26.280+0000] {ssh.py:524} INFO - 24/09/23 01:49:26 INFO ResourceProfile: Limiting resource is cpu
[2024-09-23T01:49:26.280+0000] {ssh.py:524} INFO - 24/09/23 01:49:26 INFO ResourceProfileManager: Added ResourceProfile id: 0
[2024-09-23T01:49:26.324+0000] {ssh.py:524} INFO - 24/09/23 01:49:26 INFO SecurityManager: Changing view acls to: root
[2024-09-23T01:49:26.325+0000] {ssh.py:524} INFO - 24/09/23 01:49:26 INFO SecurityManager: Changing modify acls to: root
[2024-09-23T01:49:26.325+0000] {ssh.py:524} INFO - 24/09/23 01:49:26 INFO SecurityManager: Changing view acls groups to: 
[2024-09-23T01:49:26.326+0000] {ssh.py:524} INFO - 24/09/23 01:49:26 INFO SecurityManager: Changing modify acls groups to: 
[2024-09-23T01:49:26.326+0000] {ssh.py:524} INFO - 24/09/23 01:49:26 INFO SecurityManager: SecurityManager: authentication disabled; ui acls disabled; users  with view permissions: Set(root); groups with view permissions: Set(); users  with modify permissions: Set(root); groups with modify permissions: Set()
[2024-09-23T01:49:26.654+0000] {ssh.py:524} INFO - 24/09/23 01:49:26 INFO Utils: Successfully started service 'sparkDriver' on port 38825.
[2024-09-23T01:49:26.706+0000] {ssh.py:524} INFO - 24/09/23 01:49:26 INFO SparkEnv: Registering MapOutputTracker
[2024-09-23T01:49:26.740+0000] {ssh.py:524} INFO - 24/09/23 01:49:26 INFO SparkEnv: Registering BlockManagerMaster
[2024-09-23T01:49:26.759+0000] {ssh.py:524} INFO - 24/09/23 01:49:26 INFO BlockManagerMasterEndpoint: Using org.apache.spark.storage.DefaultTopologyMapper for getting topology information
[2024-09-23T01:49:26.762+0000] {ssh.py:524} INFO - 24/09/23 01:49:26 INFO BlockManagerMasterEndpoint: BlockManagerMasterEndpoint up
[2024-09-23T01:49:26.768+0000] {ssh.py:524} INFO - 24/09/23 01:49:26 INFO SparkEnv: Registering BlockManagerMasterHeartbeat
[2024-09-23T01:49:26.789+0000] {ssh.py:524} INFO - 24/09/23 01:49:26 INFO DiskBlockManager: Created local directory at /tmp/blockmgr-db7d037a-8628-434d-989e-1cba4f11ff56
[2024-09-23T01:49:26.811+0000] {ssh.py:524} INFO - 24/09/23 01:49:26 INFO MemoryStore: MemoryStore started with capacity 2.2 GiB
[2024-09-23T01:49:26.845+0000] {ssh.py:524} INFO - 24/09/23 01:49:26 INFO SparkEnv: Registering OutputCommitCoordinator
[2024-09-23T01:49:27.027+0000] {ssh.py:524} INFO - 24/09/23 01:49:27 WARN Utils: Service 'SparkUI' could not bind on port 4040. Attempting port 4041.
[2024-09-23T01:49:27.028+0000] {ssh.py:524} INFO - 24/09/23 01:49:27 WARN Utils: Service 'SparkUI' could not bind on port 4041. Attempting port 4042.
[2024-09-23T01:49:27.040+0000] {ssh.py:524} INFO - 24/09/23 01:49:27 INFO Utils: Successfully started service 'SparkUI' on port 4042.
[2024-09-23T01:49:27.178+0000] {ssh.py:524} INFO - 24/09/23 01:49:27 INFO Executor: Starting executor ID driver on host spark-master
[2024-09-23T01:49:27.191+0000] {ssh.py:524} INFO - 24/09/23 01:49:27 INFO Executor: Starting executor with user classpath (userClassPathFirst = false): ''
[2024-09-23T01:49:27.211+0000] {ssh.py:524} INFO - 24/09/23 01:49:27 INFO Utils: Successfully started service 'org.apache.spark.network.netty.NettyBlockTransferService' on port 44963.
[2024-09-23T01:49:27.212+0000] {ssh.py:524} INFO - 24/09/23 01:49:27 INFO NettyBlockTransferService: Server created on spark-master:44963
[2024-09-23T01:49:27.213+0000] {ssh.py:524} INFO - 24/09/23 01:49:27 INFO BlockManager: Using org.apache.spark.storage.RandomBlockReplicationPolicy for block replication policy
[2024-09-23T01:49:27.220+0000] {ssh.py:524} INFO - 24/09/23 01:49:27 INFO BlockManagerMaster: Registering BlockManager BlockManagerId(driver, spark-master, 44963, None)
[2024-09-23T01:49:27.223+0000] {ssh.py:524} INFO - 24/09/23 01:49:27 INFO BlockManagerMasterEndpoint: Registering block manager spark-master:44963 with 2.2 GiB RAM, BlockManagerId(driver, spark-master, 44963, None)
[2024-09-23T01:49:27.224+0000] {ssh.py:524} INFO - 24/09/23 01:49:27 INFO BlockManagerMaster: Registered BlockManager BlockManagerId(driver, spark-master, 44963, None)
[2024-09-23T01:49:27.225+0000] {ssh.py:524} INFO - 24/09/23 01:49:27 INFO BlockManager: Initialized BlockManager: BlockManagerId(driver, spark-master, 44963, None)
[2024-09-23T01:49:28.735+0000] {ssh.py:524} INFO - 24/09/23 01:49:28 INFO SharedState: Setting hive.metastore.warehouse.dir ('null') to the value of spark.sql.warehouse.dir.
[2024-09-23T01:49:28.741+0000] {ssh.py:524} INFO - 24/09/23 01:49:28 INFO SharedState: Warehouse path is 'file:/root/spark-warehouse'.
[2024-09-23T01:49:30.662+0000] {ssh.py:524} INFO - 24/09/23 01:49:30 WARN MetricsConfig: Cannot locate configuration: tried hadoop-metrics2-s3a-file-system.properties,hadoop-metrics2.properties
[2024-09-23T01:49:30.674+0000] {ssh.py:524} INFO - 24/09/23 01:49:30 INFO MetricsSystemImpl: Scheduled Metric snapshot period at 10 second(s).
[2024-09-23T01:49:30.674+0000] {ssh.py:524} INFO - 24/09/23 01:49:30 INFO MetricsSystemImpl: s3a-file-system metrics system started
[2024-09-23T01:49:31.704+0000] {ssh.py:524} INFO - 24/09/23 01:49:31 WARN AbstractS3ACommitterFactory: Using standard FileOutputCommitter to commit work. This is slow and potentially unsafe.
[2024-09-23T01:49:31.705+0000] {ssh.py:524} INFO - 24/09/23 01:49:31 INFO FileOutputCommitter: File Output Committer Algorithm version is 1
[2024-09-23T01:49:31.705+0000] {ssh.py:524} INFO - 24/09/23 01:49:31 INFO FileOutputCommitter: FileOutputCommitter skip cleanup _temporary folders under output directory:false, ignore cleanup failures: false
[2024-09-23T01:49:31.708+0000] {ssh.py:524} INFO - 24/09/23 01:49:31 INFO AbstractS3ACommitterFactory: Using Committer FileOutputCommitter{PathOutputCommitter{context=TaskAttemptContextImpl{JobContextImpl{jobId=job_202409230149317775574026136157428_0000}; taskId=attempt_202409230149317775574026136157428_0000_m_000000_0, status=''}; org.apache.hadoop.mapreduce.lib.output.FileOutputCommitter@5b3d7908}; outputPath=s3a://raw/olhovivo/posicao/dt=2024-09-23, workPath=s3a://raw/olhovivo/posicao/dt=2024-09-23/_temporary/0/_temporary/attempt_202409230149317775574026136157428_0000_m_000000_0, algorithmVersion=1, skipCleanup=false, ignoreCleanupFailures=false} for s3a://raw/olhovivo/posicao/dt=2024-09-23
[2024-09-23T01:49:31.708+0000] {ssh.py:524} INFO - 24/09/23 01:49:31 INFO SQLHadoopMapReduceCommitProtocol: Using output committer class org.apache.hadoop.mapreduce.lib.output.FileOutputCommitter
[2024-09-23T01:49:32.356+0000] {ssh.py:524} INFO - 24/09/23 01:49:32 INFO CodeGenerator: Code generated in 127.327072 ms
[2024-09-23T01:49:32.465+0000] {ssh.py:524} INFO - 24/09/23 01:49:32 INFO SparkContext: Starting job: save at NativeMethodAccessorImpl.java:0
[2024-09-23T01:49:32.478+0000] {ssh.py:524} INFO - 24/09/23 01:49:32 INFO DAGScheduler: Got job 0 (save at NativeMethodAccessorImpl.java:0) with 12 output partitions
[2024-09-23T01:49:32.479+0000] {ssh.py:524} INFO - 24/09/23 01:49:32 INFO DAGScheduler: Final stage: ResultStage 0 (save at NativeMethodAccessorImpl.java:0)
[2024-09-23T01:49:32.480+0000] {ssh.py:524} INFO - 24/09/23 01:49:32 INFO DAGScheduler: Parents of final stage: List()
[2024-09-23T01:49:32.482+0000] {ssh.py:524} INFO - 24/09/23 01:49:32 INFO DAGScheduler: Missing parents: List()
[2024-09-23T01:49:32.488+0000] {ssh.py:524} INFO - 24/09/23 01:49:32 INFO DAGScheduler: Submitting ResultStage 0 (MapPartitionsRDD[5] at save at NativeMethodAccessorImpl.java:0), which has no missing parents
[2024-09-23T01:49:32.722+0000] {ssh.py:524} INFO - 24/09/23 01:49:32 INFO MemoryStore: Block broadcast_0 stored as values in memory (estimated size 225.6 KiB, free 2.2 GiB)
[2024-09-23T01:49:32.804+0000] {ssh.py:524} INFO - 24/09/23 01:49:32 INFO MemoryStore: Block broadcast_0_piece0 stored as bytes in memory (estimated size 82.0 KiB, free 2.2 GiB)
[2024-09-23T01:49:32.810+0000] {ssh.py:524} INFO - 24/09/23 01:49:32 INFO BlockManagerInfo: Added broadcast_0_piece0 in memory on spark-master:44963 (size: 82.0 KiB, free: 2.2 GiB)
[2024-09-23T01:49:32.815+0000] {ssh.py:524} INFO - 24/09/23 01:49:32 INFO SparkContext: Created broadcast 0 from broadcast at DAGScheduler.scala:1513
[2024-09-23T01:49:32.843+0000] {ssh.py:524} INFO - 24/09/23 01:49:32 INFO DAGScheduler: Submitting 12 missing tasks from ResultStage 0 (MapPartitionsRDD[5] at save at NativeMethodAccessorImpl.java:0) (first 15 tasks are for partitions Vector(0, 1, 2, 3, 4, 5, 6, 7, 8, 9, 10, 11))
[2024-09-23T01:49:32.846+0000] {ssh.py:524} INFO - 24/09/23 01:49:32 INFO TaskSchedulerImpl: Adding task set 0.0 with 12 tasks resource profile 0
[2024-09-23T01:49:32.925+0000] {ssh.py:524} INFO - 24/09/23 01:49:32 INFO TaskSetManager: Starting task 0.0 in stage 0.0 (TID 0) (spark-master, executor driver, partition 0, PROCESS_LOCAL, 4433 bytes) taskResourceAssignments Map()
[2024-09-23T01:49:32.946+0000] {ssh.py:524} INFO - 24/09/23 01:49:32 INFO TaskSetManager: Starting task 1.0 in stage 0.0 (TID 1) (spark-master, executor driver, partition 1, PROCESS_LOCAL, 4433 bytes) taskResourceAssignments Map()
[2024-09-23T01:49:32.948+0000] {ssh.py:524} INFO - 24/09/23 01:49:32 INFO TaskSetManager: Starting task 2.0 in stage 0.0 (TID 2) (spark-master, executor driver, partition 2, PROCESS_LOCAL, 4433 bytes) taskResourceAssignments Map()
[2024-09-23T01:49:32.951+0000] {ssh.py:524} INFO - 24/09/23 01:49:32 INFO TaskSetManager: Starting task 3.0 in stage 0.0 (TID 3) (spark-master, executor driver, partition 3, PROCESS_LOCAL, 4433 bytes) taskResourceAssignments Map()
[2024-09-23T01:49:32.955+0000] {ssh.py:524} INFO - 24/09/23 01:49:32 INFO TaskSetManager: Starting task 4.0 in stage 0.0 (TID 4) (spark-master, executor driver, partition 4, PROCESS_LOCAL, 4433 bytes) taskResourceAssignments Map()
[2024-09-23T01:49:32.959+0000] {ssh.py:524} INFO - 24/09/23 01:49:32 INFO TaskSetManager: Starting task 5.0 in stage 0.0 (TID 5) (spark-master, executor driver, partition 5, PROCESS_LOCAL, 4433 bytes) taskResourceAssignments Map()
[2024-09-23T01:49:32.962+0000] {ssh.py:524} INFO - 24/09/23 01:49:32 INFO TaskSetManager: Starting task 6.0 in stage 0.0 (TID 6) (spark-master, executor driver, partition 6, PROCESS_LOCAL, 4433 bytes) taskResourceAssignments Map()
[2024-09-23T01:49:32.963+0000] {ssh.py:524} INFO - 24/09/23 01:49:32 INFO TaskSetManager: Starting task 7.0 in stage 0.0 (TID 7) (spark-master, executor driver, partition 7, PROCESS_LOCAL, 4433 bytes) taskResourceAssignments Map()
[2024-09-23T01:49:32.967+0000] {ssh.py:524} INFO - 24/09/23 01:49:32 INFO TaskSetManager: Starting task 8.0 in stage 0.0 (TID 8) (spark-master, executor driver, partition 8, PROCESS_LOCAL, 4433 bytes) taskResourceAssignments Map()
[2024-09-23T01:49:32.968+0000] {ssh.py:524} INFO - 24/09/23 01:49:32 INFO TaskSetManager: Starting task 9.0 in stage 0.0 (TID 9) (spark-master, executor driver, partition 9, PROCESS_LOCAL, 4433 bytes) taskResourceAssignments Map()
[2024-09-23T01:49:32.969+0000] {ssh.py:524} INFO - 24/09/23 01:49:32 INFO TaskSetManager: Starting task 10.0 in stage 0.0 (TID 10) (spark-master, executor driver, partition 10, PROCESS_LOCAL, 4433 bytes) taskResourceAssignments Map()
[2024-09-23T01:49:32.971+0000] {ssh.py:524} INFO - 24/09/23 01:49:32 INFO TaskSetManager: Starting task 11.0 in stage 0.0 (TID 11) (spark-master, executor driver, partition 11, PROCESS_LOCAL, 279532 bytes) taskResourceAssignments Map()
[2024-09-23T01:49:32.994+0000] {ssh.py:524} INFO - 24/09/23 01:49:32 INFO Executor: Running task 1.0 in stage 0.0 (TID 1)
[2024-09-23T01:49:32.995+0000] {ssh.py:524} INFO - 24/09/23 01:49:32 INFO Executor: Running task 3.0 in stage 0.0 (TID 3)
[2024-09-23T01:49:32.995+0000] {ssh.py:524} INFO - 24/09/23 01:49:32 INFO Executor: Running task 2.0 in stage 0.0 (TID 2)
[2024-09-23T01:49:32.996+0000] {ssh.py:524} INFO - 24/09/23 01:49:32 INFO Executor: Running task 0.0 in stage 0.0 (TID 0)
[2024-09-23T01:49:33.002+0000] {ssh.py:524} INFO - 24/09/23 01:49:33 INFO Executor: Running task 4.0 in stage 0.0 (TID 4)
[2024-09-23T01:49:33.004+0000] {ssh.py:524} INFO - 24/09/23 01:49:33 INFO Executor: Running task 5.0 in stage 0.0 (TID 5)
[2024-09-23T01:49:33.009+0000] {ssh.py:524} INFO - 24/09/23 01:49:33 INFO Executor: Running task 6.0 in stage 0.0 (TID 6)
[2024-09-23T01:49:33.031+0000] {ssh.py:524} INFO - 24/09/23 01:49:33 INFO Executor: Running task 7.0 in stage 0.0 (TID 7)
[2024-09-23T01:49:33.032+0000] {ssh.py:524} INFO - 24/09/23 01:49:33 INFO Executor: Running task 8.0 in stage 0.0 (TID 8)
[2024-09-23T01:49:33.041+0000] {ssh.py:524} INFO - 24/09/23 01:49:33 INFO Executor: Running task 9.0 in stage 0.0 (TID 9)
[2024-09-23T01:49:33.042+0000] {ssh.py:524} INFO - 24/09/23 01:49:33 INFO Executor: Running task 10.0 in stage 0.0 (TID 10)
[2024-09-23T01:49:33.059+0000] {ssh.py:524} INFO - 24/09/23 01:49:33 INFO Executor: Running task 11.0 in stage 0.0 (TID 11)
[2024-09-23T01:49:33.791+0000] {ssh.py:524} INFO - 24/09/23 01:49:33 WARN AbstractS3ACommitterFactory: Using standard FileOutputCommitter to commit work. This is slow and potentially unsafe.
[2024-09-23T01:49:33.792+0000] {ssh.py:524} INFO - 24/09/23 01:49:33 WARN AbstractS3ACommitterFactory: Using standard FileOutputCommitter to commit work. This is slow and potentially unsafe.
[2024-09-23T01:49:33.792+0000] {ssh.py:524} INFO - 24/09/23 01:49:33 INFO FileOutputCommitter: File Output Committer Algorithm version is 1
[2024-09-23T01:49:33.792+0000] {ssh.py:524} INFO - 24/09/23 01:49:33 INFO FileOutputCommitter: File Output Committer Algorithm version is 1
[2024-09-23T01:49:33.793+0000] {ssh.py:524} INFO - 24/09/23 01:49:33 INFO FileOutputCommitter: FileOutputCommitter skip cleanup _temporary folders under output directory:false, ignore cleanup failures: false
[2024-09-23T01:49:33.793+0000] {ssh.py:524} INFO - 24/09/23 01:49:33 INFO FileOutputCommitter: FileOutputCommitter skip cleanup _temporary folders under output directory:false, ignore cleanup failures: false
[2024-09-23T01:49:33.794+0000] {ssh.py:524} INFO - 24/09/23 01:49:33 WARN AbstractS3ACommitterFactory: Using standard FileOutputCommitter to commit work. This is slow and potentially unsafe.
[2024-09-23T01:49:33.794+0000] {ssh.py:524} INFO - 24/09/23 01:49:33 INFO FileOutputCommitter: File Output Committer Algorithm version is 1
[2024-09-23T01:49:33.794+0000] {ssh.py:524} INFO - 24/09/23 01:49:33 INFO FileOutputCommitter: FileOutputCommitter skip cleanup _temporary folders under output directory:false, ignore cleanup failures: false
[2024-09-23T01:49:33.795+0000] {ssh.py:524} INFO - 24/09/23 01:49:33 INFO AbstractS3ACommitterFactory: Using Committer FileOutputCommitter{PathOutputCommitter{context=TaskAttemptContextImpl{JobContextImpl{jobId=job_202409230149326717418820670951209_0000}; taskId=attempt_202409230149326717418820670951209_0000_m_000004_4, status=''}; org.apache.hadoop.mapreduce.lib.output.FileOutputCommitter@6130cd44}; outputPath=s3a://raw/olhovivo/posicao/dt=2024-09-23, workPath=s3a://raw/olhovivo/posicao/dt=2024-09-23/_temporary/0/_temporary/attempt_202409230149326717418820670951209_0000_m_000004_4, algorithmVersion=1, skipCleanup=false, ignoreCleanupFailures=false} for s3a://raw/olhovivo/posicao/dt=2024-09-23
[2024-09-23T01:49:33.795+0000] {ssh.py:524} INFO - 24/09/23 01:49:33 INFO AbstractS3ACommitterFactory: Using Committer FileOutputCommitter{PathOutputCommitter{context=TaskAttemptContextImpl{JobContextImpl{jobId=job_202409230149323970944481520276791_0000}; taskId=attempt_202409230149323970944481520276791_0000_m_000006_6, status=''}; org.apache.hadoop.mapreduce.lib.output.FileOutputCommitter@5e16722f}; outputPath=s3a://raw/olhovivo/posicao/dt=2024-09-23, workPath=s3a://raw/olhovivo/posicao/dt=2024-09-23/_temporary/0/_temporary/attempt_202409230149323970944481520276791_0000_m_000006_6, algorithmVersion=1, skipCleanup=false, ignoreCleanupFailures=false} for s3a://raw/olhovivo/posicao/dt=2024-09-23
[2024-09-23T01:49:33.796+0000] {ssh.py:524} INFO - 24/09/23 01:49:33 INFO SQLHadoopMapReduceCommitProtocol: Using output committer class org.apache.hadoop.mapreduce.lib.output.FileOutputCommitter
[2024-09-23T01:49:33.796+0000] {ssh.py:524} INFO - 24/09/23 01:49:33 INFO SQLHadoopMapReduceCommitProtocol: Using output committer class org.apache.hadoop.mapreduce.lib.output.FileOutputCommitter
[2024-09-23T01:49:33.796+0000] {ssh.py:524} INFO - 24/09/23 01:49:33 INFO AbstractS3ACommitterFactory: Using Committer FileOutputCommitter{PathOutputCommitter{context=TaskAttemptContextImpl{JobContextImpl{jobId=job_202409230149326891408066102299731_0000}; taskId=attempt_202409230149326891408066102299731_0000_m_000011_11, status=''}; org.apache.hadoop.mapreduce.lib.output.FileOutputCommitter@412c1ed5}; outputPath=s3a://raw/olhovivo/posicao/dt=2024-09-23, workPath=s3a://raw/olhovivo/posicao/dt=2024-09-23/_temporary/0/_temporary/attempt_202409230149326891408066102299731_0000_m_000011_11, algorithmVersion=1, skipCleanup=false, ignoreCleanupFailures=false} for s3a://raw/olhovivo/posicao/dt=2024-09-23
[2024-09-23T01:49:33.799+0000] {ssh.py:524} INFO - 24/09/23 01:49:33 INFO SQLHadoopMapReduceCommitProtocol: Using output committer class org.apache.hadoop.mapreduce.lib.output.FileOutputCommitter
[2024-09-23T01:49:33.801+0000] {ssh.py:524} INFO - 24/09/23 01:49:33 WARN AbstractS3ACommitterFactory: Using standard FileOutputCommitter to commit work. This is slow and potentially unsafe.
[2024-09-23T01:49:33.801+0000] {ssh.py:524} INFO - 24/09/23 01:49:33 INFO FileOutputCommitter: File Output Committer Algorithm version is 1
[2024-09-23T01:49:33.802+0000] {ssh.py:524} INFO - 24/09/23 01:49:33 INFO FileOutputCommitter: FileOutputCommitter skip cleanup _temporary folders under output directory:false, ignore cleanup failures: false
[2024-09-23T01:49:33.802+0000] {ssh.py:524} INFO - 24/09/23 01:49:33 INFO AbstractS3ACommitterFactory: Using Committer FileOutputCommitter{PathOutputCommitter{context=TaskAttemptContextImpl{JobContextImpl{jobId=job_202409230149326340200695509258658_0000}; taskId=attempt_202409230149326340200695509258658_0000_m_000007_7, status=''}; org.apache.hadoop.mapreduce.lib.output.FileOutputCommitter@2d338c2a}; outputPath=s3a://raw/olhovivo/posicao/dt=2024-09-23, workPath=s3a://raw/olhovivo/posicao/dt=2024-09-23/_temporary/0/_temporary/attempt_202409230149326340200695509258658_0000_m_000007_7, algorithmVersion=1, skipCleanup=false, ignoreCleanupFailures=false} for s3a://raw/olhovivo/posicao/dt=2024-09-23
[2024-09-23T01:49:33.802+0000] {ssh.py:524} INFO - 24/09/23 01:49:33 INFO SQLHadoopMapReduceCommitProtocol: Using output committer class org.apache.hadoop.mapreduce.lib.output.FileOutputCommitter
[2024-09-23T01:49:33.807+0000] {ssh.py:524} INFO - 24/09/23 01:49:33 WARN AbstractS3ACommitterFactory: Using standard FileOutputCommitter to commit work. This is slow and potentially unsafe.
[2024-09-23T01:49:33.807+0000] {ssh.py:524} INFO - 24/09/23 01:49:33 INFO FileOutputCommitter: File Output Committer Algorithm version is 1
[2024-09-23T01:49:33.808+0000] {ssh.py:524} INFO - 24/09/23 01:49:33 INFO FileOutputCommitter: FileOutputCommitter skip cleanup _temporary folders under output directory:false, ignore cleanup failures: false
[2024-09-23T01:49:33.808+0000] {ssh.py:524} INFO - 24/09/23 01:49:33 INFO AbstractS3ACommitterFactory: Using Committer FileOutputCommitter{PathOutputCommitter{context=TaskAttemptContextImpl{JobContextImpl{jobId=job_202409230149322894771271948562955_0000}; taskId=attempt_202409230149322894771271948562955_0000_m_000010_10, status=''}; org.apache.hadoop.mapreduce.lib.output.FileOutputCommitter@13eb8af1}; outputPath=s3a://raw/olhovivo/posicao/dt=2024-09-23, workPath=s3a://raw/olhovivo/posicao/dt=2024-09-23/_temporary/0/_temporary/attempt_202409230149322894771271948562955_0000_m_000010_10, algorithmVersion=1, skipCleanup=false, ignoreCleanupFailures=false} for s3a://raw/olhovivo/posicao/dt=2024-09-23
[2024-09-23T01:49:33.809+0000] {ssh.py:524} INFO - 24/09/23 01:49:33 INFO SQLHadoopMapReduceCommitProtocol: Using output committer class org.apache.hadoop.mapreduce.lib.output.FileOutputCommitter
[2024-09-23T01:49:33.827+0000] {ssh.py:524} INFO - 24/09/23 01:49:33 WARN AbstractS3ACommitterFactory: Using standard FileOutputCommitter to commit work. This is slow and potentially unsafe.
[2024-09-23T01:49:33.828+0000] {ssh.py:524} INFO - 24/09/23 01:49:33 INFO FileOutputCommitter: File Output Committer Algorithm version is 1
[2024-09-23T01:49:33.828+0000] {ssh.py:524} INFO - 24/09/23 01:49:33 INFO FileOutputCommitter: FileOutputCommitter skip cleanup _temporary folders under output directory:false, ignore cleanup failures: false
[2024-09-23T01:49:33.829+0000] {ssh.py:524} INFO - 24/09/23 01:49:33 INFO AbstractS3ACommitterFactory: Using Committer FileOutputCommitter{PathOutputCommitter{context=TaskAttemptContextImpl{JobContextImpl{jobId=job_202409230149322659971479754741629_0000}; taskId=attempt_202409230149322659971479754741629_0000_m_000002_2, status=''}; org.apache.hadoop.mapreduce.lib.output.FileOutputCommitter@50d2f81d}; outputPath=s3a://raw/olhovivo/posicao/dt=2024-09-23, workPath=s3a://raw/olhovivo/posicao/dt=2024-09-23/_temporary/0/_temporary/attempt_202409230149322659971479754741629_0000_m_000002_2, algorithmVersion=1, skipCleanup=false, ignoreCleanupFailures=false} for s3a://raw/olhovivo/posicao/dt=2024-09-23
[2024-09-23T01:49:33.831+0000] {ssh.py:524} INFO - 24/09/23 01:49:33 INFO SQLHadoopMapReduceCommitProtocol: Using output committer class org.apache.hadoop.mapreduce.lib.output.FileOutputCommitter
[2024-09-23T01:49:33.833+0000] {ssh.py:524} INFO - 24/09/23 01:49:33 WARN AbstractS3ACommitterFactory: Using standard FileOutputCommitter to commit work. This is slow and potentially unsafe.
[2024-09-23T01:49:33.833+0000] {ssh.py:524} INFO - 24/09/23 01:49:33 INFO FileOutputCommitter: File Output Committer Algorithm version is 1
[2024-09-23T01:49:33.834+0000] {ssh.py:524} INFO - 24/09/23 01:49:33 INFO FileOutputCommitter: FileOutputCommitter skip cleanup _temporary folders under output directory:false, ignore cleanup failures: false
[2024-09-23T01:49:33.834+0000] {ssh.py:524} INFO - 24/09/23 01:49:33 INFO AbstractS3ACommitterFactory: Using Committer FileOutputCommitter{PathOutputCommitter{context=TaskAttemptContextImpl{JobContextImpl{jobId=job_202409230149321688536557795076501_0000}; taskId=attempt_202409230149321688536557795076501_0000_m_000005_5, status=''}; org.apache.hadoop.mapreduce.lib.output.FileOutputCommitter@3ecd67ef}; outputPath=s3a://raw/olhovivo/posicao/dt=2024-09-23, workPath=s3a://raw/olhovivo/posicao/dt=2024-09-23/_temporary/0/_temporary/attempt_202409230149321688536557795076501_0000_m_000005_5, algorithmVersion=1, skipCleanup=false, ignoreCleanupFailures=false} for s3a://raw/olhovivo/posicao/dt=2024-09-23
[2024-09-23T01:49:33.835+0000] {ssh.py:524} INFO - 24/09/23 01:49:33 INFO SQLHadoopMapReduceCommitProtocol: Using output committer class org.apache.hadoop.mapreduce.lib.output.FileOutputCommitter
[2024-09-23T01:49:33.851+0000] {ssh.py:524} INFO - 24/09/23 01:49:33 WARN AbstractS3ACommitterFactory: Using standard FileOutputCommitter to commit work. This is slow and potentially unsafe.
[2024-09-23T01:49:33.852+0000] {ssh.py:524} INFO - 24/09/23 01:49:33 INFO FileOutputCommitter: File Output Committer Algorithm version is 1
[2024-09-23T01:49:33.852+0000] {ssh.py:524} INFO - 24/09/23 01:49:33 INFO FileOutputCommitter: FileOutputCommitter skip cleanup _temporary folders under output directory:false, ignore cleanup failures: false
[2024-09-23T01:49:33.856+0000] {ssh.py:524} INFO - 24/09/23 01:49:33 INFO AbstractS3ACommitterFactory: Using Committer FileOutputCommitter{PathOutputCommitter{context=TaskAttemptContextImpl{JobContextImpl{jobId=job_202409230149326949636304414168850_0000}; taskId=attempt_202409230149326949636304414168850_0000_m_000000_0, status=''}; org.apache.hadoop.mapreduce.lib.output.FileOutputCommitter@67f03716}; outputPath=s3a://raw/olhovivo/posicao/dt=2024-09-23, workPath=s3a://raw/olhovivo/posicao/dt=2024-09-23/_temporary/0/_temporary/attempt_202409230149326949636304414168850_0000_m_000000_0, algorithmVersion=1, skipCleanup=false, ignoreCleanupFailures=false} for s3a://raw/olhovivo/posicao/dt=2024-09-23
[2024-09-23T01:49:33.857+0000] {ssh.py:524} INFO - 24/09/23 01:49:33 INFO SQLHadoopMapReduceCommitProtocol: Using output committer class org.apache.hadoop.mapreduce.lib.output.FileOutputCommitter
[2024-09-23T01:49:33.885+0000] {ssh.py:524} INFO - 24/09/23 01:49:33 WARN AbstractS3ACommitterFactory: Using standard FileOutputCommitter to commit work. This is slow and potentially unsafe.
[2024-09-23T01:49:33.887+0000] {ssh.py:524} INFO - 24/09/23 01:49:33 INFO FileOutputCommitter: File Output Committer Algorithm version is 1
[2024-09-23T01:49:33.888+0000] {ssh.py:524} INFO - 24/09/23 01:49:33 INFO FileOutputCommitter: FileOutputCommitter skip cleanup _temporary folders under output directory:false, ignore cleanup failures: false
[2024-09-23T01:49:33.888+0000] {ssh.py:524} INFO - 24/09/23 01:49:33 INFO AbstractS3ACommitterFactory: Using Committer FileOutputCommitter{PathOutputCommitter{context=TaskAttemptContextImpl{JobContextImpl{jobId=job_20240923014932800602696271913771_0000}; taskId=attempt_20240923014932800602696271913771_0000_m_000001_1, status=''}; org.apache.hadoop.mapreduce.lib.output.FileOutputCommitter@2a46f39e}; outputPath=s3a://raw/olhovivo/posicao/dt=2024-09-23, workPath=s3a://raw/olhovivo/posicao/dt=2024-09-23/_temporary/0/_temporary/attempt_20240923014932800602696271913771_0000_m_000001_1, algorithmVersion=1, skipCleanup=false, ignoreCleanupFailures=false} for s3a://raw/olhovivo/posicao/dt=2024-09-23
[2024-09-23T01:49:33.889+0000] {ssh.py:524} INFO - 24/09/23 01:49:33 INFO SQLHadoopMapReduceCommitProtocol: Using output committer class org.apache.hadoop.mapreduce.lib.output.FileOutputCommitter
[2024-09-23T01:49:33.890+0000] {ssh.py:524} INFO - 24/09/23 01:49:33 INFO PythonRunner: Times: total = 639, boot = 540, init = 99, finish = 0
[2024-09-23T01:49:33.891+0000] {ssh.py:524} INFO - 24/09/23 01:49:33 WARN AbstractS3ACommitterFactory: Using standard FileOutputCommitter to commit work. This is slow and potentially unsafe.
[2024-09-23T01:49:33.892+0000] {ssh.py:524} INFO - 24/09/23 01:49:33 INFO FileOutputCommitter: File Output Committer Algorithm version is 1
[2024-09-23T01:49:33.892+0000] {ssh.py:524} INFO - 24/09/23 01:49:33 INFO FileOutputCommitter: FileOutputCommitter skip cleanup _temporary folders under output directory:false, ignore cleanup failures: false
[2024-09-23T01:49:33.893+0000] {ssh.py:524} INFO - 24/09/23 01:49:33 INFO AbstractS3ACommitterFactory: Using Committer FileOutputCommitter{PathOutputCommitter{context=TaskAttemptContextImpl{JobContextImpl{jobId=job_202409230149323314925750756944507_0000}; taskId=attempt_202409230149323314925750756944507_0000_m_000009_9, status=''}; org.apache.hadoop.mapreduce.lib.output.FileOutputCommitter@2050408e}; outputPath=s3a://raw/olhovivo/posicao/dt=2024-09-23, workPath=s3a://raw/olhovivo/posicao/dt=2024-09-23/_temporary/0/_temporary/attempt_202409230149323314925750756944507_0000_m_000009_9, algorithmVersion=1, skipCleanup=false, ignoreCleanupFailures=false} for s3a://raw/olhovivo/posicao/dt=2024-09-23
[2024-09-23T01:49:33.893+0000] {ssh.py:524} INFO - 24/09/23 01:49:33 INFO SQLHadoopMapReduceCommitProtocol: Using output committer class org.apache.hadoop.mapreduce.lib.output.FileOutputCommitter
[2024-09-23T01:49:33.893+0000] {ssh.py:524} INFO - 24/09/23 01:49:33 INFO PythonRunner: Times: total = 661, boot = 544, init = 117, finish = 0
[2024-09-23T01:49:33.901+0000] {ssh.py:524} INFO - 24/09/23 01:49:33 INFO PythonRunner: Times: total = 643, boot = 529, init = 114, finish = 0
[2024-09-23T01:49:33.910+0000] {ssh.py:524} INFO - 24/09/23 01:49:33 WARN AbstractS3ACommitterFactory: Using standard FileOutputCommitter to commit work. This is slow and potentially unsafe.
[2024-09-23T01:49:33.911+0000] {ssh.py:524} INFO - 24/09/23 01:49:33 INFO FileOutputCommitter: File Output Committer Algorithm version is 1
[2024-09-23T01:49:33.912+0000] {ssh.py:524} INFO - 24/09/23 01:49:33 INFO FileOutputCommitter: FileOutputCommitter skip cleanup _temporary folders under output directory:false, ignore cleanup failures: false
[2024-09-23T01:49:33.918+0000] {ssh.py:524} INFO - 24/09/23 01:49:33 WARN AbstractS3ACommitterFactory: Using standard FileOutputCommitter to commit work. This is slow and potentially unsafe.
[2024-09-23T01:49:33.920+0000] {ssh.py:524} INFO - 24/09/23 01:49:33 INFO FileOutputCommitter: File Output Committer Algorithm version is 1
[2024-09-23T01:49:33.925+0000] {ssh.py:524} INFO - 24/09/23 01:49:33 INFO FileOutputCommitter: FileOutputCommitter skip cleanup _temporary folders under output directory:false, ignore cleanup failures: false
[2024-09-23T01:49:33.928+0000] {ssh.py:524} INFO - 24/09/23 01:49:33 INFO AbstractS3ACommitterFactory: Using Committer FileOutputCommitter{PathOutputCommitter{context=TaskAttemptContextImpl{JobContextImpl{jobId=job_202409230149328947889549885712617_0000}; taskId=attempt_202409230149328947889549885712617_0000_m_000003_3, status=''}; org.apache.hadoop.mapreduce.lib.output.FileOutputCommitter@74630039}; outputPath=s3a://raw/olhovivo/posicao/dt=2024-09-23, workPath=s3a://raw/olhovivo/posicao/dt=2024-09-23/_temporary/0/_temporary/attempt_202409230149328947889549885712617_0000_m_000003_3, algorithmVersion=1, skipCleanup=false, ignoreCleanupFailures=false} for s3a://raw/olhovivo/posicao/dt=2024-09-23
[2024-09-23T01:49:33.929+0000] {ssh.py:524} INFO - 24/09/23 01:49:33 INFO SQLHadoopMapReduceCommitProtocol: Using output committer class org.apache.hadoop.mapreduce.lib.output.FileOutputCommitter
[2024-09-23T01:49:33.929+0000] {ssh.py:524} INFO - 24/09/23 01:49:33 INFO AbstractS3ACommitterFactory: Using Committer FileOutputCommitter{PathOutputCommitter{context=TaskAttemptContextImpl{JobContextImpl{jobId=job_202409230149324501547406765183421_0000}; taskId=attempt_202409230149324501547406765183421_0000_m_000008_8, status=''}; org.apache.hadoop.mapreduce.lib.output.FileOutputCommitter@768f6e46}; outputPath=s3a://raw/olhovivo/posicao/dt=2024-09-23, workPath=s3a://raw/olhovivo/posicao/dt=2024-09-23/_temporary/0/_temporary/attempt_202409230149324501547406765183421_0000_m_000008_8, algorithmVersion=1, skipCleanup=false, ignoreCleanupFailures=false} for s3a://raw/olhovivo/posicao/dt=2024-09-23
[2024-09-23T01:49:33.929+0000] {ssh.py:524} INFO - 24/09/23 01:49:33 INFO SQLHadoopMapReduceCommitProtocol: Using output committer class org.apache.hadoop.mapreduce.lib.output.FileOutputCommitter
[2024-09-23T01:49:33.930+0000] {ssh.py:524} INFO - 24/09/23 01:49:33 INFO PythonRunner: Times: total = 673, boot = 549, init = 124, finish = 0
[2024-09-23T01:49:33.930+0000] {ssh.py:524} INFO - 24/09/23 01:49:33 INFO PythonRunner: Times: total = 667, boot = 526, init = 141, finish = 0
[2024-09-23T01:49:33.931+0000] {ssh.py:524} INFO - 24/09/23 01:49:33 INFO SparkHadoopMapRedUtil: No need to commit output of task because needsTaskCommit=false: attempt_202409230149326717418820670951209_0000_m_000004_4
[2024-09-23T01:49:33.931+0000] {ssh.py:524} INFO - 24/09/23 01:49:33 INFO SparkHadoopMapRedUtil: No need to commit output of task because needsTaskCommit=false: attempt_202409230149326340200695509258658_0000_m_000007_7
[2024-09-23T01:49:33.932+0000] {ssh.py:524} INFO - 24/09/23 01:49:33 INFO SparkHadoopMapRedUtil: No need to commit output of task because needsTaskCommit=false: attempt_202409230149322894771271948562955_0000_m_000010_10
[2024-09-23T01:49:33.933+0000] {ssh.py:524} INFO - 24/09/23 01:49:33 INFO SparkHadoopMapRedUtil: No need to commit output of task because needsTaskCommit=false: attempt_202409230149323970944481520276791_0000_m_000006_6
[2024-09-23T01:49:33.934+0000] {ssh.py:524} INFO - 24/09/23 01:49:33 INFO SparkHadoopMapRedUtil: No need to commit output of task because needsTaskCommit=false: attempt_202409230149321688536557795076501_0000_m_000005_5
[2024-09-23T01:49:33.943+0000] {ssh.py:524} INFO - 24/09/23 01:49:33 INFO PythonRunner: Times: total = 714, boot = 594, init = 120, finish = 0
[2024-09-23T01:49:33.952+0000] {ssh.py:524} INFO - 24/09/23 01:49:33 INFO Executor: Finished task 5.0 in stage 0.0 (TID 5). 2871 bytes result sent to driver
[2024-09-23T01:49:33.952+0000] {ssh.py:524} INFO - 24/09/23 01:49:33 INFO Executor: Finished task 6.0 in stage 0.0 (TID 6). 2871 bytes result sent to driver
[2024-09-23T01:49:33.954+0000] {ssh.py:524} INFO - 24/09/23 01:49:33 INFO Executor: Finished task 7.0 in stage 0.0 (TID 7). 2871 bytes result sent to driver
[2024-09-23T01:49:33.956+0000] {ssh.py:524} INFO - 24/09/23 01:49:33 INFO Executor: Finished task 4.0 in stage 0.0 (TID 4). 2828 bytes result sent to driver
[2024-09-23T01:49:33.956+0000] {ssh.py:524} INFO - 24/09/23 01:49:33 INFO SparkHadoopMapRedUtil: No need to commit output of task because needsTaskCommit=false: attempt_20240923014932800602696271913771_0000_m_000001_1
[2024-09-23T01:49:33.957+0000] {ssh.py:524} INFO - 24/09/23 01:49:33 INFO Executor: Finished task 1.0 in stage 0.0 (TID 1). 2828 bytes result sent to driver
[2024-09-23T01:49:33.958+0000] {ssh.py:524} INFO - 24/09/23 01:49:33 INFO Executor: Finished task 10.0 in stage 0.0 (TID 10). 2871 bytes result sent to driver
[2024-09-23T01:49:33.962+0000] {ssh.py:524} INFO - 24/09/23 01:49:33 INFO PythonRunner: Times: total = 714, boot = 546, init = 168, finish = 0
[2024-09-23T01:49:33.967+0000] {ssh.py:524} INFO - 24/09/23 01:49:33 INFO TaskSetManager: Finished task 5.0 in stage 0.0 (TID 5) in 1008 ms on spark-master (executor driver) (1/12)
[2024-09-23T01:49:33.971+0000] {ssh.py:524} INFO - 24/09/23 01:49:33 INFO TaskSetManager: Finished task 4.0 in stage 0.0 (TID 4) in 1018 ms on spark-master (executor driver) (2/12)
[2024-09-23T01:49:33.971+0000] {ssh.py:524} INFO - 24/09/23 01:49:33 INFO PythonAccumulatorV2: Connected to AccumulatorServer at host: 127.0.0.1 port: 46547
[2024-09-23T01:49:33.974+0000] {ssh.py:524} INFO - 24/09/23 01:49:33 INFO TaskSetManager: Finished task 10.0 in stage 0.0 (TID 10) in 1005 ms on spark-master (executor driver) (3/12)
[2024-09-23T01:49:33.976+0000] {ssh.py:524} INFO - 24/09/23 01:49:33 INFO PythonRunner: Times: total = 731, boot = 586, init = 145, finish = 0
[2024-09-23T01:49:33.978+0000] {ssh.py:524} INFO - 24/09/23 01:49:33 INFO TaskSetManager: Finished task 7.0 in stage 0.0 (TID 7) in 1012 ms on spark-master (executor driver) (4/12)
[2024-09-23T01:49:33.980+0000] {ssh.py:524} INFO - 24/09/23 01:49:33 INFO TaskSetManager: Finished task 6.0 in stage 0.0 (TID 6) in 1014 ms on spark-master (executor driver) (5/12)
[2024-09-23T01:49:33.980+0000] {ssh.py:524} INFO - 24/09/23 01:49:33 INFO SparkHadoopMapRedUtil: No need to commit output of task because needsTaskCommit=false: attempt_202409230149322659971479754741629_0000_m_000002_2
[2024-09-23T01:49:33.982+0000] {ssh.py:524} INFO - 24/09/23 01:49:33 INFO TaskSetManager: Finished task 1.0 in stage 0.0 (TID 1) in 1036 ms on spark-master (executor driver) (6/12)
[2024-09-23T01:49:33.984+0000] {ssh.py:524} INFO - 24/09/23 01:49:33 INFO SparkHadoopMapRedUtil: No need to commit output of task because needsTaskCommit=false: attempt_202409230149324501547406765183421_0000_m_000008_8
[2024-09-23T01:49:33.986+0000] {ssh.py:524} INFO - 24/09/23 01:49:33 INFO Executor: Finished task 8.0 in stage 0.0 (TID 8). 2828 bytes result sent to driver
[2024-09-23T01:49:33.987+0000] {ssh.py:524} INFO - 24/09/23 01:49:33 INFO TaskSetManager: Finished task 8.0 in stage 0.0 (TID 8) in 1020 ms on spark-master (executor driver) (7/12)
[2024-09-23T01:49:33.988+0000] {ssh.py:524} INFO - 24/09/23 01:49:33 INFO Executor: Finished task 2.0 in stage 0.0 (TID 2). 2828 bytes result sent to driver
[2024-09-23T01:49:33.989+0000] {ssh.py:524} INFO - 24/09/23 01:49:33 INFO TaskSetManager: Finished task 2.0 in stage 0.0 (TID 2) in 1041 ms on spark-master (executor driver) (8/12)
[2024-09-23T01:49:33.990+0000] {ssh.py:524} INFO - 24/09/23 01:49:33 INFO PythonRunner: Times: total = 749, boot = 611, init = 138, finish = 0
[2024-09-23T01:49:34.002+0000] {ssh.py:524} INFO - 24/09/23 01:49:34 INFO SparkHadoopMapRedUtil: No need to commit output of task because needsTaskCommit=false: attempt_202409230149328947889549885712617_0000_m_000003_3
[2024-09-23T01:49:34.006+0000] {ssh.py:524} INFO - 24/09/23 01:49:34 INFO Executor: Finished task 3.0 in stage 0.0 (TID 3). 2828 bytes result sent to driver
[2024-09-23T01:49:34.008+0000] {ssh.py:524} INFO - 24/09/23 01:49:34 INFO TaskSetManager: Finished task 3.0 in stage 0.0 (TID 3) in 1059 ms on spark-master (executor driver) (9/12)
[2024-09-23T01:49:34.013+0000] {ssh.py:524} INFO - 24/09/23 01:49:34 INFO PythonRunner: Times: total = 779, boot = 635, init = 144, finish = 0
[2024-09-23T01:49:34.024+0000] {ssh.py:524} INFO - 24/09/23 01:49:34 INFO SparkHadoopMapRedUtil: No need to commit output of task because needsTaskCommit=false: attempt_202409230149323314925750756944507_0000_m_000009_9
[2024-09-23T01:49:34.027+0000] {ssh.py:524} INFO - 24/09/23 01:49:34 INFO Executor: Finished task 9.0 in stage 0.0 (TID 9). 2828 bytes result sent to driver
[2024-09-23T01:49:34.029+0000] {ssh.py:524} INFO - 24/09/23 01:49:34 INFO TaskSetManager: Finished task 9.0 in stage 0.0 (TID 9) in 1061 ms on spark-master (executor driver) (10/12)
[2024-09-23T01:49:34.037+0000] {ssh.py:524} INFO - 24/09/23 01:49:34 INFO PythonRunner: Times: total = 746, boot = 568, init = 178, finish = 0
[2024-09-23T01:49:34.133+0000] {ssh.py:524} INFO - 24/09/23 01:49:34 INFO PythonRunner: Times: total = 622, boot = 520, init = 91, finish = 11
[2024-09-23T01:49:34.195+0000] {ssh.py:524} INFO - 24/09/23 01:49:34 INFO FileOutputCommitter: Saved output of task 'attempt_202409230149326949636304414168850_0000_m_000000_0' to s3a://raw/olhovivo/posicao/dt=2024-09-23/_temporary/0/task_202409230149326949636304414168850_0000_m_000000
[2024-09-23T01:49:34.196+0000] {ssh.py:524} INFO - 24/09/23 01:49:34 INFO SparkHadoopMapRedUtil: attempt_202409230149326949636304414168850_0000_m_000000_0: Committed. Elapsed time: 107 ms.
[2024-09-23T01:49:34.198+0000] {ssh.py:524} INFO - 24/09/23 01:49:34 INFO Executor: Finished task 0.0 in stage 0.0 (TID 0). 2828 bytes result sent to driver
[2024-09-23T01:49:34.199+0000] {ssh.py:524} INFO - 24/09/23 01:49:34 INFO TaskSetManager: Finished task 0.0 in stage 0.0 (TID 0) in 1292 ms on spark-master (executor driver) (11/12)
[2024-09-23T01:49:34.268+0000] {ssh.py:524} INFO - 24/09/23 01:49:34 INFO FileOutputCommitter: Saved output of task 'attempt_202409230149326891408066102299731_0000_m_000011_11' to s3a://raw/olhovivo/posicao/dt=2024-09-23/_temporary/0/task_202409230149326891408066102299731_0000_m_000011
[2024-09-23T01:49:34.268+0000] {ssh.py:524} INFO - 24/09/23 01:49:34 INFO SparkHadoopMapRedUtil: attempt_202409230149326891408066102299731_0000_m_000011_11: Committed. Elapsed time: 78 ms.
[2024-09-23T01:49:34.269+0000] {ssh.py:524} INFO - 24/09/23 01:49:34 INFO Executor: Finished task 11.0 in stage 0.0 (TID 11). 2914 bytes result sent to driver
[2024-09-23T01:49:34.270+0000] {ssh.py:524} INFO - 24/09/23 01:49:34 INFO TaskSetManager: Finished task 11.0 in stage 0.0 (TID 11) in 1300 ms on spark-master (executor driver) (12/12)
[2024-09-23T01:49:34.271+0000] {ssh.py:524} INFO - 24/09/23 01:49:34 INFO TaskSchedulerImpl: Removed TaskSet 0.0, whose tasks have all completed, from pool 
[2024-09-23T01:49:34.273+0000] {ssh.py:524} INFO - 24/09/23 01:49:34 INFO DAGScheduler: ResultStage 0 (save at NativeMethodAccessorImpl.java:0) finished in 1.750 s
[2024-09-23T01:49:34.275+0000] {ssh.py:524} INFO - 24/09/23 01:49:34 INFO DAGScheduler: Job 0 is finished. Cancelling potential speculative or zombie tasks for this job
[2024-09-23T01:49:34.276+0000] {ssh.py:524} INFO - 24/09/23 01:49:34 INFO TaskSchedulerImpl: Killing all running tasks in stage 0: Stage finished
[2024-09-23T01:49:34.277+0000] {ssh.py:524} INFO - 24/09/23 01:49:34 INFO DAGScheduler: Job 0 finished: save at NativeMethodAccessorImpl.java:0, took 1.811388 s
[2024-09-23T01:49:34.279+0000] {ssh.py:524} INFO - 24/09/23 01:49:34 INFO FileFormatWriter: Start to commit write Job 688368c7-f6d9-4f57-88ec-340497e79ff5.
[2024-09-23T01:49:34.450+0000] {ssh.py:524} INFO - 24/09/23 01:49:34 INFO FileFormatWriter: Write Job 688368c7-f6d9-4f57-88ec-340497e79ff5 committed. Elapsed time: 170 ms.
[2024-09-23T01:49:34.453+0000] {ssh.py:524} INFO - 24/09/23 01:49:34 INFO FileFormatWriter: Finished processing stats for write job 688368c7-f6d9-4f57-88ec-340497e79ff5.
[2024-09-23T01:49:34.455+0000] {ssh.py:524} INFO - [DEBUG] Done.
[2024-09-23T01:49:34.492+0000] {ssh.py:524} INFO - 24/09/23 01:49:34 INFO SparkContext: Invoking stop() from shutdown hook
[2024-09-23T01:49:34.500+0000] {ssh.py:524} INFO - 24/09/23 01:49:34 INFO SparkUI: Stopped Spark web UI at http://spark-master:4042
[2024-09-23T01:49:34.516+0000] {ssh.py:524} INFO - 24/09/23 01:49:34 INFO MapOutputTrackerMasterEndpoint: MapOutputTrackerMasterEndpoint stopped!
[2024-09-23T01:49:34.526+0000] {ssh.py:524} INFO - 24/09/23 01:49:34 INFO MemoryStore: MemoryStore cleared
[2024-09-23T01:49:34.527+0000] {ssh.py:524} INFO - 24/09/23 01:49:34 INFO BlockManager: BlockManager stopped
[2024-09-23T01:49:34.531+0000] {ssh.py:524} INFO - 24/09/23 01:49:34 INFO BlockManagerMaster: BlockManagerMaster stopped
[2024-09-23T01:49:34.532+0000] {ssh.py:524} INFO - 24/09/23 01:49:34 INFO OutputCommitCoordinator$OutputCommitCoordinatorEndpoint: OutputCommitCoordinator stopped!
[2024-09-23T01:49:34.540+0000] {ssh.py:524} INFO - 24/09/23 01:49:34 INFO SparkContext: Successfully stopped SparkContext
[2024-09-23T01:49:34.541+0000] {ssh.py:524} INFO - 24/09/23 01:49:34 INFO ShutdownHookManager: Shutdown hook called
[2024-09-23T01:49:34.541+0000] {ssh.py:524} INFO - 24/09/23 01:49:34 INFO ShutdownHookManager: Deleting directory /tmp/spark-9b159a6b-82eb-46c8-aed4-fcbbdb146c40
[2024-09-23T01:49:34.543+0000] {ssh.py:524} INFO - 24/09/23 01:49:34 INFO ShutdownHookManager: Deleting directory /tmp/spark-9b159a6b-82eb-46c8-aed4-fcbbdb146c40/pyspark-09862ab1-64a3-41d0-86d9-9743f179eb01
[2024-09-23T01:49:34.545+0000] {ssh.py:524} INFO - 24/09/23 01:49:34 INFO ShutdownHookManager: Deleting directory /tmp/spark-dc65f1b2-2633-44f0-be4f-bec3802f2e57
[2024-09-23T01:49:34.550+0000] {ssh.py:524} INFO - 24/09/23 01:49:34 INFO MetricsSystemImpl: Stopping s3a-file-system metrics system...
[2024-09-23T01:49:34.551+0000] {ssh.py:524} INFO - 24/09/23 01:49:34 INFO MetricsSystemImpl: s3a-file-system metrics system stopped.
[2024-09-23T01:49:34.551+0000] {ssh.py:524} INFO - 24/09/23 01:49:34 INFO MetricsSystemImpl: s3a-file-system metrics system shutdown complete.
[2024-09-23T01:49:34.694+0000] {taskinstance.py:1400} INFO - Marking task as SUCCESS. dag_id=raw_ingestion_15min, task_id=spark_raw_ingestion_posicao, execution_date=20240923T014922, start_date=20240923T014923, end_date=20240923T014934
[2024-09-23T01:49:34.729+0000] {local_task_job_runner.py:228} INFO - Task exited with return code 0
[2024-09-23T01:49:34.768+0000] {taskinstance.py:2778} INFO - 1 downstream tasks scheduled from follow-on schedule check
