[2024-09-21T23:00:01.128+0000] {taskinstance.py:1159} INFO - Dependencies all met for dep_context=non-requeueable deps ti=<TaskInstance: raw_ingestion.spark_raw_ingestion_corredor scheduled__2024-09-21T22:30:00+00:00 [queued]>
[2024-09-21T23:00:01.141+0000] {taskinstance.py:1159} INFO - Dependencies all met for dep_context=requeueable deps ti=<TaskInstance: raw_ingestion.spark_raw_ingestion_corredor scheduled__2024-09-21T22:30:00+00:00 [queued]>
[2024-09-21T23:00:01.142+0000] {taskinstance.py:1361} INFO - Starting attempt 1 of 0
[2024-09-21T23:00:01.157+0000] {taskinstance.py:1382} INFO - Executing <Task(SSHOperator): spark_raw_ingestion_corredor> on 2024-09-21 22:30:00+00:00
[2024-09-21T23:00:01.162+0000] {standard_task_runner.py:57} INFO - Started process 2663 to run task
[2024-09-21T23:00:01.165+0000] {standard_task_runner.py:84} INFO - Running: ['airflow', 'tasks', 'run', 'raw_ingestion', 'spark_raw_ingestion_corredor', 'scheduled__2024-09-21T22:30:00+00:00', '--job-id', '430', '--raw', '--subdir', 'DAGS_FOLDER/raw_ingestion.py', '--cfg-path', '/tmp/tmpfnuugxut']
[2024-09-21T23:00:01.166+0000] {standard_task_runner.py:85} INFO - Job 430: Subtask spark_raw_ingestion_corredor
[2024-09-21T23:00:01.304+0000] {task_command.py:416} INFO - Running <TaskInstance: raw_ingestion.spark_raw_ingestion_corredor scheduled__2024-09-21T22:30:00+00:00 [running]> on host airflow-worker
[2024-09-21T23:00:01.512+0000] {taskinstance.py:1662} INFO - Exporting env vars: AIRFLOW_CTX_DAG_OWNER='***' AIRFLOW_CTX_DAG_ID='raw_ingestion' AIRFLOW_CTX_TASK_ID='spark_raw_ingestion_corredor' AIRFLOW_CTX_EXECUTION_DATE='2024-09-21T22:30:00+00:00' AIRFLOW_CTX_TRY_NUMBER='1' AIRFLOW_CTX_DAG_RUN_ID='scheduled__2024-09-21T22:30:00+00:00'
[2024-09-21T23:00:01.513+0000] {ssh.py:141} INFO - Creating ssh_client
[2024-09-21T23:00:01.514+0000] {ssh.py:114} INFO - ssh_hook is not provided or invalid. Trying ssh_conn_id to create SSHHook.
[2024-09-21T23:00:01.543+0000] {base.py:73} INFO - Using connection ID 'spark_ssh_default' for task execution.
[2024-09-21T23:00:01.544+0000] {ssh.py:300} WARNING - No Host Key Verification. This won't protect against Man-In-The-Middle attacks
[2024-09-21T23:00:01.553+0000] {transport.py:1893} INFO - Connected (version 2.0, client OpenSSH_8.9p1)
[2024-09-21T23:00:01.636+0000] {transport.py:1893} INFO - Authentication (password) successful!
[2024-09-21T23:00:01.636+0000] {ssh.py:478} INFO - Running command: export SPARK_HOME=/usr/local/spark; /opt/conda/bin/spark-submit --master local[*] --executor-memory 4g /opt/shared/scripts/raw_ingestion.py 2024-09-21 corredor
[2024-09-21T23:00:04.306+0000] {ssh.py:524} INFO - [DEBUG] dt_now: 2024-09-21
[2024-09-21T23:00:04.307+0000] {ssh.py:524} INFO - [DEBUG] endpoint: corredor
[2024-09-21T23:00:04.375+0000] {ssh.py:524} INFO - 24/09/21 23:00:04 INFO SparkContext: Running Spark version 3.3.1
[2024-09-21T23:00:04.399+0000] {ssh.py:524} INFO - 24/09/21 23:00:04 WARN NativeCodeLoader: Unable to load native-hadoop library for your platform... using builtin-java classes where applicable
[2024-09-21T23:00:04.496+0000] {ssh.py:524} INFO - 24/09/21 23:00:04 INFO ResourceUtils: ==============================================================
[2024-09-21T23:00:04.498+0000] {ssh.py:524} INFO - 24/09/21 23:00:04 INFO ResourceUtils: No custom resources configured for spark.driver.
[2024-09-21T23:00:04.499+0000] {ssh.py:524} INFO - 24/09/21 23:00:04 INFO ResourceUtils: ==============================================================
[2024-09-21T23:00:04.500+0000] {ssh.py:524} INFO - 24/09/21 23:00:04 INFO SparkContext: Submitted application: raw_ingestion_corredor
[2024-09-21T23:00:04.522+0000] {ssh.py:524} INFO - 24/09/21 23:00:04 INFO ResourceProfile: Default ResourceProfile created, executor resources: Map(cores -> name: cores, amount: 1, script: , vendor: , memory -> name: memory, amount: 1024, script: , vendor: , offHeap -> name: offHeap, amount: 0, script: , vendor: ), task resources: Map(cpus -> name: cpus, amount: 1.0)
[2024-09-21T23:00:04.531+0000] {ssh.py:524} INFO - 24/09/21 23:00:04 INFO ResourceProfile: Limiting resource is cpu
[2024-09-21T23:00:04.532+0000] {ssh.py:524} INFO - 24/09/21 23:00:04 INFO ResourceProfileManager: Added ResourceProfile id: 0
[2024-09-21T23:00:04.575+0000] {ssh.py:524} INFO - 24/09/21 23:00:04 INFO SecurityManager: Changing view acls to: root
[2024-09-21T23:00:04.576+0000] {ssh.py:524} INFO - 24/09/21 23:00:04 INFO SecurityManager: Changing modify acls to: root
[2024-09-21T23:00:04.577+0000] {ssh.py:524} INFO - 24/09/21 23:00:04 INFO SecurityManager: Changing view acls groups to: 
[2024-09-21T23:00:04.577+0000] {ssh.py:524} INFO - 24/09/21 23:00:04 INFO SecurityManager: Changing modify acls groups to: 
[2024-09-21T23:00:04.578+0000] {ssh.py:524} INFO - 24/09/21 23:00:04 INFO SecurityManager: SecurityManager: authentication disabled; ui acls disabled; users  with view permissions: Set(root); groups with view permissions: Set(); users  with modify permissions: Set(root); groups with modify permissions: Set()
[2024-09-21T23:00:04.895+0000] {ssh.py:524} INFO - 24/09/21 23:00:04 INFO Utils: Successfully started service 'sparkDriver' on port 34321.
[2024-09-21T23:00:04.966+0000] {ssh.py:524} INFO - 24/09/21 23:00:04 INFO SparkEnv: Registering MapOutputTracker
[2024-09-21T23:00:05.032+0000] {ssh.py:524} INFO - 24/09/21 23:00:05 INFO SparkEnv: Registering BlockManagerMaster
[2024-09-21T23:00:05.059+0000] {ssh.py:524} INFO - 24/09/21 23:00:05 INFO BlockManagerMasterEndpoint: Using org.apache.spark.storage.DefaultTopologyMapper for getting topology information
[2024-09-21T23:00:05.060+0000] {ssh.py:524} INFO - 24/09/21 23:00:05 INFO BlockManagerMasterEndpoint: BlockManagerMasterEndpoint up
[2024-09-21T23:00:05.066+0000] {ssh.py:524} INFO - 24/09/21 23:00:05 INFO SparkEnv: Registering BlockManagerMasterHeartbeat
[2024-09-21T23:00:05.090+0000] {ssh.py:524} INFO - 24/09/21 23:00:05 INFO DiskBlockManager: Created local directory at /tmp/blockmgr-5bd87c43-09fb-4777-b248-1af94279b223
[2024-09-21T23:00:05.125+0000] {ssh.py:524} INFO - 24/09/21 23:00:05 INFO MemoryStore: MemoryStore started with capacity 434.4 MiB
[2024-09-21T23:00:05.148+0000] {ssh.py:524} INFO - 24/09/21 23:00:05 INFO SparkEnv: Registering OutputCommitCoordinator
[2024-09-21T23:00:05.396+0000] {ssh.py:524} INFO - 24/09/21 23:00:05 WARN Utils: Service 'SparkUI' could not bind on port 4040. Attempting port 4041.
[2024-09-21T23:00:05.397+0000] {ssh.py:524} INFO - 24/09/21 23:00:05 WARN Utils: Service 'SparkUI' could not bind on port 4041. Attempting port 4042.
[2024-09-21T23:00:05.406+0000] {ssh.py:524} INFO - 24/09/21 23:00:05 INFO Utils: Successfully started service 'SparkUI' on port 4042.
[2024-09-21T23:00:05.557+0000] {ssh.py:524} INFO - 24/09/21 23:00:05 INFO Executor: Starting executor ID driver on host spark-master
[2024-09-21T23:00:05.572+0000] {ssh.py:524} INFO - 24/09/21 23:00:05 INFO Executor: Starting executor with user classpath (userClassPathFirst = false): ''
[2024-09-21T23:00:05.625+0000] {ssh.py:524} INFO - 24/09/21 23:00:05 INFO Utils: Successfully started service 'org.apache.spark.network.netty.NettyBlockTransferService' on port 46099.
[2024-09-21T23:00:05.625+0000] {ssh.py:524} INFO - 24/09/21 23:00:05 INFO NettyBlockTransferService: Server created on spark-master:46099
[2024-09-21T23:00:05.627+0000] {ssh.py:524} INFO - 24/09/21 23:00:05 INFO BlockManager: Using org.apache.spark.storage.RandomBlockReplicationPolicy for block replication policy
[2024-09-21T23:00:05.633+0000] {ssh.py:524} INFO - 24/09/21 23:00:05 INFO BlockManagerMaster: Registering BlockManager BlockManagerId(driver, spark-master, 46099, None)
[2024-09-21T23:00:05.639+0000] {ssh.py:524} INFO - 24/09/21 23:00:05 INFO BlockManagerMasterEndpoint: Registering block manager spark-master:46099 with 434.4 MiB RAM, BlockManagerId(driver, spark-master, 46099, None)
[2024-09-21T23:00:05.641+0000] {ssh.py:524} INFO - 24/09/21 23:00:05 INFO BlockManagerMaster: Registered BlockManager BlockManagerId(driver, spark-master, 46099, None)
[2024-09-21T23:00:05.644+0000] {ssh.py:524} INFO - 24/09/21 23:00:05 INFO BlockManager: Initialized BlockManager: BlockManagerId(driver, spark-master, 46099, None)
[2024-09-21T23:00:07.197+0000] {ssh.py:524} INFO - 24/09/21 23:00:07 INFO SharedState: Setting hive.metastore.warehouse.dir ('null') to the value of spark.sql.warehouse.dir.
[2024-09-21T23:00:07.203+0000] {ssh.py:524} INFO - 24/09/21 23:00:07 INFO SharedState: Warehouse path is 'file:/root/spark-warehouse'.
[2024-09-21T23:00:09.215+0000] {ssh.py:524} INFO - 24/09/21 23:00:09 WARN MetricsConfig: Cannot locate configuration: tried hadoop-metrics2-s3a-file-system.properties,hadoop-metrics2.properties
[2024-09-21T23:00:09.235+0000] {ssh.py:524} INFO - 24/09/21 23:00:09 INFO MetricsSystemImpl: Scheduled Metric snapshot period at 10 second(s).
[2024-09-21T23:00:09.235+0000] {ssh.py:524} INFO - 24/09/21 23:00:09 INFO MetricsSystemImpl: s3a-file-system metrics system started
[2024-09-21T23:00:10.403+0000] {ssh.py:524} INFO - 24/09/21 23:00:10 WARN AbstractS3ACommitterFactory: Using standard FileOutputCommitter to commit work. This is slow and potentially unsafe.
[2024-09-21T23:00:10.404+0000] {ssh.py:524} INFO - 24/09/21 23:00:10 INFO FileOutputCommitter: File Output Committer Algorithm version is 1
[2024-09-21T23:00:10.404+0000] {ssh.py:524} INFO - 24/09/21 23:00:10 INFO FileOutputCommitter: FileOutputCommitter skip cleanup _temporary folders under output directory:false, ignore cleanup failures: false
[2024-09-21T23:00:10.407+0000] {ssh.py:524} INFO - 24/09/21 23:00:10 INFO AbstractS3ACommitterFactory: Using Committer FileOutputCommitter{PathOutputCommitter{context=TaskAttemptContextImpl{JobContextImpl{jobId=job_202409212300106411452405752986204_0000}; taskId=attempt_202409212300106411452405752986204_0000_m_000000_0, status=''}; org.apache.hadoop.mapreduce.lib.output.FileOutputCommitter@c636635}; outputPath=s3a://raw/olhovivo/corredor/dt=2024-09-21, workPath=s3a://raw/olhovivo/corredor/dt=2024-09-21/_temporary/0/_temporary/attempt_202409212300106411452405752986204_0000_m_000000_0, algorithmVersion=1, skipCleanup=false, ignoreCleanupFailures=false} for s3a://raw/olhovivo/corredor/dt=2024-09-21
[2024-09-21T23:00:10.408+0000] {ssh.py:524} INFO - 24/09/21 23:00:10 INFO SQLHadoopMapReduceCommitProtocol: Using output committer class org.apache.hadoop.mapreduce.lib.output.FileOutputCommitter
[2024-09-21T23:00:10.852+0000] {ssh.py:524} INFO - 24/09/21 23:00:10 INFO CodeGenerator: Code generated in 101.93447 ms
[2024-09-21T23:00:10.963+0000] {ssh.py:524} INFO - 24/09/21 23:00:10 INFO SparkContext: Starting job: save at NativeMethodAccessorImpl.java:0
[2024-09-21T23:00:10.975+0000] {ssh.py:524} INFO - 24/09/21 23:00:10 INFO DAGScheduler: Got job 0 (save at NativeMethodAccessorImpl.java:0) with 12 output partitions
[2024-09-21T23:00:10.976+0000] {ssh.py:524} INFO - 24/09/21 23:00:10 INFO DAGScheduler: Final stage: ResultStage 0 (save at NativeMethodAccessorImpl.java:0)
[2024-09-21T23:00:10.976+0000] {ssh.py:524} INFO - 24/09/21 23:00:10 INFO DAGScheduler: Parents of final stage: List()
[2024-09-21T23:00:10.977+0000] {ssh.py:524} INFO - 24/09/21 23:00:10 INFO DAGScheduler: Missing parents: List()
[2024-09-21T23:00:10.981+0000] {ssh.py:524} INFO - 24/09/21 23:00:10 INFO DAGScheduler: Submitting ResultStage 0 (MapPartitionsRDD[5] at save at NativeMethodAccessorImpl.java:0), which has no missing parents
[2024-09-21T23:00:11.078+0000] {ssh.py:524} INFO - 24/09/21 23:00:11 INFO MemoryStore: Block broadcast_0 stored as values in memory (estimated size 219.7 KiB, free 434.2 MiB)
[2024-09-21T23:00:11.112+0000] {ssh.py:524} INFO - 24/09/21 23:00:11 INFO MemoryStore: Block broadcast_0_piece0 stored as bytes in memory (estimated size 80.4 KiB, free 434.1 MiB)
[2024-09-21T23:00:11.115+0000] {ssh.py:524} INFO - 24/09/21 23:00:11 INFO BlockManagerInfo: Added broadcast_0_piece0 in memory on spark-master:46099 (size: 80.4 KiB, free: 434.3 MiB)
[2024-09-21T23:00:11.119+0000] {ssh.py:524} INFO - 24/09/21 23:00:11 INFO SparkContext: Created broadcast 0 from broadcast at DAGScheduler.scala:1513
[2024-09-21T23:00:11.134+0000] {ssh.py:524} INFO - 24/09/21 23:00:11 INFO DAGScheduler: Submitting 12 missing tasks from ResultStage 0 (MapPartitionsRDD[5] at save at NativeMethodAccessorImpl.java:0) (first 15 tasks are for partitions Vector(0, 1, 2, 3, 4, 5, 6, 7, 8, 9, 10, 11))
[2024-09-21T23:00:11.135+0000] {ssh.py:524} INFO - 24/09/21 23:00:11 INFO TaskSchedulerImpl: Adding task set 0.0 with 12 tasks resource profile 0
[2024-09-21T23:00:11.197+0000] {ssh.py:524} INFO - 24/09/21 23:00:11 INFO TaskSetManager: Starting task 0.0 in stage 0.0 (TID 0) (spark-master, executor driver, partition 0, PROCESS_LOCAL, 4433 bytes) taskResourceAssignments Map()
[2024-09-21T23:00:11.201+0000] {ssh.py:524} INFO - 24/09/21 23:00:11 INFO TaskSetManager: Starting task 1.0 in stage 0.0 (TID 1) (spark-master, executor driver, partition 1, PROCESS_LOCAL, 4476 bytes) taskResourceAssignments Map()
[2024-09-21T23:00:11.203+0000] {ssh.py:524} INFO - 24/09/21 23:00:11 INFO TaskSetManager: Starting task 2.0 in stage 0.0 (TID 2) (spark-master, executor driver, partition 2, PROCESS_LOCAL, 4433 bytes) taskResourceAssignments Map()
[2024-09-21T23:00:11.204+0000] {ssh.py:524} INFO - 24/09/21 23:00:11 INFO TaskSetManager: Starting task 3.0 in stage 0.0 (TID 3) (spark-master, executor driver, partition 3, PROCESS_LOCAL, 4484 bytes) taskResourceAssignments Map()
[2024-09-21T23:00:11.205+0000] {ssh.py:524} INFO - 24/09/21 23:00:11 INFO TaskSetManager: Starting task 4.0 in stage 0.0 (TID 4) (spark-master, executor driver, partition 4, PROCESS_LOCAL, 4433 bytes) taskResourceAssignments Map()
[2024-09-21T23:00:11.206+0000] {ssh.py:524} INFO - 24/09/21 23:00:11 INFO TaskSetManager: Starting task 5.0 in stage 0.0 (TID 5) (spark-master, executor driver, partition 5, PROCESS_LOCAL, 4480 bytes) taskResourceAssignments Map()
[2024-09-21T23:00:11.207+0000] {ssh.py:524} INFO - 24/09/21 23:00:11 INFO TaskSetManager: Starting task 6.0 in stage 0.0 (TID 6) (spark-master, executor driver, partition 6, PROCESS_LOCAL, 4476 bytes) taskResourceAssignments Map()
[2024-09-21T23:00:11.218+0000] {ssh.py:524} INFO - 24/09/21 23:00:11 INFO TaskSetManager: Starting task 7.0 in stage 0.0 (TID 7) (spark-master, executor driver, partition 7, PROCESS_LOCAL, 4433 bytes) taskResourceAssignments Map()
[2024-09-21T23:00:11.223+0000] {ssh.py:524} INFO - 24/09/21 23:00:11 INFO TaskSetManager: Starting task 8.0 in stage 0.0 (TID 8) (spark-master, executor driver, partition 8, PROCESS_LOCAL, 4473 bytes) taskResourceAssignments Map()
[2024-09-21T23:00:11.225+0000] {ssh.py:524} INFO - 24/09/21 23:00:11 INFO TaskSetManager: Starting task 9.0 in stage 0.0 (TID 9) (spark-master, executor driver, partition 9, PROCESS_LOCAL, 4433 bytes) taskResourceAssignments Map()
[2024-09-21T23:00:11.249+0000] {ssh.py:524} INFO - 24/09/21 23:00:11 INFO TaskSetManager: Starting task 10.0 in stage 0.0 (TID 10) (spark-master, executor driver, partition 10, PROCESS_LOCAL, 4476 bytes) taskResourceAssignments Map()
[2024-09-21T23:00:11.250+0000] {ssh.py:524} INFO - 24/09/21 23:00:11 INFO TaskSetManager: Starting task 11.0 in stage 0.0 (TID 11) (spark-master, executor driver, partition 11, PROCESS_LOCAL, 4479 bytes) taskResourceAssignments Map()
[2024-09-21T23:00:11.262+0000] {ssh.py:524} INFO - 24/09/21 23:00:11 INFO Executor: Running task 0.0 in stage 0.0 (TID 0)
[2024-09-21T23:00:11.263+0000] {ssh.py:524} INFO - 24/09/21 23:00:11 INFO Executor: Running task 3.0 in stage 0.0 (TID 3)
[2024-09-21T23:00:11.263+0000] {ssh.py:524} INFO - 24/09/21 23:00:11 INFO Executor: Running task 2.0 in stage 0.0 (TID 2)
[2024-09-21T23:00:11.264+0000] {ssh.py:524} INFO - 24/09/21 23:00:11 INFO Executor: Running task 1.0 in stage 0.0 (TID 1)
[2024-09-21T23:00:11.271+0000] {ssh.py:524} INFO - 24/09/21 23:00:11 INFO Executor: Running task 4.0 in stage 0.0 (TID 4)
[2024-09-21T23:00:11.277+0000] {ssh.py:524} INFO - 24/09/21 23:00:11 INFO Executor: Running task 5.0 in stage 0.0 (TID 5)
[2024-09-21T23:00:11.291+0000] {ssh.py:524} INFO - 24/09/21 23:00:11 INFO Executor: Running task 6.0 in stage 0.0 (TID 6)
[2024-09-21T23:00:11.292+0000] {ssh.py:524} INFO - 24/09/21 23:00:11 INFO Executor: Running task 7.0 in stage 0.0 (TID 7)
[2024-09-21T23:00:11.304+0000] {ssh.py:524} INFO - 24/09/21 23:00:11 INFO Executor: Running task 9.0 in stage 0.0 (TID 9)
[2024-09-21T23:00:11.306+0000] {ssh.py:524} INFO - 24/09/21 23:00:11 INFO Executor: Running task 8.0 in stage 0.0 (TID 8)
[2024-09-21T23:00:11.314+0000] {ssh.py:524} INFO - 24/09/21 23:00:11 INFO Executor: Running task 10.0 in stage 0.0 (TID 10)
[2024-09-21T23:00:11.320+0000] {ssh.py:524} INFO - 24/09/21 23:00:11 INFO Executor: Running task 11.0 in stage 0.0 (TID 11)
[2024-09-21T23:00:12.079+0000] {ssh.py:524} INFO - 24/09/21 23:00:12 WARN AbstractS3ACommitterFactory: Using standard FileOutputCommitter to commit work. This is slow and potentially unsafe.
[2024-09-21T23:00:12.080+0000] {ssh.py:524} INFO - 24/09/21 23:00:12 INFO FileOutputCommitter: File Output Committer Algorithm version is 1
[2024-09-21T23:00:12.081+0000] {ssh.py:524} INFO - 24/09/21 23:00:12 INFO FileOutputCommitter: FileOutputCommitter skip cleanup _temporary folders under output directory:false, ignore cleanup failures: false
[2024-09-21T23:00:12.081+0000] {ssh.py:524} INFO - 24/09/21 23:00:12 INFO AbstractS3ACommitterFactory: Using Committer FileOutputCommitter{PathOutputCommitter{context=TaskAttemptContextImpl{JobContextImpl{jobId=job_20240921230010166266494487291017_0000}; taskId=attempt_20240921230010166266494487291017_0000_m_000008_8, status=''}; org.apache.hadoop.mapreduce.lib.output.FileOutputCommitter@4f797170}; outputPath=s3a://raw/olhovivo/corredor/dt=2024-09-21, workPath=s3a://raw/olhovivo/corredor/dt=2024-09-21/_temporary/0/_temporary/attempt_20240921230010166266494487291017_0000_m_000008_8, algorithmVersion=1, skipCleanup=false, ignoreCleanupFailures=false} for s3a://raw/olhovivo/corredor/dt=2024-09-21
[2024-09-21T23:00:12.081+0000] {ssh.py:524} INFO - 24/09/21 23:00:12 INFO SQLHadoopMapReduceCommitProtocol: Using output committer class org.apache.hadoop.mapreduce.lib.output.FileOutputCommitter
[2024-09-21T23:00:12.087+0000] {ssh.py:524} INFO - 24/09/21 23:00:12 WARN AbstractS3ACommitterFactory: Using standard FileOutputCommitter to commit work. This is slow and potentially unsafe.
[2024-09-21T23:00:12.087+0000] {ssh.py:524} INFO - 24/09/21 23:00:12 INFO FileOutputCommitter: File Output Committer Algorithm version is 1
[2024-09-21T23:00:12.089+0000] {ssh.py:524} INFO - 24/09/21 23:00:12 INFO FileOutputCommitter: FileOutputCommitter skip cleanup _temporary folders under output directory:false, ignore cleanup failures: false
[2024-09-21T23:00:12.090+0000] {ssh.py:524} INFO - 24/09/21 23:00:12 INFO AbstractS3ACommitterFactory: Using Committer FileOutputCommitter{PathOutputCommitter{context=TaskAttemptContextImpl{JobContextImpl{jobId=job_202409212300103716762572550795572_0000}; taskId=attempt_202409212300103716762572550795572_0000_m_000010_10, status=''}; org.apache.hadoop.mapreduce.lib.output.FileOutputCommitter@67fe4cd8}; outputPath=s3a://raw/olhovivo/corredor/dt=2024-09-21, workPath=s3a://raw/olhovivo/corredor/dt=2024-09-21/_temporary/0/_temporary/attempt_202409212300103716762572550795572_0000_m_000010_10, algorithmVersion=1, skipCleanup=false, ignoreCleanupFailures=false} for s3a://raw/olhovivo/corredor/dt=2024-09-21
[2024-09-21T23:00:12.098+0000] {ssh.py:524} INFO - 24/09/21 23:00:12 INFO SQLHadoopMapReduceCommitProtocol: Using output committer class org.apache.hadoop.mapreduce.lib.output.FileOutputCommitter
[2024-09-21T23:00:12.176+0000] {ssh.py:524} INFO - 24/09/21 23:00:12 WARN AbstractS3ACommitterFactory: Using standard FileOutputCommitter to commit work. This is slow and potentially unsafe.
[2024-09-21T23:00:12.176+0000] {ssh.py:524} INFO - 24/09/21 23:00:12 INFO FileOutputCommitter: File Output Committer Algorithm version is 1
[2024-09-21T23:00:12.179+0000] {ssh.py:524} INFO - 24/09/21 23:00:12 INFO FileOutputCommitter: FileOutputCommitter skip cleanup _temporary folders under output directory:false, ignore cleanup failures: false
[2024-09-21T23:00:12.180+0000] {ssh.py:524} INFO - 24/09/21 23:00:12 INFO AbstractS3ACommitterFactory: Using Committer FileOutputCommitter{PathOutputCommitter{context=TaskAttemptContextImpl{JobContextImpl{jobId=job_20240921230010353889248257932114_0000}; taskId=attempt_20240921230010353889248257932114_0000_m_000011_11, status=''}; org.apache.hadoop.mapreduce.lib.output.FileOutputCommitter@10eb5263}; outputPath=s3a://raw/olhovivo/corredor/dt=2024-09-21, workPath=s3a://raw/olhovivo/corredor/dt=2024-09-21/_temporary/0/_temporary/attempt_20240921230010353889248257932114_0000_m_000011_11, algorithmVersion=1, skipCleanup=false, ignoreCleanupFailures=false} for s3a://raw/olhovivo/corredor/dt=2024-09-21
[2024-09-21T23:00:12.180+0000] {ssh.py:524} INFO - 24/09/21 23:00:12 INFO SQLHadoopMapReduceCommitProtocol: Using output committer class org.apache.hadoop.mapreduce.lib.output.FileOutputCommitter
[2024-09-21T23:00:12.186+0000] {ssh.py:524} INFO - 24/09/21 23:00:12 WARN AbstractS3ACommitterFactory: Using standard FileOutputCommitter to commit work. This is slow and potentially unsafe.
[2024-09-21T23:00:12.186+0000] {ssh.py:524} INFO - 24/09/21 23:00:12 INFO FileOutputCommitter: File Output Committer Algorithm version is 1
[2024-09-21T23:00:12.187+0000] {ssh.py:524} INFO - 24/09/21 23:00:12 INFO FileOutputCommitter: FileOutputCommitter skip cleanup _temporary folders under output directory:false, ignore cleanup failures: false
[2024-09-21T23:00:12.187+0000] {ssh.py:524} INFO - 24/09/21 23:00:12 INFO AbstractS3ACommitterFactory: Using Committer FileOutputCommitter{PathOutputCommitter{context=TaskAttemptContextImpl{JobContextImpl{jobId=job_202409212300109101127389509563302_0000}; taskId=attempt_202409212300109101127389509563302_0000_m_000003_3, status=''}; org.apache.hadoop.mapreduce.lib.output.FileOutputCommitter@2609fb50}; outputPath=s3a://raw/olhovivo/corredor/dt=2024-09-21, workPath=s3a://raw/olhovivo/corredor/dt=2024-09-21/_temporary/0/_temporary/attempt_202409212300109101127389509563302_0000_m_000003_3, algorithmVersion=1, skipCleanup=false, ignoreCleanupFailures=false} for s3a://raw/olhovivo/corredor/dt=2024-09-21
[2024-09-21T23:00:12.188+0000] {ssh.py:524} INFO - 24/09/21 23:00:12 INFO SQLHadoopMapReduceCommitProtocol: Using output committer class org.apache.hadoop.mapreduce.lib.output.FileOutputCommitter
[2024-09-21T23:00:12.249+0000] {ssh.py:524} INFO - 24/09/21 23:00:12 WARN AbstractS3ACommitterFactory: Using standard FileOutputCommitter to commit work. This is slow and potentially unsafe.
[2024-09-21T23:00:12.250+0000] {ssh.py:524} INFO - 24/09/21 23:00:12 INFO FileOutputCommitter: File Output Committer Algorithm version is 1
[2024-09-21T23:00:12.250+0000] {ssh.py:524} INFO - 24/09/21 23:00:12 INFO FileOutputCommitter: FileOutputCommitter skip cleanup _temporary folders under output directory:false, ignore cleanup failures: false
[2024-09-21T23:00:12.250+0000] {ssh.py:524} INFO - 24/09/21 23:00:12 INFO AbstractS3ACommitterFactory: Using Committer FileOutputCommitter{PathOutputCommitter{context=TaskAttemptContextImpl{JobContextImpl{jobId=job_202409212300101452720632465655448_0000}; taskId=attempt_202409212300101452720632465655448_0000_m_000009_9, status=''}; org.apache.hadoop.mapreduce.lib.output.FileOutputCommitter@5b9bfd72}; outputPath=s3a://raw/olhovivo/corredor/dt=2024-09-21, workPath=s3a://raw/olhovivo/corredor/dt=2024-09-21/_temporary/0/_temporary/attempt_202409212300101452720632465655448_0000_m_000009_9, algorithmVersion=1, skipCleanup=false, ignoreCleanupFailures=false} for s3a://raw/olhovivo/corredor/dt=2024-09-21
[2024-09-21T23:00:12.251+0000] {ssh.py:524} INFO - 24/09/21 23:00:12 INFO SQLHadoopMapReduceCommitProtocol: Using output committer class org.apache.hadoop.mapreduce.lib.output.FileOutputCommitter
[2024-09-21T23:00:12.371+0000] {ssh.py:524} INFO - 24/09/21 23:00:12 WARN AbstractS3ACommitterFactory: Using standard FileOutputCommitter to commit work. This is slow and potentially unsafe.
[2024-09-21T23:00:12.372+0000] {ssh.py:524} INFO - 24/09/21 23:00:12 INFO FileOutputCommitter: File Output Committer Algorithm version is 1
[2024-09-21T23:00:12.375+0000] {ssh.py:524} INFO - 24/09/21 23:00:12 INFO FileOutputCommitter: FileOutputCommitter skip cleanup _temporary folders under output directory:false, ignore cleanup failures: false
[2024-09-21T23:00:12.376+0000] {ssh.py:524} INFO - 24/09/21 23:00:12 INFO AbstractS3ACommitterFactory: Using Committer FileOutputCommitter{PathOutputCommitter{context=TaskAttemptContextImpl{JobContextImpl{jobId=job_202409212300101783429641828258722_0000}; taskId=attempt_202409212300101783429641828258722_0000_m_000002_2, status=''}; org.apache.hadoop.mapreduce.lib.output.FileOutputCommitter@549b8b56}; outputPath=s3a://raw/olhovivo/corredor/dt=2024-09-21, workPath=s3a://raw/olhovivo/corredor/dt=2024-09-21/_temporary/0/_temporary/attempt_202409212300101783429641828258722_0000_m_000002_2, algorithmVersion=1, skipCleanup=false, ignoreCleanupFailures=false} for s3a://raw/olhovivo/corredor/dt=2024-09-21
[2024-09-21T23:00:12.376+0000] {ssh.py:524} INFO - 24/09/21 23:00:12 INFO SQLHadoopMapReduceCommitProtocol: Using output committer class org.apache.hadoop.mapreduce.lib.output.FileOutputCommitter
[2024-09-21T23:00:12.384+0000] {ssh.py:524} INFO - 24/09/21 23:00:12 WARN AbstractS3ACommitterFactory: Using standard FileOutputCommitter to commit work. This is slow and potentially unsafe.
[2024-09-21T23:00:12.385+0000] {ssh.py:524} INFO - 24/09/21 23:00:12 INFO FileOutputCommitter: File Output Committer Algorithm version is 1
[2024-09-21T23:00:12.385+0000] {ssh.py:524} INFO - 24/09/21 23:00:12 INFO FileOutputCommitter: FileOutputCommitter skip cleanup _temporary folders under output directory:false, ignore cleanup failures: false
[2024-09-21T23:00:12.386+0000] {ssh.py:524} INFO - 24/09/21 23:00:12 INFO PythonRunner: Times: total = 817, boot = 564, init = 253, finish = 0
[2024-09-21T23:00:12.387+0000] {ssh.py:524} INFO - 24/09/21 23:00:12 INFO AbstractS3ACommitterFactory: Using Committer FileOutputCommitter{PathOutputCommitter{context=TaskAttemptContextImpl{JobContextImpl{jobId=job_202409212300105416575799366396456_0000}; taskId=attempt_202409212300105416575799366396456_0000_m_000004_4, status=''}; org.apache.hadoop.mapreduce.lib.output.FileOutputCommitter@46d51980}; outputPath=s3a://raw/olhovivo/corredor/dt=2024-09-21, workPath=s3a://raw/olhovivo/corredor/dt=2024-09-21/_temporary/0/_temporary/attempt_202409212300105416575799366396456_0000_m_000004_4, algorithmVersion=1, skipCleanup=false, ignoreCleanupFailures=false} for s3a://raw/olhovivo/corredor/dt=2024-09-21
[2024-09-21T23:00:12.388+0000] {ssh.py:524} INFO - 24/09/21 23:00:12 INFO SQLHadoopMapReduceCommitProtocol: Using output committer class org.apache.hadoop.mapreduce.lib.output.FileOutputCommitter
[2024-09-21T23:00:12.390+0000] {ssh.py:524} INFO - 24/09/21 23:00:12 WARN AbstractS3ACommitterFactory: Using standard FileOutputCommitter to commit work. This is slow and potentially unsafe.
[2024-09-21T23:00:12.393+0000] {ssh.py:524} INFO - 24/09/21 23:00:12 INFO FileOutputCommitter: File Output Committer Algorithm version is 1
[2024-09-21T23:00:12.394+0000] {ssh.py:524} INFO - 24/09/21 23:00:12 INFO FileOutputCommitter: FileOutputCommitter skip cleanup _temporary folders under output directory:false, ignore cleanup failures: false
[2024-09-21T23:00:12.394+0000] {ssh.py:524} INFO - 24/09/21 23:00:12 INFO AbstractS3ACommitterFactory: Using Committer FileOutputCommitter{PathOutputCommitter{context=TaskAttemptContextImpl{JobContextImpl{jobId=job_202409212300104870029882894456115_0000}; taskId=attempt_202409212300104870029882894456115_0000_m_000005_5, status=''}; org.apache.hadoop.mapreduce.lib.output.FileOutputCommitter@4989cc63}; outputPath=s3a://raw/olhovivo/corredor/dt=2024-09-21, workPath=s3a://raw/olhovivo/corredor/dt=2024-09-21/_temporary/0/_temporary/attempt_202409212300104870029882894456115_0000_m_000005_5, algorithmVersion=1, skipCleanup=false, ignoreCleanupFailures=false} for s3a://raw/olhovivo/corredor/dt=2024-09-21
[2024-09-21T23:00:12.395+0000] {ssh.py:524} INFO - 24/09/21 23:00:12 INFO SQLHadoopMapReduceCommitProtocol: Using output committer class org.apache.hadoop.mapreduce.lib.output.FileOutputCommitter
[2024-09-21T23:00:12.395+0000] {ssh.py:524} INFO - 24/09/21 23:00:12 WARN AbstractS3ACommitterFactory: Using standard FileOutputCommitter to commit work. This is slow and potentially unsafe.
[2024-09-21T23:00:12.395+0000] {ssh.py:524} INFO - 24/09/21 23:00:12 INFO FileOutputCommitter: File Output Committer Algorithm version is 1
[2024-09-21T23:00:12.396+0000] {ssh.py:524} INFO - 24/09/21 23:00:12 INFO FileOutputCommitter: FileOutputCommitter skip cleanup _temporary folders under output directory:false, ignore cleanup failures: false
[2024-09-21T23:00:12.396+0000] {ssh.py:524} INFO - 24/09/21 23:00:12 INFO AbstractS3ACommitterFactory: Using Committer FileOutputCommitter{PathOutputCommitter{context=TaskAttemptContextImpl{JobContextImpl{jobId=job_202409212300108652173402359982491_0000}; taskId=attempt_202409212300108652173402359982491_0000_m_000006_6, status=''}; org.apache.hadoop.mapreduce.lib.output.FileOutputCommitter@767b7e65}; outputPath=s3a://raw/olhovivo/corredor/dt=2024-09-21, workPath=s3a://raw/olhovivo/corredor/dt=2024-09-21/_temporary/0/_temporary/attempt_202409212300108652173402359982491_0000_m_000006_6, algorithmVersion=1, skipCleanup=false, ignoreCleanupFailures=false} for s3a://raw/olhovivo/corredor/dt=2024-09-21
[2024-09-21T23:00:12.397+0000] {ssh.py:524} INFO - 24/09/21 23:00:12 INFO SQLHadoopMapReduceCommitProtocol: Using output committer class org.apache.hadoop.mapreduce.lib.output.FileOutputCommitter
[2024-09-21T23:00:12.401+0000] {ssh.py:524} INFO - 24/09/21 23:00:12 INFO PythonRunner: Times: total = 842, boot = 624, init = 218, finish = 0
[2024-09-21T23:00:12.417+0000] {ssh.py:524} INFO - 24/09/21 23:00:12 INFO SparkHadoopMapRedUtil: No need to commit output of task because needsTaskCommit=false: attempt_202409212300105416575799366396456_0000_m_000004_4
[2024-09-21T23:00:12.422+0000] {ssh.py:524} INFO - 24/09/21 23:00:12 INFO SparkHadoopMapRedUtil: No need to commit output of task because needsTaskCommit=false: attempt_202409212300101452720632465655448_0000_m_000009_9
[2024-09-21T23:00:12.426+0000] {ssh.py:524} INFO - 24/09/21 23:00:12 WARN AbstractS3ACommitterFactory: Using standard FileOutputCommitter to commit work. This is slow and potentially unsafe.
[2024-09-21T23:00:12.430+0000] {ssh.py:524} INFO - 24/09/21 23:00:12 INFO FileOutputCommitter: File Output Committer Algorithm version is 1
[2024-09-21T23:00:12.430+0000] {ssh.py:524} INFO - 24/09/21 23:00:12 INFO FileOutputCommitter: FileOutputCommitter skip cleanup _temporary folders under output directory:false, ignore cleanup failures: false
[2024-09-21T23:00:12.431+0000] {ssh.py:524} INFO - 24/09/21 23:00:12 INFO PythonRunner: Times: total = 655, boot = 491, init = 164, finish = 0
[2024-09-21T23:00:12.431+0000] {ssh.py:524} INFO - 24/09/21 23:00:12 INFO AbstractS3ACommitterFactory: Using Committer FileOutputCommitter{PathOutputCommitter{context=TaskAttemptContextImpl{JobContextImpl{jobId=job_202409212300102091573380832880958_0000}; taskId=attempt_202409212300102091573380832880958_0000_m_000001_1, status=''}; org.apache.hadoop.mapreduce.lib.output.FileOutputCommitter@3ae23dc}; outputPath=s3a://raw/olhovivo/corredor/dt=2024-09-21, workPath=s3a://raw/olhovivo/corredor/dt=2024-09-21/_temporary/0/_temporary/attempt_202409212300102091573380832880958_0000_m_000001_1, algorithmVersion=1, skipCleanup=false, ignoreCleanupFailures=false} for s3a://raw/olhovivo/corredor/dt=2024-09-21
[2024-09-21T23:00:12.432+0000] {ssh.py:524} INFO - 24/09/21 23:00:12 INFO SQLHadoopMapReduceCommitProtocol: Using output committer class org.apache.hadoop.mapreduce.lib.output.FileOutputCommitter
[2024-09-21T23:00:12.433+0000] {ssh.py:524} INFO - 24/09/21 23:00:12 INFO PythonRunner: Times: total = 710, boot = 476, init = 234, finish = 0
[2024-09-21T23:00:12.433+0000] {ssh.py:524} INFO - 24/09/21 23:00:12 INFO PythonRunner: Times: total = 727, boot = 481, init = 246, finish = 0
[2024-09-21T23:00:12.433+0000] {ssh.py:524} INFO - 24/09/21 23:00:12 INFO PythonRunner: Times: total = 683, boot = 474, init = 209, finish = 0
[2024-09-21T23:00:12.437+0000] {ssh.py:524} INFO - 24/09/21 23:00:12 INFO PythonRunner: Times: total = 689, boot = 520, init = 169, finish = 0
[2024-09-21T23:00:12.442+0000] {ssh.py:524} INFO - 24/09/21 23:00:12 INFO PythonRunner: Times: total = 882, boot = 670, init = 212, finish = 0
[2024-09-21T23:00:12.443+0000] {ssh.py:524} INFO - 24/09/21 23:00:12 WARN AbstractS3ACommitterFactory: Using standard FileOutputCommitter to commit work. This is slow and potentially unsafe.
[2024-09-21T23:00:12.444+0000] {ssh.py:524} INFO - 24/09/21 23:00:12 INFO FileOutputCommitter: File Output Committer Algorithm version is 1
[2024-09-21T23:00:12.444+0000] {ssh.py:524} INFO - 24/09/21 23:00:12 INFO FileOutputCommitter: FileOutputCommitter skip cleanup _temporary folders under output directory:false, ignore cleanup failures: false
[2024-09-21T23:00:12.444+0000] {ssh.py:524} INFO - 24/09/21 23:00:12 INFO AbstractS3ACommitterFactory: Using Committer FileOutputCommitter{PathOutputCommitter{context=TaskAttemptContextImpl{JobContextImpl{jobId=job_202409212300107113068816104506991_0000}; taskId=attempt_202409212300107113068816104506991_0000_m_000007_7, status=''}; org.apache.hadoop.mapreduce.lib.output.FileOutputCommitter@1f54efac}; outputPath=s3a://raw/olhovivo/corredor/dt=2024-09-21, workPath=s3a://raw/olhovivo/corredor/dt=2024-09-21/_temporary/0/_temporary/attempt_202409212300107113068816104506991_0000_m_000007_7, algorithmVersion=1, skipCleanup=false, ignoreCleanupFailures=false} for s3a://raw/olhovivo/corredor/dt=2024-09-21
[2024-09-21T23:00:12.445+0000] {ssh.py:524} INFO - 24/09/21 23:00:12 INFO SQLHadoopMapReduceCommitProtocol: Using output committer class org.apache.hadoop.mapreduce.lib.output.FileOutputCommitter
[2024-09-21T23:00:12.449+0000] {ssh.py:524} INFO - 24/09/21 23:00:12 INFO Executor: Finished task 4.0 in stage 0.0 (TID 4). 2871 bytes result sent to driver
[2024-09-21T23:00:12.450+0000] {ssh.py:524} INFO - 24/09/21 23:00:12 INFO Executor: Finished task 9.0 in stage 0.0 (TID 9). 2871 bytes result sent to driver
[2024-09-21T23:00:12.454+0000] {ssh.py:524} INFO - 24/09/21 23:00:12 INFO SparkHadoopMapRedUtil: No need to commit output of task because needsTaskCommit=false: attempt_202409212300101783429641828258722_0000_m_000002_2
[2024-09-21T23:00:12.455+0000] {ssh.py:524} INFO - 24/09/21 23:00:12 WARN AbstractS3ACommitterFactory: Using standard FileOutputCommitter to commit work. This is slow and potentially unsafe.
[2024-09-21T23:00:12.456+0000] {ssh.py:524} INFO - 24/09/21 23:00:12 INFO FileOutputCommitter: File Output Committer Algorithm version is 1
[2024-09-21T23:00:12.456+0000] {ssh.py:524} INFO - 24/09/21 23:00:12 INFO FileOutputCommitter: FileOutputCommitter skip cleanup _temporary folders under output directory:false, ignore cleanup failures: false
[2024-09-21T23:00:12.457+0000] {ssh.py:524} INFO - 24/09/21 23:00:12 INFO AbstractS3ACommitterFactory: Using Committer FileOutputCommitter{PathOutputCommitter{context=TaskAttemptContextImpl{JobContextImpl{jobId=job_202409212300104745495256652735444_0000}; taskId=attempt_202409212300104745495256652735444_0000_m_000000_0, status=''}; org.apache.hadoop.mapreduce.lib.output.FileOutputCommitter@f6f40e9}; outputPath=s3a://raw/olhovivo/corredor/dt=2024-09-21, workPath=s3a://raw/olhovivo/corredor/dt=2024-09-21/_temporary/0/_temporary/attempt_202409212300104745495256652735444_0000_m_000000_0, algorithmVersion=1, skipCleanup=false, ignoreCleanupFailures=false} for s3a://raw/olhovivo/corredor/dt=2024-09-21
[2024-09-21T23:00:12.458+0000] {ssh.py:524} INFO - 24/09/21 23:00:12 INFO SQLHadoopMapReduceCommitProtocol: Using output committer class org.apache.hadoop.mapreduce.lib.output.FileOutputCommitter
[2024-09-21T23:00:12.459+0000] {ssh.py:524} INFO - 24/09/21 23:00:12 INFO Executor: Finished task 2.0 in stage 0.0 (TID 2). 2828 bytes result sent to driver
[2024-09-21T23:00:12.477+0000] {ssh.py:524} INFO - 24/09/21 23:00:12 INFO PythonRunner: Times: total = 879, boot = 639, init = 240, finish = 0
[2024-09-21T23:00:12.480+0000] {ssh.py:524} INFO - 24/09/21 23:00:12 INFO PythonRunner: Times: total = 780, boot = 533, init = 247, finish = 0
[2024-09-21T23:00:12.488+0000] {ssh.py:524} INFO - 24/09/21 23:00:12 INFO TaskSetManager: Finished task 4.0 in stage 0.0 (TID 4) in 1283 ms on spark-master (executor driver) (1/12)
[2024-09-21T23:00:12.495+0000] {ssh.py:524} INFO - 24/09/21 23:00:12 INFO PythonAccumulatorV2: Connected to AccumulatorServer at host: 127.0.0.1 port: 55039
[2024-09-21T23:00:12.501+0000] {ssh.py:524} INFO - 24/09/21 23:00:12 INFO PythonRunner: Times: total = 935, boot = 655, init = 280, finish = 0
[2024-09-21T23:00:12.504+0000] {ssh.py:524} INFO - 24/09/21 23:00:12 INFO TaskSetManager: Finished task 2.0 in stage 0.0 (TID 2) in 1301 ms on spark-master (executor driver) (2/12)
[2024-09-21T23:00:12.505+0000] {ssh.py:524} INFO - 24/09/21 23:00:12 INFO TaskSetManager: Finished task 9.0 in stage 0.0 (TID 9) in 1281 ms on spark-master (executor driver) (3/12)
[2024-09-21T23:00:12.506+0000] {ssh.py:524} INFO - 24/09/21 23:00:12 INFO SparkHadoopMapRedUtil: No need to commit output of task because needsTaskCommit=false: attempt_202409212300107113068816104506991_0000_m_000007_7
[2024-09-21T23:00:12.509+0000] {ssh.py:524} INFO - 24/09/21 23:00:12 INFO Executor: Finished task 7.0 in stage 0.0 (TID 7). 2828 bytes result sent to driver
[2024-09-21T23:00:12.542+0000] {ssh.py:524} INFO - 24/09/21 23:00:12 INFO PythonRunner: Times: total = 965, boot = 681, init = 284, finish = 0
[2024-09-21T23:00:12.547+0000] {ssh.py:524} INFO - 24/09/21 23:00:12 INFO TaskSetManager: Finished task 7.0 in stage 0.0 (TID 7) in 1339 ms on spark-master (executor driver) (4/12)
[2024-09-21T23:00:12.792+0000] {ssh.py:524} INFO - 24/09/21 23:00:12 INFO FileOutputCommitter: Saved output of task 'attempt_202409212300108652173402359982491_0000_m_000006_6' to s3a://raw/olhovivo/corredor/dt=2024-09-21/_temporary/0/task_202409212300108652173402359982491_0000_m_000006
[2024-09-21T23:00:12.794+0000] {ssh.py:524} INFO - 24/09/21 23:00:12 INFO SparkHadoopMapRedUtil: attempt_202409212300108652173402359982491_0000_m_000006_6: Committed. Elapsed time: 197 ms.
[2024-09-21T23:00:12.795+0000] {ssh.py:524} INFO - 24/09/21 23:00:12 INFO FileOutputCommitter: Saved output of task 'attempt_202409212300104870029882894456115_0000_m_000005_5' to s3a://raw/olhovivo/corredor/dt=2024-09-21/_temporary/0/task_202409212300104870029882894456115_0000_m_000005
[2024-09-21T23:00:12.795+0000] {ssh.py:524} INFO - 24/09/21 23:00:12 INFO SparkHadoopMapRedUtil: attempt_202409212300104870029882894456115_0000_m_000005_5: Committed. Elapsed time: 201 ms.
[2024-09-21T23:00:12.797+0000] {ssh.py:524} INFO - 24/09/21 23:00:12 INFO FileOutputCommitter: Saved output of task 'attempt_20240921230010166266494487291017_0000_m_000008_8' to s3a://raw/olhovivo/corredor/dt=2024-09-21/_temporary/0/task_20240921230010166266494487291017_0000_m_000008
[2024-09-21T23:00:12.798+0000] {ssh.py:524} INFO - 24/09/21 23:00:12 INFO SparkHadoopMapRedUtil: attempt_20240921230010166266494487291017_0000_m_000008_8: Committed. Elapsed time: 268 ms.
[2024-09-21T23:00:12.800+0000] {ssh.py:524} INFO - 24/09/21 23:00:12 INFO Executor: Finished task 8.0 in stage 0.0 (TID 8). 2914 bytes result sent to driver
[2024-09-21T23:00:12.801+0000] {ssh.py:524} INFO - 24/09/21 23:00:12 INFO Executor: Finished task 5.0 in stage 0.0 (TID 5). 2914 bytes result sent to driver
[2024-09-21T23:00:12.806+0000] {ssh.py:524} INFO - 24/09/21 23:00:12 INFO TaskSetManager: Finished task 8.0 in stage 0.0 (TID 8) in 1581 ms on spark-master (executor driver) (5/12)
[2024-09-21T23:00:12.807+0000] {ssh.py:524} INFO - 24/09/21 23:00:12 INFO Executor: Finished task 6.0 in stage 0.0 (TID 6). 2957 bytes result sent to driver
[2024-09-21T23:00:12.807+0000] {ssh.py:524} INFO - 24/09/21 23:00:12 INFO TaskSetManager: Finished task 6.0 in stage 0.0 (TID 6) in 1598 ms on spark-master (executor driver) (6/12)
[2024-09-21T23:00:12.808+0000] {ssh.py:524} INFO - 24/09/21 23:00:12 INFO FileOutputCommitter: Saved output of task 'attempt_202409212300109101127389509563302_0000_m_000003_3' to s3a://raw/olhovivo/corredor/dt=2024-09-21/_temporary/0/task_202409212300109101127389509563302_0000_m_000003
[2024-09-21T23:00:12.808+0000] {ssh.py:524} INFO - 24/09/21 23:00:12 INFO SparkHadoopMapRedUtil: attempt_202409212300109101127389509563302_0000_m_000003_3: Committed. Elapsed time: 238 ms.
[2024-09-21T23:00:12.808+0000] {ssh.py:524} INFO - 24/09/21 23:00:12 INFO FileOutputCommitter: Saved output of task 'attempt_202409212300103716762572550795572_0000_m_000010_10' to s3a://raw/olhovivo/corredor/dt=2024-09-21/_temporary/0/task_202409212300103716762572550795572_0000_m_000010
[2024-09-21T23:00:12.809+0000] {ssh.py:524} INFO - 24/09/21 23:00:12 INFO SparkHadoopMapRedUtil: attempt_202409212300103716762572550795572_0000_m_000010_10: Committed. Elapsed time: 266 ms.
[2024-09-21T23:00:12.809+0000] {ssh.py:524} INFO - 24/09/21 23:00:12 INFO TaskSetManager: Finished task 5.0 in stage 0.0 (TID 5) in 1600 ms on spark-master (executor driver) (7/12)
[2024-09-21T23:00:12.810+0000] {ssh.py:524} INFO - 24/09/21 23:00:12 INFO FileOutputCommitter: Saved output of task 'attempt_20240921230010353889248257932114_0000_m_000011_11' to s3a://raw/olhovivo/corredor/dt=2024-09-21/_temporary/0/task_20240921230010353889248257932114_0000_m_000011
[2024-09-21T23:00:12.810+0000] {ssh.py:524} INFO - 24/09/21 23:00:12 INFO SparkHadoopMapRedUtil: attempt_20240921230010353889248257932114_0000_m_000011_11: Committed. Elapsed time: 242 ms.
[2024-09-21T23:00:12.811+0000] {ssh.py:524} INFO - 24/09/21 23:00:12 INFO Executor: Finished task 3.0 in stage 0.0 (TID 3). 2914 bytes result sent to driver
[2024-09-21T23:00:12.812+0000] {ssh.py:524} INFO - 24/09/21 23:00:12 INFO Executor: Finished task 11.0 in stage 0.0 (TID 11). 2914 bytes result sent to driver
[2024-09-21T23:00:12.813+0000] {ssh.py:524} INFO - 24/09/21 23:00:12 INFO Executor: Finished task 10.0 in stage 0.0 (TID 10). 2914 bytes result sent to driver
[2024-09-21T23:00:12.814+0000] {ssh.py:524} INFO - 24/09/21 23:00:12 INFO TaskSetManager: Finished task 3.0 in stage 0.0 (TID 3) in 1608 ms on spark-master (executor driver) (8/12)
[2024-09-21T23:00:12.815+0000] {ssh.py:524} INFO - 24/09/21 23:00:12 INFO TaskSetManager: Finished task 11.0 in stage 0.0 (TID 11) in 1565 ms on spark-master (executor driver) (9/12)
[2024-09-21T23:00:12.815+0000] {ssh.py:524} INFO - 24/09/21 23:00:12 INFO TaskSetManager: Finished task 10.0 in stage 0.0 (TID 10) in 1567 ms on spark-master (executor driver) (10/12)
[2024-09-21T23:00:12.826+0000] {ssh.py:524} INFO - 24/09/21 23:00:12 INFO FileOutputCommitter: Saved output of task 'attempt_202409212300102091573380832880958_0000_m_000001_1' to s3a://raw/olhovivo/corredor/dt=2024-09-21/_temporary/0/task_202409212300102091573380832880958_0000_m_000001
[2024-09-21T23:00:12.827+0000] {ssh.py:524} INFO - 24/09/21 23:00:12 INFO SparkHadoopMapRedUtil: attempt_202409212300102091573380832880958_0000_m_000001_1: Committed. Elapsed time: 186 ms.
[2024-09-21T23:00:12.829+0000] {ssh.py:524} INFO - 24/09/21 23:00:12 INFO Executor: Finished task 1.0 in stage 0.0 (TID 1). 2914 bytes result sent to driver
[2024-09-21T23:00:12.831+0000] {ssh.py:524} INFO - 24/09/21 23:00:12 INFO TaskSetManager: Finished task 1.0 in stage 0.0 (TID 1) in 1630 ms on spark-master (executor driver) (11/12)
[2024-09-21T23:00:12.841+0000] {ssh.py:524} INFO - 24/09/21 23:00:12 INFO FileOutputCommitter: Saved output of task 'attempt_202409212300104745495256652735444_0000_m_000000_0' to s3a://raw/olhovivo/corredor/dt=2024-09-21/_temporary/0/task_202409212300104745495256652735444_0000_m_000000
[2024-09-21T23:00:12.842+0000] {ssh.py:524} INFO - 24/09/21 23:00:12 INFO SparkHadoopMapRedUtil: attempt_202409212300104745495256652735444_0000_m_000000_0: Committed. Elapsed time: 225 ms.
[2024-09-21T23:00:12.844+0000] {ssh.py:524} INFO - 24/09/21 23:00:12 INFO Executor: Finished task 0.0 in stage 0.0 (TID 0). 2828 bytes result sent to driver
[2024-09-21T23:00:12.846+0000] {ssh.py:524} INFO - 24/09/21 23:00:12 INFO TaskSetManager: Finished task 0.0 in stage 0.0 (TID 0) in 1668 ms on spark-master (executor driver) (12/12)
[2024-09-21T23:00:12.847+0000] {ssh.py:524} INFO - 24/09/21 23:00:12 INFO TaskSchedulerImpl: Removed TaskSet 0.0, whose tasks have all completed, from pool 
[2024-09-21T23:00:12.849+0000] {ssh.py:524} INFO - 24/09/21 23:00:12 INFO DAGScheduler: ResultStage 0 (save at NativeMethodAccessorImpl.java:0) finished in 1.853 s
[2024-09-21T23:00:12.852+0000] {ssh.py:524} INFO - 24/09/21 23:00:12 INFO DAGScheduler: Job 0 is finished. Cancelling potential speculative or zombie tasks for this job
[2024-09-21T23:00:12.853+0000] {ssh.py:524} INFO - 24/09/21 23:00:12 INFO TaskSchedulerImpl: Killing all running tasks in stage 0: Stage finished
[2024-09-21T23:00:12.855+0000] {ssh.py:524} INFO - 24/09/21 23:00:12 INFO DAGScheduler: Job 0 finished: save at NativeMethodAccessorImpl.java:0, took 1.891114 s
[2024-09-21T23:00:12.857+0000] {ssh.py:524} INFO - 24/09/21 23:00:12 INFO FileFormatWriter: Start to commit write Job 1ddf96fb-1dc4-44c6-942e-a7103fe14078.
[2024-09-21T23:00:13.703+0000] {ssh.py:524} INFO - 24/09/21 23:00:13 INFO FileFormatWriter: Write Job 1ddf96fb-1dc4-44c6-942e-a7103fe14078 committed. Elapsed time: 845 ms.
[2024-09-21T23:00:13.710+0000] {ssh.py:524} INFO - 24/09/21 23:00:13 INFO FileFormatWriter: Finished processing stats for write job 1ddf96fb-1dc4-44c6-942e-a7103fe14078.
[2024-09-21T23:00:13.720+0000] {ssh.py:524} INFO - [DEBUG] Done.
[2024-09-21T23:00:13.791+0000] {ssh.py:524} INFO - 24/09/21 23:00:13 INFO SparkContext: Invoking stop() from shutdown hook
[2024-09-21T23:00:13.811+0000] {ssh.py:524} INFO - 24/09/21 23:00:13 INFO SparkUI: Stopped Spark web UI at http://spark-master:4042
[2024-09-21T23:00:13.838+0000] {ssh.py:524} INFO - 24/09/21 23:00:13 INFO MapOutputTrackerMasterEndpoint: MapOutputTrackerMasterEndpoint stopped!
[2024-09-21T23:00:13.849+0000] {ssh.py:524} INFO - 24/09/21 23:00:13 INFO MemoryStore: MemoryStore cleared
[2024-09-21T23:00:13.850+0000] {ssh.py:524} INFO - 24/09/21 23:00:13 INFO BlockManager: BlockManager stopped
[2024-09-21T23:00:13.855+0000] {ssh.py:524} INFO - 24/09/21 23:00:13 INFO BlockManagerMaster: BlockManagerMaster stopped
[2024-09-21T23:00:13.857+0000] {ssh.py:524} INFO - 24/09/21 23:00:13 INFO OutputCommitCoordinator$OutputCommitCoordinatorEndpoint: OutputCommitCoordinator stopped!
[2024-09-21T23:00:13.866+0000] {ssh.py:524} INFO - 24/09/21 23:00:13 INFO SparkContext: Successfully stopped SparkContext
[2024-09-21T23:00:13.867+0000] {ssh.py:524} INFO - 24/09/21 23:00:13 INFO ShutdownHookManager: Shutdown hook called
[2024-09-21T23:00:13.867+0000] {ssh.py:524} INFO - 24/09/21 23:00:13 INFO ShutdownHookManager: Deleting directory /tmp/spark-d26c8ae3-90e9-4dcc-8c46-3f1f961cc7b8
[2024-09-21T23:00:13.869+0000] {ssh.py:524} INFO - 24/09/21 23:00:13 INFO ShutdownHookManager: Deleting directory /tmp/spark-913377f1-c3e7-4e79-bb1f-2265165bd726/pyspark-e30beafe-bfb1-472b-b2b3-cc14e45794ed
[2024-09-21T23:00:13.872+0000] {ssh.py:524} INFO - 24/09/21 23:00:13 INFO ShutdownHookManager: Deleting directory /tmp/spark-913377f1-c3e7-4e79-bb1f-2265165bd726
[2024-09-21T23:00:13.880+0000] {ssh.py:524} INFO - 24/09/21 23:00:13 INFO MetricsSystemImpl: Stopping s3a-file-system metrics system...
[2024-09-21T23:00:13.882+0000] {ssh.py:524} INFO - 24/09/21 23:00:13 INFO MetricsSystemImpl: s3a-file-system metrics system stopped.
[2024-09-21T23:00:13.882+0000] {ssh.py:524} INFO - 24/09/21 23:00:13 INFO MetricsSystemImpl: s3a-file-system metrics system shutdown complete.
[2024-09-21T23:00:14.042+0000] {taskinstance.py:1400} INFO - Marking task as SUCCESS. dag_id=raw_ingestion, task_id=spark_raw_ingestion_corredor, execution_date=20240921T223000, start_date=20240921T230001, end_date=20240921T230014
[2024-09-21T23:00:14.092+0000] {local_task_job_runner.py:228} INFO - Task exited with return code 0
[2024-09-21T23:00:14.135+0000] {taskinstance.py:2778} INFO - 0 downstream tasks scheduled from follow-on schedule check
