[2024-09-17T23:27:35.137+0000] {taskinstance.py:1159} INFO - Dependencies all met for dep_context=non-requeueable deps ti=<TaskInstance: raw_ingestion.raw_ingestion scheduled__2024-09-17T08:00:00+00:00 [queued]>
[2024-09-17T23:27:35.149+0000] {taskinstance.py:1159} INFO - Dependencies all met for dep_context=requeueable deps ti=<TaskInstance: raw_ingestion.raw_ingestion scheduled__2024-09-17T08:00:00+00:00 [queued]>
[2024-09-17T23:27:35.150+0000] {taskinstance.py:1361} INFO - Starting attempt 1 of 0
[2024-09-17T23:27:35.168+0000] {taskinstance.py:1382} INFO - Executing <Task(SSHOperator): raw_ingestion> on 2024-09-17 08:00:00+00:00
[2024-09-17T23:27:35.173+0000] {standard_task_runner.py:57} INFO - Started process 1317 to run task
[2024-09-17T23:27:35.175+0000] {standard_task_runner.py:84} INFO - Running: ['airflow', 'tasks', 'run', 'raw_ingestion', 'raw_ingestion', 'scheduled__2024-09-17T08:00:00+00:00', '--job-id', '88', '--raw', '--subdir', 'DAGS_FOLDER/raw_ingestion.py', '--cfg-path', '/tmp/tmp2vilgvbc']
[2024-09-17T23:27:35.176+0000] {standard_task_runner.py:85} INFO - Job 88: Subtask raw_ingestion
[2024-09-17T23:27:35.351+0000] {task_command.py:416} INFO - Running <TaskInstance: raw_ingestion.raw_ingestion scheduled__2024-09-17T08:00:00+00:00 [running]> on host airflow-worker
[2024-09-17T23:27:35.634+0000] {taskinstance.py:1662} INFO - Exporting env vars: AIRFLOW_CTX_DAG_OWNER='***' AIRFLOW_CTX_DAG_ID='raw_ingestion' AIRFLOW_CTX_TASK_ID='raw_ingestion' AIRFLOW_CTX_EXECUTION_DATE='2024-09-17T08:00:00+00:00' AIRFLOW_CTX_TRY_NUMBER='1' AIRFLOW_CTX_DAG_RUN_ID='scheduled__2024-09-17T08:00:00+00:00'
[2024-09-17T23:27:35.635+0000] {ssh.py:141} INFO - Creating ssh_client
[2024-09-17T23:27:35.636+0000] {ssh.py:114} INFO - ssh_hook is not provided or invalid. Trying ssh_conn_id to create SSHHook.
[2024-09-17T23:27:35.675+0000] {base.py:73} INFO - Using connection ID 'spark_ssh_default' for task execution.
[2024-09-17T23:27:35.680+0000] {ssh.py:300} WARNING - No Host Key Verification. This won't protect against Man-In-The-Middle attacks
[2024-09-17T23:27:35.692+0000] {transport.py:1893} INFO - Connected (version 2.0, client OpenSSH_8.9p1)
[2024-09-17T23:27:35.789+0000] {transport.py:1893} INFO - Authentication (password) successful!
[2024-09-17T23:27:35.789+0000] {ssh.py:478} INFO - Running command: export SPARK_HOME=/usr/local/spark; /opt/conda/bin/spark-submit --master local[*] --executor-memory 2g /opt/shared/scripts/raw_ingestion.py
[2024-09-17T23:27:41.687+0000] {ssh.py:524} INFO - 24/09/17 23:27:41 INFO SparkContext: Running Spark version 3.3.1
[2024-09-17T23:27:41.732+0000] {ssh.py:524} INFO - 24/09/17 23:27:41 WARN NativeCodeLoader: Unable to load native-hadoop library for your platform... using builtin-java classes where applicable
[2024-09-17T23:27:41.891+0000] {ssh.py:524} INFO - 24/09/17 23:27:41 INFO ResourceUtils: ==============================================================
[2024-09-17T23:27:41.893+0000] {ssh.py:524} INFO - 24/09/17 23:27:41 INFO ResourceUtils: No custom resources configured for spark.driver.
[2024-09-17T23:27:41.894+0000] {ssh.py:524} INFO - 24/09/17 23:27:41 INFO ResourceUtils: ==============================================================
[2024-09-17T23:27:41.895+0000] {ssh.py:524} INFO - 24/09/17 23:27:41 INFO SparkContext: Submitted application: load
[2024-09-17T23:27:41.940+0000] {ssh.py:524} INFO - 24/09/17 23:27:41 INFO ResourceProfile: Default ResourceProfile created, executor resources: Map(cores -> name: cores, amount: 1, script: , vendor: , memory -> name: memory, amount: 1024, script: , vendor: , offHeap -> name: offHeap, amount: 0, script: , vendor: ), task resources: Map(cpus -> name: cpus, amount: 1.0)
[2024-09-17T23:27:41.961+0000] {ssh.py:524} INFO - 24/09/17 23:27:41 INFO ResourceProfile: Limiting resource is cpu
[2024-09-17T23:27:41.962+0000] {ssh.py:524} INFO - 24/09/17 23:27:41 INFO ResourceProfileManager: Added ResourceProfile id: 0
[2024-09-17T23:27:42.107+0000] {ssh.py:524} INFO - 24/09/17 23:27:42 INFO SecurityManager: Changing view acls to: root
[2024-09-17T23:27:42.111+0000] {ssh.py:524} INFO - 24/09/17 23:27:42 INFO SecurityManager: Changing modify acls to: root
[2024-09-17T23:27:42.114+0000] {ssh.py:524} INFO - 24/09/17 23:27:42 INFO SecurityManager: Changing view acls groups to: 
[2024-09-17T23:27:42.116+0000] {ssh.py:524} INFO - 24/09/17 23:27:42 INFO SecurityManager: Changing modify acls groups to: 
[2024-09-17T23:27:42.118+0000] {ssh.py:524} INFO - 24/09/17 23:27:42 INFO SecurityManager: SecurityManager: authentication disabled; ui acls disabled; users  with view permissions: Set(root); groups with view permissions: Set(); users  with modify permissions: Set(root); groups with modify permissions: Set()
[2024-09-17T23:27:43.139+0000] {ssh.py:524} INFO - 24/09/17 23:27:43 INFO Utils: Successfully started service 'sparkDriver' on port 39443.
[2024-09-17T23:27:43.279+0000] {ssh.py:524} INFO - 24/09/17 23:27:43 INFO SparkEnv: Registering MapOutputTracker
[2024-09-17T23:27:43.445+0000] {ssh.py:524} INFO - 24/09/17 23:27:43 INFO SparkEnv: Registering BlockManagerMaster
[2024-09-17T23:27:43.478+0000] {ssh.py:524} INFO - 24/09/17 23:27:43 INFO BlockManagerMasterEndpoint: Using org.apache.spark.storage.DefaultTopologyMapper for getting topology information
[2024-09-17T23:27:43.481+0000] {ssh.py:524} INFO - 24/09/17 23:27:43 INFO BlockManagerMasterEndpoint: BlockManagerMasterEndpoint up
[2024-09-17T23:27:43.513+0000] {ssh.py:524} INFO - 24/09/17 23:27:43 INFO SparkEnv: Registering BlockManagerMasterHeartbeat
[2024-09-17T23:27:43.560+0000] {ssh.py:524} INFO - 24/09/17 23:27:43 INFO DiskBlockManager: Created local directory at /tmp/blockmgr-b236022b-89c6-4dbc-89ab-1ecc57708ae8
[2024-09-17T23:27:43.591+0000] {ssh.py:524} INFO - 24/09/17 23:27:43 INFO MemoryStore: MemoryStore started with capacity 434.4 MiB
[2024-09-17T23:27:43.663+0000] {ssh.py:524} INFO - 24/09/17 23:27:43 INFO SparkEnv: Registering OutputCommitCoordinator
[2024-09-17T23:27:44.549+0000] {ssh.py:524} INFO - 24/09/17 23:27:44 INFO Utils: Successfully started service 'SparkUI' on port 4040.
[2024-09-17T23:27:45.211+0000] {ssh.py:524} INFO - 24/09/17 23:27:45 INFO Executor: Starting executor ID driver on host spark-master
[2024-09-17T23:27:45.250+0000] {ssh.py:524} INFO - 24/09/17 23:27:45 INFO Executor: Starting executor with user classpath (userClassPathFirst = false): ''
[2024-09-17T23:27:45.435+0000] {ssh.py:524} INFO - 24/09/17 23:27:45 INFO Utils: Successfully started service 'org.apache.spark.network.netty.NettyBlockTransferService' on port 41147.
[2024-09-17T23:27:45.435+0000] {ssh.py:524} INFO - 24/09/17 23:27:45 INFO NettyBlockTransferService: Server created on spark-master:41147
[2024-09-17T23:27:45.450+0000] {ssh.py:524} INFO - 24/09/17 23:27:45 INFO BlockManager: Using org.apache.spark.storage.RandomBlockReplicationPolicy for block replication policy
[2024-09-17T23:27:45.471+0000] {ssh.py:524} INFO - 24/09/17 23:27:45 INFO BlockManagerMaster: Registering BlockManager BlockManagerId(driver, spark-master, 41147, None)
[2024-09-17T23:27:45.480+0000] {ssh.py:524} INFO - 24/09/17 23:27:45 INFO BlockManagerMasterEndpoint: Registering block manager spark-master:41147 with 434.4 MiB RAM, BlockManagerId(driver, spark-master, 41147, None)
[2024-09-17T23:27:45.481+0000] {ssh.py:524} INFO - 24/09/17 23:27:45 INFO BlockManagerMaster: Registered BlockManager BlockManagerId(driver, spark-master, 41147, None)
[2024-09-17T23:27:45.483+0000] {ssh.py:524} INFO - 24/09/17 23:27:45 INFO BlockManager: Initialized BlockManager: BlockManagerId(driver, spark-master, 41147, None)
[2024-09-17T23:27:55.560+0000] {taskinstance.py:1937} ERROR - Task failed with exception
Traceback (most recent call last):
  File "/home/airflow/.local/lib/python3.8/site-packages/airflow/providers/ssh/operators/ssh.py", line 178, in execute
    result = self.run_ssh_client_command(ssh_client, self.command, context=context)
  File "/home/airflow/.local/lib/python3.8/site-packages/airflow/providers/ssh/operators/ssh.py", line 163, in run_ssh_client_command
    exit_status, agg_stdout, agg_stderr = self.hook.exec_ssh_client_command(
  File "/home/airflow/.local/lib/python3.8/site-packages/airflow/providers/ssh/hooks/ssh.py", line 549, in exec_ssh_client_command
    raise AirflowException("SSH command timed out")
airflow.exceptions.AirflowException: SSH command timed out
[2024-09-17T23:27:55.564+0000] {taskinstance.py:1400} INFO - Marking task as FAILED. dag_id=raw_ingestion, task_id=raw_ingestion, execution_date=20240917T080000, start_date=20240917T232735, end_date=20240917T232755
[2024-09-17T23:27:55.609+0000] {standard_task_runner.py:104} ERROR - Failed to execute job 88 for task raw_ingestion (SSH command timed out; 1317)
[2024-09-17T23:27:55.642+0000] {local_task_job_runner.py:228} INFO - Task exited with return code 1
[2024-09-17T23:27:55.756+0000] {taskinstance.py:2778} INFO - 0 downstream tasks scheduled from follow-on schedule check
