[2024-09-21T21:07:07.556+0000] {taskinstance.py:1159} INFO - Dependencies all met for dep_context=non-requeueable deps ti=<TaskInstance: raw_ingestion.spark_raw_ingestion_posicao manual__2024-09-21T21:07:06.565959+00:00 [queued]>
[2024-09-21T21:07:07.567+0000] {taskinstance.py:1159} INFO - Dependencies all met for dep_context=requeueable deps ti=<TaskInstance: raw_ingestion.spark_raw_ingestion_posicao manual__2024-09-21T21:07:06.565959+00:00 [queued]>
[2024-09-21T21:07:07.567+0000] {taskinstance.py:1361} INFO - Starting attempt 1 of 0
[2024-09-21T21:07:07.599+0000] {taskinstance.py:1382} INFO - Executing <Task(SSHOperator): spark_raw_ingestion_posicao> on 2024-09-21 21:07:06.565959+00:00
[2024-09-21T21:07:07.603+0000] {standard_task_runner.py:57} INFO - Started process 682 to run task
[2024-09-21T21:07:07.605+0000] {standard_task_runner.py:84} INFO - Running: ['airflow', 'tasks', 'run', 'raw_ingestion', 'spark_raw_ingestion_posicao', 'manual__2024-09-21T21:07:06.565959+00:00', '--job-id', '361', '--raw', '--subdir', 'DAGS_FOLDER/raw_ingestion.py', '--cfg-path', '/tmp/tmpij2cs1de']
[2024-09-21T21:07:07.606+0000] {standard_task_runner.py:85} INFO - Job 361: Subtask spark_raw_ingestion_posicao
[2024-09-21T21:07:07.722+0000] {task_command.py:416} INFO - Running <TaskInstance: raw_ingestion.spark_raw_ingestion_posicao manual__2024-09-21T21:07:06.565959+00:00 [running]> on host airflow-worker
[2024-09-21T21:07:07.919+0000] {taskinstance.py:1662} INFO - Exporting env vars: AIRFLOW_CTX_DAG_OWNER='***' AIRFLOW_CTX_DAG_ID='raw_ingestion' AIRFLOW_CTX_TASK_ID='spark_raw_ingestion_posicao' AIRFLOW_CTX_EXECUTION_DATE='2024-09-21T21:07:06.565959+00:00' AIRFLOW_CTX_TRY_NUMBER='1' AIRFLOW_CTX_DAG_RUN_ID='manual__2024-09-21T21:07:06.565959+00:00'
[2024-09-21T21:07:07.920+0000] {ssh.py:141} INFO - Creating ssh_client
[2024-09-21T21:07:07.921+0000] {ssh.py:114} INFO - ssh_hook is not provided or invalid. Trying ssh_conn_id to create SSHHook.
[2024-09-21T21:07:07.948+0000] {base.py:73} INFO - Using connection ID 'spark_ssh_default' for task execution.
[2024-09-21T21:07:07.949+0000] {ssh.py:300} WARNING - No Host Key Verification. This won't protect against Man-In-The-Middle attacks
[2024-09-21T21:07:07.958+0000] {transport.py:1893} INFO - Connected (version 2.0, client OpenSSH_8.9p1)
[2024-09-21T21:07:08.054+0000] {transport.py:1893} INFO - Authentication (password) successful!
[2024-09-21T21:07:08.055+0000] {ssh.py:478} INFO - Running command: export SPARK_HOME=/usr/local/spark; /opt/conda/bin/spark-submit --master local[*] --executor-memory 2g --conf "spark.pyspark.python=/env/venv/bin/python" /opt/shared/scripts/raw_ingestion.py 2024-09-21 posicao
[2024-09-21T21:07:11.231+0000] {ssh.py:524} INFO - [DEBUG] dt_now: 2024-09-21
[2024-09-21T21:07:11.231+0000] {ssh.py:524} INFO - [DEBUG] endpoint: posicao
[2024-09-21T21:07:11.300+0000] {ssh.py:524} INFO - 24/09/21 21:07:11 INFO SparkContext: Running Spark version 3.3.1
[2024-09-21T21:07:11.322+0000] {ssh.py:524} INFO - 24/09/21 21:07:11 WARN NativeCodeLoader: Unable to load native-hadoop library for your platform... using builtin-java classes where applicable
[2024-09-21T21:07:11.407+0000] {ssh.py:524} INFO - 24/09/21 21:07:11 INFO ResourceUtils: ==============================================================
[2024-09-21T21:07:11.407+0000] {ssh.py:524} INFO - 24/09/21 21:07:11 INFO ResourceUtils: No custom resources configured for spark.driver.
[2024-09-21T21:07:11.408+0000] {ssh.py:524} INFO - 24/09/21 21:07:11 INFO ResourceUtils: ==============================================================
[2024-09-21T21:07:11.408+0000] {ssh.py:524} INFO - 24/09/21 21:07:11 INFO SparkContext: Submitted application: raw_ingestion_posicao
[2024-09-21T21:07:11.428+0000] {ssh.py:524} INFO - 24/09/21 21:07:11 INFO ResourceProfile: Default ResourceProfile created, executor resources: Map(cores -> name: cores, amount: 1, script: , vendor: , memory -> name: memory, amount: 1024, script: , vendor: , offHeap -> name: offHeap, amount: 0, script: , vendor: ), task resources: Map(cpus -> name: cpus, amount: 1.0)
[2024-09-21T21:07:11.436+0000] {ssh.py:524} INFO - 24/09/21 21:07:11 INFO ResourceProfile: Limiting resource is cpu
[2024-09-21T21:07:11.437+0000] {ssh.py:524} INFO - 24/09/21 21:07:11 INFO ResourceProfileManager: Added ResourceProfile id: 0
[2024-09-21T21:07:11.507+0000] {ssh.py:524} INFO - 24/09/21 21:07:11 INFO SecurityManager: Changing view acls to: root
[2024-09-21T21:07:11.508+0000] {ssh.py:524} INFO - 24/09/21 21:07:11 INFO SecurityManager: Changing modify acls to: root
[2024-09-21T21:07:11.509+0000] {ssh.py:524} INFO - 24/09/21 21:07:11 INFO SecurityManager: Changing view acls groups to: 
[2024-09-21T21:07:11.510+0000] {ssh.py:524} INFO - 24/09/21 21:07:11 INFO SecurityManager: Changing modify acls groups to: 
[2024-09-21T21:07:11.510+0000] {ssh.py:524} INFO - 24/09/21 21:07:11 INFO SecurityManager: SecurityManager: authentication disabled; ui acls disabled; users  with view permissions: Set(root); groups with view permissions: Set(); users  with modify permissions: Set(root); groups with modify permissions: Set()
[2024-09-21T21:07:11.846+0000] {ssh.py:524} INFO - 24/09/21 21:07:11 INFO Utils: Successfully started service 'sparkDriver' on port 44973.
[2024-09-21T21:07:11.891+0000] {ssh.py:524} INFO - 24/09/21 21:07:11 INFO SparkEnv: Registering MapOutputTracker
[2024-09-21T21:07:11.936+0000] {ssh.py:524} INFO - 24/09/21 21:07:11 INFO SparkEnv: Registering BlockManagerMaster
[2024-09-21T21:07:11.956+0000] {ssh.py:524} INFO - 24/09/21 21:07:11 INFO BlockManagerMasterEndpoint: Using org.apache.spark.storage.DefaultTopologyMapper for getting topology information
[2024-09-21T21:07:11.958+0000] {ssh.py:524} INFO - 24/09/21 21:07:11 INFO BlockManagerMasterEndpoint: BlockManagerMasterEndpoint up
[2024-09-21T21:07:11.984+0000] {ssh.py:524} INFO - 24/09/21 21:07:11 INFO SparkEnv: Registering BlockManagerMasterHeartbeat
[2024-09-21T21:07:12.008+0000] {ssh.py:524} INFO - 24/09/21 21:07:12 INFO DiskBlockManager: Created local directory at /tmp/blockmgr-d236ccef-7337-4dd2-99c2-cd77b76525a8
[2024-09-21T21:07:12.037+0000] {ssh.py:524} INFO - 24/09/21 21:07:12 INFO MemoryStore: MemoryStore started with capacity 434.4 MiB
[2024-09-21T21:07:12.058+0000] {ssh.py:524} INFO - 24/09/21 21:07:12 INFO SparkEnv: Registering OutputCommitCoordinator
[2024-09-21T21:07:12.280+0000] {ssh.py:524} INFO - 24/09/21 21:07:12 WARN Utils: Service 'SparkUI' could not bind on port 4040. Attempting port 4041.
[2024-09-21T21:07:12.281+0000] {ssh.py:524} INFO - 24/09/21 21:07:12 WARN Utils: Service 'SparkUI' could not bind on port 4041. Attempting port 4042.
[2024-09-21T21:07:12.283+0000] {ssh.py:524} INFO - 24/09/21 21:07:12 WARN Utils: Service 'SparkUI' could not bind on port 4042. Attempting port 4043.
[2024-09-21T21:07:12.293+0000] {ssh.py:524} INFO - 24/09/21 21:07:12 INFO Utils: Successfully started service 'SparkUI' on port 4043.
[2024-09-21T21:07:12.444+0000] {ssh.py:524} INFO - 24/09/21 21:07:12 INFO Executor: Starting executor ID driver on host spark-master
[2024-09-21T21:07:12.469+0000] {ssh.py:524} INFO - 24/09/21 21:07:12 INFO Executor: Starting executor with user classpath (userClassPathFirst = false): ''
[2024-09-21T21:07:12.494+0000] {ssh.py:524} INFO - 24/09/21 21:07:12 INFO Utils: Successfully started service 'org.apache.spark.network.netty.NettyBlockTransferService' on port 37021.
[2024-09-21T21:07:12.496+0000] {ssh.py:524} INFO - 24/09/21 21:07:12 INFO NettyBlockTransferService: Server created on spark-master:37021
[2024-09-21T21:07:12.497+0000] {ssh.py:524} INFO - 24/09/21 21:07:12 INFO BlockManager: Using org.apache.spark.storage.RandomBlockReplicationPolicy for block replication policy
[2024-09-21T21:07:12.502+0000] {ssh.py:524} INFO - 24/09/21 21:07:12 INFO BlockManagerMaster: Registering BlockManager BlockManagerId(driver, spark-master, 37021, None)
[2024-09-21T21:07:12.506+0000] {ssh.py:524} INFO - 24/09/21 21:07:12 INFO BlockManagerMasterEndpoint: Registering block manager spark-master:37021 with 434.4 MiB RAM, BlockManagerId(driver, spark-master, 37021, None)
[2024-09-21T21:07:12.508+0000] {ssh.py:524} INFO - 24/09/21 21:07:12 INFO BlockManagerMaster: Registered BlockManager BlockManagerId(driver, spark-master, 37021, None)
[2024-09-21T21:07:12.510+0000] {ssh.py:524} INFO - 24/09/21 21:07:12 INFO BlockManager: Initialized BlockManager: BlockManagerId(driver, spark-master, 37021, None)
[2024-09-21T21:07:14.503+0000] {ssh.py:524} INFO - 24/09/21 21:07:14 INFO SharedState: Setting hive.metastore.warehouse.dir ('null') to the value of spark.sql.warehouse.dir.
[2024-09-21T21:07:14.511+0000] {ssh.py:524} INFO - 24/09/21 21:07:14 INFO SharedState: Warehouse path is 'file:/root/spark-warehouse'.
[2024-09-21T21:07:16.613+0000] {ssh.py:524} INFO - 24/09/21 21:07:16 WARN MetricsConfig: Cannot locate configuration: tried hadoop-metrics2-s3a-file-system.properties,hadoop-metrics2.properties
[2024-09-21T21:07:16.629+0000] {ssh.py:524} INFO - 24/09/21 21:07:16 INFO MetricsSystemImpl: Scheduled Metric snapshot period at 10 second(s).
[2024-09-21T21:07:16.630+0000] {ssh.py:524} INFO - 24/09/21 21:07:16 INFO MetricsSystemImpl: s3a-file-system metrics system started
[2024-09-21T21:07:17.661+0000] {ssh.py:524} INFO - 24/09/21 21:07:17 WARN AbstractS3ACommitterFactory: Using standard FileOutputCommitter to commit work. This is slow and potentially unsafe.
[2024-09-21T21:07:17.663+0000] {ssh.py:524} INFO - 24/09/21 21:07:17 INFO FileOutputCommitter: File Output Committer Algorithm version is 1
[2024-09-21T21:07:17.664+0000] {ssh.py:524} INFO - 24/09/21 21:07:17 INFO FileOutputCommitter: FileOutputCommitter skip cleanup _temporary folders under output directory:false, ignore cleanup failures: false
[2024-09-21T21:07:17.665+0000] {ssh.py:524} INFO - 24/09/21 21:07:17 INFO AbstractS3ACommitterFactory: Using Committer FileOutputCommitter{PathOutputCommitter{context=TaskAttemptContextImpl{JobContextImpl{jobId=job_202409212107175002110418428937898_0000}; taskId=attempt_202409212107175002110418428937898_0000_m_000000_0, status=''}; org.apache.hadoop.mapreduce.lib.output.FileOutputCommitter@3c8972f2}; outputPath=s3a://raw/olhovivo/posicao/dt=2024-09-21, workPath=s3a://raw/olhovivo/posicao/dt=2024-09-21/_temporary/0/_temporary/attempt_202409212107175002110418428937898_0000_m_000000_0, algorithmVersion=1, skipCleanup=false, ignoreCleanupFailures=false} for s3a://raw/olhovivo/posicao/dt=2024-09-21
[2024-09-21T21:07:17.667+0000] {ssh.py:524} INFO - 24/09/21 21:07:17 INFO SQLHadoopMapReduceCommitProtocol: Using output committer class org.apache.hadoop.mapreduce.lib.output.FileOutputCommitter
[2024-09-21T21:07:18.318+0000] {ssh.py:524} INFO - 24/09/21 21:07:18 INFO CodeGenerator: Code generated in 119.171812 ms
[2024-09-21T21:07:18.439+0000] {ssh.py:524} INFO - 24/09/21 21:07:18 INFO SparkContext: Starting job: save at NativeMethodAccessorImpl.java:0
[2024-09-21T21:07:18.452+0000] {ssh.py:524} INFO - 24/09/21 21:07:18 INFO DAGScheduler: Got job 0 (save at NativeMethodAccessorImpl.java:0) with 12 output partitions
[2024-09-21T21:07:18.453+0000] {ssh.py:524} INFO - 24/09/21 21:07:18 INFO DAGScheduler: Final stage: ResultStage 0 (save at NativeMethodAccessorImpl.java:0)
[2024-09-21T21:07:18.455+0000] {ssh.py:524} INFO - 24/09/21 21:07:18 INFO DAGScheduler: Parents of final stage: List()
[2024-09-21T21:07:18.457+0000] {ssh.py:524} INFO - 24/09/21 21:07:18 INFO DAGScheduler: Missing parents: List()
[2024-09-21T21:07:18.466+0000] {ssh.py:524} INFO - 24/09/21 21:07:18 INFO DAGScheduler: Submitting ResultStage 0 (MapPartitionsRDD[5] at save at NativeMethodAccessorImpl.java:0), which has no missing parents
[2024-09-21T21:07:18.768+0000] {ssh.py:524} INFO - 24/09/21 21:07:18 INFO MemoryStore: Block broadcast_0 stored as values in memory (estimated size 225.6 KiB, free 434.2 MiB)
[2024-09-21T21:07:18.804+0000] {ssh.py:524} INFO - 24/09/21 21:07:18 INFO MemoryStore: Block broadcast_0_piece0 stored as bytes in memory (estimated size 82.1 KiB, free 434.1 MiB)
[2024-09-21T21:07:18.810+0000] {ssh.py:524} INFO - 24/09/21 21:07:18 INFO BlockManagerInfo: Added broadcast_0_piece0 in memory on spark-master:37021 (size: 82.1 KiB, free: 434.3 MiB)
[2024-09-21T21:07:18.812+0000] {ssh.py:524} INFO - 24/09/21 21:07:18 INFO SparkContext: Created broadcast 0 from broadcast at DAGScheduler.scala:1513
[2024-09-21T21:07:18.829+0000] {ssh.py:524} INFO - 24/09/21 21:07:18 INFO DAGScheduler: Submitting 12 missing tasks from ResultStage 0 (MapPartitionsRDD[5] at save at NativeMethodAccessorImpl.java:0) (first 15 tasks are for partitions Vector(0, 1, 2, 3, 4, 5, 6, 7, 8, 9, 10, 11))
[2024-09-21T21:07:18.831+0000] {ssh.py:524} INFO - 24/09/21 21:07:18 INFO TaskSchedulerImpl: Adding task set 0.0 with 12 tasks resource profile 0
[2024-09-21T21:07:18.953+0000] {ssh.py:524} INFO - 24/09/21 21:07:18 INFO TaskSetManager: Starting task 0.0 in stage 0.0 (TID 0) (spark-master, executor driver, partition 0, PROCESS_LOCAL, 4433 bytes) taskResourceAssignments Map()
[2024-09-21T21:07:18.957+0000] {ssh.py:524} INFO - 24/09/21 21:07:18 INFO TaskSetManager: Starting task 1.0 in stage 0.0 (TID 1) (spark-master, executor driver, partition 1, PROCESS_LOCAL, 4433 bytes) taskResourceAssignments Map()
[2024-09-21T21:07:18.961+0000] {ssh.py:524} INFO - 24/09/21 21:07:18 INFO TaskSetManager: Starting task 2.0 in stage 0.0 (TID 2) (spark-master, executor driver, partition 2, PROCESS_LOCAL, 4433 bytes) taskResourceAssignments Map()
[2024-09-21T21:07:18.963+0000] {ssh.py:524} INFO - 24/09/21 21:07:18 INFO TaskSetManager: Starting task 3.0 in stage 0.0 (TID 3) (spark-master, executor driver, partition 3, PROCESS_LOCAL, 4433 bytes) taskResourceAssignments Map()
[2024-09-21T21:07:18.966+0000] {ssh.py:524} INFO - 24/09/21 21:07:18 INFO TaskSetManager: Starting task 4.0 in stage 0.0 (TID 4) (spark-master, executor driver, partition 4, PROCESS_LOCAL, 4433 bytes) taskResourceAssignments Map()
[2024-09-21T21:07:18.968+0000] {ssh.py:524} INFO - 24/09/21 21:07:18 INFO TaskSetManager: Starting task 5.0 in stage 0.0 (TID 5) (spark-master, executor driver, partition 5, PROCESS_LOCAL, 4433 bytes) taskResourceAssignments Map()
[2024-09-21T21:07:18.969+0000] {ssh.py:524} INFO - 24/09/21 21:07:18 INFO TaskSetManager: Starting task 6.0 in stage 0.0 (TID 6) (spark-master, executor driver, partition 6, PROCESS_LOCAL, 4433 bytes) taskResourceAssignments Map()
[2024-09-21T21:07:18.971+0000] {ssh.py:524} INFO - 24/09/21 21:07:18 INFO TaskSetManager: Starting task 7.0 in stage 0.0 (TID 7) (spark-master, executor driver, partition 7, PROCESS_LOCAL, 4433 bytes) taskResourceAssignments Map()
[2024-09-21T21:07:18.972+0000] {ssh.py:524} INFO - 24/09/21 21:07:18 INFO TaskSetManager: Starting task 8.0 in stage 0.0 (TID 8) (spark-master, executor driver, partition 8, PROCESS_LOCAL, 4433 bytes) taskResourceAssignments Map()
[2024-09-21T21:07:18.973+0000] {ssh.py:524} INFO - 24/09/21 21:07:18 INFO TaskSetManager: Starting task 9.0 in stage 0.0 (TID 9) (spark-master, executor driver, partition 9, PROCESS_LOCAL, 4433 bytes) taskResourceAssignments Map()
[2024-09-21T21:07:18.975+0000] {ssh.py:524} INFO - 24/09/21 21:07:18 INFO TaskSetManager: Starting task 10.0 in stage 0.0 (TID 10) (spark-master, executor driver, partition 10, PROCESS_LOCAL, 4433 bytes) taskResourceAssignments Map()
[2024-09-21T21:07:18.976+0000] {ssh.py:524} INFO - 24/09/21 21:07:18 INFO TaskSetManager: Starting task 11.0 in stage 0.0 (TID 11) (spark-master, executor driver, partition 11, PROCESS_LOCAL, 454721 bytes) taskResourceAssignments Map()
[2024-09-21T21:07:19.033+0000] {ssh.py:524} INFO - 24/09/21 21:07:19 INFO Executor: Running task 3.0 in stage 0.0 (TID 3)
[2024-09-21T21:07:19.034+0000] {ssh.py:524} INFO - 24/09/21 21:07:19 INFO Executor: Running task 4.0 in stage 0.0 (TID 4)
[2024-09-21T21:07:19.035+0000] {ssh.py:524} INFO - 24/09/21 21:07:19 INFO Executor: Running task 1.0 in stage 0.0 (TID 1)
[2024-09-21T21:07:19.038+0000] {ssh.py:524} INFO - 24/09/21 21:07:19 INFO Executor: Running task 2.0 in stage 0.0 (TID 2)
[2024-09-21T21:07:19.039+0000] {ssh.py:524} INFO - 24/09/21 21:07:19 INFO Executor: Running task 0.0 in stage 0.0 (TID 0)
[2024-09-21T21:07:19.049+0000] {ssh.py:524} INFO - 24/09/21 21:07:19 INFO Executor: Running task 5.0 in stage 0.0 (TID 5)
[2024-09-21T21:07:19.050+0000] {ssh.py:524} INFO - 24/09/21 21:07:19 INFO Executor: Running task 6.0 in stage 0.0 (TID 6)
[2024-09-21T21:07:19.051+0000] {ssh.py:524} INFO - 24/09/21 21:07:19 INFO Executor: Running task 8.0 in stage 0.0 (TID 8)
[2024-09-21T21:07:19.052+0000] {ssh.py:524} INFO - 24/09/21 21:07:19 INFO Executor: Running task 9.0 in stage 0.0 (TID 9)
[2024-09-21T21:07:19.066+0000] {ssh.py:524} INFO - 24/09/21 21:07:19 INFO Executor: Running task 10.0 in stage 0.0 (TID 10)
[2024-09-21T21:07:19.067+0000] {ssh.py:524} INFO - 24/09/21 21:07:19 INFO Executor: Running task 7.0 in stage 0.0 (TID 7)
[2024-09-21T21:07:19.079+0000] {ssh.py:524} INFO - 24/09/21 21:07:19 INFO Executor: Running task 11.0 in stage 0.0 (TID 11)
[2024-09-21T21:07:20.029+0000] {ssh.py:524} INFO - 24/09/21 21:07:20 WARN AbstractS3ACommitterFactory: Using standard FileOutputCommitter to commit work. This is slow and potentially unsafe.
[2024-09-21T21:07:20.029+0000] {ssh.py:524} INFO - 24/09/21 21:07:20 INFO FileOutputCommitter: File Output Committer Algorithm version is 1
[2024-09-21T21:07:20.031+0000] {ssh.py:524} INFO - 24/09/21 21:07:20 WARN AbstractS3ACommitterFactory: Using standard FileOutputCommitter to commit work. This is slow and potentially unsafe.
[2024-09-21T21:07:20.032+0000] {ssh.py:524} INFO - 24/09/21 21:07:20 INFO FileOutputCommitter: FileOutputCommitter skip cleanup _temporary folders under output directory:false, ignore cleanup failures: false
[2024-09-21T21:07:20.032+0000] {ssh.py:524} INFO - 24/09/21 21:07:20 INFO FileOutputCommitter: File Output Committer Algorithm version is 1
[2024-09-21T21:07:20.033+0000] {ssh.py:524} INFO - 24/09/21 21:07:20 INFO FileOutputCommitter: FileOutputCommitter skip cleanup _temporary folders under output directory:false, ignore cleanup failures: false
[2024-09-21T21:07:20.033+0000] {ssh.py:524} INFO - 24/09/21 21:07:20 INFO AbstractS3ACommitterFactory: Using Committer FileOutputCommitter{PathOutputCommitter{context=TaskAttemptContextImpl{JobContextImpl{jobId=job_202409212107189222073164575457677_0000}; taskId=attempt_202409212107189222073164575457677_0000_m_000011_11, status=''}; org.apache.hadoop.mapreduce.lib.output.FileOutputCommitter@35115717}; outputPath=s3a://raw/olhovivo/posicao/dt=2024-09-21, workPath=s3a://raw/olhovivo/posicao/dt=2024-09-21/_temporary/0/_temporary/attempt_202409212107189222073164575457677_0000_m_000011_11, algorithmVersion=1, skipCleanup=false, ignoreCleanupFailures=false} for s3a://raw/olhovivo/posicao/dt=2024-09-21
[2024-09-21T21:07:20.034+0000] {ssh.py:524} INFO - 24/09/21 21:07:20 INFO AbstractS3ACommitterFactory: Using Committer FileOutputCommitter{PathOutputCommitter{context=TaskAttemptContextImpl{JobContextImpl{jobId=job_202409212107187463548444257570696_0000}; taskId=attempt_202409212107187463548444257570696_0000_m_000003_3, status=''}; org.apache.hadoop.mapreduce.lib.output.FileOutputCommitter@28fc458e}; outputPath=s3a://raw/olhovivo/posicao/dt=2024-09-21, workPath=s3a://raw/olhovivo/posicao/dt=2024-09-21/_temporary/0/_temporary/attempt_202409212107187463548444257570696_0000_m_000003_3, algorithmVersion=1, skipCleanup=false, ignoreCleanupFailures=false} for s3a://raw/olhovivo/posicao/dt=2024-09-21
[2024-09-21T21:07:20.034+0000] {ssh.py:524} INFO - 24/09/21 21:07:20 INFO SQLHadoopMapReduceCommitProtocol: Using output committer class org.apache.hadoop.mapreduce.lib.output.FileOutputCommitter
[2024-09-21T21:07:20.034+0000] {ssh.py:524} INFO - 24/09/21 21:07:20 INFO SQLHadoopMapReduceCommitProtocol: Using output committer class org.apache.hadoop.mapreduce.lib.output.FileOutputCommitter
[2024-09-21T21:07:20.051+0000] {ssh.py:524} INFO - 24/09/21 21:07:20 WARN AbstractS3ACommitterFactory: Using standard FileOutputCommitter to commit work. This is slow and potentially unsafe.
[2024-09-21T21:07:20.051+0000] {ssh.py:524} INFO - 24/09/21 21:07:20 INFO FileOutputCommitter: File Output Committer Algorithm version is 1
[2024-09-21T21:07:20.052+0000] {ssh.py:524} INFO - 24/09/21 21:07:20 INFO FileOutputCommitter: FileOutputCommitter skip cleanup _temporary folders under output directory:false, ignore cleanup failures: false
[2024-09-21T21:07:20.052+0000] {ssh.py:524} INFO - 24/09/21 21:07:20 INFO AbstractS3ACommitterFactory: Using Committer FileOutputCommitter{PathOutputCommitter{context=TaskAttemptContextImpl{JobContextImpl{jobId=job_202409212107186623279255911789976_0000}; taskId=attempt_202409212107186623279255911789976_0000_m_000000_0, status=''}; org.apache.hadoop.mapreduce.lib.output.FileOutputCommitter@61fc608c}; outputPath=s3a://raw/olhovivo/posicao/dt=2024-09-21, workPath=s3a://raw/olhovivo/posicao/dt=2024-09-21/_temporary/0/_temporary/attempt_202409212107186623279255911789976_0000_m_000000_0, algorithmVersion=1, skipCleanup=false, ignoreCleanupFailures=false} for s3a://raw/olhovivo/posicao/dt=2024-09-21
[2024-09-21T21:07:20.053+0000] {ssh.py:524} INFO - 24/09/21 21:07:20 INFO SQLHadoopMapReduceCommitProtocol: Using output committer class org.apache.hadoop.mapreduce.lib.output.FileOutputCommitter
[2024-09-21T21:07:20.069+0000] {ssh.py:524} INFO - 24/09/21 21:07:20 WARN AbstractS3ACommitterFactory: Using standard FileOutputCommitter to commit work. This is slow and potentially unsafe.
[2024-09-21T21:07:20.071+0000] {ssh.py:524} INFO - 24/09/21 21:07:20 INFO FileOutputCommitter: File Output Committer Algorithm version is 1
[2024-09-21T21:07:20.071+0000] {ssh.py:524} INFO - 24/09/21 21:07:20 INFO FileOutputCommitter: FileOutputCommitter skip cleanup _temporary folders under output directory:false, ignore cleanup failures: false
[2024-09-21T21:07:20.072+0000] {ssh.py:524} INFO - 24/09/21 21:07:20 INFO AbstractS3ACommitterFactory: Using Committer FileOutputCommitter{PathOutputCommitter{context=TaskAttemptContextImpl{JobContextImpl{jobId=job_202409212107184293631591153747832_0000}; taskId=attempt_202409212107184293631591153747832_0000_m_000004_4, status=''}; org.apache.hadoop.mapreduce.lib.output.FileOutputCommitter@583e1768}; outputPath=s3a://raw/olhovivo/posicao/dt=2024-09-21, workPath=s3a://raw/olhovivo/posicao/dt=2024-09-21/_temporary/0/_temporary/attempt_202409212107184293631591153747832_0000_m_000004_4, algorithmVersion=1, skipCleanup=false, ignoreCleanupFailures=false} for s3a://raw/olhovivo/posicao/dt=2024-09-21
[2024-09-21T21:07:20.072+0000] {ssh.py:524} INFO - 24/09/21 21:07:20 INFO SQLHadoopMapReduceCommitProtocol: Using output committer class org.apache.hadoop.mapreduce.lib.output.FileOutputCommitter
[2024-09-21T21:07:20.105+0000] {ssh.py:524} INFO - 24/09/21 21:07:20 WARN AbstractS3ACommitterFactory: Using standard FileOutputCommitter to commit work. This is slow and potentially unsafe.
[2024-09-21T21:07:20.106+0000] {ssh.py:524} INFO - 24/09/21 21:07:20 INFO FileOutputCommitter: File Output Committer Algorithm version is 1
[2024-09-21T21:07:20.107+0000] {ssh.py:524} INFO - 24/09/21 21:07:20 INFO FileOutputCommitter: FileOutputCommitter skip cleanup _temporary folders under output directory:false, ignore cleanup failures: false
[2024-09-21T21:07:20.107+0000] {ssh.py:524} INFO - 24/09/21 21:07:20 INFO AbstractS3ACommitterFactory: Using Committer FileOutputCommitter{PathOutputCommitter{context=TaskAttemptContextImpl{JobContextImpl{jobId=job_202409212107184920971640787002563_0000}; taskId=attempt_202409212107184920971640787002563_0000_m_000005_5, status=''}; org.apache.hadoop.mapreduce.lib.output.FileOutputCommitter@7d7b438e}; outputPath=s3a://raw/olhovivo/posicao/dt=2024-09-21, workPath=s3a://raw/olhovivo/posicao/dt=2024-09-21/_temporary/0/_temporary/attempt_202409212107184920971640787002563_0000_m_000005_5, algorithmVersion=1, skipCleanup=false, ignoreCleanupFailures=false} for s3a://raw/olhovivo/posicao/dt=2024-09-21
[2024-09-21T21:07:20.108+0000] {ssh.py:524} INFO - 24/09/21 21:07:20 INFO SQLHadoopMapReduceCommitProtocol: Using output committer class org.apache.hadoop.mapreduce.lib.output.FileOutputCommitter
[2024-09-21T21:07:20.109+0000] {ssh.py:524} INFO - 24/09/21 21:07:20 WARN AbstractS3ACommitterFactory: Using standard FileOutputCommitter to commit work. This is slow and potentially unsafe.
[2024-09-21T21:07:20.109+0000] {ssh.py:524} INFO - 24/09/21 21:07:20 INFO FileOutputCommitter: File Output Committer Algorithm version is 1
[2024-09-21T21:07:20.109+0000] {ssh.py:524} INFO - 24/09/21 21:07:20 INFO FileOutputCommitter: FileOutputCommitter skip cleanup _temporary folders under output directory:false, ignore cleanup failures: false
[2024-09-21T21:07:20.110+0000] {ssh.py:524} INFO - 24/09/21 21:07:20 INFO AbstractS3ACommitterFactory: Using Committer FileOutputCommitter{PathOutputCommitter{context=TaskAttemptContextImpl{JobContextImpl{jobId=job_202409212107183038329016995614976_0000}; taskId=attempt_202409212107183038329016995614976_0000_m_000007_7, status=''}; org.apache.hadoop.mapreduce.lib.output.FileOutputCommitter@43505745}; outputPath=s3a://raw/olhovivo/posicao/dt=2024-09-21, workPath=s3a://raw/olhovivo/posicao/dt=2024-09-21/_temporary/0/_temporary/attempt_202409212107183038329016995614976_0000_m_000007_7, algorithmVersion=1, skipCleanup=false, ignoreCleanupFailures=false} for s3a://raw/olhovivo/posicao/dt=2024-09-21
[2024-09-21T21:07:20.110+0000] {ssh.py:524} INFO - 24/09/21 21:07:20 INFO SQLHadoopMapReduceCommitProtocol: Using output committer class org.apache.hadoop.mapreduce.lib.output.FileOutputCommitter
[2024-09-21T21:07:20.123+0000] {ssh.py:524} INFO - 24/09/21 21:07:20 WARN AbstractS3ACommitterFactory: Using standard FileOutputCommitter to commit work. This is slow and potentially unsafe.
[2024-09-21T21:07:20.124+0000] {ssh.py:524} INFO - 24/09/21 21:07:20 INFO FileOutputCommitter: File Output Committer Algorithm version is 1
[2024-09-21T21:07:20.125+0000] {ssh.py:524} INFO - 24/09/21 21:07:20 INFO FileOutputCommitter: FileOutputCommitter skip cleanup _temporary folders under output directory:false, ignore cleanup failures: false
[2024-09-21T21:07:20.125+0000] {ssh.py:524} INFO - 24/09/21 21:07:20 INFO AbstractS3ACommitterFactory: Using Committer FileOutputCommitter{PathOutputCommitter{context=TaskAttemptContextImpl{JobContextImpl{jobId=job_202409212107184231622088110421718_0000}; taskId=attempt_202409212107184231622088110421718_0000_m_000001_1, status=''}; org.apache.hadoop.mapreduce.lib.output.FileOutputCommitter@324a96ed}; outputPath=s3a://raw/olhovivo/posicao/dt=2024-09-21, workPath=s3a://raw/olhovivo/posicao/dt=2024-09-21/_temporary/0/_temporary/attempt_202409212107184231622088110421718_0000_m_000001_1, algorithmVersion=1, skipCleanup=false, ignoreCleanupFailures=false} for s3a://raw/olhovivo/posicao/dt=2024-09-21
[2024-09-21T21:07:20.126+0000] {ssh.py:524} INFO - 24/09/21 21:07:20 INFO SQLHadoopMapReduceCommitProtocol: Using output committer class org.apache.hadoop.mapreduce.lib.output.FileOutputCommitter
[2024-09-21T21:07:20.149+0000] {ssh.py:524} INFO - 24/09/21 21:07:20 INFO PythonRunner: Times: total = 678, boot = 550, init = 128, finish = 0
[2024-09-21T21:07:20.150+0000] {ssh.py:524} INFO - 24/09/21 21:07:20 INFO PythonRunner: Times: total = 684, boot = 556, init = 128, finish = 0
[2024-09-21T21:07:20.156+0000] {ssh.py:524} INFO - 24/09/21 21:07:20 WARN AbstractS3ACommitterFactory: Using standard FileOutputCommitter to commit work. This is slow and potentially unsafe.
[2024-09-21T21:07:20.156+0000] {ssh.py:524} INFO - 24/09/21 21:07:20 INFO FileOutputCommitter: File Output Committer Algorithm version is 1
[2024-09-21T21:07:20.156+0000] {ssh.py:524} INFO - 24/09/21 21:07:20 INFO FileOutputCommitter: FileOutputCommitter skip cleanup _temporary folders under output directory:false, ignore cleanup failures: false
[2024-09-21T21:07:20.157+0000] {ssh.py:524} INFO - 24/09/21 21:07:20 INFO AbstractS3ACommitterFactory: Using Committer FileOutputCommitter{PathOutputCommitter{context=TaskAttemptContextImpl{JobContextImpl{jobId=job_202409212107184414056325912808176_0000}; taskId=attempt_202409212107184414056325912808176_0000_m_000002_2, status=''}; org.apache.hadoop.mapreduce.lib.output.FileOutputCommitter@3b4126a8}; outputPath=s3a://raw/olhovivo/posicao/dt=2024-09-21, workPath=s3a://raw/olhovivo/posicao/dt=2024-09-21/_temporary/0/_temporary/attempt_202409212107184414056325912808176_0000_m_000002_2, algorithmVersion=1, skipCleanup=false, ignoreCleanupFailures=false} for s3a://raw/olhovivo/posicao/dt=2024-09-21
[2024-09-21T21:07:20.158+0000] {ssh.py:524} INFO - 24/09/21 21:07:20 INFO SQLHadoopMapReduceCommitProtocol: Using output committer class org.apache.hadoop.mapreduce.lib.output.FileOutputCommitter
[2024-09-21T21:07:20.174+0000] {ssh.py:524} INFO - 24/09/21 21:07:20 WARN AbstractS3ACommitterFactory: Using standard FileOutputCommitter to commit work. This is slow and potentially unsafe.
[2024-09-21T21:07:20.187+0000] {ssh.py:524} INFO - 24/09/21 21:07:20 INFO SparkHadoopMapRedUtil: No need to commit output of task because needsTaskCommit=false: attempt_202409212107184231622088110421718_0000_m_000001_1
[2024-09-21T21:07:20.188+0000] {ssh.py:524} INFO - 24/09/21 21:07:20 INFO FileOutputCommitter: File Output Committer Algorithm version is 1
[2024-09-21T21:07:20.189+0000] {ssh.py:524} INFO - 24/09/21 21:07:20 INFO PythonRunner: Times: total = 722, boot = 600, init = 122, finish = 0
[2024-09-21T21:07:20.189+0000] {ssh.py:524} INFO - 24/09/21 21:07:20 INFO FileOutputCommitter: FileOutputCommitter skip cleanup _temporary folders under output directory:false, ignore cleanup failures: false
[2024-09-21T21:07:20.190+0000] {ssh.py:524} INFO - 24/09/21 21:07:20 INFO AbstractS3ACommitterFactory: Using Committer FileOutputCommitter{PathOutputCommitter{context=TaskAttemptContextImpl{JobContextImpl{jobId=job_202409212107184005249399600698803_0000}; taskId=attempt_202409212107184005249399600698803_0000_m_000008_8, status=''}; org.apache.hadoop.mapreduce.lib.output.FileOutputCommitter@6a652ace}; outputPath=s3a://raw/olhovivo/posicao/dt=2024-09-21, workPath=s3a://raw/olhovivo/posicao/dt=2024-09-21/_temporary/0/_temporary/attempt_202409212107184005249399600698803_0000_m_000008_8, algorithmVersion=1, skipCleanup=false, ignoreCleanupFailures=false} for s3a://raw/olhovivo/posicao/dt=2024-09-21
[2024-09-21T21:07:20.190+0000] {ssh.py:524} INFO - 24/09/21 21:07:20 INFO SQLHadoopMapReduceCommitProtocol: Using output committer class org.apache.hadoop.mapreduce.lib.output.FileOutputCommitter
[2024-09-21T21:07:20.190+0000] {ssh.py:524} INFO - 24/09/21 21:07:20 WARN AbstractS3ACommitterFactory: Using standard FileOutputCommitter to commit work. This is slow and potentially unsafe.
[2024-09-21T21:07:20.191+0000] {ssh.py:524} INFO - 24/09/21 21:07:20 INFO FileOutputCommitter: File Output Committer Algorithm version is 1
[2024-09-21T21:07:20.191+0000] {ssh.py:524} INFO - 24/09/21 21:07:20 INFO FileOutputCommitter: FileOutputCommitter skip cleanup _temporary folders under output directory:false, ignore cleanup failures: false
[2024-09-21T21:07:20.192+0000] {ssh.py:524} INFO - 24/09/21 21:07:20 INFO PythonRunner: Times: total = 733, boot = 579, init = 154, finish = 0
[2024-09-21T21:07:20.192+0000] {ssh.py:524} INFO - 24/09/21 21:07:20 INFO AbstractS3ACommitterFactory: Using Committer FileOutputCommitter{PathOutputCommitter{context=TaskAttemptContextImpl{JobContextImpl{jobId=job_202409212107181422544058512518905_0000}; taskId=attempt_202409212107181422544058512518905_0000_m_000010_10, status=''}; org.apache.hadoop.mapreduce.lib.output.FileOutputCommitter@314483d2}; outputPath=s3a://raw/olhovivo/posicao/dt=2024-09-21, workPath=s3a://raw/olhovivo/posicao/dt=2024-09-21/_temporary/0/_temporary/attempt_202409212107181422544058512518905_0000_m_000010_10, algorithmVersion=1, skipCleanup=false, ignoreCleanupFailures=false} for s3a://raw/olhovivo/posicao/dt=2024-09-21
[2024-09-21T21:07:20.193+0000] {ssh.py:524} INFO - 24/09/21 21:07:20 INFO SQLHadoopMapReduceCommitProtocol: Using output committer class org.apache.hadoop.mapreduce.lib.output.FileOutputCommitter
[2024-09-21T21:07:20.193+0000] {ssh.py:524} INFO - 24/09/21 21:07:20 WARN AbstractS3ACommitterFactory: Using standard FileOutputCommitter to commit work. This is slow and potentially unsafe.
[2024-09-21T21:07:20.193+0000] {ssh.py:524} INFO - 24/09/21 21:07:20 INFO FileOutputCommitter: File Output Committer Algorithm version is 1
[2024-09-21T21:07:20.194+0000] {ssh.py:524} INFO - 24/09/21 21:07:20 INFO FileOutputCommitter: FileOutputCommitter skip cleanup _temporary folders under output directory:false, ignore cleanup failures: false
[2024-09-21T21:07:20.194+0000] {ssh.py:524} INFO - 24/09/21 21:07:20 INFO AbstractS3ACommitterFactory: Using Committer FileOutputCommitter{PathOutputCommitter{context=TaskAttemptContextImpl{JobContextImpl{jobId=job_202409212107185441404221659520029_0000}; taskId=attempt_202409212107185441404221659520029_0000_m_000009_9, status=''}; org.apache.hadoop.mapreduce.lib.output.FileOutputCommitter@432b6846}; outputPath=s3a://raw/olhovivo/posicao/dt=2024-09-21, workPath=s3a://raw/olhovivo/posicao/dt=2024-09-21/_temporary/0/_temporary/attempt_202409212107185441404221659520029_0000_m_000009_9, algorithmVersion=1, skipCleanup=false, ignoreCleanupFailures=false} for s3a://raw/olhovivo/posicao/dt=2024-09-21
[2024-09-21T21:07:20.195+0000] {ssh.py:524} INFO - 24/09/21 21:07:20 INFO SQLHadoopMapReduceCommitProtocol: Using output committer class org.apache.hadoop.mapreduce.lib.output.FileOutputCommitter
[2024-09-21T21:07:20.201+0000] {ssh.py:524} INFO - 24/09/21 21:07:20 INFO PythonRunner: Times: total = 751, boot = 590, init = 161, finish = 0
[2024-09-21T21:07:20.205+0000] {ssh.py:524} INFO - 24/09/21 21:07:20 INFO SparkHadoopMapRedUtil: No need to commit output of task because needsTaskCommit=false: attempt_202409212107187463548444257570696_0000_m_000003_3
[2024-09-21T21:07:20.207+0000] {ssh.py:524} INFO - 24/09/21 21:07:20 WARN AbstractS3ACommitterFactory: Using standard FileOutputCommitter to commit work. This is slow and potentially unsafe.
[2024-09-21T21:07:20.208+0000] {ssh.py:524} INFO - 24/09/21 21:07:20 INFO FileOutputCommitter: File Output Committer Algorithm version is 1
[2024-09-21T21:07:20.208+0000] {ssh.py:524} INFO - 24/09/21 21:07:20 INFO FileOutputCommitter: FileOutputCommitter skip cleanup _temporary folders under output directory:false, ignore cleanup failures: false
[2024-09-21T21:07:20.209+0000] {ssh.py:524} INFO - 24/09/21 21:07:20 INFO AbstractS3ACommitterFactory: Using Committer FileOutputCommitter{PathOutputCommitter{context=TaskAttemptContextImpl{JobContextImpl{jobId=job_202409212107187905871145811495522_0000}; taskId=attempt_202409212107187905871145811495522_0000_m_000006_6, status=''}; org.apache.hadoop.mapreduce.lib.output.FileOutputCommitter@3f29f73f}; outputPath=s3a://raw/olhovivo/posicao/dt=2024-09-21, workPath=s3a://raw/olhovivo/posicao/dt=2024-09-21/_temporary/0/_temporary/attempt_202409212107187905871145811495522_0000_m_000006_6, algorithmVersion=1, skipCleanup=false, ignoreCleanupFailures=false} for s3a://raw/olhovivo/posicao/dt=2024-09-21
[2024-09-21T21:07:20.210+0000] {ssh.py:524} INFO - 24/09/21 21:07:20 INFO SQLHadoopMapReduceCommitProtocol: Using output committer class org.apache.hadoop.mapreduce.lib.output.FileOutputCommitter
[2024-09-21T21:07:20.215+0000] {ssh.py:524} INFO - 24/09/21 21:07:20 INFO SparkHadoopMapRedUtil: No need to commit output of task because needsTaskCommit=false: attempt_202409212107184920971640787002563_0000_m_000005_5
[2024-09-21T21:07:20.228+0000] {ssh.py:524} INFO - 24/09/21 21:07:20 INFO SparkHadoopMapRedUtil: No need to commit output of task because needsTaskCommit=false: attempt_202409212107183038329016995614976_0000_m_000007_7
[2024-09-21T21:07:20.229+0000] {ssh.py:524} INFO - 24/09/21 21:07:20 INFO SparkHadoopMapRedUtil: No need to commit output of task because needsTaskCommit=false: attempt_202409212107184293631591153747832_0000_m_000004_4
[2024-09-21T21:07:20.230+0000] {ssh.py:524} INFO - 24/09/21 21:07:20 INFO Executor: Finished task 3.0 in stage 0.0 (TID 3). 2871 bytes result sent to driver
[2024-09-21T21:07:20.233+0000] {ssh.py:524} INFO - 24/09/21 21:07:20 INFO Executor: Finished task 4.0 in stage 0.0 (TID 4). 2828 bytes result sent to driver
[2024-09-21T21:07:20.234+0000] {ssh.py:524} INFO - 24/09/21 21:07:20 INFO PythonRunner: Times: total = 707, boot = 574, init = 133, finish = 0
[2024-09-21T21:07:20.235+0000] {ssh.py:524} INFO - 24/09/21 21:07:20 INFO Executor: Finished task 7.0 in stage 0.0 (TID 7). 2828 bytes result sent to driver
[2024-09-21T21:07:20.235+0000] {ssh.py:524} INFO - 24/09/21 21:07:20 INFO Executor: Finished task 5.0 in stage 0.0 (TID 5). 2828 bytes result sent to driver
[2024-09-21T21:07:20.237+0000] {ssh.py:524} INFO - 24/09/21 21:07:20 INFO Executor: Finished task 1.0 in stage 0.0 (TID 1). 2828 bytes result sent to driver
[2024-09-21T21:07:20.241+0000] {ssh.py:524} INFO - 24/09/21 21:07:20 INFO PythonRunner: Times: total = 777, boot = 559, init = 218, finish = 0
[2024-09-21T21:07:20.251+0000] {ssh.py:524} INFO - 24/09/21 21:07:20 INFO SparkHadoopMapRedUtil: No need to commit output of task because needsTaskCommit=false: attempt_202409212107184414056325912808176_0000_m_000002_2
[2024-09-21T21:07:20.255+0000] {ssh.py:524} INFO - 24/09/21 21:07:20 INFO TaskSetManager: Finished task 1.0 in stage 0.0 (TID 1) in 1293 ms on spark-master (executor driver) (1/12)
[2024-09-21T21:07:20.257+0000] {ssh.py:524} INFO - 24/09/21 21:07:20 INFO PythonRunner: Times: total = 807, boot = 624, init = 183, finish = 0
[2024-09-21T21:07:20.258+0000] {ssh.py:524} INFO - 24/09/21 21:07:20 INFO TaskSetManager: Finished task 5.0 in stage 0.0 (TID 5) in 1289 ms on spark-master (executor driver) (2/12)
[2024-09-21T21:07:20.259+0000] {ssh.py:524} INFO - 24/09/21 21:07:20 INFO TaskSetManager: Finished task 7.0 in stage 0.0 (TID 7) in 1287 ms on spark-master (executor driver) (3/12)
[2024-09-21T21:07:20.259+0000] {ssh.py:524} INFO - 24/09/21 21:07:20 INFO TaskSetManager: Finished task 4.0 in stage 0.0 (TID 4) in 1293 ms on spark-master (executor driver) (4/12)
[2024-09-21T21:07:20.260+0000] {ssh.py:524} INFO - 24/09/21 21:07:20 INFO TaskSetManager: Finished task 3.0 in stage 0.0 (TID 3) in 1295 ms on spark-master (executor driver) (5/12)
[2024-09-21T21:07:20.261+0000] {ssh.py:524} INFO - 24/09/21 21:07:20 INFO PythonAccumulatorV2: Connected to AccumulatorServer at host: 127.0.0.1 port: 43265
[2024-09-21T21:07:20.271+0000] {ssh.py:524} INFO - 24/09/21 21:07:20 INFO SparkHadoopMapRedUtil: No need to commit output of task because needsTaskCommit=false: attempt_202409212107184005249399600698803_0000_m_000008_8
[2024-09-21T21:07:20.272+0000] {ssh.py:524} INFO - 24/09/21 21:07:20 INFO Executor: Finished task 2.0 in stage 0.0 (TID 2). 2871 bytes result sent to driver
[2024-09-21T21:07:20.273+0000] {ssh.py:524} INFO - 24/09/21 21:07:20 INFO Executor: Finished task 8.0 in stage 0.0 (TID 8). 2828 bytes result sent to driver
[2024-09-21T21:07:20.274+0000] {ssh.py:524} INFO - 24/09/21 21:07:20 INFO PythonRunner: Times: total = 838, boot = 661, init = 177, finish = 0
[2024-09-21T21:07:20.275+0000] {ssh.py:524} INFO - 24/09/21 21:07:20 INFO TaskSetManager: Finished task 2.0 in stage 0.0 (TID 2) in 1314 ms on spark-master (executor driver) (6/12)
[2024-09-21T21:07:20.278+0000] {ssh.py:524} INFO - 24/09/21 21:07:20 INFO TaskSetManager: Finished task 8.0 in stage 0.0 (TID 8) in 1305 ms on spark-master (executor driver) (7/12)
[2024-09-21T21:07:20.285+0000] {ssh.py:524} INFO - 24/09/21 21:07:20 INFO SparkHadoopMapRedUtil: No need to commit output of task because needsTaskCommit=false: attempt_202409212107185441404221659520029_0000_m_000009_9
[2024-09-21T21:07:20.289+0000] {ssh.py:524} INFO - 24/09/21 21:07:20 INFO Executor: Finished task 9.0 in stage 0.0 (TID 9). 2828 bytes result sent to driver
[2024-09-21T21:07:20.293+0000] {ssh.py:524} INFO - 24/09/21 21:07:20 INFO TaskSetManager: Finished task 9.0 in stage 0.0 (TID 9) in 1318 ms on spark-master (executor driver) (8/12)
[2024-09-21T21:07:20.295+0000] {ssh.py:524} INFO - 24/09/21 21:07:20 INFO PythonRunner: Times: total = 855, boot = 650, init = 205, finish = 0
[2024-09-21T21:07:20.307+0000] {ssh.py:524} INFO - 24/09/21 21:07:20 INFO SparkHadoopMapRedUtil: No need to commit output of task because needsTaskCommit=false: attempt_202409212107181422544058512518905_0000_m_000010_10
[2024-09-21T21:07:20.310+0000] {ssh.py:524} INFO - 24/09/21 21:07:20 INFO Executor: Finished task 10.0 in stage 0.0 (TID 10). 2828 bytes result sent to driver
[2024-09-21T21:07:20.315+0000] {ssh.py:524} INFO - 24/09/21 21:07:20 INFO TaskSetManager: Finished task 10.0 in stage 0.0 (TID 10) in 1339 ms on spark-master (executor driver) (9/12)
[2024-09-21T21:07:20.317+0000] {ssh.py:524} INFO - 24/09/21 21:07:20 INFO PythonRunner: Times: total = 882, boot = 676, init = 205, finish = 1
[2024-09-21T21:07:20.326+0000] {ssh.py:524} INFO - 24/09/21 21:07:20 INFO SparkHadoopMapRedUtil: No need to commit output of task because needsTaskCommit=false: attempt_202409212107187905871145811495522_0000_m_000006_6
[2024-09-21T21:07:20.329+0000] {ssh.py:524} INFO - 24/09/21 21:07:20 INFO Executor: Finished task 6.0 in stage 0.0 (TID 6). 2828 bytes result sent to driver
[2024-09-21T21:07:20.331+0000] {ssh.py:524} INFO - 24/09/21 21:07:20 INFO TaskSetManager: Finished task 6.0 in stage 0.0 (TID 6) in 1362 ms on spark-master (executor driver) (10/12)
[2024-09-21T21:07:20.498+0000] {ssh.py:524} INFO - 24/09/21 21:07:20 INFO FileOutputCommitter: Saved output of task 'attempt_202409212107186623279255911789976_0000_m_000000_0' to s3a://raw/olhovivo/posicao/dt=2024-09-21/_temporary/0/task_202409212107186623279255911789976_0000_m_000000
[2024-09-21T21:07:20.499+0000] {ssh.py:524} INFO - 24/09/21 21:07:20 INFO SparkHadoopMapRedUtil: attempt_202409212107186623279255911789976_0000_m_000000_0: Committed. Elapsed time: 158 ms.
[2024-09-21T21:07:20.501+0000] {ssh.py:524} INFO - 24/09/21 21:07:20 INFO Executor: Finished task 0.0 in stage 0.0 (TID 0). 2828 bytes result sent to driver
[2024-09-21T21:07:20.502+0000] {ssh.py:524} INFO - 24/09/21 21:07:20 INFO TaskSetManager: Finished task 0.0 in stage 0.0 (TID 0) in 1563 ms on spark-master (executor driver) (11/12)
[2024-09-21T21:07:20.516+0000] {ssh.py:524} INFO - 24/09/21 21:07:20 INFO PythonRunner: Times: total = 737, boot = 577, init = 139, finish = 21
[2024-09-21T21:07:20.661+0000] {ssh.py:524} INFO - 24/09/21 21:07:20 INFO FileOutputCommitter: Saved output of task 'attempt_202409212107189222073164575457677_0000_m_000011_11' to s3a://raw/olhovivo/posicao/dt=2024-09-21/_temporary/0/task_202409212107189222073164575457677_0000_m_000011
[2024-09-21T21:07:20.662+0000] {ssh.py:524} INFO - 24/09/21 21:07:20 INFO SparkHadoopMapRedUtil: attempt_202409212107189222073164575457677_0000_m_000011_11: Committed. Elapsed time: 91 ms.
[2024-09-21T21:07:20.663+0000] {ssh.py:524} INFO - 24/09/21 21:07:20 INFO Executor: Finished task 11.0 in stage 0.0 (TID 11). 2914 bytes result sent to driver
[2024-09-21T21:07:20.665+0000] {ssh.py:524} INFO - 24/09/21 21:07:20 INFO TaskSetManager: Finished task 11.0 in stage 0.0 (TID 11) in 1689 ms on spark-master (executor driver) (12/12)
[2024-09-21T21:07:20.666+0000] {ssh.py:524} INFO - 24/09/21 21:07:20 INFO TaskSchedulerImpl: Removed TaskSet 0.0, whose tasks have all completed, from pool 
[2024-09-21T21:07:20.674+0000] {ssh.py:524} INFO - 24/09/21 21:07:20 INFO DAGScheduler: ResultStage 0 (save at NativeMethodAccessorImpl.java:0) finished in 2.179 s
[2024-09-21T21:07:20.675+0000] {ssh.py:524} INFO - 24/09/21 21:07:20 INFO DAGScheduler: Job 0 is finished. Cancelling potential speculative or zombie tasks for this job
[2024-09-21T21:07:20.675+0000] {ssh.py:524} INFO - 24/09/21 21:07:20 INFO TaskSchedulerImpl: Killing all running tasks in stage 0: Stage finished
[2024-09-21T21:07:20.676+0000] {ssh.py:524} INFO - 24/09/21 21:07:20 INFO DAGScheduler: Job 0 finished: save at NativeMethodAccessorImpl.java:0, took 2.236406 s
[2024-09-21T21:07:20.679+0000] {ssh.py:524} INFO - 24/09/21 21:07:20 INFO FileFormatWriter: Start to commit write Job 19321794-da1c-4782-b7da-e7cc8e33b863.
[2024-09-21T21:07:20.866+0000] {ssh.py:524} INFO - 24/09/21 21:07:20 INFO FileFormatWriter: Write Job 19321794-da1c-4782-b7da-e7cc8e33b863 committed. Elapsed time: 186 ms.
[2024-09-21T21:07:20.869+0000] {ssh.py:524} INFO - 24/09/21 21:07:20 INFO FileFormatWriter: Finished processing stats for write job 19321794-da1c-4782-b7da-e7cc8e33b863.
[2024-09-21T21:07:20.872+0000] {ssh.py:524} INFO - [DEBUG] Done.
[2024-09-21T21:07:20.911+0000] {ssh.py:524} INFO - 24/09/21 21:07:20 INFO SparkContext: Invoking stop() from shutdown hook
[2024-09-21T21:07:20.920+0000] {ssh.py:524} INFO - 24/09/21 21:07:20 INFO SparkUI: Stopped Spark web UI at http://spark-master:4043
[2024-09-21T21:07:20.940+0000] {ssh.py:524} INFO - 24/09/21 21:07:20 INFO MapOutputTrackerMasterEndpoint: MapOutputTrackerMasterEndpoint stopped!
[2024-09-21T21:07:20.952+0000] {ssh.py:524} INFO - 24/09/21 21:07:20 INFO MemoryStore: MemoryStore cleared
[2024-09-21T21:07:20.952+0000] {ssh.py:524} INFO - 24/09/21 21:07:20 INFO BlockManager: BlockManager stopped
[2024-09-21T21:07:20.958+0000] {ssh.py:524} INFO - 24/09/21 21:07:20 INFO BlockManagerMaster: BlockManagerMaster stopped
[2024-09-21T21:07:20.960+0000] {ssh.py:524} INFO - 24/09/21 21:07:20 INFO OutputCommitCoordinator$OutputCommitCoordinatorEndpoint: OutputCommitCoordinator stopped!
[2024-09-21T21:07:20.968+0000] {ssh.py:524} INFO - 24/09/21 21:07:20 INFO SparkContext: Successfully stopped SparkContext
[2024-09-21T21:07:20.968+0000] {ssh.py:524} INFO - 24/09/21 21:07:20 INFO ShutdownHookManager: Shutdown hook called
[2024-09-21T21:07:20.969+0000] {ssh.py:524} INFO - 24/09/21 21:07:20 INFO ShutdownHookManager: Deleting directory /tmp/spark-ce5256f5-9dff-42ed-a1ab-af810c049309
[2024-09-21T21:07:20.971+0000] {ssh.py:524} INFO - 24/09/21 21:07:20 INFO ShutdownHookManager: Deleting directory /tmp/spark-6352c3d0-fe75-46bd-9710-788f0347338c
[2024-09-21T21:07:20.973+0000] {ssh.py:524} INFO - 24/09/21 21:07:20 INFO ShutdownHookManager: Deleting directory /tmp/spark-6352c3d0-fe75-46bd-9710-788f0347338c/pyspark-73b3164a-b347-4021-99bd-f871cbf90a19
[2024-09-21T21:07:20.978+0000] {ssh.py:524} INFO - 24/09/21 21:07:20 INFO MetricsSystemImpl: Stopping s3a-file-system metrics system...
[2024-09-21T21:07:20.979+0000] {ssh.py:524} INFO - 24/09/21 21:07:20 INFO MetricsSystemImpl: s3a-file-system metrics system stopped.
[2024-09-21T21:07:20.980+0000] {ssh.py:524} INFO - 24/09/21 21:07:20 INFO MetricsSystemImpl: s3a-file-system metrics system shutdown complete.
[2024-09-21T21:07:21.143+0000] {taskinstance.py:1400} INFO - Marking task as SUCCESS. dag_id=raw_ingestion, task_id=spark_raw_ingestion_posicao, execution_date=20240921T210706, start_date=20240921T210707, end_date=20240921T210721
[2024-09-21T21:07:21.202+0000] {local_task_job_runner.py:228} INFO - Task exited with return code 0
[2024-09-21T21:07:21.308+0000] {taskinstance.py:2778} INFO - 0 downstream tasks scheduled from follow-on schedule check
