[2024-09-20T14:05:54.872+0000] {taskinstance.py:1159} INFO - Dependencies all met for dep_context=non-requeueable deps ti=<TaskInstance: raw_ingestion.spark_raw_ingestion_empresa manual__2024-09-20T14:05:53.186246+00:00 [queued]>
[2024-09-20T14:05:54.882+0000] {taskinstance.py:1159} INFO - Dependencies all met for dep_context=requeueable deps ti=<TaskInstance: raw_ingestion.spark_raw_ingestion_empresa manual__2024-09-20T14:05:53.186246+00:00 [queued]>
[2024-09-20T14:05:54.883+0000] {taskinstance.py:1361} INFO - Starting attempt 1 of 0
[2024-09-20T14:05:54.900+0000] {taskinstance.py:1382} INFO - Executing <Task(SSHOperator): spark_raw_ingestion_empresa> on 2024-09-20 14:05:53.186246+00:00
[2024-09-20T14:05:54.906+0000] {standard_task_runner.py:57} INFO - Started process 1349 to run task
[2024-09-20T14:05:54.908+0000] {standard_task_runner.py:84} INFO - Running: ['airflow', 'tasks', 'run', 'raw_ingestion', 'spark_raw_ingestion_empresa', 'manual__2024-09-20T14:05:53.186246+00:00', '--job-id', '263', '--raw', '--subdir', 'DAGS_FOLDER/raw_ingestion.py', '--cfg-path', '/tmp/tmpqkte4m4j']
[2024-09-20T14:05:54.909+0000] {standard_task_runner.py:85} INFO - Job 263: Subtask spark_raw_ingestion_empresa
[2024-09-20T14:05:55.025+0000] {task_command.py:416} INFO - Running <TaskInstance: raw_ingestion.spark_raw_ingestion_empresa manual__2024-09-20T14:05:53.186246+00:00 [running]> on host airflow-worker
[2024-09-20T14:05:55.240+0000] {taskinstance.py:1662} INFO - Exporting env vars: AIRFLOW_CTX_DAG_OWNER='***' AIRFLOW_CTX_DAG_ID='raw_ingestion' AIRFLOW_CTX_TASK_ID='spark_raw_ingestion_empresa' AIRFLOW_CTX_EXECUTION_DATE='2024-09-20T14:05:53.186246+00:00' AIRFLOW_CTX_TRY_NUMBER='1' AIRFLOW_CTX_DAG_RUN_ID='manual__2024-09-20T14:05:53.186246+00:00'
[2024-09-20T14:05:55.241+0000] {ssh.py:141} INFO - Creating ssh_client
[2024-09-20T14:05:55.242+0000] {ssh.py:114} INFO - ssh_hook is not provided or invalid. Trying ssh_conn_id to create SSHHook.
[2024-09-20T14:05:55.275+0000] {base.py:73} INFO - Using connection ID 'spark_ssh_default' for task execution.
[2024-09-20T14:05:55.276+0000] {ssh.py:300} WARNING - No Host Key Verification. This won't protect against Man-In-The-Middle attacks
[2024-09-20T14:05:55.284+0000] {transport.py:1893} INFO - Connected (version 2.0, client OpenSSH_8.9p1)
[2024-09-20T14:05:55.370+0000] {transport.py:1893} INFO - Authentication (password) successful!
[2024-09-20T14:05:55.371+0000] {ssh.py:478} INFO - Running command: export SPARK_HOME=/usr/local/spark; /opt/conda/bin/spark-submit --master local[*] --executor-memory 2g /opt/shared/scripts/raw_ingestion.py 2024-09-20 empresa
[2024-09-20T14:05:58.309+0000] {ssh.py:524} INFO - [DEBUG] dt_now: 2024-09-20
[2024-09-20T14:05:58.310+0000] {ssh.py:524} INFO - [DEBUG] endpoint: empresa
[2024-09-20T14:05:58.395+0000] {ssh.py:524} INFO - 24/09/20 14:05:58 INFO SparkContext: Running Spark version 3.3.1
[2024-09-20T14:05:58.419+0000] {ssh.py:524} INFO - 24/09/20 14:05:58 WARN NativeCodeLoader: Unable to load native-hadoop library for your platform... using builtin-java classes where applicable
[2024-09-20T14:05:58.543+0000] {ssh.py:524} INFO - 24/09/20 14:05:58 INFO ResourceUtils: ==============================================================
[2024-09-20T14:05:58.545+0000] {ssh.py:524} INFO - 24/09/20 14:05:58 INFO ResourceUtils: No custom resources configured for spark.driver.
[2024-09-20T14:05:58.545+0000] {ssh.py:524} INFO - 24/09/20 14:05:58 INFO ResourceUtils: ==============================================================
[2024-09-20T14:05:58.546+0000] {ssh.py:524} INFO - 24/09/20 14:05:58 INFO SparkContext: Submitted application: raw_ingestion_empresa
[2024-09-20T14:05:58.566+0000] {ssh.py:524} INFO - 24/09/20 14:05:58 INFO ResourceProfile: Default ResourceProfile created, executor resources: Map(cores -> name: cores, amount: 1, script: , vendor: , memory -> name: memory, amount: 1024, script: , vendor: , offHeap -> name: offHeap, amount: 0, script: , vendor: ), task resources: Map(cpus -> name: cpus, amount: 1.0)
[2024-09-20T14:05:58.574+0000] {ssh.py:524} INFO - 24/09/20 14:05:58 INFO ResourceProfile: Limiting resource is cpu
[2024-09-20T14:05:58.575+0000] {ssh.py:524} INFO - 24/09/20 14:05:58 INFO ResourceProfileManager: Added ResourceProfile id: 0
[2024-09-20T14:05:58.618+0000] {ssh.py:524} INFO - 24/09/20 14:05:58 INFO SecurityManager: Changing view acls to: root
[2024-09-20T14:05:58.619+0000] {ssh.py:524} INFO - 24/09/20 14:05:58 INFO SecurityManager: Changing modify acls to: root
[2024-09-20T14:05:58.620+0000] {ssh.py:524} INFO - 24/09/20 14:05:58 INFO SecurityManager: Changing view acls groups to: 
[2024-09-20T14:05:58.621+0000] {ssh.py:524} INFO - 24/09/20 14:05:58 INFO SecurityManager: Changing modify acls groups to: 
[2024-09-20T14:05:58.621+0000] {ssh.py:524} INFO - 24/09/20 14:05:58 INFO SecurityManager: SecurityManager: authentication disabled; ui acls disabled; users  with view permissions: Set(root); groups with view permissions: Set(); users  with modify permissions: Set(root); groups with modify permissions: Set()
[2024-09-20T14:05:58.996+0000] {ssh.py:524} INFO - 24/09/20 14:05:58 INFO Utils: Successfully started service 'sparkDriver' on port 45977.
[2024-09-20T14:05:59.079+0000] {ssh.py:524} INFO - 24/09/20 14:05:59 INFO SparkEnv: Registering MapOutputTracker
[2024-09-20T14:05:59.133+0000] {ssh.py:524} INFO - 24/09/20 14:05:59 INFO SparkEnv: Registering BlockManagerMaster
[2024-09-20T14:05:59.156+0000] {ssh.py:524} INFO - 24/09/20 14:05:59 INFO BlockManagerMasterEndpoint: Using org.apache.spark.storage.DefaultTopologyMapper for getting topology information
[2024-09-20T14:05:59.157+0000] {ssh.py:524} INFO - 24/09/20 14:05:59 INFO BlockManagerMasterEndpoint: BlockManagerMasterEndpoint up
[2024-09-20T14:05:59.162+0000] {ssh.py:524} INFO - 24/09/20 14:05:59 INFO SparkEnv: Registering BlockManagerMasterHeartbeat
[2024-09-20T14:05:59.193+0000] {ssh.py:524} INFO - 24/09/20 14:05:59 INFO DiskBlockManager: Created local directory at /tmp/blockmgr-16a98c93-4cba-4f53-a401-e1021eaa7878
[2024-09-20T14:05:59.215+0000] {ssh.py:524} INFO - 24/09/20 14:05:59 INFO MemoryStore: MemoryStore started with capacity 434.4 MiB
[2024-09-20T14:05:59.274+0000] {ssh.py:524} INFO - 24/09/20 14:05:59 INFO SparkEnv: Registering OutputCommitCoordinator
[2024-09-20T14:05:59.496+0000] {ssh.py:524} INFO - 24/09/20 14:05:59 WARN Utils: Service 'SparkUI' could not bind on port 4040. Attempting port 4041.
[2024-09-20T14:05:59.498+0000] {ssh.py:524} INFO - 24/09/20 14:05:59 WARN Utils: Service 'SparkUI' could not bind on port 4041. Attempting port 4042.
[2024-09-20T14:05:59.509+0000] {ssh.py:524} INFO - 24/09/20 14:05:59 INFO Utils: Successfully started service 'SparkUI' on port 4042.
[2024-09-20T14:05:59.688+0000] {ssh.py:524} INFO - 24/09/20 14:05:59 INFO Executor: Starting executor ID driver on host spark-master
[2024-09-20T14:05:59.699+0000] {ssh.py:524} INFO - 24/09/20 14:05:59 INFO Executor: Starting executor with user classpath (userClassPathFirst = false): ''
[2024-09-20T14:05:59.731+0000] {ssh.py:524} INFO - 24/09/20 14:05:59 INFO Utils: Successfully started service 'org.apache.spark.network.netty.NettyBlockTransferService' on port 39123.
[2024-09-20T14:05:59.732+0000] {ssh.py:524} INFO - 24/09/20 14:05:59 INFO NettyBlockTransferService: Server created on spark-master:39123
[2024-09-20T14:05:59.734+0000] {ssh.py:524} INFO - 24/09/20 14:05:59 INFO BlockManager: Using org.apache.spark.storage.RandomBlockReplicationPolicy for block replication policy
[2024-09-20T14:05:59.743+0000] {ssh.py:524} INFO - 24/09/20 14:05:59 INFO BlockManagerMaster: Registering BlockManager BlockManagerId(driver, spark-master, 39123, None)
[2024-09-20T14:05:59.747+0000] {ssh.py:524} INFO - 24/09/20 14:05:59 INFO BlockManagerMasterEndpoint: Registering block manager spark-master:39123 with 434.4 MiB RAM, BlockManagerId(driver, spark-master, 39123, None)
[2024-09-20T14:05:59.749+0000] {ssh.py:524} INFO - 24/09/20 14:05:59 INFO BlockManagerMaster: Registered BlockManager BlockManagerId(driver, spark-master, 39123, None)
[2024-09-20T14:05:59.751+0000] {ssh.py:524} INFO - 24/09/20 14:05:59 INFO BlockManager: Initialized BlockManager: BlockManagerId(driver, spark-master, 39123, None)
[2024-09-20T14:06:00.825+0000] {ssh.py:524} INFO - 24/09/20 14:06:00 INFO SharedState: Setting hive.metastore.warehouse.dir ('null') to the value of spark.sql.warehouse.dir.
[2024-09-20T14:06:00.830+0000] {ssh.py:524} INFO - 24/09/20 14:06:00 INFO SharedState: Warehouse path is 'file:/root/spark-warehouse'.
[2024-09-20T14:06:03.157+0000] {ssh.py:524} INFO - 24/09/20 14:06:03 WARN MetricsConfig: Cannot locate configuration: tried hadoop-metrics2-s3a-file-system.properties,hadoop-metrics2.properties
[2024-09-20T14:06:03.170+0000] {ssh.py:524} INFO - 24/09/20 14:06:03 INFO MetricsSystemImpl: Scheduled Metric snapshot period at 10 second(s).
[2024-09-20T14:06:03.171+0000] {ssh.py:524} INFO - 24/09/20 14:06:03 INFO MetricsSystemImpl: s3a-file-system metrics system started
[2024-09-20T14:06:04.726+0000] {ssh.py:524} INFO - 24/09/20 14:06:04 WARN AbstractS3ACommitterFactory: Using standard FileOutputCommitter to commit work. This is slow and potentially unsafe.
[2024-09-20T14:06:04.727+0000] {ssh.py:524} INFO - 24/09/20 14:06:04 INFO FileOutputCommitter: File Output Committer Algorithm version is 1
[2024-09-20T14:06:04.727+0000] {ssh.py:524} INFO - 24/09/20 14:06:04 INFO FileOutputCommitter: FileOutputCommitter skip cleanup _temporary folders under output directory:false, ignore cleanup failures: false
[2024-09-20T14:06:04.730+0000] {ssh.py:524} INFO - 24/09/20 14:06:04 INFO AbstractS3ACommitterFactory: Using Committer FileOutputCommitter{PathOutputCommitter{context=TaskAttemptContextImpl{JobContextImpl{jobId=job_202409201406044625366752607088675_0000}; taskId=attempt_202409201406044625366752607088675_0000_m_000000_0, status=''}; org.apache.hadoop.mapreduce.lib.output.FileOutputCommitter@726da8b0}; outputPath=s3a://raw/olhovivo/empresa/dt=2024-09-20, workPath=s3a://raw/olhovivo/empresa/dt=2024-09-20/_temporary/0/_temporary/attempt_202409201406044625366752607088675_0000_m_000000_0, algorithmVersion=1, skipCleanup=false, ignoreCleanupFailures=false} for s3a://raw/olhovivo/empresa/dt=2024-09-20
[2024-09-20T14:06:04.731+0000] {ssh.py:524} INFO - 24/09/20 14:06:04 INFO SQLHadoopMapReduceCommitProtocol: Using output committer class org.apache.hadoop.mapreduce.lib.output.FileOutputCommitter
[2024-09-20T14:06:05.323+0000] {ssh.py:524} INFO - 24/09/20 14:06:05 INFO CodeGenerator: Code generated in 179.603487 ms
[2024-09-20T14:06:05.479+0000] {ssh.py:524} INFO - 24/09/20 14:06:05 INFO SparkContext: Starting job: save at NativeMethodAccessorImpl.java:0
[2024-09-20T14:06:05.490+0000] {ssh.py:524} INFO - 24/09/20 14:06:05 INFO DAGScheduler: Got job 0 (save at NativeMethodAccessorImpl.java:0) with 12 output partitions
[2024-09-20T14:06:05.491+0000] {ssh.py:524} INFO - 24/09/20 14:06:05 INFO DAGScheduler: Final stage: ResultStage 0 (save at NativeMethodAccessorImpl.java:0)
[2024-09-20T14:06:05.492+0000] {ssh.py:524} INFO - 24/09/20 14:06:05 INFO DAGScheduler: Parents of final stage: List()
[2024-09-20T14:06:05.492+0000] {ssh.py:524} INFO - 24/09/20 14:06:05 INFO DAGScheduler: Missing parents: List()
[2024-09-20T14:06:05.495+0000] {ssh.py:524} INFO - 24/09/20 14:06:05 INFO DAGScheduler: Submitting ResultStage 0 (MapPartitionsRDD[5] at save at NativeMethodAccessorImpl.java:0), which has no missing parents
[2024-09-20T14:06:05.604+0000] {ssh.py:524} INFO - 24/09/20 14:06:05 INFO MemoryStore: Block broadcast_0 stored as values in memory (estimated size 223.8 KiB, free 434.2 MiB)
[2024-09-20T14:06:05.648+0000] {ssh.py:524} INFO - 24/09/20 14:06:05 INFO MemoryStore: Block broadcast_0_piece0 stored as bytes in memory (estimated size 81.3 KiB, free 434.1 MiB)
[2024-09-20T14:06:05.655+0000] {ssh.py:524} INFO - 24/09/20 14:06:05 INFO BlockManagerInfo: Added broadcast_0_piece0 in memory on spark-master:39123 (size: 81.3 KiB, free: 434.3 MiB)
[2024-09-20T14:06:05.665+0000] {ssh.py:524} INFO - 24/09/20 14:06:05 INFO SparkContext: Created broadcast 0 from broadcast at DAGScheduler.scala:1513
[2024-09-20T14:06:05.685+0000] {ssh.py:524} INFO - 24/09/20 14:06:05 INFO DAGScheduler: Submitting 12 missing tasks from ResultStage 0 (MapPartitionsRDD[5] at save at NativeMethodAccessorImpl.java:0) (first 15 tasks are for partitions Vector(0, 1, 2, 3, 4, 5, 6, 7, 8, 9, 10, 11))
[2024-09-20T14:06:05.687+0000] {ssh.py:524} INFO - 24/09/20 14:06:05 INFO TaskSchedulerImpl: Adding task set 0.0 with 12 tasks resource profile 0
[2024-09-20T14:06:05.764+0000] {ssh.py:524} INFO - 24/09/20 14:06:05 INFO TaskSetManager: Starting task 0.0 in stage 0.0 (TID 0) (spark-master, executor driver, partition 0, PROCESS_LOCAL, 4433 bytes) taskResourceAssignments Map()
[2024-09-20T14:06:05.768+0000] {ssh.py:524} INFO - 24/09/20 14:06:05 INFO TaskSetManager: Starting task 1.0 in stage 0.0 (TID 1) (spark-master, executor driver, partition 1, PROCESS_LOCAL, 4433 bytes) taskResourceAssignments Map()
[2024-09-20T14:06:05.769+0000] {ssh.py:524} INFO - 24/09/20 14:06:05 INFO TaskSetManager: Starting task 2.0 in stage 0.0 (TID 2) (spark-master, executor driver, partition 2, PROCESS_LOCAL, 4433 bytes) taskResourceAssignments Map()
[2024-09-20T14:06:05.770+0000] {ssh.py:524} INFO - 24/09/20 14:06:05 INFO TaskSetManager: Starting task 3.0 in stage 0.0 (TID 3) (spark-master, executor driver, partition 3, PROCESS_LOCAL, 4433 bytes) taskResourceAssignments Map()
[2024-09-20T14:06:05.772+0000] {ssh.py:524} INFO - 24/09/20 14:06:05 INFO TaskSetManager: Starting task 4.0 in stage 0.0 (TID 4) (spark-master, executor driver, partition 4, PROCESS_LOCAL, 4433 bytes) taskResourceAssignments Map()
[2024-09-20T14:06:05.773+0000] {ssh.py:524} INFO - 24/09/20 14:06:05 INFO TaskSetManager: Starting task 5.0 in stage 0.0 (TID 5) (spark-master, executor driver, partition 5, PROCESS_LOCAL, 4433 bytes) taskResourceAssignments Map()
[2024-09-20T14:06:05.774+0000] {ssh.py:524} INFO - 24/09/20 14:06:05 INFO TaskSetManager: Starting task 6.0 in stage 0.0 (TID 6) (spark-master, executor driver, partition 6, PROCESS_LOCAL, 4433 bytes) taskResourceAssignments Map()
[2024-09-20T14:06:05.775+0000] {ssh.py:524} INFO - 24/09/20 14:06:05 INFO TaskSetManager: Starting task 7.0 in stage 0.0 (TID 7) (spark-master, executor driver, partition 7, PROCESS_LOCAL, 4433 bytes) taskResourceAssignments Map()
[2024-09-20T14:06:05.776+0000] {ssh.py:524} INFO - 24/09/20 14:06:05 INFO TaskSetManager: Starting task 8.0 in stage 0.0 (TID 8) (spark-master, executor driver, partition 8, PROCESS_LOCAL, 4433 bytes) taskResourceAssignments Map()
[2024-09-20T14:06:05.776+0000] {ssh.py:524} INFO - 24/09/20 14:06:05 INFO TaskSetManager: Starting task 9.0 in stage 0.0 (TID 9) (spark-master, executor driver, partition 9, PROCESS_LOCAL, 4433 bytes) taskResourceAssignments Map()
[2024-09-20T14:06:05.777+0000] {ssh.py:524} INFO - 24/09/20 14:06:05 INFO TaskSetManager: Starting task 10.0 in stage 0.0 (TID 10) (spark-master, executor driver, partition 10, PROCESS_LOCAL, 4433 bytes) taskResourceAssignments Map()
[2024-09-20T14:06:05.777+0000] {ssh.py:524} INFO - 24/09/20 14:06:05 INFO TaskSetManager: Starting task 11.0 in stage 0.0 (TID 11) (spark-master, executor driver, partition 11, PROCESS_LOCAL, 5155 bytes) taskResourceAssignments Map()
[2024-09-20T14:06:05.799+0000] {ssh.py:524} INFO - 24/09/20 14:06:05 INFO Executor: Running task 0.0 in stage 0.0 (TID 0)
[2024-09-20T14:06:05.799+0000] {ssh.py:524} INFO - 24/09/20 14:06:05 INFO Executor: Running task 4.0 in stage 0.0 (TID 4)
[2024-09-20T14:06:05.800+0000] {ssh.py:524} INFO - 24/09/20 14:06:05 INFO Executor: Running task 1.0 in stage 0.0 (TID 1)
[2024-09-20T14:06:05.800+0000] {ssh.py:524} INFO - 24/09/20 14:06:05 INFO Executor: Running task 3.0 in stage 0.0 (TID 3)
[2024-09-20T14:06:05.801+0000] {ssh.py:524} INFO - 24/09/20 14:06:05 INFO Executor: Running task 5.0 in stage 0.0 (TID 5)
[2024-09-20T14:06:05.801+0000] {ssh.py:524} INFO - 24/09/20 14:06:05 INFO Executor: Running task 2.0 in stage 0.0 (TID 2)
[2024-09-20T14:06:05.803+0000] {ssh.py:524} INFO - 24/09/20 14:06:05 INFO Executor: Running task 7.0 in stage 0.0 (TID 7)
[2024-09-20T14:06:05.803+0000] {ssh.py:524} INFO - 24/09/20 14:06:05 INFO Executor: Running task 6.0 in stage 0.0 (TID 6)
[2024-09-20T14:06:05.805+0000] {ssh.py:524} INFO - 24/09/20 14:06:05 INFO Executor: Running task 8.0 in stage 0.0 (TID 8)
[2024-09-20T14:06:05.806+0000] {ssh.py:524} INFO - 24/09/20 14:06:05 INFO Executor: Running task 9.0 in stage 0.0 (TID 9)
[2024-09-20T14:06:05.809+0000] {ssh.py:524} INFO - 24/09/20 14:06:05 INFO Executor: Running task 11.0 in stage 0.0 (TID 11)
[2024-09-20T14:06:05.816+0000] {ssh.py:524} INFO - 24/09/20 14:06:05 INFO Executor: Running task 10.0 in stage 0.0 (TID 10)
[2024-09-20T14:06:06.988+0000] {ssh.py:524} INFO - 24/09/20 14:06:06 WARN AbstractS3ACommitterFactory: Using standard FileOutputCommitter to commit work. This is slow and potentially unsafe.
[2024-09-20T14:06:06.988+0000] {ssh.py:524} INFO - 24/09/20 14:06:06 INFO FileOutputCommitter: File Output Committer Algorithm version is 1
[2024-09-20T14:06:06.989+0000] {ssh.py:524} INFO - 24/09/20 14:06:06 INFO FileOutputCommitter: FileOutputCommitter skip cleanup _temporary folders under output directory:false, ignore cleanup failures: false
[2024-09-20T14:06:06.992+0000] {ssh.py:524} INFO - 24/09/20 14:06:06 INFO AbstractS3ACommitterFactory: Using Committer FileOutputCommitter{PathOutputCommitter{context=TaskAttemptContextImpl{JobContextImpl{jobId=job_202409201406054658448050211607762_0000}; taskId=attempt_202409201406054658448050211607762_0000_m_000008_8, status=''}; org.apache.hadoop.mapreduce.lib.output.FileOutputCommitter@66f98d48}; outputPath=s3a://raw/olhovivo/empresa/dt=2024-09-20, workPath=s3a://raw/olhovivo/empresa/dt=2024-09-20/_temporary/0/_temporary/attempt_202409201406054658448050211607762_0000_m_000008_8, algorithmVersion=1, skipCleanup=false, ignoreCleanupFailures=false} for s3a://raw/olhovivo/empresa/dt=2024-09-20
[2024-09-20T14:06:06.993+0000] {ssh.py:524} INFO - 24/09/20 14:06:06 INFO SQLHadoopMapReduceCommitProtocol: Using output committer class org.apache.hadoop.mapreduce.lib.output.FileOutputCommitter
[2024-09-20T14:06:07.004+0000] {ssh.py:524} INFO - 24/09/20 14:06:07 WARN AbstractS3ACommitterFactory: Using standard FileOutputCommitter to commit work. This is slow and potentially unsafe.
[2024-09-20T14:06:07.005+0000] {ssh.py:524} INFO - 24/09/20 14:06:07 INFO FileOutputCommitter: File Output Committer Algorithm version is 1
[2024-09-20T14:06:07.006+0000] {ssh.py:524} INFO - 24/09/20 14:06:07 INFO FileOutputCommitter: FileOutputCommitter skip cleanup _temporary folders under output directory:false, ignore cleanup failures: false
[2024-09-20T14:06:07.006+0000] {ssh.py:524} INFO - 24/09/20 14:06:07 INFO AbstractS3ACommitterFactory: Using Committer FileOutputCommitter{PathOutputCommitter{context=TaskAttemptContextImpl{JobContextImpl{jobId=job_20240920140605952796338541032891_0000}; taskId=attempt_20240920140605952796338541032891_0000_m_000011_11, status=''}; org.apache.hadoop.mapreduce.lib.output.FileOutputCommitter@45668be8}; outputPath=s3a://raw/olhovivo/empresa/dt=2024-09-20, workPath=s3a://raw/olhovivo/empresa/dt=2024-09-20/_temporary/0/_temporary/attempt_20240920140605952796338541032891_0000_m_000011_11, algorithmVersion=1, skipCleanup=false, ignoreCleanupFailures=false} for s3a://raw/olhovivo/empresa/dt=2024-09-20
[2024-09-20T14:06:07.007+0000] {ssh.py:524} INFO - 24/09/20 14:06:07 INFO SQLHadoopMapReduceCommitProtocol: Using output committer class org.apache.hadoop.mapreduce.lib.output.FileOutputCommitter
[2024-09-20T14:06:07.018+0000] {ssh.py:524} INFO - 24/09/20 14:06:07 WARN AbstractS3ACommitterFactory: Using standard FileOutputCommitter to commit work. This is slow and potentially unsafe.
[2024-09-20T14:06:07.019+0000] {ssh.py:524} INFO - 24/09/20 14:06:07 INFO FileOutputCommitter: File Output Committer Algorithm version is 1
[2024-09-20T14:06:07.020+0000] {ssh.py:524} INFO - 24/09/20 14:06:07 INFO FileOutputCommitter: FileOutputCommitter skip cleanup _temporary folders under output directory:false, ignore cleanup failures: false
[2024-09-20T14:06:07.021+0000] {ssh.py:524} INFO - 24/09/20 14:06:07 INFO AbstractS3ACommitterFactory: Using Committer FileOutputCommitter{PathOutputCommitter{context=TaskAttemptContextImpl{JobContextImpl{jobId=job_202409201406055380026514940203303_0000}; taskId=attempt_202409201406055380026514940203303_0000_m_000009_9, status=''}; org.apache.hadoop.mapreduce.lib.output.FileOutputCommitter@540a6205}; outputPath=s3a://raw/olhovivo/empresa/dt=2024-09-20, workPath=s3a://raw/olhovivo/empresa/dt=2024-09-20/_temporary/0/_temporary/attempt_202409201406055380026514940203303_0000_m_000009_9, algorithmVersion=1, skipCleanup=false, ignoreCleanupFailures=false} for s3a://raw/olhovivo/empresa/dt=2024-09-20
[2024-09-20T14:06:07.023+0000] {ssh.py:524} INFO - 24/09/20 14:06:07 INFO SQLHadoopMapReduceCommitProtocol: Using output committer class org.apache.hadoop.mapreduce.lib.output.FileOutputCommitter
[2024-09-20T14:06:07.045+0000] {ssh.py:524} INFO - 24/09/20 14:06:07 WARN AbstractS3ACommitterFactory: Using standard FileOutputCommitter to commit work. This is slow and potentially unsafe.
[2024-09-20T14:06:07.046+0000] {ssh.py:524} INFO - 24/09/20 14:06:07 INFO FileOutputCommitter: File Output Committer Algorithm version is 1
[2024-09-20T14:06:07.046+0000] {ssh.py:524} INFO - 24/09/20 14:06:07 INFO FileOutputCommitter: FileOutputCommitter skip cleanup _temporary folders under output directory:false, ignore cleanup failures: false
[2024-09-20T14:06:07.046+0000] {ssh.py:524} INFO - 24/09/20 14:06:07 INFO AbstractS3ACommitterFactory: Using Committer FileOutputCommitter{PathOutputCommitter{context=TaskAttemptContextImpl{JobContextImpl{jobId=job_202409201406052610304861211685383_0000}; taskId=attempt_202409201406052610304861211685383_0000_m_000007_7, status=''}; org.apache.hadoop.mapreduce.lib.output.FileOutputCommitter@3a8e8d28}; outputPath=s3a://raw/olhovivo/empresa/dt=2024-09-20, workPath=s3a://raw/olhovivo/empresa/dt=2024-09-20/_temporary/0/_temporary/attempt_202409201406052610304861211685383_0000_m_000007_7, algorithmVersion=1, skipCleanup=false, ignoreCleanupFailures=false} for s3a://raw/olhovivo/empresa/dt=2024-09-20
[2024-09-20T14:06:07.047+0000] {ssh.py:524} INFO - 24/09/20 14:06:07 INFO SQLHadoopMapReduceCommitProtocol: Using output committer class org.apache.hadoop.mapreduce.lib.output.FileOutputCommitter
[2024-09-20T14:06:07.062+0000] {ssh.py:524} INFO - 24/09/20 14:06:07 WARN AbstractS3ACommitterFactory: Using standard FileOutputCommitter to commit work. This is slow and potentially unsafe.
[2024-09-20T14:06:07.063+0000] {ssh.py:524} INFO - 24/09/20 14:06:07 INFO FileOutputCommitter: File Output Committer Algorithm version is 1
[2024-09-20T14:06:07.063+0000] {ssh.py:524} INFO - 24/09/20 14:06:07 INFO FileOutputCommitter: FileOutputCommitter skip cleanup _temporary folders under output directory:false, ignore cleanup failures: false
[2024-09-20T14:06:07.064+0000] {ssh.py:524} INFO - 24/09/20 14:06:07 INFO AbstractS3ACommitterFactory: Using Committer FileOutputCommitter{PathOutputCommitter{context=TaskAttemptContextImpl{JobContextImpl{jobId=job_202409201406057118280811980490252_0000}; taskId=attempt_202409201406057118280811980490252_0000_m_000006_6, status=''}; org.apache.hadoop.mapreduce.lib.output.FileOutputCommitter@7ed7f13f}; outputPath=s3a://raw/olhovivo/empresa/dt=2024-09-20, workPath=s3a://raw/olhovivo/empresa/dt=2024-09-20/_temporary/0/_temporary/attempt_202409201406057118280811980490252_0000_m_000006_6, algorithmVersion=1, skipCleanup=false, ignoreCleanupFailures=false} for s3a://raw/olhovivo/empresa/dt=2024-09-20
[2024-09-20T14:06:07.065+0000] {ssh.py:524} INFO - 24/09/20 14:06:07 INFO SQLHadoopMapReduceCommitProtocol: Using output committer class org.apache.hadoop.mapreduce.lib.output.FileOutputCommitter
[2024-09-20T14:06:07.145+0000] {ssh.py:524} INFO - 24/09/20 14:06:07 WARN AbstractS3ACommitterFactory: Using standard FileOutputCommitter to commit work. This is slow and potentially unsafe.
[2024-09-20T14:06:07.145+0000] {ssh.py:524} INFO - 24/09/20 14:06:07 INFO FileOutputCommitter: File Output Committer Algorithm version is 1
[2024-09-20T14:06:07.146+0000] {ssh.py:524} INFO - 24/09/20 14:06:07 INFO FileOutputCommitter: FileOutputCommitter skip cleanup _temporary folders under output directory:false, ignore cleanup failures: false
[2024-09-20T14:06:07.147+0000] {ssh.py:524} INFO - 24/09/20 14:06:07 INFO AbstractS3ACommitterFactory: Using Committer FileOutputCommitter{PathOutputCommitter{context=TaskAttemptContextImpl{JobContextImpl{jobId=job_202409201406057398355333162872119_0000}; taskId=attempt_202409201406057398355333162872119_0000_m_000001_1, status=''}; org.apache.hadoop.mapreduce.lib.output.FileOutputCommitter@6fbd2af9}; outputPath=s3a://raw/olhovivo/empresa/dt=2024-09-20, workPath=s3a://raw/olhovivo/empresa/dt=2024-09-20/_temporary/0/_temporary/attempt_202409201406057398355333162872119_0000_m_000001_1, algorithmVersion=1, skipCleanup=false, ignoreCleanupFailures=false} for s3a://raw/olhovivo/empresa/dt=2024-09-20
[2024-09-20T14:06:07.149+0000] {ssh.py:524} INFO - 24/09/20 14:06:07 INFO SQLHadoopMapReduceCommitProtocol: Using output committer class org.apache.hadoop.mapreduce.lib.output.FileOutputCommitter
[2024-09-20T14:06:07.180+0000] {ssh.py:524} INFO - 24/09/20 14:06:07 INFO PythonRunner: Times: total = 1004, boot = 807, init = 197, finish = 0
[2024-09-20T14:06:07.185+0000] {ssh.py:524} INFO - 24/09/20 14:06:07 WARN AbstractS3ACommitterFactory: Using standard FileOutputCommitter to commit work. This is slow and potentially unsafe.
[2024-09-20T14:06:07.190+0000] {ssh.py:524} INFO - 24/09/20 14:06:07 INFO FileOutputCommitter: File Output Committer Algorithm version is 1
[2024-09-20T14:06:07.191+0000] {ssh.py:524} INFO - 24/09/20 14:06:07 INFO FileOutputCommitter: FileOutputCommitter skip cleanup _temporary folders under output directory:false, ignore cleanup failures: false
[2024-09-20T14:06:07.191+0000] {ssh.py:524} INFO - 24/09/20 14:06:07 INFO AbstractS3ACommitterFactory: Using Committer FileOutputCommitter{PathOutputCommitter{context=TaskAttemptContextImpl{JobContextImpl{jobId=job_202409201406058577610012159753079_0000}; taskId=attempt_202409201406058577610012159753079_0000_m_000003_3, status=''}; org.apache.hadoop.mapreduce.lib.output.FileOutputCommitter@31078c5}; outputPath=s3a://raw/olhovivo/empresa/dt=2024-09-20, workPath=s3a://raw/olhovivo/empresa/dt=2024-09-20/_temporary/0/_temporary/attempt_202409201406058577610012159753079_0000_m_000003_3, algorithmVersion=1, skipCleanup=false, ignoreCleanupFailures=false} for s3a://raw/olhovivo/empresa/dt=2024-09-20
[2024-09-20T14:06:07.192+0000] {ssh.py:524} INFO - 24/09/20 14:06:07 INFO SQLHadoopMapReduceCommitProtocol: Using output committer class org.apache.hadoop.mapreduce.lib.output.FileOutputCommitter
[2024-09-20T14:06:07.220+0000] {ssh.py:524} INFO - 24/09/20 14:06:07 INFO PythonRunner: Times: total = 1058, boot = 841, init = 216, finish = 1
[2024-09-20T14:06:07.239+0000] {ssh.py:524} INFO - 24/09/20 14:06:07 WARN AbstractS3ACommitterFactory: Using standard FileOutputCommitter to commit work. This is slow and potentially unsafe.
[2024-09-20T14:06:07.240+0000] {ssh.py:524} INFO - 24/09/20 14:06:07 INFO FileOutputCommitter: File Output Committer Algorithm version is 1
[2024-09-20T14:06:07.241+0000] {ssh.py:524} INFO - 24/09/20 14:06:07 INFO FileOutputCommitter: FileOutputCommitter skip cleanup _temporary folders under output directory:false, ignore cleanup failures: false
[2024-09-20T14:06:07.241+0000] {ssh.py:524} INFO - 24/09/20 14:06:07 INFO AbstractS3ACommitterFactory: Using Committer FileOutputCommitter{PathOutputCommitter{context=TaskAttemptContextImpl{JobContextImpl{jobId=job_202409201406054632943839965581346_0000}; taskId=attempt_202409201406054632943839965581346_0000_m_000005_5, status=''}; org.apache.hadoop.mapreduce.lib.output.FileOutputCommitter@10b9258}; outputPath=s3a://raw/olhovivo/empresa/dt=2024-09-20, workPath=s3a://raw/olhovivo/empresa/dt=2024-09-20/_temporary/0/_temporary/attempt_202409201406054632943839965581346_0000_m_000005_5, algorithmVersion=1, skipCleanup=false, ignoreCleanupFailures=false} for s3a://raw/olhovivo/empresa/dt=2024-09-20
[2024-09-20T14:06:07.241+0000] {ssh.py:524} INFO - 24/09/20 14:06:07 INFO SQLHadoopMapReduceCommitProtocol: Using output committer class org.apache.hadoop.mapreduce.lib.output.FileOutputCommitter
[2024-09-20T14:06:07.268+0000] {ssh.py:524} INFO - 24/09/20 14:06:07 INFO PythonRunner: Times: total = 1105, boot = 870, init = 235, finish = 0
[2024-09-20T14:06:07.283+0000] {ssh.py:524} INFO - 24/09/20 14:06:07 WARN AbstractS3ACommitterFactory: Using standard FileOutputCommitter to commit work. This is slow and potentially unsafe.
[2024-09-20T14:06:07.284+0000] {ssh.py:524} INFO - 24/09/20 14:06:07 INFO FileOutputCommitter: File Output Committer Algorithm version is 1
[2024-09-20T14:06:07.289+0000] {ssh.py:524} INFO - 24/09/20 14:06:07 INFO FileOutputCommitter: FileOutputCommitter skip cleanup _temporary folders under output directory:false, ignore cleanup failures: false
[2024-09-20T14:06:07.289+0000] {ssh.py:524} INFO - 24/09/20 14:06:07 INFO AbstractS3ACommitterFactory: Using Committer FileOutputCommitter{PathOutputCommitter{context=TaskAttemptContextImpl{JobContextImpl{jobId=job_202409201406057300035689635747430_0000}; taskId=attempt_202409201406057300035689635747430_0000_m_000000_0, status=''}; org.apache.hadoop.mapreduce.lib.output.FileOutputCommitter@36cad038}; outputPath=s3a://raw/olhovivo/empresa/dt=2024-09-20, workPath=s3a://raw/olhovivo/empresa/dt=2024-09-20/_temporary/0/_temporary/attempt_202409201406057300035689635747430_0000_m_000000_0, algorithmVersion=1, skipCleanup=false, ignoreCleanupFailures=false} for s3a://raw/olhovivo/empresa/dt=2024-09-20
[2024-09-20T14:06:07.289+0000] {ssh.py:524} INFO - 24/09/20 14:06:07 INFO SQLHadoopMapReduceCommitProtocol: Using output committer class org.apache.hadoop.mapreduce.lib.output.FileOutputCommitter
[2024-09-20T14:06:07.295+0000] {ssh.py:524} INFO - 24/09/20 14:06:07 WARN AbstractS3ACommitterFactory: Using standard FileOutputCommitter to commit work. This is slow and potentially unsafe.
[2024-09-20T14:06:07.295+0000] {ssh.py:524} INFO - 24/09/20 14:06:07 INFO FileOutputCommitter: File Output Committer Algorithm version is 1
[2024-09-20T14:06:07.296+0000] {ssh.py:524} INFO - 24/09/20 14:06:07 INFO FileOutputCommitter: FileOutputCommitter skip cleanup _temporary folders under output directory:false, ignore cleanup failures: false
[2024-09-20T14:06:07.296+0000] {ssh.py:524} INFO - 24/09/20 14:06:07 INFO AbstractS3ACommitterFactory: Using Committer FileOutputCommitter{PathOutputCommitter{context=TaskAttemptContextImpl{JobContextImpl{jobId=job_202409201406054877904144261281901_0000}; taskId=attempt_202409201406054877904144261281901_0000_m_000010_10, status=''}; org.apache.hadoop.mapreduce.lib.output.FileOutputCommitter@59f5cf48}; outputPath=s3a://raw/olhovivo/empresa/dt=2024-09-20, workPath=s3a://raw/olhovivo/empresa/dt=2024-09-20/_temporary/0/_temporary/attempt_202409201406054877904144261281901_0000_m_000010_10, algorithmVersion=1, skipCleanup=false, ignoreCleanupFailures=false} for s3a://raw/olhovivo/empresa/dt=2024-09-20
[2024-09-20T14:06:07.297+0000] {ssh.py:524} INFO - 24/09/20 14:06:07 INFO SQLHadoopMapReduceCommitProtocol: Using output committer class org.apache.hadoop.mapreduce.lib.output.FileOutputCommitter
[2024-09-20T14:06:07.297+0000] {ssh.py:524} INFO - 24/09/20 14:06:07 INFO SparkHadoopMapRedUtil: No need to commit output of task because needsTaskCommit=false: attempt_202409201406057118280811980490252_0000_m_000006_6
[2024-09-20T14:06:07.307+0000] {ssh.py:524} INFO - 24/09/20 14:06:07 INFO SparkHadoopMapRedUtil: No need to commit output of task because needsTaskCommit=false: attempt_202409201406054658448050211607762_0000_m_000008_8
[2024-09-20T14:06:07.325+0000] {ssh.py:524} INFO - 24/09/20 14:06:07 INFO SparkHadoopMapRedUtil: No need to commit output of task because needsTaskCommit=false: attempt_202409201406057398355333162872119_0000_m_000001_1
[2024-09-20T14:06:07.326+0000] {ssh.py:524} INFO - 24/09/20 14:06:07 WARN AbstractS3ACommitterFactory: Using standard FileOutputCommitter to commit work. This is slow and potentially unsafe.
[2024-09-20T14:06:07.327+0000] {ssh.py:524} INFO - 24/09/20 14:06:07 INFO FileOutputCommitter: File Output Committer Algorithm version is 1
[2024-09-20T14:06:07.327+0000] {ssh.py:524} INFO - 24/09/20 14:06:07 INFO FileOutputCommitter: FileOutputCommitter skip cleanup _temporary folders under output directory:false, ignore cleanup failures: false
[2024-09-20T14:06:07.328+0000] {ssh.py:524} INFO - 24/09/20 14:06:07 INFO AbstractS3ACommitterFactory: Using Committer FileOutputCommitter{PathOutputCommitter{context=TaskAttemptContextImpl{JobContextImpl{jobId=job_202409201406052376851621190758377_0000}; taskId=attempt_202409201406052376851621190758377_0000_m_000004_4, status=''}; org.apache.hadoop.mapreduce.lib.output.FileOutputCommitter@4dbe0f5c}; outputPath=s3a://raw/olhovivo/empresa/dt=2024-09-20, workPath=s3a://raw/olhovivo/empresa/dt=2024-09-20/_temporary/0/_temporary/attempt_202409201406052376851621190758377_0000_m_000004_4, algorithmVersion=1, skipCleanup=false, ignoreCleanupFailures=false} for s3a://raw/olhovivo/empresa/dt=2024-09-20
[2024-09-20T14:06:07.329+0000] {ssh.py:524} INFO - 24/09/20 14:06:07 INFO SQLHadoopMapReduceCommitProtocol: Using output committer class org.apache.hadoop.mapreduce.lib.output.FileOutputCommitter
[2024-09-20T14:06:07.338+0000] {ssh.py:524} INFO - 24/09/20 14:06:07 WARN AbstractS3ACommitterFactory: Using standard FileOutputCommitter to commit work. This is slow and potentially unsafe.
[2024-09-20T14:06:07.340+0000] {ssh.py:524} INFO - 24/09/20 14:06:07 INFO FileOutputCommitter: File Output Committer Algorithm version is 1
[2024-09-20T14:06:07.340+0000] {ssh.py:524} INFO - 24/09/20 14:06:07 INFO FileOutputCommitter: FileOutputCommitter skip cleanup _temporary folders under output directory:false, ignore cleanup failures: false
[2024-09-20T14:06:07.341+0000] {ssh.py:524} INFO - 24/09/20 14:06:07 INFO AbstractS3ACommitterFactory: Using Committer FileOutputCommitter{PathOutputCommitter{context=TaskAttemptContextImpl{JobContextImpl{jobId=job_202409201406054819510798941823599_0000}; taskId=attempt_202409201406054819510798941823599_0000_m_000002_2, status=''}; org.apache.hadoop.mapreduce.lib.output.FileOutputCommitter@1f66c18f}; outputPath=s3a://raw/olhovivo/empresa/dt=2024-09-20, workPath=s3a://raw/olhovivo/empresa/dt=2024-09-20/_temporary/0/_temporary/attempt_202409201406054819510798941823599_0000_m_000002_2, algorithmVersion=1, skipCleanup=false, ignoreCleanupFailures=false} for s3a://raw/olhovivo/empresa/dt=2024-09-20
[2024-09-20T14:06:07.341+0000] {ssh.py:524} INFO - 24/09/20 14:06:07 INFO SQLHadoopMapReduceCommitProtocol: Using output committer class org.apache.hadoop.mapreduce.lib.output.FileOutputCommitter
[2024-09-20T14:06:07.352+0000] {ssh.py:524} INFO - 24/09/20 14:06:07 INFO PythonRunner: Times: total = 1187, boot = 826, init = 361, finish = 0
[2024-09-20T14:06:07.358+0000] {ssh.py:524} INFO - 24/09/20 14:06:07 INFO SparkHadoopMapRedUtil: No need to commit output of task because needsTaskCommit=false: attempt_202409201406055380026514940203303_0000_m_000009_9
[2024-09-20T14:06:07.368+0000] {ssh.py:524} INFO - 24/09/20 14:06:07 INFO Executor: Finished task 8.0 in stage 0.0 (TID 8). 2871 bytes result sent to driver
[2024-09-20T14:06:07.369+0000] {ssh.py:524} INFO - 24/09/20 14:06:07 INFO Executor: Finished task 6.0 in stage 0.0 (TID 6). 2871 bytes result sent to driver
[2024-09-20T14:06:07.369+0000] {ssh.py:524} INFO - 24/09/20 14:06:07 INFO Executor: Finished task 9.0 in stage 0.0 (TID 9). 2828 bytes result sent to driver
[2024-09-20T14:06:07.374+0000] {ssh.py:524} INFO - 24/09/20 14:06:07 INFO Executor: Finished task 1.0 in stage 0.0 (TID 1). 2871 bytes result sent to driver
[2024-09-20T14:06:07.383+0000] {ssh.py:524} INFO - 24/09/20 14:06:07 INFO PythonRunner: Times: total = 1220, boot = 853, init = 367, finish = 0
[2024-09-20T14:06:07.392+0000] {ssh.py:524} INFO - 24/09/20 14:06:07 INFO SparkHadoopMapRedUtil: No need to commit output of task because needsTaskCommit=false: attempt_202409201406052610304861211685383_0000_m_000007_7
[2024-09-20T14:06:07.399+0000] {ssh.py:524} INFO - 24/09/20 14:06:07 INFO Executor: Finished task 7.0 in stage 0.0 (TID 7). 2871 bytes result sent to driver
[2024-09-20T14:06:07.423+0000] {ssh.py:524} INFO - 24/09/20 14:06:07 INFO PythonRunner: Times: total = 1258, boot = 916, init = 342, finish = 0
[2024-09-20T14:06:07.434+0000] {ssh.py:524} INFO - 24/09/20 14:06:07 INFO TaskSetManager: Finished task 9.0 in stage 0.0 (TID 9) in 1658 ms on spark-master (executor driver) (1/12)
[2024-09-20T14:06:07.434+0000] {ssh.py:524} INFO - 24/09/20 14:06:07 INFO TaskSetManager: Finished task 8.0 in stage 0.0 (TID 8) in 1661 ms on spark-master (executor driver) (2/12)
[2024-09-20T14:06:07.435+0000] {ssh.py:524} INFO - 24/09/20 14:06:07 INFO TaskSetManager: Finished task 1.0 in stage 0.0 (TID 1) in 1669 ms on spark-master (executor driver) (3/12)
[2024-09-20T14:06:07.437+0000] {ssh.py:524} INFO - 24/09/20 14:06:07 INFO TaskSetManager: Finished task 7.0 in stage 0.0 (TID 7) in 1664 ms on spark-master (executor driver) (4/12)
[2024-09-20T14:06:07.439+0000] {ssh.py:524} INFO - 24/09/20 14:06:07 INFO SparkHadoopMapRedUtil: No need to commit output of task because needsTaskCommit=false: attempt_202409201406058577610012159753079_0000_m_000003_3
[2024-09-20T14:06:07.442+0000] {ssh.py:524} INFO - 24/09/20 14:06:07 INFO Executor: Finished task 3.0 in stage 0.0 (TID 3). 2828 bytes result sent to driver
[2024-09-20T14:06:07.443+0000] {ssh.py:524} INFO - 24/09/20 14:06:07 INFO TaskSetManager: Finished task 6.0 in stage 0.0 (TID 6) in 1670 ms on spark-master (executor driver) (5/12)
[2024-09-20T14:06:07.445+0000] {ssh.py:524} INFO - 24/09/20 14:06:07 INFO TaskSetManager: Finished task 3.0 in stage 0.0 (TID 3) in 1676 ms on spark-master (executor driver) (6/12)
[2024-09-20T14:06:07.448+0000] {ssh.py:524} INFO - 24/09/20 14:06:07 INFO PythonAccumulatorV2: Connected to AccumulatorServer at host: 127.0.0.1 port: 57633
[2024-09-20T14:06:07.463+0000] {ssh.py:524} INFO - 24/09/20 14:06:07 INFO PythonRunner: Times: total = 1294, boot = 1028, init = 266, finish = 0
[2024-09-20T14:06:07.473+0000] {ssh.py:524} INFO - 24/09/20 14:06:07 INFO PythonRunner: Times: total = 1307, boot = 974, init = 333, finish = 0
[2024-09-20T14:06:07.474+0000] {ssh.py:524} INFO - 24/09/20 14:06:07 INFO SparkHadoopMapRedUtil: No need to commit output of task because needsTaskCommit=false: attempt_202409201406052376851621190758377_0000_m_000004_4
[2024-09-20T14:06:07.478+0000] {ssh.py:524} INFO - 24/09/20 14:06:07 INFO Executor: Finished task 4.0 in stage 0.0 (TID 4). 2828 bytes result sent to driver
[2024-09-20T14:06:07.482+0000] {ssh.py:524} INFO - 24/09/20 14:06:07 INFO TaskSetManager: Finished task 4.0 in stage 0.0 (TID 4) in 1712 ms on spark-master (executor driver) (7/12)
[2024-09-20T14:06:07.485+0000] {ssh.py:524} INFO - 24/09/20 14:06:07 INFO SparkHadoopMapRedUtil: No need to commit output of task because needsTaskCommit=false: attempt_202409201406054877904144261281901_0000_m_000010_10
[2024-09-20T14:06:07.500+0000] {ssh.py:524} INFO - 24/09/20 14:06:07 INFO PythonRunner: Times: total = 1334, boot = 949, init = 385, finish = 0
[2024-09-20T14:06:07.520+0000] {ssh.py:524} INFO - 24/09/20 14:06:07 INFO PythonRunner: Times: total = 1354, boot = 1010, init = 343, finish = 1
[2024-09-20T14:06:07.520+0000] {ssh.py:524} INFO - 24/09/20 14:06:07 INFO Executor: Finished task 10.0 in stage 0.0 (TID 10). 2871 bytes result sent to driver
[2024-09-20T14:06:07.522+0000] {ssh.py:524} INFO - 24/09/20 14:06:07 INFO TaskSetManager: Finished task 10.0 in stage 0.0 (TID 10) in 1746 ms on spark-master (executor driver) (8/12)
[2024-09-20T14:06:07.528+0000] {ssh.py:524} INFO - 24/09/20 14:06:07 INFO SparkHadoopMapRedUtil: No need to commit output of task because needsTaskCommit=false: attempt_202409201406054819510798941823599_0000_m_000002_2
[2024-09-20T14:06:07.530+0000] {ssh.py:524} INFO - 24/09/20 14:06:07 INFO SparkHadoopMapRedUtil: No need to commit output of task because needsTaskCommit=false: attempt_202409201406054632943839965581346_0000_m_000005_5
[2024-09-20T14:06:07.532+0000] {ssh.py:524} INFO - 24/09/20 14:06:07 INFO Executor: Finished task 2.0 in stage 0.0 (TID 2). 2828 bytes result sent to driver
[2024-09-20T14:06:07.534+0000] {ssh.py:524} INFO - 24/09/20 14:06:07 INFO TaskSetManager: Finished task 2.0 in stage 0.0 (TID 2) in 1764 ms on spark-master (executor driver) (9/12)
[2024-09-20T14:06:07.535+0000] {ssh.py:524} INFO - 24/09/20 14:06:07 INFO Executor: Finished task 5.0 in stage 0.0 (TID 5). 2828 bytes result sent to driver
[2024-09-20T14:06:07.537+0000] {ssh.py:524} INFO - 24/09/20 14:06:07 INFO TaskSetManager: Finished task 5.0 in stage 0.0 (TID 5) in 1766 ms on spark-master (executor driver) (10/12)
[2024-09-20T14:06:07.592+0000] {ssh.py:524} INFO - 24/09/20 14:06:07 INFO PythonRunner: Times: total = 1257, boot = 889, init = 368, finish = 0
[2024-09-20T14:06:07.629+0000] {ssh.py:524} INFO - 24/09/20 14:06:07 INFO PythonRunner: Times: total = 981, boot = 800, init = 180, finish = 1
[2024-09-20T14:06:07.885+0000] {ssh.py:524} INFO - 24/09/20 14:06:07 INFO FileOutputCommitter: Saved output of task 'attempt_20240920140605952796338541032891_0000_m_000011_11' to s3a://raw/olhovivo/empresa/dt=2024-09-20/_temporary/0/task_20240920140605952796338541032891_0000_m_000011
[2024-09-20T14:06:07.886+0000] {ssh.py:524} INFO - 24/09/20 14:06:07 INFO SparkHadoopMapRedUtil: attempt_20240920140605952796338541032891_0000_m_000011_11: Committed. Elapsed time: 168 ms.
[2024-09-20T14:06:07.893+0000] {ssh.py:524} INFO - 24/09/20 14:06:07 INFO Executor: Finished task 11.0 in stage 0.0 (TID 11). 2914 bytes result sent to driver
[2024-09-20T14:06:07.895+0000] {ssh.py:524} INFO - 24/09/20 14:06:07 INFO TaskSetManager: Finished task 11.0 in stage 0.0 (TID 11) in 2119 ms on spark-master (executor driver) (11/12)
[2024-09-20T14:06:07.926+0000] {ssh.py:524} INFO - 24/09/20 14:06:07 INFO FileOutputCommitter: Saved output of task 'attempt_202409201406057300035689635747430_0000_m_000000_0' to s3a://raw/olhovivo/empresa/dt=2024-09-20/_temporary/0/task_202409201406057300035689635747430_0000_m_000000
[2024-09-20T14:06:07.926+0000] {ssh.py:524} INFO - 24/09/20 14:06:07 INFO SparkHadoopMapRedUtil: attempt_202409201406057300035689635747430_0000_m_000000_0: Committed. Elapsed time: 207 ms.
[2024-09-20T14:06:07.928+0000] {ssh.py:524} INFO - 24/09/20 14:06:07 INFO Executor: Finished task 0.0 in stage 0.0 (TID 0). 2828 bytes result sent to driver
[2024-09-20T14:06:07.930+0000] {ssh.py:524} INFO - 24/09/20 14:06:07 INFO TaskSetManager: Finished task 0.0 in stage 0.0 (TID 0) in 2186 ms on spark-master (executor driver) (12/12)
[2024-09-20T14:06:07.932+0000] {ssh.py:524} INFO - 24/09/20 14:06:07 INFO TaskSchedulerImpl: Removed TaskSet 0.0, whose tasks have all completed, from pool 
[2024-09-20T14:06:07.934+0000] {ssh.py:524} INFO - 24/09/20 14:06:07 INFO DAGScheduler: ResultStage 0 (save at NativeMethodAccessorImpl.java:0) finished in 2.423 s
[2024-09-20T14:06:07.938+0000] {ssh.py:524} INFO - 24/09/20 14:06:07 INFO DAGScheduler: Job 0 is finished. Cancelling potential speculative or zombie tasks for this job
[2024-09-20T14:06:07.939+0000] {ssh.py:524} INFO - 24/09/20 14:06:07 INFO TaskSchedulerImpl: Killing all running tasks in stage 0: Stage finished
[2024-09-20T14:06:07.941+0000] {ssh.py:524} INFO - 24/09/20 14:06:07 INFO DAGScheduler: Job 0 finished: save at NativeMethodAccessorImpl.java:0, took 2.461563 s
[2024-09-20T14:06:07.944+0000] {ssh.py:524} INFO - 24/09/20 14:06:07 INFO FileFormatWriter: Start to commit write Job ae3e007e-fc1b-45cf-ae7f-7a2e2a4b7064.
[2024-09-20T14:06:08.183+0000] {ssh.py:524} INFO - 24/09/20 14:06:08 INFO FileFormatWriter: Write Job ae3e007e-fc1b-45cf-ae7f-7a2e2a4b7064 committed. Elapsed time: 238 ms.
[2024-09-20T14:06:08.190+0000] {ssh.py:524} INFO - 24/09/20 14:06:08 INFO FileFormatWriter: Finished processing stats for write job ae3e007e-fc1b-45cf-ae7f-7a2e2a4b7064.
[2024-09-20T14:06:08.235+0000] {ssh.py:524} INFO - [DEBUG] Done.
[2024-09-20T14:06:09.257+0000] {ssh.py:524} INFO - 24/09/20 14:06:09 INFO SparkContext: Invoking stop() from shutdown hook
[2024-09-20T14:06:09.306+0000] {ssh.py:524} INFO - 24/09/20 14:06:09 INFO SparkUI: Stopped Spark web UI at http://spark-master:4042
[2024-09-20T14:06:09.347+0000] {ssh.py:524} INFO - 24/09/20 14:06:09 INFO MapOutputTrackerMasterEndpoint: MapOutputTrackerMasterEndpoint stopped!
[2024-09-20T14:06:09.409+0000] {ssh.py:524} INFO - 24/09/20 14:06:09 INFO MemoryStore: MemoryStore cleared
[2024-09-20T14:06:09.410+0000] {ssh.py:524} INFO - 24/09/20 14:06:09 INFO BlockManager: BlockManager stopped
[2024-09-20T14:06:09.419+0000] {ssh.py:524} INFO - 24/09/20 14:06:09 INFO BlockManagerMaster: BlockManagerMaster stopped
[2024-09-20T14:06:09.424+0000] {ssh.py:524} INFO - 24/09/20 14:06:09 INFO OutputCommitCoordinator$OutputCommitCoordinatorEndpoint: OutputCommitCoordinator stopped!
[2024-09-20T14:06:09.437+0000] {ssh.py:524} INFO - 24/09/20 14:06:09 INFO SparkContext: Successfully stopped SparkContext
[2024-09-20T14:06:09.438+0000] {ssh.py:524} INFO - 24/09/20 14:06:09 INFO ShutdownHookManager: Shutdown hook called
[2024-09-20T14:06:09.438+0000] {ssh.py:524} INFO - 24/09/20 14:06:09 INFO ShutdownHookManager: Deleting directory /tmp/spark-15415c24-c2dd-48fb-8c94-83f380c591f0/pyspark-5f189dec-1736-455f-980d-b23050efbbf9
[2024-09-20T14:06:09.441+0000] {ssh.py:524} INFO - 24/09/20 14:06:09 INFO ShutdownHookManager: Deleting directory /tmp/spark-6fe5dcb6-19c0-4776-b2c1-706b81c6235a
[2024-09-20T14:06:09.444+0000] {ssh.py:524} INFO - 24/09/20 14:06:09 INFO ShutdownHookManager: Deleting directory /tmp/spark-15415c24-c2dd-48fb-8c94-83f380c591f0
[2024-09-20T14:06:09.457+0000] {ssh.py:524} INFO - 24/09/20 14:06:09 INFO MetricsSystemImpl: Stopping s3a-file-system metrics system...
[2024-09-20T14:06:09.458+0000] {ssh.py:524} INFO - 24/09/20 14:06:09 INFO MetricsSystemImpl: s3a-file-system metrics system stopped.
[2024-09-20T14:06:09.459+0000] {ssh.py:524} INFO - 24/09/20 14:06:09 INFO MetricsSystemImpl: s3a-file-system metrics system shutdown complete.
[2024-09-20T14:06:09.670+0000] {taskinstance.py:1400} INFO - Marking task as SUCCESS. dag_id=raw_ingestion, task_id=spark_raw_ingestion_empresa, execution_date=20240920T140553, start_date=20240920T140554, end_date=20240920T140609
[2024-09-20T14:06:09.743+0000] {local_task_job_runner.py:228} INFO - Task exited with return code 0
[2024-09-20T14:06:09.801+0000] {taskinstance.py:2778} INFO - 0 downstream tasks scheduled from follow-on schedule check
