[2024-09-23T23:30:01.197+0000] {taskinstance.py:1159} INFO - Dependencies all met for dep_context=non-requeueable deps ti=<TaskInstance: raw_ingestion_15min.spark_raw_ingestion_empresa scheduled__2024-09-23T23:15:00+00:00 [queued]>
[2024-09-23T23:30:01.206+0000] {taskinstance.py:1159} INFO - Dependencies all met for dep_context=requeueable deps ti=<TaskInstance: raw_ingestion_15min.spark_raw_ingestion_empresa scheduled__2024-09-23T23:15:00+00:00 [queued]>
[2024-09-23T23:30:01.206+0000] {taskinstance.py:1361} INFO - Starting attempt 1 of 1
[2024-09-23T23:30:01.232+0000] {taskinstance.py:1382} INFO - Executing <Task(SSHOperator): spark_raw_ingestion_empresa> on 2024-09-23 23:15:00+00:00
[2024-09-23T23:30:01.236+0000] {standard_task_runner.py:57} INFO - Started process 1426 to run task
[2024-09-23T23:30:01.239+0000] {standard_task_runner.py:84} INFO - Running: ['airflow', 'tasks', 'run', 'raw_ingestion_15min', 'spark_raw_ingestion_empresa', 'scheduled__2024-09-23T23:15:00+00:00', '--job-id', '530', '--raw', '--subdir', 'DAGS_FOLDER/raw_ingestion_15min.py', '--cfg-path', '/tmp/tmpc63d0ck7']
[2024-09-23T23:30:01.239+0000] {standard_task_runner.py:85} INFO - Job 530: Subtask spark_raw_ingestion_empresa
[2024-09-23T23:30:01.357+0000] {task_command.py:416} INFO - Running <TaskInstance: raw_ingestion_15min.spark_raw_ingestion_empresa scheduled__2024-09-23T23:15:00+00:00 [running]> on host airflow-worker
[2024-09-23T23:30:01.546+0000] {taskinstance.py:1662} INFO - Exporting env vars: AIRFLOW_CTX_DAG_OWNER='***' AIRFLOW_CTX_DAG_ID='raw_ingestion_15min' AIRFLOW_CTX_TASK_ID='spark_raw_ingestion_empresa' AIRFLOW_CTX_EXECUTION_DATE='2024-09-23T23:15:00+00:00' AIRFLOW_CTX_TRY_NUMBER='1' AIRFLOW_CTX_DAG_RUN_ID='scheduled__2024-09-23T23:15:00+00:00'
[2024-09-23T23:30:01.547+0000] {ssh.py:141} INFO - Creating ssh_client
[2024-09-23T23:30:01.547+0000] {ssh.py:114} INFO - ssh_hook is not provided or invalid. Trying ssh_conn_id to create SSHHook.
[2024-09-23T23:30:01.575+0000] {base.py:73} INFO - Using connection ID 'spark_ssh_default' for task execution.
[2024-09-23T23:30:01.576+0000] {ssh.py:300} WARNING - No Host Key Verification. This won't protect against Man-In-The-Middle attacks
[2024-09-23T23:30:01.584+0000] {transport.py:1893} INFO - Connected (version 2.0, client OpenSSH_8.9p1)
[2024-09-23T23:30:01.676+0000] {transport.py:1893} INFO - Authentication (password) successful!
[2024-09-23T23:30:01.676+0000] {ssh.py:478} INFO - Running command: export SPARK_HOME=/usr/local/spark; /opt/conda/bin/spark-submit --master local[*] --driver-cores 2 --executor-cores 2 --driver-memory 4G --executor-memory 4G /opt/shared/scripts/raw_ingestion.py 2024-09-23 empresa
[2024-09-23T23:30:04.107+0000] {ssh.py:524} INFO - [DEBUG] dt_now: 2024-09-23
[2024-09-23T23:30:04.107+0000] {ssh.py:524} INFO - [DEBUG] endpoint: empresa
[2024-09-23T23:30:04.171+0000] {ssh.py:524} INFO - 24/09/23 23:30:04 INFO SparkContext: Running Spark version 3.3.1
[2024-09-23T23:30:04.191+0000] {ssh.py:524} INFO - 24/09/23 23:30:04 WARN NativeCodeLoader: Unable to load native-hadoop library for your platform... using builtin-java classes where applicable
[2024-09-23T23:30:04.283+0000] {ssh.py:524} INFO - 24/09/23 23:30:04 INFO ResourceUtils: ==============================================================
[2024-09-23T23:30:04.283+0000] {ssh.py:524} INFO - 24/09/23 23:30:04 INFO ResourceUtils: No custom resources configured for spark.driver.
[2024-09-23T23:30:04.284+0000] {ssh.py:524} INFO - 24/09/23 23:30:04 INFO ResourceUtils: ==============================================================
[2024-09-23T23:30:04.284+0000] {ssh.py:524} INFO - 24/09/23 23:30:04 INFO SparkContext: Submitted application: raw_ingestion_empresa
[2024-09-23T23:30:04.303+0000] {ssh.py:524} INFO - 24/09/23 23:30:04 INFO ResourceProfile: Default ResourceProfile created, executor resources: Map(cores -> name: cores, amount: 1, script: , vendor: , memory -> name: memory, amount: 1024, script: , vendor: , offHeap -> name: offHeap, amount: 0, script: , vendor: ), task resources: Map(cpus -> name: cpus, amount: 1.0)
[2024-09-23T23:30:04.310+0000] {ssh.py:524} INFO - 24/09/23 23:30:04 INFO ResourceProfile: Limiting resource is cpu
[2024-09-23T23:30:04.311+0000] {ssh.py:524} INFO - 24/09/23 23:30:04 INFO ResourceProfileManager: Added ResourceProfile id: 0
[2024-09-23T23:30:04.347+0000] {ssh.py:524} INFO - 24/09/23 23:30:04 INFO SecurityManager: Changing view acls to: root
[2024-09-23T23:30:04.347+0000] {ssh.py:524} INFO - 24/09/23 23:30:04 INFO SecurityManager: Changing modify acls to: root
[2024-09-23T23:30:04.348+0000] {ssh.py:524} INFO - 24/09/23 23:30:04 INFO SecurityManager: Changing view acls groups to: 
[2024-09-23T23:30:04.348+0000] {ssh.py:524} INFO - 24/09/23 23:30:04 INFO SecurityManager: Changing modify acls groups to: 
[2024-09-23T23:30:04.349+0000] {ssh.py:524} INFO - 24/09/23 23:30:04 INFO SecurityManager: SecurityManager: authentication disabled; ui acls disabled; users  with view permissions: Set(root); groups with view permissions: Set(); users  with modify permissions: Set(root); groups with modify permissions: Set()
[2024-09-23T23:30:04.601+0000] {ssh.py:524} INFO - 24/09/23 23:30:04 INFO Utils: Successfully started service 'sparkDriver' on port 38261.
[2024-09-23T23:30:04.657+0000] {ssh.py:524} INFO - 24/09/23 23:30:04 INFO SparkEnv: Registering MapOutputTracker
[2024-09-23T23:30:04.692+0000] {ssh.py:524} INFO - 24/09/23 23:30:04 INFO SparkEnv: Registering BlockManagerMaster
[2024-09-23T23:30:04.706+0000] {ssh.py:524} INFO - 24/09/23 23:30:04 INFO BlockManagerMasterEndpoint: Using org.apache.spark.storage.DefaultTopologyMapper for getting topology information
[2024-09-23T23:30:04.707+0000] {ssh.py:524} INFO - 24/09/23 23:30:04 INFO BlockManagerMasterEndpoint: BlockManagerMasterEndpoint up
[2024-09-23T23:30:04.711+0000] {ssh.py:524} INFO - 24/09/23 23:30:04 INFO SparkEnv: Registering BlockManagerMasterHeartbeat
[2024-09-23T23:30:04.728+0000] {ssh.py:524} INFO - 24/09/23 23:30:04 INFO DiskBlockManager: Created local directory at /tmp/blockmgr-6687bf4c-26ef-4dec-a70e-2a17f9eb69e8
[2024-09-23T23:30:04.744+0000] {ssh.py:524} INFO - 24/09/23 23:30:04 INFO MemoryStore: MemoryStore started with capacity 2.2 GiB
[2024-09-23T23:30:04.761+0000] {ssh.py:524} INFO - 24/09/23 23:30:04 INFO SparkEnv: Registering OutputCommitCoordinator
[2024-09-23T23:30:04.936+0000] {ssh.py:524} INFO - 24/09/23 23:30:04 WARN Utils: Service 'SparkUI' could not bind on port 4040. Attempting port 4041.
[2024-09-23T23:30:04.948+0000] {ssh.py:524} INFO - 24/09/23 23:30:04 INFO Utils: Successfully started service 'SparkUI' on port 4041.
[2024-09-23T23:30:05.089+0000] {ssh.py:524} INFO - 24/09/23 23:30:05 INFO Executor: Starting executor ID driver on host spark-master
[2024-09-23T23:30:05.103+0000] {ssh.py:524} INFO - 24/09/23 23:30:05 INFO Executor: Starting executor with user classpath (userClassPathFirst = false): ''
[2024-09-23T23:30:05.136+0000] {ssh.py:524} INFO - 24/09/23 23:30:05 INFO Utils: Successfully started service 'org.apache.spark.network.netty.NettyBlockTransferService' on port 36957.
[2024-09-23T23:30:05.137+0000] {ssh.py:524} INFO - 24/09/23 23:30:05 INFO NettyBlockTransferService: Server created on spark-master:36957
[2024-09-23T23:30:05.138+0000] {ssh.py:524} INFO - 24/09/23 23:30:05 INFO BlockManager: Using org.apache.spark.storage.RandomBlockReplicationPolicy for block replication policy
[2024-09-23T23:30:05.144+0000] {ssh.py:524} INFO - 24/09/23 23:30:05 INFO BlockManagerMaster: Registering BlockManager BlockManagerId(driver, spark-master, 36957, None)
[2024-09-23T23:30:05.150+0000] {ssh.py:524} INFO - 24/09/23 23:30:05 INFO BlockManagerMasterEndpoint: Registering block manager spark-master:36957 with 2.2 GiB RAM, BlockManagerId(driver, spark-master, 36957, None)
[2024-09-23T23:30:05.151+0000] {ssh.py:524} INFO - 24/09/23 23:30:05 INFO BlockManagerMaster: Registered BlockManager BlockManagerId(driver, spark-master, 36957, None)
[2024-09-23T23:30:05.151+0000] {ssh.py:524} INFO - 24/09/23 23:30:05 INFO BlockManager: Initialized BlockManager: BlockManagerId(driver, spark-master, 36957, None)
[2024-09-23T23:30:06.099+0000] {ssh.py:524} INFO - 24/09/23 23:30:06 INFO SharedState: Setting hive.metastore.warehouse.dir ('null') to the value of spark.sql.warehouse.dir.
[2024-09-23T23:30:06.104+0000] {ssh.py:524} INFO - 24/09/23 23:30:06 INFO SharedState: Warehouse path is 'file:/root/spark-warehouse'.
[2024-09-23T23:30:07.942+0000] {ssh.py:524} INFO - 24/09/23 23:30:07 WARN MetricsConfig: Cannot locate configuration: tried hadoop-metrics2-s3a-file-system.properties,hadoop-metrics2.properties
[2024-09-23T23:30:07.951+0000] {ssh.py:524} INFO - 24/09/23 23:30:07 INFO MetricsSystemImpl: Scheduled Metric snapshot period at 10 second(s).
[2024-09-23T23:30:07.952+0000] {ssh.py:524} INFO - 24/09/23 23:30:07 INFO MetricsSystemImpl: s3a-file-system metrics system started
[2024-09-23T23:30:08.913+0000] {ssh.py:524} INFO - 24/09/23 23:30:08 WARN AbstractS3ACommitterFactory: Using standard FileOutputCommitter to commit work. This is slow and potentially unsafe.
[2024-09-23T23:30:08.914+0000] {ssh.py:524} INFO - 24/09/23 23:30:08 INFO FileOutputCommitter: File Output Committer Algorithm version is 1
[2024-09-23T23:30:08.914+0000] {ssh.py:524} INFO - 24/09/23 23:30:08 INFO FileOutputCommitter: FileOutputCommitter skip cleanup _temporary folders under output directory:false, ignore cleanup failures: false
[2024-09-23T23:30:08.916+0000] {ssh.py:524} INFO - 24/09/23 23:30:08 INFO AbstractS3ACommitterFactory: Using Committer FileOutputCommitter{PathOutputCommitter{context=TaskAttemptContextImpl{JobContextImpl{jobId=job_202409232330082007616651380427373_0000}; taskId=attempt_202409232330082007616651380427373_0000_m_000000_0, status=''}; org.apache.hadoop.mapreduce.lib.output.FileOutputCommitter@61ec6a35}; outputPath=s3a://raw/olhovivo/empresa/dt=2024-09-23, workPath=s3a://raw/olhovivo/empresa/dt=2024-09-23/_temporary/0/_temporary/attempt_202409232330082007616651380427373_0000_m_000000_0, algorithmVersion=1, skipCleanup=false, ignoreCleanupFailures=false} for s3a://raw/olhovivo/empresa/dt=2024-09-23
[2024-09-23T23:30:08.917+0000] {ssh.py:524} INFO - 24/09/23 23:30:08 INFO SQLHadoopMapReduceCommitProtocol: Using output committer class org.apache.hadoop.mapreduce.lib.output.FileOutputCommitter
[2024-09-23T23:30:09.360+0000] {ssh.py:524} INFO - 24/09/23 23:30:09 INFO CodeGenerator: Code generated in 150.881348 ms
[2024-09-23T23:30:09.461+0000] {ssh.py:524} INFO - 24/09/23 23:30:09 INFO SparkContext: Starting job: save at NativeMethodAccessorImpl.java:0
[2024-09-23T23:30:09.471+0000] {ssh.py:524} INFO - 24/09/23 23:30:09 INFO DAGScheduler: Got job 0 (save at NativeMethodAccessorImpl.java:0) with 12 output partitions
[2024-09-23T23:30:09.471+0000] {ssh.py:524} INFO - 24/09/23 23:30:09 INFO DAGScheduler: Final stage: ResultStage 0 (save at NativeMethodAccessorImpl.java:0)
[2024-09-23T23:30:09.472+0000] {ssh.py:524} INFO - 24/09/23 23:30:09 INFO DAGScheduler: Parents of final stage: List()
[2024-09-23T23:30:09.472+0000] {ssh.py:524} INFO - 24/09/23 23:30:09 INFO DAGScheduler: Missing parents: List()
[2024-09-23T23:30:09.475+0000] {ssh.py:524} INFO - 24/09/23 23:30:09 INFO DAGScheduler: Submitting ResultStage 0 (MapPartitionsRDD[5] at save at NativeMethodAccessorImpl.java:0), which has no missing parents
[2024-09-23T23:30:09.559+0000] {ssh.py:524} INFO - 24/09/23 23:30:09 INFO MemoryStore: Block broadcast_0 stored as values in memory (estimated size 223.9 KiB, free 2.2 GiB)
[2024-09-23T23:30:09.594+0000] {ssh.py:524} INFO - 24/09/23 23:30:09 INFO MemoryStore: Block broadcast_0_piece0 stored as bytes in memory (estimated size 81.4 KiB, free 2.2 GiB)
[2024-09-23T23:30:09.600+0000] {ssh.py:524} INFO - 24/09/23 23:30:09 INFO BlockManagerInfo: Added broadcast_0_piece0 in memory on spark-master:36957 (size: 81.4 KiB, free: 2.2 GiB)
[2024-09-23T23:30:09.606+0000] {ssh.py:524} INFO - 24/09/23 23:30:09 INFO SparkContext: Created broadcast 0 from broadcast at DAGScheduler.scala:1513
[2024-09-23T23:30:09.632+0000] {ssh.py:524} INFO - 24/09/23 23:30:09 INFO DAGScheduler: Submitting 12 missing tasks from ResultStage 0 (MapPartitionsRDD[5] at save at NativeMethodAccessorImpl.java:0) (first 15 tasks are for partitions Vector(0, 1, 2, 3, 4, 5, 6, 7, 8, 9, 10, 11))
[2024-09-23T23:30:09.632+0000] {ssh.py:524} INFO - 24/09/23 23:30:09 INFO TaskSchedulerImpl: Adding task set 0.0 with 12 tasks resource profile 0
[2024-09-23T23:30:09.756+0000] {ssh.py:524} INFO - 24/09/23 23:30:09 INFO TaskSetManager: Starting task 0.0 in stage 0.0 (TID 0) (spark-master, executor driver, partition 0, PROCESS_LOCAL, 4433 bytes) taskResourceAssignments Map()
[2024-09-23T23:30:09.773+0000] {ssh.py:524} INFO - 24/09/23 23:30:09 INFO TaskSetManager: Starting task 1.0 in stage 0.0 (TID 1) (spark-master, executor driver, partition 1, PROCESS_LOCAL, 4433 bytes) taskResourceAssignments Map()
[2024-09-23T23:30:09.775+0000] {ssh.py:524} INFO - 24/09/23 23:30:09 INFO TaskSetManager: Starting task 2.0 in stage 0.0 (TID 2) (spark-master, executor driver, partition 2, PROCESS_LOCAL, 4433 bytes) taskResourceAssignments Map()
[2024-09-23T23:30:09.776+0000] {ssh.py:524} INFO - 24/09/23 23:30:09 INFO TaskSetManager: Starting task 3.0 in stage 0.0 (TID 3) (spark-master, executor driver, partition 3, PROCESS_LOCAL, 4433 bytes) taskResourceAssignments Map()
[2024-09-23T23:30:09.778+0000] {ssh.py:524} INFO - 24/09/23 23:30:09 INFO TaskSetManager: Starting task 4.0 in stage 0.0 (TID 4) (spark-master, executor driver, partition 4, PROCESS_LOCAL, 4433 bytes) taskResourceAssignments Map()
[2024-09-23T23:30:09.779+0000] {ssh.py:524} INFO - 24/09/23 23:30:09 INFO TaskSetManager: Starting task 5.0 in stage 0.0 (TID 5) (spark-master, executor driver, partition 5, PROCESS_LOCAL, 4433 bytes) taskResourceAssignments Map()
[2024-09-23T23:30:09.780+0000] {ssh.py:524} INFO - 24/09/23 23:30:09 INFO TaskSetManager: Starting task 6.0 in stage 0.0 (TID 6) (spark-master, executor driver, partition 6, PROCESS_LOCAL, 4433 bytes) taskResourceAssignments Map()
[2024-09-23T23:30:09.782+0000] {ssh.py:524} INFO - 24/09/23 23:30:09 INFO TaskSetManager: Starting task 7.0 in stage 0.0 (TID 7) (spark-master, executor driver, partition 7, PROCESS_LOCAL, 4433 bytes) taskResourceAssignments Map()
[2024-09-23T23:30:09.782+0000] {ssh.py:524} INFO - 24/09/23 23:30:09 INFO TaskSetManager: Starting task 8.0 in stage 0.0 (TID 8) (spark-master, executor driver, partition 8, PROCESS_LOCAL, 4433 bytes) taskResourceAssignments Map()
[2024-09-23T23:30:09.783+0000] {ssh.py:524} INFO - 24/09/23 23:30:09 INFO TaskSetManager: Starting task 9.0 in stage 0.0 (TID 9) (spark-master, executor driver, partition 9, PROCESS_LOCAL, 4433 bytes) taskResourceAssignments Map()
[2024-09-23T23:30:09.783+0000] {ssh.py:524} INFO - 24/09/23 23:30:09 INFO TaskSetManager: Starting task 10.0 in stage 0.0 (TID 10) (spark-master, executor driver, partition 10, PROCESS_LOCAL, 4433 bytes) taskResourceAssignments Map()
[2024-09-23T23:30:09.784+0000] {ssh.py:524} INFO - 24/09/23 23:30:09 INFO TaskSetManager: Starting task 11.0 in stage 0.0 (TID 11) (spark-master, executor driver, partition 11, PROCESS_LOCAL, 5155 bytes) taskResourceAssignments Map()
[2024-09-23T23:30:09.803+0000] {ssh.py:524} INFO - 24/09/23 23:30:09 INFO Executor: Running task 3.0 in stage 0.0 (TID 3)
[2024-09-23T23:30:09.805+0000] {ssh.py:524} INFO - 24/09/23 23:30:09 INFO Executor: Running task 2.0 in stage 0.0 (TID 2)
[2024-09-23T23:30:09.806+0000] {ssh.py:524} INFO - 24/09/23 23:30:09 INFO Executor: Running task 1.0 in stage 0.0 (TID 1)
[2024-09-23T23:30:09.808+0000] {ssh.py:524} INFO - 24/09/23 23:30:09 INFO Executor: Running task 0.0 in stage 0.0 (TID 0)
[2024-09-23T23:30:09.810+0000] {ssh.py:524} INFO - 24/09/23 23:30:09 INFO Executor: Running task 4.0 in stage 0.0 (TID 4)
[2024-09-23T23:30:09.811+0000] {ssh.py:524} INFO - 24/09/23 23:30:09 INFO Executor: Running task 5.0 in stage 0.0 (TID 5)
[2024-09-23T23:30:09.812+0000] {ssh.py:524} INFO - 24/09/23 23:30:09 INFO Executor: Running task 6.0 in stage 0.0 (TID 6)
[2024-09-23T23:30:09.813+0000] {ssh.py:524} INFO - 24/09/23 23:30:09 INFO Executor: Running task 7.0 in stage 0.0 (TID 7)
[2024-09-23T23:30:09.814+0000] {ssh.py:524} INFO - 24/09/23 23:30:09 INFO Executor: Running task 10.0 in stage 0.0 (TID 10)
[2024-09-23T23:30:09.814+0000] {ssh.py:524} INFO - 24/09/23 23:30:09 INFO Executor: Running task 9.0 in stage 0.0 (TID 9)
[2024-09-23T23:30:09.815+0000] {ssh.py:524} INFO - 24/09/23 23:30:09 INFO Executor: Running task 8.0 in stage 0.0 (TID 8)
[2024-09-23T23:30:09.818+0000] {ssh.py:524} INFO - 24/09/23 23:30:09 INFO Executor: Running task 11.0 in stage 0.0 (TID 11)
[2024-09-23T23:30:10.778+0000] {ssh.py:524} INFO - 24/09/23 23:30:10 WARN AbstractS3ACommitterFactory: Using standard FileOutputCommitter to commit work. This is slow and potentially unsafe.
[2024-09-23T23:30:10.778+0000] {ssh.py:524} INFO - 24/09/23 23:30:10 INFO FileOutputCommitter: File Output Committer Algorithm version is 1
[2024-09-23T23:30:10.779+0000] {ssh.py:524} INFO - 24/09/23 23:30:10 INFO FileOutputCommitter: FileOutputCommitter skip cleanup _temporary folders under output directory:false, ignore cleanup failures: false
[2024-09-23T23:30:10.779+0000] {ssh.py:524} INFO - 24/09/23 23:30:10 INFO AbstractS3ACommitterFactory: Using Committer FileOutputCommitter{PathOutputCommitter{context=TaskAttemptContextImpl{JobContextImpl{jobId=job_202409232330093622733187904885268_0000}; taskId=attempt_202409232330093622733187904885268_0000_m_000000_0, status=''}; org.apache.hadoop.mapreduce.lib.output.FileOutputCommitter@48c3d517}; outputPath=s3a://raw/olhovivo/empresa/dt=2024-09-23, workPath=s3a://raw/olhovivo/empresa/dt=2024-09-23/_temporary/0/_temporary/attempt_202409232330093622733187904885268_0000_m_000000_0, algorithmVersion=1, skipCleanup=false, ignoreCleanupFailures=false} for s3a://raw/olhovivo/empresa/dt=2024-09-23
[2024-09-23T23:30:10.779+0000] {ssh.py:524} INFO - 24/09/23 23:30:10 INFO SQLHadoopMapReduceCommitProtocol: Using output committer class org.apache.hadoop.mapreduce.lib.output.FileOutputCommitter
[2024-09-23T23:30:10.827+0000] {ssh.py:524} INFO - 24/09/23 23:30:10 WARN AbstractS3ACommitterFactory: Using standard FileOutputCommitter to commit work. This is slow and potentially unsafe.
[2024-09-23T23:30:10.827+0000] {ssh.py:524} INFO - 24/09/23 23:30:10 INFO FileOutputCommitter: File Output Committer Algorithm version is 1
[2024-09-23T23:30:10.828+0000] {ssh.py:524} INFO - 24/09/23 23:30:10 INFO FileOutputCommitter: FileOutputCommitter skip cleanup _temporary folders under output directory:false, ignore cleanup failures: false
[2024-09-23T23:30:10.839+0000] {ssh.py:524} INFO - 24/09/23 23:30:10 WARN AbstractS3ACommitterFactory: Using standard FileOutputCommitter to commit work. This is slow and potentially unsafe.
[2024-09-23T23:30:10.840+0000] {ssh.py:524} INFO - 24/09/23 23:30:10 INFO FileOutputCommitter: File Output Committer Algorithm version is 1
[2024-09-23T23:30:10.840+0000] {ssh.py:524} INFO - 24/09/23 23:30:10 INFO FileOutputCommitter: FileOutputCommitter skip cleanup _temporary folders under output directory:false, ignore cleanup failures: false
[2024-09-23T23:30:10.841+0000] {ssh.py:524} INFO - 24/09/23 23:30:10 INFO AbstractS3ACommitterFactory: Using Committer FileOutputCommitter{PathOutputCommitter{context=TaskAttemptContextImpl{JobContextImpl{jobId=job_20240923233009464204234548315816_0000}; taskId=attempt_20240923233009464204234548315816_0000_m_000003_3, status=''}; org.apache.hadoop.mapreduce.lib.output.FileOutputCommitter@37e65192}; outputPath=s3a://raw/olhovivo/empresa/dt=2024-09-23, workPath=s3a://raw/olhovivo/empresa/dt=2024-09-23/_temporary/0/_temporary/attempt_20240923233009464204234548315816_0000_m_000003_3, algorithmVersion=1, skipCleanup=false, ignoreCleanupFailures=false} for s3a://raw/olhovivo/empresa/dt=2024-09-23
[2024-09-23T23:30:10.841+0000] {ssh.py:524} INFO - 24/09/23 23:30:10 INFO SQLHadoopMapReduceCommitProtocol: Using output committer class org.apache.hadoop.mapreduce.lib.output.FileOutputCommitter
[2024-09-23T23:30:10.846+0000] {ssh.py:524} INFO - 24/09/23 23:30:10 WARN AbstractS3ACommitterFactory: Using standard FileOutputCommitter to commit work. This is slow and potentially unsafe.
[2024-09-23T23:30:10.847+0000] {ssh.py:524} INFO - 24/09/23 23:30:10 INFO FileOutputCommitter: File Output Committer Algorithm version is 1
[2024-09-23T23:30:10.848+0000] {ssh.py:524} INFO - 24/09/23 23:30:10 INFO FileOutputCommitter: FileOutputCommitter skip cleanup _temporary folders under output directory:false, ignore cleanup failures: false
[2024-09-23T23:30:10.848+0000] {ssh.py:524} INFO - 24/09/23 23:30:10 INFO AbstractS3ACommitterFactory: Using Committer FileOutputCommitter{PathOutputCommitter{context=TaskAttemptContextImpl{JobContextImpl{jobId=job_20240923233009218026092983815937_0000}; taskId=attempt_20240923233009218026092983815937_0000_m_000006_6, status=''}; org.apache.hadoop.mapreduce.lib.output.FileOutputCommitter@2752bc01}; outputPath=s3a://raw/olhovivo/empresa/dt=2024-09-23, workPath=s3a://raw/olhovivo/empresa/dt=2024-09-23/_temporary/0/_temporary/attempt_20240923233009218026092983815937_0000_m_000006_6, algorithmVersion=1, skipCleanup=false, ignoreCleanupFailures=false} for s3a://raw/olhovivo/empresa/dt=2024-09-23
[2024-09-23T23:30:10.848+0000] {ssh.py:524} INFO - 24/09/23 23:30:10 INFO SQLHadoopMapReduceCommitProtocol: Using output committer class org.apache.hadoop.mapreduce.lib.output.FileOutputCommitter
[2024-09-23T23:30:10.851+0000] {ssh.py:524} INFO - 24/09/23 23:30:10 INFO AbstractS3ACommitterFactory: Using Committer FileOutputCommitter{PathOutputCommitter{context=TaskAttemptContextImpl{JobContextImpl{jobId=job_202409232330096373655638871178375_0000}; taskId=attempt_202409232330096373655638871178375_0000_m_000010_10, status=''}; org.apache.hadoop.mapreduce.lib.output.FileOutputCommitter@ca86f9}; outputPath=s3a://raw/olhovivo/empresa/dt=2024-09-23, workPath=s3a://raw/olhovivo/empresa/dt=2024-09-23/_temporary/0/_temporary/attempt_202409232330096373655638871178375_0000_m_000010_10, algorithmVersion=1, skipCleanup=false, ignoreCleanupFailures=false} for s3a://raw/olhovivo/empresa/dt=2024-09-23
[2024-09-23T23:30:10.851+0000] {ssh.py:524} INFO - 24/09/23 23:30:10 INFO SQLHadoopMapReduceCommitProtocol: Using output committer class org.apache.hadoop.mapreduce.lib.output.FileOutputCommitter
[2024-09-23T23:30:10.855+0000] {ssh.py:524} INFO - 24/09/23 23:30:10 INFO PythonRunner: Times: total = 701, boot = 581, init = 120, finish = 0
[2024-09-23T23:30:10.867+0000] {ssh.py:524} INFO - 24/09/23 23:30:10 INFO PythonRunner: Times: total = 732, boot = 574, init = 158, finish = 0
[2024-09-23T23:30:10.868+0000] {ssh.py:524} INFO - 24/09/23 23:30:10 WARN AbstractS3ACommitterFactory: Using standard FileOutputCommitter to commit work. This is slow and potentially unsafe.
[2024-09-23T23:30:10.868+0000] {ssh.py:524} INFO - 24/09/23 23:30:10 INFO FileOutputCommitter: File Output Committer Algorithm version is 1
[2024-09-23T23:30:10.869+0000] {ssh.py:524} INFO - 24/09/23 23:30:10 INFO FileOutputCommitter: FileOutputCommitter skip cleanup _temporary folders under output directory:false, ignore cleanup failures: false
[2024-09-23T23:30:10.869+0000] {ssh.py:524} INFO - 24/09/23 23:30:10 INFO AbstractS3ACommitterFactory: Using Committer FileOutputCommitter{PathOutputCommitter{context=TaskAttemptContextImpl{JobContextImpl{jobId=job_202409232330097324088865089673148_0000}; taskId=attempt_202409232330097324088865089673148_0000_m_000002_2, status=''}; org.apache.hadoop.mapreduce.lib.output.FileOutputCommitter@73707122}; outputPath=s3a://raw/olhovivo/empresa/dt=2024-09-23, workPath=s3a://raw/olhovivo/empresa/dt=2024-09-23/_temporary/0/_temporary/attempt_202409232330097324088865089673148_0000_m_000002_2, algorithmVersion=1, skipCleanup=false, ignoreCleanupFailures=false} for s3a://raw/olhovivo/empresa/dt=2024-09-23
[2024-09-23T23:30:10.869+0000] {ssh.py:524} INFO - 24/09/23 23:30:10 INFO SQLHadoopMapReduceCommitProtocol: Using output committer class org.apache.hadoop.mapreduce.lib.output.FileOutputCommitter
[2024-09-23T23:30:10.897+0000] {ssh.py:524} INFO - 24/09/23 23:30:10 INFO SparkHadoopMapRedUtil: No need to commit output of task because needsTaskCommit=false: attempt_20240923233009218026092983815937_0000_m_000006_6
[2024-09-23T23:30:10.898+0000] {ssh.py:524} INFO - 24/09/23 23:30:10 INFO SparkHadoopMapRedUtil: No need to commit output of task because needsTaskCommit=false: attempt_202409232330096373655638871178375_0000_m_000010_10
[2024-09-23T23:30:10.906+0000] {ssh.py:524} INFO - 24/09/23 23:30:10 WARN AbstractS3ACommitterFactory: Using standard FileOutputCommitter to commit work. This is slow and potentially unsafe.
[2024-09-23T23:30:10.907+0000] {ssh.py:524} INFO - 24/09/23 23:30:10 INFO FileOutputCommitter: File Output Committer Algorithm version is 1
[2024-09-23T23:30:10.907+0000] {ssh.py:524} INFO - 24/09/23 23:30:10 INFO FileOutputCommitter: FileOutputCommitter skip cleanup _temporary folders under output directory:false, ignore cleanup failures: false
[2024-09-23T23:30:10.907+0000] {ssh.py:524} INFO - 24/09/23 23:30:10 INFO AbstractS3ACommitterFactory: Using Committer FileOutputCommitter{PathOutputCommitter{context=TaskAttemptContextImpl{JobContextImpl{jobId=job_202409232330093905534691947298436_0000}; taskId=attempt_202409232330093905534691947298436_0000_m_000008_8, status=''}; org.apache.hadoop.mapreduce.lib.output.FileOutputCommitter@e977370}; outputPath=s3a://raw/olhovivo/empresa/dt=2024-09-23, workPath=s3a://raw/olhovivo/empresa/dt=2024-09-23/_temporary/0/_temporary/attempt_202409232330093905534691947298436_0000_m_000008_8, algorithmVersion=1, skipCleanup=false, ignoreCleanupFailures=false} for s3a://raw/olhovivo/empresa/dt=2024-09-23
[2024-09-23T23:30:10.908+0000] {ssh.py:524} INFO - 24/09/23 23:30:10 INFO SQLHadoopMapReduceCommitProtocol: Using output committer class org.apache.hadoop.mapreduce.lib.output.FileOutputCommitter
[2024-09-23T23:30:10.923+0000] {ssh.py:524} INFO - 24/09/23 23:30:10 INFO PythonRunner: Times: total = 790, boot = 612, init = 178, finish = 0
[2024-09-23T23:30:10.936+0000] {ssh.py:524} INFO - 24/09/23 23:30:10 INFO Executor: Finished task 10.0 in stage 0.0 (TID 10). 2871 bytes result sent to driver
[2024-09-23T23:30:10.939+0000] {ssh.py:524} INFO - 24/09/23 23:30:10 INFO SparkHadoopMapRedUtil: No need to commit output of task because needsTaskCommit=false: attempt_202409232330093905534691947298436_0000_m_000008_8
[2024-09-23T23:30:10.941+0000] {ssh.py:524} INFO - 24/09/23 23:30:10 INFO Executor: Finished task 6.0 in stage 0.0 (TID 6). 2871 bytes result sent to driver
[2024-09-23T23:30:10.943+0000] {ssh.py:524} INFO - 24/09/23 23:30:10 WARN AbstractS3ACommitterFactory: Using standard FileOutputCommitter to commit work. This is slow and potentially unsafe.
[2024-09-23T23:30:10.943+0000] {ssh.py:524} INFO - 24/09/23 23:30:10 INFO FileOutputCommitter: File Output Committer Algorithm version is 1
[2024-09-23T23:30:10.943+0000] {ssh.py:524} INFO - 24/09/23 23:30:10 INFO FileOutputCommitter: FileOutputCommitter skip cleanup _temporary folders under output directory:false, ignore cleanup failures: false
[2024-09-23T23:30:10.944+0000] {ssh.py:524} INFO - 24/09/23 23:30:10 INFO AbstractS3ACommitterFactory: Using Committer FileOutputCommitter{PathOutputCommitter{context=TaskAttemptContextImpl{JobContextImpl{jobId=job_202409232330095884723187526517825_0000}; taskId=attempt_202409232330095884723187526517825_0000_m_000011_11, status=''}; org.apache.hadoop.mapreduce.lib.output.FileOutputCommitter@334b5120}; outputPath=s3a://raw/olhovivo/empresa/dt=2024-09-23, workPath=s3a://raw/olhovivo/empresa/dt=2024-09-23/_temporary/0/_temporary/attempt_202409232330095884723187526517825_0000_m_000011_11, algorithmVersion=1, skipCleanup=false, ignoreCleanupFailures=false} for s3a://raw/olhovivo/empresa/dt=2024-09-23
[2024-09-23T23:30:10.944+0000] {ssh.py:524} INFO - 24/09/23 23:30:10 INFO SQLHadoopMapReduceCommitProtocol: Using output committer class org.apache.hadoop.mapreduce.lib.output.FileOutputCommitter
[2024-09-23T23:30:10.945+0000] {ssh.py:524} INFO - 24/09/23 23:30:10 INFO Executor: Finished task 8.0 in stage 0.0 (TID 8). 2828 bytes result sent to driver
[2024-09-23T23:30:10.961+0000] {ssh.py:524} INFO - 24/09/23 23:30:10 INFO PythonRunner: Times: total = 827, boot = 615, init = 212, finish = 0
[2024-09-23T23:30:10.969+0000] {ssh.py:524} INFO - 24/09/23 23:30:10 INFO SparkHadoopMapRedUtil: No need to commit output of task because needsTaskCommit=false: attempt_20240923233009464204234548315816_0000_m_000003_3
[2024-09-23T23:30:10.974+0000] {ssh.py:524} INFO - 24/09/23 23:30:10 INFO Executor: Finished task 3.0 in stage 0.0 (TID 3). 2828 bytes result sent to driver
[2024-09-23T23:30:10.976+0000] {ssh.py:524} INFO - 24/09/23 23:30:10 WARN AbstractS3ACommitterFactory: Using standard FileOutputCommitter to commit work. This is slow and potentially unsafe.
[2024-09-23T23:30:10.976+0000] {ssh.py:524} INFO - 24/09/23 23:30:10 INFO FileOutputCommitter: File Output Committer Algorithm version is 1
[2024-09-23T23:30:10.977+0000] {ssh.py:524} INFO - 24/09/23 23:30:10 INFO FileOutputCommitter: FileOutputCommitter skip cleanup _temporary folders under output directory:false, ignore cleanup failures: false
[2024-09-23T23:30:10.977+0000] {ssh.py:524} INFO - 24/09/23 23:30:10 INFO AbstractS3ACommitterFactory: Using Committer FileOutputCommitter{PathOutputCommitter{context=TaskAttemptContextImpl{JobContextImpl{jobId=job_20240923233009662629670619635687_0000}; taskId=attempt_20240923233009662629670619635687_0000_m_000005_5, status=''}; org.apache.hadoop.mapreduce.lib.output.FileOutputCommitter@50dbb905}; outputPath=s3a://raw/olhovivo/empresa/dt=2024-09-23, workPath=s3a://raw/olhovivo/empresa/dt=2024-09-23/_temporary/0/_temporary/attempt_20240923233009662629670619635687_0000_m_000005_5, algorithmVersion=1, skipCleanup=false, ignoreCleanupFailures=false} for s3a://raw/olhovivo/empresa/dt=2024-09-23
[2024-09-23T23:30:10.977+0000] {ssh.py:524} INFO - 24/09/23 23:30:10 WARN AbstractS3ACommitterFactory: Using standard FileOutputCommitter to commit work. This is slow and potentially unsafe.
[2024-09-23T23:30:10.978+0000] {ssh.py:524} INFO - 24/09/23 23:30:10 INFO FileOutputCommitter: File Output Committer Algorithm version is 1
[2024-09-23T23:30:10.978+0000] {ssh.py:524} INFO - 24/09/23 23:30:10 INFO FileOutputCommitter: FileOutputCommitter skip cleanup _temporary folders under output directory:false, ignore cleanup failures: false
[2024-09-23T23:30:10.978+0000] {ssh.py:524} INFO - 24/09/23 23:30:10 INFO SQLHadoopMapReduceCommitProtocol: Using output committer class org.apache.hadoop.mapreduce.lib.output.FileOutputCommitter
[2024-09-23T23:30:10.979+0000] {ssh.py:524} INFO - 24/09/23 23:30:10 INFO AbstractS3ACommitterFactory: Using Committer FileOutputCommitter{PathOutputCommitter{context=TaskAttemptContextImpl{JobContextImpl{jobId=job_202409232330093658881435600117253_0000}; taskId=attempt_202409232330093658881435600117253_0000_m_000001_1, status=''}; org.apache.hadoop.mapreduce.lib.output.FileOutputCommitter@3cdaeae6}; outputPath=s3a://raw/olhovivo/empresa/dt=2024-09-23, workPath=s3a://raw/olhovivo/empresa/dt=2024-09-23/_temporary/0/_temporary/attempt_202409232330093658881435600117253_0000_m_000001_1, algorithmVersion=1, skipCleanup=false, ignoreCleanupFailures=false} for s3a://raw/olhovivo/empresa/dt=2024-09-23
[2024-09-23T23:30:10.979+0000] {ssh.py:524} INFO - 24/09/23 23:30:10 INFO SQLHadoopMapReduceCommitProtocol: Using output committer class org.apache.hadoop.mapreduce.lib.output.FileOutputCommitter
[2024-09-23T23:30:10.992+0000] {ssh.py:524} INFO - 24/09/23 23:30:10 INFO PythonRunner: Times: total = 861, boot = 641, init = 220, finish = 0
[2024-09-23T23:30:10.994+0000] {ssh.py:524} INFO - 24/09/23 23:30:10 WARN AbstractS3ACommitterFactory: Using standard FileOutputCommitter to commit work. This is slow and potentially unsafe.
[2024-09-23T23:30:10.994+0000] {ssh.py:524} INFO - 24/09/23 23:30:10 INFO FileOutputCommitter: File Output Committer Algorithm version is 1
[2024-09-23T23:30:10.995+0000] {ssh.py:524} INFO - 24/09/23 23:30:10 INFO FileOutputCommitter: FileOutputCommitter skip cleanup _temporary folders under output directory:false, ignore cleanup failures: false
[2024-09-23T23:30:10.995+0000] {ssh.py:524} INFO - 24/09/23 23:30:10 INFO AbstractS3ACommitterFactory: Using Committer FileOutputCommitter{PathOutputCommitter{context=TaskAttemptContextImpl{JobContextImpl{jobId=job_202409232330099175329745725359161_0000}; taskId=attempt_202409232330099175329745725359161_0000_m_000009_9, status=''}; org.apache.hadoop.mapreduce.lib.output.FileOutputCommitter@57a14438}; outputPath=s3a://raw/olhovivo/empresa/dt=2024-09-23, workPath=s3a://raw/olhovivo/empresa/dt=2024-09-23/_temporary/0/_temporary/attempt_202409232330099175329745725359161_0000_m_000009_9, algorithmVersion=1, skipCleanup=false, ignoreCleanupFailures=false} for s3a://raw/olhovivo/empresa/dt=2024-09-23
[2024-09-23T23:30:10.996+0000] {ssh.py:524} INFO - 24/09/23 23:30:10 INFO SQLHadoopMapReduceCommitProtocol: Using output committer class org.apache.hadoop.mapreduce.lib.output.FileOutputCommitter
[2024-09-23T23:30:11.003+0000] {ssh.py:524} INFO - 24/09/23 23:30:11 INFO PythonRunner: Times: total = 772, boot = 623, init = 149, finish = 0
[2024-09-23T23:30:11.004+0000] {ssh.py:524} INFO - 24/09/23 23:30:11 INFO SparkHadoopMapRedUtil: No need to commit output of task because needsTaskCommit=false: attempt_20240923233009662629670619635687_0000_m_000005_5
[2024-09-23T23:30:11.006+0000] {ssh.py:524} INFO - 24/09/23 23:30:11 INFO Executor: Finished task 5.0 in stage 0.0 (TID 5). 2828 bytes result sent to driver
[2024-09-23T23:30:11.018+0000] {ssh.py:524} INFO - 24/09/23 23:30:11 INFO PythonRunner: Times: total = 851, boot = 623, init = 227, finish = 1
[2024-09-23T23:30:11.025+0000] {ssh.py:524} INFO - 24/09/23 23:30:11 WARN AbstractS3ACommitterFactory: Using standard FileOutputCommitter to commit work. This is slow and potentially unsafe.
[2024-09-23T23:30:11.026+0000] {ssh.py:524} INFO - 24/09/23 23:30:11 INFO FileOutputCommitter: File Output Committer Algorithm version is 1
[2024-09-23T23:30:11.027+0000] {ssh.py:524} INFO - 24/09/23 23:30:11 INFO FileOutputCommitter: FileOutputCommitter skip cleanup _temporary folders under output directory:false, ignore cleanup failures: false
[2024-09-23T23:30:11.027+0000] {ssh.py:524} INFO - 24/09/23 23:30:11 WARN AbstractS3ACommitterFactory: Using standard FileOutputCommitter to commit work. This is slow and potentially unsafe.
[2024-09-23T23:30:11.027+0000] {ssh.py:524} INFO - 24/09/23 23:30:11 INFO FileOutputCommitter: File Output Committer Algorithm version is 1
[2024-09-23T23:30:11.028+0000] {ssh.py:524} INFO - 24/09/23 23:30:11 INFO FileOutputCommitter: FileOutputCommitter skip cleanup _temporary folders under output directory:false, ignore cleanup failures: false
[2024-09-23T23:30:11.028+0000] {ssh.py:524} INFO - 24/09/23 23:30:11 INFO AbstractS3ACommitterFactory: Using Committer FileOutputCommitter{PathOutputCommitter{context=TaskAttemptContextImpl{JobContextImpl{jobId=job_202409232330091468137455068536764_0000}; taskId=attempt_202409232330091468137455068536764_0000_m_000004_4, status=''}; org.apache.hadoop.mapreduce.lib.output.FileOutputCommitter@27bb8c35}; outputPath=s3a://raw/olhovivo/empresa/dt=2024-09-23, workPath=s3a://raw/olhovivo/empresa/dt=2024-09-23/_temporary/0/_temporary/attempt_202409232330091468137455068536764_0000_m_000004_4, algorithmVersion=1, skipCleanup=false, ignoreCleanupFailures=false} for s3a://raw/olhovivo/empresa/dt=2024-09-23
[2024-09-23T23:30:11.028+0000] {ssh.py:524} INFO - 24/09/23 23:30:11 INFO AbstractS3ACommitterFactory: Using Committer FileOutputCommitter{PathOutputCommitter{context=TaskAttemptContextImpl{JobContextImpl{jobId=job_202409232330093147109147929267054_0000}; taskId=attempt_202409232330093147109147929267054_0000_m_000007_7, status=''}; org.apache.hadoop.mapreduce.lib.output.FileOutputCommitter@6378c897}; outputPath=s3a://raw/olhovivo/empresa/dt=2024-09-23, workPath=s3a://raw/olhovivo/empresa/dt=2024-09-23/_temporary/0/_temporary/attempt_202409232330093147109147929267054_0000_m_000007_7, algorithmVersion=1, skipCleanup=false, ignoreCleanupFailures=false} for s3a://raw/olhovivo/empresa/dt=2024-09-23
[2024-09-23T23:30:11.029+0000] {ssh.py:524} INFO - 24/09/23 23:30:11 INFO SQLHadoopMapReduceCommitProtocol: Using output committer class org.apache.hadoop.mapreduce.lib.output.FileOutputCommitter
[2024-09-23T23:30:11.029+0000] {ssh.py:524} INFO - 24/09/23 23:30:11 INFO SQLHadoopMapReduceCommitProtocol: Using output committer class org.apache.hadoop.mapreduce.lib.output.FileOutputCommitter
[2024-09-23T23:30:11.029+0000] {ssh.py:524} INFO - 24/09/23 23:30:11 INFO PythonRunner: Times: total = 818, boot = 633, init = 185, finish = 0
[2024-09-23T23:30:11.033+0000] {ssh.py:524} INFO - 24/09/23 23:30:11 INFO PythonRunner: Times: total = 900, boot = 657, init = 243, finish = 0
[2024-09-23T23:30:11.034+0000] {ssh.py:524} INFO - 24/09/23 23:30:11 INFO SparkHadoopMapRedUtil: No need to commit output of task because needsTaskCommit=false: attempt_202409232330091468137455068536764_0000_m_000004_4
[2024-09-23T23:30:11.036+0000] {ssh.py:524} INFO - 24/09/23 23:30:11 INFO Executor: Finished task 4.0 in stage 0.0 (TID 4). 2828 bytes result sent to driver
[2024-09-23T23:30:11.043+0000] {ssh.py:524} INFO - 24/09/23 23:30:11 INFO SparkHadoopMapRedUtil: No need to commit output of task because needsTaskCommit=false: attempt_202409232330097324088865089673148_0000_m_000002_2
[2024-09-23T23:30:11.045+0000] {ssh.py:524} INFO - 24/09/23 23:30:11 INFO Executor: Finished task 2.0 in stage 0.0 (TID 2). 2828 bytes result sent to driver
[2024-09-23T23:30:11.053+0000] {ssh.py:524} INFO - 24/09/23 23:30:11 INFO PythonRunner: Times: total = 918, boot = 697, init = 221, finish = 0
[2024-09-23T23:30:11.063+0000] {ssh.py:524} INFO - 24/09/23 23:30:11 INFO SparkHadoopMapRedUtil: No need to commit output of task because needsTaskCommit=false: attempt_202409232330093658881435600117253_0000_m_000001_1
[2024-09-23T23:30:11.066+0000] {ssh.py:524} INFO - 24/09/23 23:30:11 INFO Executor: Finished task 1.0 in stage 0.0 (TID 1). 2828 bytes result sent to driver
[2024-09-23T23:30:11.072+0000] {ssh.py:524} INFO - 24/09/23 23:30:11 INFO TaskSetManager: Finished task 6.0 in stage 0.0 (TID 6) in 1279 ms on spark-master (executor driver) (1/12)
[2024-09-23T23:30:11.084+0000] {ssh.py:524} INFO - 24/09/23 23:30:11 INFO TaskSetManager: Finished task 10.0 in stage 0.0 (TID 10) in 1296 ms on spark-master (executor driver) (2/12)
[2024-09-23T23:30:11.085+0000] {ssh.py:524} INFO - 24/09/23 23:30:11 INFO TaskSetManager: Finished task 8.0 in stage 0.0 (TID 8) in 1303 ms on spark-master (executor driver) (3/12)
[2024-09-23T23:30:11.087+0000] {ssh.py:524} INFO - 24/09/23 23:30:11 INFO TaskSetManager: Finished task 2.0 in stage 0.0 (TID 2) in 1313 ms on spark-master (executor driver) (4/12)
[2024-09-23T23:30:11.089+0000] {ssh.py:524} INFO - 24/09/23 23:30:11 INFO TaskSetManager: Finished task 3.0 in stage 0.0 (TID 3) in 1313 ms on spark-master (executor driver) (5/12)
[2024-09-23T23:30:11.089+0000] {ssh.py:524} INFO - 24/09/23 23:30:11 INFO PythonRunner: Times: total = 957, boot = 725, init = 232, finish = 0
[2024-09-23T23:30:11.090+0000] {ssh.py:524} INFO - 24/09/23 23:30:11 INFO PythonAccumulatorV2: Connected to AccumulatorServer at host: 127.0.0.1 port: 54251
[2024-09-23T23:30:11.091+0000] {ssh.py:524} INFO - 24/09/23 23:30:11 INFO TaskSetManager: Finished task 1.0 in stage 0.0 (TID 1) in 1318 ms on spark-master (executor driver) (6/12)
[2024-09-23T23:30:11.091+0000] {ssh.py:524} INFO - 24/09/23 23:30:11 INFO TaskSetManager: Finished task 5.0 in stage 0.0 (TID 5) in 1312 ms on spark-master (executor driver) (7/12)
[2024-09-23T23:30:11.092+0000] {ssh.py:524} INFO - 24/09/23 23:30:11 INFO TaskSetManager: Finished task 4.0 in stage 0.0 (TID 4) in 1314 ms on spark-master (executor driver) (8/12)
[2024-09-23T23:30:11.101+0000] {ssh.py:524} INFO - 24/09/23 23:30:11 INFO SparkHadoopMapRedUtil: No need to commit output of task because needsTaskCommit=false: attempt_202409232330099175329745725359161_0000_m_000009_9
[2024-09-23T23:30:11.106+0000] {ssh.py:524} INFO - 24/09/23 23:30:11 INFO Executor: Finished task 9.0 in stage 0.0 (TID 9). 2828 bytes result sent to driver
[2024-09-23T23:30:11.108+0000] {ssh.py:524} INFO - 24/09/23 23:30:11 INFO TaskSetManager: Finished task 9.0 in stage 0.0 (TID 9) in 1322 ms on spark-master (executor driver) (9/12)
[2024-09-23T23:30:11.140+0000] {ssh.py:524} INFO - 24/09/23 23:30:11 INFO PythonRunner: Times: total = 1008, boot = 704, init = 304, finish = 0
[2024-09-23T23:30:11.154+0000] {ssh.py:524} INFO - 24/09/23 23:30:11 INFO SparkHadoopMapRedUtil: No need to commit output of task because needsTaskCommit=false: attempt_202409232330093147109147929267054_0000_m_000007_7
[2024-09-23T23:30:11.156+0000] {ssh.py:524} INFO - 24/09/23 23:30:11 INFO Executor: Finished task 7.0 in stage 0.0 (TID 7). 2828 bytes result sent to driver
[2024-09-23T23:30:11.159+0000] {ssh.py:524} INFO - 24/09/23 23:30:11 INFO TaskSetManager: Finished task 7.0 in stage 0.0 (TID 7) in 1375 ms on spark-master (executor driver) (10/12)
[2024-09-23T23:30:11.292+0000] {ssh.py:524} INFO - 24/09/23 23:30:11 INFO FileOutputCommitter: Saved output of task 'attempt_202409232330095884723187526517825_0000_m_000011_11' to s3a://raw/olhovivo/empresa/dt=2024-09-23/_temporary/0/task_202409232330095884723187526517825_0000_m_000011
[2024-09-23T23:30:11.299+0000] {ssh.py:524} INFO - 24/09/23 23:30:11 INFO SparkHadoopMapRedUtil: attempt_202409232330095884723187526517825_0000_m_000011_11: Committed. Elapsed time: 161 ms.
[2024-09-23T23:30:11.302+0000] {ssh.py:524} INFO - 24/09/23 23:30:11 INFO Executor: Finished task 11.0 in stage 0.0 (TID 11). 2914 bytes result sent to driver
[2024-09-23T23:30:11.304+0000] {ssh.py:524} INFO - 24/09/23 23:30:11 INFO TaskSetManager: Finished task 11.0 in stage 0.0 (TID 11) in 1520 ms on spark-master (executor driver) (11/12)
[2024-09-23T23:30:11.310+0000] {ssh.py:524} INFO - 24/09/23 23:30:11 INFO FileOutputCommitter: Saved output of task 'attempt_202409232330093622733187904885268_0000_m_000000_0' to s3a://raw/olhovivo/empresa/dt=2024-09-23/_temporary/0/task_202409232330093622733187904885268_0000_m_000000
[2024-09-23T23:30:11.311+0000] {ssh.py:524} INFO - 24/09/23 23:30:11 INFO SparkHadoopMapRedUtil: attempt_202409232330093622733187904885268_0000_m_000000_0: Committed. Elapsed time: 176 ms.
[2024-09-23T23:30:11.312+0000] {ssh.py:524} INFO - 24/09/23 23:30:11 INFO Executor: Finished task 0.0 in stage 0.0 (TID 0). 2828 bytes result sent to driver
[2024-09-23T23:30:11.315+0000] {ssh.py:524} INFO - 24/09/23 23:30:11 INFO TaskSetManager: Finished task 0.0 in stage 0.0 (TID 0) in 1618 ms on spark-master (executor driver) (12/12)
[2024-09-23T23:30:11.316+0000] {ssh.py:524} INFO - 24/09/23 23:30:11 INFO TaskSchedulerImpl: Removed TaskSet 0.0, whose tasks have all completed, from pool 
[2024-09-23T23:30:11.318+0000] {ssh.py:524} INFO - 24/09/23 23:30:11 INFO DAGScheduler: ResultStage 0 (save at NativeMethodAccessorImpl.java:0) finished in 1.829 s
[2024-09-23T23:30:11.321+0000] {ssh.py:524} INFO - 24/09/23 23:30:11 INFO DAGScheduler: Job 0 is finished. Cancelling potential speculative or zombie tasks for this job
[2024-09-23T23:30:11.321+0000] {ssh.py:524} INFO - 24/09/23 23:30:11 INFO TaskSchedulerImpl: Killing all running tasks in stage 0: Stage finished
[2024-09-23T23:30:11.323+0000] {ssh.py:524} INFO - 24/09/23 23:30:11 INFO DAGScheduler: Job 0 finished: save at NativeMethodAccessorImpl.java:0, took 1.861912 s
[2024-09-23T23:30:11.325+0000] {ssh.py:524} INFO - 24/09/23 23:30:11 INFO FileFormatWriter: Start to commit write Job 6f9bb91e-c78c-4c6c-ad05-a0f1f5dd08f2.
[2024-09-23T23:30:11.606+0000] {ssh.py:524} INFO - 24/09/23 23:30:11 INFO FileFormatWriter: Write Job 6f9bb91e-c78c-4c6c-ad05-a0f1f5dd08f2 committed. Elapsed time: 279 ms.
[2024-09-23T23:30:11.609+0000] {ssh.py:524} INFO - 24/09/23 23:30:11 INFO FileFormatWriter: Finished processing stats for write job 6f9bb91e-c78c-4c6c-ad05-a0f1f5dd08f2.
[2024-09-23T23:30:11.613+0000] {ssh.py:524} INFO - [DEBUG] Done.
[2024-09-23T23:30:11.653+0000] {ssh.py:524} INFO - 24/09/23 23:30:11 INFO SparkContext: Invoking stop() from shutdown hook
[2024-09-23T23:30:11.662+0000] {ssh.py:524} INFO - 24/09/23 23:30:11 INFO SparkUI: Stopped Spark web UI at http://spark-master:4041
[2024-09-23T23:30:11.679+0000] {ssh.py:524} INFO - 24/09/23 23:30:11 INFO MapOutputTrackerMasterEndpoint: MapOutputTrackerMasterEndpoint stopped!
[2024-09-23T23:30:11.692+0000] {ssh.py:524} INFO - 24/09/23 23:30:11 INFO MemoryStore: MemoryStore cleared
[2024-09-23T23:30:11.693+0000] {ssh.py:524} INFO - 24/09/23 23:30:11 INFO BlockManager: BlockManager stopped
[2024-09-23T23:30:11.701+0000] {ssh.py:524} INFO - 24/09/23 23:30:11 INFO BlockManagerMaster: BlockManagerMaster stopped
[2024-09-23T23:30:11.704+0000] {ssh.py:524} INFO - 24/09/23 23:30:11 INFO OutputCommitCoordinator$OutputCommitCoordinatorEndpoint: OutputCommitCoordinator stopped!
[2024-09-23T23:30:11.712+0000] {ssh.py:524} INFO - 24/09/23 23:30:11 INFO SparkContext: Successfully stopped SparkContext
[2024-09-23T23:30:11.714+0000] {ssh.py:524} INFO - 24/09/23 23:30:11 INFO ShutdownHookManager: Shutdown hook called
[2024-09-23T23:30:11.715+0000] {ssh.py:524} INFO - 24/09/23 23:30:11 INFO ShutdownHookManager: Deleting directory /tmp/spark-bd47571f-d813-4bed-9eed-d1eaf352b00e
[2024-09-23T23:30:11.717+0000] {ssh.py:524} INFO - 24/09/23 23:30:11 INFO ShutdownHookManager: Deleting directory /tmp/spark-fa72696c-9ec4-4dd7-ba67-d41e28801631
[2024-09-23T23:30:11.722+0000] {ssh.py:524} INFO - 24/09/23 23:30:11 INFO ShutdownHookManager: Deleting directory /tmp/spark-fa72696c-9ec4-4dd7-ba67-d41e28801631/pyspark-3a569eab-94ae-49e6-81ce-605212d98a1d
[2024-09-23T23:30:11.729+0000] {ssh.py:524} INFO - 24/09/23 23:30:11 INFO MetricsSystemImpl: Stopping s3a-file-system metrics system...
[2024-09-23T23:30:11.730+0000] {ssh.py:524} INFO - 24/09/23 23:30:11 INFO MetricsSystemImpl: s3a-file-system metrics system stopped.
[2024-09-23T23:30:11.730+0000] {ssh.py:524} INFO - 24/09/23 23:30:11 INFO MetricsSystemImpl: s3a-file-system metrics system shutdown complete.
[2024-09-23T23:30:11.917+0000] {taskinstance.py:1400} INFO - Marking task as SUCCESS. dag_id=raw_ingestion_15min, task_id=spark_raw_ingestion_empresa, execution_date=20240923T231500, start_date=20240923T233001, end_date=20240923T233011
[2024-09-23T23:30:11.961+0000] {local_task_job_runner.py:228} INFO - Task exited with return code 0
[2024-09-23T23:30:12.016+0000] {taskinstance.py:2778} INFO - 0 downstream tasks scheduled from follow-on schedule check
