[2024-09-24T01:30:15.727+0000] {taskinstance.py:1159} INFO - Dependencies all met for dep_context=non-requeueable deps ti=<TaskInstance: raw_ingestion_15min.trigger_stage_processing scheduled__2024-09-24T01:15:00+00:00 [queued]>
[2024-09-24T01:30:15.735+0000] {taskinstance.py:1159} INFO - Dependencies all met for dep_context=requeueable deps ti=<TaskInstance: raw_ingestion_15min.trigger_stage_processing scheduled__2024-09-24T01:15:00+00:00 [queued]>
[2024-09-24T01:30:15.736+0000] {taskinstance.py:1361} INFO - Starting attempt 1 of 1
[2024-09-24T01:30:15.747+0000] {taskinstance.py:1382} INFO - Executing <Task(TriggerDagRunOperator): trigger_stage_processing> on 2024-09-24 01:15:00+00:00
[2024-09-24T01:30:15.753+0000] {standard_task_runner.py:57} INFO - Started process 3444 to run task
[2024-09-24T01:30:15.756+0000] {standard_task_runner.py:84} INFO - Running: ['airflow', 'tasks', 'run', 'raw_ingestion_15min', 'trigger_stage_processing', 'scheduled__2024-09-24T01:15:00+00:00', '--job-id', '587', '--raw', '--subdir', 'DAGS_FOLDER/raw_ingestion_15min.py', '--cfg-path', '/tmp/tmpwin5hxm4']
[2024-09-24T01:30:15.757+0000] {standard_task_runner.py:85} INFO - Job 587: Subtask trigger_stage_processing
[2024-09-24T01:30:15.880+0000] {task_command.py:416} INFO - Running <TaskInstance: raw_ingestion_15min.trigger_stage_processing scheduled__2024-09-24T01:15:00+00:00 [running]> on host airflow-worker
[2024-09-24T01:30:16.058+0000] {taskinstance.py:1662} INFO - Exporting env vars: AIRFLOW_CTX_DAG_OWNER='***' AIRFLOW_CTX_DAG_ID='raw_ingestion_15min' AIRFLOW_CTX_TASK_ID='trigger_stage_processing' AIRFLOW_CTX_EXECUTION_DATE='2024-09-24T01:15:00+00:00' AIRFLOW_CTX_TRY_NUMBER='1' AIRFLOW_CTX_DAG_RUN_ID='scheduled__2024-09-24T01:15:00+00:00'
[2024-09-24T01:30:16.136+0000] {trigger_dagrun.py:173} INFO - Clearing stage_processing on 2024-09-24T00:00:00+00:00
[2024-09-24T01:30:16.316+0000] {trigger_dagrun.py:209} INFO - Waiting for stage_processing on 2024-09-24 00:00:00+00:00 to become allowed state ['success'] ...
[2024-09-24T01:30:26.366+0000] {trigger_dagrun.py:209} INFO - Waiting for stage_processing on 2024-09-24 00:00:00+00:00 to become allowed state ['success'] ...
[2024-09-24T01:30:36.403+0000] {trigger_dagrun.py:209} INFO - Waiting for stage_processing on 2024-09-24 00:00:00+00:00 to become allowed state ['success'] ...
[2024-09-24T01:30:46.441+0000] {trigger_dagrun.py:209} INFO - Waiting for stage_processing on 2024-09-24 00:00:00+00:00 to become allowed state ['success'] ...
[2024-09-24T01:30:56.500+0000] {trigger_dagrun.py:209} INFO - Waiting for stage_processing on 2024-09-24 00:00:00+00:00 to become allowed state ['success'] ...
[2024-09-24T01:31:06.540+0000] {trigger_dagrun.py:209} INFO - Waiting for stage_processing on 2024-09-24 00:00:00+00:00 to become allowed state ['success'] ...
[2024-09-24T01:31:16.571+0000] {trigger_dagrun.py:209} INFO - Waiting for stage_processing on 2024-09-24 00:00:00+00:00 to become allowed state ['success'] ...
[2024-09-24T01:31:26.616+0000] {trigger_dagrun.py:209} INFO - Waiting for stage_processing on 2024-09-24 00:00:00+00:00 to become allowed state ['success'] ...
[2024-09-24T01:31:36.668+0000] {trigger_dagrun.py:209} INFO - Waiting for stage_processing on 2024-09-24 00:00:00+00:00 to become allowed state ['success'] ...
[2024-09-24T01:31:46.698+0000] {trigger_dagrun.py:209} INFO - Waiting for stage_processing on 2024-09-24 00:00:00+00:00 to become allowed state ['success'] ...
[2024-09-24T01:31:56.737+0000] {trigger_dagrun.py:209} INFO - Waiting for stage_processing on 2024-09-24 00:00:00+00:00 to become allowed state ['success'] ...
[2024-09-24T01:32:06.781+0000] {trigger_dagrun.py:209} INFO - Waiting for stage_processing on 2024-09-24 00:00:00+00:00 to become allowed state ['success'] ...
[2024-09-24T01:32:16.817+0000] {trigger_dagrun.py:209} INFO - Waiting for stage_processing on 2024-09-24 00:00:00+00:00 to become allowed state ['success'] ...
[2024-09-24T01:32:26.872+0000] {trigger_dagrun.py:209} INFO - Waiting for stage_processing on 2024-09-24 00:00:00+00:00 to become allowed state ['success'] ...
[2024-09-24T01:32:36.911+0000] {trigger_dagrun.py:209} INFO - Waiting for stage_processing on 2024-09-24 00:00:00+00:00 to become allowed state ['success'] ...
[2024-09-24T01:32:46.968+0000] {trigger_dagrun.py:209} INFO - Waiting for stage_processing on 2024-09-24 00:00:00+00:00 to become allowed state ['success'] ...
[2024-09-24T01:32:57.012+0000] {trigger_dagrun.py:209} INFO - Waiting for stage_processing on 2024-09-24 00:00:00+00:00 to become allowed state ['success'] ...
[2024-09-24T01:33:07.059+0000] {trigger_dagrun.py:209} INFO - Waiting for stage_processing on 2024-09-24 00:00:00+00:00 to become allowed state ['success'] ...
[2024-09-24T01:33:17.095+0000] {trigger_dagrun.py:209} INFO - Waiting for stage_processing on 2024-09-24 00:00:00+00:00 to become allowed state ['success'] ...
[2024-09-24T01:33:27.132+0000] {trigger_dagrun.py:222} INFO - stage_processing finished with allowed state success
[2024-09-24T01:33:27.163+0000] {taskinstance.py:1400} INFO - Marking task as SUCCESS. dag_id=raw_ingestion_15min, task_id=trigger_stage_processing, execution_date=20240924T011500, start_date=20240924T013015, end_date=20240924T013327
[2024-09-24T01:33:27.216+0000] {local_task_job_runner.py:228} INFO - Task exited with return code 0
[2024-09-24T01:33:27.261+0000] {taskinstance.py:2778} INFO - 1 downstream tasks scheduled from follow-on schedule check
[2024-09-24T01:37:29.165+0000] {taskinstance.py:1159} INFO - Dependencies all met for dep_context=non-requeueable deps ti=<TaskInstance: raw_ingestion_15min.trigger_stage_processing scheduled__2024-09-24T01:15:00+00:00 [queued]>
[2024-09-24T01:37:29.175+0000] {taskinstance.py:1159} INFO - Dependencies all met for dep_context=requeueable deps ti=<TaskInstance: raw_ingestion_15min.trigger_stage_processing scheduled__2024-09-24T01:15:00+00:00 [queued]>
[2024-09-24T01:37:29.176+0000] {taskinstance.py:1361} INFO - Starting attempt 1 of 1
[2024-09-24T01:37:29.194+0000] {taskinstance.py:1382} INFO - Executing <Task(TriggerDagRunOperator): trigger_stage_processing> on 2024-09-24 01:15:00+00:00
[2024-09-24T01:37:29.200+0000] {standard_task_runner.py:57} INFO - Started process 3583 to run task
[2024-09-24T01:37:29.202+0000] {standard_task_runner.py:84} INFO - Running: ['airflow', 'tasks', 'run', 'raw_ingestion_15min', 'trigger_stage_processing', 'scheduled__2024-09-24T01:15:00+00:00', '--job-id', '595', '--raw', '--subdir', 'DAGS_FOLDER/raw_ingestion_15min.py', '--cfg-path', '/tmp/tmpsmnbzl_4']
[2024-09-24T01:37:29.203+0000] {standard_task_runner.py:85} INFO - Job 595: Subtask trigger_stage_processing
[2024-09-24T01:37:29.338+0000] {task_command.py:416} INFO - Running <TaskInstance: raw_ingestion_15min.trigger_stage_processing scheduled__2024-09-24T01:15:00+00:00 [running]> on host airflow-worker
[2024-09-24T01:37:29.523+0000] {taskinstance.py:1662} INFO - Exporting env vars: AIRFLOW_CTX_DAG_OWNER='***' AIRFLOW_CTX_DAG_ID='raw_ingestion_15min' AIRFLOW_CTX_TASK_ID='trigger_stage_processing' AIRFLOW_CTX_EXECUTION_DATE='2024-09-24T01:15:00+00:00' AIRFLOW_CTX_TRY_NUMBER='1' AIRFLOW_CTX_DAG_RUN_ID='scheduled__2024-09-24T01:15:00+00:00'
[2024-09-24T01:37:29.609+0000] {trigger_dagrun.py:173} INFO - Clearing stage_processing on 2024-09-24T00:00:00+00:00
[2024-09-24T01:37:29.798+0000] {trigger_dagrun.py:209} INFO - Waiting for stage_processing on 2024-09-24 00:00:00+00:00 to become allowed state ['success'] ...
[2024-09-24T01:37:39.842+0000] {trigger_dagrun.py:209} INFO - Waiting for stage_processing on 2024-09-24 00:00:00+00:00 to become allowed state ['success'] ...
[2024-09-24T01:37:49.914+0000] {trigger_dagrun.py:209} INFO - Waiting for stage_processing on 2024-09-24 00:00:00+00:00 to become allowed state ['success'] ...
[2024-09-24T01:37:59.958+0000] {trigger_dagrun.py:209} INFO - Waiting for stage_processing on 2024-09-24 00:00:00+00:00 to become allowed state ['success'] ...
[2024-09-24T01:38:10.055+0000] {trigger_dagrun.py:209} INFO - Waiting for stage_processing on 2024-09-24 00:00:00+00:00 to become allowed state ['success'] ...
[2024-09-24T01:38:20.103+0000] {trigger_dagrun.py:209} INFO - Waiting for stage_processing on 2024-09-24 00:00:00+00:00 to become allowed state ['success'] ...
[2024-09-24T01:38:30.151+0000] {trigger_dagrun.py:209} INFO - Waiting for stage_processing on 2024-09-24 00:00:00+00:00 to become allowed state ['success'] ...
[2024-09-24T01:38:40.197+0000] {trigger_dagrun.py:209} INFO - Waiting for stage_processing on 2024-09-24 00:00:00+00:00 to become allowed state ['success'] ...
[2024-09-24T01:38:50.238+0000] {trigger_dagrun.py:209} INFO - Waiting for stage_processing on 2024-09-24 00:00:00+00:00 to become allowed state ['success'] ...
[2024-09-24T01:39:00.304+0000] {trigger_dagrun.py:209} INFO - Waiting for stage_processing on 2024-09-24 00:00:00+00:00 to become allowed state ['success'] ...
[2024-09-24T01:39:10.340+0000] {trigger_dagrun.py:209} INFO - Waiting for stage_processing on 2024-09-24 00:00:00+00:00 to become allowed state ['success'] ...
[2024-09-24T01:39:20.374+0000] {trigger_dagrun.py:209} INFO - Waiting for stage_processing on 2024-09-24 00:00:00+00:00 to become allowed state ['success'] ...
[2024-09-24T01:39:30.420+0000] {trigger_dagrun.py:209} INFO - Waiting for stage_processing on 2024-09-24 00:00:00+00:00 to become allowed state ['success'] ...
[2024-09-24T01:39:40.455+0000] {trigger_dagrun.py:209} INFO - Waiting for stage_processing on 2024-09-24 00:00:00+00:00 to become allowed state ['success'] ...
[2024-09-24T01:39:50.495+0000] {trigger_dagrun.py:209} INFO - Waiting for stage_processing on 2024-09-24 00:00:00+00:00 to become allowed state ['success'] ...
[2024-09-24T01:40:00.537+0000] {trigger_dagrun.py:209} INFO - Waiting for stage_processing on 2024-09-24 00:00:00+00:00 to become allowed state ['success'] ...
[2024-09-24T01:40:10.578+0000] {trigger_dagrun.py:209} INFO - Waiting for stage_processing on 2024-09-24 00:00:00+00:00 to become allowed state ['success'] ...
[2024-09-24T01:40:20.614+0000] {trigger_dagrun.py:209} INFO - Waiting for stage_processing on 2024-09-24 00:00:00+00:00 to become allowed state ['success'] ...
[2024-09-24T01:40:30.677+0000] {taskinstance.py:1937} ERROR - Task failed with exception
Traceback (most recent call last):
  File "/home/airflow/.local/lib/python3.8/site-packages/airflow/operators/trigger_dagrun.py", line 220, in execute
    raise AirflowException(f"{self.trigger_dag_id} failed with failed states {state}")
airflow.exceptions.AirflowException: stage_processing failed with failed states failed
[2024-09-24T01:40:30.680+0000] {taskinstance.py:1400} INFO - Marking task as FAILED. dag_id=raw_ingestion_15min, task_id=trigger_stage_processing, execution_date=20240924T011500, start_date=20240924T013729, end_date=20240924T014030
[2024-09-24T01:40:30.698+0000] {standard_task_runner.py:104} ERROR - Failed to execute job 595 for task trigger_stage_processing (stage_processing failed with failed states failed; 3583)
[2024-09-24T01:40:30.732+0000] {local_task_job_runner.py:228} INFO - Task exited with return code 1
[2024-09-24T01:40:30.775+0000] {taskinstance.py:2778} INFO - 0 downstream tasks scheduled from follow-on schedule check
