[2024-09-21T23:30:01.122+0000] {taskinstance.py:1159} INFO - Dependencies all met for dep_context=non-requeueable deps ti=<TaskInstance: raw_ingestion.spark_raw_ingestion_empresa scheduled__2024-09-21T23:00:00+00:00 [queued]>
[2024-09-21T23:30:01.132+0000] {taskinstance.py:1159} INFO - Dependencies all met for dep_context=requeueable deps ti=<TaskInstance: raw_ingestion.spark_raw_ingestion_empresa scheduled__2024-09-21T23:00:00+00:00 [queued]>
[2024-09-21T23:30:01.133+0000] {taskinstance.py:1361} INFO - Starting attempt 1 of 0
[2024-09-21T23:30:01.149+0000] {taskinstance.py:1382} INFO - Executing <Task(SSHOperator): spark_raw_ingestion_empresa> on 2024-09-21 23:00:00+00:00
[2024-09-21T23:30:01.153+0000] {standard_task_runner.py:57} INFO - Started process 3139 to run task
[2024-09-21T23:30:01.155+0000] {standard_task_runner.py:84} INFO - Running: ['airflow', 'tasks', 'run', 'raw_ingestion', 'spark_raw_ingestion_empresa', 'scheduled__2024-09-21T23:00:00+00:00', '--job-id', '435', '--raw', '--subdir', 'DAGS_FOLDER/raw_ingestion.py', '--cfg-path', '/tmp/tmpr1_ktwzm']
[2024-09-21T23:30:01.156+0000] {standard_task_runner.py:85} INFO - Job 435: Subtask spark_raw_ingestion_empresa
[2024-09-21T23:30:01.273+0000] {task_command.py:416} INFO - Running <TaskInstance: raw_ingestion.spark_raw_ingestion_empresa scheduled__2024-09-21T23:00:00+00:00 [running]> on host airflow-worker
[2024-09-21T23:30:01.464+0000] {taskinstance.py:1662} INFO - Exporting env vars: AIRFLOW_CTX_DAG_OWNER='***' AIRFLOW_CTX_DAG_ID='raw_ingestion' AIRFLOW_CTX_TASK_ID='spark_raw_ingestion_empresa' AIRFLOW_CTX_EXECUTION_DATE='2024-09-21T23:00:00+00:00' AIRFLOW_CTX_TRY_NUMBER='1' AIRFLOW_CTX_DAG_RUN_ID='scheduled__2024-09-21T23:00:00+00:00'
[2024-09-21T23:30:01.465+0000] {ssh.py:141} INFO - Creating ssh_client
[2024-09-21T23:30:01.465+0000] {ssh.py:114} INFO - ssh_hook is not provided or invalid. Trying ssh_conn_id to create SSHHook.
[2024-09-21T23:30:01.497+0000] {base.py:73} INFO - Using connection ID 'spark_ssh_default' for task execution.
[2024-09-21T23:30:01.498+0000] {ssh.py:300} WARNING - No Host Key Verification. This won't protect against Man-In-The-Middle attacks
[2024-09-21T23:30:01.507+0000] {transport.py:1893} INFO - Connected (version 2.0, client OpenSSH_8.9p1)
[2024-09-21T23:30:01.600+0000] {transport.py:1893} INFO - Authentication (password) successful!
[2024-09-21T23:30:01.601+0000] {ssh.py:478} INFO - Running command: export SPARK_HOME=/usr/local/spark; /opt/conda/bin/spark-submit --master local[*] --executor-memory 4g /opt/shared/scripts/raw_ingestion.py 2024-09-21 empresa
[2024-09-21T23:30:04.209+0000] {ssh.py:524} INFO - [DEBUG] dt_now: 2024-09-21
[2024-09-21T23:30:04.210+0000] {ssh.py:524} INFO - [DEBUG] endpoint: empresa
[2024-09-21T23:30:04.272+0000] {ssh.py:524} INFO - 24/09/21 23:30:04 INFO SparkContext: Running Spark version 3.3.1
[2024-09-21T23:30:04.297+0000] {ssh.py:524} INFO - 24/09/21 23:30:04 WARN NativeCodeLoader: Unable to load native-hadoop library for your platform... using builtin-java classes where applicable
[2024-09-21T23:30:04.387+0000] {ssh.py:524} INFO - 24/09/21 23:30:04 INFO ResourceUtils: ==============================================================
[2024-09-21T23:30:04.388+0000] {ssh.py:524} INFO - 24/09/21 23:30:04 INFO ResourceUtils: No custom resources configured for spark.driver.
[2024-09-21T23:30:04.389+0000] {ssh.py:524} INFO - 24/09/21 23:30:04 INFO ResourceUtils: ==============================================================
[2024-09-21T23:30:04.390+0000] {ssh.py:524} INFO - 24/09/21 23:30:04 INFO SparkContext: Submitted application: raw_ingestion_empresa
[2024-09-21T23:30:04.413+0000] {ssh.py:524} INFO - 24/09/21 23:30:04 INFO ResourceProfile: Default ResourceProfile created, executor resources: Map(cores -> name: cores, amount: 1, script: , vendor: , memory -> name: memory, amount: 1024, script: , vendor: , offHeap -> name: offHeap, amount: 0, script: , vendor: ), task resources: Map(cpus -> name: cpus, amount: 1.0)
[2024-09-21T23:30:04.423+0000] {ssh.py:524} INFO - 24/09/21 23:30:04 INFO ResourceProfile: Limiting resource is cpu
[2024-09-21T23:30:04.424+0000] {ssh.py:524} INFO - 24/09/21 23:30:04 INFO ResourceProfileManager: Added ResourceProfile id: 0
[2024-09-21T23:30:04.467+0000] {ssh.py:524} INFO - 24/09/21 23:30:04 INFO SecurityManager: Changing view acls to: root
[2024-09-21T23:30:04.468+0000] {ssh.py:524} INFO - 24/09/21 23:30:04 INFO SecurityManager: Changing modify acls to: root
[2024-09-21T23:30:04.468+0000] {ssh.py:524} INFO - 24/09/21 23:30:04 INFO SecurityManager: Changing view acls groups to: 
[2024-09-21T23:30:04.469+0000] {ssh.py:524} INFO - 24/09/21 23:30:04 INFO SecurityManager: Changing modify acls groups to: 
[2024-09-21T23:30:04.469+0000] {ssh.py:524} INFO - 24/09/21 23:30:04 INFO SecurityManager: SecurityManager: authentication disabled; ui acls disabled; users  with view permissions: Set(root); groups with view permissions: Set(); users  with modify permissions: Set(root); groups with modify permissions: Set()
[2024-09-21T23:30:04.781+0000] {ssh.py:524} INFO - 24/09/21 23:30:04 INFO Utils: Successfully started service 'sparkDriver' on port 44663.
[2024-09-21T23:30:04.848+0000] {ssh.py:524} INFO - 24/09/21 23:30:04 INFO SparkEnv: Registering MapOutputTracker
[2024-09-21T23:30:04.893+0000] {ssh.py:524} INFO - 24/09/21 23:30:04 INFO SparkEnv: Registering BlockManagerMaster
[2024-09-21T23:30:04.909+0000] {ssh.py:524} INFO - 24/09/21 23:30:04 INFO BlockManagerMasterEndpoint: Using org.apache.spark.storage.DefaultTopologyMapper for getting topology information
[2024-09-21T23:30:04.910+0000] {ssh.py:524} INFO - 24/09/21 23:30:04 INFO BlockManagerMasterEndpoint: BlockManagerMasterEndpoint up
[2024-09-21T23:30:04.917+0000] {ssh.py:524} INFO - 24/09/21 23:30:04 INFO SparkEnv: Registering BlockManagerMasterHeartbeat
[2024-09-21T23:30:04.942+0000] {ssh.py:524} INFO - 24/09/21 23:30:04 INFO DiskBlockManager: Created local directory at /tmp/blockmgr-e9b8a110-dd57-4e98-852d-87dbca121670
[2024-09-21T23:30:04.966+0000] {ssh.py:524} INFO - 24/09/21 23:30:04 INFO MemoryStore: MemoryStore started with capacity 434.4 MiB
[2024-09-21T23:30:04.990+0000] {ssh.py:524} INFO - 24/09/21 23:30:04 INFO SparkEnv: Registering OutputCommitCoordinator
[2024-09-21T23:30:05.186+0000] {ssh.py:524} INFO - 24/09/21 23:30:05 WARN Utils: Service 'SparkUI' could not bind on port 4040. Attempting port 4041.
[2024-09-21T23:30:05.188+0000] {ssh.py:524} INFO - 24/09/21 23:30:05 WARN Utils: Service 'SparkUI' could not bind on port 4041. Attempting port 4042.
[2024-09-21T23:30:05.189+0000] {ssh.py:524} INFO - 24/09/21 23:30:05 WARN Utils: Service 'SparkUI' could not bind on port 4042. Attempting port 4043.
[2024-09-21T23:30:05.200+0000] {ssh.py:524} INFO - 24/09/21 23:30:05 INFO Utils: Successfully started service 'SparkUI' on port 4043.
[2024-09-21T23:30:05.326+0000] {ssh.py:524} INFO - 24/09/21 23:30:05 INFO Executor: Starting executor ID driver on host spark-master
[2024-09-21T23:30:05.334+0000] {ssh.py:524} INFO - 24/09/21 23:30:05 INFO Executor: Starting executor with user classpath (userClassPathFirst = false): ''
[2024-09-21T23:30:05.358+0000] {ssh.py:524} INFO - 24/09/21 23:30:05 INFO Utils: Successfully started service 'org.apache.spark.network.netty.NettyBlockTransferService' on port 35627.
[2024-09-21T23:30:05.373+0000] {ssh.py:524} INFO - 24/09/21 23:30:05 INFO NettyBlockTransferService: Server created on spark-master:35627
[2024-09-21T23:30:05.373+0000] {ssh.py:524} INFO - 24/09/21 23:30:05 INFO BlockManager: Using org.apache.spark.storage.RandomBlockReplicationPolicy for block replication policy
[2024-09-21T23:30:05.377+0000] {ssh.py:524} INFO - 24/09/21 23:30:05 INFO BlockManagerMaster: Registering BlockManager BlockManagerId(driver, spark-master, 35627, None)
[2024-09-21T23:30:05.385+0000] {ssh.py:524} INFO - 24/09/21 23:30:05 INFO BlockManagerMasterEndpoint: Registering block manager spark-master:35627 with 434.4 MiB RAM, BlockManagerId(driver, spark-master, 35627, None)
[2024-09-21T23:30:05.388+0000] {ssh.py:524} INFO - 24/09/21 23:30:05 INFO BlockManagerMaster: Registered BlockManager BlockManagerId(driver, spark-master, 35627, None)
[2024-09-21T23:30:05.389+0000] {ssh.py:524} INFO - 24/09/21 23:30:05 INFO BlockManager: Initialized BlockManager: BlockManagerId(driver, spark-master, 35627, None)
[2024-09-21T23:30:06.544+0000] {ssh.py:524} INFO - 24/09/21 23:30:06 INFO SharedState: Setting hive.metastore.warehouse.dir ('null') to the value of spark.sql.warehouse.dir.
[2024-09-21T23:30:06.553+0000] {ssh.py:524} INFO - 24/09/21 23:30:06 INFO SharedState: Warehouse path is 'file:/root/spark-warehouse'.
[2024-09-21T23:30:08.598+0000] {ssh.py:524} INFO - 24/09/21 23:30:08 WARN MetricsConfig: Cannot locate configuration: tried hadoop-metrics2-s3a-file-system.properties,hadoop-metrics2.properties
[2024-09-21T23:30:08.611+0000] {ssh.py:524} INFO - 24/09/21 23:30:08 INFO MetricsSystemImpl: Scheduled Metric snapshot period at 10 second(s).
[2024-09-21T23:30:08.612+0000] {ssh.py:524} INFO - 24/09/21 23:30:08 INFO MetricsSystemImpl: s3a-file-system metrics system started
[2024-09-21T23:30:09.691+0000] {ssh.py:524} INFO - 24/09/21 23:30:09 WARN AbstractS3ACommitterFactory: Using standard FileOutputCommitter to commit work. This is slow and potentially unsafe.
[2024-09-21T23:30:09.692+0000] {ssh.py:524} INFO - 24/09/21 23:30:09 INFO FileOutputCommitter: File Output Committer Algorithm version is 1
[2024-09-21T23:30:09.692+0000] {ssh.py:524} INFO - 24/09/21 23:30:09 INFO FileOutputCommitter: FileOutputCommitter skip cleanup _temporary folders under output directory:false, ignore cleanup failures: false
[2024-09-21T23:30:09.693+0000] {ssh.py:524} INFO - 24/09/21 23:30:09 INFO AbstractS3ACommitterFactory: Using Committer FileOutputCommitter{PathOutputCommitter{context=TaskAttemptContextImpl{JobContextImpl{jobId=job_202409212330092707113445283456484_0000}; taskId=attempt_202409212330092707113445283456484_0000_m_000000_0, status=''}; org.apache.hadoop.mapreduce.lib.output.FileOutputCommitter@7fc61031}; outputPath=s3a://raw/olhovivo/empresa/dt=2024-09-21, workPath=s3a://raw/olhovivo/empresa/dt=2024-09-21/_temporary/0/_temporary/attempt_202409212330092707113445283456484_0000_m_000000_0, algorithmVersion=1, skipCleanup=false, ignoreCleanupFailures=false} for s3a://raw/olhovivo/empresa/dt=2024-09-21
[2024-09-21T23:30:09.694+0000] {ssh.py:524} INFO - 24/09/21 23:30:09 INFO SQLHadoopMapReduceCommitProtocol: Using output committer class org.apache.hadoop.mapreduce.lib.output.FileOutputCommitter
[2024-09-21T23:30:10.173+0000] {ssh.py:524} INFO - 24/09/21 23:30:10 INFO CodeGenerator: Code generated in 152.083501 ms
[2024-09-21T23:30:10.322+0000] {ssh.py:524} INFO - 24/09/21 23:30:10 INFO SparkContext: Starting job: save at NativeMethodAccessorImpl.java:0
[2024-09-21T23:30:10.338+0000] {ssh.py:524} INFO - 24/09/21 23:30:10 INFO DAGScheduler: Got job 0 (save at NativeMethodAccessorImpl.java:0) with 12 output partitions
[2024-09-21T23:30:10.340+0000] {ssh.py:524} INFO - 24/09/21 23:30:10 INFO DAGScheduler: Final stage: ResultStage 0 (save at NativeMethodAccessorImpl.java:0)
[2024-09-21T23:30:10.344+0000] {ssh.py:524} INFO - 24/09/21 23:30:10 INFO DAGScheduler: Parents of final stage: List()
[2024-09-21T23:30:10.346+0000] {ssh.py:524} INFO - 24/09/21 23:30:10 INFO DAGScheduler: Missing parents: List()
[2024-09-21T23:30:10.372+0000] {ssh.py:524} INFO - 24/09/21 23:30:10 INFO DAGScheduler: Submitting ResultStage 0 (MapPartitionsRDD[5] at save at NativeMethodAccessorImpl.java:0), which has no missing parents
[2024-09-21T23:30:10.527+0000] {ssh.py:524} INFO - 24/09/21 23:30:10 INFO MemoryStore: Block broadcast_0 stored as values in memory (estimated size 223.8 KiB, free 434.2 MiB)
[2024-09-21T23:30:10.575+0000] {ssh.py:524} INFO - 24/09/21 23:30:10 INFO MemoryStore: Block broadcast_0_piece0 stored as bytes in memory (estimated size 81.3 KiB, free 434.1 MiB)
[2024-09-21T23:30:10.580+0000] {ssh.py:524} INFO - 24/09/21 23:30:10 INFO BlockManagerInfo: Added broadcast_0_piece0 in memory on spark-master:35627 (size: 81.3 KiB, free: 434.3 MiB)
[2024-09-21T23:30:10.581+0000] {ssh.py:524} INFO - 24/09/21 23:30:10 INFO SparkContext: Created broadcast 0 from broadcast at DAGScheduler.scala:1513
[2024-09-21T23:30:10.594+0000] {ssh.py:524} INFO - 24/09/21 23:30:10 INFO DAGScheduler: Submitting 12 missing tasks from ResultStage 0 (MapPartitionsRDD[5] at save at NativeMethodAccessorImpl.java:0) (first 15 tasks are for partitions Vector(0, 1, 2, 3, 4, 5, 6, 7, 8, 9, 10, 11))
[2024-09-21T23:30:10.595+0000] {ssh.py:524} INFO - 24/09/21 23:30:10 INFO TaskSchedulerImpl: Adding task set 0.0 with 12 tasks resource profile 0
[2024-09-21T23:30:10.671+0000] {ssh.py:524} INFO - 24/09/21 23:30:10 INFO TaskSetManager: Starting task 0.0 in stage 0.0 (TID 0) (spark-master, executor driver, partition 0, PROCESS_LOCAL, 4433 bytes) taskResourceAssignments Map()
[2024-09-21T23:30:10.681+0000] {ssh.py:524} INFO - 24/09/21 23:30:10 INFO TaskSetManager: Starting task 1.0 in stage 0.0 (TID 1) (spark-master, executor driver, partition 1, PROCESS_LOCAL, 4433 bytes) taskResourceAssignments Map()
[2024-09-21T23:30:10.682+0000] {ssh.py:524} INFO - 24/09/21 23:30:10 INFO TaskSetManager: Starting task 2.0 in stage 0.0 (TID 2) (spark-master, executor driver, partition 2, PROCESS_LOCAL, 4433 bytes) taskResourceAssignments Map()
[2024-09-21T23:30:10.683+0000] {ssh.py:524} INFO - 24/09/21 23:30:10 INFO TaskSetManager: Starting task 3.0 in stage 0.0 (TID 3) (spark-master, executor driver, partition 3, PROCESS_LOCAL, 4433 bytes) taskResourceAssignments Map()
[2024-09-21T23:30:10.685+0000] {ssh.py:524} INFO - 24/09/21 23:30:10 INFO TaskSetManager: Starting task 4.0 in stage 0.0 (TID 4) (spark-master, executor driver, partition 4, PROCESS_LOCAL, 4433 bytes) taskResourceAssignments Map()
[2024-09-21T23:30:10.686+0000] {ssh.py:524} INFO - 24/09/21 23:30:10 INFO TaskSetManager: Starting task 5.0 in stage 0.0 (TID 5) (spark-master, executor driver, partition 5, PROCESS_LOCAL, 4433 bytes) taskResourceAssignments Map()
[2024-09-21T23:30:10.687+0000] {ssh.py:524} INFO - 24/09/21 23:30:10 INFO TaskSetManager: Starting task 6.0 in stage 0.0 (TID 6) (spark-master, executor driver, partition 6, PROCESS_LOCAL, 4433 bytes) taskResourceAssignments Map()
[2024-09-21T23:30:10.689+0000] {ssh.py:524} INFO - 24/09/21 23:30:10 INFO TaskSetManager: Starting task 7.0 in stage 0.0 (TID 7) (spark-master, executor driver, partition 7, PROCESS_LOCAL, 4433 bytes) taskResourceAssignments Map()
[2024-09-21T23:30:10.690+0000] {ssh.py:524} INFO - 24/09/21 23:30:10 INFO TaskSetManager: Starting task 8.0 in stage 0.0 (TID 8) (spark-master, executor driver, partition 8, PROCESS_LOCAL, 4433 bytes) taskResourceAssignments Map()
[2024-09-21T23:30:10.692+0000] {ssh.py:524} INFO - 24/09/21 23:30:10 INFO TaskSetManager: Starting task 9.0 in stage 0.0 (TID 9) (spark-master, executor driver, partition 9, PROCESS_LOCAL, 4433 bytes) taskResourceAssignments Map()
[2024-09-21T23:30:10.693+0000] {ssh.py:524} INFO - 24/09/21 23:30:10 INFO TaskSetManager: Starting task 10.0 in stage 0.0 (TID 10) (spark-master, executor driver, partition 10, PROCESS_LOCAL, 4433 bytes) taskResourceAssignments Map()
[2024-09-21T23:30:10.693+0000] {ssh.py:524} INFO - 24/09/21 23:30:10 INFO TaskSetManager: Starting task 11.0 in stage 0.0 (TID 11) (spark-master, executor driver, partition 11, PROCESS_LOCAL, 5155 bytes) taskResourceAssignments Map()
[2024-09-21T23:30:10.705+0000] {ssh.py:524} INFO - 24/09/21 23:30:10 INFO Executor: Running task 0.0 in stage 0.0 (TID 0)
[2024-09-21T23:30:10.706+0000] {ssh.py:524} INFO - 24/09/21 23:30:10 INFO Executor: Running task 1.0 in stage 0.0 (TID 1)
[2024-09-21T23:30:10.712+0000] {ssh.py:524} INFO - 24/09/21 23:30:10 INFO Executor: Running task 2.0 in stage 0.0 (TID 2)
[2024-09-21T23:30:10.722+0000] {ssh.py:524} INFO - 24/09/21 23:30:10 INFO Executor: Running task 3.0 in stage 0.0 (TID 3)
[2024-09-21T23:30:10.730+0000] {ssh.py:524} INFO - 24/09/21 23:30:10 INFO Executor: Running task 4.0 in stage 0.0 (TID 4)
[2024-09-21T23:30:10.745+0000] {ssh.py:524} INFO - 24/09/21 23:30:10 INFO Executor: Running task 6.0 in stage 0.0 (TID 6)
[2024-09-21T23:30:10.746+0000] {ssh.py:524} INFO - 24/09/21 23:30:10 INFO Executor: Running task 5.0 in stage 0.0 (TID 5)
[2024-09-21T23:30:10.758+0000] {ssh.py:524} INFO - 24/09/21 23:30:10 INFO Executor: Running task 7.0 in stage 0.0 (TID 7)
[2024-09-21T23:30:10.760+0000] {ssh.py:524} INFO - 24/09/21 23:30:10 INFO Executor: Running task 8.0 in stage 0.0 (TID 8)
[2024-09-21T23:30:10.764+0000] {ssh.py:524} INFO - 24/09/21 23:30:10 INFO Executor: Running task 9.0 in stage 0.0 (TID 9)
[2024-09-21T23:30:10.787+0000] {ssh.py:524} INFO - 24/09/21 23:30:10 INFO Executor: Running task 10.0 in stage 0.0 (TID 10)
[2024-09-21T23:30:10.795+0000] {ssh.py:524} INFO - 24/09/21 23:30:10 INFO Executor: Running task 11.0 in stage 0.0 (TID 11)
[2024-09-21T23:30:11.632+0000] {ssh.py:524} INFO - 24/09/21 23:30:11 WARN AbstractS3ACommitterFactory: Using standard FileOutputCommitter to commit work. This is slow and potentially unsafe.
[2024-09-21T23:30:11.633+0000] {ssh.py:524} INFO - 24/09/21 23:30:11 INFO FileOutputCommitter: File Output Committer Algorithm version is 1
[2024-09-21T23:30:11.634+0000] {ssh.py:524} INFO - 24/09/21 23:30:11 INFO FileOutputCommitter: FileOutputCommitter skip cleanup _temporary folders under output directory:false, ignore cleanup failures: false
[2024-09-21T23:30:11.634+0000] {ssh.py:524} INFO - 24/09/21 23:30:11 INFO AbstractS3ACommitterFactory: Using Committer FileOutputCommitter{PathOutputCommitter{context=TaskAttemptContextImpl{JobContextImpl{jobId=job_202409212330105493287835487791299_0000}; taskId=attempt_202409212330105493287835487791299_0000_m_000008_8, status=''}; org.apache.hadoop.mapreduce.lib.output.FileOutputCommitter@4bac5733}; outputPath=s3a://raw/olhovivo/empresa/dt=2024-09-21, workPath=s3a://raw/olhovivo/empresa/dt=2024-09-21/_temporary/0/_temporary/attempt_202409212330105493287835487791299_0000_m_000008_8, algorithmVersion=1, skipCleanup=false, ignoreCleanupFailures=false} for s3a://raw/olhovivo/empresa/dt=2024-09-21
[2024-09-21T23:30:11.634+0000] {ssh.py:524} INFO - 24/09/21 23:30:11 INFO SQLHadoopMapReduceCommitProtocol: Using output committer class org.apache.hadoop.mapreduce.lib.output.FileOutputCommitter
[2024-09-21T23:30:11.639+0000] {ssh.py:524} INFO - 24/09/21 23:30:11 WARN AbstractS3ACommitterFactory: Using standard FileOutputCommitter to commit work. This is slow and potentially unsafe.
[2024-09-21T23:30:11.640+0000] {ssh.py:524} INFO - 24/09/21 23:30:11 INFO FileOutputCommitter: File Output Committer Algorithm version is 1
[2024-09-21T23:30:11.641+0000] {ssh.py:524} INFO - 24/09/21 23:30:11 INFO FileOutputCommitter: FileOutputCommitter skip cleanup _temporary folders under output directory:false, ignore cleanup failures: false
[2024-09-21T23:30:11.641+0000] {ssh.py:524} INFO - 24/09/21 23:30:11 INFO AbstractS3ACommitterFactory: Using Committer FileOutputCommitter{PathOutputCommitter{context=TaskAttemptContextImpl{JobContextImpl{jobId=job_202409212330102502473325144895273_0000}; taskId=attempt_202409212330102502473325144895273_0000_m_000007_7, status=''}; org.apache.hadoop.mapreduce.lib.output.FileOutputCommitter@67298cc6}; outputPath=s3a://raw/olhovivo/empresa/dt=2024-09-21, workPath=s3a://raw/olhovivo/empresa/dt=2024-09-21/_temporary/0/_temporary/attempt_202409212330102502473325144895273_0000_m_000007_7, algorithmVersion=1, skipCleanup=false, ignoreCleanupFailures=false} for s3a://raw/olhovivo/empresa/dt=2024-09-21
[2024-09-21T23:30:11.641+0000] {ssh.py:524} INFO - 24/09/21 23:30:11 INFO SQLHadoopMapReduceCommitProtocol: Using output committer class org.apache.hadoop.mapreduce.lib.output.FileOutputCommitter
[2024-09-21T23:30:11.645+0000] {ssh.py:524} INFO - 24/09/21 23:30:11 WARN AbstractS3ACommitterFactory: Using standard FileOutputCommitter to commit work. This is slow and potentially unsafe.
[2024-09-21T23:30:11.646+0000] {ssh.py:524} INFO - 24/09/21 23:30:11 INFO FileOutputCommitter: File Output Committer Algorithm version is 1
[2024-09-21T23:30:11.646+0000] {ssh.py:524} INFO - 24/09/21 23:30:11 INFO FileOutputCommitter: FileOutputCommitter skip cleanup _temporary folders under output directory:false, ignore cleanup failures: false
[2024-09-21T23:30:11.647+0000] {ssh.py:524} INFO - 24/09/21 23:30:11 INFO AbstractS3ACommitterFactory: Using Committer FileOutputCommitter{PathOutputCommitter{context=TaskAttemptContextImpl{JobContextImpl{jobId=job_202409212330101425949943807486101_0000}; taskId=attempt_202409212330101425949943807486101_0000_m_000004_4, status=''}; org.apache.hadoop.mapreduce.lib.output.FileOutputCommitter@482d8ba2}; outputPath=s3a://raw/olhovivo/empresa/dt=2024-09-21, workPath=s3a://raw/olhovivo/empresa/dt=2024-09-21/_temporary/0/_temporary/attempt_202409212330101425949943807486101_0000_m_000004_4, algorithmVersion=1, skipCleanup=false, ignoreCleanupFailures=false} for s3a://raw/olhovivo/empresa/dt=2024-09-21
[2024-09-21T23:30:11.648+0000] {ssh.py:524} INFO - 24/09/21 23:30:11 INFO SQLHadoopMapReduceCommitProtocol: Using output committer class org.apache.hadoop.mapreduce.lib.output.FileOutputCommitter
[2024-09-21T23:30:11.672+0000] {ssh.py:524} INFO - 24/09/21 23:30:11 WARN AbstractS3ACommitterFactory: Using standard FileOutputCommitter to commit work. This is slow and potentially unsafe.
[2024-09-21T23:30:11.673+0000] {ssh.py:524} INFO - 24/09/21 23:30:11 INFO FileOutputCommitter: File Output Committer Algorithm version is 1
[2024-09-21T23:30:11.673+0000] {ssh.py:524} INFO - 24/09/21 23:30:11 INFO FileOutputCommitter: FileOutputCommitter skip cleanup _temporary folders under output directory:false, ignore cleanup failures: false
[2024-09-21T23:30:11.673+0000] {ssh.py:524} INFO - 24/09/21 23:30:11 INFO AbstractS3ACommitterFactory: Using Committer FileOutputCommitter{PathOutputCommitter{context=TaskAttemptContextImpl{JobContextImpl{jobId=job_202409212330107301430427942162622_0000}; taskId=attempt_202409212330107301430427942162622_0000_m_000005_5, status=''}; org.apache.hadoop.mapreduce.lib.output.FileOutputCommitter@56538dc7}; outputPath=s3a://raw/olhovivo/empresa/dt=2024-09-21, workPath=s3a://raw/olhovivo/empresa/dt=2024-09-21/_temporary/0/_temporary/attempt_202409212330107301430427942162622_0000_m_000005_5, algorithmVersion=1, skipCleanup=false, ignoreCleanupFailures=false} for s3a://raw/olhovivo/empresa/dt=2024-09-21
[2024-09-21T23:30:11.674+0000] {ssh.py:524} INFO - 24/09/21 23:30:11 INFO SQLHadoopMapReduceCommitProtocol: Using output committer class org.apache.hadoop.mapreduce.lib.output.FileOutputCommitter
[2024-09-21T23:30:11.705+0000] {ssh.py:524} INFO - 24/09/21 23:30:11 INFO PythonRunner: Times: total = 776, boot = 688, init = 88, finish = 0
[2024-09-21T23:30:11.723+0000] {ssh.py:524} INFO - 24/09/21 23:30:11 WARN AbstractS3ACommitterFactory: Using standard FileOutputCommitter to commit work. This is slow and potentially unsafe.
[2024-09-21T23:30:11.723+0000] {ssh.py:524} INFO - 24/09/21 23:30:11 INFO FileOutputCommitter: File Output Committer Algorithm version is 1
[2024-09-21T23:30:11.724+0000] {ssh.py:524} INFO - 24/09/21 23:30:11 INFO FileOutputCommitter: FileOutputCommitter skip cleanup _temporary folders under output directory:false, ignore cleanup failures: false
[2024-09-21T23:30:11.724+0000] {ssh.py:524} INFO - 24/09/21 23:30:11 INFO AbstractS3ACommitterFactory: Using Committer FileOutputCommitter{PathOutputCommitter{context=TaskAttemptContextImpl{JobContextImpl{jobId=job_202409212330107067370328534866386_0000}; taskId=attempt_202409212330107067370328534866386_0000_m_000002_2, status=''}; org.apache.hadoop.mapreduce.lib.output.FileOutputCommitter@31ad7264}; outputPath=s3a://raw/olhovivo/empresa/dt=2024-09-21, workPath=s3a://raw/olhovivo/empresa/dt=2024-09-21/_temporary/0/_temporary/attempt_202409212330107067370328534866386_0000_m_000002_2, algorithmVersion=1, skipCleanup=false, ignoreCleanupFailures=false} for s3a://raw/olhovivo/empresa/dt=2024-09-21
[2024-09-21T23:30:11.724+0000] {ssh.py:524} INFO - 24/09/21 23:30:11 INFO SQLHadoopMapReduceCommitProtocol: Using output committer class org.apache.hadoop.mapreduce.lib.output.FileOutputCommitter
[2024-09-21T23:30:11.736+0000] {ssh.py:524} INFO - 24/09/21 23:30:11 INFO PythonRunner: Times: total = 805, boot = 699, init = 106, finish = 0
[2024-09-21T23:30:11.763+0000] {ssh.py:524} INFO - 24/09/21 23:30:11 WARN AbstractS3ACommitterFactory: Using standard FileOutputCommitter to commit work. This is slow and potentially unsafe.
[2024-09-21T23:30:11.763+0000] {ssh.py:524} INFO - 24/09/21 23:30:11 INFO FileOutputCommitter: File Output Committer Algorithm version is 1
[2024-09-21T23:30:11.764+0000] {ssh.py:524} INFO - 24/09/21 23:30:11 INFO FileOutputCommitter: FileOutputCommitter skip cleanup _temporary folders under output directory:false, ignore cleanup failures: false
[2024-09-21T23:30:11.764+0000] {ssh.py:524} INFO - 24/09/21 23:30:11 INFO AbstractS3ACommitterFactory: Using Committer FileOutputCommitter{PathOutputCommitter{context=TaskAttemptContextImpl{JobContextImpl{jobId=job_202409212330109025241518001439310_0000}; taskId=attempt_202409212330109025241518001439310_0000_m_000000_0, status=''}; org.apache.hadoop.mapreduce.lib.output.FileOutputCommitter@a94cb1}; outputPath=s3a://raw/olhovivo/empresa/dt=2024-09-21, workPath=s3a://raw/olhovivo/empresa/dt=2024-09-21/_temporary/0/_temporary/attempt_202409212330109025241518001439310_0000_m_000000_0, algorithmVersion=1, skipCleanup=false, ignoreCleanupFailures=false} for s3a://raw/olhovivo/empresa/dt=2024-09-21
[2024-09-21T23:30:11.764+0000] {ssh.py:524} INFO - 24/09/21 23:30:11 INFO SQLHadoopMapReduceCommitProtocol: Using output committer class org.apache.hadoop.mapreduce.lib.output.FileOutputCommitter
[2024-09-21T23:30:11.768+0000] {ssh.py:524} INFO - 24/09/21 23:30:11 WARN AbstractS3ACommitterFactory: Using standard FileOutputCommitter to commit work. This is slow and potentially unsafe.
[2024-09-21T23:30:11.769+0000] {ssh.py:524} INFO - 24/09/21 23:30:11 WARN AbstractS3ACommitterFactory: Using standard FileOutputCommitter to commit work. This is slow and potentially unsafe.
[2024-09-21T23:30:11.769+0000] {ssh.py:524} INFO - 24/09/21 23:30:11 INFO FileOutputCommitter: File Output Committer Algorithm version is 1
[2024-09-21T23:30:11.770+0000] {ssh.py:524} INFO - 24/09/21 23:30:11 INFO FileOutputCommitter: File Output Committer Algorithm version is 1
[2024-09-21T23:30:11.770+0000] {ssh.py:524} INFO - 24/09/21 23:30:11 INFO FileOutputCommitter: FileOutputCommitter skip cleanup _temporary folders under output directory:false, ignore cleanup failures: false
[2024-09-21T23:30:11.770+0000] {ssh.py:524} INFO - 24/09/21 23:30:11 INFO AbstractS3ACommitterFactory: Using Committer FileOutputCommitter{PathOutputCommitter{context=TaskAttemptContextImpl{JobContextImpl{jobId=job_202409212330107125329947846900325_0000}; taskId=attempt_202409212330107125329947846900325_0000_m_000003_3, status=''}; org.apache.hadoop.mapreduce.lib.output.FileOutputCommitter@d06ba65}; outputPath=s3a://raw/olhovivo/empresa/dt=2024-09-21, workPath=s3a://raw/olhovivo/empresa/dt=2024-09-21/_temporary/0/_temporary/attempt_202409212330107125329947846900325_0000_m_000003_3, algorithmVersion=1, skipCleanup=false, ignoreCleanupFailures=false} for s3a://raw/olhovivo/empresa/dt=2024-09-21
[2024-09-21T23:30:11.770+0000] {ssh.py:524} INFO - 24/09/21 23:30:11 INFO FileOutputCommitter: FileOutputCommitter skip cleanup _temporary folders under output directory:false, ignore cleanup failures: false
[2024-09-21T23:30:11.771+0000] {ssh.py:524} INFO - 24/09/21 23:30:11 INFO AbstractS3ACommitterFactory: Using Committer FileOutputCommitter{PathOutputCommitter{context=TaskAttemptContextImpl{JobContextImpl{jobId=job_2024092123301067783379396998636_0000}; taskId=attempt_2024092123301067783379396998636_0000_m_000009_9, status=''}; org.apache.hadoop.mapreduce.lib.output.FileOutputCommitter@11efa4df}; outputPath=s3a://raw/olhovivo/empresa/dt=2024-09-21, workPath=s3a://raw/olhovivo/empresa/dt=2024-09-21/_temporary/0/_temporary/attempt_2024092123301067783379396998636_0000_m_000009_9, algorithmVersion=1, skipCleanup=false, ignoreCleanupFailures=false} for s3a://raw/olhovivo/empresa/dt=2024-09-21
[2024-09-21T23:30:11.771+0000] {ssh.py:524} INFO - 24/09/21 23:30:11 INFO SQLHadoopMapReduceCommitProtocol: Using output committer class org.apache.hadoop.mapreduce.lib.output.FileOutputCommitter
[2024-09-21T23:30:11.771+0000] {ssh.py:524} INFO - 24/09/21 23:30:11 INFO SQLHadoopMapReduceCommitProtocol: Using output committer class org.apache.hadoop.mapreduce.lib.output.FileOutputCommitter
[2024-09-21T23:30:11.784+0000] {ssh.py:524} INFO - 24/09/21 23:30:11 INFO SparkHadoopMapRedUtil: No need to commit output of task because needsTaskCommit=false: attempt_202409212330102502473325144895273_0000_m_000007_7
[2024-09-21T23:30:11.790+0000] {ssh.py:524} INFO - 24/09/21 23:30:11 WARN AbstractS3ACommitterFactory: Using standard FileOutputCommitter to commit work. This is slow and potentially unsafe.
[2024-09-21T23:30:11.791+0000] {ssh.py:524} INFO - 24/09/21 23:30:11 INFO FileOutputCommitter: File Output Committer Algorithm version is 1
[2024-09-21T23:30:11.792+0000] {ssh.py:524} INFO - 24/09/21 23:30:11 INFO FileOutputCommitter: FileOutputCommitter skip cleanup _temporary folders under output directory:false, ignore cleanup failures: false
[2024-09-21T23:30:11.792+0000] {ssh.py:524} INFO - 24/09/21 23:30:11 INFO AbstractS3ACommitterFactory: Using Committer FileOutputCommitter{PathOutputCommitter{context=TaskAttemptContextImpl{JobContextImpl{jobId=job_202409212330101721414488122204017_0000}; taskId=attempt_202409212330101721414488122204017_0000_m_000011_11, status=''}; org.apache.hadoop.mapreduce.lib.output.FileOutputCommitter@5b43e92d}; outputPath=s3a://raw/olhovivo/empresa/dt=2024-09-21, workPath=s3a://raw/olhovivo/empresa/dt=2024-09-21/_temporary/0/_temporary/attempt_202409212330101721414488122204017_0000_m_000011_11, algorithmVersion=1, skipCleanup=false, ignoreCleanupFailures=false} for s3a://raw/olhovivo/empresa/dt=2024-09-21
[2024-09-21T23:30:11.793+0000] {ssh.py:524} INFO - 24/09/21 23:30:11 INFO SQLHadoopMapReduceCommitProtocol: Using output committer class org.apache.hadoop.mapreduce.lib.output.FileOutputCommitter
[2024-09-21T23:30:11.793+0000] {ssh.py:524} INFO - 24/09/21 23:30:11 INFO SparkHadoopMapRedUtil: No need to commit output of task because needsTaskCommit=false: attempt_202409212330101425949943807486101_0000_m_000004_4
[2024-09-21T23:30:11.823+0000] {ssh.py:524} INFO - 24/09/21 23:30:11 INFO PythonRunner: Times: total = 885, boot = 715, init = 170, finish = 0
[2024-09-21T23:30:11.829+0000] {ssh.py:524} INFO - 24/09/21 23:30:11 INFO PythonRunner: Times: total = 896, boot = 707, init = 189, finish = 0
[2024-09-21T23:30:11.833+0000] {ssh.py:524} INFO - 24/09/21 23:30:11 INFO SparkHadoopMapRedUtil: No need to commit output of task because needsTaskCommit=false: attempt_202409212330107301430427942162622_0000_m_000005_5
[2024-09-21T23:30:11.834+0000] {ssh.py:524} INFO - 24/09/21 23:30:11 WARN AbstractS3ACommitterFactory: Using standard FileOutputCommitter to commit work. This is slow and potentially unsafe.
[2024-09-21T23:30:11.834+0000] {ssh.py:524} INFO - 24/09/21 23:30:11 INFO FileOutputCommitter: File Output Committer Algorithm version is 1
[2024-09-21T23:30:11.834+0000] {ssh.py:524} INFO - 24/09/21 23:30:11 INFO FileOutputCommitter: FileOutputCommitter skip cleanup _temporary folders under output directory:false, ignore cleanup failures: false
[2024-09-21T23:30:11.835+0000] {ssh.py:524} INFO - 24/09/21 23:30:11 INFO AbstractS3ACommitterFactory: Using Committer FileOutputCommitter{PathOutputCommitter{context=TaskAttemptContextImpl{JobContextImpl{jobId=job_202409212330102598040946972472135_0000}; taskId=attempt_202409212330102598040946972472135_0000_m_000001_1, status=''}; org.apache.hadoop.mapreduce.lib.output.FileOutputCommitter@222fed74}; outputPath=s3a://raw/olhovivo/empresa/dt=2024-09-21, workPath=s3a://raw/olhovivo/empresa/dt=2024-09-21/_temporary/0/_temporary/attempt_202409212330102598040946972472135_0000_m_000001_1, algorithmVersion=1, skipCleanup=false, ignoreCleanupFailures=false} for s3a://raw/olhovivo/empresa/dt=2024-09-21
[2024-09-21T23:30:11.835+0000] {ssh.py:524} INFO - 24/09/21 23:30:11 INFO SQLHadoopMapReduceCommitProtocol: Using output committer class org.apache.hadoop.mapreduce.lib.output.FileOutputCommitter
[2024-09-21T23:30:11.836+0000] {ssh.py:524} INFO - 24/09/21 23:30:11 INFO SparkHadoopMapRedUtil: No need to commit output of task because needsTaskCommit=false: attempt_202409212330105493287835487791299_0000_m_000008_8
[2024-09-21T23:30:11.843+0000] {ssh.py:524} INFO - 24/09/21 23:30:11 WARN AbstractS3ACommitterFactory: Using standard FileOutputCommitter to commit work. This is slow and potentially unsafe.
[2024-09-21T23:30:11.844+0000] {ssh.py:524} INFO - 24/09/21 23:30:11 INFO FileOutputCommitter: File Output Committer Algorithm version is 1
[2024-09-21T23:30:11.844+0000] {ssh.py:524} INFO - 24/09/21 23:30:11 INFO FileOutputCommitter: FileOutputCommitter skip cleanup _temporary folders under output directory:false, ignore cleanup failures: false
[2024-09-21T23:30:11.845+0000] {ssh.py:524} INFO - 24/09/21 23:30:11 INFO AbstractS3ACommitterFactory: Using Committer FileOutputCommitter{PathOutputCommitter{context=TaskAttemptContextImpl{JobContextImpl{jobId=job_202409212330103367803638498647834_0000}; taskId=attempt_202409212330103367803638498647834_0000_m_000010_10, status=''}; org.apache.hadoop.mapreduce.lib.output.FileOutputCommitter@f5b783}; outputPath=s3a://raw/olhovivo/empresa/dt=2024-09-21, workPath=s3a://raw/olhovivo/empresa/dt=2024-09-21/_temporary/0/_temporary/attempt_202409212330103367803638498647834_0000_m_000010_10, algorithmVersion=1, skipCleanup=false, ignoreCleanupFailures=false} for s3a://raw/olhovivo/empresa/dt=2024-09-21
[2024-09-21T23:30:11.845+0000] {ssh.py:524} INFO - 24/09/21 23:30:11 INFO SQLHadoopMapReduceCommitProtocol: Using output committer class org.apache.hadoop.mapreduce.lib.output.FileOutputCommitter
[2024-09-21T23:30:11.845+0000] {ssh.py:524} INFO - 24/09/21 23:30:11 INFO Executor: Finished task 4.0 in stage 0.0 (TID 4). 2871 bytes result sent to driver
[2024-09-21T23:30:11.846+0000] {ssh.py:524} INFO - 24/09/21 23:30:11 INFO PythonRunner: Times: total = 900, boot = 788, init = 112, finish = 0
[2024-09-21T23:30:11.846+0000] {ssh.py:524} INFO - 24/09/21 23:30:11 INFO Executor: Finished task 5.0 in stage 0.0 (TID 5). 2828 bytes result sent to driver
[2024-09-21T23:30:11.847+0000] {ssh.py:524} INFO - 24/09/21 23:30:11 INFO Executor: Finished task 7.0 in stage 0.0 (TID 7). 2871 bytes result sent to driver
[2024-09-21T23:30:11.849+0000] {ssh.py:524} INFO - 24/09/21 23:30:11 INFO Executor: Finished task 8.0 in stage 0.0 (TID 8). 2828 bytes result sent to driver
[2024-09-21T23:30:11.850+0000] {ssh.py:524} INFO - 24/09/21 23:30:11 INFO SparkHadoopMapRedUtil: No need to commit output of task because needsTaskCommit=false: attempt_202409212330103367803638498647834_0000_m_000010_10
[2024-09-21T23:30:11.851+0000] {ssh.py:524} INFO - 24/09/21 23:30:11 WARN AbstractS3ACommitterFactory: Using standard FileOutputCommitter to commit work. This is slow and potentially unsafe.
[2024-09-21T23:30:11.851+0000] {ssh.py:524} INFO - 24/09/21 23:30:11 INFO FileOutputCommitter: File Output Committer Algorithm version is 1
[2024-09-21T23:30:11.852+0000] {ssh.py:524} INFO - 24/09/21 23:30:11 INFO FileOutputCommitter: FileOutputCommitter skip cleanup _temporary folders under output directory:false, ignore cleanup failures: false
[2024-09-21T23:30:11.852+0000] {ssh.py:524} INFO - 24/09/21 23:30:11 INFO AbstractS3ACommitterFactory: Using Committer FileOutputCommitter{PathOutputCommitter{context=TaskAttemptContextImpl{JobContextImpl{jobId=job_202409212330102782032574401353475_0000}; taskId=attempt_202409212330102782032574401353475_0000_m_000006_6, status=''}; org.apache.hadoop.mapreduce.lib.output.FileOutputCommitter@1b13520d}; outputPath=s3a://raw/olhovivo/empresa/dt=2024-09-21, workPath=s3a://raw/olhovivo/empresa/dt=2024-09-21/_temporary/0/_temporary/attempt_202409212330102782032574401353475_0000_m_000006_6, algorithmVersion=1, skipCleanup=false, ignoreCleanupFailures=false} for s3a://raw/olhovivo/empresa/dt=2024-09-21
[2024-09-21T23:30:11.852+0000] {ssh.py:524} INFO - 24/09/21 23:30:11 INFO SQLHadoopMapReduceCommitProtocol: Using output committer class org.apache.hadoop.mapreduce.lib.output.FileOutputCommitter
[2024-09-21T23:30:11.856+0000] {ssh.py:524} INFO - 24/09/21 23:30:11 INFO Executor: Finished task 10.0 in stage 0.0 (TID 10). 2828 bytes result sent to driver
[2024-09-21T23:30:11.874+0000] {ssh.py:524} INFO - 24/09/21 23:30:11 INFO PythonRunner: Times: total = 944, boot = 742, init = 202, finish = 0
[2024-09-21T23:30:11.877+0000] {ssh.py:524} INFO - 24/09/21 23:30:11 INFO PythonRunner: Times: total = 951, boot = 797, init = 154, finish = 0
[2024-09-21T23:30:11.884+0000] {ssh.py:524} INFO - 24/09/21 23:30:11 INFO SparkHadoopMapRedUtil: No need to commit output of task because needsTaskCommit=false: attempt_202409212330107067370328534866386_0000_m_000002_2
[2024-09-21T23:30:11.889+0000] {ssh.py:524} INFO - 24/09/21 23:30:11 INFO SparkHadoopMapRedUtil: No need to commit output of task because needsTaskCommit=false: attempt_2024092123301067783379396998636_0000_m_000009_9
[2024-09-21T23:30:11.893+0000] {ssh.py:524} INFO - 24/09/21 23:30:11 INFO Executor: Finished task 9.0 in stage 0.0 (TID 9). 2828 bytes result sent to driver
[2024-09-21T23:30:11.894+0000] {ssh.py:524} INFO - 24/09/21 23:30:11 INFO Executor: Finished task 2.0 in stage 0.0 (TID 2). 2828 bytes result sent to driver
[2024-09-21T23:30:11.897+0000] {ssh.py:524} INFO - 24/09/21 23:30:11 INFO PythonRunner: Times: total = 964, boot = 816, init = 148, finish = 0
[2024-09-21T23:30:11.908+0000] {ssh.py:524} INFO - 24/09/21 23:30:11 INFO PythonRunner: Times: total = 982, boot = 818, init = 163, finish = 1
[2024-09-21T23:30:11.918+0000] {ssh.py:524} INFO - 24/09/21 23:30:11 INFO TaskSetManager: Finished task 7.0 in stage 0.0 (TID 7) in 1229 ms on spark-master (executor driver) (1/12)
[2024-09-21T23:30:11.922+0000] {ssh.py:524} INFO - 24/09/21 23:30:11 INFO SparkHadoopMapRedUtil: No need to commit output of task because needsTaskCommit=false: attempt_202409212330102598040946972472135_0000_m_000001_1
[2024-09-21T23:30:11.923+0000] {ssh.py:524} INFO - 24/09/21 23:30:11 INFO TaskSetManager: Finished task 4.0 in stage 0.0 (TID 4) in 1236 ms on spark-master (executor driver) (2/12)
[2024-09-21T23:30:11.923+0000] {ssh.py:524} INFO - 24/09/21 23:30:11 INFO TaskSetManager: Finished task 10.0 in stage 0.0 (TID 10) in 1227 ms on spark-master (executor driver) (3/12)
[2024-09-21T23:30:11.924+0000] {ssh.py:524} INFO - 24/09/21 23:30:11 INFO TaskSetManager: Finished task 8.0 in stage 0.0 (TID 8) in 1231 ms on spark-master (executor driver) (4/12)
[2024-09-21T23:30:11.924+0000] {ssh.py:524} INFO - 24/09/21 23:30:11 INFO TaskSetManager: Finished task 5.0 in stage 0.0 (TID 5) in 1236 ms on spark-master (executor driver) (5/12)
[2024-09-21T23:30:11.924+0000] {ssh.py:524} INFO - 24/09/21 23:30:11 INFO TaskSetManager: Finished task 9.0 in stage 0.0 (TID 9) in 1230 ms on spark-master (executor driver) (6/12)
[2024-09-21T23:30:11.925+0000] {ssh.py:524} INFO - 24/09/21 23:30:11 INFO TaskSetManager: Finished task 2.0 in stage 0.0 (TID 2) in 1240 ms on spark-master (executor driver) (7/12)
[2024-09-21T23:30:11.925+0000] {ssh.py:524} INFO - 24/09/21 23:30:11 INFO Executor: Finished task 1.0 in stage 0.0 (TID 1). 2828 bytes result sent to driver
[2024-09-21T23:30:11.925+0000] {ssh.py:524} INFO - 24/09/21 23:30:11 INFO TaskSetManager: Finished task 1.0 in stage 0.0 (TID 1) in 1243 ms on spark-master (executor driver) (8/12)
[2024-09-21T23:30:11.928+0000] {ssh.py:524} INFO - 24/09/21 23:30:11 INFO SparkHadoopMapRedUtil: No need to commit output of task because needsTaskCommit=false: attempt_202409212330102782032574401353475_0000_m_000006_6
[2024-09-21T23:30:11.929+0000] {ssh.py:524} INFO - 24/09/21 23:30:11 INFO PythonAccumulatorV2: Connected to AccumulatorServer at host: 127.0.0.1 port: 54985
[2024-09-21T23:30:11.931+0000] {ssh.py:524} INFO - 24/09/21 23:30:11 INFO Executor: Finished task 6.0 in stage 0.0 (TID 6). 2828 bytes result sent to driver
[2024-09-21T23:30:11.935+0000] {ssh.py:524} INFO - 24/09/21 23:30:11 INFO TaskSetManager: Finished task 6.0 in stage 0.0 (TID 6) in 1248 ms on spark-master (executor driver) (9/12)
[2024-09-21T23:30:11.938+0000] {ssh.py:524} INFO - 24/09/21 23:30:11 INFO PythonRunner: Times: total = 1011, boot = 826, init = 185, finish = 0
[2024-09-21T23:30:11.949+0000] {ssh.py:524} INFO - 24/09/21 23:30:11 INFO SparkHadoopMapRedUtil: No need to commit output of task because needsTaskCommit=false: attempt_202409212330107125329947846900325_0000_m_000003_3
[2024-09-21T23:30:11.952+0000] {ssh.py:524} INFO - 24/09/21 23:30:11 INFO Executor: Finished task 3.0 in stage 0.0 (TID 3). 2828 bytes result sent to driver
[2024-09-21T23:30:11.954+0000] {ssh.py:524} INFO - 24/09/21 23:30:11 INFO TaskSetManager: Finished task 3.0 in stage 0.0 (TID 3) in 1271 ms on spark-master (executor driver) (10/12)
[2024-09-21T23:30:11.968+0000] {ssh.py:524} INFO - 24/09/21 23:30:11 INFO PythonRunner: Times: total = 984, boot = 785, init = 198, finish = 1
[2024-09-21T23:30:11.982+0000] {ssh.py:524} INFO - 24/09/21 23:30:11 INFO PythonRunner: Times: total = 1000, boot = 774, init = 225, finish = 1
[2024-09-21T23:30:12.260+0000] {ssh.py:524} INFO - 24/09/21 23:30:12 INFO FileOutputCommitter: Saved output of task 'attempt_202409212330101721414488122204017_0000_m_000011_11' to s3a://raw/olhovivo/empresa/dt=2024-09-21/_temporary/0/task_202409212330101721414488122204017_0000_m_000011
[2024-09-21T23:30:12.261+0000] {ssh.py:524} INFO - 24/09/21 23:30:12 INFO SparkHadoopMapRedUtil: attempt_202409212330101721414488122204017_0000_m_000011_11: Committed. Elapsed time: 224 ms.
[2024-09-21T23:30:12.264+0000] {ssh.py:524} INFO - 24/09/21 23:30:12 INFO Executor: Finished task 11.0 in stage 0.0 (TID 11). 2957 bytes result sent to driver
[2024-09-21T23:30:12.265+0000] {ssh.py:524} INFO - 24/09/21 23:30:12 INFO TaskSetManager: Finished task 11.0 in stage 0.0 (TID 11) in 1572 ms on spark-master (executor driver) (11/12)
[2024-09-21T23:30:12.269+0000] {ssh.py:524} INFO - 24/09/21 23:30:12 INFO FileOutputCommitter: Saved output of task 'attempt_202409212330109025241518001439310_0000_m_000000_0' to s3a://raw/olhovivo/empresa/dt=2024-09-21/_temporary/0/task_202409212330109025241518001439310_0000_m_000000
[2024-09-21T23:30:12.270+0000] {ssh.py:524} INFO - 24/09/21 23:30:12 INFO SparkHadoopMapRedUtil: attempt_202409212330109025241518001439310_0000_m_000000_0: Committed. Elapsed time: 231 ms.
[2024-09-21T23:30:12.274+0000] {ssh.py:524} INFO - 24/09/21 23:30:12 INFO Executor: Finished task 0.0 in stage 0.0 (TID 0). 2828 bytes result sent to driver
[2024-09-21T23:30:12.275+0000] {ssh.py:524} INFO - 24/09/21 23:30:12 INFO TaskSetManager: Finished task 0.0 in stage 0.0 (TID 0) in 1624 ms on spark-master (executor driver) (12/12)
[2024-09-21T23:30:12.276+0000] {ssh.py:524} INFO - 24/09/21 23:30:12 INFO TaskSchedulerImpl: Removed TaskSet 0.0, whose tasks have all completed, from pool 
[2024-09-21T23:30:12.278+0000] {ssh.py:524} INFO - 24/09/21 23:30:12 INFO DAGScheduler: ResultStage 0 (save at NativeMethodAccessorImpl.java:0) finished in 1.888 s
[2024-09-21T23:30:12.284+0000] {ssh.py:524} INFO - 24/09/21 23:30:12 INFO DAGScheduler: Job 0 is finished. Cancelling potential speculative or zombie tasks for this job
[2024-09-21T23:30:12.285+0000] {ssh.py:524} INFO - 24/09/21 23:30:12 INFO TaskSchedulerImpl: Killing all running tasks in stage 0: Stage finished
[2024-09-21T23:30:12.287+0000] {ssh.py:524} INFO - 24/09/21 23:30:12 INFO DAGScheduler: Job 0 finished: save at NativeMethodAccessorImpl.java:0, took 1.966357 s
[2024-09-21T23:30:12.290+0000] {ssh.py:524} INFO - 24/09/21 23:30:12 INFO FileFormatWriter: Start to commit write Job a473ac97-d2d1-4721-bd5b-c9bdb7b5bf82.
[2024-09-21T23:30:12.617+0000] {ssh.py:524} INFO - 24/09/21 23:30:12 INFO FileFormatWriter: Write Job a473ac97-d2d1-4721-bd5b-c9bdb7b5bf82 committed. Elapsed time: 325 ms.
[2024-09-21T23:30:12.632+0000] {ssh.py:524} INFO - 24/09/21 23:30:12 INFO FileFormatWriter: Finished processing stats for write job a473ac97-d2d1-4721-bd5b-c9bdb7b5bf82.
[2024-09-21T23:30:12.644+0000] {ssh.py:524} INFO - [DEBUG] Done.
[2024-09-21T23:30:12.683+0000] {ssh.py:524} INFO - 24/09/21 23:30:12 INFO SparkContext: Invoking stop() from shutdown hook
[2024-09-21T23:30:12.709+0000] {ssh.py:524} INFO - 24/09/21 23:30:12 INFO SparkUI: Stopped Spark web UI at http://spark-master:4043
[2024-09-21T23:30:12.729+0000] {ssh.py:524} INFO - 24/09/21 23:30:12 INFO MapOutputTrackerMasterEndpoint: MapOutputTrackerMasterEndpoint stopped!
[2024-09-21T23:30:12.802+0000] {ssh.py:524} INFO - 24/09/21 23:30:12 INFO MemoryStore: MemoryStore cleared
[2024-09-21T23:30:12.803+0000] {ssh.py:524} INFO - 24/09/21 23:30:12 INFO BlockManager: BlockManager stopped
[2024-09-21T23:30:12.811+0000] {ssh.py:524} INFO - 24/09/21 23:30:12 INFO BlockManagerMaster: BlockManagerMaster stopped
[2024-09-21T23:30:12.813+0000] {ssh.py:524} INFO - 24/09/21 23:30:12 INFO OutputCommitCoordinator$OutputCommitCoordinatorEndpoint: OutputCommitCoordinator stopped!
[2024-09-21T23:30:12.833+0000] {ssh.py:524} INFO - 24/09/21 23:30:12 INFO SparkContext: Successfully stopped SparkContext
[2024-09-21T23:30:12.833+0000] {ssh.py:524} INFO - 24/09/21 23:30:12 INFO ShutdownHookManager: Shutdown hook called
[2024-09-21T23:30:12.834+0000] {ssh.py:524} INFO - 24/09/21 23:30:12 INFO ShutdownHookManager: Deleting directory /tmp/spark-d7da3524-f55c-4500-9223-523e54ff3ac8/pyspark-36e88c32-166a-496f-86b0-fbe9dde1a074
[2024-09-21T23:30:12.837+0000] {ssh.py:524} INFO - 24/09/21 23:30:12 INFO ShutdownHookManager: Deleting directory /tmp/spark-53faee65-8491-4510-81fd-55a16f348a85
[2024-09-21T23:30:12.839+0000] {ssh.py:524} INFO - 24/09/21 23:30:12 INFO ShutdownHookManager: Deleting directory /tmp/spark-d7da3524-f55c-4500-9223-523e54ff3ac8
[2024-09-21T23:30:12.845+0000] {ssh.py:524} INFO - 24/09/21 23:30:12 INFO MetricsSystemImpl: Stopping s3a-file-system metrics system...
[2024-09-21T23:30:12.846+0000] {ssh.py:524} INFO - 24/09/21 23:30:12 INFO MetricsSystemImpl: s3a-file-system metrics system stopped.
[2024-09-21T23:30:12.847+0000] {ssh.py:524} INFO - 24/09/21 23:30:12 INFO MetricsSystemImpl: s3a-file-system metrics system shutdown complete.
[2024-09-21T23:30:13.054+0000] {taskinstance.py:1400} INFO - Marking task as SUCCESS. dag_id=raw_ingestion, task_id=spark_raw_ingestion_empresa, execution_date=20240921T230000, start_date=20240921T233001, end_date=20240921T233013
[2024-09-21T23:30:13.122+0000] {local_task_job_runner.py:228} INFO - Task exited with return code 0
[2024-09-21T23:30:13.177+0000] {taskinstance.py:2778} INFO - 0 downstream tasks scheduled from follow-on schedule check
