[2024-09-21T20:17:10.582+0000] {taskinstance.py:1159} INFO - Dependencies all met for dep_context=non-requeueable deps ti=<TaskInstance: raw_ingestion.spark_raw_ingestion_previsao scheduled__2024-09-20T14:30:00+00:00 [queued]>
[2024-09-21T20:17:10.596+0000] {taskinstance.py:1159} INFO - Dependencies all met for dep_context=requeueable deps ti=<TaskInstance: raw_ingestion.spark_raw_ingestion_previsao scheduled__2024-09-20T14:30:00+00:00 [queued]>
[2024-09-21T20:17:10.597+0000] {taskinstance.py:1361} INFO - Starting attempt 1 of 0
[2024-09-21T20:17:10.641+0000] {taskinstance.py:1382} INFO - Executing <Task(SSHOperator): spark_raw_ingestion_previsao> on 2024-09-20 14:30:00+00:00
[2024-09-21T20:17:10.655+0000] {standard_task_runner.py:57} INFO - Started process 117 to run task
[2024-09-21T20:17:10.659+0000] {standard_task_runner.py:84} INFO - Running: ['airflow', 'tasks', 'run', 'raw_ingestion', 'spark_raw_ingestion_previsao', 'scheduled__2024-09-20T14:30:00+00:00', '--job-id', '275', '--raw', '--subdir', 'DAGS_FOLDER/raw_ingestion.py', '--cfg-path', '/tmp/tmpq738srrp']
[2024-09-21T20:17:10.660+0000] {standard_task_runner.py:85} INFO - Job 275: Subtask spark_raw_ingestion_previsao
[2024-09-21T20:17:10.924+0000] {task_command.py:416} INFO - Running <TaskInstance: raw_ingestion.spark_raw_ingestion_previsao scheduled__2024-09-20T14:30:00+00:00 [running]> on host airflow-worker
[2024-09-21T20:17:11.437+0000] {taskinstance.py:1662} INFO - Exporting env vars: AIRFLOW_CTX_DAG_OWNER='***' AIRFLOW_CTX_DAG_ID='raw_ingestion' AIRFLOW_CTX_TASK_ID='spark_raw_ingestion_previsao' AIRFLOW_CTX_EXECUTION_DATE='2024-09-20T14:30:00+00:00' AIRFLOW_CTX_TRY_NUMBER='1' AIRFLOW_CTX_DAG_RUN_ID='scheduled__2024-09-20T14:30:00+00:00'
[2024-09-21T20:17:11.438+0000] {ssh.py:141} INFO - Creating ssh_client
[2024-09-21T20:17:11.440+0000] {ssh.py:114} INFO - ssh_hook is not provided or invalid. Trying ssh_conn_id to create SSHHook.
[2024-09-21T20:17:11.544+0000] {base.py:73} INFO - Using connection ID 'spark_ssh_default' for task execution.
[2024-09-21T20:17:11.546+0000] {ssh.py:300} WARNING - No Host Key Verification. This won't protect against Man-In-The-Middle attacks
[2024-09-21T20:17:11.563+0000] {transport.py:1893} INFO - Connected (version 2.0, client OpenSSH_8.9p1)
[2024-09-21T20:17:11.750+0000] {transport.py:1893} INFO - Authentication (password) successful!
[2024-09-21T20:17:11.751+0000] {ssh.py:478} INFO - Running command: export SPARK_HOME=/usr/local/spark; /opt/conda/bin/spark-submit --master local[*] --executor-memory 2g /opt/shared/scripts/raw_ingestion.py 2024-09-20 previsao
[2024-09-21T20:17:20.661+0000] {ssh.py:524} INFO - [DEBUG] dt_now: 2024-09-20
[2024-09-21T20:17:20.662+0000] {ssh.py:524} INFO - [DEBUG] endpoint: previsao
[2024-09-21T20:17:21.959+0000] {ssh.py:524} INFO - 24/09/21 20:17:21 INFO SparkContext: Running Spark version 3.3.1
[2024-09-21T20:17:22.136+0000] {ssh.py:524} INFO - 24/09/21 20:17:22 WARN NativeCodeLoader: Unable to load native-hadoop library for your platform... using builtin-java classes where applicable
[2024-09-21T20:17:22.467+0000] {ssh.py:524} INFO - 24/09/21 20:17:22 INFO ResourceUtils: ==============================================================
[2024-09-21T20:17:22.468+0000] {ssh.py:524} INFO - 24/09/21 20:17:22 INFO ResourceUtils: No custom resources configured for spark.driver.
[2024-09-21T20:17:22.468+0000] {ssh.py:524} INFO - 24/09/21 20:17:22 INFO ResourceUtils: ==============================================================
[2024-09-21T20:17:22.469+0000] {ssh.py:524} INFO - 24/09/21 20:17:22 INFO SparkContext: Submitted application: raw_ingestion_previsao
[2024-09-21T20:17:22.565+0000] {ssh.py:524} INFO - 24/09/21 20:17:22 INFO ResourceProfile: Default ResourceProfile created, executor resources: Map(cores -> name: cores, amount: 1, script: , vendor: , memory -> name: memory, amount: 1024, script: , vendor: , offHeap -> name: offHeap, amount: 0, script: , vendor: ), task resources: Map(cpus -> name: cpus, amount: 1.0)
[2024-09-21T20:17:22.584+0000] {ssh.py:524} INFO - 24/09/21 20:17:22 INFO ResourceProfile: Limiting resource is cpu
[2024-09-21T20:17:22.586+0000] {ssh.py:524} INFO - 24/09/21 20:17:22 INFO ResourceProfileManager: Added ResourceProfile id: 0
[2024-09-21T20:17:22.808+0000] {ssh.py:524} INFO - 24/09/21 20:17:22 INFO SecurityManager: Changing view acls to: root
[2024-09-21T20:17:22.809+0000] {ssh.py:524} INFO - 24/09/21 20:17:22 INFO SecurityManager: Changing modify acls to: root
[2024-09-21T20:17:22.816+0000] {ssh.py:524} INFO - 24/09/21 20:17:22 INFO SecurityManager: Changing view acls groups to: 
[2024-09-21T20:17:22.817+0000] {ssh.py:524} INFO - 24/09/21 20:17:22 INFO SecurityManager: Changing modify acls groups to: 
[2024-09-21T20:17:22.819+0000] {ssh.py:524} INFO - 24/09/21 20:17:22 INFO SecurityManager: SecurityManager: authentication disabled; ui acls disabled; users  with view permissions: Set(root); groups with view permissions: Set(); users  with modify permissions: Set(root); groups with modify permissions: Set()
[2024-09-21T20:17:25.026+0000] {ssh.py:524} INFO - 24/09/21 20:17:24 INFO Utils: Successfully started service 'sparkDriver' on port 40461.
[2024-09-21T20:17:25.183+0000] {ssh.py:524} INFO - 24/09/21 20:17:25 INFO SparkEnv: Registering MapOutputTracker
[2024-09-21T20:17:25.284+0000] {ssh.py:524} INFO - 24/09/21 20:17:25 INFO SparkEnv: Registering BlockManagerMaster
[2024-09-21T20:17:25.323+0000] {ssh.py:524} INFO - 24/09/21 20:17:25 INFO BlockManagerMasterEndpoint: Using org.apache.spark.storage.DefaultTopologyMapper for getting topology information
[2024-09-21T20:17:25.324+0000] {ssh.py:524} INFO - 24/09/21 20:17:25 INFO BlockManagerMasterEndpoint: BlockManagerMasterEndpoint up
[2024-09-21T20:17:25.338+0000] {ssh.py:524} INFO - 24/09/21 20:17:25 INFO SparkEnv: Registering BlockManagerMasterHeartbeat
[2024-09-21T20:17:25.398+0000] {ssh.py:524} INFO - 24/09/21 20:17:25 INFO DiskBlockManager: Created local directory at /tmp/blockmgr-539479cf-7447-457b-8e79-ba6a6cb361f8
[2024-09-21T20:17:25.499+0000] {ssh.py:524} INFO - 24/09/21 20:17:25 INFO MemoryStore: MemoryStore started with capacity 434.4 MiB
[2024-09-21T20:17:25.544+0000] {ssh.py:524} INFO - 24/09/21 20:17:25 INFO SparkEnv: Registering OutputCommitCoordinator
[2024-09-21T20:17:28.499+0000] {ssh.py:524} INFO - 24/09/21 20:17:28 WARN Utils: Service 'SparkUI' could not bind on port 4040. Attempting port 4041.
[2024-09-21T20:17:28.505+0000] {ssh.py:524} INFO - 24/09/21 20:17:28 WARN Utils: Service 'SparkUI' could not bind on port 4041. Attempting port 4042.
[2024-09-21T20:17:28.508+0000] {ssh.py:524} INFO - 24/09/21 20:17:28 WARN Utils: Service 'SparkUI' could not bind on port 4042. Attempting port 4043.
[2024-09-21T20:17:29.192+0000] {ssh.py:524} INFO - 24/09/21 20:17:29 INFO Utils: Successfully started service 'SparkUI' on port 4043.
[2024-09-21T20:17:30.013+0000] {ssh.py:524} INFO - 24/09/21 20:17:30 INFO Executor: Starting executor ID driver on host spark-master
[2024-09-21T20:17:30.068+0000] {ssh.py:524} INFO - 24/09/21 20:17:30 INFO Executor: Starting executor with user classpath (userClassPathFirst = false): ''
[2024-09-21T20:17:30.241+0000] {ssh.py:524} INFO - 24/09/21 20:17:30 INFO Utils: Successfully started service 'org.apache.spark.network.netty.NettyBlockTransferService' on port 33679.
[2024-09-21T20:17:30.242+0000] {ssh.py:524} INFO - 24/09/21 20:17:30 INFO NettyBlockTransferService: Server created on spark-master:33679
[2024-09-21T20:17:30.250+0000] {ssh.py:524} INFO - 24/09/21 20:17:30 INFO BlockManager: Using org.apache.spark.storage.RandomBlockReplicationPolicy for block replication policy
[2024-09-21T20:17:30.296+0000] {ssh.py:524} INFO - 24/09/21 20:17:30 INFO BlockManagerMaster: Registering BlockManager BlockManagerId(driver, spark-master, 33679, None)
[2024-09-21T20:17:30.300+0000] {ssh.py:524} INFO - 24/09/21 20:17:30 INFO BlockManagerMasterEndpoint: Registering block manager spark-master:33679 with 434.4 MiB RAM, BlockManagerId(driver, spark-master, 33679, None)
[2024-09-21T20:17:30.304+0000] {ssh.py:524} INFO - 24/09/21 20:17:30 INFO BlockManagerMaster: Registered BlockManager BlockManagerId(driver, spark-master, 33679, None)
[2024-09-21T20:17:30.305+0000] {ssh.py:524} INFO - 24/09/21 20:17:30 INFO BlockManager: Initialized BlockManager: BlockManagerId(driver, spark-master, 33679, None)
[2024-09-21T20:17:35.737+0000] {ssh.py:524} INFO - 24/09/21 20:17:35 INFO SharedState: Setting hive.metastore.warehouse.dir ('null') to the value of spark.sql.warehouse.dir.
[2024-09-21T20:17:35.762+0000] {ssh.py:524} INFO - 24/09/21 20:17:35 INFO SharedState: Warehouse path is 'file:/root/spark-warehouse'.
[2024-09-21T20:17:37.942+0000] {taskinstance.py:1937} ERROR - Task failed with exception
Traceback (most recent call last):
  File "/home/airflow/.local/lib/python3.8/site-packages/airflow/providers/ssh/operators/ssh.py", line 178, in execute
    result = self.run_ssh_client_command(ssh_client, self.command, context=context)
  File "/home/airflow/.local/lib/python3.8/site-packages/airflow/providers/ssh/operators/ssh.py", line 166, in run_ssh_client_command
    self.raise_for_status(exit_status, agg_stderr, context=context)
  File "/home/airflow/.local/lib/python3.8/site-packages/airflow/providers/ssh/operators/ssh.py", line 160, in raise_for_status
    raise AirflowException(f"SSH operator error: exit status = {exit_status}")
airflow.exceptions.AirflowException: SSH operator error: exit status = -1
[2024-09-21T20:17:37.947+0000] {taskinstance.py:1400} INFO - Marking task as FAILED. dag_id=raw_ingestion, task_id=spark_raw_ingestion_previsao, execution_date=20240920T143000, start_date=20240921T201710, end_date=20240921T201737
[2024-09-21T20:17:37.978+0000] {standard_task_runner.py:104} ERROR - Failed to execute job 275 for task spark_raw_ingestion_previsao (SSH operator error: exit status = -1; 117)
[2024-09-21T20:17:38.016+0000] {local_task_job_runner.py:228} INFO - Task exited with return code 1
[2024-09-21T20:17:38.094+0000] {taskinstance.py:2778} INFO - 0 downstream tasks scheduled from follow-on schedule check
