[2024-09-20T14:04:36.589+0000] {taskinstance.py:1159} INFO - Dependencies all met for dep_context=non-requeueable deps ti=<TaskInstance: raw_ingestion.spark_raw_ingestion_posicao manual__2024-09-20T14:04:34.948292+00:00 [queued]>
[2024-09-20T14:04:36.599+0000] {taskinstance.py:1159} INFO - Dependencies all met for dep_context=requeueable deps ti=<TaskInstance: raw_ingestion.spark_raw_ingestion_posicao manual__2024-09-20T14:04:34.948292+00:00 [queued]>
[2024-09-20T14:04:36.600+0000] {taskinstance.py:1361} INFO - Starting attempt 1 of 0
[2024-09-20T14:04:36.626+0000] {taskinstance.py:1382} INFO - Executing <Task(SSHOperator): spark_raw_ingestion_posicao> on 2024-09-20 14:04:34.948292+00:00
[2024-09-20T14:04:36.631+0000] {standard_task_runner.py:57} INFO - Started process 1316 to run task
[2024-09-20T14:04:36.633+0000] {standard_task_runner.py:84} INFO - Running: ['airflow', 'tasks', 'run', 'raw_ingestion', 'spark_raw_ingestion_posicao', 'manual__2024-09-20T14:04:34.948292+00:00', '--job-id', '259', '--raw', '--subdir', 'DAGS_FOLDER/raw_ingestion.py', '--cfg-path', '/tmp/tmpshpeihjb']
[2024-09-20T14:04:36.634+0000] {standard_task_runner.py:85} INFO - Job 259: Subtask spark_raw_ingestion_posicao
[2024-09-20T14:04:36.763+0000] {task_command.py:416} INFO - Running <TaskInstance: raw_ingestion.spark_raw_ingestion_posicao manual__2024-09-20T14:04:34.948292+00:00 [running]> on host airflow-worker
[2024-09-20T14:04:36.967+0000] {taskinstance.py:1662} INFO - Exporting env vars: AIRFLOW_CTX_DAG_OWNER='***' AIRFLOW_CTX_DAG_ID='raw_ingestion' AIRFLOW_CTX_TASK_ID='spark_raw_ingestion_posicao' AIRFLOW_CTX_EXECUTION_DATE='2024-09-20T14:04:34.948292+00:00' AIRFLOW_CTX_TRY_NUMBER='1' AIRFLOW_CTX_DAG_RUN_ID='manual__2024-09-20T14:04:34.948292+00:00'
[2024-09-20T14:04:36.968+0000] {ssh.py:141} INFO - Creating ssh_client
[2024-09-20T14:04:36.968+0000] {ssh.py:114} INFO - ssh_hook is not provided or invalid. Trying ssh_conn_id to create SSHHook.
[2024-09-20T14:04:36.998+0000] {base.py:73} INFO - Using connection ID 'spark_ssh_default' for task execution.
[2024-09-20T14:04:36.999+0000] {ssh.py:300} WARNING - No Host Key Verification. This won't protect against Man-In-The-Middle attacks
[2024-09-20T14:04:37.009+0000] {transport.py:1893} INFO - Connected (version 2.0, client OpenSSH_8.9p1)
[2024-09-20T14:04:37.090+0000] {transport.py:1893} INFO - Authentication (password) successful!
[2024-09-20T14:04:37.091+0000] {ssh.py:478} INFO - Running command: export SPARK_HOME=/usr/local/spark; /opt/conda/bin/spark-submit --master local[*] --executor-memory 2g /opt/shared/scripts/raw_ingestion.py 2024-09-20 posicao
[2024-09-20T14:04:39.873+0000] {ssh.py:524} INFO - [DEBUG] dt_now: 2024-09-20
[2024-09-20T14:04:39.874+0000] {ssh.py:524} INFO - [DEBUG] endpoint: posicao
[2024-09-20T14:04:39.929+0000] {ssh.py:524} INFO - 24/09/20 14:04:39 INFO SparkContext: Running Spark version 3.3.1
[2024-09-20T14:04:39.950+0000] {ssh.py:524} INFO - 24/09/20 14:04:39 WARN NativeCodeLoader: Unable to load native-hadoop library for your platform... using builtin-java classes where applicable
[2024-09-20T14:04:40.029+0000] {ssh.py:524} INFO - 24/09/20 14:04:40 INFO ResourceUtils: ==============================================================
[2024-09-20T14:04:40.029+0000] {ssh.py:524} INFO - 24/09/20 14:04:40 INFO ResourceUtils: No custom resources configured for spark.driver.
[2024-09-20T14:04:40.030+0000] {ssh.py:524} INFO - 24/09/20 14:04:40 INFO ResourceUtils: ==============================================================
[2024-09-20T14:04:40.030+0000] {ssh.py:524} INFO - 24/09/20 14:04:40 INFO SparkContext: Submitted application: raw_ingestion_posicao
[2024-09-20T14:04:40.051+0000] {ssh.py:524} INFO - 24/09/20 14:04:40 INFO ResourceProfile: Default ResourceProfile created, executor resources: Map(cores -> name: cores, amount: 1, script: , vendor: , memory -> name: memory, amount: 1024, script: , vendor: , offHeap -> name: offHeap, amount: 0, script: , vendor: ), task resources: Map(cpus -> name: cpus, amount: 1.0)
[2024-09-20T14:04:40.061+0000] {ssh.py:524} INFO - 24/09/20 14:04:40 INFO ResourceProfile: Limiting resource is cpu
[2024-09-20T14:04:40.062+0000] {ssh.py:524} INFO - 24/09/20 14:04:40 INFO ResourceProfileManager: Added ResourceProfile id: 0
[2024-09-20T14:04:40.107+0000] {ssh.py:524} INFO - 24/09/20 14:04:40 INFO SecurityManager: Changing view acls to: root
[2024-09-20T14:04:40.108+0000] {ssh.py:524} INFO - 24/09/20 14:04:40 INFO SecurityManager: Changing modify acls to: root
[2024-09-20T14:04:40.109+0000] {ssh.py:524} INFO - 24/09/20 14:04:40 INFO SecurityManager: Changing view acls groups to: 
[2024-09-20T14:04:40.109+0000] {ssh.py:524} INFO - 24/09/20 14:04:40 INFO SecurityManager: Changing modify acls groups to: 
[2024-09-20T14:04:40.110+0000] {ssh.py:524} INFO - 24/09/20 14:04:40 INFO SecurityManager: SecurityManager: authentication disabled; ui acls disabled; users  with view permissions: Set(root); groups with view permissions: Set(); users  with modify permissions: Set(root); groups with modify permissions: Set()
[2024-09-20T14:04:40.387+0000] {ssh.py:524} INFO - 24/09/20 14:04:40 INFO Utils: Successfully started service 'sparkDriver' on port 36145.
[2024-09-20T14:04:40.424+0000] {ssh.py:524} INFO - 24/09/20 14:04:40 INFO SparkEnv: Registering MapOutputTracker
[2024-09-20T14:04:40.457+0000] {ssh.py:524} INFO - 24/09/20 14:04:40 INFO SparkEnv: Registering BlockManagerMaster
[2024-09-20T14:04:40.475+0000] {ssh.py:524} INFO - 24/09/20 14:04:40 INFO BlockManagerMasterEndpoint: Using org.apache.spark.storage.DefaultTopologyMapper for getting topology information
[2024-09-20T14:04:40.476+0000] {ssh.py:524} INFO - 24/09/20 14:04:40 INFO BlockManagerMasterEndpoint: BlockManagerMasterEndpoint up
[2024-09-20T14:04:40.489+0000] {ssh.py:524} INFO - 24/09/20 14:04:40 INFO SparkEnv: Registering BlockManagerMasterHeartbeat
[2024-09-20T14:04:40.509+0000] {ssh.py:524} INFO - 24/09/20 14:04:40 INFO DiskBlockManager: Created local directory at /tmp/blockmgr-0e42a31c-ea69-49a7-bada-2c171dd3c89f
[2024-09-20T14:04:40.530+0000] {ssh.py:524} INFO - 24/09/20 14:04:40 INFO MemoryStore: MemoryStore started with capacity 434.4 MiB
[2024-09-20T14:04:40.549+0000] {ssh.py:524} INFO - 24/09/20 14:04:40 INFO SparkEnv: Registering OutputCommitCoordinator
[2024-09-20T14:04:40.745+0000] {ssh.py:524} INFO - 24/09/20 14:04:40 WARN Utils: Service 'SparkUI' could not bind on port 4040. Attempting port 4041.
[2024-09-20T14:04:40.755+0000] {ssh.py:524} INFO - 24/09/20 14:04:40 INFO Utils: Successfully started service 'SparkUI' on port 4041.
[2024-09-20T14:04:40.868+0000] {ssh.py:524} INFO - 24/09/20 14:04:40 INFO Executor: Starting executor ID driver on host spark-master
[2024-09-20T14:04:40.876+0000] {ssh.py:524} INFO - 24/09/20 14:04:40 INFO Executor: Starting executor with user classpath (userClassPathFirst = false): ''
[2024-09-20T14:04:40.903+0000] {ssh.py:524} INFO - 24/09/20 14:04:40 INFO Utils: Successfully started service 'org.apache.spark.network.netty.NettyBlockTransferService' on port 33653.
[2024-09-20T14:04:40.904+0000] {ssh.py:524} INFO - 24/09/20 14:04:40 INFO NettyBlockTransferService: Server created on spark-master:33653
[2024-09-20T14:04:40.905+0000] {ssh.py:524} INFO - 24/09/20 14:04:40 INFO BlockManager: Using org.apache.spark.storage.RandomBlockReplicationPolicy for block replication policy
[2024-09-20T14:04:40.911+0000] {ssh.py:524} INFO - 24/09/20 14:04:40 INFO BlockManagerMaster: Registering BlockManager BlockManagerId(driver, spark-master, 33653, None)
[2024-09-20T14:04:40.916+0000] {ssh.py:524} INFO - 24/09/20 14:04:40 INFO BlockManagerMasterEndpoint: Registering block manager spark-master:33653 with 434.4 MiB RAM, BlockManagerId(driver, spark-master, 33653, None)
[2024-09-20T14:04:40.917+0000] {ssh.py:524} INFO - 24/09/20 14:04:40 INFO BlockManagerMaster: Registered BlockManager BlockManagerId(driver, spark-master, 33653, None)
[2024-09-20T14:04:40.919+0000] {ssh.py:524} INFO - 24/09/20 14:04:40 INFO BlockManager: Initialized BlockManager: BlockManagerId(driver, spark-master, 33653, None)
[2024-09-20T14:04:43.543+0000] {ssh.py:524} INFO - 24/09/20 14:04:43 INFO SharedState: Setting hive.metastore.warehouse.dir ('null') to the value of spark.sql.warehouse.dir.
[2024-09-20T14:04:43.554+0000] {ssh.py:524} INFO - 24/09/20 14:04:43 INFO SharedState: Warehouse path is 'file:/root/spark-warehouse'.
[2024-09-20T14:04:46.077+0000] {ssh.py:524} INFO - 24/09/20 14:04:46 WARN MetricsConfig: Cannot locate configuration: tried hadoop-metrics2-s3a-file-system.properties,hadoop-metrics2.properties
[2024-09-20T14:04:46.091+0000] {ssh.py:524} INFO - 24/09/20 14:04:46 INFO MetricsSystemImpl: Scheduled Metric snapshot period at 10 second(s).
[2024-09-20T14:04:46.091+0000] {ssh.py:524} INFO - 24/09/20 14:04:46 INFO MetricsSystemImpl: s3a-file-system metrics system started
[2024-09-20T14:04:47.556+0000] {ssh.py:524} INFO - 24/09/20 14:04:47 WARN AbstractS3ACommitterFactory: Using standard FileOutputCommitter to commit work. This is slow and potentially unsafe.
[2024-09-20T14:04:47.557+0000] {ssh.py:524} INFO - 24/09/20 14:04:47 INFO FileOutputCommitter: File Output Committer Algorithm version is 1
[2024-09-20T14:04:47.558+0000] {ssh.py:524} INFO - 24/09/20 14:04:47 INFO FileOutputCommitter: FileOutputCommitter skip cleanup _temporary folders under output directory:false, ignore cleanup failures: false
[2024-09-20T14:04:47.563+0000] {ssh.py:524} INFO - 24/09/20 14:04:47 INFO AbstractS3ACommitterFactory: Using Committer FileOutputCommitter{PathOutputCommitter{context=TaskAttemptContextImpl{JobContextImpl{jobId=job_202409201404477582272518393901525_0000}; taskId=attempt_202409201404477582272518393901525_0000_m_000000_0, status=''}; org.apache.hadoop.mapreduce.lib.output.FileOutputCommitter@3b2a6496}; outputPath=s3a://raw/olhovivo/posicao/dt=2024-09-20, workPath=s3a://raw/olhovivo/posicao/dt=2024-09-20/_temporary/0/_temporary/attempt_202409201404477582272518393901525_0000_m_000000_0, algorithmVersion=1, skipCleanup=false, ignoreCleanupFailures=false} for s3a://raw/olhovivo/posicao/dt=2024-09-20
[2024-09-20T14:04:47.564+0000] {ssh.py:524} INFO - 24/09/20 14:04:47 INFO SQLHadoopMapReduceCommitProtocol: Using output committer class org.apache.hadoop.mapreduce.lib.output.FileOutputCommitter
[2024-09-20T14:04:48.845+0000] {ssh.py:524} INFO - 24/09/20 14:04:48 INFO CodeGenerator: Code generated in 242.907014 ms
[2024-09-20T14:04:49.017+0000] {ssh.py:524} INFO - 24/09/20 14:04:49 INFO SparkContext: Starting job: save at NativeMethodAccessorImpl.java:0
[2024-09-20T14:04:49.057+0000] {ssh.py:524} INFO - 24/09/20 14:04:49 INFO DAGScheduler: Got job 0 (save at NativeMethodAccessorImpl.java:0) with 12 output partitions
[2024-09-20T14:04:49.058+0000] {ssh.py:524} INFO - 24/09/20 14:04:49 INFO DAGScheduler: Final stage: ResultStage 0 (save at NativeMethodAccessorImpl.java:0)
[2024-09-20T14:04:49.058+0000] {ssh.py:524} INFO - 24/09/20 14:04:49 INFO DAGScheduler: Parents of final stage: List()
[2024-09-20T14:04:49.060+0000] {ssh.py:524} INFO - 24/09/20 14:04:49 INFO DAGScheduler: Missing parents: List()
[2024-09-20T14:04:49.068+0000] {ssh.py:524} INFO - 24/09/20 14:04:49 INFO DAGScheduler: Submitting ResultStage 0 (MapPartitionsRDD[5] at save at NativeMethodAccessorImpl.java:0), which has no missing parents
[2024-09-20T14:04:49.262+0000] {ssh.py:524} INFO - 24/09/20 14:04:49 INFO MemoryStore: Block broadcast_0 stored as values in memory (estimated size 225.4 KiB, free 434.2 MiB)
[2024-09-20T14:04:49.343+0000] {ssh.py:524} INFO - 24/09/20 14:04:49 INFO MemoryStore: Block broadcast_0_piece0 stored as bytes in memory (estimated size 82.0 KiB, free 434.1 MiB)
[2024-09-20T14:04:49.369+0000] {ssh.py:524} INFO - 24/09/20 14:04:49 INFO BlockManagerInfo: Added broadcast_0_piece0 in memory on spark-master:33653 (size: 82.0 KiB, free: 434.3 MiB)
[2024-09-20T14:04:49.380+0000] {ssh.py:524} INFO - 24/09/20 14:04:49 INFO SparkContext: Created broadcast 0 from broadcast at DAGScheduler.scala:1513
[2024-09-20T14:04:49.398+0000] {ssh.py:524} INFO - 24/09/20 14:04:49 INFO DAGScheduler: Submitting 12 missing tasks from ResultStage 0 (MapPartitionsRDD[5] at save at NativeMethodAccessorImpl.java:0) (first 15 tasks are for partitions Vector(0, 1, 2, 3, 4, 5, 6, 7, 8, 9, 10, 11))
[2024-09-20T14:04:49.404+0000] {ssh.py:524} INFO - 24/09/20 14:04:49 INFO TaskSchedulerImpl: Adding task set 0.0 with 12 tasks resource profile 0
[2024-09-20T14:04:49.501+0000] {ssh.py:524} INFO - 24/09/20 14:04:49 INFO TaskSetManager: Starting task 0.0 in stage 0.0 (TID 0) (spark-master, executor driver, partition 0, PROCESS_LOCAL, 4433 bytes) taskResourceAssignments Map()
[2024-09-20T14:04:49.691+0000] {ssh.py:524} INFO - 24/09/20 14:04:49 INFO TaskSetManager: Starting task 1.0 in stage 0.0 (TID 1) (spark-master, executor driver, partition 1, PROCESS_LOCAL, 4433 bytes) taskResourceAssignments Map()
[2024-09-20T14:04:49.693+0000] {ssh.py:524} INFO - 24/09/20 14:04:49 INFO TaskSetManager: Starting task 2.0 in stage 0.0 (TID 2) (spark-master, executor driver, partition 2, PROCESS_LOCAL, 4433 bytes) taskResourceAssignments Map()
[2024-09-20T14:04:49.694+0000] {ssh.py:524} INFO - 24/09/20 14:04:49 INFO TaskSetManager: Starting task 3.0 in stage 0.0 (TID 3) (spark-master, executor driver, partition 3, PROCESS_LOCAL, 4433 bytes) taskResourceAssignments Map()
[2024-09-20T14:04:49.697+0000] {ssh.py:524} INFO - 24/09/20 14:04:49 INFO TaskSetManager: Starting task 4.0 in stage 0.0 (TID 4) (spark-master, executor driver, partition 4, PROCESS_LOCAL, 4433 bytes) taskResourceAssignments Map()
[2024-09-20T14:04:49.701+0000] {ssh.py:524} INFO - 24/09/20 14:04:49 INFO TaskSetManager: Starting task 5.0 in stage 0.0 (TID 5) (spark-master, executor driver, partition 5, PROCESS_LOCAL, 4433 bytes) taskResourceAssignments Map()
[2024-09-20T14:04:49.704+0000] {ssh.py:524} INFO - 24/09/20 14:04:49 INFO TaskSetManager: Starting task 6.0 in stage 0.0 (TID 6) (spark-master, executor driver, partition 6, PROCESS_LOCAL, 4433 bytes) taskResourceAssignments Map()
[2024-09-20T14:04:49.706+0000] {ssh.py:524} INFO - 24/09/20 14:04:49 INFO TaskSetManager: Starting task 7.0 in stage 0.0 (TID 7) (spark-master, executor driver, partition 7, PROCESS_LOCAL, 4433 bytes) taskResourceAssignments Map()
[2024-09-20T14:04:49.707+0000] {ssh.py:524} INFO - 24/09/20 14:04:49 INFO TaskSetManager: Starting task 8.0 in stage 0.0 (TID 8) (spark-master, executor driver, partition 8, PROCESS_LOCAL, 4433 bytes) taskResourceAssignments Map()
[2024-09-20T14:04:49.709+0000] {ssh.py:524} INFO - 24/09/20 14:04:49 INFO TaskSetManager: Starting task 9.0 in stage 0.0 (TID 9) (spark-master, executor driver, partition 9, PROCESS_LOCAL, 4433 bytes) taskResourceAssignments Map()
[2024-09-20T14:04:49.710+0000] {ssh.py:524} INFO - 24/09/20 14:04:49 INFO TaskSetManager: Starting task 10.0 in stage 0.0 (TID 10) (spark-master, executor driver, partition 10, PROCESS_LOCAL, 4433 bytes) taskResourceAssignments Map()
[2024-09-20T14:04:49.753+0000] {ssh.py:524} INFO - 24/09/20 14:04:49 INFO TaskSetManager: Starting task 11.0 in stage 0.0 (TID 11) (spark-master, executor driver, partition 11, PROCESS_LOCAL, 635228 bytes) taskResourceAssignments Map()
[2024-09-20T14:04:49.921+0000] {ssh.py:524} INFO - 24/09/20 14:04:49 INFO Executor: Running task 11.0 in stage 0.0 (TID 11)
[2024-09-20T14:04:49.921+0000] {ssh.py:524} INFO - 24/09/20 14:04:49 INFO Executor: Running task 4.0 in stage 0.0 (TID 4)
[2024-09-20T14:04:49.922+0000] {ssh.py:524} INFO - 24/09/20 14:04:49 INFO Executor: Running task 10.0 in stage 0.0 (TID 10)
[2024-09-20T14:04:49.922+0000] {ssh.py:524} INFO - 24/09/20 14:04:49 INFO Executor: Running task 1.0 in stage 0.0 (TID 1)
[2024-09-20T14:04:49.923+0000] {ssh.py:524} INFO - 24/09/20 14:04:49 INFO Executor: Running task 0.0 in stage 0.0 (TID 0)
[2024-09-20T14:04:49.923+0000] {ssh.py:524} INFO - 24/09/20 14:04:49 INFO Executor: Running task 7.0 in stage 0.0 (TID 7)
[2024-09-20T14:04:49.924+0000] {ssh.py:524} INFO - 24/09/20 14:04:49 INFO Executor: Running task 5.0 in stage 0.0 (TID 5)
[2024-09-20T14:04:49.924+0000] {ssh.py:524} INFO - 24/09/20 14:04:49 INFO Executor: Running task 6.0 in stage 0.0 (TID 6)
[2024-09-20T14:04:49.924+0000] {ssh.py:524} INFO - 24/09/20 14:04:49 INFO Executor: Running task 9.0 in stage 0.0 (TID 9)
[2024-09-20T14:04:49.925+0000] {ssh.py:524} INFO - 24/09/20 14:04:49 INFO Executor: Running task 8.0 in stage 0.0 (TID 8)
[2024-09-20T14:04:49.925+0000] {ssh.py:524} INFO - 24/09/20 14:04:49 INFO Executor: Running task 3.0 in stage 0.0 (TID 3)
[2024-09-20T14:04:49.926+0000] {ssh.py:524} INFO - 24/09/20 14:04:49 INFO Executor: Running task 2.0 in stage 0.0 (TID 2)
[2024-09-20T14:04:51.068+0000] {ssh.py:524} INFO - 24/09/20 14:04:51 WARN AbstractS3ACommitterFactory: Using standard FileOutputCommitter to commit work. This is slow and potentially unsafe.
[2024-09-20T14:04:51.069+0000] {ssh.py:524} INFO - 24/09/20 14:04:51 WARN AbstractS3ACommitterFactory: Using standard FileOutputCommitter to commit work. This is slow and potentially unsafe.
[2024-09-20T14:04:51.069+0000] {ssh.py:524} INFO - 24/09/20 14:04:51 INFO FileOutputCommitter: File Output Committer Algorithm version is 1
[2024-09-20T14:04:51.069+0000] {ssh.py:524} INFO - 24/09/20 14:04:51 INFO FileOutputCommitter: File Output Committer Algorithm version is 1
[2024-09-20T14:04:51.070+0000] {ssh.py:524} INFO - 24/09/20 14:04:51 WARN AbstractS3ACommitterFactory: Using standard FileOutputCommitter to commit work. This is slow and potentially unsafe.
[2024-09-20T14:04:51.070+0000] {ssh.py:524} INFO - 24/09/20 14:04:51 INFO FileOutputCommitter: File Output Committer Algorithm version is 1
[2024-09-20T14:04:51.070+0000] {ssh.py:524} INFO - 24/09/20 14:04:51 INFO FileOutputCommitter: FileOutputCommitter skip cleanup _temporary folders under output directory:false, ignore cleanup failures: false
[2024-09-20T14:04:51.071+0000] {ssh.py:524} INFO - 24/09/20 14:04:51 INFO AbstractS3ACommitterFactory: Using Committer FileOutputCommitter{PathOutputCommitter{context=TaskAttemptContextImpl{JobContextImpl{jobId=job_202409201404488113900621627671197_0000}; taskId=attempt_202409201404488113900621627671197_0000_m_000004_4, status=''}; org.apache.hadoop.mapreduce.lib.output.FileOutputCommitter@1099b01}; outputPath=s3a://raw/olhovivo/posicao/dt=2024-09-20, workPath=s3a://raw/olhovivo/posicao/dt=2024-09-20/_temporary/0/_temporary/attempt_202409201404488113900621627671197_0000_m_000004_4, algorithmVersion=1, skipCleanup=false, ignoreCleanupFailures=false} for s3a://raw/olhovivo/posicao/dt=2024-09-20
[2024-09-20T14:04:51.071+0000] {ssh.py:524} INFO - 24/09/20 14:04:51 INFO SQLHadoopMapReduceCommitProtocol: Using output committer class org.apache.hadoop.mapreduce.lib.output.FileOutputCommitter
[2024-09-20T14:04:51.071+0000] {ssh.py:524} INFO - 24/09/20 14:04:51 INFO FileOutputCommitter: FileOutputCommitter skip cleanup _temporary folders under output directory:false, ignore cleanup failures: false
[2024-09-20T14:04:51.072+0000] {ssh.py:524} INFO - 24/09/20 14:04:51 INFO AbstractS3ACommitterFactory: Using Committer FileOutputCommitter{PathOutputCommitter{context=TaskAttemptContextImpl{JobContextImpl{jobId=job_202409201404487986101814184415241_0000}; taskId=attempt_202409201404487986101814184415241_0000_m_000009_9, status=''}; org.apache.hadoop.mapreduce.lib.output.FileOutputCommitter@57538353}; outputPath=s3a://raw/olhovivo/posicao/dt=2024-09-20, workPath=s3a://raw/olhovivo/posicao/dt=2024-09-20/_temporary/0/_temporary/attempt_202409201404487986101814184415241_0000_m_000009_9, algorithmVersion=1, skipCleanup=false, ignoreCleanupFailures=false} for s3a://raw/olhovivo/posicao/dt=2024-09-20
[2024-09-20T14:04:51.073+0000] {ssh.py:524} INFO - 24/09/20 14:04:51 INFO SQLHadoopMapReduceCommitProtocol: Using output committer class org.apache.hadoop.mapreduce.lib.output.FileOutputCommitter
[2024-09-20T14:04:51.073+0000] {ssh.py:524} INFO - 24/09/20 14:04:51 INFO FileOutputCommitter: FileOutputCommitter skip cleanup _temporary folders under output directory:false, ignore cleanup failures: false
[2024-09-20T14:04:51.073+0000] {ssh.py:524} INFO - 24/09/20 14:04:51 INFO AbstractS3ACommitterFactory: Using Committer FileOutputCommitter{PathOutputCommitter{context=TaskAttemptContextImpl{JobContextImpl{jobId=job_202409201404484390536558229486076_0000}; taskId=attempt_202409201404484390536558229486076_0000_m_000010_10, status=''}; org.apache.hadoop.mapreduce.lib.output.FileOutputCommitter@60b02450}; outputPath=s3a://raw/olhovivo/posicao/dt=2024-09-20, workPath=s3a://raw/olhovivo/posicao/dt=2024-09-20/_temporary/0/_temporary/attempt_202409201404484390536558229486076_0000_m_000010_10, algorithmVersion=1, skipCleanup=false, ignoreCleanupFailures=false} for s3a://raw/olhovivo/posicao/dt=2024-09-20
[2024-09-20T14:04:51.074+0000] {ssh.py:524} INFO - 24/09/20 14:04:51 INFO SQLHadoopMapReduceCommitProtocol: Using output committer class org.apache.hadoop.mapreduce.lib.output.FileOutputCommitter
[2024-09-20T14:04:51.076+0000] {ssh.py:524} INFO - 24/09/20 14:04:51 WARN AbstractS3ACommitterFactory: Using standard FileOutputCommitter to commit work. This is slow and potentially unsafe.
[2024-09-20T14:04:51.076+0000] {ssh.py:524} INFO - 24/09/20 14:04:51 INFO FileOutputCommitter: File Output Committer Algorithm version is 1
[2024-09-20T14:04:51.077+0000] {ssh.py:524} INFO - 24/09/20 14:04:51 INFO FileOutputCommitter: FileOutputCommitter skip cleanup _temporary folders under output directory:false, ignore cleanup failures: false
[2024-09-20T14:04:51.077+0000] {ssh.py:524} INFO - 24/09/20 14:04:51 INFO AbstractS3ACommitterFactory: Using Committer FileOutputCommitter{PathOutputCommitter{context=TaskAttemptContextImpl{JobContextImpl{jobId=job_202409201404483059085682063418327_0000}; taskId=attempt_202409201404483059085682063418327_0000_m_000005_5, status=''}; org.apache.hadoop.mapreduce.lib.output.FileOutputCommitter@20c12869}; outputPath=s3a://raw/olhovivo/posicao/dt=2024-09-20, workPath=s3a://raw/olhovivo/posicao/dt=2024-09-20/_temporary/0/_temporary/attempt_202409201404483059085682063418327_0000_m_000005_5, algorithmVersion=1, skipCleanup=false, ignoreCleanupFailures=false} for s3a://raw/olhovivo/posicao/dt=2024-09-20
[2024-09-20T14:04:51.077+0000] {ssh.py:524} INFO - 24/09/20 14:04:51 INFO SQLHadoopMapReduceCommitProtocol: Using output committer class org.apache.hadoop.mapreduce.lib.output.FileOutputCommitter
[2024-09-20T14:04:51.102+0000] {ssh.py:524} INFO - 24/09/20 14:04:51 WARN AbstractS3ACommitterFactory: Using standard FileOutputCommitter to commit work. This is slow and potentially unsafe.
[2024-09-20T14:04:51.104+0000] {ssh.py:524} INFO - 24/09/20 14:04:51 INFO FileOutputCommitter: File Output Committer Algorithm version is 1
[2024-09-20T14:04:51.105+0000] {ssh.py:524} INFO - 24/09/20 14:04:51 INFO FileOutputCommitter: FileOutputCommitter skip cleanup _temporary folders under output directory:false, ignore cleanup failures: false
[2024-09-20T14:04:51.105+0000] {ssh.py:524} INFO - 24/09/20 14:04:51 INFO AbstractS3ACommitterFactory: Using Committer FileOutputCommitter{PathOutputCommitter{context=TaskAttemptContextImpl{JobContextImpl{jobId=job_202409201404484146148904572613935_0000}; taskId=attempt_202409201404484146148904572613935_0000_m_000011_11, status=''}; org.apache.hadoop.mapreduce.lib.output.FileOutputCommitter@77a9b72}; outputPath=s3a://raw/olhovivo/posicao/dt=2024-09-20, workPath=s3a://raw/olhovivo/posicao/dt=2024-09-20/_temporary/0/_temporary/attempt_202409201404484146148904572613935_0000_m_000011_11, algorithmVersion=1, skipCleanup=false, ignoreCleanupFailures=false} for s3a://raw/olhovivo/posicao/dt=2024-09-20
[2024-09-20T14:04:51.106+0000] {ssh.py:524} INFO - 24/09/20 14:04:51 INFO SQLHadoopMapReduceCommitProtocol: Using output committer class org.apache.hadoop.mapreduce.lib.output.FileOutputCommitter
[2024-09-20T14:04:51.106+0000] {ssh.py:524} INFO - 24/09/20 14:04:51 INFO PythonRunner: Times: total = 599, boot = 485, init = 114, finish = 0
[2024-09-20T14:04:51.115+0000] {ssh.py:524} INFO - 24/09/20 14:04:51 INFO PythonRunner: Times: total = 612, boot = 478, init = 134, finish = 0
[2024-09-20T14:04:51.118+0000] {ssh.py:524} INFO - 24/09/20 14:04:51 WARN AbstractS3ACommitterFactory: Using standard FileOutputCommitter to commit work. This is slow and potentially unsafe.
[2024-09-20T14:04:51.119+0000] {ssh.py:524} INFO - 24/09/20 14:04:51 INFO FileOutputCommitter: File Output Committer Algorithm version is 1
[2024-09-20T14:04:51.120+0000] {ssh.py:524} INFO - 24/09/20 14:04:51 INFO FileOutputCommitter: FileOutputCommitter skip cleanup _temporary folders under output directory:false, ignore cleanup failures: false
[2024-09-20T14:04:51.124+0000] {ssh.py:524} INFO - 24/09/20 14:04:51 INFO AbstractS3ACommitterFactory: Using Committer FileOutputCommitter{PathOutputCommitter{context=TaskAttemptContextImpl{JobContextImpl{jobId=job_202409201404483005497605440782879_0000}; taskId=attempt_202409201404483005497605440782879_0000_m_000002_2, status=''}; org.apache.hadoop.mapreduce.lib.output.FileOutputCommitter@40549c4c}; outputPath=s3a://raw/olhovivo/posicao/dt=2024-09-20, workPath=s3a://raw/olhovivo/posicao/dt=2024-09-20/_temporary/0/_temporary/attempt_202409201404483005497605440782879_0000_m_000002_2, algorithmVersion=1, skipCleanup=false, ignoreCleanupFailures=false} for s3a://raw/olhovivo/posicao/dt=2024-09-20
[2024-09-20T14:04:51.126+0000] {ssh.py:524} INFO - 24/09/20 14:04:51 INFO PythonRunner: Times: total = 620, boot = 481, init = 134, finish = 5
[2024-09-20T14:04:51.127+0000] {ssh.py:524} INFO - 24/09/20 14:04:51 INFO SQLHadoopMapReduceCommitProtocol: Using output committer class org.apache.hadoop.mapreduce.lib.output.FileOutputCommitter
[2024-09-20T14:04:51.133+0000] {ssh.py:524} INFO - 24/09/20 14:04:51 WARN AbstractS3ACommitterFactory: Using standard FileOutputCommitter to commit work. This is slow and potentially unsafe.
[2024-09-20T14:04:51.134+0000] {ssh.py:524} INFO - 24/09/20 14:04:51 INFO FileOutputCommitter: File Output Committer Algorithm version is 1
[2024-09-20T14:04:51.135+0000] {ssh.py:524} INFO - 24/09/20 14:04:51 INFO FileOutputCommitter: FileOutputCommitter skip cleanup _temporary folders under output directory:false, ignore cleanup failures: false
[2024-09-20T14:04:51.135+0000] {ssh.py:524} INFO - 24/09/20 14:04:51 INFO AbstractS3ACommitterFactory: Using Committer FileOutputCommitter{PathOutputCommitter{context=TaskAttemptContextImpl{JobContextImpl{jobId=job_2024092014044895913043196143872_0000}; taskId=attempt_2024092014044895913043196143872_0000_m_000001_1, status=''}; org.apache.hadoop.mapreduce.lib.output.FileOutputCommitter@713a0aea}; outputPath=s3a://raw/olhovivo/posicao/dt=2024-09-20, workPath=s3a://raw/olhovivo/posicao/dt=2024-09-20/_temporary/0/_temporary/attempt_2024092014044895913043196143872_0000_m_000001_1, algorithmVersion=1, skipCleanup=false, ignoreCleanupFailures=false} for s3a://raw/olhovivo/posicao/dt=2024-09-20
[2024-09-20T14:04:51.135+0000] {ssh.py:524} INFO - 24/09/20 14:04:51 INFO SQLHadoopMapReduceCommitProtocol: Using output committer class org.apache.hadoop.mapreduce.lib.output.FileOutputCommitter
[2024-09-20T14:04:51.150+0000] {ssh.py:524} INFO - 24/09/20 14:04:51 WARN AbstractS3ACommitterFactory: Using standard FileOutputCommitter to commit work. This is slow and potentially unsafe.
[2024-09-20T14:04:51.150+0000] {ssh.py:524} INFO - 24/09/20 14:04:51 INFO FileOutputCommitter: File Output Committer Algorithm version is 1
[2024-09-20T14:04:51.151+0000] {ssh.py:524} INFO - 24/09/20 14:04:51 INFO FileOutputCommitter: FileOutputCommitter skip cleanup _temporary folders under output directory:false, ignore cleanup failures: false
[2024-09-20T14:04:51.151+0000] {ssh.py:524} INFO - 24/09/20 14:04:51 INFO AbstractS3ACommitterFactory: Using Committer FileOutputCommitter{PathOutputCommitter{context=TaskAttemptContextImpl{JobContextImpl{jobId=job_202409201404485122068680366908110_0000}; taskId=attempt_202409201404485122068680366908110_0000_m_000000_0, status=''}; org.apache.hadoop.mapreduce.lib.output.FileOutputCommitter@362922c2}; outputPath=s3a://raw/olhovivo/posicao/dt=2024-09-20, workPath=s3a://raw/olhovivo/posicao/dt=2024-09-20/_temporary/0/_temporary/attempt_202409201404485122068680366908110_0000_m_000000_0, algorithmVersion=1, skipCleanup=false, ignoreCleanupFailures=false} for s3a://raw/olhovivo/posicao/dt=2024-09-20
[2024-09-20T14:04:51.152+0000] {ssh.py:524} INFO - 24/09/20 14:04:51 INFO SQLHadoopMapReduceCommitProtocol: Using output committer class org.apache.hadoop.mapreduce.lib.output.FileOutputCommitter
[2024-09-20T14:04:51.161+0000] {ssh.py:524} INFO - 24/09/20 14:04:51 WARN AbstractS3ACommitterFactory: Using standard FileOutputCommitter to commit work. This is slow and potentially unsafe.
[2024-09-20T14:04:51.162+0000] {ssh.py:524} INFO - 24/09/20 14:04:51 INFO FileOutputCommitter: File Output Committer Algorithm version is 1
[2024-09-20T14:04:51.162+0000] {ssh.py:524} INFO - 24/09/20 14:04:51 INFO FileOutputCommitter: FileOutputCommitter skip cleanup _temporary folders under output directory:false, ignore cleanup failures: false
[2024-09-20T14:04:51.162+0000] {ssh.py:524} INFO - 24/09/20 14:04:51 INFO AbstractS3ACommitterFactory: Using Committer FileOutputCommitter{PathOutputCommitter{context=TaskAttemptContextImpl{JobContextImpl{jobId=job_202409201404485391528759135893673_0000}; taskId=attempt_202409201404485391528759135893673_0000_m_000006_6, status=''}; org.apache.hadoop.mapreduce.lib.output.FileOutputCommitter@336ba771}; outputPath=s3a://raw/olhovivo/posicao/dt=2024-09-20, workPath=s3a://raw/olhovivo/posicao/dt=2024-09-20/_temporary/0/_temporary/attempt_202409201404485391528759135893673_0000_m_000006_6, algorithmVersion=1, skipCleanup=false, ignoreCleanupFailures=false} for s3a://raw/olhovivo/posicao/dt=2024-09-20
[2024-09-20T14:04:51.163+0000] {ssh.py:524} INFO - 24/09/20 14:04:51 INFO SQLHadoopMapReduceCommitProtocol: Using output committer class org.apache.hadoop.mapreduce.lib.output.FileOutputCommitter
[2024-09-20T14:04:51.164+0000] {ssh.py:524} INFO - 24/09/20 14:04:51 INFO PythonRunner: Times: total = 610, boot = 492, init = 118, finish = 0
[2024-09-20T14:04:51.164+0000] {ssh.py:524} INFO - 24/09/20 14:04:51 WARN AbstractS3ACommitterFactory: Using standard FileOutputCommitter to commit work. This is slow and potentially unsafe.
[2024-09-20T14:04:51.165+0000] {ssh.py:524} INFO - 24/09/20 14:04:51 INFO FileOutputCommitter: File Output Committer Algorithm version is 1
[2024-09-20T14:04:51.166+0000] {ssh.py:524} INFO - 24/09/20 14:04:51 INFO FileOutputCommitter: FileOutputCommitter skip cleanup _temporary folders under output directory:false, ignore cleanup failures: false
[2024-09-20T14:04:51.167+0000] {ssh.py:524} INFO - 24/09/20 14:04:51 INFO AbstractS3ACommitterFactory: Using Committer FileOutputCommitter{PathOutputCommitter{context=TaskAttemptContextImpl{JobContextImpl{jobId=job_202409201404489115264509835079597_0000}; taskId=attempt_202409201404489115264509835079597_0000_m_000007_7, status=''}; org.apache.hadoop.mapreduce.lib.output.FileOutputCommitter@42d333cb}; outputPath=s3a://raw/olhovivo/posicao/dt=2024-09-20, workPath=s3a://raw/olhovivo/posicao/dt=2024-09-20/_temporary/0/_temporary/attempt_202409201404489115264509835079597_0000_m_000007_7, algorithmVersion=1, skipCleanup=false, ignoreCleanupFailures=false} for s3a://raw/olhovivo/posicao/dt=2024-09-20
[2024-09-20T14:04:51.167+0000] {ssh.py:524} INFO - 24/09/20 14:04:51 INFO SQLHadoopMapReduceCommitProtocol: Using output committer class org.apache.hadoop.mapreduce.lib.output.FileOutputCommitter
[2024-09-20T14:04:51.168+0000] {ssh.py:524} INFO - 24/09/20 14:04:51 INFO PythonRunner: Times: total = 645, boot = 500, init = 145, finish = 0
[2024-09-20T14:04:51.168+0000] {ssh.py:524} INFO - 24/09/20 14:04:51 INFO SparkHadoopMapRedUtil: No need to commit output of task because needsTaskCommit=false: attempt_202409201404484390536558229486076_0000_m_000010_10
[2024-09-20T14:04:51.169+0000] {ssh.py:524} INFO - 24/09/20 14:04:51 INFO SparkHadoopMapRedUtil: No need to commit output of task because needsTaskCommit=false: attempt_202409201404488113900621627671197_0000_m_000004_4
[2024-09-20T14:04:51.173+0000] {ssh.py:524} INFO - 24/09/20 14:04:51 INFO SparkHadoopMapRedUtil: No need to commit output of task because needsTaskCommit=false: attempt_202409201404485391528759135893673_0000_m_000006_6
[2024-09-20T14:04:51.173+0000] {ssh.py:524} INFO - 24/09/20 14:04:51 INFO SparkHadoopMapRedUtil: No need to commit output of task because needsTaskCommit=false: attempt_202409201404487986101814184415241_0000_m_000009_9
[2024-09-20T14:04:51.183+0000] {ssh.py:524} INFO - 24/09/20 14:04:51 WARN AbstractS3ACommitterFactory: Using standard FileOutputCommitter to commit work. This is slow and potentially unsafe.
[2024-09-20T14:04:51.184+0000] {ssh.py:524} INFO - 24/09/20 14:04:51 WARN AbstractS3ACommitterFactory: Using standard FileOutputCommitter to commit work. This is slow and potentially unsafe.
[2024-09-20T14:04:51.185+0000] {ssh.py:524} INFO - 24/09/20 14:04:51 INFO FileOutputCommitter: File Output Committer Algorithm version is 1
[2024-09-20T14:04:51.185+0000] {ssh.py:524} INFO - 24/09/20 14:04:51 INFO FileOutputCommitter: File Output Committer Algorithm version is 1
[2024-09-20T14:04:51.185+0000] {ssh.py:524} INFO - 24/09/20 14:04:51 INFO FileOutputCommitter: FileOutputCommitter skip cleanup _temporary folders under output directory:false, ignore cleanup failures: false
[2024-09-20T14:04:51.186+0000] {ssh.py:524} INFO - 24/09/20 14:04:51 INFO FileOutputCommitter: FileOutputCommitter skip cleanup _temporary folders under output directory:false, ignore cleanup failures: false
[2024-09-20T14:04:51.186+0000] {ssh.py:524} INFO - 24/09/20 14:04:51 INFO PythonRunner: Times: total = 680, boot = 503, init = 177, finish = 0
[2024-09-20T14:04:51.186+0000] {ssh.py:524} INFO - 24/09/20 14:04:51 INFO AbstractS3ACommitterFactory: Using Committer FileOutputCommitter{PathOutputCommitter{context=TaskAttemptContextImpl{JobContextImpl{jobId=job_202409201404484747374406934220113_0000}; taskId=attempt_202409201404484747374406934220113_0000_m_000008_8, status=''}; org.apache.hadoop.mapreduce.lib.output.FileOutputCommitter@6f78ca69}; outputPath=s3a://raw/olhovivo/posicao/dt=2024-09-20, workPath=s3a://raw/olhovivo/posicao/dt=2024-09-20/_temporary/0/_temporary/attempt_202409201404484747374406934220113_0000_m_000008_8, algorithmVersion=1, skipCleanup=false, ignoreCleanupFailures=false} for s3a://raw/olhovivo/posicao/dt=2024-09-20
[2024-09-20T14:04:51.188+0000] {ssh.py:524} INFO - 24/09/20 14:04:51 INFO SQLHadoopMapReduceCommitProtocol: Using output committer class org.apache.hadoop.mapreduce.lib.output.FileOutputCommitter
[2024-09-20T14:04:51.189+0000] {ssh.py:524} INFO - 24/09/20 14:04:51 INFO PythonRunner: Times: total = 644, boot = 495, init = 149, finish = 0
[2024-09-20T14:04:51.189+0000] {ssh.py:524} INFO - 24/09/20 14:04:51 INFO AbstractS3ACommitterFactory: Using Committer FileOutputCommitter{PathOutputCommitter{context=TaskAttemptContextImpl{JobContextImpl{jobId=job_202409201404481682206329855715057_0000}; taskId=attempt_202409201404481682206329855715057_0000_m_000003_3, status=''}; org.apache.hadoop.mapreduce.lib.output.FileOutputCommitter@1bd9e245}; outputPath=s3a://raw/olhovivo/posicao/dt=2024-09-20, workPath=s3a://raw/olhovivo/posicao/dt=2024-09-20/_temporary/0/_temporary/attempt_202409201404481682206329855715057_0000_m_000003_3, algorithmVersion=1, skipCleanup=false, ignoreCleanupFailures=false} for s3a://raw/olhovivo/posicao/dt=2024-09-20
[2024-09-20T14:04:51.189+0000] {ssh.py:524} INFO - 24/09/20 14:04:51 INFO SQLHadoopMapReduceCommitProtocol: Using output committer class org.apache.hadoop.mapreduce.lib.output.FileOutputCommitter
[2024-09-20T14:04:51.189+0000] {ssh.py:524} INFO - 24/09/20 14:04:51 INFO SparkHadoopMapRedUtil: No need to commit output of task because needsTaskCommit=false: attempt_202409201404489115264509835079597_0000_m_000007_7
[2024-09-20T14:04:51.199+0000] {ssh.py:524} INFO - 24/09/20 14:04:51 INFO SparkHadoopMapRedUtil: No need to commit output of task because needsTaskCommit=false: attempt_202409201404483059085682063418327_0000_m_000005_5
[2024-09-20T14:04:51.205+0000] {ssh.py:524} INFO - 24/09/20 14:04:51 INFO SparkHadoopMapRedUtil: No need to commit output of task because needsTaskCommit=false: attempt_202409201404484747374406934220113_0000_m_000008_8
[2024-09-20T14:04:51.220+0000] {ssh.py:524} INFO - 24/09/20 14:04:51 INFO PythonRunner: Times: total = 716, boot = 498, init = 218, finish = 0
[2024-09-20T14:04:51.230+0000] {ssh.py:524} INFO - 24/09/20 14:04:51 INFO PythonRunner: Times: total = 717, boot = 506, init = 211, finish = 0
[2024-09-20T14:04:51.235+0000] {ssh.py:524} INFO - 24/09/20 14:04:51 INFO Executor: Finished task 4.0 in stage 0.0 (TID 4). 2871 bytes result sent to driver
[2024-09-20T14:04:51.236+0000] {ssh.py:524} INFO - 24/09/20 14:04:51 INFO Executor: Finished task 9.0 in stage 0.0 (TID 9). 2871 bytes result sent to driver
[2024-09-20T14:04:51.237+0000] {ssh.py:524} INFO - 24/09/20 14:04:51 INFO Executor: Finished task 10.0 in stage 0.0 (TID 10). 2871 bytes result sent to driver
[2024-09-20T14:04:51.238+0000] {ssh.py:524} INFO - 24/09/20 14:04:51 INFO Executor: Finished task 6.0 in stage 0.0 (TID 6). 2871 bytes result sent to driver
[2024-09-20T14:04:51.239+0000] {ssh.py:524} INFO - 24/09/20 14:04:51 INFO Executor: Finished task 7.0 in stage 0.0 (TID 7). 2871 bytes result sent to driver
[2024-09-20T14:04:51.240+0000] {ssh.py:524} INFO - 24/09/20 14:04:51 INFO Executor: Finished task 8.0 in stage 0.0 (TID 8). 2871 bytes result sent to driver
[2024-09-20T14:04:51.240+0000] {ssh.py:524} INFO - 24/09/20 14:04:51 INFO Executor: Finished task 5.0 in stage 0.0 (TID 5). 2871 bytes result sent to driver
[2024-09-20T14:04:51.242+0000] {ssh.py:524} INFO - 24/09/20 14:04:51 INFO SparkHadoopMapRedUtil: No need to commit output of task because needsTaskCommit=false: attempt_202409201404483005497605440782879_0000_m_000002_2
[2024-09-20T14:04:51.243+0000] {ssh.py:524} INFO - 24/09/20 14:04:51 INFO SparkHadoopMapRedUtil: No need to commit output of task because needsTaskCommit=false: attempt_2024092014044895913043196143872_0000_m_000001_1
[2024-09-20T14:04:51.244+0000] {ssh.py:524} INFO - 24/09/20 14:04:51 INFO Executor: Finished task 2.0 in stage 0.0 (TID 2). 2828 bytes result sent to driver
[2024-09-20T14:04:51.245+0000] {ssh.py:524} INFO - 24/09/20 14:04:51 INFO Executor: Finished task 1.0 in stage 0.0 (TID 1). 2828 bytes result sent to driver
[2024-09-20T14:04:51.254+0000] {ssh.py:524} INFO - 24/09/20 14:04:51 INFO TaskSetManager: Finished task 4.0 in stage 0.0 (TID 4) in 1558 ms on spark-master (executor driver) (1/12)
[2024-09-20T14:04:51.255+0000] {ssh.py:524} INFO - 24/09/20 14:04:51 INFO TaskSetManager: Finished task 6.0 in stage 0.0 (TID 6) in 1553 ms on spark-master (executor driver) (2/12)
[2024-09-20T14:04:51.257+0000] {ssh.py:524} INFO - 24/09/20 14:04:51 INFO TaskSetManager: Finished task 9.0 in stage 0.0 (TID 9) in 1548 ms on spark-master (executor driver) (3/12)
[2024-09-20T14:04:51.257+0000] {ssh.py:524} INFO - 24/09/20 14:04:51 INFO TaskSetManager: Finished task 10.0 in stage 0.0 (TID 10) in 1548 ms on spark-master (executor driver) (4/12)
[2024-09-20T14:04:51.258+0000] {ssh.py:524} INFO - 24/09/20 14:04:51 INFO PythonRunner: Times: total = 754, boot = 508, init = 246, finish = 0
[2024-09-20T14:04:51.259+0000] {ssh.py:524} INFO - 24/09/20 14:04:51 INFO TaskSetManager: Finished task 7.0 in stage 0.0 (TID 7) in 1552 ms on spark-master (executor driver) (5/12)
[2024-09-20T14:04:51.259+0000] {ssh.py:524} INFO - 24/09/20 14:04:51 INFO TaskSetManager: Finished task 8.0 in stage 0.0 (TID 8) in 1550 ms on spark-master (executor driver) (6/12)
[2024-09-20T14:04:51.260+0000] {ssh.py:524} INFO - 24/09/20 14:04:51 INFO TaskSetManager: Finished task 5.0 in stage 0.0 (TID 5) in 1560 ms on spark-master (executor driver) (7/12)
[2024-09-20T14:04:51.260+0000] {ssh.py:524} INFO - 24/09/20 14:04:51 INFO TaskSetManager: Finished task 1.0 in stage 0.0 (TID 1) in 1752 ms on spark-master (executor driver) (8/12)
[2024-09-20T14:04:51.261+0000] {ssh.py:524} INFO - 24/09/20 14:04:51 INFO TaskSetManager: Finished task 2.0 in stage 0.0 (TID 2) in 1568 ms on spark-master (executor driver) (9/12)
[2024-09-20T14:04:51.262+0000] {ssh.py:524} INFO - 24/09/20 14:04:51 INFO PythonAccumulatorV2: Connected to AccumulatorServer at host: 127.0.0.1 port: 51341
[2024-09-20T14:04:51.270+0000] {ssh.py:524} INFO - 24/09/20 14:04:51 INFO SparkHadoopMapRedUtil: No need to commit output of task because needsTaskCommit=false: attempt_202409201404481682206329855715057_0000_m_000003_3
[2024-09-20T14:04:51.272+0000] {ssh.py:524} INFO - 24/09/20 14:04:51 INFO Executor: Finished task 3.0 in stage 0.0 (TID 3). 2828 bytes result sent to driver
[2024-09-20T14:04:51.274+0000] {ssh.py:524} INFO - 24/09/20 14:04:51 INFO TaskSetManager: Finished task 3.0 in stage 0.0 (TID 3) in 1580 ms on spark-master (executor driver) (10/12)
[2024-09-20T14:04:51.326+0000] {ssh.py:524} INFO - 24/09/20 14:04:51 INFO PythonRunner: Times: total = 604, boot = 488, init = 116, finish = 0
[2024-09-20T14:04:51.468+0000] {ssh.py:524} INFO - 24/09/20 14:04:51 INFO PythonRunner: Times: total = 704, boot = 490, init = 193, finish = 21
[2024-09-20T14:04:51.538+0000] {ssh.py:524} INFO - 24/09/20 14:04:51 INFO FileOutputCommitter: Saved output of task 'attempt_202409201404485122068680366908110_0000_m_000000_0' to s3a://raw/olhovivo/posicao/dt=2024-09-20/_temporary/0/task_202409201404485122068680366908110_0000_m_000000
[2024-09-20T14:04:51.539+0000] {ssh.py:524} INFO - 24/09/20 14:04:51 INFO SparkHadoopMapRedUtil: attempt_202409201404485122068680366908110_0000_m_000000_0: Committed. Elapsed time: 132 ms.
[2024-09-20T14:04:51.541+0000] {ssh.py:524} INFO - 24/09/20 14:04:51 INFO Executor: Finished task 0.0 in stage 0.0 (TID 0). 2828 bytes result sent to driver
[2024-09-20T14:04:51.543+0000] {ssh.py:524} INFO - 24/09/20 14:04:51 INFO TaskSetManager: Finished task 0.0 in stage 0.0 (TID 0) in 2057 ms on spark-master (executor driver) (11/12)
[2024-09-20T14:04:51.639+0000] {ssh.py:524} INFO - 24/09/20 14:04:51 INFO FileOutputCommitter: Saved output of task 'attempt_202409201404484146148904572613935_0000_m_000011_11' to s3a://raw/olhovivo/posicao/dt=2024-09-20/_temporary/0/task_202409201404484146148904572613935_0000_m_000011
[2024-09-20T14:04:51.639+0000] {ssh.py:524} INFO - 24/09/20 14:04:51 INFO SparkHadoopMapRedUtil: attempt_202409201404484146148904572613935_0000_m_000011_11: Committed. Elapsed time: 97 ms.
[2024-09-20T14:04:51.641+0000] {ssh.py:524} INFO - 24/09/20 14:04:51 INFO Executor: Finished task 11.0 in stage 0.0 (TID 11). 2914 bytes result sent to driver
[2024-09-20T14:04:51.643+0000] {ssh.py:524} INFO - 24/09/20 14:04:51 INFO TaskSetManager: Finished task 11.0 in stage 0.0 (TID 11) in 1932 ms on spark-master (executor driver) (12/12)
[2024-09-20T14:04:51.644+0000] {ssh.py:524} INFO - 24/09/20 14:04:51 INFO TaskSchedulerImpl: Removed TaskSet 0.0, whose tasks have all completed, from pool 
[2024-09-20T14:04:51.646+0000] {ssh.py:524} INFO - 24/09/20 14:04:51 INFO DAGScheduler: ResultStage 0 (save at NativeMethodAccessorImpl.java:0) finished in 2.548 s
[2024-09-20T14:04:51.650+0000] {ssh.py:524} INFO - 24/09/20 14:04:51 INFO DAGScheduler: Job 0 is finished. Cancelling potential speculative or zombie tasks for this job
[2024-09-20T14:04:51.651+0000] {ssh.py:524} INFO - 24/09/20 14:04:51 INFO TaskSchedulerImpl: Killing all running tasks in stage 0: Stage finished
[2024-09-20T14:04:51.653+0000] {ssh.py:524} INFO - 24/09/20 14:04:51 INFO DAGScheduler: Job 0 finished: save at NativeMethodAccessorImpl.java:0, took 2.632424 s
[2024-09-20T14:04:51.655+0000] {ssh.py:524} INFO - 24/09/20 14:04:51 INFO FileFormatWriter: Start to commit write Job 8173176b-8743-4f55-b00d-7426deb0584f.
[2024-09-20T14:04:51.882+0000] {ssh.py:524} INFO - 24/09/20 14:04:51 INFO FileFormatWriter: Write Job 8173176b-8743-4f55-b00d-7426deb0584f committed. Elapsed time: 226 ms.
[2024-09-20T14:04:51.886+0000] {ssh.py:524} INFO - 24/09/20 14:04:51 INFO FileFormatWriter: Finished processing stats for write job 8173176b-8743-4f55-b00d-7426deb0584f.
[2024-09-20T14:04:51.894+0000] {ssh.py:524} INFO - [DEBUG] Done.
[2024-09-20T14:04:52.394+0000] {ssh.py:524} INFO - 24/09/20 14:04:52 INFO SparkContext: Invoking stop() from shutdown hook
[2024-09-20T14:04:52.416+0000] {ssh.py:524} INFO - 24/09/20 14:04:52 INFO SparkUI: Stopped Spark web UI at http://spark-master:4041
[2024-09-20T14:04:52.438+0000] {ssh.py:524} INFO - 24/09/20 14:04:52 INFO MapOutputTrackerMasterEndpoint: MapOutputTrackerMasterEndpoint stopped!
[2024-09-20T14:04:52.469+0000] {ssh.py:524} INFO - 24/09/20 14:04:52 INFO MemoryStore: MemoryStore cleared
[2024-09-20T14:04:52.470+0000] {ssh.py:524} INFO - 24/09/20 14:04:52 INFO BlockManager: BlockManager stopped
[2024-09-20T14:04:52.476+0000] {ssh.py:524} INFO - 24/09/20 14:04:52 INFO BlockManagerMaster: BlockManagerMaster stopped
[2024-09-20T14:04:52.478+0000] {ssh.py:524} INFO - 24/09/20 14:04:52 INFO OutputCommitCoordinator$OutputCommitCoordinatorEndpoint: OutputCommitCoordinator stopped!
[2024-09-20T14:04:52.487+0000] {ssh.py:524} INFO - 24/09/20 14:04:52 INFO SparkContext: Successfully stopped SparkContext
[2024-09-20T14:04:52.488+0000] {ssh.py:524} INFO - 24/09/20 14:04:52 INFO ShutdownHookManager: Shutdown hook called
[2024-09-20T14:04:52.488+0000] {ssh.py:524} INFO - 24/09/20 14:04:52 INFO ShutdownHookManager: Deleting directory /tmp/spark-68b434f4-d482-46cb-b027-66c714ec3b5b
[2024-09-20T14:04:52.490+0000] {ssh.py:524} INFO - 24/09/20 14:04:52 INFO ShutdownHookManager: Deleting directory /tmp/spark-df8444cb-438f-4697-b3b0-c18048160e93
[2024-09-20T14:04:52.493+0000] {ssh.py:524} INFO - 24/09/20 14:04:52 INFO ShutdownHookManager: Deleting directory /tmp/spark-df8444cb-438f-4697-b3b0-c18048160e93/pyspark-f80052ce-c4ed-49d9-bf20-f0206a810b9c
[2024-09-20T14:04:52.500+0000] {ssh.py:524} INFO - 24/09/20 14:04:52 INFO MetricsSystemImpl: Stopping s3a-file-system metrics system...
[2024-09-20T14:04:52.501+0000] {ssh.py:524} INFO - 24/09/20 14:04:52 INFO MetricsSystemImpl: s3a-file-system metrics system stopped.
[2024-09-20T14:04:52.501+0000] {ssh.py:524} INFO - 24/09/20 14:04:52 INFO MetricsSystemImpl: s3a-file-system metrics system shutdown complete.
[2024-09-20T14:04:52.669+0000] {taskinstance.py:1400} INFO - Marking task as SUCCESS. dag_id=raw_ingestion, task_id=spark_raw_ingestion_posicao, execution_date=20240920T140434, start_date=20240920T140436, end_date=20240920T140452
[2024-09-20T14:04:52.728+0000] {local_task_job_runner.py:228} INFO - Task exited with return code 0
[2024-09-20T14:04:52.773+0000] {taskinstance.py:2778} INFO - 0 downstream tasks scheduled from follow-on schedule check
