[2024-09-24T01:33:28.348+0000] {taskinstance.py:1159} INFO - Dependencies all met for dep_context=non-requeueable deps ti=<TaskInstance: raw_ingestion_15min.trigger_business_processing scheduled__2024-09-24T01:15:00+00:00 [queued]>
[2024-09-24T01:33:28.357+0000] {taskinstance.py:1159} INFO - Dependencies all met for dep_context=requeueable deps ti=<TaskInstance: raw_ingestion_15min.trigger_business_processing scheduled__2024-09-24T01:15:00+00:00 [queued]>
[2024-09-24T01:33:28.357+0000] {taskinstance.py:1361} INFO - Starting attempt 1 of 1
[2024-09-24T01:33:28.371+0000] {taskinstance.py:1382} INFO - Executing <Task(TriggerDagRunOperator): trigger_business_processing> on 2024-09-24 01:15:00+00:00
[2024-09-24T01:33:28.377+0000] {standard_task_runner.py:57} INFO - Started process 3497 to run task
[2024-09-24T01:33:28.379+0000] {standard_task_runner.py:84} INFO - Running: ['airflow', 'tasks', 'run', 'raw_ingestion_15min', 'trigger_business_processing', 'scheduled__2024-09-24T01:15:00+00:00', '--job-id', '589', '--raw', '--subdir', 'DAGS_FOLDER/raw_ingestion_15min.py', '--cfg-path', '/tmp/tmpyf04e1hd']
[2024-09-24T01:33:28.380+0000] {standard_task_runner.py:85} INFO - Job 589: Subtask trigger_business_processing
[2024-09-24T01:33:28.493+0000] {task_command.py:416} INFO - Running <TaskInstance: raw_ingestion_15min.trigger_business_processing scheduled__2024-09-24T01:15:00+00:00 [running]> on host airflow-worker
[2024-09-24T01:33:28.666+0000] {taskinstance.py:1662} INFO - Exporting env vars: AIRFLOW_CTX_DAG_OWNER='***' AIRFLOW_CTX_DAG_ID='raw_ingestion_15min' AIRFLOW_CTX_TASK_ID='trigger_business_processing' AIRFLOW_CTX_EXECUTION_DATE='2024-09-24T01:15:00+00:00' AIRFLOW_CTX_TRY_NUMBER='1' AIRFLOW_CTX_DAG_RUN_ID='scheduled__2024-09-24T01:15:00+00:00'
[2024-09-24T01:33:28.881+0000] {trigger_dagrun.py:209} INFO - Waiting for business_processing on 2024-09-24T00:00:00+00:00 to become allowed state ['success'] ...
[2024-09-24T01:33:38.937+0000] {trigger_dagrun.py:209} INFO - Waiting for business_processing on 2024-09-24T00:00:00+00:00 to become allowed state ['success'] ...
[2024-09-24T01:33:48.976+0000] {trigger_dagrun.py:209} INFO - Waiting for business_processing on 2024-09-24T00:00:00+00:00 to become allowed state ['success'] ...
[2024-09-24T01:33:59.018+0000] {trigger_dagrun.py:209} INFO - Waiting for business_processing on 2024-09-24T00:00:00+00:00 to become allowed state ['success'] ...
[2024-09-24T01:34:09.079+0000] {trigger_dagrun.py:209} INFO - Waiting for business_processing on 2024-09-24T00:00:00+00:00 to become allowed state ['success'] ...
[2024-09-24T01:34:19.111+0000] {trigger_dagrun.py:209} INFO - Waiting for business_processing on 2024-09-24T00:00:00+00:00 to become allowed state ['success'] ...
[2024-09-24T01:34:29.179+0000] {taskinstance.py:1937} ERROR - Task failed with exception
Traceback (most recent call last):
  File "/home/airflow/.local/lib/python3.8/site-packages/airflow/operators/trigger_dagrun.py", line 220, in execute
    raise AirflowException(f"{self.trigger_dag_id} failed with failed states {state}")
airflow.exceptions.AirflowException: business_processing failed with failed states failed
[2024-09-24T01:34:29.182+0000] {taskinstance.py:1400} INFO - Marking task as FAILED. dag_id=raw_ingestion_15min, task_id=trigger_business_processing, execution_date=20240924T011500, start_date=20240924T013328, end_date=20240924T013429
[2024-09-24T01:34:29.202+0000] {standard_task_runner.py:104} ERROR - Failed to execute job 589 for task trigger_business_processing (business_processing failed with failed states failed; 3497)
[2024-09-24T01:34:29.239+0000] {local_task_job_runner.py:228} INFO - Task exited with return code 1
[2024-09-24T01:34:29.278+0000] {taskinstance.py:2778} INFO - 0 downstream tasks scheduled from follow-on schedule check
