[2024-09-23T02:09:24.971+0000] {taskinstance.py:1159} INFO - Dependencies all met for dep_context=non-requeueable deps ti=<TaskInstance: raw_ingestion_15min.spark_raw_ingestion_corredor manual__2024-09-23T02:09:24.147607+00:00 [queued]>
[2024-09-23T02:09:24.979+0000] {taskinstance.py:1159} INFO - Dependencies all met for dep_context=requeueable deps ti=<TaskInstance: raw_ingestion_15min.spark_raw_ingestion_corredor manual__2024-09-23T02:09:24.147607+00:00 [queued]>
[2024-09-23T02:09:24.979+0000] {taskinstance.py:1361} INFO - Starting attempt 1 of 2
[2024-09-23T02:09:24.993+0000] {taskinstance.py:1382} INFO - Executing <Task(SSHOperator): spark_raw_ingestion_corredor> on 2024-09-23 02:09:24.147607+00:00
[2024-09-23T02:09:24.997+0000] {standard_task_runner.py:57} INFO - Started process 4459 to run task
[2024-09-23T02:09:24.999+0000] {standard_task_runner.py:84} INFO - Running: ['airflow', 'tasks', 'run', 'raw_ingestion_15min', 'spark_raw_ingestion_corredor', 'manual__2024-09-23T02:09:24.147607+00:00', '--job-id', '482', '--raw', '--subdir', 'DAGS_FOLDER/raw_ingestion_15min.py', '--cfg-path', '/tmp/tmp5kjr2iv7']
[2024-09-23T02:09:25.000+0000] {standard_task_runner.py:85} INFO - Job 482: Subtask spark_raw_ingestion_corredor
[2024-09-23T02:09:25.109+0000] {task_command.py:416} INFO - Running <TaskInstance: raw_ingestion_15min.spark_raw_ingestion_corredor manual__2024-09-23T02:09:24.147607+00:00 [running]> on host airflow-worker
[2024-09-23T02:09:25.291+0000] {taskinstance.py:1662} INFO - Exporting env vars: AIRFLOW_CTX_DAG_OWNER='***' AIRFLOW_CTX_DAG_ID='raw_ingestion_15min' AIRFLOW_CTX_TASK_ID='spark_raw_ingestion_corredor' AIRFLOW_CTX_EXECUTION_DATE='2024-09-23T02:09:24.147607+00:00' AIRFLOW_CTX_TRY_NUMBER='1' AIRFLOW_CTX_DAG_RUN_ID='manual__2024-09-23T02:09:24.147607+00:00'
[2024-09-23T02:09:25.291+0000] {ssh.py:141} INFO - Creating ssh_client
[2024-09-23T02:09:25.292+0000] {ssh.py:114} INFO - ssh_hook is not provided or invalid. Trying ssh_conn_id to create SSHHook.
[2024-09-23T02:09:25.317+0000] {base.py:73} INFO - Using connection ID 'spark_ssh_default' for task execution.
[2024-09-23T02:09:25.318+0000] {ssh.py:300} WARNING - No Host Key Verification. This won't protect against Man-In-The-Middle attacks
[2024-09-23T02:09:25.326+0000] {transport.py:1893} INFO - Connected (version 2.0, client OpenSSH_8.9p1)
[2024-09-23T02:09:25.455+0000] {transport.py:1893} INFO - Authentication (password) successful!
[2024-09-23T02:09:25.456+0000] {ssh.py:478} INFO - Running command: export SPARK_HOME=/usr/local/spark; /opt/conda/bin/spark-submit --master local[*] --driver-cores 2 --executor-cores 2 --driver-memory 4G --executor-memory 4G /opt/shared/scripts/raw_ingestion.py 2024-09-23 corredor
[2024-09-23T02:09:27.971+0000] {ssh.py:524} INFO - [DEBUG] dt_now: 2024-09-23
[2024-09-23T02:09:27.972+0000] {ssh.py:524} INFO - [DEBUG] endpoint: corredor
[2024-09-23T02:09:28.048+0000] {ssh.py:524} INFO - 24/09/23 02:09:28 INFO SparkContext: Running Spark version 3.3.1
[2024-09-23T02:09:28.079+0000] {ssh.py:524} INFO - 24/09/23 02:09:28 WARN NativeCodeLoader: Unable to load native-hadoop library for your platform... using builtin-java classes where applicable
[2024-09-23T02:09:28.169+0000] {ssh.py:524} INFO - 24/09/23 02:09:28 INFO ResourceUtils: ==============================================================
[2024-09-23T02:09:28.169+0000] {ssh.py:524} INFO - 24/09/23 02:09:28 INFO ResourceUtils: No custom resources configured for spark.driver.
[2024-09-23T02:09:28.170+0000] {ssh.py:524} INFO - 24/09/23 02:09:28 INFO ResourceUtils: ==============================================================
[2024-09-23T02:09:28.170+0000] {ssh.py:524} INFO - 24/09/23 02:09:28 INFO SparkContext: Submitted application: raw_ingestion_corredor
[2024-09-23T02:09:28.192+0000] {ssh.py:524} INFO - 24/09/23 02:09:28 INFO ResourceProfile: Default ResourceProfile created, executor resources: Map(cores -> name: cores, amount: 1, script: , vendor: , memory -> name: memory, amount: 1024, script: , vendor: , offHeap -> name: offHeap, amount: 0, script: , vendor: ), task resources: Map(cpus -> name: cpus, amount: 1.0)
[2024-09-23T02:09:28.200+0000] {ssh.py:524} INFO - 24/09/23 02:09:28 INFO ResourceProfile: Limiting resource is cpu
[2024-09-23T02:09:28.201+0000] {ssh.py:524} INFO - 24/09/23 02:09:28 INFO ResourceProfileManager: Added ResourceProfile id: 0
[2024-09-23T02:09:28.264+0000] {ssh.py:524} INFO - 24/09/23 02:09:28 INFO SecurityManager: Changing view acls to: root
[2024-09-23T02:09:28.265+0000] {ssh.py:524} INFO - 24/09/23 02:09:28 INFO SecurityManager: Changing modify acls to: root
[2024-09-23T02:09:28.266+0000] {ssh.py:524} INFO - 24/09/23 02:09:28 INFO SecurityManager: Changing view acls groups to: 
[2024-09-23T02:09:28.266+0000] {ssh.py:524} INFO - 24/09/23 02:09:28 INFO SecurityManager: Changing modify acls groups to: 
[2024-09-23T02:09:28.267+0000] {ssh.py:524} INFO - 24/09/23 02:09:28 INFO SecurityManager: SecurityManager: authentication disabled; ui acls disabled; users  with view permissions: Set(root); groups with view permissions: Set(); users  with modify permissions: Set(root); groups with modify permissions: Set()
[2024-09-23T02:09:28.565+0000] {ssh.py:524} INFO - 24/09/23 02:09:28 INFO Utils: Successfully started service 'sparkDriver' on port 33973.
[2024-09-23T02:09:28.616+0000] {ssh.py:524} INFO - 24/09/23 02:09:28 INFO SparkEnv: Registering MapOutputTracker
[2024-09-23T02:09:28.650+0000] {ssh.py:524} INFO - 24/09/23 02:09:28 INFO SparkEnv: Registering BlockManagerMaster
[2024-09-23T02:09:28.667+0000] {ssh.py:524} INFO - 24/09/23 02:09:28 INFO BlockManagerMasterEndpoint: Using org.apache.spark.storage.DefaultTopologyMapper for getting topology information
[2024-09-23T02:09:28.669+0000] {ssh.py:524} INFO - 24/09/23 02:09:28 INFO BlockManagerMasterEndpoint: BlockManagerMasterEndpoint up
[2024-09-23T02:09:28.674+0000] {ssh.py:524} INFO - 24/09/23 02:09:28 INFO SparkEnv: Registering BlockManagerMasterHeartbeat
[2024-09-23T02:09:28.696+0000] {ssh.py:524} INFO - 24/09/23 02:09:28 INFO DiskBlockManager: Created local directory at /tmp/blockmgr-b26d5ba3-ddff-4cd8-b61c-3f7d5e959bfb
[2024-09-23T02:09:28.715+0000] {ssh.py:524} INFO - 24/09/23 02:09:28 INFO MemoryStore: MemoryStore started with capacity 2.2 GiB
[2024-09-23T02:09:28.732+0000] {ssh.py:524} INFO - 24/09/23 02:09:28 INFO SparkEnv: Registering OutputCommitCoordinator
[2024-09-23T02:09:28.905+0000] {ssh.py:524} INFO - 24/09/23 02:09:28 INFO Utils: Successfully started service 'SparkUI' on port 4040.
[2024-09-23T02:09:29.063+0000] {ssh.py:524} INFO - 24/09/23 02:09:29 INFO Executor: Starting executor ID driver on host spark-master
[2024-09-23T02:09:29.079+0000] {ssh.py:524} INFO - 24/09/23 02:09:29 INFO Executor: Starting executor with user classpath (userClassPathFirst = false): ''
[2024-09-23T02:09:29.138+0000] {ssh.py:524} INFO - 24/09/23 02:09:29 INFO Utils: Successfully started service 'org.apache.spark.network.netty.NettyBlockTransferService' on port 45219.
[2024-09-23T02:09:29.138+0000] {ssh.py:524} INFO - 24/09/23 02:09:29 INFO NettyBlockTransferService: Server created on spark-master:45219
[2024-09-23T02:09:29.139+0000] {ssh.py:524} INFO - 24/09/23 02:09:29 INFO BlockManager: Using org.apache.spark.storage.RandomBlockReplicationPolicy for block replication policy
[2024-09-23T02:09:29.143+0000] {ssh.py:524} INFO - 24/09/23 02:09:29 INFO BlockManagerMaster: Registering BlockManager BlockManagerId(driver, spark-master, 45219, None)
[2024-09-23T02:09:29.148+0000] {ssh.py:524} INFO - 24/09/23 02:09:29 INFO BlockManagerMasterEndpoint: Registering block manager spark-master:45219 with 2.2 GiB RAM, BlockManagerId(driver, spark-master, 45219, None)
[2024-09-23T02:09:29.153+0000] {ssh.py:524} INFO - 24/09/23 02:09:29 INFO BlockManagerMaster: Registered BlockManager BlockManagerId(driver, spark-master, 45219, None)
[2024-09-23T02:09:29.155+0000] {ssh.py:524} INFO - 24/09/23 02:09:29 INFO BlockManager: Initialized BlockManager: BlockManagerId(driver, spark-master, 45219, None)
[2024-09-23T02:09:30.112+0000] {ssh.py:524} INFO - 24/09/23 02:09:30 INFO SharedState: Setting hive.metastore.warehouse.dir ('null') to the value of spark.sql.warehouse.dir.
[2024-09-23T02:09:30.119+0000] {ssh.py:524} INFO - 24/09/23 02:09:30 INFO SharedState: Warehouse path is 'file:/root/spark-warehouse'.
[2024-09-23T02:09:32.178+0000] {ssh.py:524} INFO - 24/09/23 02:09:32 WARN MetricsConfig: Cannot locate configuration: tried hadoop-metrics2-s3a-file-system.properties,hadoop-metrics2.properties
[2024-09-23T02:09:32.191+0000] {ssh.py:524} INFO - 24/09/23 02:09:32 INFO MetricsSystemImpl: Scheduled Metric snapshot period at 10 second(s).
[2024-09-23T02:09:32.192+0000] {ssh.py:524} INFO - 24/09/23 02:09:32 INFO MetricsSystemImpl: s3a-file-system metrics system started
[2024-09-23T02:09:33.345+0000] {ssh.py:524} INFO - 24/09/23 02:09:33 WARN AbstractS3ACommitterFactory: Using standard FileOutputCommitter to commit work. This is slow and potentially unsafe.
[2024-09-23T02:09:33.346+0000] {ssh.py:524} INFO - 24/09/23 02:09:33 INFO FileOutputCommitter: File Output Committer Algorithm version is 1
[2024-09-23T02:09:33.347+0000] {ssh.py:524} INFO - 24/09/23 02:09:33 INFO FileOutputCommitter: FileOutputCommitter skip cleanup _temporary folders under output directory:false, ignore cleanup failures: false
[2024-09-23T02:09:33.349+0000] {ssh.py:524} INFO - 24/09/23 02:09:33 INFO AbstractS3ACommitterFactory: Using Committer FileOutputCommitter{PathOutputCommitter{context=TaskAttemptContextImpl{JobContextImpl{jobId=job_202409230209338316938516495337072_0000}; taskId=attempt_202409230209338316938516495337072_0000_m_000000_0, status=''}; org.apache.hadoop.mapreduce.lib.output.FileOutputCommitter@49c5f2e3}; outputPath=s3a://raw/olhovivo/corredor/dt=2024-09-23, workPath=s3a://raw/olhovivo/corredor/dt=2024-09-23/_temporary/0/_temporary/attempt_202409230209338316938516495337072_0000_m_000000_0, algorithmVersion=1, skipCleanup=false, ignoreCleanupFailures=false} for s3a://raw/olhovivo/corredor/dt=2024-09-23
[2024-09-23T02:09:33.351+0000] {ssh.py:524} INFO - 24/09/23 02:09:33 INFO SQLHadoopMapReduceCommitProtocol: Using output committer class org.apache.hadoop.mapreduce.lib.output.FileOutputCommitter
[2024-09-23T02:09:33.931+0000] {ssh.py:524} INFO - 24/09/23 02:09:33 INFO CodeGenerator: Code generated in 137.721851 ms
[2024-09-23T02:09:34.072+0000] {ssh.py:524} INFO - 24/09/23 02:09:34 INFO SparkContext: Starting job: save at NativeMethodAccessorImpl.java:0
[2024-09-23T02:09:34.087+0000] {ssh.py:524} INFO - 24/09/23 02:09:34 INFO DAGScheduler: Got job 0 (save at NativeMethodAccessorImpl.java:0) with 12 output partitions
[2024-09-23T02:09:34.088+0000] {ssh.py:524} INFO - 24/09/23 02:09:34 INFO DAGScheduler: Final stage: ResultStage 0 (save at NativeMethodAccessorImpl.java:0)
[2024-09-23T02:09:34.088+0000] {ssh.py:524} INFO - 24/09/23 02:09:34 INFO DAGScheduler: Parents of final stage: List()
[2024-09-23T02:09:34.090+0000] {ssh.py:524} INFO - 24/09/23 02:09:34 INFO DAGScheduler: Missing parents: List()
[2024-09-23T02:09:34.094+0000] {ssh.py:524} INFO - 24/09/23 02:09:34 INFO DAGScheduler: Submitting ResultStage 0 (MapPartitionsRDD[5] at save at NativeMethodAccessorImpl.java:0), which has no missing parents
[2024-09-23T02:09:34.199+0000] {ssh.py:524} INFO - 24/09/23 02:09:34 INFO MemoryStore: Block broadcast_0 stored as values in memory (estimated size 219.9 KiB, free 2.2 GiB)
[2024-09-23T02:09:34.229+0000] {ssh.py:524} INFO - 24/09/23 02:09:34 INFO MemoryStore: Block broadcast_0_piece0 stored as bytes in memory (estimated size 80.5 KiB, free 2.2 GiB)
[2024-09-23T02:09:34.233+0000] {ssh.py:524} INFO - 24/09/23 02:09:34 INFO BlockManagerInfo: Added broadcast_0_piece0 in memory on spark-master:45219 (size: 80.5 KiB, free: 2.2 GiB)
[2024-09-23T02:09:34.237+0000] {ssh.py:524} INFO - 24/09/23 02:09:34 INFO SparkContext: Created broadcast 0 from broadcast at DAGScheduler.scala:1513
[2024-09-23T02:09:34.251+0000] {ssh.py:524} INFO - 24/09/23 02:09:34 INFO DAGScheduler: Submitting 12 missing tasks from ResultStage 0 (MapPartitionsRDD[5] at save at NativeMethodAccessorImpl.java:0) (first 15 tasks are for partitions Vector(0, 1, 2, 3, 4, 5, 6, 7, 8, 9, 10, 11))
[2024-09-23T02:09:34.252+0000] {ssh.py:524} INFO - 24/09/23 02:09:34 INFO TaskSchedulerImpl: Adding task set 0.0 with 12 tasks resource profile 0
[2024-09-23T02:09:34.302+0000] {ssh.py:524} INFO - 24/09/23 02:09:34 INFO TaskSetManager: Starting task 0.0 in stage 0.0 (TID 0) (spark-master, executor driver, partition 0, PROCESS_LOCAL, 4433 bytes) taskResourceAssignments Map()
[2024-09-23T02:09:34.305+0000] {ssh.py:524} INFO - 24/09/23 02:09:34 INFO TaskSetManager: Starting task 1.0 in stage 0.0 (TID 1) (spark-master, executor driver, partition 1, PROCESS_LOCAL, 4476 bytes) taskResourceAssignments Map()
[2024-09-23T02:09:34.306+0000] {ssh.py:524} INFO - 24/09/23 02:09:34 INFO TaskSetManager: Starting task 2.0 in stage 0.0 (TID 2) (spark-master, executor driver, partition 2, PROCESS_LOCAL, 4433 bytes) taskResourceAssignments Map()
[2024-09-23T02:09:34.307+0000] {ssh.py:524} INFO - 24/09/23 02:09:34 INFO TaskSetManager: Starting task 3.0 in stage 0.0 (TID 3) (spark-master, executor driver, partition 3, PROCESS_LOCAL, 4484 bytes) taskResourceAssignments Map()
[2024-09-23T02:09:34.308+0000] {ssh.py:524} INFO - 24/09/23 02:09:34 INFO TaskSetManager: Starting task 4.0 in stage 0.0 (TID 4) (spark-master, executor driver, partition 4, PROCESS_LOCAL, 4433 bytes) taskResourceAssignments Map()
[2024-09-23T02:09:34.309+0000] {ssh.py:524} INFO - 24/09/23 02:09:34 INFO TaskSetManager: Starting task 5.0 in stage 0.0 (TID 5) (spark-master, executor driver, partition 5, PROCESS_LOCAL, 4480 bytes) taskResourceAssignments Map()
[2024-09-23T02:09:34.310+0000] {ssh.py:524} INFO - 24/09/23 02:09:34 INFO TaskSetManager: Starting task 6.0 in stage 0.0 (TID 6) (spark-master, executor driver, partition 6, PROCESS_LOCAL, 4476 bytes) taskResourceAssignments Map()
[2024-09-23T02:09:34.310+0000] {ssh.py:524} INFO - 24/09/23 02:09:34 INFO TaskSetManager: Starting task 7.0 in stage 0.0 (TID 7) (spark-master, executor driver, partition 7, PROCESS_LOCAL, 4433 bytes) taskResourceAssignments Map()
[2024-09-23T02:09:34.311+0000] {ssh.py:524} INFO - 24/09/23 02:09:34 INFO TaskSetManager: Starting task 8.0 in stage 0.0 (TID 8) (spark-master, executor driver, partition 8, PROCESS_LOCAL, 4473 bytes) taskResourceAssignments Map()
[2024-09-23T02:09:34.311+0000] {ssh.py:524} INFO - 24/09/23 02:09:34 INFO TaskSetManager: Starting task 9.0 in stage 0.0 (TID 9) (spark-master, executor driver, partition 9, PROCESS_LOCAL, 4433 bytes) taskResourceAssignments Map()
[2024-09-23T02:09:34.312+0000] {ssh.py:524} INFO - 24/09/23 02:09:34 INFO TaskSetManager: Starting task 10.0 in stage 0.0 (TID 10) (spark-master, executor driver, partition 10, PROCESS_LOCAL, 4476 bytes) taskResourceAssignments Map()
[2024-09-23T02:09:34.312+0000] {ssh.py:524} INFO - 24/09/23 02:09:34 INFO TaskSetManager: Starting task 11.0 in stage 0.0 (TID 11) (spark-master, executor driver, partition 11, PROCESS_LOCAL, 4479 bytes) taskResourceAssignments Map()
[2024-09-23T02:09:34.323+0000] {ssh.py:524} INFO - 24/09/23 02:09:34 INFO Executor: Running task 2.0 in stage 0.0 (TID 2)
[2024-09-23T02:09:34.324+0000] {ssh.py:524} INFO - 24/09/23 02:09:34 INFO Executor: Running task 3.0 in stage 0.0 (TID 3)
[2024-09-23T02:09:34.325+0000] {ssh.py:524} INFO - 24/09/23 02:09:34 INFO Executor: Running task 1.0 in stage 0.0 (TID 1)
[2024-09-23T02:09:34.325+0000] {ssh.py:524} INFO - 24/09/23 02:09:34 INFO Executor: Running task 0.0 in stage 0.0 (TID 0)
[2024-09-23T02:09:34.343+0000] {ssh.py:524} INFO - 24/09/23 02:09:34 INFO Executor: Running task 4.0 in stage 0.0 (TID 4)
[2024-09-23T02:09:34.351+0000] {ssh.py:524} INFO - 24/09/23 02:09:34 INFO Executor: Running task 5.0 in stage 0.0 (TID 5)
[2024-09-23T02:09:34.351+0000] {ssh.py:524} INFO - 24/09/23 02:09:34 INFO Executor: Running task 6.0 in stage 0.0 (TID 6)
[2024-09-23T02:09:34.355+0000] {ssh.py:524} INFO - 24/09/23 02:09:34 INFO Executor: Running task 8.0 in stage 0.0 (TID 8)
[2024-09-23T02:09:34.355+0000] {ssh.py:524} INFO - 24/09/23 02:09:34 INFO Executor: Running task 7.0 in stage 0.0 (TID 7)
[2024-09-23T02:09:34.365+0000] {ssh.py:524} INFO - 24/09/23 02:09:34 INFO Executor: Running task 9.0 in stage 0.0 (TID 9)
[2024-09-23T02:09:34.368+0000] {ssh.py:524} INFO - 24/09/23 02:09:34 INFO Executor: Running task 10.0 in stage 0.0 (TID 10)
[2024-09-23T02:09:34.380+0000] {ssh.py:524} INFO - 24/09/23 02:09:34 INFO Executor: Running task 11.0 in stage 0.0 (TID 11)
[2024-09-23T02:09:35.118+0000] {ssh.py:524} INFO - 24/09/23 02:09:35 WARN AbstractS3ACommitterFactory: Using standard FileOutputCommitter to commit work. This is slow and potentially unsafe.
[2024-09-23T02:09:35.119+0000] {ssh.py:524} INFO - 24/09/23 02:09:35 INFO FileOutputCommitter: File Output Committer Algorithm version is 1
[2024-09-23T02:09:35.120+0000] {ssh.py:524} INFO - 24/09/23 02:09:35 INFO FileOutputCommitter: FileOutputCommitter skip cleanup _temporary folders under output directory:false, ignore cleanup failures: false
[2024-09-23T02:09:35.120+0000] {ssh.py:524} INFO - 24/09/23 02:09:35 INFO AbstractS3ACommitterFactory: Using Committer FileOutputCommitter{PathOutputCommitter{context=TaskAttemptContextImpl{JobContextImpl{jobId=job_202409230209334077342992956515246_0000}; taskId=attempt_202409230209334077342992956515246_0000_m_000006_6, status=''}; org.apache.hadoop.mapreduce.lib.output.FileOutputCommitter@7bf3a4c1}; outputPath=s3a://raw/olhovivo/corredor/dt=2024-09-23, workPath=s3a://raw/olhovivo/corredor/dt=2024-09-23/_temporary/0/_temporary/attempt_202409230209334077342992956515246_0000_m_000006_6, algorithmVersion=1, skipCleanup=false, ignoreCleanupFailures=false} for s3a://raw/olhovivo/corredor/dt=2024-09-23
[2024-09-23T02:09:35.121+0000] {ssh.py:524} INFO - 24/09/23 02:09:35 INFO SQLHadoopMapReduceCommitProtocol: Using output committer class org.apache.hadoop.mapreduce.lib.output.FileOutputCommitter
[2024-09-23T02:09:35.121+0000] {ssh.py:524} INFO - 24/09/23 02:09:35 WARN AbstractS3ACommitterFactory: Using standard FileOutputCommitter to commit work. This is slow and potentially unsafe.
[2024-09-23T02:09:35.122+0000] {ssh.py:524} INFO - 24/09/23 02:09:35 INFO FileOutputCommitter: File Output Committer Algorithm version is 1
[2024-09-23T02:09:35.122+0000] {ssh.py:524} INFO - 24/09/23 02:09:35 INFO FileOutputCommitter: FileOutputCommitter skip cleanup _temporary folders under output directory:false, ignore cleanup failures: false
[2024-09-23T02:09:35.123+0000] {ssh.py:524} INFO - 24/09/23 02:09:35 INFO AbstractS3ACommitterFactory: Using Committer FileOutputCommitter{PathOutputCommitter{context=TaskAttemptContextImpl{JobContextImpl{jobId=job_202409230209337295009185789064576_0000}; taskId=attempt_202409230209337295009185789064576_0000_m_000004_4, status=''}; org.apache.hadoop.mapreduce.lib.output.FileOutputCommitter@46a5363d}; outputPath=s3a://raw/olhovivo/corredor/dt=2024-09-23, workPath=s3a://raw/olhovivo/corredor/dt=2024-09-23/_temporary/0/_temporary/attempt_202409230209337295009185789064576_0000_m_000004_4, algorithmVersion=1, skipCleanup=false, ignoreCleanupFailures=false} for s3a://raw/olhovivo/corredor/dt=2024-09-23
[2024-09-23T02:09:35.123+0000] {ssh.py:524} INFO - 24/09/23 02:09:35 INFO SQLHadoopMapReduceCommitProtocol: Using output committer class org.apache.hadoop.mapreduce.lib.output.FileOutputCommitter
[2024-09-23T02:09:35.166+0000] {ssh.py:524} INFO - 24/09/23 02:09:35 WARN AbstractS3ACommitterFactory: Using standard FileOutputCommitter to commit work. This is slow and potentially unsafe.
[2024-09-23T02:09:35.167+0000] {ssh.py:524} INFO - 24/09/23 02:09:35 INFO FileOutputCommitter: File Output Committer Algorithm version is 1
[2024-09-23T02:09:35.167+0000] {ssh.py:524} INFO - 24/09/23 02:09:35 INFO FileOutputCommitter: FileOutputCommitter skip cleanup _temporary folders under output directory:false, ignore cleanup failures: false
[2024-09-23T02:09:35.168+0000] {ssh.py:524} INFO - 24/09/23 02:09:35 INFO AbstractS3ACommitterFactory: Using Committer FileOutputCommitter{PathOutputCommitter{context=TaskAttemptContextImpl{JobContextImpl{jobId=job_202409230209336164701570615832988_0000}; taskId=attempt_202409230209336164701570615832988_0000_m_000008_8, status=''}; org.apache.hadoop.mapreduce.lib.output.FileOutputCommitter@613abbc9}; outputPath=s3a://raw/olhovivo/corredor/dt=2024-09-23, workPath=s3a://raw/olhovivo/corredor/dt=2024-09-23/_temporary/0/_temporary/attempt_202409230209336164701570615832988_0000_m_000008_8, algorithmVersion=1, skipCleanup=false, ignoreCleanupFailures=false} for s3a://raw/olhovivo/corredor/dt=2024-09-23
[2024-09-23T02:09:35.168+0000] {ssh.py:524} INFO - 24/09/23 02:09:35 INFO SQLHadoopMapReduceCommitProtocol: Using output committer class org.apache.hadoop.mapreduce.lib.output.FileOutputCommitter
[2024-09-23T02:09:35.173+0000] {ssh.py:524} INFO - 24/09/23 02:09:35 WARN AbstractS3ACommitterFactory: Using standard FileOutputCommitter to commit work. This is slow and potentially unsafe.
[2024-09-23T02:09:35.174+0000] {ssh.py:524} INFO - 24/09/23 02:09:35 INFO FileOutputCommitter: File Output Committer Algorithm version is 1
[2024-09-23T02:09:35.174+0000] {ssh.py:524} INFO - 24/09/23 02:09:35 INFO FileOutputCommitter: FileOutputCommitter skip cleanup _temporary folders under output directory:false, ignore cleanup failures: false
[2024-09-23T02:09:35.175+0000] {ssh.py:524} INFO - 24/09/23 02:09:35 INFO AbstractS3ACommitterFactory: Using Committer FileOutputCommitter{PathOutputCommitter{context=TaskAttemptContextImpl{JobContextImpl{jobId=job_202409230209333646154056032112399_0000}; taskId=attempt_202409230209333646154056032112399_0000_m_000010_10, status=''}; org.apache.hadoop.mapreduce.lib.output.FileOutputCommitter@1c986a74}; outputPath=s3a://raw/olhovivo/corredor/dt=2024-09-23, workPath=s3a://raw/olhovivo/corredor/dt=2024-09-23/_temporary/0/_temporary/attempt_202409230209333646154056032112399_0000_m_000010_10, algorithmVersion=1, skipCleanup=false, ignoreCleanupFailures=false} for s3a://raw/olhovivo/corredor/dt=2024-09-23
[2024-09-23T02:09:35.175+0000] {ssh.py:524} INFO - 24/09/23 02:09:35 INFO SQLHadoopMapReduceCommitProtocol: Using output committer class org.apache.hadoop.mapreduce.lib.output.FileOutputCommitter
[2024-09-23T02:09:35.176+0000] {ssh.py:524} INFO - 24/09/23 02:09:35 WARN AbstractS3ACommitterFactory: Using standard FileOutputCommitter to commit work. This is slow and potentially unsafe.
[2024-09-23T02:09:35.177+0000] {ssh.py:524} INFO - 24/09/23 02:09:35 INFO FileOutputCommitter: File Output Committer Algorithm version is 1
[2024-09-23T02:09:35.177+0000] {ssh.py:524} INFO - 24/09/23 02:09:35 INFO FileOutputCommitter: FileOutputCommitter skip cleanup _temporary folders under output directory:false, ignore cleanup failures: false
[2024-09-23T02:09:35.178+0000] {ssh.py:524} INFO - 24/09/23 02:09:35 INFO AbstractS3ACommitterFactory: Using Committer FileOutputCommitter{PathOutputCommitter{context=TaskAttemptContextImpl{JobContextImpl{jobId=job_202409230209332672772934041618402_0000}; taskId=attempt_202409230209332672772934041618402_0000_m_000009_9, status=''}; org.apache.hadoop.mapreduce.lib.output.FileOutputCommitter@a9fecaa}; outputPath=s3a://raw/olhovivo/corredor/dt=2024-09-23, workPath=s3a://raw/olhovivo/corredor/dt=2024-09-23/_temporary/0/_temporary/attempt_202409230209332672772934041618402_0000_m_000009_9, algorithmVersion=1, skipCleanup=false, ignoreCleanupFailures=false} for s3a://raw/olhovivo/corredor/dt=2024-09-23
[2024-09-23T02:09:35.178+0000] {ssh.py:524} INFO - 24/09/23 02:09:35 INFO SQLHadoopMapReduceCommitProtocol: Using output committer class org.apache.hadoop.mapreduce.lib.output.FileOutputCommitter
[2024-09-23T02:09:35.197+0000] {ssh.py:524} INFO - 24/09/23 02:09:35 INFO PythonRunner: Times: total = 656, boot = 562, init = 94, finish = 0
[2024-09-23T02:09:35.207+0000] {ssh.py:524} INFO - 24/09/23 02:09:35 WARN AbstractS3ACommitterFactory: Using standard FileOutputCommitter to commit work. This is slow and potentially unsafe.
[2024-09-23T02:09:35.207+0000] {ssh.py:524} INFO - 24/09/23 02:09:35 INFO FileOutputCommitter: File Output Committer Algorithm version is 1
[2024-09-23T02:09:35.208+0000] {ssh.py:524} INFO - 24/09/23 02:09:35 INFO FileOutputCommitter: FileOutputCommitter skip cleanup _temporary folders under output directory:false, ignore cleanup failures: false
[2024-09-23T02:09:35.208+0000] {ssh.py:524} INFO - 24/09/23 02:09:35 INFO AbstractS3ACommitterFactory: Using Committer FileOutputCommitter{PathOutputCommitter{context=TaskAttemptContextImpl{JobContextImpl{jobId=job_202409230209333656894488368394453_0000}; taskId=attempt_202409230209333656894488368394453_0000_m_000003_3, status=''}; org.apache.hadoop.mapreduce.lib.output.FileOutputCommitter@12565cfc}; outputPath=s3a://raw/olhovivo/corredor/dt=2024-09-23, workPath=s3a://raw/olhovivo/corredor/dt=2024-09-23/_temporary/0/_temporary/attempt_202409230209333656894488368394453_0000_m_000003_3, algorithmVersion=1, skipCleanup=false, ignoreCleanupFailures=false} for s3a://raw/olhovivo/corredor/dt=2024-09-23
[2024-09-23T02:09:35.209+0000] {ssh.py:524} INFO - 24/09/23 02:09:35 INFO SQLHadoopMapReduceCommitProtocol: Using output committer class org.apache.hadoop.mapreduce.lib.output.FileOutputCommitter
[2024-09-23T02:09:35.222+0000] {ssh.py:524} INFO - 24/09/23 02:09:35 WARN AbstractS3ACommitterFactory: Using standard FileOutputCommitter to commit work. This is slow and potentially unsafe.
[2024-09-23T02:09:35.222+0000] {ssh.py:524} INFO - 24/09/23 02:09:35 INFO FileOutputCommitter: File Output Committer Algorithm version is 1
[2024-09-23T02:09:35.223+0000] {ssh.py:524} INFO - 24/09/23 02:09:35 INFO FileOutputCommitter: FileOutputCommitter skip cleanup _temporary folders under output directory:false, ignore cleanup failures: false
[2024-09-23T02:09:35.223+0000] {ssh.py:524} INFO - 24/09/23 02:09:35 INFO AbstractS3ACommitterFactory: Using Committer FileOutputCommitter{PathOutputCommitter{context=TaskAttemptContextImpl{JobContextImpl{jobId=job_202409230209332043861787817610968_0000}; taskId=attempt_202409230209332043861787817610968_0000_m_000002_2, status=''}; org.apache.hadoop.mapreduce.lib.output.FileOutputCommitter@4876167c}; outputPath=s3a://raw/olhovivo/corredor/dt=2024-09-23, workPath=s3a://raw/olhovivo/corredor/dt=2024-09-23/_temporary/0/_temporary/attempt_202409230209332043861787817610968_0000_m_000002_2, algorithmVersion=1, skipCleanup=false, ignoreCleanupFailures=false} for s3a://raw/olhovivo/corredor/dt=2024-09-23
[2024-09-23T02:09:35.224+0000] {ssh.py:524} INFO - 24/09/23 02:09:35 INFO SQLHadoopMapReduceCommitProtocol: Using output committer class org.apache.hadoop.mapreduce.lib.output.FileOutputCommitter
[2024-09-23T02:09:35.224+0000] {ssh.py:524} INFO - 24/09/23 02:09:35 INFO PythonRunner: Times: total = 663, boot = 556, init = 106, finish = 1
[2024-09-23T02:09:35.243+0000] {ssh.py:524} INFO - 24/09/23 02:09:35 WARN AbstractS3ACommitterFactory: Using standard FileOutputCommitter to commit work. This is slow and potentially unsafe.
[2024-09-23T02:09:35.245+0000] {ssh.py:524} INFO - 24/09/23 02:09:35 INFO FileOutputCommitter: File Output Committer Algorithm version is 1
[2024-09-23T02:09:35.246+0000] {ssh.py:524} INFO - 24/09/23 02:09:35 INFO FileOutputCommitter: FileOutputCommitter skip cleanup _temporary folders under output directory:false, ignore cleanup failures: false
[2024-09-23T02:09:35.247+0000] {ssh.py:524} INFO - 24/09/23 02:09:35 INFO AbstractS3ACommitterFactory: Using Committer FileOutputCommitter{PathOutputCommitter{context=TaskAttemptContextImpl{JobContextImpl{jobId=job_202409230209334787435299992247483_0000}; taskId=attempt_202409230209334787435299992247483_0000_m_000005_5, status=''}; org.apache.hadoop.mapreduce.lib.output.FileOutputCommitter@5137e668}; outputPath=s3a://raw/olhovivo/corredor/dt=2024-09-23, workPath=s3a://raw/olhovivo/corredor/dt=2024-09-23/_temporary/0/_temporary/attempt_202409230209334787435299992247483_0000_m_000005_5, algorithmVersion=1, skipCleanup=false, ignoreCleanupFailures=false} for s3a://raw/olhovivo/corredor/dt=2024-09-23
[2024-09-23T02:09:35.248+0000] {ssh.py:524} INFO - 24/09/23 02:09:35 INFO SQLHadoopMapReduceCommitProtocol: Using output committer class org.apache.hadoop.mapreduce.lib.output.FileOutputCommitter
[2024-09-23T02:09:35.248+0000] {ssh.py:524} INFO - 24/09/23 02:09:35 WARN AbstractS3ACommitterFactory: Using standard FileOutputCommitter to commit work. This is slow and potentially unsafe.
[2024-09-23T02:09:35.249+0000] {ssh.py:524} INFO - 24/09/23 02:09:35 INFO FileOutputCommitter: File Output Committer Algorithm version is 1
[2024-09-23T02:09:35.249+0000] {ssh.py:524} INFO - 24/09/23 02:09:35 INFO FileOutputCommitter: FileOutputCommitter skip cleanup _temporary folders under output directory:false, ignore cleanup failures: false
[2024-09-23T02:09:35.249+0000] {ssh.py:524} INFO - 24/09/23 02:09:35 INFO AbstractS3ACommitterFactory: Using Committer FileOutputCommitter{PathOutputCommitter{context=TaskAttemptContextImpl{JobContextImpl{jobId=job_202409230209331776880872068246675_0000}; taskId=attempt_202409230209331776880872068246675_0000_m_000007_7, status=''}; org.apache.hadoop.mapreduce.lib.output.FileOutputCommitter@ecd26ac}; outputPath=s3a://raw/olhovivo/corredor/dt=2024-09-23, workPath=s3a://raw/olhovivo/corredor/dt=2024-09-23/_temporary/0/_temporary/attempt_202409230209331776880872068246675_0000_m_000007_7, algorithmVersion=1, skipCleanup=false, ignoreCleanupFailures=false} for s3a://raw/olhovivo/corredor/dt=2024-09-23
[2024-09-23T02:09:35.250+0000] {ssh.py:524} INFO - 24/09/23 02:09:35 INFO SQLHadoopMapReduceCommitProtocol: Using output committer class org.apache.hadoop.mapreduce.lib.output.FileOutputCommitter
[2024-09-23T02:09:35.255+0000] {ssh.py:524} INFO - 24/09/23 02:09:35 INFO SparkHadoopMapRedUtil: No need to commit output of task because needsTaskCommit=false: attempt_202409230209332043861787817610968_0000_m_000002_2
[2024-09-23T02:09:35.260+0000] {ssh.py:524} INFO - 24/09/23 02:09:35 INFO SparkHadoopMapRedUtil: No need to commit output of task because needsTaskCommit=false: attempt_202409230209337295009185789064576_0000_m_000004_4
[2024-09-23T02:09:35.267+0000] {ssh.py:524} INFO - 24/09/23 02:09:35 WARN AbstractS3ACommitterFactory: Using standard FileOutputCommitter to commit work. This is slow and potentially unsafe.
[2024-09-23T02:09:35.269+0000] {ssh.py:524} INFO - 24/09/23 02:09:35 INFO FileOutputCommitter: File Output Committer Algorithm version is 1
[2024-09-23T02:09:35.270+0000] {ssh.py:524} INFO - 24/09/23 02:09:35 INFO FileOutputCommitter: FileOutputCommitter skip cleanup _temporary folders under output directory:false, ignore cleanup failures: false
[2024-09-23T02:09:35.271+0000] {ssh.py:524} INFO - 24/09/23 02:09:35 INFO AbstractS3ACommitterFactory: Using Committer FileOutputCommitter{PathOutputCommitter{context=TaskAttemptContextImpl{JobContextImpl{jobId=job_202409230209338946550162283107801_0000}; taskId=attempt_202409230209338946550162283107801_0000_m_000000_0, status=''}; org.apache.hadoop.mapreduce.lib.output.FileOutputCommitter@1cfeade4}; outputPath=s3a://raw/olhovivo/corredor/dt=2024-09-23, workPath=s3a://raw/olhovivo/corredor/dt=2024-09-23/_temporary/0/_temporary/attempt_202409230209338946550162283107801_0000_m_000000_0, algorithmVersion=1, skipCleanup=false, ignoreCleanupFailures=false} for s3a://raw/olhovivo/corredor/dt=2024-09-23
[2024-09-23T02:09:35.271+0000] {ssh.py:524} INFO - 24/09/23 02:09:35 INFO SQLHadoopMapReduceCommitProtocol: Using output committer class org.apache.hadoop.mapreduce.lib.output.FileOutputCommitter
[2024-09-23T02:09:35.272+0000] {ssh.py:524} INFO - 24/09/23 02:09:35 INFO PythonRunner: Times: total = 706, boot = 540, init = 166, finish = 0
[2024-09-23T02:09:35.272+0000] {ssh.py:524} INFO - 24/09/23 02:09:35 WARN AbstractS3ACommitterFactory: Using standard FileOutputCommitter to commit work. This is slow and potentially unsafe.
[2024-09-23T02:09:35.273+0000] {ssh.py:524} INFO - 24/09/23 02:09:35 INFO FileOutputCommitter: File Output Committer Algorithm version is 1
[2024-09-23T02:09:35.273+0000] {ssh.py:524} INFO - 24/09/23 02:09:35 INFO FileOutputCommitter: FileOutputCommitter skip cleanup _temporary folders under output directory:false, ignore cleanup failures: false
[2024-09-23T02:09:35.274+0000] {ssh.py:524} INFO - 24/09/23 02:09:35 INFO AbstractS3ACommitterFactory: Using Committer FileOutputCommitter{PathOutputCommitter{context=TaskAttemptContextImpl{JobContextImpl{jobId=job_202409230209333607194228669836447_0000}; taskId=attempt_202409230209333607194228669836447_0000_m_000011_11, status=''}; org.apache.hadoop.mapreduce.lib.output.FileOutputCommitter@75f5496}; outputPath=s3a://raw/olhovivo/corredor/dt=2024-09-23, workPath=s3a://raw/olhovivo/corredor/dt=2024-09-23/_temporary/0/_temporary/attempt_202409230209333607194228669836447_0000_m_000011_11, algorithmVersion=1, skipCleanup=false, ignoreCleanupFailures=false} for s3a://raw/olhovivo/corredor/dt=2024-09-23
[2024-09-23T02:09:35.275+0000] {ssh.py:524} INFO - 24/09/23 02:09:35 INFO SQLHadoopMapReduceCommitProtocol: Using output committer class org.apache.hadoop.mapreduce.lib.output.FileOutputCommitter
[2024-09-23T02:09:35.278+0000] {ssh.py:524} INFO - 24/09/23 02:09:35 INFO SparkHadoopMapRedUtil: No need to commit output of task because needsTaskCommit=false: attempt_202409230209332672772934041618402_0000_m_000009_9
[2024-09-23T02:09:35.281+0000] {ssh.py:524} INFO - 24/09/23 02:09:35 WARN AbstractS3ACommitterFactory: Using standard FileOutputCommitter to commit work. This is slow and potentially unsafe.
[2024-09-23T02:09:35.281+0000] {ssh.py:524} INFO - 24/09/23 02:09:35 INFO FileOutputCommitter: File Output Committer Algorithm version is 1
[2024-09-23T02:09:35.282+0000] {ssh.py:524} INFO - 24/09/23 02:09:35 INFO FileOutputCommitter: FileOutputCommitter skip cleanup _temporary folders under output directory:false, ignore cleanup failures: false
[2024-09-23T02:09:35.283+0000] {ssh.py:524} INFO - 24/09/23 02:09:35 INFO AbstractS3ACommitterFactory: Using Committer FileOutputCommitter{PathOutputCommitter{context=TaskAttemptContextImpl{JobContextImpl{jobId=job_202409230209336430166174378488314_0000}; taskId=attempt_202409230209336430166174378488314_0000_m_000001_1, status=''}; org.apache.hadoop.mapreduce.lib.output.FileOutputCommitter@6349ded4}; outputPath=s3a://raw/olhovivo/corredor/dt=2024-09-23, workPath=s3a://raw/olhovivo/corredor/dt=2024-09-23/_temporary/0/_temporary/attempt_202409230209336430166174378488314_0000_m_000001_1, algorithmVersion=1, skipCleanup=false, ignoreCleanupFailures=false} for s3a://raw/olhovivo/corredor/dt=2024-09-23
[2024-09-23T02:09:35.284+0000] {ssh.py:524} INFO - 24/09/23 02:09:35 INFO SQLHadoopMapReduceCommitProtocol: Using output committer class org.apache.hadoop.mapreduce.lib.output.FileOutputCommitter
[2024-09-23T02:09:35.299+0000] {ssh.py:524} INFO - 24/09/23 02:09:35 INFO Executor: Finished task 4.0 in stage 0.0 (TID 4). 2871 bytes result sent to driver
[2024-09-23T02:09:35.302+0000] {ssh.py:524} INFO - 24/09/23 02:09:35 INFO Executor: Finished task 9.0 in stage 0.0 (TID 9). 2871 bytes result sent to driver
[2024-09-23T02:09:35.303+0000] {ssh.py:524} INFO - 24/09/23 02:09:35 INFO Executor: Finished task 2.0 in stage 0.0 (TID 2). 2871 bytes result sent to driver
[2024-09-23T02:09:35.317+0000] {ssh.py:524} INFO - 24/09/23 02:09:35 INFO TaskSetManager: Finished task 4.0 in stage 0.0 (TID 4) in 1008 ms on spark-master (executor driver) (1/12)
[2024-09-23T02:09:35.321+0000] {ssh.py:524} INFO - 24/09/23 02:09:35 INFO TaskSetManager: Finished task 2.0 in stage 0.0 (TID 2) in 1015 ms on spark-master (executor driver) (2/12)
[2024-09-23T02:09:35.328+0000] {ssh.py:524} INFO - 24/09/23 02:09:35 INFO PythonAccumulatorV2: Connected to AccumulatorServer at host: 127.0.0.1 port: 57537
[2024-09-23T02:09:35.330+0000] {ssh.py:524} INFO - 24/09/23 02:09:35 INFO TaskSetManager: Finished task 9.0 in stage 0.0 (TID 9) in 1018 ms on spark-master (executor driver) (3/12)
[2024-09-23T02:09:35.342+0000] {ssh.py:524} INFO - 24/09/23 02:09:35 INFO PythonRunner: Times: total = 807, boot = 618, init = 189, finish = 0
[2024-09-23T02:09:35.352+0000] {ssh.py:524} INFO - 24/09/23 02:09:35 INFO SparkHadoopMapRedUtil: No need to commit output of task because needsTaskCommit=false: attempt_202409230209331776880872068246675_0000_m_000007_7
[2024-09-23T02:09:35.357+0000] {ssh.py:524} INFO - 24/09/23 02:09:35 INFO Executor: Finished task 7.0 in stage 0.0 (TID 7). 2828 bytes result sent to driver
[2024-09-23T02:09:35.364+0000] {ssh.py:524} INFO - 24/09/23 02:09:35 INFO PythonRunner: Times: total = 658, boot = 561, init = 97, finish = 0
[2024-09-23T02:09:35.364+0000] {ssh.py:524} INFO - 24/09/23 02:09:35 INFO PythonRunner: Times: total = 707, boot = 581, init = 126, finish = 0
[2024-09-23T02:09:35.365+0000] {ssh.py:524} INFO - 24/09/23 02:09:35 INFO PythonRunner: Times: total = 818, boot = 633, init = 185, finish = 0
[2024-09-23T02:09:35.365+0000] {ssh.py:524} INFO - 24/09/23 02:09:35 INFO PythonRunner: Times: total = 750, boot = 597, init = 153, finish = 0
[2024-09-23T02:09:35.366+0000] {ssh.py:524} INFO - 24/09/23 02:09:35 INFO PythonRunner: Times: total = 719, boot = 587, init = 132, finish = 0
[2024-09-23T02:09:35.368+0000] {ssh.py:524} INFO - 24/09/23 02:09:35 INFO PythonRunner: Times: total = 768, boot = 577, init = 191, finish = 0
[2024-09-23T02:09:35.377+0000] {ssh.py:524} INFO - 24/09/23 02:09:35 INFO TaskSetManager: Finished task 7.0 in stage 0.0 (TID 7) in 1068 ms on spark-master (executor driver) (4/12)
[2024-09-23T02:09:35.423+0000] {ssh.py:524} INFO - 24/09/23 02:09:35 INFO PythonRunner: Times: total = 847, boot = 602, init = 245, finish = 0
[2024-09-23T02:09:35.426+0000] {ssh.py:524} INFO - 24/09/23 02:09:35 INFO PythonRunner: Times: total = 842, boot = 615, init = 226, finish = 1
[2024-09-23T02:09:35.827+0000] {ssh.py:524} INFO - 24/09/23 02:09:35 INFO FileOutputCommitter: Saved output of task 'attempt_202409230209336164701570615832988_0000_m_000008_8' to s3a://raw/olhovivo/corredor/dt=2024-09-23/_temporary/0/task_202409230209336164701570615832988_0000_m_000008
[2024-09-23T02:09:35.833+0000] {ssh.py:524} INFO - 24/09/23 02:09:35 INFO SparkHadoopMapRedUtil: attempt_202409230209336164701570615832988_0000_m_000008_8: Committed. Elapsed time: 354 ms.
[2024-09-23T02:09:35.835+0000] {ssh.py:524} INFO - 24/09/23 02:09:35 INFO FileOutputCommitter: Saved output of task 'attempt_202409230209336430166174378488314_0000_m_000001_1' to s3a://raw/olhovivo/corredor/dt=2024-09-23/_temporary/0/task_202409230209336430166174378488314_0000_m_000001
[2024-09-23T02:09:35.835+0000] {ssh.py:524} INFO - 24/09/23 02:09:35 INFO SparkHadoopMapRedUtil: attempt_202409230209336430166174378488314_0000_m_000001_1: Committed. Elapsed time: 332 ms.
[2024-09-23T02:09:35.836+0000] {ssh.py:524} INFO - 24/09/23 02:09:35 INFO FileOutputCommitter: Saved output of task 'attempt_202409230209338946550162283107801_0000_m_000000_0' to s3a://raw/olhovivo/corredor/dt=2024-09-23/_temporary/0/task_202409230209338946550162283107801_0000_m_000000
[2024-09-23T02:09:35.836+0000] {ssh.py:524} INFO - 24/09/23 02:09:35 INFO SparkHadoopMapRedUtil: attempt_202409230209338946550162283107801_0000_m_000000_0: Committed. Elapsed time: 315 ms.
[2024-09-23T02:09:35.840+0000] {ssh.py:524} INFO - 24/09/23 02:09:35 INFO Executor: Finished task 1.0 in stage 0.0 (TID 1). 2914 bytes result sent to driver
[2024-09-23T02:09:35.846+0000] {ssh.py:524} INFO - 24/09/23 02:09:35 INFO FileOutputCommitter: Saved output of task 'attempt_202409230209333646154056032112399_0000_m_000010_10' to s3a://raw/olhovivo/corredor/dt=2024-09-23/_temporary/0/task_202409230209333646154056032112399_0000_m_000010
[2024-09-23T02:09:35.846+0000] {ssh.py:524} INFO - 24/09/23 02:09:35 INFO SparkHadoopMapRedUtil: attempt_202409230209333646154056032112399_0000_m_000010_10: Committed. Elapsed time: 369 ms.
[2024-09-23T02:09:35.849+0000] {ssh.py:524} INFO - 24/09/23 02:09:35 INFO Executor: Finished task 10.0 in stage 0.0 (TID 10). 2914 bytes result sent to driver
[2024-09-23T02:09:35.851+0000] {ssh.py:524} INFO - 24/09/23 02:09:35 INFO FileOutputCommitter: Saved output of task 'attempt_202409230209333656894488368394453_0000_m_000003_3' to s3a://raw/olhovivo/corredor/dt=2024-09-23/_temporary/0/task_202409230209333656894488368394453_0000_m_000003
[2024-09-23T02:09:35.852+0000] {ssh.py:524} INFO - 24/09/23 02:09:35 INFO SparkHadoopMapRedUtil: attempt_202409230209333656894488368394453_0000_m_000003_3: Committed. Elapsed time: 344 ms.
[2024-09-23T02:09:35.854+0000] {ssh.py:524} INFO - 24/09/23 02:09:35 INFO Executor: Finished task 8.0 in stage 0.0 (TID 8). 2957 bytes result sent to driver
[2024-09-23T02:09:35.854+0000] {ssh.py:524} INFO - 24/09/23 02:09:35 INFO FileOutputCommitter: Saved output of task 'attempt_202409230209333607194228669836447_0000_m_000011_11' to s3a://raw/olhovivo/corredor/dt=2024-09-23/_temporary/0/task_202409230209333607194228669836447_0000_m_000011
[2024-09-23T02:09:35.854+0000] {ssh.py:524} INFO - 24/09/23 02:09:35 INFO SparkHadoopMapRedUtil: attempt_202409230209333607194228669836447_0000_m_000011_11: Committed. Elapsed time: 377 ms.
[2024-09-23T02:09:35.858+0000] {ssh.py:524} INFO - 24/09/23 02:09:35 INFO Executor: Finished task 11.0 in stage 0.0 (TID 11). 2914 bytes result sent to driver
[2024-09-23T02:09:35.859+0000] {ssh.py:524} INFO - 24/09/23 02:09:35 INFO Executor: Finished task 0.0 in stage 0.0 (TID 0). 2828 bytes result sent to driver
[2024-09-23T02:09:35.861+0000] {ssh.py:524} INFO - 24/09/23 02:09:35 INFO Executor: Finished task 3.0 in stage 0.0 (TID 3). 2914 bytes result sent to driver
[2024-09-23T02:09:35.862+0000] {ssh.py:524} INFO - 24/09/23 02:09:35 INFO TaskSetManager: Finished task 1.0 in stage 0.0 (TID 1) in 1541 ms on spark-master (executor driver) (5/12)
[2024-09-23T02:09:35.865+0000] {ssh.py:524} INFO - 24/09/23 02:09:35 INFO TaskSetManager: Finished task 11.0 in stage 0.0 (TID 11) in 1551 ms on spark-master (executor driver) (6/12)
[2024-09-23T02:09:35.866+0000] {ssh.py:524} INFO - 24/09/23 02:09:35 INFO TaskSetManager: Finished task 0.0 in stage 0.0 (TID 0) in 1576 ms on spark-master (executor driver) (7/12)
[2024-09-23T02:09:35.867+0000] {ssh.py:524} INFO - 24/09/23 02:09:35 INFO TaskSetManager: Finished task 8.0 in stage 0.0 (TID 8) in 1554 ms on spark-master (executor driver) (8/12)
[2024-09-23T02:09:35.867+0000] {ssh.py:524} INFO - 24/09/23 02:09:35 INFO TaskSetManager: Finished task 3.0 in stage 0.0 (TID 3) in 1559 ms on spark-master (executor driver) (9/12)
[2024-09-23T02:09:35.867+0000] {ssh.py:524} INFO - 24/09/23 02:09:35 INFO TaskSetManager: Finished task 10.0 in stage 0.0 (TID 10) in 1555 ms on spark-master (executor driver) (10/12)
[2024-09-23T02:09:35.954+0000] {ssh.py:524} INFO - 24/09/23 02:09:35 INFO FileOutputCommitter: Saved output of task 'attempt_202409230209334787435299992247483_0000_m_000005_5' to s3a://raw/olhovivo/corredor/dt=2024-09-23/_temporary/0/task_202409230209334787435299992247483_0000_m_000005
[2024-09-23T02:09:35.955+0000] {ssh.py:524} INFO - 24/09/23 02:09:35 INFO SparkHadoopMapRedUtil: attempt_202409230209334787435299992247483_0000_m_000005_5: Committed. Elapsed time: 474 ms.
[2024-09-23T02:09:35.956+0000] {ssh.py:524} INFO - 24/09/23 02:09:35 INFO Executor: Finished task 5.0 in stage 0.0 (TID 5). 2914 bytes result sent to driver
[2024-09-23T02:09:35.971+0000] {ssh.py:524} INFO - 24/09/23 02:09:35 INFO TaskSetManager: Finished task 5.0 in stage 0.0 (TID 5) in 1647 ms on spark-master (executor driver) (11/12)
[2024-09-23T02:09:35.981+0000] {ssh.py:524} INFO - 24/09/23 02:09:35 INFO FileOutputCommitter: Saved output of task 'attempt_202409230209334077342992956515246_0000_m_000006_6' to s3a://raw/olhovivo/corredor/dt=2024-09-23/_temporary/0/task_202409230209334077342992956515246_0000_m_000006
[2024-09-23T02:09:35.982+0000] {ssh.py:524} INFO - 24/09/23 02:09:35 INFO SparkHadoopMapRedUtil: attempt_202409230209334077342992956515246_0000_m_000006_6: Committed. Elapsed time: 503 ms.
[2024-09-23T02:09:35.985+0000] {ssh.py:524} INFO - 24/09/23 02:09:35 INFO Executor: Finished task 6.0 in stage 0.0 (TID 6). 2914 bytes result sent to driver
[2024-09-23T02:09:35.994+0000] {ssh.py:524} INFO - 24/09/23 02:09:35 INFO TaskSetManager: Finished task 6.0 in stage 0.0 (TID 6) in 1682 ms on spark-master (executor driver) (12/12)
[2024-09-23T02:09:35.994+0000] {ssh.py:524} INFO - 24/09/23 02:09:35 INFO TaskSchedulerImpl: Removed TaskSet 0.0, whose tasks have all completed, from pool 
[2024-09-23T02:09:35.995+0000] {ssh.py:524} INFO - 24/09/23 02:09:35 INFO DAGScheduler: ResultStage 0 (save at NativeMethodAccessorImpl.java:0) finished in 1.885 s
[2024-09-23T02:09:35.998+0000] {ssh.py:524} INFO - 24/09/23 02:09:35 INFO DAGScheduler: Job 0 is finished. Cancelling potential speculative or zombie tasks for this job
[2024-09-23T02:09:35.998+0000] {ssh.py:524} INFO - 24/09/23 02:09:35 INFO TaskSchedulerImpl: Killing all running tasks in stage 0: Stage finished
[2024-09-23T02:09:36.000+0000] {ssh.py:524} INFO - 24/09/23 02:09:35 INFO DAGScheduler: Job 0 finished: save at NativeMethodAccessorImpl.java:0, took 1.926313 s
[2024-09-23T02:09:36.003+0000] {ssh.py:524} INFO - 24/09/23 02:09:36 INFO FileFormatWriter: Start to commit write Job b63106b5-86ea-4078-b7a6-aa8e6f5015a0.
[2024-09-23T02:09:36.999+0000] {ssh.py:524} INFO - 24/09/23 02:09:36 INFO FileFormatWriter: Write Job b63106b5-86ea-4078-b7a6-aa8e6f5015a0 committed. Elapsed time: 996 ms.
[2024-09-23T02:09:37.004+0000] {ssh.py:524} INFO - 24/09/23 02:09:37 INFO FileFormatWriter: Finished processing stats for write job b63106b5-86ea-4078-b7a6-aa8e6f5015a0.
[2024-09-23T02:09:37.008+0000] {ssh.py:524} INFO - [DEBUG] Done.
[2024-09-23T02:09:37.059+0000] {ssh.py:524} INFO - 24/09/23 02:09:37 INFO SparkContext: Invoking stop() from shutdown hook
[2024-09-23T02:09:37.072+0000] {ssh.py:524} INFO - 24/09/23 02:09:37 INFO SparkUI: Stopped Spark web UI at http://spark-master:4040
[2024-09-23T02:09:37.100+0000] {ssh.py:524} INFO - 24/09/23 02:09:37 INFO MapOutputTrackerMasterEndpoint: MapOutputTrackerMasterEndpoint stopped!
[2024-09-23T02:09:37.124+0000] {ssh.py:524} INFO - 24/09/23 02:09:37 INFO MemoryStore: MemoryStore cleared
[2024-09-23T02:09:37.126+0000] {ssh.py:524} INFO - 24/09/23 02:09:37 INFO BlockManager: BlockManager stopped
[2024-09-23T02:09:37.135+0000] {ssh.py:524} INFO - 24/09/23 02:09:37 INFO BlockManagerMaster: BlockManagerMaster stopped
[2024-09-23T02:09:37.140+0000] {ssh.py:524} INFO - 24/09/23 02:09:37 INFO OutputCommitCoordinator$OutputCommitCoordinatorEndpoint: OutputCommitCoordinator stopped!
[2024-09-23T02:09:37.152+0000] {ssh.py:524} INFO - 24/09/23 02:09:37 INFO SparkContext: Successfully stopped SparkContext
[2024-09-23T02:09:37.152+0000] {ssh.py:524} INFO - 24/09/23 02:09:37 INFO ShutdownHookManager: Shutdown hook called
[2024-09-23T02:09:37.153+0000] {ssh.py:524} INFO - 24/09/23 02:09:37 INFO ShutdownHookManager: Deleting directory /tmp/spark-ed782c31-e32d-4bb9-8470-f7ea946f52da
[2024-09-23T02:09:37.157+0000] {ssh.py:524} INFO - 24/09/23 02:09:37 INFO ShutdownHookManager: Deleting directory /tmp/spark-a0aeeab3-1660-4438-8a91-05145c5ebb32
[2024-09-23T02:09:37.160+0000] {ssh.py:524} INFO - 24/09/23 02:09:37 INFO ShutdownHookManager: Deleting directory /tmp/spark-a0aeeab3-1660-4438-8a91-05145c5ebb32/pyspark-5658882e-f8d2-4210-ae68-1cbd4d772365
[2024-09-23T02:09:37.169+0000] {ssh.py:524} INFO - 24/09/23 02:09:37 INFO MetricsSystemImpl: Stopping s3a-file-system metrics system...
[2024-09-23T02:09:37.170+0000] {ssh.py:524} INFO - 24/09/23 02:09:37 INFO MetricsSystemImpl: s3a-file-system metrics system stopped.
[2024-09-23T02:09:37.170+0000] {ssh.py:524} INFO - 24/09/23 02:09:37 INFO MetricsSystemImpl: s3a-file-system metrics system shutdown complete.
[2024-09-23T02:09:37.379+0000] {taskinstance.py:1400} INFO - Marking task as SUCCESS. dag_id=raw_ingestion_15min, task_id=spark_raw_ingestion_corredor, execution_date=20240923T020924, start_date=20240923T020924, end_date=20240923T020937
[2024-09-23T02:09:37.453+0000] {local_task_job_runner.py:228} INFO - Task exited with return code 0
[2024-09-23T02:09:37.521+0000] {taskinstance.py:2778} INFO - 0 downstream tasks scheduled from follow-on schedule check
