[2024-09-21T21:53:32.430+0000] {taskinstance.py:1159} INFO - Dependencies all met for dep_context=non-requeueable deps ti=<TaskInstance: raw_ingestion.spark_raw_ingestion_empresa manual__2024-09-21T21:53:31.478307+00:00 [queued]>
[2024-09-21T21:53:32.439+0000] {taskinstance.py:1159} INFO - Dependencies all met for dep_context=requeueable deps ti=<TaskInstance: raw_ingestion.spark_raw_ingestion_empresa manual__2024-09-21T21:53:31.478307+00:00 [queued]>
[2024-09-21T21:53:32.440+0000] {taskinstance.py:1361} INFO - Starting attempt 1 of 0
[2024-09-21T21:53:32.454+0000] {taskinstance.py:1382} INFO - Executing <Task(SSHOperator): spark_raw_ingestion_empresa> on 2024-09-21 21:53:31.478307+00:00
[2024-09-21T21:53:32.459+0000] {standard_task_runner.py:57} INFO - Started process 1521 to run task
[2024-09-21T21:53:32.462+0000] {standard_task_runner.py:84} INFO - Running: ['airflow', 'tasks', 'run', 'raw_ingestion', 'spark_raw_ingestion_empresa', 'manual__2024-09-21T21:53:31.478307+00:00', '--job-id', '396', '--raw', '--subdir', 'DAGS_FOLDER/raw_ingestion.py', '--cfg-path', '/tmp/tmpchq52dok']
[2024-09-21T21:53:32.462+0000] {standard_task_runner.py:85} INFO - Job 396: Subtask spark_raw_ingestion_empresa
[2024-09-21T21:53:32.583+0000] {task_command.py:416} INFO - Running <TaskInstance: raw_ingestion.spark_raw_ingestion_empresa manual__2024-09-21T21:53:31.478307+00:00 [running]> on host airflow-worker
[2024-09-21T21:53:32.805+0000] {taskinstance.py:1662} INFO - Exporting env vars: AIRFLOW_CTX_DAG_OWNER='***' AIRFLOW_CTX_DAG_ID='raw_ingestion' AIRFLOW_CTX_TASK_ID='spark_raw_ingestion_empresa' AIRFLOW_CTX_EXECUTION_DATE='2024-09-21T21:53:31.478307+00:00' AIRFLOW_CTX_TRY_NUMBER='1' AIRFLOW_CTX_DAG_RUN_ID='manual__2024-09-21T21:53:31.478307+00:00'
[2024-09-21T21:53:32.806+0000] {ssh.py:141} INFO - Creating ssh_client
[2024-09-21T21:53:32.806+0000] {ssh.py:114} INFO - ssh_hook is not provided or invalid. Trying ssh_conn_id to create SSHHook.
[2024-09-21T21:53:32.846+0000] {base.py:73} INFO - Using connection ID 'spark_ssh_default' for task execution.
[2024-09-21T21:53:32.847+0000] {ssh.py:300} WARNING - No Host Key Verification. This won't protect against Man-In-The-Middle attacks
[2024-09-21T21:53:32.855+0000] {transport.py:1893} INFO - Connected (version 2.0, client OpenSSH_8.9p1)
[2024-09-21T21:53:32.940+0000] {transport.py:1893} INFO - Authentication (password) successful!
[2024-09-21T21:53:32.941+0000] {ssh.py:478} INFO - Running command: export SPARK_HOME=/usr/local/spark; /opt/conda/bin/spark-submit --master local[*] --executor-memory 4g /opt/shared/scripts/raw_ingestion.py 2024-09-21 empresa
[2024-09-21T21:53:35.999+0000] {ssh.py:524} INFO - [DEBUG] dt_now: 2024-09-21
[2024-09-21T21:53:36.000+0000] {ssh.py:524} INFO - [DEBUG] endpoint: empresa
[2024-09-21T21:53:36.100+0000] {ssh.py:524} INFO - 24/09/21 21:53:36 INFO SparkContext: Running Spark version 3.3.1
[2024-09-21T21:53:36.124+0000] {ssh.py:524} INFO - 24/09/21 21:53:36 WARN NativeCodeLoader: Unable to load native-hadoop library for your platform... using builtin-java classes where applicable
[2024-09-21T21:53:36.215+0000] {ssh.py:524} INFO - 24/09/21 21:53:36 INFO ResourceUtils: ==============================================================
[2024-09-21T21:53:36.216+0000] {ssh.py:524} INFO - 24/09/21 21:53:36 INFO ResourceUtils: No custom resources configured for spark.driver.
[2024-09-21T21:53:36.217+0000] {ssh.py:524} INFO - 24/09/21 21:53:36 INFO ResourceUtils: ==============================================================
[2024-09-21T21:53:36.217+0000] {ssh.py:524} INFO - 24/09/21 21:53:36 INFO SparkContext: Submitted application: raw_ingestion_empresa
[2024-09-21T21:53:36.245+0000] {ssh.py:524} INFO - 24/09/21 21:53:36 INFO ResourceProfile: Default ResourceProfile created, executor resources: Map(cores -> name: cores, amount: 1, script: , vendor: , memory -> name: memory, amount: 1024, script: , vendor: , offHeap -> name: offHeap, amount: 0, script: , vendor: ), task resources: Map(cpus -> name: cpus, amount: 1.0)
[2024-09-21T21:53:36.254+0000] {ssh.py:524} INFO - 24/09/21 21:53:36 INFO ResourceProfile: Limiting resource is cpu
[2024-09-21T21:53:36.255+0000] {ssh.py:524} INFO - 24/09/21 21:53:36 INFO ResourceProfileManager: Added ResourceProfile id: 0
[2024-09-21T21:53:36.299+0000] {ssh.py:524} INFO - 24/09/21 21:53:36 INFO SecurityManager: Changing view acls to: root
[2024-09-21T21:53:36.299+0000] {ssh.py:524} INFO - 24/09/21 21:53:36 INFO SecurityManager: Changing modify acls to: root
[2024-09-21T21:53:36.300+0000] {ssh.py:524} INFO - 24/09/21 21:53:36 INFO SecurityManager: Changing view acls groups to: 
[2024-09-21T21:53:36.301+0000] {ssh.py:524} INFO - 24/09/21 21:53:36 INFO SecurityManager: Changing modify acls groups to: 
[2024-09-21T21:53:36.301+0000] {ssh.py:524} INFO - 24/09/21 21:53:36 INFO SecurityManager: SecurityManager: authentication disabled; ui acls disabled; users  with view permissions: Set(root); groups with view permissions: Set(); users  with modify permissions: Set(root); groups with modify permissions: Set()
[2024-09-21T21:53:36.663+0000] {ssh.py:524} INFO - 24/09/21 21:53:36 INFO Utils: Successfully started service 'sparkDriver' on port 36237.
[2024-09-21T21:53:36.705+0000] {ssh.py:524} INFO - 24/09/21 21:53:36 INFO SparkEnv: Registering MapOutputTracker
[2024-09-21T21:53:36.739+0000] {ssh.py:524} INFO - 24/09/21 21:53:36 INFO SparkEnv: Registering BlockManagerMaster
[2024-09-21T21:53:36.755+0000] {ssh.py:524} INFO - 24/09/21 21:53:36 INFO BlockManagerMasterEndpoint: Using org.apache.spark.storage.DefaultTopologyMapper for getting topology information
[2024-09-21T21:53:36.756+0000] {ssh.py:524} INFO - 24/09/21 21:53:36 INFO BlockManagerMasterEndpoint: BlockManagerMasterEndpoint up
[2024-09-21T21:53:36.762+0000] {ssh.py:524} INFO - 24/09/21 21:53:36 INFO SparkEnv: Registering BlockManagerMasterHeartbeat
[2024-09-21T21:53:36.786+0000] {ssh.py:524} INFO - 24/09/21 21:53:36 INFO DiskBlockManager: Created local directory at /tmp/blockmgr-995a1c55-026b-4a1a-84a0-653a1630cdda
[2024-09-21T21:53:36.802+0000] {ssh.py:524} INFO - 24/09/21 21:53:36 INFO MemoryStore: MemoryStore started with capacity 434.4 MiB
[2024-09-21T21:53:36.827+0000] {ssh.py:524} INFO - 24/09/21 21:53:36 INFO SparkEnv: Registering OutputCommitCoordinator
[2024-09-21T21:53:37.026+0000] {ssh.py:524} INFO - 24/09/21 21:53:37 WARN Utils: Service 'SparkUI' could not bind on port 4040. Attempting port 4041.
[2024-09-21T21:53:37.026+0000] {ssh.py:524} INFO - 24/09/21 21:53:37 WARN Utils: Service 'SparkUI' could not bind on port 4041. Attempting port 4042.
[2024-09-21T21:53:37.028+0000] {ssh.py:524} INFO - 24/09/21 21:53:37 WARN Utils: Service 'SparkUI' could not bind on port 4042. Attempting port 4043.
[2024-09-21T21:53:37.028+0000] {ssh.py:524} INFO - 24/09/21 21:53:37 WARN Utils: Service 'SparkUI' could not bind on port 4043. Attempting port 4044.
[2024-09-21T21:53:37.040+0000] {ssh.py:524} INFO - 24/09/21 21:53:37 INFO Utils: Successfully started service 'SparkUI' on port 4044.
[2024-09-21T21:53:37.158+0000] {ssh.py:524} INFO - 24/09/21 21:53:37 INFO Executor: Starting executor ID driver on host spark-master
[2024-09-21T21:53:37.163+0000] {ssh.py:524} INFO - 24/09/21 21:53:37 INFO Executor: Starting executor with user classpath (userClassPathFirst = false): ''
[2024-09-21T21:53:37.177+0000] {ssh.py:524} INFO - 24/09/21 21:53:37 INFO Utils: Successfully started service 'org.apache.spark.network.netty.NettyBlockTransferService' on port 33573.
[2024-09-21T21:53:37.177+0000] {ssh.py:524} INFO - 24/09/21 21:53:37 INFO NettyBlockTransferService: Server created on spark-master:33573
[2024-09-21T21:53:37.178+0000] {ssh.py:524} INFO - 24/09/21 21:53:37 INFO BlockManager: Using org.apache.spark.storage.RandomBlockReplicationPolicy for block replication policy
[2024-09-21T21:53:37.184+0000] {ssh.py:524} INFO - 24/09/21 21:53:37 INFO BlockManagerMaster: Registering BlockManager BlockManagerId(driver, spark-master, 33573, None)
[2024-09-21T21:53:37.186+0000] {ssh.py:524} INFO - 24/09/21 21:53:37 INFO BlockManagerMasterEndpoint: Registering block manager spark-master:33573 with 434.4 MiB RAM, BlockManagerId(driver, spark-master, 33573, None)
[2024-09-21T21:53:37.188+0000] {ssh.py:524} INFO - 24/09/21 21:53:37 INFO BlockManagerMaster: Registered BlockManager BlockManagerId(driver, spark-master, 33573, None)
[2024-09-21T21:53:37.189+0000] {ssh.py:524} INFO - 24/09/21 21:53:37 INFO BlockManager: Initialized BlockManager: BlockManagerId(driver, spark-master, 33573, None)
[2024-09-21T21:53:38.177+0000] {ssh.py:524} INFO - 24/09/21 21:53:38 INFO SharedState: Setting hive.metastore.warehouse.dir ('null') to the value of spark.sql.warehouse.dir.
[2024-09-21T21:53:38.182+0000] {ssh.py:524} INFO - 24/09/21 21:53:38 INFO SharedState: Warehouse path is 'file:/root/spark-warehouse'.
[2024-09-21T21:53:40.200+0000] {ssh.py:524} INFO - 24/09/21 21:53:40 WARN MetricsConfig: Cannot locate configuration: tried hadoop-metrics2-s3a-file-system.properties,hadoop-metrics2.properties
[2024-09-21T21:53:40.212+0000] {ssh.py:524} INFO - 24/09/21 21:53:40 INFO MetricsSystemImpl: Scheduled Metric snapshot period at 10 second(s).
[2024-09-21T21:53:40.213+0000] {ssh.py:524} INFO - 24/09/21 21:53:40 INFO MetricsSystemImpl: s3a-file-system metrics system started
[2024-09-21T21:53:41.347+0000] {ssh.py:524} INFO - 24/09/21 21:53:41 WARN AbstractS3ACommitterFactory: Using standard FileOutputCommitter to commit work. This is slow and potentially unsafe.
[2024-09-21T21:53:41.348+0000] {ssh.py:524} INFO - 24/09/21 21:53:41 INFO FileOutputCommitter: File Output Committer Algorithm version is 1
[2024-09-21T21:53:41.348+0000] {ssh.py:524} INFO - 24/09/21 21:53:41 INFO FileOutputCommitter: FileOutputCommitter skip cleanup _temporary folders under output directory:false, ignore cleanup failures: false
[2024-09-21T21:53:41.350+0000] {ssh.py:524} INFO - 24/09/21 21:53:41 INFO AbstractS3ACommitterFactory: Using Committer FileOutputCommitter{PathOutputCommitter{context=TaskAttemptContextImpl{JobContextImpl{jobId=job_202409212153412994330666726029810_0000}; taskId=attempt_202409212153412994330666726029810_0000_m_000000_0, status=''}; org.apache.hadoop.mapreduce.lib.output.FileOutputCommitter@5a836a64}; outputPath=s3a://raw/olhovivo/empresa/dt=2024-09-21, workPath=s3a://raw/olhovivo/empresa/dt=2024-09-21/_temporary/0/_temporary/attempt_202409212153412994330666726029810_0000_m_000000_0, algorithmVersion=1, skipCleanup=false, ignoreCleanupFailures=false} for s3a://raw/olhovivo/empresa/dt=2024-09-21
[2024-09-21T21:53:41.351+0000] {ssh.py:524} INFO - 24/09/21 21:53:41 INFO SQLHadoopMapReduceCommitProtocol: Using output committer class org.apache.hadoop.mapreduce.lib.output.FileOutputCommitter
[2024-09-21T21:53:41.814+0000] {ssh.py:524} INFO - 24/09/21 21:53:41 INFO CodeGenerator: Code generated in 155.222559 ms
[2024-09-21T21:53:41.945+0000] {ssh.py:524} INFO - 24/09/21 21:53:41 INFO SparkContext: Starting job: save at NativeMethodAccessorImpl.java:0
[2024-09-21T21:53:41.960+0000] {ssh.py:524} INFO - 24/09/21 21:53:41 INFO DAGScheduler: Got job 0 (save at NativeMethodAccessorImpl.java:0) with 12 output partitions
[2024-09-21T21:53:41.961+0000] {ssh.py:524} INFO - 24/09/21 21:53:41 INFO DAGScheduler: Final stage: ResultStage 0 (save at NativeMethodAccessorImpl.java:0)
[2024-09-21T21:53:41.962+0000] {ssh.py:524} INFO - 24/09/21 21:53:41 INFO DAGScheduler: Parents of final stage: List()
[2024-09-21T21:53:41.963+0000] {ssh.py:524} INFO - 24/09/21 21:53:41 INFO DAGScheduler: Missing parents: List()
[2024-09-21T21:53:41.967+0000] {ssh.py:524} INFO - 24/09/21 21:53:41 INFO DAGScheduler: Submitting ResultStage 0 (MapPartitionsRDD[5] at save at NativeMethodAccessorImpl.java:0), which has no missing parents
[2024-09-21T21:53:42.079+0000] {ssh.py:524} INFO - 24/09/21 21:53:42 INFO MemoryStore: Block broadcast_0 stored as values in memory (estimated size 223.8 KiB, free 434.2 MiB)
[2024-09-21T21:53:42.106+0000] {ssh.py:524} INFO - 24/09/21 21:53:42 INFO MemoryStore: Block broadcast_0_piece0 stored as bytes in memory (estimated size 81.3 KiB, free 434.1 MiB)
[2024-09-21T21:53:42.111+0000] {ssh.py:524} INFO - 24/09/21 21:53:42 INFO BlockManagerInfo: Added broadcast_0_piece0 in memory on spark-master:33573 (size: 81.3 KiB, free: 434.3 MiB)
[2024-09-21T21:53:42.115+0000] {ssh.py:524} INFO - 24/09/21 21:53:42 INFO SparkContext: Created broadcast 0 from broadcast at DAGScheduler.scala:1513
[2024-09-21T21:53:42.132+0000] {ssh.py:524} INFO - 24/09/21 21:53:42 INFO DAGScheduler: Submitting 12 missing tasks from ResultStage 0 (MapPartitionsRDD[5] at save at NativeMethodAccessorImpl.java:0) (first 15 tasks are for partitions Vector(0, 1, 2, 3, 4, 5, 6, 7, 8, 9, 10, 11))
[2024-09-21T21:53:42.133+0000] {ssh.py:524} INFO - 24/09/21 21:53:42 INFO TaskSchedulerImpl: Adding task set 0.0 with 12 tasks resource profile 0
[2024-09-21T21:53:42.203+0000] {ssh.py:524} INFO - 24/09/21 21:53:42 INFO TaskSetManager: Starting task 0.0 in stage 0.0 (TID 0) (spark-master, executor driver, partition 0, PROCESS_LOCAL, 4433 bytes) taskResourceAssignments Map()
[2024-09-21T21:53:42.211+0000] {ssh.py:524} INFO - 24/09/21 21:53:42 INFO TaskSetManager: Starting task 1.0 in stage 0.0 (TID 1) (spark-master, executor driver, partition 1, PROCESS_LOCAL, 4433 bytes) taskResourceAssignments Map()
[2024-09-21T21:53:42.218+0000] {ssh.py:524} INFO - 24/09/21 21:53:42 INFO TaskSetManager: Starting task 2.0 in stage 0.0 (TID 2) (spark-master, executor driver, partition 2, PROCESS_LOCAL, 4433 bytes) taskResourceAssignments Map()
[2024-09-21T21:53:42.228+0000] {ssh.py:524} INFO - 24/09/21 21:53:42 INFO TaskSetManager: Starting task 3.0 in stage 0.0 (TID 3) (spark-master, executor driver, partition 3, PROCESS_LOCAL, 4433 bytes) taskResourceAssignments Map()
[2024-09-21T21:53:42.230+0000] {ssh.py:524} INFO - 24/09/21 21:53:42 INFO TaskSetManager: Starting task 4.0 in stage 0.0 (TID 4) (spark-master, executor driver, partition 4, PROCESS_LOCAL, 4433 bytes) taskResourceAssignments Map()
[2024-09-21T21:53:42.241+0000] {ssh.py:524} INFO - 24/09/21 21:53:42 INFO TaskSetManager: Starting task 5.0 in stage 0.0 (TID 5) (spark-master, executor driver, partition 5, PROCESS_LOCAL, 4433 bytes) taskResourceAssignments Map()
[2024-09-21T21:53:42.247+0000] {ssh.py:524} INFO - 24/09/21 21:53:42 INFO TaskSetManager: Starting task 6.0 in stage 0.0 (TID 6) (spark-master, executor driver, partition 6, PROCESS_LOCAL, 4433 bytes) taskResourceAssignments Map()
[2024-09-21T21:53:42.249+0000] {ssh.py:524} INFO - 24/09/21 21:53:42 INFO TaskSetManager: Starting task 7.0 in stage 0.0 (TID 7) (spark-master, executor driver, partition 7, PROCESS_LOCAL, 4433 bytes) taskResourceAssignments Map()
[2024-09-21T21:53:42.253+0000] {ssh.py:524} INFO - 24/09/21 21:53:42 INFO TaskSetManager: Starting task 8.0 in stage 0.0 (TID 8) (spark-master, executor driver, partition 8, PROCESS_LOCAL, 4433 bytes) taskResourceAssignments Map()
[2024-09-21T21:53:42.257+0000] {ssh.py:524} INFO - 24/09/21 21:53:42 INFO TaskSetManager: Starting task 9.0 in stage 0.0 (TID 9) (spark-master, executor driver, partition 9, PROCESS_LOCAL, 4433 bytes) taskResourceAssignments Map()
[2024-09-21T21:53:42.262+0000] {ssh.py:524} INFO - 24/09/21 21:53:42 INFO TaskSetManager: Starting task 10.0 in stage 0.0 (TID 10) (spark-master, executor driver, partition 10, PROCESS_LOCAL, 4433 bytes) taskResourceAssignments Map()
[2024-09-21T21:53:42.265+0000] {ssh.py:524} INFO - 24/09/21 21:53:42 INFO TaskSetManager: Starting task 11.0 in stage 0.0 (TID 11) (spark-master, executor driver, partition 11, PROCESS_LOCAL, 5155 bytes) taskResourceAssignments Map()
[2024-09-21T21:53:42.292+0000] {ssh.py:524} INFO - 24/09/21 21:53:42 INFO Executor: Running task 0.0 in stage 0.0 (TID 0)
[2024-09-21T21:53:42.294+0000] {ssh.py:524} INFO - 24/09/21 21:53:42 INFO Executor: Running task 1.0 in stage 0.0 (TID 1)
[2024-09-21T21:53:42.295+0000] {ssh.py:524} INFO - 24/09/21 21:53:42 INFO Executor: Running task 2.0 in stage 0.0 (TID 2)
[2024-09-21T21:53:42.306+0000] {ssh.py:524} INFO - 24/09/21 21:53:42 INFO Executor: Running task 4.0 in stage 0.0 (TID 4)
[2024-09-21T21:53:42.313+0000] {ssh.py:524} INFO - 24/09/21 21:53:42 INFO Executor: Running task 3.0 in stage 0.0 (TID 3)
[2024-09-21T21:53:42.316+0000] {ssh.py:524} INFO - 24/09/21 21:53:42 INFO Executor: Running task 7.0 in stage 0.0 (TID 7)
[2024-09-21T21:53:42.322+0000] {ssh.py:524} INFO - 24/09/21 21:53:42 INFO Executor: Running task 6.0 in stage 0.0 (TID 6)
[2024-09-21T21:53:42.324+0000] {ssh.py:524} INFO - 24/09/21 21:53:42 INFO Executor: Running task 9.0 in stage 0.0 (TID 9)
[2024-09-21T21:53:42.330+0000] {ssh.py:524} INFO - 24/09/21 21:53:42 INFO Executor: Running task 5.0 in stage 0.0 (TID 5)
[2024-09-21T21:53:42.331+0000] {ssh.py:524} INFO - 24/09/21 21:53:42 INFO Executor: Running task 8.0 in stage 0.0 (TID 8)
[2024-09-21T21:53:42.333+0000] {ssh.py:524} INFO - 24/09/21 21:53:42 INFO Executor: Running task 10.0 in stage 0.0 (TID 10)
[2024-09-21T21:53:42.337+0000] {ssh.py:524} INFO - 24/09/21 21:53:42 INFO Executor: Running task 11.0 in stage 0.0 (TID 11)
[2024-09-21T21:53:43.278+0000] {ssh.py:524} INFO - 24/09/21 21:53:43 WARN AbstractS3ACommitterFactory: Using standard FileOutputCommitter to commit work. This is slow and potentially unsafe.
[2024-09-21T21:53:43.285+0000] {ssh.py:524} INFO - 24/09/21 21:53:43 INFO FileOutputCommitter: File Output Committer Algorithm version is 1
[2024-09-21T21:53:43.286+0000] {ssh.py:524} INFO - 24/09/21 21:53:43 INFO FileOutputCommitter: FileOutputCommitter skip cleanup _temporary folders under output directory:false, ignore cleanup failures: false
[2024-09-21T21:53:43.287+0000] {ssh.py:524} INFO - 24/09/21 21:53:43 INFO AbstractS3ACommitterFactory: Using Committer FileOutputCommitter{PathOutputCommitter{context=TaskAttemptContextImpl{JobContextImpl{jobId=job_202409212153415001632846837234707_0000}; taskId=attempt_202409212153415001632846837234707_0000_m_000010_10, status=''}; org.apache.hadoop.mapreduce.lib.output.FileOutputCommitter@26f49bc4}; outputPath=s3a://raw/olhovivo/empresa/dt=2024-09-21, workPath=s3a://raw/olhovivo/empresa/dt=2024-09-21/_temporary/0/_temporary/attempt_202409212153415001632846837234707_0000_m_000010_10, algorithmVersion=1, skipCleanup=false, ignoreCleanupFailures=false} for s3a://raw/olhovivo/empresa/dt=2024-09-21
[2024-09-21T21:53:43.296+0000] {ssh.py:524} INFO - 24/09/21 21:53:43 WARN AbstractS3ACommitterFactory: Using standard FileOutputCommitter to commit work. This is slow and potentially unsafe.
[2024-09-21T21:53:43.297+0000] {ssh.py:524} INFO - 24/09/21 21:53:43 INFO FileOutputCommitter: File Output Committer Algorithm version is 1
[2024-09-21T21:53:43.300+0000] {ssh.py:524} INFO - 24/09/21 21:53:43 INFO FileOutputCommitter: FileOutputCommitter skip cleanup _temporary folders under output directory:false, ignore cleanup failures: false
[2024-09-21T21:53:43.302+0000] {ssh.py:524} INFO - 24/09/21 21:53:43 INFO AbstractS3ACommitterFactory: Using Committer FileOutputCommitter{PathOutputCommitter{context=TaskAttemptContextImpl{JobContextImpl{jobId=job_202409212153412947768097230786200_0000}; taskId=attempt_202409212153412947768097230786200_0000_m_000007_7, status=''}; org.apache.hadoop.mapreduce.lib.output.FileOutputCommitter@1a85d401}; outputPath=s3a://raw/olhovivo/empresa/dt=2024-09-21, workPath=s3a://raw/olhovivo/empresa/dt=2024-09-21/_temporary/0/_temporary/attempt_202409212153412947768097230786200_0000_m_000007_7, algorithmVersion=1, skipCleanup=false, ignoreCleanupFailures=false} for s3a://raw/olhovivo/empresa/dt=2024-09-21
[2024-09-21T21:53:43.304+0000] {ssh.py:524} INFO - 24/09/21 21:53:43 INFO SQLHadoopMapReduceCommitProtocol: Using output committer class org.apache.hadoop.mapreduce.lib.output.FileOutputCommitter
[2024-09-21T21:53:43.305+0000] {ssh.py:524} INFO - 24/09/21 21:53:43 INFO SQLHadoopMapReduceCommitProtocol: Using output committer class org.apache.hadoop.mapreduce.lib.output.FileOutputCommitter
[2024-09-21T21:53:43.308+0000] {ssh.py:524} INFO - 24/09/21 21:53:43 WARN AbstractS3ACommitterFactory: Using standard FileOutputCommitter to commit work. This is slow and potentially unsafe.
[2024-09-21T21:53:43.309+0000] {ssh.py:524} INFO - 24/09/21 21:53:43 INFO FileOutputCommitter: File Output Committer Algorithm version is 1
[2024-09-21T21:53:43.309+0000] {ssh.py:524} INFO - 24/09/21 21:53:43 INFO FileOutputCommitter: FileOutputCommitter skip cleanup _temporary folders under output directory:false, ignore cleanup failures: false
[2024-09-21T21:53:43.310+0000] {ssh.py:524} INFO - 24/09/21 21:53:43 INFO AbstractS3ACommitterFactory: Using Committer FileOutputCommitter{PathOutputCommitter{context=TaskAttemptContextImpl{JobContextImpl{jobId=job_202409212153413014096558740099541_0000}; taskId=attempt_202409212153413014096558740099541_0000_m_000008_8, status=''}; org.apache.hadoop.mapreduce.lib.output.FileOutputCommitter@58abf5b7}; outputPath=s3a://raw/olhovivo/empresa/dt=2024-09-21, workPath=s3a://raw/olhovivo/empresa/dt=2024-09-21/_temporary/0/_temporary/attempt_202409212153413014096558740099541_0000_m_000008_8, algorithmVersion=1, skipCleanup=false, ignoreCleanupFailures=false} for s3a://raw/olhovivo/empresa/dt=2024-09-21
[2024-09-21T21:53:43.311+0000] {ssh.py:524} INFO - 24/09/21 21:53:43 INFO SQLHadoopMapReduceCommitProtocol: Using output committer class org.apache.hadoop.mapreduce.lib.output.FileOutputCommitter
[2024-09-21T21:53:43.319+0000] {ssh.py:524} INFO - 24/09/21 21:53:43 WARN AbstractS3ACommitterFactory: Using standard FileOutputCommitter to commit work. This is slow and potentially unsafe.
[2024-09-21T21:53:43.319+0000] {ssh.py:524} INFO - 24/09/21 21:53:43 INFO FileOutputCommitter: File Output Committer Algorithm version is 1
[2024-09-21T21:53:43.320+0000] {ssh.py:524} INFO - 24/09/21 21:53:43 INFO FileOutputCommitter: FileOutputCommitter skip cleanup _temporary folders under output directory:false, ignore cleanup failures: false
[2024-09-21T21:53:43.320+0000] {ssh.py:524} INFO - 24/09/21 21:53:43 INFO AbstractS3ACommitterFactory: Using Committer FileOutputCommitter{PathOutputCommitter{context=TaskAttemptContextImpl{JobContextImpl{jobId=job_202409212153416042526637197777464_0000}; taskId=attempt_202409212153416042526637197777464_0000_m_000011_11, status=''}; org.apache.hadoop.mapreduce.lib.output.FileOutputCommitter@2a3482b3}; outputPath=s3a://raw/olhovivo/empresa/dt=2024-09-21, workPath=s3a://raw/olhovivo/empresa/dt=2024-09-21/_temporary/0/_temporary/attempt_202409212153416042526637197777464_0000_m_000011_11, algorithmVersion=1, skipCleanup=false, ignoreCleanupFailures=false} for s3a://raw/olhovivo/empresa/dt=2024-09-21
[2024-09-21T21:53:43.320+0000] {ssh.py:524} INFO - 24/09/21 21:53:43 INFO SQLHadoopMapReduceCommitProtocol: Using output committer class org.apache.hadoop.mapreduce.lib.output.FileOutputCommitter
[2024-09-21T21:53:43.321+0000] {ssh.py:524} INFO - 24/09/21 21:53:43 INFO PythonRunner: Times: total = 792, boot = 685, init = 107, finish = 0
[2024-09-21T21:53:43.347+0000] {ssh.py:524} INFO - 24/09/21 21:53:43 INFO PythonRunner: Times: total = 788, boot = 657, init = 131, finish = 0
[2024-09-21T21:53:43.351+0000] {ssh.py:524} INFO - 24/09/21 21:53:43 INFO SparkHadoopMapRedUtil: No need to commit output of task because needsTaskCommit=false: attempt_202409212153412947768097230786200_0000_m_000007_7
[2024-09-21T21:53:43.363+0000] {ssh.py:524} INFO - 24/09/21 21:53:43 WARN AbstractS3ACommitterFactory: Using standard FileOutputCommitter to commit work. This is slow and potentially unsafe.
[2024-09-21T21:53:43.364+0000] {ssh.py:524} INFO - 24/09/21 21:53:43 INFO FileOutputCommitter: File Output Committer Algorithm version is 1
[2024-09-21T21:53:43.367+0000] {ssh.py:524} INFO - 24/09/21 21:53:43 INFO FileOutputCommitter: FileOutputCommitter skip cleanup _temporary folders under output directory:false, ignore cleanup failures: false
[2024-09-21T21:53:43.367+0000] {ssh.py:524} INFO - 24/09/21 21:53:43 INFO AbstractS3ACommitterFactory: Using Committer FileOutputCommitter{PathOutputCommitter{context=TaskAttemptContextImpl{JobContextImpl{jobId=job_202409212153416008481619249383076_0000}; taskId=attempt_202409212153416008481619249383076_0000_m_000009_9, status=''}; org.apache.hadoop.mapreduce.lib.output.FileOutputCommitter@68c965ef}; outputPath=s3a://raw/olhovivo/empresa/dt=2024-09-21, workPath=s3a://raw/olhovivo/empresa/dt=2024-09-21/_temporary/0/_temporary/attempt_202409212153416008481619249383076_0000_m_000009_9, algorithmVersion=1, skipCleanup=false, ignoreCleanupFailures=false} for s3a://raw/olhovivo/empresa/dt=2024-09-21
[2024-09-21T21:53:43.368+0000] {ssh.py:524} INFO - 24/09/21 21:53:43 INFO SQLHadoopMapReduceCommitProtocol: Using output committer class org.apache.hadoop.mapreduce.lib.output.FileOutputCommitter
[2024-09-21T21:53:43.372+0000] {ssh.py:524} INFO - 24/09/21 21:53:43 WARN AbstractS3ACommitterFactory: Using standard FileOutputCommitter to commit work. This is slow and potentially unsafe.
[2024-09-21T21:53:43.372+0000] {ssh.py:524} INFO - 24/09/21 21:53:43 INFO FileOutputCommitter: File Output Committer Algorithm version is 1
[2024-09-21T21:53:43.373+0000] {ssh.py:524} INFO - 24/09/21 21:53:43 INFO FileOutputCommitter: FileOutputCommitter skip cleanup _temporary folders under output directory:false, ignore cleanup failures: false
[2024-09-21T21:53:43.373+0000] {ssh.py:524} INFO - 24/09/21 21:53:43 INFO AbstractS3ACommitterFactory: Using Committer FileOutputCommitter{PathOutputCommitter{context=TaskAttemptContextImpl{JobContextImpl{jobId=job_202409212153411787419678947805855_0000}; taskId=attempt_202409212153411787419678947805855_0000_m_000002_2, status=''}; org.apache.hadoop.mapreduce.lib.output.FileOutputCommitter@45fab57f}; outputPath=s3a://raw/olhovivo/empresa/dt=2024-09-21, workPath=s3a://raw/olhovivo/empresa/dt=2024-09-21/_temporary/0/_temporary/attempt_202409212153411787419678947805855_0000_m_000002_2, algorithmVersion=1, skipCleanup=false, ignoreCleanupFailures=false} for s3a://raw/olhovivo/empresa/dt=2024-09-21
[2024-09-21T21:53:43.374+0000] {ssh.py:524} INFO - 24/09/21 21:53:43 INFO SQLHadoopMapReduceCommitProtocol: Using output committer class org.apache.hadoop.mapreduce.lib.output.FileOutputCommitter
[2024-09-21T21:53:43.375+0000] {ssh.py:524} INFO - 24/09/21 21:53:43 WARN AbstractS3ACommitterFactory: Using standard FileOutputCommitter to commit work. This is slow and potentially unsafe.
[2024-09-21T21:53:43.376+0000] {ssh.py:524} INFO - 24/09/21 21:53:43 INFO FileOutputCommitter: File Output Committer Algorithm version is 1
[2024-09-21T21:53:43.376+0000] {ssh.py:524} INFO - 24/09/21 21:53:43 INFO FileOutputCommitter: FileOutputCommitter skip cleanup _temporary folders under output directory:false, ignore cleanup failures: false
[2024-09-21T21:53:43.377+0000] {ssh.py:524} INFO - 24/09/21 21:53:43 INFO AbstractS3ACommitterFactory: Using Committer FileOutputCommitter{PathOutputCommitter{context=TaskAttemptContextImpl{JobContextImpl{jobId=job_202409212153411953758664993677916_0000}; taskId=attempt_202409212153411953758664993677916_0000_m_000003_3, status=''}; org.apache.hadoop.mapreduce.lib.output.FileOutputCommitter@6f4dc1be}; outputPath=s3a://raw/olhovivo/empresa/dt=2024-09-21, workPath=s3a://raw/olhovivo/empresa/dt=2024-09-21/_temporary/0/_temporary/attempt_202409212153411953758664993677916_0000_m_000003_3, algorithmVersion=1, skipCleanup=false, ignoreCleanupFailures=false} for s3a://raw/olhovivo/empresa/dt=2024-09-21
[2024-09-21T21:53:43.377+0000] {ssh.py:524} INFO - 24/09/21 21:53:43 INFO SQLHadoopMapReduceCommitProtocol: Using output committer class org.apache.hadoop.mapreduce.lib.output.FileOutputCommitter
[2024-09-21T21:53:43.382+0000] {ssh.py:524} INFO - 24/09/21 21:53:43 INFO SparkHadoopMapRedUtil: No need to commit output of task because needsTaskCommit=false: attempt_202409212153415001632846837234707_0000_m_000010_10
[2024-09-21T21:53:43.393+0000] {ssh.py:524} INFO - 24/09/21 21:53:43 INFO Executor: Finished task 7.0 in stage 0.0 (TID 7). 2871 bytes result sent to driver
[2024-09-21T21:53:43.397+0000] {ssh.py:524} INFO - 24/09/21 21:53:43 INFO Executor: Finished task 10.0 in stage 0.0 (TID 10). 2871 bytes result sent to driver
[2024-09-21T21:53:43.401+0000] {ssh.py:524} INFO - 24/09/21 21:53:43 WARN AbstractS3ACommitterFactory: Using standard FileOutputCommitter to commit work. This is slow and potentially unsafe.
[2024-09-21T21:53:43.402+0000] {ssh.py:524} INFO - 24/09/21 21:53:43 INFO FileOutputCommitter: File Output Committer Algorithm version is 1
[2024-09-21T21:53:43.405+0000] {ssh.py:524} INFO - 24/09/21 21:53:43 INFO FileOutputCommitter: FileOutputCommitter skip cleanup _temporary folders under output directory:false, ignore cleanup failures: false
[2024-09-21T21:53:43.406+0000] {ssh.py:524} INFO - 24/09/21 21:53:43 INFO AbstractS3ACommitterFactory: Using Committer FileOutputCommitter{PathOutputCommitter{context=TaskAttemptContextImpl{JobContextImpl{jobId=job_202409212153413985147862425560283_0000}; taskId=attempt_202409212153413985147862425560283_0000_m_000001_1, status=''}; org.apache.hadoop.mapreduce.lib.output.FileOutputCommitter@c67c9dc}; outputPath=s3a://raw/olhovivo/empresa/dt=2024-09-21, workPath=s3a://raw/olhovivo/empresa/dt=2024-09-21/_temporary/0/_temporary/attempt_202409212153413985147862425560283_0000_m_000001_1, algorithmVersion=1, skipCleanup=false, ignoreCleanupFailures=false} for s3a://raw/olhovivo/empresa/dt=2024-09-21
[2024-09-21T21:53:43.406+0000] {ssh.py:524} INFO - 24/09/21 21:53:43 INFO SQLHadoopMapReduceCommitProtocol: Using output committer class org.apache.hadoop.mapreduce.lib.output.FileOutputCommitter
[2024-09-21T21:53:43.411+0000] {ssh.py:524} INFO - 24/09/21 21:53:43 INFO PythonRunner: Times: total = 851, boot = 681, init = 170, finish = 0
[2024-09-21T21:53:43.417+0000] {ssh.py:524} INFO - 24/09/21 21:53:43 INFO SparkHadoopMapRedUtil: No need to commit output of task because needsTaskCommit=false: attempt_202409212153413014096558740099541_0000_m_000008_8
[2024-09-21T21:53:43.418+0000] {ssh.py:524} INFO - 24/09/21 21:53:43 INFO Executor: Finished task 8.0 in stage 0.0 (TID 8). 2828 bytes result sent to driver
[2024-09-21T21:53:43.422+0000] {ssh.py:524} INFO - 24/09/21 21:53:43 WARN AbstractS3ACommitterFactory: Using standard FileOutputCommitter to commit work. This is slow and potentially unsafe.
[2024-09-21T21:53:43.423+0000] {ssh.py:524} INFO - 24/09/21 21:53:43 INFO FileOutputCommitter: File Output Committer Algorithm version is 1
[2024-09-21T21:53:43.423+0000] {ssh.py:524} INFO - 24/09/21 21:53:43 INFO FileOutputCommitter: FileOutputCommitter skip cleanup _temporary folders under output directory:false, ignore cleanup failures: false
[2024-09-21T21:53:43.424+0000] {ssh.py:524} INFO - 24/09/21 21:53:43 INFO AbstractS3ACommitterFactory: Using Committer FileOutputCommitter{PathOutputCommitter{context=TaskAttemptContextImpl{JobContextImpl{jobId=job_202409212153416997887908302911434_0000}; taskId=attempt_202409212153416997887908302911434_0000_m_000005_5, status=''}; org.apache.hadoop.mapreduce.lib.output.FileOutputCommitter@505272c0}; outputPath=s3a://raw/olhovivo/empresa/dt=2024-09-21, workPath=s3a://raw/olhovivo/empresa/dt=2024-09-21/_temporary/0/_temporary/attempt_202409212153416997887908302911434_0000_m_000005_5, algorithmVersion=1, skipCleanup=false, ignoreCleanupFailures=false} for s3a://raw/olhovivo/empresa/dt=2024-09-21
[2024-09-21T21:53:43.424+0000] {ssh.py:524} INFO - 24/09/21 21:53:43 INFO SQLHadoopMapReduceCommitProtocol: Using output committer class org.apache.hadoop.mapreduce.lib.output.FileOutputCommitter
[2024-09-21T21:53:43.430+0000] {ssh.py:524} INFO - 24/09/21 21:53:43 INFO PythonRunner: Times: total = 878, boot = 740, init = 138, finish = 0
[2024-09-21T21:53:43.438+0000] {ssh.py:524} INFO - 24/09/21 21:53:43 INFO SparkHadoopMapRedUtil: No need to commit output of task because needsTaskCommit=false: attempt_202409212153416008481619249383076_0000_m_000009_9
[2024-09-21T21:53:43.453+0000] {ssh.py:524} INFO - 24/09/21 21:53:43 WARN AbstractS3ACommitterFactory: Using standard FileOutputCommitter to commit work. This is slow and potentially unsafe.
[2024-09-21T21:53:43.454+0000] {ssh.py:524} INFO - 24/09/21 21:53:43 INFO FileOutputCommitter: File Output Committer Algorithm version is 1
[2024-09-21T21:53:43.456+0000] {ssh.py:524} INFO - 24/09/21 21:53:43 INFO FileOutputCommitter: FileOutputCommitter skip cleanup _temporary folders under output directory:false, ignore cleanup failures: false
[2024-09-21T21:53:43.457+0000] {ssh.py:524} INFO - 24/09/21 21:53:43 INFO AbstractS3ACommitterFactory: Using Committer FileOutputCommitter{PathOutputCommitter{context=TaskAttemptContextImpl{JobContextImpl{jobId=job_202409212153414620501101721594236_0000}; taskId=attempt_202409212153414620501101721594236_0000_m_000006_6, status=''}; org.apache.hadoop.mapreduce.lib.output.FileOutputCommitter@769d0a5f}; outputPath=s3a://raw/olhovivo/empresa/dt=2024-09-21, workPath=s3a://raw/olhovivo/empresa/dt=2024-09-21/_temporary/0/_temporary/attempt_202409212153414620501101721594236_0000_m_000006_6, algorithmVersion=1, skipCleanup=false, ignoreCleanupFailures=false} for s3a://raw/olhovivo/empresa/dt=2024-09-21
[2024-09-21T21:53:43.458+0000] {ssh.py:524} INFO - 24/09/21 21:53:43 INFO SQLHadoopMapReduceCommitProtocol: Using output committer class org.apache.hadoop.mapreduce.lib.output.FileOutputCommitter
[2024-09-21T21:53:43.463+0000] {ssh.py:524} INFO - 24/09/21 21:53:43 INFO Executor: Finished task 9.0 in stage 0.0 (TID 9). 2828 bytes result sent to driver
[2024-09-21T21:53:43.468+0000] {ssh.py:524} INFO - 24/09/21 21:53:43 INFO PythonRunner: Times: total = 920, boot = 752, init = 168, finish = 0
[2024-09-21T21:53:43.488+0000] {ssh.py:524} INFO - 24/09/21 21:53:43 INFO PythonRunner: Times: total = 916, boot = 720, init = 196, finish = 0
[2024-09-21T21:53:43.488+0000] {ssh.py:524} INFO - 24/09/21 21:53:43 INFO PythonRunner: Times: total = 936, boot = 736, init = 200, finish = 0
[2024-09-21T21:53:43.490+0000] {ssh.py:524} INFO - 24/09/21 21:53:43 WARN AbstractS3ACommitterFactory: Using standard FileOutputCommitter to commit work. This is slow and potentially unsafe.
[2024-09-21T21:53:43.490+0000] {ssh.py:524} INFO - 24/09/21 21:53:43 INFO FileOutputCommitter: File Output Committer Algorithm version is 1
[2024-09-21T21:53:43.491+0000] {ssh.py:524} INFO - 24/09/21 21:53:43 INFO FileOutputCommitter: FileOutputCommitter skip cleanup _temporary folders under output directory:false, ignore cleanup failures: false
[2024-09-21T21:53:43.491+0000] {ssh.py:524} INFO - 24/09/21 21:53:43 INFO AbstractS3ACommitterFactory: Using Committer FileOutputCommitter{PathOutputCommitter{context=TaskAttemptContextImpl{JobContextImpl{jobId=job_20240921215341182606373807701749_0000}; taskId=attempt_20240921215341182606373807701749_0000_m_000004_4, status=''}; org.apache.hadoop.mapreduce.lib.output.FileOutputCommitter@302d390e}; outputPath=s3a://raw/olhovivo/empresa/dt=2024-09-21, workPath=s3a://raw/olhovivo/empresa/dt=2024-09-21/_temporary/0/_temporary/attempt_20240921215341182606373807701749_0000_m_000004_4, algorithmVersion=1, skipCleanup=false, ignoreCleanupFailures=false} for s3a://raw/olhovivo/empresa/dt=2024-09-21
[2024-09-21T21:53:43.491+0000] {ssh.py:524} INFO - 24/09/21 21:53:43 INFO SQLHadoopMapReduceCommitProtocol: Using output committer class org.apache.hadoop.mapreduce.lib.output.FileOutputCommitter
[2024-09-21T21:53:43.501+0000] {ssh.py:524} INFO - 24/09/21 21:53:43 INFO PythonRunner: Times: total = 967, boot = 813, init = 154, finish = 0
[2024-09-21T21:53:43.505+0000] {ssh.py:524} INFO - 24/09/21 21:53:43 INFO SparkHadoopMapRedUtil: No need to commit output of task because needsTaskCommit=false: attempt_202409212153411787419678947805855_0000_m_000002_2
[2024-09-21T21:53:43.507+0000] {ssh.py:524} INFO - 24/09/21 21:53:43 INFO SparkHadoopMapRedUtil: No need to commit output of task because needsTaskCommit=false: attempt_202409212153411953758664993677916_0000_m_000003_3
[2024-09-21T21:53:43.509+0000] {ssh.py:524} INFO - 24/09/21 21:53:43 INFO Executor: Finished task 2.0 in stage 0.0 (TID 2). 2828 bytes result sent to driver
[2024-09-21T21:53:43.512+0000] {ssh.py:524} INFO - 24/09/21 21:53:43 INFO SparkHadoopMapRedUtil: No need to commit output of task because needsTaskCommit=false: attempt_202409212153413985147862425560283_0000_m_000001_1
[2024-09-21T21:53:43.513+0000] {ssh.py:524} INFO - 24/09/21 21:53:43 INFO Executor: Finished task 3.0 in stage 0.0 (TID 3). 2828 bytes result sent to driver
[2024-09-21T21:53:43.514+0000] {ssh.py:524} INFO - 24/09/21 21:53:43 INFO Executor: Finished task 1.0 in stage 0.0 (TID 1). 2828 bytes result sent to driver
[2024-09-21T21:53:43.521+0000] {ssh.py:524} INFO - 24/09/21 21:53:43 INFO SparkHadoopMapRedUtil: No need to commit output of task because needsTaskCommit=false: attempt_202409212153416997887908302911434_0000_m_000005_5
[2024-09-21T21:53:43.523+0000] {ssh.py:524} INFO - 24/09/21 21:53:43 INFO Executor: Finished task 5.0 in stage 0.0 (TID 5). 2828 bytes result sent to driver
[2024-09-21T21:53:43.526+0000] {ssh.py:524} INFO - 24/09/21 21:53:43 WARN AbstractS3ACommitterFactory: Using standard FileOutputCommitter to commit work. This is slow and potentially unsafe.
[2024-09-21T21:53:43.526+0000] {ssh.py:524} INFO - 24/09/21 21:53:43 INFO FileOutputCommitter: File Output Committer Algorithm version is 1
[2024-09-21T21:53:43.527+0000] {ssh.py:524} INFO - 24/09/21 21:53:43 INFO FileOutputCommitter: FileOutputCommitter skip cleanup _temporary folders under output directory:false, ignore cleanup failures: false
[2024-09-21T21:53:43.527+0000] {ssh.py:524} INFO - 24/09/21 21:53:43 INFO AbstractS3ACommitterFactory: Using Committer FileOutputCommitter{PathOutputCommitter{context=TaskAttemptContextImpl{JobContextImpl{jobId=job_202409212153413222200150447777126_0000}; taskId=attempt_202409212153413222200150447777126_0000_m_000000_0, status=''}; org.apache.hadoop.mapreduce.lib.output.FileOutputCommitter@56554432}; outputPath=s3a://raw/olhovivo/empresa/dt=2024-09-21, workPath=s3a://raw/olhovivo/empresa/dt=2024-09-21/_temporary/0/_temporary/attempt_202409212153413222200150447777126_0000_m_000000_0, algorithmVersion=1, skipCleanup=false, ignoreCleanupFailures=false} for s3a://raw/olhovivo/empresa/dt=2024-09-21
[2024-09-21T21:53:43.528+0000] {ssh.py:524} INFO - 24/09/21 21:53:43 INFO SQLHadoopMapReduceCommitProtocol: Using output committer class org.apache.hadoop.mapreduce.lib.output.FileOutputCommitter
[2024-09-21T21:53:43.541+0000] {ssh.py:524} INFO - 24/09/21 21:53:43 INFO PythonRunner: Times: total = 1008, boot = 790, init = 218, finish = 0
[2024-09-21T21:53:43.550+0000] {ssh.py:524} INFO - 24/09/21 21:53:43 INFO TaskSetManager: Finished task 9.0 in stage 0.0 (TID 9) in 1293 ms on spark-master (executor driver) (1/12)
[2024-09-21T21:53:43.557+0000] {ssh.py:524} INFO - 24/09/21 21:53:43 INFO SparkHadoopMapRedUtil: No need to commit output of task because needsTaskCommit=false: attempt_20240921215341182606373807701749_0000_m_000004_4
[2024-09-21T21:53:43.560+0000] {ssh.py:524} INFO - 24/09/21 21:53:43 INFO TaskSetManager: Finished task 10.0 in stage 0.0 (TID 10) in 1299 ms on spark-master (executor driver) (2/12)
[2024-09-21T21:53:43.561+0000] {ssh.py:524} INFO - 24/09/21 21:53:43 INFO TaskSetManager: Finished task 8.0 in stage 0.0 (TID 8) in 1309 ms on spark-master (executor driver) (3/12)
[2024-09-21T21:53:43.562+0000] {ssh.py:524} INFO - 24/09/21 21:53:43 INFO TaskSetManager: Finished task 1.0 in stage 0.0 (TID 1) in 1352 ms on spark-master (executor driver) (4/12)
[2024-09-21T21:53:43.563+0000] {ssh.py:524} INFO - 24/09/21 21:53:43 INFO TaskSetManager: Finished task 2.0 in stage 0.0 (TID 2) in 1344 ms on spark-master (executor driver) (5/12)
[2024-09-21T21:53:43.563+0000] {ssh.py:524} INFO - 24/09/21 21:53:43 INFO TaskSetManager: Finished task 3.0 in stage 0.0 (TID 3) in 1344 ms on spark-master (executor driver) (6/12)
[2024-09-21T21:53:43.564+0000] {ssh.py:524} INFO - 24/09/21 21:53:43 INFO PythonAccumulatorV2: Connected to AccumulatorServer at host: 127.0.0.1 port: 52287
[2024-09-21T21:53:43.564+0000] {ssh.py:524} INFO - 24/09/21 21:53:43 INFO TaskSetManager: Finished task 7.0 in stage 0.0 (TID 7) in 1315 ms on spark-master (executor driver) (7/12)
[2024-09-21T21:53:43.565+0000] {ssh.py:524} INFO - 24/09/21 21:53:43 INFO TaskSetManager: Finished task 5.0 in stage 0.0 (TID 5) in 1330 ms on spark-master (executor driver) (8/12)
[2024-09-21T21:53:43.565+0000] {ssh.py:524} INFO - 24/09/21 21:53:43 INFO Executor: Finished task 4.0 in stage 0.0 (TID 4). 2828 bytes result sent to driver
[2024-09-21T21:53:43.570+0000] {ssh.py:524} INFO - 24/09/21 21:53:43 INFO TaskSetManager: Finished task 4.0 in stage 0.0 (TID 4) in 1339 ms on spark-master (executor driver) (9/12)
[2024-09-21T21:53:43.583+0000] {ssh.py:524} INFO - 24/09/21 21:53:43 INFO PythonRunner: Times: total = 1055, boot = 774, init = 281, finish = 0
[2024-09-21T21:53:43.596+0000] {ssh.py:524} INFO - 24/09/21 21:53:43 INFO SparkHadoopMapRedUtil: No need to commit output of task because needsTaskCommit=false: attempt_202409212153414620501101721594236_0000_m_000006_6
[2024-09-21T21:53:43.600+0000] {ssh.py:524} INFO - 24/09/21 21:53:43 INFO Executor: Finished task 6.0 in stage 0.0 (TID 6). 2828 bytes result sent to driver
[2024-09-21T21:53:43.601+0000] {ssh.py:524} INFO - 24/09/21 21:53:43 INFO TaskSetManager: Finished task 6.0 in stage 0.0 (TID 6) in 1358 ms on spark-master (executor driver) (10/12)
[2024-09-21T21:53:43.639+0000] {ssh.py:524} INFO - 24/09/21 21:53:43 INFO PythonRunner: Times: total = 1012, boot = 830, init = 182, finish = 0
[2024-09-21T21:53:43.650+0000] {ssh.py:524} INFO - 24/09/21 21:53:43 INFO PythonRunner: Times: total = 924, boot = 713, init = 210, finish = 1
[2024-09-21T21:53:43.828+0000] {ssh.py:524} INFO - 24/09/21 21:53:43 INFO FileOutputCommitter: Saved output of task 'attempt_202409212153416042526637197777464_0000_m_000011_11' to s3a://raw/olhovivo/empresa/dt=2024-09-21/_temporary/0/task_202409212153416042526637197777464_0000_m_000011
[2024-09-21T21:53:43.829+0000] {ssh.py:524} INFO - 24/09/21 21:53:43 INFO SparkHadoopMapRedUtil: attempt_202409212153416042526637197777464_0000_m_000011_11: Committed. Elapsed time: 121 ms.
[2024-09-21T21:53:43.831+0000] {ssh.py:524} INFO - 24/09/21 21:53:43 INFO Executor: Finished task 11.0 in stage 0.0 (TID 11). 2914 bytes result sent to driver
[2024-09-21T21:53:43.833+0000] {ssh.py:524} INFO - 24/09/21 21:53:43 INFO TaskSetManager: Finished task 11.0 in stage 0.0 (TID 11) in 1569 ms on spark-master (executor driver) (11/12)
[2024-09-21T21:53:43.872+0000] {ssh.py:524} INFO - 24/09/21 21:53:43 INFO FileOutputCommitter: Saved output of task 'attempt_202409212153413222200150447777126_0000_m_000000_0' to s3a://raw/olhovivo/empresa/dt=2024-09-21/_temporary/0/task_202409212153413222200150447777126_0000_m_000000
[2024-09-21T21:53:43.872+0000] {ssh.py:524} INFO - 24/09/21 21:53:43 INFO SparkHadoopMapRedUtil: attempt_202409212153413222200150447777126_0000_m_000000_0: Committed. Elapsed time: 159 ms.
[2024-09-21T21:53:43.874+0000] {ssh.py:524} INFO - 24/09/21 21:53:43 INFO Executor: Finished task 0.0 in stage 0.0 (TID 0). 2828 bytes result sent to driver
[2024-09-21T21:53:43.876+0000] {ssh.py:524} INFO - 24/09/21 21:53:43 INFO TaskSetManager: Finished task 0.0 in stage 0.0 (TID 0) in 1702 ms on spark-master (executor driver) (12/12)
[2024-09-21T21:53:43.877+0000] {ssh.py:524} INFO - 24/09/21 21:53:43 INFO TaskSchedulerImpl: Removed TaskSet 0.0, whose tasks have all completed, from pool 
[2024-09-21T21:53:43.880+0000] {ssh.py:524} INFO - 24/09/21 21:53:43 INFO DAGScheduler: ResultStage 0 (save at NativeMethodAccessorImpl.java:0) finished in 1.885 s
[2024-09-21T21:53:43.884+0000] {ssh.py:524} INFO - 24/09/21 21:53:43 INFO DAGScheduler: Job 0 is finished. Cancelling potential speculative or zombie tasks for this job
[2024-09-21T21:53:43.884+0000] {ssh.py:524} INFO - 24/09/21 21:53:43 INFO TaskSchedulerImpl: Killing all running tasks in stage 0: Stage finished
[2024-09-21T21:53:43.886+0000] {ssh.py:524} INFO - 24/09/21 21:53:43 INFO DAGScheduler: Job 0 finished: save at NativeMethodAccessorImpl.java:0, took 1.940545 s
[2024-09-21T21:53:43.889+0000] {ssh.py:524} INFO - 24/09/21 21:53:43 INFO FileFormatWriter: Start to commit write Job 89c42715-bc72-427d-a2ee-da7240f809f6.
[2024-09-21T21:53:44.270+0000] {ssh.py:524} INFO - 24/09/21 21:53:44 INFO FileFormatWriter: Write Job 89c42715-bc72-427d-a2ee-da7240f809f6 committed. Elapsed time: 379 ms.
[2024-09-21T21:53:44.275+0000] {ssh.py:524} INFO - 24/09/21 21:53:44 INFO FileFormatWriter: Finished processing stats for write job 89c42715-bc72-427d-a2ee-da7240f809f6.
[2024-09-21T21:53:44.294+0000] {ssh.py:524} INFO - [DEBUG] Done.
[2024-09-21T21:53:44.353+0000] {ssh.py:524} INFO - 24/09/21 21:53:44 INFO SparkContext: Invoking stop() from shutdown hook
[2024-09-21T21:53:44.368+0000] {ssh.py:524} INFO - 24/09/21 21:53:44 INFO SparkUI: Stopped Spark web UI at http://spark-master:4044
[2024-09-21T21:53:44.389+0000] {ssh.py:524} INFO - 24/09/21 21:53:44 INFO MapOutputTrackerMasterEndpoint: MapOutputTrackerMasterEndpoint stopped!
[2024-09-21T21:53:44.426+0000] {ssh.py:524} INFO - 24/09/21 21:53:44 INFO MemoryStore: MemoryStore cleared
[2024-09-21T21:53:44.426+0000] {ssh.py:524} INFO - 24/09/21 21:53:44 INFO BlockManager: BlockManager stopped
[2024-09-21T21:53:44.433+0000] {ssh.py:524} INFO - 24/09/21 21:53:44 INFO BlockManagerMaster: BlockManagerMaster stopped
[2024-09-21T21:53:44.435+0000] {ssh.py:524} INFO - 24/09/21 21:53:44 INFO OutputCommitCoordinator$OutputCommitCoordinatorEndpoint: OutputCommitCoordinator stopped!
[2024-09-21T21:53:44.446+0000] {ssh.py:524} INFO - 24/09/21 21:53:44 INFO SparkContext: Successfully stopped SparkContext
[2024-09-21T21:53:44.447+0000] {ssh.py:524} INFO - 24/09/21 21:53:44 INFO ShutdownHookManager: Shutdown hook called
[2024-09-21T21:53:44.447+0000] {ssh.py:524} INFO - 24/09/21 21:53:44 INFO ShutdownHookManager: Deleting directory /tmp/spark-380cdbf8-8817-4e1f-9065-c815334341dc
[2024-09-21T21:53:44.451+0000] {ssh.py:524} INFO - 24/09/21 21:53:44 INFO ShutdownHookManager: Deleting directory /tmp/spark-fa810c3d-6ede-4d0c-adad-64639952efc4
[2024-09-21T21:53:44.454+0000] {ssh.py:524} INFO - 24/09/21 21:53:44 INFO ShutdownHookManager: Deleting directory /tmp/spark-380cdbf8-8817-4e1f-9065-c815334341dc/pyspark-b73ea0e1-d2cb-4d38-b3ac-ef77ae50d5e5
[2024-09-21T21:53:44.464+0000] {ssh.py:524} INFO - 24/09/21 21:53:44 INFO MetricsSystemImpl: Stopping s3a-file-system metrics system...
[2024-09-21T21:53:44.465+0000] {ssh.py:524} INFO - 24/09/21 21:53:44 INFO MetricsSystemImpl: s3a-file-system metrics system stopped.
[2024-09-21T21:53:44.466+0000] {ssh.py:524} INFO - 24/09/21 21:53:44 INFO MetricsSystemImpl: s3a-file-system metrics system shutdown complete.
[2024-09-21T21:53:44.645+0000] {taskinstance.py:1400} INFO - Marking task as SUCCESS. dag_id=raw_ingestion, task_id=spark_raw_ingestion_empresa, execution_date=20240921T215331, start_date=20240921T215332, end_date=20240921T215344
[2024-09-21T21:53:44.716+0000] {local_task_job_runner.py:228} INFO - Task exited with return code 0
[2024-09-21T21:53:44.798+0000] {taskinstance.py:2778} INFO - 0 downstream tasks scheduled from follow-on schedule check
