[2024-09-21T21:14:17.567+0000] {taskinstance.py:1159} INFO - Dependencies all met for dep_context=non-requeueable deps ti=<TaskInstance: raw_ingestion.spark_raw_ingestion_previsao manual__2024-09-21T21:14:15.975182+00:00 [queued]>
[2024-09-21T21:14:17.577+0000] {taskinstance.py:1159} INFO - Dependencies all met for dep_context=requeueable deps ti=<TaskInstance: raw_ingestion.spark_raw_ingestion_previsao manual__2024-09-21T21:14:15.975182+00:00 [queued]>
[2024-09-21T21:14:17.578+0000] {taskinstance.py:1361} INFO - Starting attempt 1 of 0
[2024-09-21T21:14:17.596+0000] {taskinstance.py:1382} INFO - Executing <Task(SSHOperator): spark_raw_ingestion_previsao> on 2024-09-21 21:14:15.975182+00:00
[2024-09-21T21:14:17.601+0000] {standard_task_runner.py:57} INFO - Started process 840 to run task
[2024-09-21T21:14:17.605+0000] {standard_task_runner.py:84} INFO - Running: ['airflow', 'tasks', 'run', 'raw_ingestion', 'spark_raw_ingestion_previsao', 'manual__2024-09-21T21:14:15.975182+00:00', '--job-id', '376', '--raw', '--subdir', 'DAGS_FOLDER/raw_ingestion.py', '--cfg-path', '/tmp/tmpgd11i7sf']
[2024-09-21T21:14:17.606+0000] {standard_task_runner.py:85} INFO - Job 376: Subtask spark_raw_ingestion_previsao
[2024-09-21T21:14:17.750+0000] {task_command.py:416} INFO - Running <TaskInstance: raw_ingestion.spark_raw_ingestion_previsao manual__2024-09-21T21:14:15.975182+00:00 [running]> on host airflow-worker
[2024-09-21T21:14:17.957+0000] {taskinstance.py:1662} INFO - Exporting env vars: AIRFLOW_CTX_DAG_OWNER='***' AIRFLOW_CTX_DAG_ID='raw_ingestion' AIRFLOW_CTX_TASK_ID='spark_raw_ingestion_previsao' AIRFLOW_CTX_EXECUTION_DATE='2024-09-21T21:14:15.975182+00:00' AIRFLOW_CTX_TRY_NUMBER='1' AIRFLOW_CTX_DAG_RUN_ID='manual__2024-09-21T21:14:15.975182+00:00'
[2024-09-21T21:14:17.958+0000] {ssh.py:141} INFO - Creating ssh_client
[2024-09-21T21:14:17.958+0000] {ssh.py:114} INFO - ssh_hook is not provided or invalid. Trying ssh_conn_id to create SSHHook.
[2024-09-21T21:14:17.988+0000] {base.py:73} INFO - Using connection ID 'spark_ssh_default' for task execution.
[2024-09-21T21:14:17.989+0000] {ssh.py:300} WARNING - No Host Key Verification. This won't protect against Man-In-The-Middle attacks
[2024-09-21T21:14:17.997+0000] {transport.py:1893} INFO - Connected (version 2.0, client OpenSSH_8.9p1)
[2024-09-21T21:14:18.132+0000] {transport.py:1893} INFO - Authentication (password) successful!
[2024-09-21T21:14:18.133+0000] {ssh.py:478} INFO - Running command: export SPARK_HOME=/usr/local/spark; /opt/conda/bin/spark-submit --master local[*] --executor-memory 2g --conf "spark.pyspark.python=/env/venv/bin/python" /opt/shared/scripts/raw_ingestion.py 2024-09-21 previsao
[2024-09-21T21:14:21.424+0000] {ssh.py:524} INFO - [DEBUG] dt_now: 2024-09-21
[2024-09-21T21:14:21.425+0000] {ssh.py:524} INFO - [DEBUG] endpoint: previsao
[2024-09-21T21:14:21.495+0000] {ssh.py:524} INFO - 24/09/21 21:14:21 INFO SparkContext: Running Spark version 3.3.1
[2024-09-21T21:14:21.518+0000] {ssh.py:524} INFO - 24/09/21 21:14:21 WARN NativeCodeLoader: Unable to load native-hadoop library for your platform... using builtin-java classes where applicable
[2024-09-21T21:14:21.609+0000] {ssh.py:524} INFO - 24/09/21 21:14:21 INFO ResourceUtils: ==============================================================
[2024-09-21T21:14:21.610+0000] {ssh.py:524} INFO - 24/09/21 21:14:21 INFO ResourceUtils: No custom resources configured for spark.driver.
[2024-09-21T21:14:21.611+0000] {ssh.py:524} INFO - 24/09/21 21:14:21 INFO ResourceUtils: ==============================================================
[2024-09-21T21:14:21.611+0000] {ssh.py:524} INFO - 24/09/21 21:14:21 INFO SparkContext: Submitted application: raw_ingestion_previsao
[2024-09-21T21:14:21.633+0000] {ssh.py:524} INFO - 24/09/21 21:14:21 INFO ResourceProfile: Default ResourceProfile created, executor resources: Map(cores -> name: cores, amount: 1, script: , vendor: , memory -> name: memory, amount: 1024, script: , vendor: , offHeap -> name: offHeap, amount: 0, script: , vendor: ), task resources: Map(cpus -> name: cpus, amount: 1.0)
[2024-09-21T21:14:21.643+0000] {ssh.py:524} INFO - 24/09/21 21:14:21 INFO ResourceProfile: Limiting resource is cpu
[2024-09-21T21:14:21.645+0000] {ssh.py:524} INFO - 24/09/21 21:14:21 INFO ResourceProfileManager: Added ResourceProfile id: 0
[2024-09-21T21:14:21.702+0000] {ssh.py:524} INFO - 24/09/21 21:14:21 INFO SecurityManager: Changing view acls to: root
[2024-09-21T21:14:21.703+0000] {ssh.py:524} INFO - 24/09/21 21:14:21 INFO SecurityManager: Changing modify acls to: root
[2024-09-21T21:14:21.703+0000] {ssh.py:524} INFO - 24/09/21 21:14:21 INFO SecurityManager: Changing view acls groups to: 
[2024-09-21T21:14:21.704+0000] {ssh.py:524} INFO - 24/09/21 21:14:21 INFO SecurityManager: Changing modify acls groups to: 
[2024-09-21T21:14:21.705+0000] {ssh.py:524} INFO - 24/09/21 21:14:21 INFO SecurityManager: SecurityManager: authentication disabled; ui acls disabled; users  with view permissions: Set(root); groups with view permissions: Set(); users  with modify permissions: Set(root); groups with modify permissions: Set()
[2024-09-21T21:14:22.057+0000] {ssh.py:524} INFO - 24/09/21 21:14:22 INFO Utils: Successfully started service 'sparkDriver' on port 43565.
[2024-09-21T21:14:22.111+0000] {ssh.py:524} INFO - 24/09/21 21:14:22 INFO SparkEnv: Registering MapOutputTracker
[2024-09-21T21:14:22.148+0000] {ssh.py:524} INFO - 24/09/21 21:14:22 INFO SparkEnv: Registering BlockManagerMaster
[2024-09-21T21:14:22.162+0000] {ssh.py:524} INFO - 24/09/21 21:14:22 INFO BlockManagerMasterEndpoint: Using org.apache.spark.storage.DefaultTopologyMapper for getting topology information
[2024-09-21T21:14:22.162+0000] {ssh.py:524} INFO - 24/09/21 21:14:22 INFO BlockManagerMasterEndpoint: BlockManagerMasterEndpoint up
[2024-09-21T21:14:22.166+0000] {ssh.py:524} INFO - 24/09/21 21:14:22 INFO SparkEnv: Registering BlockManagerMasterHeartbeat
[2024-09-21T21:14:22.185+0000] {ssh.py:524} INFO - 24/09/21 21:14:22 INFO DiskBlockManager: Created local directory at /tmp/blockmgr-8ed04840-7179-4ede-bf95-4a6a43209de7
[2024-09-21T21:14:22.202+0000] {ssh.py:524} INFO - 24/09/21 21:14:22 INFO MemoryStore: MemoryStore started with capacity 434.4 MiB
[2024-09-21T21:14:22.218+0000] {ssh.py:524} INFO - 24/09/21 21:14:22 INFO SparkEnv: Registering OutputCommitCoordinator
[2024-09-21T21:14:22.431+0000] {ssh.py:524} INFO - 24/09/21 21:14:22 WARN Utils: Service 'SparkUI' could not bind on port 4040. Attempting port 4041.
[2024-09-21T21:14:22.433+0000] {ssh.py:524} INFO - 24/09/21 21:14:22 WARN Utils: Service 'SparkUI' could not bind on port 4041. Attempting port 4042.
[2024-09-21T21:14:22.433+0000] {ssh.py:524} INFO - 24/09/21 21:14:22 WARN Utils: Service 'SparkUI' could not bind on port 4042. Attempting port 4043.
[2024-09-21T21:14:22.434+0000] {ssh.py:524} INFO - 24/09/21 21:14:22 WARN Utils: Service 'SparkUI' could not bind on port 4043. Attempting port 4044.
[2024-09-21T21:14:22.442+0000] {ssh.py:524} INFO - 24/09/21 21:14:22 INFO Utils: Successfully started service 'SparkUI' on port 4044.
[2024-09-21T21:14:22.564+0000] {ssh.py:524} INFO - 24/09/21 21:14:22 INFO Executor: Starting executor ID driver on host spark-master
[2024-09-21T21:14:22.575+0000] {ssh.py:524} INFO - 24/09/21 21:14:22 INFO Executor: Starting executor with user classpath (userClassPathFirst = false): ''
[2024-09-21T21:14:22.592+0000] {ssh.py:524} INFO - 24/09/21 21:14:22 INFO Utils: Successfully started service 'org.apache.spark.network.netty.NettyBlockTransferService' on port 42533.
[2024-09-21T21:14:22.592+0000] {ssh.py:524} INFO - 24/09/21 21:14:22 INFO NettyBlockTransferService: Server created on spark-master:42533
[2024-09-21T21:14:22.593+0000] {ssh.py:524} INFO - 24/09/21 21:14:22 INFO BlockManager: Using org.apache.spark.storage.RandomBlockReplicationPolicy for block replication policy
[2024-09-21T21:14:22.598+0000] {ssh.py:524} INFO - 24/09/21 21:14:22 INFO BlockManagerMaster: Registering BlockManager BlockManagerId(driver, spark-master, 42533, None)
[2024-09-21T21:14:22.600+0000] {ssh.py:524} INFO - 24/09/21 21:14:22 INFO BlockManagerMasterEndpoint: Registering block manager spark-master:42533 with 434.4 MiB RAM, BlockManagerId(driver, spark-master, 42533, None)
[2024-09-21T21:14:22.602+0000] {ssh.py:524} INFO - 24/09/21 21:14:22 INFO BlockManagerMaster: Registered BlockManager BlockManagerId(driver, spark-master, 42533, None)
[2024-09-21T21:14:22.603+0000] {ssh.py:524} INFO - 24/09/21 21:14:22 INFO BlockManager: Initialized BlockManager: BlockManagerId(driver, spark-master, 42533, None)
[2024-09-21T21:14:23.125+0000] {ssh.py:524} INFO - 24/09/21 21:14:23 INFO SharedState: Setting hive.metastore.warehouse.dir ('null') to the value of spark.sql.warehouse.dir.
[2024-09-21T21:14:23.131+0000] {ssh.py:524} INFO - 24/09/21 21:14:23 INFO SharedState: Warehouse path is 'file:/root/spark-warehouse'.
[2024-09-21T21:14:23.644+0000] {ssh.py:524} INFO - 24/09/21 21:14:23 WARN MetricsConfig: Cannot locate configuration: tried hadoop-metrics2-s3a-file-system.properties,hadoop-metrics2.properties
[2024-09-21T21:14:23.653+0000] {ssh.py:524} INFO - 24/09/21 21:14:23 INFO MetricsSystemImpl: Scheduled Metric snapshot period at 10 second(s).
[2024-09-21T21:14:23.654+0000] {ssh.py:524} INFO - 24/09/21 21:14:23 INFO MetricsSystemImpl: s3a-file-system metrics system started
[2024-09-21T21:14:24.625+0000] {ssh.py:524} INFO - 24/09/21 21:14:24 INFO InMemoryFileIndex: It took 63 ms to list leaf files for 1 paths.
[2024-09-21T21:14:24.705+0000] {ssh.py:524} INFO - 24/09/21 21:14:24 INFO InMemoryFileIndex: It took 15 ms to list leaf files for 1 paths.
[2024-09-21T21:14:26.816+0000] {ssh.py:524} INFO - 24/09/21 21:14:26 INFO FileSourceStrategy: Pushed Filters: 
[2024-09-21T21:14:26.818+0000] {ssh.py:524} INFO - 24/09/21 21:14:26 INFO FileSourceStrategy: Post-Scan Filters: (length(trim(value#0, None)) > 0)
[2024-09-21T21:14:26.821+0000] {ssh.py:524} INFO - 24/09/21 21:14:26 INFO FileSourceStrategy: Output Data Schema: struct<value: string>
[2024-09-21T21:14:27.209+0000] {ssh.py:524} INFO - 24/09/21 21:14:27 INFO CodeGenerator: Code generated in 117.812988 ms
[2024-09-21T21:14:27.270+0000] {ssh.py:524} INFO - 24/09/21 21:14:27 INFO MemoryStore: Block broadcast_0 stored as values in memory (estimated size 215.3 KiB, free 434.2 MiB)
[2024-09-21T21:14:27.329+0000] {ssh.py:524} INFO - 24/09/21 21:14:27 INFO MemoryStore: Block broadcast_0_piece0 stored as bytes in memory (estimated size 35.9 KiB, free 434.2 MiB)
[2024-09-21T21:14:27.332+0000] {ssh.py:524} INFO - 24/09/21 21:14:27 INFO BlockManagerInfo: Added broadcast_0_piece0 in memory on spark-master:42533 (size: 35.9 KiB, free: 434.4 MiB)
[2024-09-21T21:14:27.335+0000] {ssh.py:524} INFO - 24/09/21 21:14:27 INFO SparkContext: Created broadcast 0 from csv at NativeMethodAccessorImpl.java:0
[2024-09-21T21:14:27.346+0000] {ssh.py:524} INFO - 24/09/21 21:14:27 INFO FileSourceScanExec: Planning scan with bin packing, max size: 4194304 bytes, open cost is considered as scanning 4194304 bytes.
[2024-09-21T21:14:27.478+0000] {ssh.py:524} INFO - 24/09/21 21:14:27 INFO SparkContext: Starting job: csv at NativeMethodAccessorImpl.java:0
[2024-09-21T21:14:27.495+0000] {ssh.py:524} INFO - 24/09/21 21:14:27 INFO DAGScheduler: Got job 0 (csv at NativeMethodAccessorImpl.java:0) with 1 output partitions
[2024-09-21T21:14:27.496+0000] {ssh.py:524} INFO - 24/09/21 21:14:27 INFO DAGScheduler: Final stage: ResultStage 0 (csv at NativeMethodAccessorImpl.java:0)
[2024-09-21T21:14:27.496+0000] {ssh.py:524} INFO - 24/09/21 21:14:27 INFO DAGScheduler: Parents of final stage: List()
[2024-09-21T21:14:27.500+0000] {ssh.py:524} INFO - 24/09/21 21:14:27 INFO DAGScheduler: Missing parents: List()
[2024-09-21T21:14:27.506+0000] {ssh.py:524} INFO - 24/09/21 21:14:27 INFO DAGScheduler: Submitting ResultStage 0 (MapPartitionsRDD[3] at csv at NativeMethodAccessorImpl.java:0), which has no missing parents
[2024-09-21T21:14:27.571+0000] {ssh.py:524} INFO - 24/09/21 21:14:27 INFO MemoryStore: Block broadcast_1 stored as values in memory (estimated size 11.8 KiB, free 434.1 MiB)
[2024-09-21T21:14:27.574+0000] {ssh.py:524} INFO - 24/09/21 21:14:27 INFO MemoryStore: Block broadcast_1_piece0 stored as bytes in memory (estimated size 5.9 KiB, free 434.1 MiB)
[2024-09-21T21:14:27.575+0000] {ssh.py:524} INFO - 24/09/21 21:14:27 INFO BlockManagerInfo: Added broadcast_1_piece0 in memory on spark-master:42533 (size: 5.9 KiB, free: 434.4 MiB)
[2024-09-21T21:14:27.576+0000] {ssh.py:524} INFO - 24/09/21 21:14:27 INFO SparkContext: Created broadcast 1 from broadcast at DAGScheduler.scala:1513
[2024-09-21T21:14:27.592+0000] {ssh.py:524} INFO - 24/09/21 21:14:27 INFO DAGScheduler: Submitting 1 missing tasks from ResultStage 0 (MapPartitionsRDD[3] at csv at NativeMethodAccessorImpl.java:0) (first 15 tasks are for partitions Vector(0))
[2024-09-21T21:14:27.593+0000] {ssh.py:524} INFO - 24/09/21 21:14:27 INFO TaskSchedulerImpl: Adding task set 0.0 with 1 tasks resource profile 0
[2024-09-21T21:14:27.639+0000] {ssh.py:524} INFO - 24/09/21 21:14:27 INFO TaskSetManager: Starting task 0.0 in stage 0.0 (TID 0) (spark-master, executor driver, partition 0, PROCESS_LOCAL, 4903 bytes) taskResourceAssignments Map()
[2024-09-21T21:14:27.657+0000] {ssh.py:524} INFO - 24/09/21 21:14:27 INFO Executor: Running task 0.0 in stage 0.0 (TID 0)
[2024-09-21T21:14:27.867+0000] {ssh.py:524} INFO - 24/09/21 21:14:27 INFO FileScanRDD: Reading File path: s3a://raw/GTFS/paradas/stops.txt, range: 0-2221690, partition values: [empty row]
[2024-09-21T21:14:27.895+0000] {ssh.py:524} INFO - 24/09/21 21:14:27 INFO CodeGenerator: Code generated in 12.459736 ms
[2024-09-21T21:14:28.108+0000] {ssh.py:524} INFO - 24/09/21 21:14:28 INFO Executor: Finished task 0.0 in stage 0.0 (TID 0). 1562 bytes result sent to driver
[2024-09-21T21:14:28.118+0000] {ssh.py:524} INFO - 24/09/21 21:14:28 INFO TaskSetManager: Finished task 0.0 in stage 0.0 (TID 0) in 488 ms on spark-master (executor driver) (1/1)
[2024-09-21T21:14:28.120+0000] {ssh.py:524} INFO - 24/09/21 21:14:28 INFO TaskSchedulerImpl: Removed TaskSet 0.0, whose tasks have all completed, from pool 
[2024-09-21T21:14:28.137+0000] {ssh.py:524} INFO - 24/09/21 21:14:28 INFO DAGScheduler: ResultStage 0 (csv at NativeMethodAccessorImpl.java:0) finished in 0.607 s
[2024-09-21T21:14:28.142+0000] {ssh.py:524} INFO - 24/09/21 21:14:28 INFO DAGScheduler: Job 0 is finished. Cancelling potential speculative or zombie tasks for this job
[2024-09-21T21:14:28.143+0000] {ssh.py:524} INFO - 24/09/21 21:14:28 INFO TaskSchedulerImpl: Killing all running tasks in stage 0: Stage finished
[2024-09-21T21:14:28.147+0000] {ssh.py:524} INFO - 24/09/21 21:14:28 INFO DAGScheduler: Job 0 finished: csv at NativeMethodAccessorImpl.java:0, took 0.668310 s
[2024-09-21T21:14:28.191+0000] {ssh.py:524} INFO - 24/09/21 21:14:28 INFO CodeGenerator: Code generated in 32.219979 ms
[2024-09-21T21:14:28.228+0000] {ssh.py:524} INFO - 24/09/21 21:14:28 INFO FileSourceStrategy: Pushed Filters: 
[2024-09-21T21:14:28.229+0000] {ssh.py:524} INFO - 24/09/21 21:14:28 INFO FileSourceStrategy: Post-Scan Filters: 
[2024-09-21T21:14:28.229+0000] {ssh.py:524} INFO - 24/09/21 21:14:28 INFO FileSourceStrategy: Output Data Schema: struct<value: string>
[2024-09-21T21:14:28.236+0000] {ssh.py:524} INFO - 24/09/21 21:14:28 INFO MemoryStore: Block broadcast_2 stored as values in memory (estimated size 215.3 KiB, free 433.9 MiB)
[2024-09-21T21:14:28.246+0000] {ssh.py:524} INFO - 24/09/21 21:14:28 INFO MemoryStore: Block broadcast_2_piece0 stored as bytes in memory (estimated size 35.9 KiB, free 433.9 MiB)
[2024-09-21T21:14:28.247+0000] {ssh.py:524} INFO - 24/09/21 21:14:28 INFO BlockManagerInfo: Added broadcast_2_piece0 in memory on spark-master:42533 (size: 35.9 KiB, free: 434.3 MiB)
[2024-09-21T21:14:28.248+0000] {ssh.py:524} INFO - 24/09/21 21:14:28 INFO SparkContext: Created broadcast 2 from csv at NativeMethodAccessorImpl.java:0
[2024-09-21T21:14:28.249+0000] {ssh.py:524} INFO - 24/09/21 21:14:28 INFO FileSourceScanExec: Planning scan with bin packing, max size: 4194304 bytes, open cost is considered as scanning 4194304 bytes.
[2024-09-21T21:14:28.370+0000] {ssh.py:524} INFO - 24/09/21 21:14:28 INFO FileSourceStrategy: Pushed Filters: IsNotNull(stop_desc)
[2024-09-21T21:14:28.371+0000] {ssh.py:524} INFO - 24/09/21 21:14:28 INFO FileSourceStrategy: Post-Scan Filters: isnotnull(stop_desc#19)
[2024-09-21T21:14:28.372+0000] {ssh.py:524} INFO - 24/09/21 21:14:28 INFO FileSourceStrategy: Output Data Schema: struct<stop_id: string, stop_desc: string>
[2024-09-21T21:14:28.403+0000] {ssh.py:524} INFO - 24/09/21 21:14:28 INFO CodeGenerator: Code generated in 13.070824 ms
[2024-09-21T21:14:28.409+0000] {ssh.py:524} INFO - 24/09/21 21:14:28 INFO MemoryStore: Block broadcast_3 stored as values in memory (estimated size 215.2 KiB, free 433.7 MiB)
[2024-09-21T21:14:28.424+0000] {ssh.py:524} INFO - 24/09/21 21:14:28 INFO MemoryStore: Block broadcast_3_piece0 stored as bytes in memory (estimated size 36.0 KiB, free 433.6 MiB)
[2024-09-21T21:14:28.427+0000] {ssh.py:524} INFO - 24/09/21 21:14:28 INFO BlockManagerInfo: Added broadcast_3_piece0 in memory on spark-master:42533 (size: 36.0 KiB, free: 434.3 MiB)
[2024-09-21T21:14:28.428+0000] {ssh.py:524} INFO - 24/09/21 21:14:28 INFO SparkContext: Created broadcast 3 from javaToPython at NativeMethodAccessorImpl.java:0
[2024-09-21T21:14:28.432+0000] {ssh.py:524} INFO - 24/09/21 21:14:28 INFO FileSourceScanExec: Planning scan with bin packing, max size: 4194304 bytes, open cost is considered as scanning 4194304 bytes.
[2024-09-21T21:14:28.593+0000] {ssh.py:524} INFO - [DEBUG] Done.
[2024-09-21T21:14:28.685+0000] {ssh.py:524} INFO - 24/09/21 21:14:28 INFO SparkContext: Invoking stop() from shutdown hook
[2024-09-21T21:14:28.722+0000] {ssh.py:524} INFO - 24/09/21 21:14:28 INFO SparkUI: Stopped Spark web UI at http://spark-master:4044
[2024-09-21T21:14:28.744+0000] {ssh.py:524} INFO - 24/09/21 21:14:28 INFO MapOutputTrackerMasterEndpoint: MapOutputTrackerMasterEndpoint stopped!
[2024-09-21T21:14:28.875+0000] {ssh.py:524} INFO - 24/09/21 21:14:28 INFO MemoryStore: MemoryStore cleared
[2024-09-21T21:14:28.876+0000] {ssh.py:524} INFO - 24/09/21 21:14:28 INFO BlockManager: BlockManager stopped
[2024-09-21T21:14:28.892+0000] {ssh.py:524} INFO - 24/09/21 21:14:28 INFO BlockManagerMaster: BlockManagerMaster stopped
[2024-09-21T21:14:28.894+0000] {ssh.py:524} INFO - 24/09/21 21:14:28 INFO OutputCommitCoordinator$OutputCommitCoordinatorEndpoint: OutputCommitCoordinator stopped!
[2024-09-21T21:14:29.003+0000] {ssh.py:524} INFO - 24/09/21 21:14:29 INFO SparkContext: Successfully stopped SparkContext
[2024-09-21T21:14:29.004+0000] {ssh.py:524} INFO - 24/09/21 21:14:29 INFO ShutdownHookManager: Shutdown hook called
[2024-09-21T21:14:29.007+0000] {ssh.py:524} INFO - 24/09/21 21:14:29 INFO ShutdownHookManager: Deleting directory /tmp/spark-db8ec2da-bc6c-428e-8f14-77df4a6bd5cb
[2024-09-21T21:14:29.014+0000] {ssh.py:524} INFO - 24/09/21 21:14:29 INFO ShutdownHookManager: Deleting directory /tmp/spark-db8ec2da-bc6c-428e-8f14-77df4a6bd5cb/pyspark-51d14f94-e16d-4624-8866-2bf513db4c1b
[2024-09-21T21:14:29.025+0000] {ssh.py:524} INFO - 24/09/21 21:14:29 INFO ShutdownHookManager: Deleting directory /tmp/spark-60c97206-9a8c-45e9-98b2-a05ed068f716
[2024-09-21T21:14:29.032+0000] {ssh.py:524} INFO - 24/09/21 21:14:29 INFO MetricsSystemImpl: Stopping s3a-file-system metrics system...
[2024-09-21T21:14:29.033+0000] {ssh.py:524} INFO - 24/09/21 21:14:29 INFO MetricsSystemImpl: s3a-file-system metrics system stopped.
[2024-09-21T21:14:29.035+0000] {ssh.py:524} INFO - 24/09/21 21:14:29 INFO MetricsSystemImpl: s3a-file-system metrics system shutdown complete.
[2024-09-21T21:14:29.303+0000] {taskinstance.py:1400} INFO - Marking task as SUCCESS. dag_id=raw_ingestion, task_id=spark_raw_ingestion_previsao, execution_date=20240921T211415, start_date=20240921T211417, end_date=20240921T211429
[2024-09-21T21:14:29.364+0000] {local_task_job_runner.py:228} INFO - Task exited with return code 0
[2024-09-21T21:14:29.427+0000] {taskinstance.py:2778} INFO - 0 downstream tasks scheduled from follow-on schedule check
