[2024-09-23T22:15:00.889+0000] {taskinstance.py:1159} INFO - Dependencies all met for dep_context=non-requeueable deps ti=<TaskInstance: raw_ingestion_15min.spark_raw_ingestion_corredor scheduled__2024-09-23T22:00:00+00:00 [queued]>
[2024-09-23T22:15:00.901+0000] {taskinstance.py:1159} INFO - Dependencies all met for dep_context=requeueable deps ti=<TaskInstance: raw_ingestion_15min.spark_raw_ingestion_corredor scheduled__2024-09-23T22:00:00+00:00 [queued]>
[2024-09-23T22:15:00.902+0000] {taskinstance.py:1361} INFO - Starting attempt 1 of 1
[2024-09-23T22:15:00.927+0000] {taskinstance.py:1382} INFO - Executing <Task(SSHOperator): spark_raw_ingestion_corredor> on 2024-09-23 22:00:00+00:00
[2024-09-23T22:15:00.933+0000] {standard_task_runner.py:57} INFO - Started process 199 to run task
[2024-09-23T22:15:00.936+0000] {standard_task_runner.py:84} INFO - Running: ['airflow', 'tasks', 'run', 'raw_ingestion_15min', 'spark_raw_ingestion_corredor', 'scheduled__2024-09-23T22:00:00+00:00', '--job-id', '505', '--raw', '--subdir', 'DAGS_FOLDER/raw_ingestion_15min.py', '--cfg-path', '/tmp/tmp4amos6wn']
[2024-09-23T22:15:00.936+0000] {standard_task_runner.py:85} INFO - Job 505: Subtask spark_raw_ingestion_corredor
[2024-09-23T22:15:01.068+0000] {task_command.py:416} INFO - Running <TaskInstance: raw_ingestion_15min.spark_raw_ingestion_corredor scheduled__2024-09-23T22:00:00+00:00 [running]> on host airflow-worker
[2024-09-23T22:15:01.301+0000] {taskinstance.py:1662} INFO - Exporting env vars: AIRFLOW_CTX_DAG_OWNER='***' AIRFLOW_CTX_DAG_ID='raw_ingestion_15min' AIRFLOW_CTX_TASK_ID='spark_raw_ingestion_corredor' AIRFLOW_CTX_EXECUTION_DATE='2024-09-23T22:00:00+00:00' AIRFLOW_CTX_TRY_NUMBER='1' AIRFLOW_CTX_DAG_RUN_ID='scheduled__2024-09-23T22:00:00+00:00'
[2024-09-23T22:15:01.302+0000] {ssh.py:141} INFO - Creating ssh_client
[2024-09-23T22:15:01.302+0000] {ssh.py:114} INFO - ssh_hook is not provided or invalid. Trying ssh_conn_id to create SSHHook.
[2024-09-23T22:15:01.336+0000] {base.py:73} INFO - Using connection ID 'spark_ssh_default' for task execution.
[2024-09-23T22:15:01.337+0000] {ssh.py:300} WARNING - No Host Key Verification. This won't protect against Man-In-The-Middle attacks
[2024-09-23T22:15:01.344+0000] {transport.py:1893} INFO - Connected (version 2.0, client OpenSSH_8.9p1)
[2024-09-23T22:15:01.426+0000] {transport.py:1893} INFO - Authentication (password) successful!
[2024-09-23T22:15:01.427+0000] {ssh.py:478} INFO - Running command: export SPARK_HOME=/usr/local/spark; /opt/conda/bin/spark-submit --master local[*] --driver-cores 2 --executor-cores 2 --driver-memory 4G --executor-memory 4G /opt/shared/scripts/raw_ingestion.py 2024-09-23 corredor
[2024-09-23T22:15:04.183+0000] {ssh.py:524} INFO - [DEBUG] dt_now: 2024-09-23
[2024-09-23T22:15:04.184+0000] {ssh.py:524} INFO - [DEBUG] endpoint: corredor
[2024-09-23T22:15:04.273+0000] {ssh.py:524} INFO - 24/09/23 22:15:04 INFO SparkContext: Running Spark version 3.3.1
[2024-09-23T22:15:04.304+0000] {ssh.py:524} INFO - 24/09/23 22:15:04 WARN NativeCodeLoader: Unable to load native-hadoop library for your platform... using builtin-java classes where applicable
[2024-09-23T22:15:04.398+0000] {ssh.py:524} INFO - 24/09/23 22:15:04 INFO ResourceUtils: ==============================================================
[2024-09-23T22:15:04.399+0000] {ssh.py:524} INFO - 24/09/23 22:15:04 INFO ResourceUtils: No custom resources configured for spark.driver.
[2024-09-23T22:15:04.399+0000] {ssh.py:524} INFO - 24/09/23 22:15:04 INFO ResourceUtils: ==============================================================
[2024-09-23T22:15:04.400+0000] {ssh.py:524} INFO - 24/09/23 22:15:04 INFO SparkContext: Submitted application: raw_ingestion_corredor
[2024-09-23T22:15:04.420+0000] {ssh.py:524} INFO - 24/09/23 22:15:04 INFO ResourceProfile: Default ResourceProfile created, executor resources: Map(cores -> name: cores, amount: 1, script: , vendor: , memory -> name: memory, amount: 1024, script: , vendor: , offHeap -> name: offHeap, amount: 0, script: , vendor: ), task resources: Map(cpus -> name: cpus, amount: 1.0)
[2024-09-23T22:15:04.428+0000] {ssh.py:524} INFO - 24/09/23 22:15:04 INFO ResourceProfile: Limiting resource is cpu
[2024-09-23T22:15:04.429+0000] {ssh.py:524} INFO - 24/09/23 22:15:04 INFO ResourceProfileManager: Added ResourceProfile id: 0
[2024-09-23T22:15:04.480+0000] {ssh.py:524} INFO - 24/09/23 22:15:04 INFO SecurityManager: Changing view acls to: root
[2024-09-23T22:15:04.481+0000] {ssh.py:524} INFO - 24/09/23 22:15:04 INFO SecurityManager: Changing modify acls to: root
[2024-09-23T22:15:04.481+0000] {ssh.py:524} INFO - 24/09/23 22:15:04 INFO SecurityManager: Changing view acls groups to: 
[2024-09-23T22:15:04.482+0000] {ssh.py:524} INFO - 24/09/23 22:15:04 INFO SecurityManager: Changing modify acls groups to: 
[2024-09-23T22:15:04.482+0000] {ssh.py:524} INFO - 24/09/23 22:15:04 INFO SecurityManager: SecurityManager: authentication disabled; ui acls disabled; users  with view permissions: Set(root); groups with view permissions: Set(); users  with modify permissions: Set(root); groups with modify permissions: Set()
[2024-09-23T22:15:04.803+0000] {ssh.py:524} INFO - 24/09/23 22:15:04 INFO Utils: Successfully started service 'sparkDriver' on port 33583.
[2024-09-23T22:15:04.838+0000] {ssh.py:524} INFO - 24/09/23 22:15:04 INFO SparkEnv: Registering MapOutputTracker
[2024-09-23T22:15:04.878+0000] {ssh.py:524} INFO - 24/09/23 22:15:04 INFO SparkEnv: Registering BlockManagerMaster
[2024-09-23T22:15:04.899+0000] {ssh.py:524} INFO - 24/09/23 22:15:04 INFO BlockManagerMasterEndpoint: Using org.apache.spark.storage.DefaultTopologyMapper for getting topology information
[2024-09-23T22:15:04.900+0000] {ssh.py:524} INFO - 24/09/23 22:15:04 INFO BlockManagerMasterEndpoint: BlockManagerMasterEndpoint up
[2024-09-23T22:15:04.907+0000] {ssh.py:524} INFO - 24/09/23 22:15:04 INFO SparkEnv: Registering BlockManagerMasterHeartbeat
[2024-09-23T22:15:04.934+0000] {ssh.py:524} INFO - 24/09/23 22:15:04 INFO DiskBlockManager: Created local directory at /tmp/blockmgr-9771e334-0dc8-4784-aa40-042630666256
[2024-09-23T22:15:04.964+0000] {ssh.py:524} INFO - 24/09/23 22:15:04 INFO MemoryStore: MemoryStore started with capacity 2.2 GiB
[2024-09-23T22:15:04.996+0000] {ssh.py:524} INFO - 24/09/23 22:15:04 INFO SparkEnv: Registering OutputCommitCoordinator
[2024-09-23T22:15:05.252+0000] {ssh.py:524} INFO - 24/09/23 22:15:05 WARN Utils: Service 'SparkUI' could not bind on port 4040. Attempting port 4041.
[2024-09-23T22:15:05.253+0000] {ssh.py:524} INFO - 24/09/23 22:15:05 WARN Utils: Service 'SparkUI' could not bind on port 4041. Attempting port 4042.
[2024-09-23T22:15:05.265+0000] {ssh.py:524} INFO - 24/09/23 22:15:05 INFO Utils: Successfully started service 'SparkUI' on port 4042.
[2024-09-23T22:15:05.389+0000] {ssh.py:524} INFO - 24/09/23 22:15:05 INFO Executor: Starting executor ID driver on host spark-master
[2024-09-23T22:15:05.395+0000] {ssh.py:524} INFO - 24/09/23 22:15:05 INFO Executor: Starting executor with user classpath (userClassPathFirst = false): ''
[2024-09-23T22:15:05.411+0000] {ssh.py:524} INFO - 24/09/23 22:15:05 INFO Utils: Successfully started service 'org.apache.spark.network.netty.NettyBlockTransferService' on port 38499.
[2024-09-23T22:15:05.411+0000] {ssh.py:524} INFO - 24/09/23 22:15:05 INFO NettyBlockTransferService: Server created on spark-master:38499
[2024-09-23T22:15:05.412+0000] {ssh.py:524} INFO - 24/09/23 22:15:05 INFO BlockManager: Using org.apache.spark.storage.RandomBlockReplicationPolicy for block replication policy
[2024-09-23T22:15:05.422+0000] {ssh.py:524} INFO - 24/09/23 22:15:05 INFO BlockManagerMaster: Registering BlockManager BlockManagerId(driver, spark-master, 38499, None)
[2024-09-23T22:15:05.427+0000] {ssh.py:524} INFO - 24/09/23 22:15:05 INFO BlockManagerMasterEndpoint: Registering block manager spark-master:38499 with 2.2 GiB RAM, BlockManagerId(driver, spark-master, 38499, None)
[2024-09-23T22:15:05.430+0000] {ssh.py:524} INFO - 24/09/23 22:15:05 INFO BlockManagerMaster: Registered BlockManager BlockManagerId(driver, spark-master, 38499, None)
[2024-09-23T22:15:05.431+0000] {ssh.py:524} INFO - 24/09/23 22:15:05 INFO BlockManager: Initialized BlockManager: BlockManagerId(driver, spark-master, 38499, None)
[2024-09-23T22:15:06.581+0000] {ssh.py:524} INFO - 24/09/23 22:15:06 INFO SharedState: Setting hive.metastore.warehouse.dir ('null') to the value of spark.sql.warehouse.dir.
[2024-09-23T22:15:06.587+0000] {ssh.py:524} INFO - 24/09/23 22:15:06 INFO SharedState: Warehouse path is 'file:/root/spark-warehouse'.
[2024-09-23T22:15:08.620+0000] {ssh.py:524} INFO - 24/09/23 22:15:08 WARN MetricsConfig: Cannot locate configuration: tried hadoop-metrics2-s3a-file-system.properties,hadoop-metrics2.properties
[2024-09-23T22:15:08.632+0000] {ssh.py:524} INFO - 24/09/23 22:15:08 INFO MetricsSystemImpl: Scheduled Metric snapshot period at 10 second(s).
[2024-09-23T22:15:08.633+0000] {ssh.py:524} INFO - 24/09/23 22:15:08 INFO MetricsSystemImpl: s3a-file-system metrics system started
[2024-09-23T22:15:09.738+0000] {ssh.py:524} INFO - 24/09/23 22:15:09 WARN AbstractS3ACommitterFactory: Using standard FileOutputCommitter to commit work. This is slow and potentially unsafe.
[2024-09-23T22:15:09.739+0000] {ssh.py:524} INFO - 24/09/23 22:15:09 INFO FileOutputCommitter: File Output Committer Algorithm version is 1
[2024-09-23T22:15:09.739+0000] {ssh.py:524} INFO - 24/09/23 22:15:09 INFO FileOutputCommitter: FileOutputCommitter skip cleanup _temporary folders under output directory:false, ignore cleanup failures: false
[2024-09-23T22:15:09.741+0000] {ssh.py:524} INFO - 24/09/23 22:15:09 INFO AbstractS3ACommitterFactory: Using Committer FileOutputCommitter{PathOutputCommitter{context=TaskAttemptContextImpl{JobContextImpl{jobId=job_202409232215092997453500290581518_0000}; taskId=attempt_202409232215092997453500290581518_0000_m_000000_0, status=''}; org.apache.hadoop.mapreduce.lib.output.FileOutputCommitter@4bd106bd}; outputPath=s3a://raw/olhovivo/corredor/dt=2024-09-23, workPath=s3a://raw/olhovivo/corredor/dt=2024-09-23/_temporary/0/_temporary/attempt_202409232215092997453500290581518_0000_m_000000_0, algorithmVersion=1, skipCleanup=false, ignoreCleanupFailures=false} for s3a://raw/olhovivo/corredor/dt=2024-09-23
[2024-09-23T22:15:09.742+0000] {ssh.py:524} INFO - 24/09/23 22:15:09 INFO SQLHadoopMapReduceCommitProtocol: Using output committer class org.apache.hadoop.mapreduce.lib.output.FileOutputCommitter
[2024-09-23T22:15:10.173+0000] {ssh.py:524} INFO - 24/09/23 22:15:10 INFO CodeGenerator: Code generated in 124.550216 ms
[2024-09-23T22:15:10.268+0000] {ssh.py:524} INFO - 24/09/23 22:15:10 INFO SparkContext: Starting job: save at NativeMethodAccessorImpl.java:0
[2024-09-23T22:15:10.281+0000] {ssh.py:524} INFO - 24/09/23 22:15:10 INFO DAGScheduler: Got job 0 (save at NativeMethodAccessorImpl.java:0) with 12 output partitions
[2024-09-23T22:15:10.281+0000] {ssh.py:524} INFO - 24/09/23 22:15:10 INFO DAGScheduler: Final stage: ResultStage 0 (save at NativeMethodAccessorImpl.java:0)
[2024-09-23T22:15:10.282+0000] {ssh.py:524} INFO - 24/09/23 22:15:10 INFO DAGScheduler: Parents of final stage: List()
[2024-09-23T22:15:10.283+0000] {ssh.py:524} INFO - 24/09/23 22:15:10 INFO DAGScheduler: Missing parents: List()
[2024-09-23T22:15:10.286+0000] {ssh.py:524} INFO - 24/09/23 22:15:10 INFO DAGScheduler: Submitting ResultStage 0 (MapPartitionsRDD[5] at save at NativeMethodAccessorImpl.java:0), which has no missing parents
[2024-09-23T22:15:10.374+0000] {ssh.py:524} INFO - 24/09/23 22:15:10 INFO MemoryStore: Block broadcast_0 stored as values in memory (estimated size 219.9 KiB, free 2.2 GiB)
[2024-09-23T22:15:10.399+0000] {ssh.py:524} INFO - 24/09/23 22:15:10 INFO MemoryStore: Block broadcast_0_piece0 stored as bytes in memory (estimated size 80.5 KiB, free 2.2 GiB)
[2024-09-23T22:15:10.403+0000] {ssh.py:524} INFO - 24/09/23 22:15:10 INFO BlockManagerInfo: Added broadcast_0_piece0 in memory on spark-master:38499 (size: 80.5 KiB, free: 2.2 GiB)
[2024-09-23T22:15:10.407+0000] {ssh.py:524} INFO - 24/09/23 22:15:10 INFO SparkContext: Created broadcast 0 from broadcast at DAGScheduler.scala:1513
[2024-09-23T22:15:10.421+0000] {ssh.py:524} INFO - 24/09/23 22:15:10 INFO DAGScheduler: Submitting 12 missing tasks from ResultStage 0 (MapPartitionsRDD[5] at save at NativeMethodAccessorImpl.java:0) (first 15 tasks are for partitions Vector(0, 1, 2, 3, 4, 5, 6, 7, 8, 9, 10, 11))
[2024-09-23T22:15:10.421+0000] {ssh.py:524} INFO - 24/09/23 22:15:10 INFO TaskSchedulerImpl: Adding task set 0.0 with 12 tasks resource profile 0
[2024-09-23T22:15:10.468+0000] {ssh.py:524} INFO - 24/09/23 22:15:10 INFO TaskSetManager: Starting task 0.0 in stage 0.0 (TID 0) (spark-master, executor driver, partition 0, PROCESS_LOCAL, 4433 bytes) taskResourceAssignments Map()
[2024-09-23T22:15:10.473+0000] {ssh.py:524} INFO - 24/09/23 22:15:10 INFO TaskSetManager: Starting task 1.0 in stage 0.0 (TID 1) (spark-master, executor driver, partition 1, PROCESS_LOCAL, 4476 bytes) taskResourceAssignments Map()
[2024-09-23T22:15:10.473+0000] {ssh.py:524} INFO - 24/09/23 22:15:10 INFO TaskSetManager: Starting task 2.0 in stage 0.0 (TID 2) (spark-master, executor driver, partition 2, PROCESS_LOCAL, 4433 bytes) taskResourceAssignments Map()
[2024-09-23T22:15:10.474+0000] {ssh.py:524} INFO - 24/09/23 22:15:10 INFO TaskSetManager: Starting task 3.0 in stage 0.0 (TID 3) (spark-master, executor driver, partition 3, PROCESS_LOCAL, 4484 bytes) taskResourceAssignments Map()
[2024-09-23T22:15:10.477+0000] {ssh.py:524} INFO - 24/09/23 22:15:10 INFO TaskSetManager: Starting task 4.0 in stage 0.0 (TID 4) (spark-master, executor driver, partition 4, PROCESS_LOCAL, 4433 bytes) taskResourceAssignments Map()
[2024-09-23T22:15:10.478+0000] {ssh.py:524} INFO - 24/09/23 22:15:10 INFO TaskSetManager: Starting task 5.0 in stage 0.0 (TID 5) (spark-master, executor driver, partition 5, PROCESS_LOCAL, 4480 bytes) taskResourceAssignments Map()
[2024-09-23T22:15:10.479+0000] {ssh.py:524} INFO - 24/09/23 22:15:10 INFO TaskSetManager: Starting task 6.0 in stage 0.0 (TID 6) (spark-master, executor driver, partition 6, PROCESS_LOCAL, 4476 bytes) taskResourceAssignments Map()
[2024-09-23T22:15:10.479+0000] {ssh.py:524} INFO - 24/09/23 22:15:10 INFO TaskSetManager: Starting task 7.0 in stage 0.0 (TID 7) (spark-master, executor driver, partition 7, PROCESS_LOCAL, 4433 bytes) taskResourceAssignments Map()
[2024-09-23T22:15:10.480+0000] {ssh.py:524} INFO - 24/09/23 22:15:10 INFO TaskSetManager: Starting task 8.0 in stage 0.0 (TID 8) (spark-master, executor driver, partition 8, PROCESS_LOCAL, 4473 bytes) taskResourceAssignments Map()
[2024-09-23T22:15:10.480+0000] {ssh.py:524} INFO - 24/09/23 22:15:10 INFO TaskSetManager: Starting task 9.0 in stage 0.0 (TID 9) (spark-master, executor driver, partition 9, PROCESS_LOCAL, 4433 bytes) taskResourceAssignments Map()
[2024-09-23T22:15:10.481+0000] {ssh.py:524} INFO - 24/09/23 22:15:10 INFO TaskSetManager: Starting task 10.0 in stage 0.0 (TID 10) (spark-master, executor driver, partition 10, PROCESS_LOCAL, 4476 bytes) taskResourceAssignments Map()
[2024-09-23T22:15:10.482+0000] {ssh.py:524} INFO - 24/09/23 22:15:10 INFO TaskSetManager: Starting task 11.0 in stage 0.0 (TID 11) (spark-master, executor driver, partition 11, PROCESS_LOCAL, 4479 bytes) taskResourceAssignments Map()
[2024-09-23T22:15:10.490+0000] {ssh.py:524} INFO - 24/09/23 22:15:10 INFO Executor: Running task 0.0 in stage 0.0 (TID 0)
[2024-09-23T22:15:10.490+0000] {ssh.py:524} INFO - 24/09/23 22:15:10 INFO Executor: Running task 2.0 in stage 0.0 (TID 2)
[2024-09-23T22:15:10.491+0000] {ssh.py:524} INFO - 24/09/23 22:15:10 INFO Executor: Running task 1.0 in stage 0.0 (TID 1)
[2024-09-23T22:15:10.495+0000] {ssh.py:524} INFO - 24/09/23 22:15:10 INFO Executor: Running task 3.0 in stage 0.0 (TID 3)
[2024-09-23T22:15:10.498+0000] {ssh.py:524} INFO - 24/09/23 22:15:10 INFO Executor: Running task 4.0 in stage 0.0 (TID 4)
[2024-09-23T22:15:10.499+0000] {ssh.py:524} INFO - 24/09/23 22:15:10 INFO Executor: Running task 6.0 in stage 0.0 (TID 6)
[2024-09-23T22:15:10.499+0000] {ssh.py:524} INFO - 24/09/23 22:15:10 INFO Executor: Running task 5.0 in stage 0.0 (TID 5)
[2024-09-23T22:15:10.505+0000] {ssh.py:524} INFO - 24/09/23 22:15:10 INFO Executor: Running task 7.0 in stage 0.0 (TID 7)
[2024-09-23T22:15:10.506+0000] {ssh.py:524} INFO - 24/09/23 22:15:10 INFO Executor: Running task 8.0 in stage 0.0 (TID 8)
[2024-09-23T22:15:10.517+0000] {ssh.py:524} INFO - 24/09/23 22:15:10 INFO Executor: Running task 9.0 in stage 0.0 (TID 9)
[2024-09-23T22:15:10.524+0000] {ssh.py:524} INFO - 24/09/23 22:15:10 INFO Executor: Running task 10.0 in stage 0.0 (TID 10)
[2024-09-23T22:15:10.525+0000] {ssh.py:524} INFO - 24/09/23 22:15:10 INFO Executor: Running task 11.0 in stage 0.0 (TID 11)
[2024-09-23T22:15:11.323+0000] {ssh.py:524} INFO - 24/09/23 22:15:11 WARN AbstractS3ACommitterFactory: Using standard FileOutputCommitter to commit work. This is slow and potentially unsafe.
[2024-09-23T22:15:11.333+0000] {ssh.py:524} INFO - 24/09/23 22:15:11 WARN AbstractS3ACommitterFactory: Using standard FileOutputCommitter to commit work. This is slow and potentially unsafe.
[2024-09-23T22:15:11.334+0000] {ssh.py:524} INFO - 24/09/23 22:15:11 INFO FileOutputCommitter: File Output Committer Algorithm version is 1
[2024-09-23T22:15:11.337+0000] {ssh.py:524} INFO - 24/09/23 22:15:11 INFO FileOutputCommitter: FileOutputCommitter skip cleanup _temporary folders under output directory:false, ignore cleanup failures: false
[2024-09-23T22:15:11.345+0000] {ssh.py:524} INFO - 24/09/23 22:15:11 INFO AbstractS3ACommitterFactory: Using Committer FileOutputCommitter{PathOutputCommitter{context=TaskAttemptContextImpl{JobContextImpl{jobId=job_20240923221510734773724714767285_0000}; taskId=attempt_20240923221510734773724714767285_0000_m_000002_2, status=''}; org.apache.hadoop.mapreduce.lib.output.FileOutputCommitter@5d1a4d00}; outputPath=s3a://raw/olhovivo/corredor/dt=2024-09-23, workPath=s3a://raw/olhovivo/corredor/dt=2024-09-23/_temporary/0/_temporary/attempt_20240923221510734773724714767285_0000_m_000002_2, algorithmVersion=1, skipCleanup=false, ignoreCleanupFailures=false} for s3a://raw/olhovivo/corredor/dt=2024-09-23
[2024-09-23T22:15:11.345+0000] {ssh.py:524} INFO - 24/09/23 22:15:11 INFO SQLHadoopMapReduceCommitProtocol: Using output committer class org.apache.hadoop.mapreduce.lib.output.FileOutputCommitter
[2024-09-23T22:15:11.346+0000] {ssh.py:524} INFO - 24/09/23 22:15:11 INFO FileOutputCommitter: File Output Committer Algorithm version is 1
[2024-09-23T22:15:11.347+0000] {ssh.py:524} INFO - 24/09/23 22:15:11 INFO FileOutputCommitter: FileOutputCommitter skip cleanup _temporary folders under output directory:false, ignore cleanup failures: false
[2024-09-23T22:15:11.350+0000] {ssh.py:524} INFO - 24/09/23 22:15:11 INFO AbstractS3ACommitterFactory: Using Committer FileOutputCommitter{PathOutputCommitter{context=TaskAttemptContextImpl{JobContextImpl{jobId=job_202409232215104370524946913199046_0000}; taskId=attempt_202409232215104370524946913199046_0000_m_000001_1, status=''}; org.apache.hadoop.mapreduce.lib.output.FileOutputCommitter@1ac89c66}; outputPath=s3a://raw/olhovivo/corredor/dt=2024-09-23, workPath=s3a://raw/olhovivo/corredor/dt=2024-09-23/_temporary/0/_temporary/attempt_202409232215104370524946913199046_0000_m_000001_1, algorithmVersion=1, skipCleanup=false, ignoreCleanupFailures=false} for s3a://raw/olhovivo/corredor/dt=2024-09-23
[2024-09-23T22:15:11.351+0000] {ssh.py:524} INFO - 24/09/23 22:15:11 INFO SQLHadoopMapReduceCommitProtocol: Using output committer class org.apache.hadoop.mapreduce.lib.output.FileOutputCommitter
[2024-09-23T22:15:11.354+0000] {ssh.py:524} INFO - 24/09/23 22:15:11 WARN AbstractS3ACommitterFactory: Using standard FileOutputCommitter to commit work. This is slow and potentially unsafe.
[2024-09-23T22:15:11.355+0000] {ssh.py:524} INFO - 24/09/23 22:15:11 INFO FileOutputCommitter: File Output Committer Algorithm version is 1
[2024-09-23T22:15:11.355+0000] {ssh.py:524} INFO - 24/09/23 22:15:11 INFO FileOutputCommitter: FileOutputCommitter skip cleanup _temporary folders under output directory:false, ignore cleanup failures: false
[2024-09-23T22:15:11.355+0000] {ssh.py:524} INFO - 24/09/23 22:15:11 INFO AbstractS3ACommitterFactory: Using Committer FileOutputCommitter{PathOutputCommitter{context=TaskAttemptContextImpl{JobContextImpl{jobId=job_20240923221510702648802839095341_0000}; taskId=attempt_20240923221510702648802839095341_0000_m_000005_5, status=''}; org.apache.hadoop.mapreduce.lib.output.FileOutputCommitter@71abda0d}; outputPath=s3a://raw/olhovivo/corredor/dt=2024-09-23, workPath=s3a://raw/olhovivo/corredor/dt=2024-09-23/_temporary/0/_temporary/attempt_20240923221510702648802839095341_0000_m_000005_5, algorithmVersion=1, skipCleanup=false, ignoreCleanupFailures=false} for s3a://raw/olhovivo/corredor/dt=2024-09-23
[2024-09-23T22:15:11.356+0000] {ssh.py:524} INFO - 24/09/23 22:15:11 INFO SQLHadoopMapReduceCommitProtocol: Using output committer class org.apache.hadoop.mapreduce.lib.output.FileOutputCommitter
[2024-09-23T22:15:11.356+0000] {ssh.py:524} INFO - 24/09/23 22:15:11 WARN AbstractS3ACommitterFactory: Using standard FileOutputCommitter to commit work. This is slow and potentially unsafe.
[2024-09-23T22:15:11.356+0000] {ssh.py:524} INFO - 24/09/23 22:15:11 INFO FileOutputCommitter: File Output Committer Algorithm version is 1
[2024-09-23T22:15:11.357+0000] {ssh.py:524} INFO - 24/09/23 22:15:11 INFO FileOutputCommitter: FileOutputCommitter skip cleanup _temporary folders under output directory:false, ignore cleanup failures: false
[2024-09-23T22:15:11.357+0000] {ssh.py:524} INFO - 24/09/23 22:15:11 INFO AbstractS3ACommitterFactory: Using Committer FileOutputCommitter{PathOutputCommitter{context=TaskAttemptContextImpl{JobContextImpl{jobId=job_202409232215101284994870867841780_0000}; taskId=attempt_202409232215101284994870867841780_0000_m_000009_9, status=''}; org.apache.hadoop.mapreduce.lib.output.FileOutputCommitter@2cd38857}; outputPath=s3a://raw/olhovivo/corredor/dt=2024-09-23, workPath=s3a://raw/olhovivo/corredor/dt=2024-09-23/_temporary/0/_temporary/attempt_202409232215101284994870867841780_0000_m_000009_9, algorithmVersion=1, skipCleanup=false, ignoreCleanupFailures=false} for s3a://raw/olhovivo/corredor/dt=2024-09-23
[2024-09-23T22:15:11.358+0000] {ssh.py:524} INFO - 24/09/23 22:15:11 INFO SQLHadoopMapReduceCommitProtocol: Using output committer class org.apache.hadoop.mapreduce.lib.output.FileOutputCommitter
[2024-09-23T22:15:11.376+0000] {ssh.py:524} INFO - 24/09/23 22:15:11 WARN AbstractS3ACommitterFactory: Using standard FileOutputCommitter to commit work. This is slow and potentially unsafe.
[2024-09-23T22:15:11.377+0000] {ssh.py:524} INFO - 24/09/23 22:15:11 INFO FileOutputCommitter: File Output Committer Algorithm version is 1
[2024-09-23T22:15:11.377+0000] {ssh.py:524} INFO - 24/09/23 22:15:11 INFO FileOutputCommitter: FileOutputCommitter skip cleanup _temporary folders under output directory:false, ignore cleanup failures: false
[2024-09-23T22:15:11.378+0000] {ssh.py:524} INFO - 24/09/23 22:15:11 INFO AbstractS3ACommitterFactory: Using Committer FileOutputCommitter{PathOutputCommitter{context=TaskAttemptContextImpl{JobContextImpl{jobId=job_202409232215101322514375860423449_0000}; taskId=attempt_202409232215101322514375860423449_0000_m_000004_4, status=''}; org.apache.hadoop.mapreduce.lib.output.FileOutputCommitter@db0d597}; outputPath=s3a://raw/olhovivo/corredor/dt=2024-09-23, workPath=s3a://raw/olhovivo/corredor/dt=2024-09-23/_temporary/0/_temporary/attempt_202409232215101322514375860423449_0000_m_000004_4, algorithmVersion=1, skipCleanup=false, ignoreCleanupFailures=false} for s3a://raw/olhovivo/corredor/dt=2024-09-23
[2024-09-23T22:15:11.379+0000] {ssh.py:524} INFO - 24/09/23 22:15:11 INFO SQLHadoopMapReduceCommitProtocol: Using output committer class org.apache.hadoop.mapreduce.lib.output.FileOutputCommitter
[2024-09-23T22:15:11.412+0000] {ssh.py:524} INFO - 24/09/23 22:15:11 INFO PythonRunner: Times: total = 688, boot = 576, init = 112, finish = 0
[2024-09-23T22:15:11.436+0000] {ssh.py:524} INFO - 24/09/23 22:15:11 WARN AbstractS3ACommitterFactory: Using standard FileOutputCommitter to commit work. This is slow and potentially unsafe.
[2024-09-23T22:15:11.437+0000] {ssh.py:524} INFO - 24/09/23 22:15:11 INFO FileOutputCommitter: File Output Committer Algorithm version is 1
[2024-09-23T22:15:11.437+0000] {ssh.py:524} INFO - 24/09/23 22:15:11 INFO FileOutputCommitter: FileOutputCommitter skip cleanup _temporary folders under output directory:false, ignore cleanup failures: false
[2024-09-23T22:15:11.438+0000] {ssh.py:524} INFO - 24/09/23 22:15:11 INFO AbstractS3ACommitterFactory: Using Committer FileOutputCommitter{PathOutputCommitter{context=TaskAttemptContextImpl{JobContextImpl{jobId=job_202409232215107924594205656034896_0000}; taskId=attempt_202409232215107924594205656034896_0000_m_000000_0, status=''}; org.apache.hadoop.mapreduce.lib.output.FileOutputCommitter@28cdec08}; outputPath=s3a://raw/olhovivo/corredor/dt=2024-09-23, workPath=s3a://raw/olhovivo/corredor/dt=2024-09-23/_temporary/0/_temporary/attempt_202409232215107924594205656034896_0000_m_000000_0, algorithmVersion=1, skipCleanup=false, ignoreCleanupFailures=false} for s3a://raw/olhovivo/corredor/dt=2024-09-23
[2024-09-23T22:15:11.440+0000] {ssh.py:524} INFO - 24/09/23 22:15:11 INFO SQLHadoopMapReduceCommitProtocol: Using output committer class org.apache.hadoop.mapreduce.lib.output.FileOutputCommitter
[2024-09-23T22:15:11.462+0000] {ssh.py:524} INFO - 24/09/23 22:15:11 INFO PythonRunner: Times: total = 742, boot = 629, init = 112, finish = 1
[2024-09-23T22:15:11.463+0000] {ssh.py:524} INFO - 24/09/23 22:15:11 INFO PythonRunner: Times: total = 736, boot = 585, init = 151, finish = 0
[2024-09-23T22:15:11.468+0000] {ssh.py:524} INFO - 24/09/23 22:15:11 INFO SparkHadoopMapRedUtil: No need to commit output of task because needsTaskCommit=false: attempt_20240923221510734773724714767285_0000_m_000002_2
[2024-09-23T22:15:11.471+0000] {ssh.py:524} INFO - 24/09/23 22:15:11 INFO SparkHadoopMapRedUtil: No need to commit output of task because needsTaskCommit=false: attempt_202409232215101322514375860423449_0000_m_000004_4
[2024-09-23T22:15:11.474+0000] {ssh.py:524} INFO - 24/09/23 22:15:11 WARN AbstractS3ACommitterFactory: Using standard FileOutputCommitter to commit work. This is slow and potentially unsafe.
[2024-09-23T22:15:11.475+0000] {ssh.py:524} INFO - 24/09/23 22:15:11 INFO FileOutputCommitter: File Output Committer Algorithm version is 1
[2024-09-23T22:15:11.475+0000] {ssh.py:524} INFO - 24/09/23 22:15:11 INFO FileOutputCommitter: FileOutputCommitter skip cleanup _temporary folders under output directory:false, ignore cleanup failures: false
[2024-09-23T22:15:11.476+0000] {ssh.py:524} INFO - 24/09/23 22:15:11 INFO AbstractS3ACommitterFactory: Using Committer FileOutputCommitter{PathOutputCommitter{context=TaskAttemptContextImpl{JobContextImpl{jobId=job_202409232215105161072026917434084_0000}; taskId=attempt_202409232215105161072026917434084_0000_m_000010_10, status=''}; org.apache.hadoop.mapreduce.lib.output.FileOutputCommitter@2d72e14c}; outputPath=s3a://raw/olhovivo/corredor/dt=2024-09-23, workPath=s3a://raw/olhovivo/corredor/dt=2024-09-23/_temporary/0/_temporary/attempt_202409232215105161072026917434084_0000_m_000010_10, algorithmVersion=1, skipCleanup=false, ignoreCleanupFailures=false} for s3a://raw/olhovivo/corredor/dt=2024-09-23
[2024-09-23T22:15:11.476+0000] {ssh.py:524} INFO - 24/09/23 22:15:11 INFO SQLHadoopMapReduceCommitProtocol: Using output committer class org.apache.hadoop.mapreduce.lib.output.FileOutputCommitter
[2024-09-23T22:15:11.477+0000] {ssh.py:524} INFO - 24/09/23 22:15:11 INFO SparkHadoopMapRedUtil: No need to commit output of task because needsTaskCommit=false: attempt_202409232215101284994870867841780_0000_m_000009_9
[2024-09-23T22:15:11.493+0000] {ssh.py:524} INFO - 24/09/23 22:15:11 INFO Executor: Finished task 4.0 in stage 0.0 (TID 4). 2828 bytes result sent to driver
[2024-09-23T22:15:11.500+0000] {ssh.py:524} INFO - 24/09/23 22:15:11 INFO Executor: Finished task 2.0 in stage 0.0 (TID 2). 2785 bytes result sent to driver
[2024-09-23T22:15:11.525+0000] {ssh.py:524} INFO - 24/09/23 22:15:11 WARN AbstractS3ACommitterFactory: Using standard FileOutputCommitter to commit work. This is slow and potentially unsafe.
[2024-09-23T22:15:11.525+0000] {ssh.py:524} INFO - 24/09/23 22:15:11 INFO FileOutputCommitter: File Output Committer Algorithm version is 1
[2024-09-23T22:15:11.526+0000] {ssh.py:524} INFO - 24/09/23 22:15:11 INFO FileOutputCommitter: FileOutputCommitter skip cleanup _temporary folders under output directory:false, ignore cleanup failures: false
[2024-09-23T22:15:11.526+0000] {ssh.py:524} INFO - 24/09/23 22:15:11 INFO Executor: Finished task 9.0 in stage 0.0 (TID 9). 2871 bytes result sent to driver
[2024-09-23T22:15:11.528+0000] {ssh.py:524} INFO - 24/09/23 22:15:11 INFO AbstractS3ACommitterFactory: Using Committer FileOutputCommitter{PathOutputCommitter{context=TaskAttemptContextImpl{JobContextImpl{jobId=job_202409232215102206470514382230785_0000}; taskId=attempt_202409232215102206470514382230785_0000_m_000011_11, status=''}; org.apache.hadoop.mapreduce.lib.output.FileOutputCommitter@4aaba1d5}; outputPath=s3a://raw/olhovivo/corredor/dt=2024-09-23, workPath=s3a://raw/olhovivo/corredor/dt=2024-09-23/_temporary/0/_temporary/attempt_202409232215102206470514382230785_0000_m_000011_11, algorithmVersion=1, skipCleanup=false, ignoreCleanupFailures=false} for s3a://raw/olhovivo/corredor/dt=2024-09-23
[2024-09-23T22:15:11.530+0000] {ssh.py:524} INFO - 24/09/23 22:15:11 INFO SQLHadoopMapReduceCommitProtocol: Using output committer class org.apache.hadoop.mapreduce.lib.output.FileOutputCommitter
[2024-09-23T22:15:11.534+0000] {ssh.py:524} INFO - 24/09/23 22:15:11 WARN AbstractS3ACommitterFactory: Using standard FileOutputCommitter to commit work. This is slow and potentially unsafe.
[2024-09-23T22:15:11.535+0000] {ssh.py:524} INFO - 24/09/23 22:15:11 INFO FileOutputCommitter: File Output Committer Algorithm version is 1
[2024-09-23T22:15:11.536+0000] {ssh.py:524} INFO - 24/09/23 22:15:11 INFO FileOutputCommitter: FileOutputCommitter skip cleanup _temporary folders under output directory:false, ignore cleanup failures: false
[2024-09-23T22:15:11.536+0000] {ssh.py:524} INFO - 24/09/23 22:15:11 INFO AbstractS3ACommitterFactory: Using Committer FileOutputCommitter{PathOutputCommitter{context=TaskAttemptContextImpl{JobContextImpl{jobId=job_202409232215104980637711327221546_0000}; taskId=attempt_202409232215104980637711327221546_0000_m_000003_3, status=''}; org.apache.hadoop.mapreduce.lib.output.FileOutputCommitter@6f902179}; outputPath=s3a://raw/olhovivo/corredor/dt=2024-09-23, workPath=s3a://raw/olhovivo/corredor/dt=2024-09-23/_temporary/0/_temporary/attempt_202409232215104980637711327221546_0000_m_000003_3, algorithmVersion=1, skipCleanup=false, ignoreCleanupFailures=false} for s3a://raw/olhovivo/corredor/dt=2024-09-23
[2024-09-23T22:15:11.537+0000] {ssh.py:524} INFO - 24/09/23 22:15:11 INFO SQLHadoopMapReduceCommitProtocol: Using output committer class org.apache.hadoop.mapreduce.lib.output.FileOutputCommitter
[2024-09-23T22:15:11.537+0000] {ssh.py:524} INFO - 24/09/23 22:15:11 WARN AbstractS3ACommitterFactory: Using standard FileOutputCommitter to commit work. This is slow and potentially unsafe.
[2024-09-23T22:15:11.539+0000] {ssh.py:524} INFO - 24/09/23 22:15:11 INFO FileOutputCommitter: File Output Committer Algorithm version is 1
[2024-09-23T22:15:11.539+0000] {ssh.py:524} INFO - 24/09/23 22:15:11 INFO FileOutputCommitter: FileOutputCommitter skip cleanup _temporary folders under output directory:false, ignore cleanup failures: false
[2024-09-23T22:15:11.540+0000] {ssh.py:524} INFO - 24/09/23 22:15:11 INFO AbstractS3ACommitterFactory: Using Committer FileOutputCommitter{PathOutputCommitter{context=TaskAttemptContextImpl{JobContextImpl{jobId=job_202409232215105701280678921165927_0000}; taskId=attempt_202409232215105701280678921165927_0000_m_000006_6, status=''}; org.apache.hadoop.mapreduce.lib.output.FileOutputCommitter@318d45c2}; outputPath=s3a://raw/olhovivo/corredor/dt=2024-09-23, workPath=s3a://raw/olhovivo/corredor/dt=2024-09-23/_temporary/0/_temporary/attempt_202409232215105701280678921165927_0000_m_000006_6, algorithmVersion=1, skipCleanup=false, ignoreCleanupFailures=false} for s3a://raw/olhovivo/corredor/dt=2024-09-23
[2024-09-23T22:15:11.540+0000] {ssh.py:524} INFO - 24/09/23 22:15:11 INFO SQLHadoopMapReduceCommitProtocol: Using output committer class org.apache.hadoop.mapreduce.lib.output.FileOutputCommitter
[2024-09-23T22:15:11.546+0000] {ssh.py:524} INFO - 24/09/23 22:15:11 INFO PythonRunner: Times: total = 693, boot = 569, init = 124, finish = 0
[2024-09-23T22:15:11.547+0000] {ssh.py:524} INFO - 24/09/23 22:15:11 INFO PythonRunner: Times: total = 705, boot = 589, init = 115, finish = 1
[2024-09-23T22:15:11.554+0000] {ssh.py:524} INFO - 24/09/23 22:15:11 WARN AbstractS3ACommitterFactory: Using standard FileOutputCommitter to commit work. This is slow and potentially unsafe.
[2024-09-23T22:15:11.556+0000] {ssh.py:524} INFO - 24/09/23 22:15:11 INFO FileOutputCommitter: File Output Committer Algorithm version is 1
[2024-09-23T22:15:11.556+0000] {ssh.py:524} INFO - 24/09/23 22:15:11 INFO FileOutputCommitter: FileOutputCommitter skip cleanup _temporary folders under output directory:false, ignore cleanup failures: false
[2024-09-23T22:15:11.557+0000] {ssh.py:524} INFO - 24/09/23 22:15:11 INFO AbstractS3ACommitterFactory: Using Committer FileOutputCommitter{PathOutputCommitter{context=TaskAttemptContextImpl{JobContextImpl{jobId=job_202409232215102811878205752715149_0000}; taskId=attempt_202409232215102811878205752715149_0000_m_000007_7, status=''}; org.apache.hadoop.mapreduce.lib.output.FileOutputCommitter@6928d1a6}; outputPath=s3a://raw/olhovivo/corredor/dt=2024-09-23, workPath=s3a://raw/olhovivo/corredor/dt=2024-09-23/_temporary/0/_temporary/attempt_202409232215102811878205752715149_0000_m_000007_7, algorithmVersion=1, skipCleanup=false, ignoreCleanupFailures=false} for s3a://raw/olhovivo/corredor/dt=2024-09-23
[2024-09-23T22:15:11.557+0000] {ssh.py:524} INFO - 24/09/23 22:15:11 INFO SQLHadoopMapReduceCommitProtocol: Using output committer class org.apache.hadoop.mapreduce.lib.output.FileOutputCommitter
[2024-09-23T22:15:11.566+0000] {ssh.py:524} INFO - 24/09/23 22:15:11 INFO PythonRunner: Times: total = 844, boot = 646, init = 198, finish = 0
[2024-09-23T22:15:11.575+0000] {ssh.py:524} INFO - 24/09/23 22:15:11 INFO PythonRunner: Times: total = 838, boot = 660, init = 178, finish = 0
[2024-09-23T22:15:11.581+0000] {ssh.py:524} INFO - 24/09/23 22:15:11 WARN AbstractS3ACommitterFactory: Using standard FileOutputCommitter to commit work. This is slow and potentially unsafe.
[2024-09-23T22:15:11.582+0000] {ssh.py:524} INFO - 24/09/23 22:15:11 INFO FileOutputCommitter: File Output Committer Algorithm version is 1
[2024-09-23T22:15:11.582+0000] {ssh.py:524} INFO - 24/09/23 22:15:11 INFO FileOutputCommitter: FileOutputCommitter skip cleanup _temporary folders under output directory:false, ignore cleanup failures: false
[2024-09-23T22:15:11.583+0000] {ssh.py:524} INFO - 24/09/23 22:15:11 INFO AbstractS3ACommitterFactory: Using Committer FileOutputCommitter{PathOutputCommitter{context=TaskAttemptContextImpl{JobContextImpl{jobId=job_202409232215107719996722178603698_0000}; taskId=attempt_202409232215107719996722178603698_0000_m_000008_8, status=''}; org.apache.hadoop.mapreduce.lib.output.FileOutputCommitter@7c1dd6b4}; outputPath=s3a://raw/olhovivo/corredor/dt=2024-09-23, workPath=s3a://raw/olhovivo/corredor/dt=2024-09-23/_temporary/0/_temporary/attempt_202409232215107719996722178603698_0000_m_000008_8, algorithmVersion=1, skipCleanup=false, ignoreCleanupFailures=false} for s3a://raw/olhovivo/corredor/dt=2024-09-23
[2024-09-23T22:15:11.583+0000] {ssh.py:524} INFO - 24/09/23 22:15:11 INFO SQLHadoopMapReduceCommitProtocol: Using output committer class org.apache.hadoop.mapreduce.lib.output.FileOutputCommitter
[2024-09-23T22:15:11.587+0000] {ssh.py:524} INFO - 24/09/23 22:15:11 INFO PythonRunner: Times: total = 842, boot = 714, init = 128, finish = 0
[2024-09-23T22:15:11.599+0000] {ssh.py:524} INFO - 24/09/23 22:15:11 INFO TaskSetManager: Finished task 4.0 in stage 0.0 (TID 4) in 1122 ms on spark-master (executor driver) (1/12)
[2024-09-23T22:15:11.602+0000] {ssh.py:524} INFO - 24/09/23 22:15:11 INFO TaskSetManager: Finished task 2.0 in stage 0.0 (TID 2) in 1128 ms on spark-master (executor driver) (2/12)
[2024-09-23T22:15:11.607+0000] {ssh.py:524} INFO - 24/09/23 22:15:11 INFO TaskSetManager: Finished task 9.0 in stage 0.0 (TID 9) in 1131 ms on spark-master (executor driver) (3/12)
[2024-09-23T22:15:11.611+0000] {ssh.py:524} INFO - 24/09/23 22:15:11 INFO PythonAccumulatorV2: Connected to AccumulatorServer at host: 127.0.0.1 port: 58445
[2024-09-23T22:15:11.644+0000] {ssh.py:524} INFO - 24/09/23 22:15:11 INFO PythonRunner: Times: total = 911, boot = 730, init = 181, finish = 0
[2024-09-23T22:15:11.666+0000] {ssh.py:524} INFO - 24/09/23 22:15:11 INFO PythonRunner: Times: total = 939, boot = 689, init = 250, finish = 0
[2024-09-23T22:15:11.705+0000] {ssh.py:524} INFO - 24/09/23 22:15:11 INFO PythonRunner: Times: total = 946, boot = 672, init = 274, finish = 0
[2024-09-23T22:15:11.715+0000] {ssh.py:524} INFO - 24/09/23 22:15:11 INFO PythonRunner: Times: total = 997, boot = 718, init = 279, finish = 0
[2024-09-23T22:15:11.731+0000] {ssh.py:524} INFO - 24/09/23 22:15:11 INFO SparkHadoopMapRedUtil: No need to commit output of task because needsTaskCommit=false: attempt_202409232215102811878205752715149_0000_m_000007_7
[2024-09-23T22:15:11.735+0000] {ssh.py:524} INFO - 24/09/23 22:15:11 INFO Executor: Finished task 7.0 in stage 0.0 (TID 7). 2828 bytes result sent to driver
[2024-09-23T22:15:11.746+0000] {ssh.py:524} INFO - 24/09/23 22:15:11 INFO TaskSetManager: Finished task 7.0 in stage 0.0 (TID 7) in 1263 ms on spark-master (executor driver) (4/12)
[2024-09-23T22:15:11.887+0000] {ssh.py:524} INFO - 24/09/23 22:15:11 INFO FileOutputCommitter: Saved output of task 'attempt_20240923221510702648802839095341_0000_m_000005_5' to s3a://raw/olhovivo/corredor/dt=2024-09-23/_temporary/0/task_20240923221510702648802839095341_0000_m_000005
[2024-09-23T22:15:11.888+0000] {ssh.py:524} INFO - 24/09/23 22:15:11 INFO FileOutputCommitter: Saved output of task 'attempt_202409232215107924594205656034896_0000_m_000000_0' to s3a://raw/olhovivo/corredor/dt=2024-09-23/_temporary/0/task_202409232215107924594205656034896_0000_m_000000
[2024-09-23T22:15:11.910+0000] {ssh.py:524} INFO - 24/09/23 22:15:11 INFO SparkHadoopMapRedUtil: attempt_20240923221510702648802839095341_0000_m_000005_5: Committed. Elapsed time: 236 ms.
[2024-09-23T22:15:11.929+0000] {ssh.py:524} INFO - 24/09/23 22:15:11 INFO FileOutputCommitter: Saved output of task 'attempt_202409232215102206470514382230785_0000_m_000011_11' to s3a://raw/olhovivo/corredor/dt=2024-09-23/_temporary/0/task_202409232215102206470514382230785_0000_m_000011
[2024-09-23T22:15:11.930+0000] {ssh.py:524} INFO - 24/09/23 22:15:11 INFO SparkHadoopMapRedUtil: attempt_202409232215102206470514382230785_0000_m_000011_11: Committed. Elapsed time: 264 ms.
[2024-09-23T22:15:11.931+0000] {ssh.py:524} INFO - 24/09/23 22:15:11 INFO Executor: Finished task 11.0 in stage 0.0 (TID 11). 2914 bytes result sent to driver
[2024-09-23T22:15:11.931+0000] {ssh.py:524} INFO - 24/09/23 22:15:11 INFO Executor: Finished task 5.0 in stage 0.0 (TID 5). 2914 bytes result sent to driver
[2024-09-23T22:15:11.932+0000] {ssh.py:524} INFO - 24/09/23 22:15:11 INFO TaskSetManager: Finished task 11.0 in stage 0.0 (TID 11) in 1456 ms on spark-master (executor driver) (5/12)
[2024-09-23T22:15:11.933+0000] {ssh.py:524} INFO - 24/09/23 22:15:11 INFO TaskSetManager: Finished task 5.0 in stage 0.0 (TID 5) in 1458 ms on spark-master (executor driver) (6/12)
[2024-09-23T22:15:11.956+0000] {ssh.py:524} INFO - 24/09/23 22:15:11 INFO SparkHadoopMapRedUtil: attempt_202409232215107924594205656034896_0000_m_000000_0: Committed. Elapsed time: 215 ms.
[2024-09-23T22:15:11.964+0000] {ssh.py:524} INFO - 24/09/23 22:15:11 INFO FileOutputCommitter: Saved output of task 'attempt_202409232215104370524946913199046_0000_m_000001_1' to s3a://raw/olhovivo/corredor/dt=2024-09-23/_temporary/0/task_202409232215104370524946913199046_0000_m_000001
[2024-09-23T22:15:11.964+0000] {ssh.py:524} INFO - 24/09/23 22:15:11 INFO SparkHadoopMapRedUtil: attempt_202409232215104370524946913199046_0000_m_000001_1: Committed. Elapsed time: 313 ms.
[2024-09-23T22:15:11.973+0000] {ssh.py:524} INFO - 24/09/23 22:15:11 INFO Executor: Finished task 0.0 in stage 0.0 (TID 0). 2828 bytes result sent to driver
[2024-09-23T22:15:11.975+0000] {ssh.py:524} INFO - 24/09/23 22:15:11 INFO TaskSetManager: Finished task 0.0 in stage 0.0 (TID 0) in 1516 ms on spark-master (executor driver) (7/12)
[2024-09-23T22:15:11.977+0000] {ssh.py:524} INFO - 24/09/23 22:15:11 INFO Executor: Finished task 1.0 in stage 0.0 (TID 1). 2914 bytes result sent to driver
[2024-09-23T22:15:11.979+0000] {ssh.py:524} INFO - 24/09/23 22:15:11 INFO FileOutputCommitter: Saved output of task 'attempt_202409232215104980637711327221546_0000_m_000003_3' to s3a://raw/olhovivo/corredor/dt=2024-09-23/_temporary/0/task_202409232215104980637711327221546_0000_m_000003
[2024-09-23T22:15:11.979+0000] {ssh.py:524} INFO - 24/09/23 22:15:11 INFO SparkHadoopMapRedUtil: attempt_202409232215104980637711327221546_0000_m_000003_3: Committed. Elapsed time: 240 ms.
[2024-09-23T22:15:11.980+0000] {ssh.py:524} INFO - 24/09/23 22:15:11 INFO TaskSetManager: Finished task 1.0 in stage 0.0 (TID 1) in 1508 ms on spark-master (executor driver) (8/12)
[2024-09-23T22:15:11.981+0000] {ssh.py:524} INFO - 24/09/23 22:15:11 INFO Executor: Finished task 3.0 in stage 0.0 (TID 3). 2914 bytes result sent to driver
[2024-09-23T22:15:11.982+0000] {ssh.py:524} INFO - 24/09/23 22:15:11 INFO TaskSetManager: Finished task 3.0 in stage 0.0 (TID 3) in 1509 ms on spark-master (executor driver) (9/12)
[2024-09-23T22:15:11.990+0000] {ssh.py:524} INFO - 24/09/23 22:15:11 INFO FileOutputCommitter: Saved output of task 'attempt_202409232215105701280678921165927_0000_m_000006_6' to s3a://raw/olhovivo/corredor/dt=2024-09-23/_temporary/0/task_202409232215105701280678921165927_0000_m_000006
[2024-09-23T22:15:11.990+0000] {ssh.py:524} INFO - 24/09/23 22:15:11 INFO SparkHadoopMapRedUtil: attempt_202409232215105701280678921165927_0000_m_000006_6: Committed. Elapsed time: 235 ms.
[2024-09-23T22:15:11.995+0000] {ssh.py:524} INFO - 24/09/23 22:15:11 INFO FileOutputCommitter: Saved output of task 'attempt_202409232215105161072026917434084_0000_m_000010_10' to s3a://raw/olhovivo/corredor/dt=2024-09-23/_temporary/0/task_202409232215105161072026917434084_0000_m_000010
[2024-09-23T22:15:11.996+0000] {ssh.py:524} INFO - 24/09/23 22:15:11 INFO SparkHadoopMapRedUtil: attempt_202409232215105161072026917434084_0000_m_000010_10: Committed. Elapsed time: 297 ms.
[2024-09-23T22:15:12.000+0000] {ssh.py:524} INFO - 24/09/23 22:15:11 INFO Executor: Finished task 6.0 in stage 0.0 (TID 6). 2914 bytes result sent to driver
[2024-09-23T22:15:12.005+0000] {ssh.py:524} INFO - 24/09/23 22:15:12 INFO TaskSetManager: Finished task 6.0 in stage 0.0 (TID 6) in 1528 ms on spark-master (executor driver) (10/12)
[2024-09-23T22:15:12.009+0000] {ssh.py:524} INFO - 24/09/23 22:15:12 INFO Executor: Finished task 10.0 in stage 0.0 (TID 10). 2914 bytes result sent to driver
[2024-09-23T22:15:12.014+0000] {ssh.py:524} INFO - 24/09/23 22:15:12 INFO TaskSetManager: Finished task 10.0 in stage 0.0 (TID 10) in 1538 ms on spark-master (executor driver) (11/12)
[2024-09-23T22:15:12.124+0000] {ssh.py:524} INFO - 24/09/23 22:15:12 INFO FileOutputCommitter: Saved output of task 'attempt_202409232215107719996722178603698_0000_m_000008_8' to s3a://raw/olhovivo/corredor/dt=2024-09-23/_temporary/0/task_202409232215107719996722178603698_0000_m_000008
[2024-09-23T22:15:12.127+0000] {ssh.py:524} INFO - 24/09/23 22:15:12 INFO SparkHadoopMapRedUtil: attempt_202409232215107719996722178603698_0000_m_000008_8: Committed. Elapsed time: 367 ms.
[2024-09-23T22:15:12.132+0000] {ssh.py:524} INFO - 24/09/23 22:15:12 INFO Executor: Finished task 8.0 in stage 0.0 (TID 8). 2914 bytes result sent to driver
[2024-09-23T22:15:12.136+0000] {ssh.py:524} INFO - 24/09/23 22:15:12 INFO TaskSetManager: Finished task 8.0 in stage 0.0 (TID 8) in 1660 ms on spark-master (executor driver) (12/12)
[2024-09-23T22:15:12.140+0000] {ssh.py:524} INFO - 24/09/23 22:15:12 INFO DAGScheduler: ResultStage 0 (save at NativeMethodAccessorImpl.java:0) finished in 1.841 s
[2024-09-23T22:15:12.142+0000] {ssh.py:524} INFO - 24/09/23 22:15:12 INFO DAGScheduler: Job 0 is finished. Cancelling potential speculative or zombie tasks for this job
[2024-09-23T22:15:12.144+0000] {ssh.py:524} INFO - 24/09/23 22:15:12 INFO TaskSchedulerImpl: Removed TaskSet 0.0, whose tasks have all completed, from pool 
[2024-09-23T22:15:12.163+0000] {ssh.py:524} INFO - 24/09/23 22:15:12 INFO TaskSchedulerImpl: Killing all running tasks in stage 0: Stage finished
[2024-09-23T22:15:12.166+0000] {ssh.py:524} INFO - 24/09/23 22:15:12 INFO DAGScheduler: Job 0 finished: save at NativeMethodAccessorImpl.java:0, took 1.896726 s
[2024-09-23T22:15:12.168+0000] {ssh.py:524} INFO - 24/09/23 22:15:12 INFO FileFormatWriter: Start to commit write Job 32a2764d-b723-48e4-8364-158a0a4abd73.
[2024-09-23T22:15:12.891+0000] {ssh.py:524} INFO - 24/09/23 22:15:12 INFO FileFormatWriter: Write Job 32a2764d-b723-48e4-8364-158a0a4abd73 committed. Elapsed time: 722 ms.
[2024-09-23T22:15:12.896+0000] {ssh.py:524} INFO - 24/09/23 22:15:12 INFO FileFormatWriter: Finished processing stats for write job 32a2764d-b723-48e4-8364-158a0a4abd73.
[2024-09-23T22:15:12.899+0000] {ssh.py:524} INFO - [DEBUG] Done.
[2024-09-23T22:15:12.949+0000] {ssh.py:524} INFO - 24/09/23 22:15:12 INFO SparkContext: Invoking stop() from shutdown hook
[2024-09-23T22:15:12.957+0000] {ssh.py:524} INFO - 24/09/23 22:15:12 INFO SparkUI: Stopped Spark web UI at http://spark-master:4042
[2024-09-23T22:15:12.974+0000] {ssh.py:524} INFO - 24/09/23 22:15:12 INFO MapOutputTrackerMasterEndpoint: MapOutputTrackerMasterEndpoint stopped!
[2024-09-23T22:15:12.987+0000] {ssh.py:524} INFO - 24/09/23 22:15:12 INFO MemoryStore: MemoryStore cleared
[2024-09-23T22:15:12.987+0000] {ssh.py:524} INFO - 24/09/23 22:15:12 INFO BlockManager: BlockManager stopped
[2024-09-23T22:15:12.995+0000] {ssh.py:524} INFO - 24/09/23 22:15:12 INFO BlockManagerMaster: BlockManagerMaster stopped
[2024-09-23T22:15:12.998+0000] {ssh.py:524} INFO - 24/09/23 22:15:12 INFO OutputCommitCoordinator$OutputCommitCoordinatorEndpoint: OutputCommitCoordinator stopped!
[2024-09-23T22:15:13.007+0000] {ssh.py:524} INFO - 24/09/23 22:15:13 INFO SparkContext: Successfully stopped SparkContext
[2024-09-23T22:15:13.008+0000] {ssh.py:524} INFO - 24/09/23 22:15:13 INFO ShutdownHookManager: Shutdown hook called
[2024-09-23T22:15:13.008+0000] {ssh.py:524} INFO - 24/09/23 22:15:13 INFO ShutdownHookManager: Deleting directory /tmp/spark-fcc12c8d-ae9a-4f40-89bd-e06dd1a14c82
[2024-09-23T22:15:13.011+0000] {ssh.py:524} INFO - 24/09/23 22:15:13 INFO ShutdownHookManager: Deleting directory /tmp/spark-b61d2c56-b708-480d-848f-a69884e30e79/pyspark-dcbd30f5-9fe9-48fa-9a67-03e6b84efa89
[2024-09-23T22:15:13.016+0000] {ssh.py:524} INFO - 24/09/23 22:15:13 INFO ShutdownHookManager: Deleting directory /tmp/spark-b61d2c56-b708-480d-848f-a69884e30e79
[2024-09-23T22:15:13.024+0000] {ssh.py:524} INFO - 24/09/23 22:15:13 INFO MetricsSystemImpl: Stopping s3a-file-system metrics system...
[2024-09-23T22:15:13.025+0000] {ssh.py:524} INFO - 24/09/23 22:15:13 INFO MetricsSystemImpl: s3a-file-system metrics system stopped.
[2024-09-23T22:15:13.026+0000] {ssh.py:524} INFO - 24/09/23 22:15:13 INFO MetricsSystemImpl: s3a-file-system metrics system shutdown complete.
[2024-09-23T22:15:13.216+0000] {taskinstance.py:1400} INFO - Marking task as SUCCESS. dag_id=raw_ingestion_15min, task_id=spark_raw_ingestion_corredor, execution_date=20240923T220000, start_date=20240923T221500, end_date=20240923T221513
[2024-09-23T22:15:13.276+0000] {local_task_job_runner.py:228} INFO - Task exited with return code 0
[2024-09-23T22:15:13.352+0000] {taskinstance.py:2778} INFO - 0 downstream tasks scheduled from follow-on schedule check
