[2024-09-21T20:17:10.570+0000] {taskinstance.py:1159} INFO - Dependencies all met for dep_context=non-requeueable deps ti=<TaskInstance: raw_ingestion.spark_raw_ingestion_previsao manual__2024-09-21T20:17:08.521293+00:00 [queued]>
[2024-09-21T20:17:10.596+0000] {taskinstance.py:1159} INFO - Dependencies all met for dep_context=requeueable deps ti=<TaskInstance: raw_ingestion.spark_raw_ingestion_previsao manual__2024-09-21T20:17:08.521293+00:00 [queued]>
[2024-09-21T20:17:10.596+0000] {taskinstance.py:1361} INFO - Starting attempt 1 of 0
[2024-09-21T20:17:10.625+0000] {taskinstance.py:1382} INFO - Executing <Task(SSHOperator): spark_raw_ingestion_previsao> on 2024-09-21 20:17:08.521293+00:00
[2024-09-21T20:17:10.632+0000] {standard_task_runner.py:57} INFO - Started process 114 to run task
[2024-09-21T20:17:10.639+0000] {standard_task_runner.py:84} INFO - Running: ['airflow', 'tasks', 'run', 'raw_ingestion', 'spark_raw_ingestion_previsao', 'manual__2024-09-21T20:17:08.521293+00:00', '--job-id', '270', '--raw', '--subdir', 'DAGS_FOLDER/raw_ingestion.py', '--cfg-path', '/tmp/tmpq3i3n4yl']
[2024-09-21T20:17:10.641+0000] {standard_task_runner.py:85} INFO - Job 270: Subtask spark_raw_ingestion_previsao
[2024-09-21T20:17:10.896+0000] {task_command.py:416} INFO - Running <TaskInstance: raw_ingestion.spark_raw_ingestion_previsao manual__2024-09-21T20:17:08.521293+00:00 [running]> on host airflow-worker
[2024-09-21T20:17:11.456+0000] {taskinstance.py:1662} INFO - Exporting env vars: AIRFLOW_CTX_DAG_OWNER='***' AIRFLOW_CTX_DAG_ID='raw_ingestion' AIRFLOW_CTX_TASK_ID='spark_raw_ingestion_previsao' AIRFLOW_CTX_EXECUTION_DATE='2024-09-21T20:17:08.521293+00:00' AIRFLOW_CTX_TRY_NUMBER='1' AIRFLOW_CTX_DAG_RUN_ID='manual__2024-09-21T20:17:08.521293+00:00'
[2024-09-21T20:17:11.458+0000] {ssh.py:141} INFO - Creating ssh_client
[2024-09-21T20:17:11.459+0000] {ssh.py:114} INFO - ssh_hook is not provided or invalid. Trying ssh_conn_id to create SSHHook.
[2024-09-21T20:17:11.564+0000] {base.py:73} INFO - Using connection ID 'spark_ssh_default' for task execution.
[2024-09-21T20:17:11.564+0000] {ssh.py:300} WARNING - No Host Key Verification. This won't protect against Man-In-The-Middle attacks
[2024-09-21T20:17:11.577+0000] {transport.py:1893} INFO - Connected (version 2.0, client OpenSSH_8.9p1)
[2024-09-21T20:17:11.698+0000] {transport.py:1893} INFO - Authentication (password) successful!
[2024-09-21T20:17:11.699+0000] {ssh.py:478} INFO - Running command: export SPARK_HOME=/usr/local/spark; /opt/conda/bin/spark-submit --master local[*] --executor-memory 2g /opt/shared/scripts/raw_ingestion.py 2024-09-21 previsao
[2024-09-21T20:17:20.651+0000] {ssh.py:524} INFO - [DEBUG] dt_now: 2024-09-21
[2024-09-21T20:17:20.652+0000] {ssh.py:524} INFO - [DEBUG] endpoint: previsao
[2024-09-21T20:17:22.248+0000] {ssh.py:524} INFO - 24/09/21 20:17:22 INFO SparkContext: Running Spark version 3.3.1
[2024-09-21T20:17:22.566+0000] {ssh.py:524} INFO - 24/09/21 20:17:22 WARN NativeCodeLoader: Unable to load native-hadoop library for your platform... using builtin-java classes where applicable
[2024-09-21T20:17:23.268+0000] {ssh.py:524} INFO - 24/09/21 20:17:23 INFO ResourceUtils: ==============================================================
[2024-09-21T20:17:23.273+0000] {ssh.py:524} INFO - 24/09/21 20:17:23 INFO ResourceUtils: No custom resources configured for spark.driver.
[2024-09-21T20:17:23.274+0000] {ssh.py:524} INFO - 24/09/21 20:17:23 INFO ResourceUtils: ==============================================================
[2024-09-21T20:17:23.274+0000] {ssh.py:524} INFO - 24/09/21 20:17:23 INFO SparkContext: Submitted application: raw_ingestion_previsao
[2024-09-21T20:17:23.502+0000] {ssh.py:524} INFO - 24/09/21 20:17:23 INFO ResourceProfile: Default ResourceProfile created, executor resources: Map(cores -> name: cores, amount: 1, script: , vendor: , memory -> name: memory, amount: 1024, script: , vendor: , offHeap -> name: offHeap, amount: 0, script: , vendor: ), task resources: Map(cpus -> name: cpus, amount: 1.0)
[2024-09-21T20:17:23.532+0000] {ssh.py:524} INFO - 24/09/21 20:17:23 INFO ResourceProfile: Limiting resource is cpu
[2024-09-21T20:17:23.534+0000] {ssh.py:524} INFO - 24/09/21 20:17:23 INFO ResourceProfileManager: Added ResourceProfile id: 0
[2024-09-21T20:17:24.106+0000] {ssh.py:524} INFO - 24/09/21 20:17:24 INFO SecurityManager: Changing view acls to: root
[2024-09-21T20:17:24.108+0000] {ssh.py:524} INFO - 24/09/21 20:17:24 INFO SecurityManager: Changing modify acls to: root
[2024-09-21T20:17:24.114+0000] {ssh.py:524} INFO - 24/09/21 20:17:24 INFO SecurityManager: Changing view acls groups to: 
[2024-09-21T20:17:24.135+0000] {ssh.py:524} INFO - 24/09/21 20:17:24 INFO SecurityManager: Changing modify acls groups to: 
[2024-09-21T20:17:24.154+0000] {ssh.py:524} INFO - 24/09/21 20:17:24 INFO SecurityManager: SecurityManager: authentication disabled; ui acls disabled; users  with view permissions: Set(root); groups with view permissions: Set(); users  with modify permissions: Set(root); groups with modify permissions: Set()
[2024-09-21T20:17:30.454+0000] {ssh.py:524} INFO - 24/09/21 20:17:30 INFO Utils: Successfully started service 'sparkDriver' on port 36463.
[2024-09-21T20:17:30.749+0000] {ssh.py:524} INFO - 24/09/21 20:17:30 INFO SparkEnv: Registering MapOutputTracker
[2024-09-21T20:17:31.001+0000] {ssh.py:524} INFO - 24/09/21 20:17:31 INFO SparkEnv: Registering BlockManagerMaster
[2024-09-21T20:17:31.109+0000] {ssh.py:524} INFO - 24/09/21 20:17:31 INFO BlockManagerMasterEndpoint: Using org.apache.spark.storage.DefaultTopologyMapper for getting topology information
[2024-09-21T20:17:31.116+0000] {ssh.py:524} INFO - 24/09/21 20:17:31 INFO BlockManagerMasterEndpoint: BlockManagerMasterEndpoint up
[2024-09-21T20:17:31.141+0000] {ssh.py:524} INFO - 24/09/21 20:17:31 INFO SparkEnv: Registering BlockManagerMasterHeartbeat
[2024-09-21T20:17:33.658+0000] {ssh.py:524} INFO - 24/09/21 20:17:33 INFO DiskBlockManager: Created local directory at /tmp/blockmgr-58992fea-40b2-4389-8ed1-f4b95c609791
[2024-09-21T20:17:33.782+0000] {ssh.py:524} INFO - 24/09/21 20:17:33 INFO MemoryStore: MemoryStore started with capacity 434.4 MiB
[2024-09-21T20:17:33.876+0000] {ssh.py:524} INFO - 24/09/21 20:17:33 INFO SparkEnv: Registering OutputCommitCoordinator
[2024-09-21T20:17:34.839+0000] {ssh.py:524} INFO - 24/09/21 20:17:34 WARN Utils: Service 'SparkUI' could not bind on port 4040. Attempting port 4041.
[2024-09-21T20:17:34.842+0000] {ssh.py:524} INFO - 24/09/21 20:17:34 WARN Utils: Service 'SparkUI' could not bind on port 4041. Attempting port 4042.
[2024-09-21T20:17:34.843+0000] {ssh.py:524} INFO - 24/09/21 20:17:34 WARN Utils: Service 'SparkUI' could not bind on port 4042. Attempting port 4043.
[2024-09-21T20:17:34.845+0000] {ssh.py:524} INFO - 24/09/21 20:17:34 WARN Utils: Service 'SparkUI' could not bind on port 4043. Attempting port 4044.
[2024-09-21T20:17:34.846+0000] {ssh.py:524} INFO - 24/09/21 20:17:34 WARN Utils: Service 'SparkUI' could not bind on port 4044. Attempting port 4045.
[2024-09-21T20:17:34.847+0000] {ssh.py:524} INFO - 24/09/21 20:17:34 WARN Utils: Service 'SparkUI' could not bind on port 4045. Attempting port 4046.
[2024-09-21T20:17:34.847+0000] {ssh.py:524} INFO - 24/09/21 20:17:34 WARN Utils: Service 'SparkUI' could not bind on port 4046. Attempting port 4047.
[2024-09-21T20:17:34.848+0000] {ssh.py:524} INFO - 24/09/21 20:17:34 WARN Utils: Service 'SparkUI' could not bind on port 4047. Attempting port 4048.
[2024-09-21T20:17:34.849+0000] {ssh.py:524} INFO - 24/09/21 20:17:34 WARN Utils: Service 'SparkUI' could not bind on port 4048. Attempting port 4049.
[2024-09-21T20:17:34.850+0000] {ssh.py:524} INFO - 24/09/21 20:17:34 WARN Utils: Service 'SparkUI' could not bind on port 4049. Attempting port 4050.
[2024-09-21T20:17:34.851+0000] {ssh.py:524} INFO - 24/09/21 20:17:34 WARN Utils: Service 'SparkUI' could not bind on port 4050. Attempting port 4051.
[2024-09-21T20:17:34.852+0000] {ssh.py:524} INFO - 24/09/21 20:17:34 WARN Utils: Service 'SparkUI' could not bind on port 4051. Attempting port 4052.
[2024-09-21T20:17:34.853+0000] {ssh.py:524} INFO - 24/09/21 20:17:34 WARN Utils: Service 'SparkUI' could not bind on port 4052. Attempting port 4053.
[2024-09-21T20:17:35.118+0000] {ssh.py:524} INFO - 24/09/21 20:17:35 INFO Utils: Successfully started service 'SparkUI' on port 4053.
[2024-09-21T20:17:36.069+0000] {ssh.py:524} INFO - 24/09/21 20:17:36 INFO Executor: Starting executor ID driver on host spark-master
[2024-09-21T20:17:36.102+0000] {ssh.py:524} INFO - 24/09/21 20:17:36 INFO Executor: Starting executor with user classpath (userClassPathFirst = false): ''
[2024-09-21T20:17:36.187+0000] {ssh.py:524} INFO - 24/09/21 20:17:36 INFO Utils: Successfully started service 'org.apache.spark.network.netty.NettyBlockTransferService' on port 42699.
[2024-09-21T20:17:36.191+0000] {ssh.py:524} INFO - 24/09/21 20:17:36 INFO NettyBlockTransferService: Server created on spark-master:42699
[2024-09-21T20:17:36.203+0000] {ssh.py:524} INFO - 24/09/21 20:17:36 INFO BlockManager: Using org.apache.spark.storage.RandomBlockReplicationPolicy for block replication policy
[2024-09-21T20:17:36.211+0000] {ssh.py:524} INFO - 24/09/21 20:17:36 INFO BlockManagerMaster: Registering BlockManager BlockManagerId(driver, spark-master, 42699, None)
[2024-09-21T20:17:36.216+0000] {ssh.py:524} INFO - 24/09/21 20:17:36 INFO BlockManagerMasterEndpoint: Registering block manager spark-master:42699 with 434.4 MiB RAM, BlockManagerId(driver, spark-master, 42699, None)
[2024-09-21T20:17:36.218+0000] {ssh.py:524} INFO - 24/09/21 20:17:36 INFO BlockManagerMaster: Registered BlockManager BlockManagerId(driver, spark-master, 42699, None)
[2024-09-21T20:17:36.221+0000] {ssh.py:524} INFO - 24/09/21 20:17:36 INFO BlockManager: Initialized BlockManager: BlockManagerId(driver, spark-master, 42699, None)
[2024-09-21T20:17:41.585+0000] {ssh.py:524} INFO - 24/09/21 20:17:41 INFO SharedState: Setting hive.metastore.warehouse.dir ('null') to the value of spark.sql.warehouse.dir.
[2024-09-21T20:17:44.442+0000] {ssh.py:524} INFO - 24/09/21 20:17:41 INFO SharedState: Warehouse path is 'file:/root/spark-warehouse'.
[2024-09-21T20:17:53.812+0000] {ssh.py:524} INFO - 24/09/21 20:17:53 WARN MetricsConfig: Cannot locate configuration: tried hadoop-metrics2-s3a-file-system.properties,hadoop-metrics2.properties
[2024-09-21T20:17:53.989+0000] {ssh.py:524} INFO - 24/09/21 20:17:53 INFO MetricsSystemImpl: Scheduled Metric snapshot period at 10 second(s).
[2024-09-21T20:17:53.989+0000] {ssh.py:524} INFO - 24/09/21 20:17:53 INFO MetricsSystemImpl: s3a-file-system metrics system started
[2024-09-21T20:17:56.578+0000] {ssh.py:524} INFO - 24/09/21 20:17:56 INFO InMemoryFileIndex: It took 234 ms to list leaf files for 1 paths.
[2024-09-21T20:17:56.953+0000] {ssh.py:524} INFO - 24/09/21 20:17:56 INFO InMemoryFileIndex: It took 19 ms to list leaf files for 1 paths.
[2024-09-21T20:18:07.001+0000] {taskinstance.py:1937} ERROR - Task failed with exception
Traceback (most recent call last):
  File "/home/airflow/.local/lib/python3.8/site-packages/airflow/providers/ssh/operators/ssh.py", line 178, in execute
    result = self.run_ssh_client_command(ssh_client, self.command, context=context)
  File "/home/airflow/.local/lib/python3.8/site-packages/airflow/providers/ssh/operators/ssh.py", line 163, in run_ssh_client_command
    exit_status, agg_stdout, agg_stderr = self.hook.exec_ssh_client_command(
  File "/home/airflow/.local/lib/python3.8/site-packages/airflow/providers/ssh/hooks/ssh.py", line 549, in exec_ssh_client_command
    raise AirflowException("SSH command timed out")
airflow.exceptions.AirflowException: SSH command timed out
[2024-09-21T20:18:07.006+0000] {taskinstance.py:1400} INFO - Marking task as FAILED. dag_id=raw_ingestion, task_id=spark_raw_ingestion_previsao, execution_date=20240921T201708, start_date=20240921T201710, end_date=20240921T201807
[2024-09-21T20:18:07.032+0000] {standard_task_runner.py:104} ERROR - Failed to execute job 270 for task spark_raw_ingestion_previsao (SSH command timed out; 114)
[2024-09-21T20:18:07.052+0000] {local_task_job_runner.py:228} INFO - Task exited with return code 1
[2024-09-21T20:18:07.118+0000] {taskinstance.py:2778} INFO - 0 downstream tasks scheduled from follow-on schedule check
