[2024-09-21T22:34:04.188+0000] {taskinstance.py:1159} INFO - Dependencies all met for dep_context=non-requeueable deps ti=<TaskInstance: raw_ingestion.spark_raw_ingestion_previsao manual__2024-09-21T22:34:03.095033+00:00 [queued]>
[2024-09-21T22:34:04.198+0000] {taskinstance.py:1159} INFO - Dependencies all met for dep_context=requeueable deps ti=<TaskInstance: raw_ingestion.spark_raw_ingestion_previsao manual__2024-09-21T22:34:03.095033+00:00 [queued]>
[2024-09-21T22:34:04.199+0000] {taskinstance.py:1361} INFO - Starting attempt 1 of 0
[2024-09-21T22:34:04.216+0000] {taskinstance.py:1382} INFO - Executing <Task(SSHOperator): spark_raw_ingestion_previsao> on 2024-09-21 22:34:03.095033+00:00
[2024-09-21T22:34:04.221+0000] {standard_task_runner.py:57} INFO - Started process 2255 to run task
[2024-09-21T22:34:04.224+0000] {standard_task_runner.py:84} INFO - Running: ['airflow', 'tasks', 'run', 'raw_ingestion', 'spark_raw_ingestion_previsao', 'manual__2024-09-21T22:34:03.095033+00:00', '--job-id', '426', '--raw', '--subdir', 'DAGS_FOLDER/raw_ingestion.py', '--cfg-path', '/tmp/tmppxarqksc']
[2024-09-21T22:34:04.225+0000] {standard_task_runner.py:85} INFO - Job 426: Subtask spark_raw_ingestion_previsao
[2024-09-21T22:34:04.365+0000] {task_command.py:416} INFO - Running <TaskInstance: raw_ingestion.spark_raw_ingestion_previsao manual__2024-09-21T22:34:03.095033+00:00 [running]> on host airflow-worker
[2024-09-21T22:34:04.587+0000] {taskinstance.py:1662} INFO - Exporting env vars: AIRFLOW_CTX_DAG_OWNER='***' AIRFLOW_CTX_DAG_ID='raw_ingestion' AIRFLOW_CTX_TASK_ID='spark_raw_ingestion_previsao' AIRFLOW_CTX_EXECUTION_DATE='2024-09-21T22:34:03.095033+00:00' AIRFLOW_CTX_TRY_NUMBER='1' AIRFLOW_CTX_DAG_RUN_ID='manual__2024-09-21T22:34:03.095033+00:00'
[2024-09-21T22:34:04.588+0000] {ssh.py:141} INFO - Creating ssh_client
[2024-09-21T22:34:04.589+0000] {ssh.py:114} INFO - ssh_hook is not provided or invalid. Trying ssh_conn_id to create SSHHook.
[2024-09-21T22:34:04.619+0000] {base.py:73} INFO - Using connection ID 'spark_ssh_default' for task execution.
[2024-09-21T22:34:04.620+0000] {ssh.py:300} WARNING - No Host Key Verification. This won't protect against Man-In-The-Middle attacks
[2024-09-21T22:34:04.628+0000] {transport.py:1893} INFO - Connected (version 2.0, client OpenSSH_8.9p1)
[2024-09-21T22:34:04.756+0000] {transport.py:1893} INFO - Authentication (password) successful!
[2024-09-21T22:34:04.757+0000] {ssh.py:478} INFO - Running command: export SPARK_HOME=/usr/local/spark; /opt/conda/bin/spark-submit --master local[*] --driver-cores 6 --executor-cores 6 --driver-memory 16G --executor-memory 16G /opt/shared/scripts/raw_ingestion.py 2024-09-21 previsao
[2024-09-21T22:34:07.483+0000] {ssh.py:524} INFO - [DEBUG] dt_now: 2024-09-21
[2024-09-21T22:34:07.484+0000] {ssh.py:524} INFO - [DEBUG] endpoint: previsao
[2024-09-21T22:34:07.561+0000] {ssh.py:524} INFO - 24/09/21 22:34:07 INFO SparkContext: Running Spark version 3.3.1
[2024-09-21T22:34:07.584+0000] {ssh.py:524} INFO - 24/09/21 22:34:07 WARN NativeCodeLoader: Unable to load native-hadoop library for your platform... using builtin-java classes where applicable
[2024-09-21T22:34:07.676+0000] {ssh.py:524} INFO - 24/09/21 22:34:07 INFO ResourceUtils: ==============================================================
[2024-09-21T22:34:07.677+0000] {ssh.py:524} INFO - 24/09/21 22:34:07 INFO ResourceUtils: No custom resources configured for spark.driver.
[2024-09-21T22:34:07.684+0000] {ssh.py:524} INFO - 24/09/21 22:34:07 INFO ResourceUtils: ==============================================================
[2024-09-21T22:34:07.685+0000] {ssh.py:524} INFO - 24/09/21 22:34:07 INFO SparkContext: Submitted application: raw_ingestion_previsao
[2024-09-21T22:34:07.704+0000] {ssh.py:524} INFO - 24/09/21 22:34:07 INFO ResourceProfile: Default ResourceProfile created, executor resources: Map(cores -> name: cores, amount: 1, script: , vendor: , memory -> name: memory, amount: 1024, script: , vendor: , offHeap -> name: offHeap, amount: 0, script: , vendor: ), task resources: Map(cpus -> name: cpus, amount: 1.0)
[2024-09-21T22:34:07.713+0000] {ssh.py:524} INFO - 24/09/21 22:34:07 INFO ResourceProfile: Limiting resource is cpu
[2024-09-21T22:34:07.714+0000] {ssh.py:524} INFO - 24/09/21 22:34:07 INFO ResourceProfileManager: Added ResourceProfile id: 0
[2024-09-21T22:34:07.787+0000] {ssh.py:524} INFO - 24/09/21 22:34:07 INFO SecurityManager: Changing view acls to: root
[2024-09-21T22:34:07.788+0000] {ssh.py:524} INFO - 24/09/21 22:34:07 INFO SecurityManager: Changing modify acls to: root
[2024-09-21T22:34:07.789+0000] {ssh.py:524} INFO - 24/09/21 22:34:07 INFO SecurityManager: Changing view acls groups to: 
[2024-09-21T22:34:07.790+0000] {ssh.py:524} INFO - 24/09/21 22:34:07 INFO SecurityManager: Changing modify acls groups to: 
[2024-09-21T22:34:07.792+0000] {ssh.py:524} INFO - 24/09/21 22:34:07 INFO SecurityManager: SecurityManager: authentication disabled; ui acls disabled; users  with view permissions: Set(root); groups with view permissions: Set(); users  with modify permissions: Set(root); groups with modify permissions: Set()
[2024-09-21T22:34:08.186+0000] {ssh.py:524} INFO - 24/09/21 22:34:08 INFO Utils: Successfully started service 'sparkDriver' on port 45155.
[2024-09-21T22:34:08.247+0000] {ssh.py:524} INFO - 24/09/21 22:34:08 INFO SparkEnv: Registering MapOutputTracker
[2024-09-21T22:34:08.286+0000] {ssh.py:524} INFO - 24/09/21 22:34:08 INFO SparkEnv: Registering BlockManagerMaster
[2024-09-21T22:34:08.303+0000] {ssh.py:524} INFO - 24/09/21 22:34:08 INFO BlockManagerMasterEndpoint: Using org.apache.spark.storage.DefaultTopologyMapper for getting topology information
[2024-09-21T22:34:08.304+0000] {ssh.py:524} INFO - 24/09/21 22:34:08 INFO BlockManagerMasterEndpoint: BlockManagerMasterEndpoint up
[2024-09-21T22:34:08.309+0000] {ssh.py:524} INFO - 24/09/21 22:34:08 INFO SparkEnv: Registering BlockManagerMasterHeartbeat
[2024-09-21T22:34:08.329+0000] {ssh.py:524} INFO - 24/09/21 22:34:08 INFO DiskBlockManager: Created local directory at /tmp/blockmgr-e4be79bf-1f59-49ed-b763-00f685dd5ea7
[2024-09-21T22:34:08.350+0000] {ssh.py:524} INFO - 24/09/21 22:34:08 INFO MemoryStore: MemoryStore started with capacity 9.4 GiB
[2024-09-21T22:34:08.365+0000] {ssh.py:524} INFO - 24/09/21 22:34:08 INFO SparkEnv: Registering OutputCommitCoordinator
[2024-09-21T22:34:08.601+0000] {ssh.py:524} INFO - 24/09/21 22:34:08 WARN Utils: Service 'SparkUI' could not bind on port 4040. Attempting port 4041.
[2024-09-21T22:34:08.602+0000] {ssh.py:524} INFO - 24/09/21 22:34:08 WARN Utils: Service 'SparkUI' could not bind on port 4041. Attempting port 4042.
[2024-09-21T22:34:08.603+0000] {ssh.py:524} INFO - 24/09/21 22:34:08 WARN Utils: Service 'SparkUI' could not bind on port 4042. Attempting port 4043.
[2024-09-21T22:34:08.604+0000] {ssh.py:524} INFO - 24/09/21 22:34:08 WARN Utils: Service 'SparkUI' could not bind on port 4043. Attempting port 4044.
[2024-09-21T22:34:08.611+0000] {ssh.py:524} INFO - 24/09/21 22:34:08 INFO Utils: Successfully started service 'SparkUI' on port 4044.
[2024-09-21T22:34:08.737+0000] {ssh.py:524} INFO - 24/09/21 22:34:08 INFO Executor: Starting executor ID driver on host spark-master
[2024-09-21T22:34:08.746+0000] {ssh.py:524} INFO - 24/09/21 22:34:08 INFO Executor: Starting executor with user classpath (userClassPathFirst = false): ''
[2024-09-21T22:34:08.780+0000] {ssh.py:524} INFO - 24/09/21 22:34:08 INFO Utils: Successfully started service 'org.apache.spark.network.netty.NettyBlockTransferService' on port 35711.
[2024-09-21T22:34:08.780+0000] {ssh.py:524} INFO - 24/09/21 22:34:08 INFO NettyBlockTransferService: Server created on spark-master:35711
[2024-09-21T22:34:08.785+0000] {ssh.py:524} INFO - 24/09/21 22:34:08 INFO BlockManager: Using org.apache.spark.storage.RandomBlockReplicationPolicy for block replication policy
[2024-09-21T22:34:08.791+0000] {ssh.py:524} INFO - 24/09/21 22:34:08 INFO BlockManagerMaster: Registering BlockManager BlockManagerId(driver, spark-master, 35711, None)
[2024-09-21T22:34:08.807+0000] {ssh.py:524} INFO - 24/09/21 22:34:08 INFO BlockManagerMasterEndpoint: Registering block manager spark-master:35711 with 9.4 GiB RAM, BlockManagerId(driver, spark-master, 35711, None)
[2024-09-21T22:34:08.810+0000] {ssh.py:524} INFO - 24/09/21 22:34:08 INFO BlockManagerMaster: Registered BlockManager BlockManagerId(driver, spark-master, 35711, None)
[2024-09-21T22:34:08.813+0000] {ssh.py:524} INFO - 24/09/21 22:34:08 INFO BlockManager: Initialized BlockManager: BlockManagerId(driver, spark-master, 35711, None)
[2024-09-21T22:34:09.335+0000] {ssh.py:524} INFO - 24/09/21 22:34:09 INFO SharedState: Setting hive.metastore.warehouse.dir ('null') to the value of spark.sql.warehouse.dir.
[2024-09-21T22:34:09.342+0000] {ssh.py:524} INFO - 24/09/21 22:34:09 INFO SharedState: Warehouse path is 'file:/root/spark-warehouse'.
[2024-09-21T22:34:10.059+0000] {ssh.py:524} INFO - 24/09/21 22:34:10 WARN MetricsConfig: Cannot locate configuration: tried hadoop-metrics2-s3a-file-system.properties,hadoop-metrics2.properties
[2024-09-21T22:34:10.074+0000] {ssh.py:524} INFO - 24/09/21 22:34:10 INFO MetricsSystemImpl: Scheduled Metric snapshot period at 10 second(s).
[2024-09-21T22:34:10.075+0000] {ssh.py:524} INFO - 24/09/21 22:34:10 INFO MetricsSystemImpl: s3a-file-system metrics system started
[2024-09-21T22:34:11.147+0000] {ssh.py:524} INFO - 24/09/21 22:34:11 INFO InMemoryFileIndex: It took 62 ms to list leaf files for 1 paths.
[2024-09-21T22:34:11.246+0000] {ssh.py:524} INFO - 24/09/21 22:34:11 INFO InMemoryFileIndex: It took 16 ms to list leaf files for 1 paths.
[2024-09-21T22:34:13.561+0000] {ssh.py:524} INFO - 24/09/21 22:34:13 INFO FileSourceStrategy: Pushed Filters: 
[2024-09-21T22:34:13.562+0000] {ssh.py:524} INFO - 24/09/21 22:34:13 INFO FileSourceStrategy: Post-Scan Filters: (length(trim(value#0, None)) > 0)
[2024-09-21T22:34:13.565+0000] {ssh.py:524} INFO - 24/09/21 22:34:13 INFO FileSourceStrategy: Output Data Schema: struct<value: string>
[2024-09-21T22:34:14.049+0000] {ssh.py:524} INFO - 24/09/21 22:34:14 INFO CodeGenerator: Code generated in 138.721961 ms
[2024-09-21T22:34:14.110+0000] {ssh.py:524} INFO - 24/09/21 22:34:14 INFO MemoryStore: Block broadcast_0 stored as values in memory (estimated size 215.3 KiB, free 9.4 GiB)
[2024-09-21T22:34:14.169+0000] {ssh.py:524} INFO - 24/09/21 22:34:14 INFO MemoryStore: Block broadcast_0_piece0 stored as bytes in memory (estimated size 35.9 KiB, free 9.4 GiB)
[2024-09-21T22:34:14.173+0000] {ssh.py:524} INFO - 24/09/21 22:34:14 INFO BlockManagerInfo: Added broadcast_0_piece0 in memory on spark-master:35711 (size: 35.9 KiB, free: 9.4 GiB)
[2024-09-21T22:34:14.178+0000] {ssh.py:524} INFO - 24/09/21 22:34:14 INFO SparkContext: Created broadcast 0 from csv at NativeMethodAccessorImpl.java:0
[2024-09-21T22:34:14.187+0000] {ssh.py:524} INFO - 24/09/21 22:34:14 INFO FileSourceScanExec: Planning scan with bin packing, max size: 4194304 bytes, open cost is considered as scanning 4194304 bytes.
[2024-09-21T22:34:14.324+0000] {ssh.py:524} INFO - 24/09/21 22:34:14 INFO SparkContext: Starting job: csv at NativeMethodAccessorImpl.java:0
[2024-09-21T22:34:14.339+0000] {ssh.py:524} INFO - 24/09/21 22:34:14 INFO DAGScheduler: Got job 0 (csv at NativeMethodAccessorImpl.java:0) with 1 output partitions
[2024-09-21T22:34:14.340+0000] {ssh.py:524} INFO - 24/09/21 22:34:14 INFO DAGScheduler: Final stage: ResultStage 0 (csv at NativeMethodAccessorImpl.java:0)
[2024-09-21T22:34:14.341+0000] {ssh.py:524} INFO - 24/09/21 22:34:14 INFO DAGScheduler: Parents of final stage: List()
[2024-09-21T22:34:14.343+0000] {ssh.py:524} INFO - 24/09/21 22:34:14 INFO DAGScheduler: Missing parents: List()
[2024-09-21T22:34:14.364+0000] {ssh.py:524} INFO - 24/09/21 22:34:14 INFO DAGScheduler: Submitting ResultStage 0 (MapPartitionsRDD[3] at csv at NativeMethodAccessorImpl.java:0), which has no missing parents
[2024-09-21T22:34:14.564+0000] {ssh.py:524} INFO - 24/09/21 22:34:14 INFO MemoryStore: Block broadcast_1 stored as values in memory (estimated size 11.8 KiB, free 9.4 GiB)
[2024-09-21T22:34:14.571+0000] {ssh.py:524} INFO - 24/09/21 22:34:14 INFO MemoryStore: Block broadcast_1_piece0 stored as bytes in memory (estimated size 5.9 KiB, free 9.4 GiB)
[2024-09-21T22:34:14.573+0000] {ssh.py:524} INFO - 24/09/21 22:34:14 INFO BlockManagerInfo: Added broadcast_1_piece0 in memory on spark-master:35711 (size: 5.9 KiB, free: 9.4 GiB)
[2024-09-21T22:34:14.583+0000] {ssh.py:524} INFO - 24/09/21 22:34:14 INFO SparkContext: Created broadcast 1 from broadcast at DAGScheduler.scala:1513
[2024-09-21T22:34:14.611+0000] {ssh.py:524} INFO - 24/09/21 22:34:14 INFO DAGScheduler: Submitting 1 missing tasks from ResultStage 0 (MapPartitionsRDD[3] at csv at NativeMethodAccessorImpl.java:0) (first 15 tasks are for partitions Vector(0))
[2024-09-21T22:34:14.625+0000] {ssh.py:524} INFO - 24/09/21 22:34:14 INFO TaskSchedulerImpl: Adding task set 0.0 with 1 tasks resource profile 0
[2024-09-21T22:34:14.736+0000] {ssh.py:524} INFO - 24/09/21 22:34:14 INFO TaskSetManager: Starting task 0.0 in stage 0.0 (TID 0) (spark-master, executor driver, partition 0, PROCESS_LOCAL, 4903 bytes) taskResourceAssignments Map()
[2024-09-21T22:34:14.764+0000] {ssh.py:524} INFO - 24/09/21 22:34:14 INFO Executor: Running task 0.0 in stage 0.0 (TID 0)
[2024-09-21T22:34:14.888+0000] {ssh.py:524} INFO - 24/09/21 22:34:14 INFO FileScanRDD: Reading File path: s3a://raw/GTFS/paradas/stops.txt, range: 0-2221690, partition values: [empty row]
[2024-09-21T22:34:14.910+0000] {ssh.py:524} INFO - 24/09/21 22:34:14 INFO CodeGenerator: Code generated in 13.837501 ms
[2024-09-21T22:34:14.978+0000] {ssh.py:524} INFO - 24/09/21 22:34:14 INFO Executor: Finished task 0.0 in stage 0.0 (TID 0). 1562 bytes result sent to driver
[2024-09-21T22:34:14.985+0000] {ssh.py:524} INFO - 24/09/21 22:34:14 INFO TaskSetManager: Finished task 0.0 in stage 0.0 (TID 0) in 259 ms on spark-master (executor driver) (1/1)
[2024-09-21T22:34:14.986+0000] {ssh.py:524} INFO - 24/09/21 22:34:14 INFO TaskSchedulerImpl: Removed TaskSet 0.0, whose tasks have all completed, from pool 
[2024-09-21T22:34:14.990+0000] {ssh.py:524} INFO - 24/09/21 22:34:14 INFO DAGScheduler: ResultStage 0 (csv at NativeMethodAccessorImpl.java:0) finished in 0.585 s
[2024-09-21T22:34:14.993+0000] {ssh.py:524} INFO - 24/09/21 22:34:14 INFO DAGScheduler: Job 0 is finished. Cancelling potential speculative or zombie tasks for this job
[2024-09-21T22:34:14.994+0000] {ssh.py:524} INFO - 24/09/21 22:34:14 INFO TaskSchedulerImpl: Killing all running tasks in stage 0: Stage finished
[2024-09-21T22:34:14.995+0000] {ssh.py:524} INFO - 24/09/21 22:34:14 INFO DAGScheduler: Job 0 finished: csv at NativeMethodAccessorImpl.java:0, took 0.670965 s
[2024-09-21T22:34:15.013+0000] {ssh.py:524} INFO - 24/09/21 22:34:15 INFO CodeGenerator: Code generated in 8.396142 ms
[2024-09-21T22:34:15.052+0000] {ssh.py:524} INFO - 24/09/21 22:34:15 INFO FileSourceStrategy: Pushed Filters: 
[2024-09-21T22:34:15.053+0000] {ssh.py:524} INFO - 24/09/21 22:34:15 INFO FileSourceStrategy: Post-Scan Filters: 
[2024-09-21T22:34:15.054+0000] {ssh.py:524} INFO - 24/09/21 22:34:15 INFO FileSourceStrategy: Output Data Schema: struct<value: string>
[2024-09-21T22:34:15.062+0000] {ssh.py:524} INFO - 24/09/21 22:34:15 INFO MemoryStore: Block broadcast_2 stored as values in memory (estimated size 215.3 KiB, free 9.4 GiB)
[2024-09-21T22:34:15.072+0000] {ssh.py:524} INFO - 24/09/21 22:34:15 INFO MemoryStore: Block broadcast_2_piece0 stored as bytes in memory (estimated size 35.9 KiB, free 9.4 GiB)
[2024-09-21T22:34:15.073+0000] {ssh.py:524} INFO - 24/09/21 22:34:15 INFO BlockManagerInfo: Added broadcast_2_piece0 in memory on spark-master:35711 (size: 35.9 KiB, free: 9.4 GiB)
[2024-09-21T22:34:15.074+0000] {ssh.py:524} INFO - 24/09/21 22:34:15 INFO SparkContext: Created broadcast 2 from csv at NativeMethodAccessorImpl.java:0
[2024-09-21T22:34:15.076+0000] {ssh.py:524} INFO - 24/09/21 22:34:15 INFO FileSourceScanExec: Planning scan with bin packing, max size: 4194304 bytes, open cost is considered as scanning 4194304 bytes.
[2024-09-21T22:34:15.263+0000] {ssh.py:524} INFO - 24/09/21 22:34:15 INFO FileSourceStrategy: Pushed Filters: IsNotNull(stop_desc)
[2024-09-21T22:34:15.283+0000] {ssh.py:524} INFO - 24/09/21 22:34:15 INFO FileSourceStrategy: Post-Scan Filters: isnotnull(stop_desc#19)
[2024-09-21T22:34:15.284+0000] {ssh.py:524} INFO - 24/09/21 22:34:15 INFO FileSourceStrategy: Output Data Schema: struct<stop_id: string, stop_desc: string>
[2024-09-21T22:34:15.430+0000] {ssh.py:524} INFO - 24/09/21 22:34:15 INFO CodeGenerator: Code generated in 87.52166 ms
[2024-09-21T22:34:15.479+0000] {ssh.py:524} INFO - 24/09/21 22:34:15 INFO MemoryStore: Block broadcast_3 stored as values in memory (estimated size 215.2 KiB, free 9.4 GiB)
[2024-09-21T22:34:15.503+0000] {ssh.py:524} INFO - 24/09/21 22:34:15 INFO MemoryStore: Block broadcast_3_piece0 stored as bytes in memory (estimated size 35.9 KiB, free 9.4 GiB)
[2024-09-21T22:34:15.517+0000] {ssh.py:524} INFO - 24/09/21 22:34:15 INFO BlockManagerInfo: Added broadcast_3_piece0 in memory on spark-master:35711 (size: 35.9 KiB, free: 9.4 GiB)
[2024-09-21T22:34:15.518+0000] {ssh.py:524} INFO - 24/09/21 22:34:15 INFO SparkContext: Created broadcast 3 from javaToPython at NativeMethodAccessorImpl.java:0
[2024-09-21T22:34:15.534+0000] {ssh.py:524} INFO - 24/09/21 22:34:15 INFO FileSourceScanExec: Planning scan with bin packing, max size: 4194304 bytes, open cost is considered as scanning 4194304 bytes.
[2024-09-21T22:34:16.233+0000] {ssh.py:524} INFO - 24/09/21 22:34:16 INFO ParquetFileFormat: Using default output committer for Parquet: org.apache.parquet.hadoop.ParquetOutputCommitter
[2024-09-21T22:34:16.267+0000] {ssh.py:524} INFO - 24/09/21 22:34:16 INFO FileOutputCommitter: File Output Committer Algorithm version is 1
[2024-09-21T22:34:16.268+0000] {ssh.py:524} INFO - 24/09/21 22:34:16 INFO FileOutputCommitter: FileOutputCommitter skip cleanup _temporary folders under output directory:false, ignore cleanup failures: false
[2024-09-21T22:34:16.269+0000] {ssh.py:524} INFO - 24/09/21 22:34:16 INFO SQLHadoopMapReduceCommitProtocol: Using user defined output committer class org.apache.parquet.hadoop.ParquetOutputCommitter
[2024-09-21T22:34:16.270+0000] {ssh.py:524} INFO - 24/09/21 22:34:16 INFO FileOutputCommitter: File Output Committer Algorithm version is 1
[2024-09-21T22:34:16.270+0000] {ssh.py:524} INFO - 24/09/21 22:34:16 INFO FileOutputCommitter: FileOutputCommitter skip cleanup _temporary folders under output directory:false, ignore cleanup failures: false
[2024-09-21T22:34:16.271+0000] {ssh.py:524} INFO - 24/09/21 22:34:16 INFO SQLHadoopMapReduceCommitProtocol: Using output committer class org.apache.parquet.hadoop.ParquetOutputCommitter
[2024-09-21T22:34:16.350+0000] {ssh.py:524} INFO - 24/09/21 22:34:16 INFO CodeGenerator: Code generated in 13.186458 ms
[2024-09-21T22:34:16.410+0000] {ssh.py:524} INFO - 24/09/21 22:34:16 INFO SparkContext: Starting job: save at NativeMethodAccessorImpl.java:0
[2024-09-21T22:34:16.413+0000] {ssh.py:524} INFO - 24/09/21 22:34:16 INFO DAGScheduler: Got job 1 (save at NativeMethodAccessorImpl.java:0) with 1 output partitions
[2024-09-21T22:34:16.413+0000] {ssh.py:524} INFO - 24/09/21 22:34:16 INFO DAGScheduler: Final stage: ResultStage 1 (save at NativeMethodAccessorImpl.java:0)
[2024-09-21T22:34:16.414+0000] {ssh.py:524} INFO - 24/09/21 22:34:16 INFO DAGScheduler: Parents of final stage: List()
[2024-09-21T22:34:16.414+0000] {ssh.py:524} INFO - 24/09/21 22:34:16 INFO DAGScheduler: Missing parents: List()
[2024-09-21T22:34:16.417+0000] {ssh.py:524} INFO - 24/09/21 22:34:16 INFO DAGScheduler: Submitting ResultStage 1 (MapPartitionsRDD[20] at save at NativeMethodAccessorImpl.java:0), which has no missing parents
[2024-09-21T22:34:16.497+0000] {ssh.py:524} INFO - 24/09/21 22:34:16 INFO MemoryStore: Block broadcast_4 stored as values in memory (estimated size 238.2 KiB, free 9.4 GiB)
[2024-09-21T22:34:16.505+0000] {ssh.py:524} INFO - 24/09/21 22:34:16 INFO MemoryStore: Block broadcast_4_piece0 stored as bytes in memory (estimated size 89.2 KiB, free 9.4 GiB)
[2024-09-21T22:34:16.506+0000] {ssh.py:524} INFO - 24/09/21 22:34:16 INFO BlockManagerInfo: Added broadcast_4_piece0 in memory on spark-master:35711 (size: 89.2 KiB, free: 9.4 GiB)
[2024-09-21T22:34:16.507+0000] {ssh.py:524} INFO - 24/09/21 22:34:16 INFO SparkContext: Created broadcast 4 from broadcast at DAGScheduler.scala:1513
[2024-09-21T22:34:16.510+0000] {ssh.py:524} INFO - 24/09/21 22:34:16 INFO DAGScheduler: Submitting 1 missing tasks from ResultStage 1 (MapPartitionsRDD[20] at save at NativeMethodAccessorImpl.java:0) (first 15 tasks are for partitions Vector(0))
[2024-09-21T22:34:16.511+0000] {ssh.py:524} INFO - 24/09/21 22:34:16 INFO TaskSchedulerImpl: Adding task set 1.0 with 1 tasks resource profile 0
[2024-09-21T22:34:16.513+0000] {ssh.py:524} INFO - 24/09/21 22:34:16 INFO TaskSetManager: Starting task 0.0 in stage 1.0 (TID 1) (spark-master, executor driver, partition 0, PROCESS_LOCAL, 4903 bytes) taskResourceAssignments Map()
[2024-09-21T22:34:16.514+0000] {ssh.py:524} INFO - 24/09/21 22:34:16 INFO Executor: Running task 0.0 in stage 1.0 (TID 1)
[2024-09-21T22:34:17.255+0000] {ssh.py:524} INFO - 24/09/21 22:34:17 INFO FileScanRDD: Reading File path: s3a://raw/GTFS/paradas/stops.txt, range: 0-2221690, partition values: [empty row]
[2024-09-21T22:34:17.257+0000] {ssh.py:524} INFO - 24/09/21 22:34:17 INFO FileOutputCommitter: File Output Committer Algorithm version is 1
[2024-09-21T22:34:17.257+0000] {ssh.py:524} INFO - 24/09/21 22:34:17 INFO FileOutputCommitter: FileOutputCommitter skip cleanup _temporary folders under output directory:false, ignore cleanup failures: false
[2024-09-21T22:34:17.259+0000] {ssh.py:524} INFO - 24/09/21 22:34:17 INFO SQLHadoopMapReduceCommitProtocol: Using user defined output committer class org.apache.parquet.hadoop.ParquetOutputCommitter
[2024-09-21T22:34:17.259+0000] {ssh.py:524} INFO - 24/09/21 22:34:17 INFO FileOutputCommitter: File Output Committer Algorithm version is 1
[2024-09-21T22:34:17.260+0000] {ssh.py:524} INFO - 24/09/21 22:34:17 INFO FileOutputCommitter: FileOutputCommitter skip cleanup _temporary folders under output directory:false, ignore cleanup failures: false
[2024-09-21T22:34:17.260+0000] {ssh.py:524} INFO - 24/09/21 22:34:17 INFO SQLHadoopMapReduceCommitProtocol: Using output committer class org.apache.parquet.hadoop.ParquetOutputCommitter
[2024-09-21T22:34:17.263+0000] {ssh.py:524} INFO - 24/09/21 22:34:17 INFO CodecConfig: Compression: SNAPPY
[2024-09-21T22:34:17.265+0000] {ssh.py:524} INFO - 24/09/21 22:34:17 INFO CodecConfig: Compression: SNAPPY
[2024-09-21T22:34:17.271+0000] {ssh.py:524} INFO - 24/09/21 22:34:17 INFO CodeGenerator: Code generated in 11.858312 ms
[2024-09-21T22:34:17.286+0000] {ssh.py:524} INFO - 24/09/21 22:34:17 INFO ParquetOutputFormat: Parquet block size to 134217728
[2024-09-21T22:34:17.287+0000] {ssh.py:524} INFO - 24/09/21 22:34:17 INFO ParquetOutputFormat: Validation is off
[2024-09-21T22:34:17.287+0000] {ssh.py:524} INFO - 24/09/21 22:34:17 INFO ParquetOutputFormat: Maximum row group padding size is 8388608 bytes
[2024-09-21T22:34:17.288+0000] {ssh.py:524} INFO - 24/09/21 22:34:17 INFO ParquetOutputFormat: Parquet properties are:
[2024-09-21T22:34:17.288+0000] {ssh.py:524} INFO - Parquet page size to 1048576
[2024-09-21T22:34:17.288+0000] {ssh.py:524} INFO - Parquet dictionary page size to 1048576
[2024-09-21T22:34:17.289+0000] {ssh.py:524} INFO - Dictionary is true
[2024-09-21T22:34:17.289+0000] {ssh.py:524} INFO - Writer version is: PARQUET_1_0
[2024-09-21T22:34:17.289+0000] {ssh.py:524} INFO - Page size checking is: estimated
[2024-09-21T22:34:17.290+0000] {ssh.py:524} INFO - Min row count for page size check is: 100
[2024-09-21T22:34:17.290+0000] {ssh.py:524} INFO - Max row count for page size check is: 10000
[2024-09-21T22:34:17.290+0000] {ssh.py:524} INFO - Truncate length for column indexes is: 64
[2024-09-21T22:34:17.291+0000] {ssh.py:524} INFO - Truncate length for statistics min/max  is: 2147483647
[2024-09-21T22:34:17.291+0000] {ssh.py:524} INFO - Bloom filter enabled: false
[2024-09-21T22:34:17.292+0000] {ssh.py:524} INFO - Max Bloom filter size for a column is 1048576
[2024-09-21T22:34:17.292+0000] {ssh.py:524} INFO - Bloom filter expected number of distinct values are: null
[2024-09-21T22:34:17.293+0000] {ssh.py:524} INFO - Page row count limit to 20000
[2024-09-21T22:34:17.293+0000] {ssh.py:524} INFO - Writing page checksums is: on
[2024-09-21T22:34:17.316+0000] {ssh.py:524} INFO - 24/09/21 22:34:17 INFO CodeGenerator: Code generated in 9.728246 ms
[2024-09-21T22:34:17.321+0000] {ssh.py:524} INFO - 24/09/21 22:34:17 INFO ParquetWriteSupport: Initialized Parquet WriteSupport with Catalyst schema:
[2024-09-21T22:34:17.322+0000] {ssh.py:524} INFO - {
[2024-09-21T22:34:17.323+0000] {ssh.py:524} INFO -   "type" : "struct",
[2024-09-21T22:34:17.326+0000] {ssh.py:524} INFO -   "fields" : [ {
[2024-09-21T22:34:17.326+0000] {ssh.py:524} INFO -     "name" : "data",
[2024-09-21T22:34:17.327+0000] {ssh.py:524} INFO -     "type" : "string",
[2024-09-21T22:34:17.328+0000] {ssh.py:524} INFO -     "nullable" : true,
[2024-09-21T22:34:17.328+0000] {ssh.py:524} INFO -     "metadata" : { }
[2024-09-21T22:34:17.329+0000] {ssh.py:524} INFO -   } ]
[2024-09-21T22:34:17.329+0000] {ssh.py:524} INFO - }
[2024-09-21T22:34:17.330+0000] {ssh.py:524} INFO - and corresponding Parquet message type:
[2024-09-21T22:34:17.330+0000] {ssh.py:524} INFO - message spark_schema {
[2024-09-21T22:34:17.330+0000] {ssh.py:524} INFO -   optional binary data (STRING);
[2024-09-21T22:34:17.331+0000] {ssh.py:524} INFO - }
[2024-09-21T22:34:17.332+0000] {ssh.py:524} INFO - 
[2024-09-21T22:34:17.332+0000] {ssh.py:524} INFO -        
[2024-09-21T22:34:17.397+0000] {ssh.py:524} INFO - 24/09/21 22:34:17 INFO CodecPool: Got brand-new compressor [.snappy]
[2024-09-21T22:34:17.575+0000] {ssh.py:524} INFO - 24/09/21 22:34:17 INFO BlockManagerInfo: Removed broadcast_1_piece0 on spark-master:35711 in memory (size: 5.9 KiB, free: 9.4 GiB)
[2024-09-21T22:34:17.603+0000] {ssh.py:524} INFO - 24/09/21 22:34:17 INFO BlockManagerInfo: Removed broadcast_0_piece0 on spark-master:35711 in memory (size: 35.9 KiB, free: 9.4 GiB)
[2024-09-21T22:34:17.611+0000] {ssh.py:524} INFO - 24/09/21 22:34:17 INFO BlockManagerInfo: Removed broadcast_2_piece0 on spark-master:35711 in memory (size: 35.9 KiB, free: 9.4 GiB)
[2024-09-21T22:58:19.257+0000] {ssh.py:524} INFO - 24/09/21 22:58:19 INFO PythonRunner: Times: total = 1442620, boot = 608, init = 422, finish = 1441590
[2024-09-21T22:58:19.524+0000] {ssh.py:524} INFO - 24/09/21 22:58:19 INFO FileOutputCommitter: Saved output of task 'attempt_202409212234161102271682559130382_0001_m_000000_1' to s3a://raw/olhovivo/paradas_unparsed/_temporary/0/task_202409212234161102271682559130382_0001_m_000000
[2024-09-21T22:58:19.525+0000] {ssh.py:524} INFO - 24/09/21 22:58:19 INFO SparkHadoopMapRedUtil: attempt_202409212234161102271682559130382_0001_m_000000_1: Committed. Elapsed time: 79 ms.
[2024-09-21T22:58:19.530+0000] {ssh.py:524} INFO - 24/09/21 22:58:19 INFO Executor: Finished task 0.0 in stage 1.0 (TID 1). 3211 bytes result sent to driver
[2024-09-21T22:58:19.532+0000] {ssh.py:524} INFO - 24/09/21 22:58:19 INFO TaskSetManager: Finished task 0.0 in stage 1.0 (TID 1) in 1443022 ms on spark-master (executor driver) (1/1)
[2024-09-21T22:58:19.533+0000] {ssh.py:524} INFO - 24/09/21 22:58:19 INFO TaskSchedulerImpl: Removed TaskSet 1.0, whose tasks have all completed, from pool 
[2024-09-21T22:58:19.533+0000] {ssh.py:524} INFO - 24/09/21 22:58:19 INFO PythonAccumulatorV2: Connected to AccumulatorServer at host: 127.0.0.1 port: 53523
[2024-09-21T22:58:19.534+0000] {ssh.py:524} INFO - 24/09/21 22:58:19 INFO DAGScheduler: ResultStage 1 (save at NativeMethodAccessorImpl.java:0) finished in 1443.117 s
[2024-09-21T22:58:19.535+0000] {ssh.py:524} INFO - 24/09/21 22:58:19 INFO DAGScheduler: Job 1 is finished. Cancelling potential speculative or zombie tasks for this job
[2024-09-21T22:58:19.535+0000] {ssh.py:524} INFO - 24/09/21 22:58:19 INFO TaskSchedulerImpl: Killing all running tasks in stage 1: Stage finished
[2024-09-21T22:58:19.536+0000] {ssh.py:524} INFO - 24/09/21 22:58:19 INFO DAGScheduler: Job 1 finished: save at NativeMethodAccessorImpl.java:0, took 1443.135964 s
[2024-09-21T22:58:19.537+0000] {ssh.py:524} INFO - 24/09/21 22:58:19 INFO FileFormatWriter: Start to commit write Job 9f147303-4d3f-4453-8bff-f89b76be7408.
[2024-09-21T22:58:19.643+0000] {ssh.py:524} INFO - 24/09/21 22:58:19 INFO FileFormatWriter: Write Job 9f147303-4d3f-4453-8bff-f89b76be7408 committed. Elapsed time: 104 ms.
[2024-09-21T22:58:19.645+0000] {ssh.py:524} INFO - 24/09/21 22:58:19 INFO FileFormatWriter: Finished processing stats for write job 9f147303-4d3f-4453-8bff-f89b76be7408.
[2024-09-21T22:58:19.747+0000] {ssh.py:524} INFO - 24/09/21 22:58:19 INFO CodeGenerator: Code generated in 8.314282 ms
[2024-09-21T22:58:19.761+0000] {ssh.py:524} INFO - 24/09/21 22:58:19 INFO DAGScheduler: Registering RDD 22 (count at NativeMethodAccessorImpl.java:0) as input to shuffle 0
[2024-09-21T22:58:19.763+0000] {ssh.py:524} INFO - 24/09/21 22:58:19 INFO DAGScheduler: Got map stage job 2 (count at NativeMethodAccessorImpl.java:0) with 1 output partitions
[2024-09-21T22:58:19.764+0000] {ssh.py:524} INFO - 24/09/21 22:58:19 INFO DAGScheduler: Final stage: ShuffleMapStage 2 (count at NativeMethodAccessorImpl.java:0)
[2024-09-21T22:58:19.765+0000] {ssh.py:524} INFO - 24/09/21 22:58:19 INFO DAGScheduler: Parents of final stage: List()
[2024-09-21T22:58:19.765+0000] {ssh.py:524} INFO - 24/09/21 22:58:19 INFO DAGScheduler: Missing parents: List()
[2024-09-21T22:58:19.766+0000] {ssh.py:524} INFO - 24/09/21 22:58:19 INFO DAGScheduler: Submitting ShuffleMapStage 2 (MapPartitionsRDD[22] at count at NativeMethodAccessorImpl.java:0), which has no missing parents
[2024-09-21T22:58:19.777+0000] {ssh.py:524} INFO - 24/09/21 22:58:19 INFO MemoryStore: Block broadcast_5 stored as values in memory (estimated size 34.4 KiB, free 9.4 GiB)
[2024-09-21T22:58:19.779+0000] {ssh.py:524} INFO - 24/09/21 22:58:19 INFO MemoryStore: Block broadcast_5_piece0 stored as bytes in memory (estimated size 17.6 KiB, free 9.4 GiB)
[2024-09-21T22:58:19.780+0000] {ssh.py:524} INFO - 24/09/21 22:58:19 INFO BlockManagerInfo: Added broadcast_5_piece0 in memory on spark-master:35711 (size: 17.6 KiB, free: 9.4 GiB)
[2024-09-21T22:58:19.781+0000] {ssh.py:524} INFO - 24/09/21 22:58:19 INFO SparkContext: Created broadcast 5 from broadcast at DAGScheduler.scala:1513
[2024-09-21T22:58:19.782+0000] {ssh.py:524} INFO - 24/09/21 22:58:19 INFO DAGScheduler: Submitting 1 missing tasks from ShuffleMapStage 2 (MapPartitionsRDD[22] at count at NativeMethodAccessorImpl.java:0) (first 15 tasks are for partitions Vector(0))
[2024-09-21T22:58:19.783+0000] {ssh.py:524} INFO - 24/09/21 22:58:19 INFO TaskSchedulerImpl: Adding task set 2.0 with 1 tasks resource profile 0
[2024-09-21T22:58:19.785+0000] {ssh.py:524} INFO - 24/09/21 22:58:19 INFO TaskSetManager: Starting task 0.0 in stage 2.0 (TID 2) (spark-master, executor driver, partition 0, PROCESS_LOCAL, 4892 bytes) taskResourceAssignments Map()
[2024-09-21T22:58:19.786+0000] {ssh.py:524} INFO - 24/09/21 22:58:19 INFO Executor: Running task 0.0 in stage 2.0 (TID 2)
[2024-09-21T22:58:19.798+0000] {ssh.py:524} INFO - 24/09/21 22:58:19 INFO FileScanRDD: Reading File path: s3a://raw/GTFS/paradas/stops.txt, range: 0-2221690, partition values: [empty row]
[2024-09-21T23:04:08.978+0000] {ssh.py:524} INFO - 24/09/21 23:04:08 INFO BlockManagerInfo: Removed broadcast_4_piece0 on spark-master:35711 in memory (size: 89.2 KiB, free: 9.4 GiB)
[2024-09-21T23:23:00.865+0000] {ssh.py:524} INFO - 24/09/21 23:23:00 INFO PythonRunner: Times: total = 1481067, boot = -537, init = 588, finish = 1481016
[2024-09-21T23:23:00.880+0000] {ssh.py:524} INFO - 24/09/21 23:23:00 INFO Executor: Finished task 0.0 in stage 2.0 (TID 2). 2569 bytes result sent to driver
[2024-09-21T23:23:00.882+0000] {ssh.py:524} INFO - 24/09/21 23:23:00 INFO TaskSetManager: Finished task 0.0 in stage 2.0 (TID 2) in 1481098 ms on spark-master (executor driver) (1/1)
[2024-09-21T23:23:00.883+0000] {ssh.py:524} INFO - 24/09/21 23:23:00 INFO TaskSchedulerImpl: Removed TaskSet 2.0, whose tasks have all completed, from pool 
[2024-09-21T23:23:00.883+0000] {ssh.py:524} INFO - 24/09/21 23:23:00 INFO DAGScheduler: ShuffleMapStage 2 (count at NativeMethodAccessorImpl.java:0) finished in 1481.115 s
[2024-09-21T23:23:00.884+0000] {ssh.py:524} INFO - 24/09/21 23:23:00 INFO DAGScheduler: looking for newly runnable stages
[2024-09-21T23:23:00.885+0000] {ssh.py:524} INFO - 24/09/21 23:23:00 INFO DAGScheduler: running: Set()
[2024-09-21T23:23:00.885+0000] {ssh.py:524} INFO - 24/09/21 23:23:00 INFO DAGScheduler: waiting: Set()
[2024-09-21T23:23:00.885+0000] {ssh.py:524} INFO - 24/09/21 23:23:00 INFO DAGScheduler: failed: Set()
[2024-09-21T23:23:00.910+0000] {ssh.py:524} INFO - 24/09/21 23:23:00 INFO CodeGenerator: Code generated in 7.828799 ms
[2024-09-21T23:23:00.924+0000] {ssh.py:524} INFO - 24/09/21 23:23:00 INFO SparkContext: Starting job: count at NativeMethodAccessorImpl.java:0
[2024-09-21T23:23:00.926+0000] {ssh.py:524} INFO - 24/09/21 23:23:00 INFO DAGScheduler: Got job 3 (count at NativeMethodAccessorImpl.java:0) with 1 output partitions
[2024-09-21T23:23:00.927+0000] {ssh.py:524} INFO - 24/09/21 23:23:00 INFO DAGScheduler: Final stage: ResultStage 4 (count at NativeMethodAccessorImpl.java:0)
[2024-09-21T23:23:00.928+0000] {ssh.py:524} INFO - 24/09/21 23:23:00 INFO DAGScheduler: Parents of final stage: List(ShuffleMapStage 3)
[2024-09-21T23:23:00.928+0000] {ssh.py:524} INFO - 24/09/21 23:23:00 INFO DAGScheduler: Missing parents: List()
[2024-09-21T23:23:00.928+0000] {ssh.py:524} INFO - 24/09/21 23:23:00 INFO DAGScheduler: Submitting ResultStage 4 (MapPartitionsRDD[25] at count at NativeMethodAccessorImpl.java:0), which has no missing parents
[2024-09-21T23:23:00.932+0000] {ssh.py:524} INFO - 24/09/21 23:23:00 INFO MemoryStore: Block broadcast_6 stored as values in memory (estimated size 11.1 KiB, free 9.4 GiB)
[2024-09-21T23:23:00.933+0000] {ssh.py:524} INFO - 24/09/21 23:23:00 INFO MemoryStore: Block broadcast_6_piece0 stored as bytes in memory (estimated size 5.5 KiB, free 9.4 GiB)
[2024-09-21T23:23:00.934+0000] {ssh.py:524} INFO - 24/09/21 23:23:00 INFO BlockManagerInfo: Added broadcast_6_piece0 in memory on spark-master:35711 (size: 5.5 KiB, free: 9.4 GiB)
[2024-09-21T23:23:00.935+0000] {ssh.py:524} INFO - 24/09/21 23:23:00 INFO SparkContext: Created broadcast 6 from broadcast at DAGScheduler.scala:1513
[2024-09-21T23:23:00.935+0000] {ssh.py:524} INFO - 24/09/21 23:23:00 INFO DAGScheduler: Submitting 1 missing tasks from ResultStage 4 (MapPartitionsRDD[25] at count at NativeMethodAccessorImpl.java:0) (first 15 tasks are for partitions Vector(0))
[2024-09-21T23:23:00.935+0000] {ssh.py:524} INFO - 24/09/21 23:23:00 INFO TaskSchedulerImpl: Adding task set 4.0 with 1 tasks resource profile 0
[2024-09-21T23:23:00.939+0000] {ssh.py:524} INFO - 24/09/21 23:23:00 INFO TaskSetManager: Starting task 0.0 in stage 4.0 (TID 3) (spark-master, executor driver, partition 0, NODE_LOCAL, 4453 bytes) taskResourceAssignments Map()
[2024-09-21T23:23:00.940+0000] {ssh.py:524} INFO - 24/09/21 23:23:00 INFO Executor: Running task 0.0 in stage 4.0 (TID 3)
[2024-09-21T23:23:00.959+0000] {ssh.py:524} INFO - 24/09/21 23:23:00 INFO ShuffleBlockFetcherIterator: Getting 1 (60.0 B) non-empty blocks including 1 (60.0 B) local and 0 (0.0 B) host-local and 0 (0.0 B) push-merged-local and 0 (0.0 B) remote blocks
[2024-09-21T23:23:00.960+0000] {ssh.py:524} INFO - 24/09/21 23:23:00 INFO ShuffleBlockFetcherIterator: Started 0 remote fetches in 6 ms
[2024-09-21T23:23:00.969+0000] {ssh.py:524} INFO - 24/09/21 23:23:00 INFO Executor: Finished task 0.0 in stage 4.0 (TID 3). 2656 bytes result sent to driver
[2024-09-21T23:23:00.970+0000] {ssh.py:524} INFO - 24/09/21 23:23:00 INFO TaskSetManager: Finished task 0.0 in stage 4.0 (TID 3) in 32 ms on spark-master (executor driver) (1/1)
[2024-09-21T23:23:00.971+0000] {ssh.py:524} INFO - 24/09/21 23:23:00 INFO TaskSchedulerImpl: Removed TaskSet 4.0, whose tasks have all completed, from pool 
[2024-09-21T23:23:00.971+0000] {ssh.py:524} INFO - 24/09/21 23:23:00 INFO DAGScheduler: ResultStage 4 (count at NativeMethodAccessorImpl.java:0) finished in 0.040 s
[2024-09-21T23:23:00.972+0000] {ssh.py:524} INFO - 24/09/21 23:23:00 INFO DAGScheduler: Job 3 is finished. Cancelling potential speculative or zombie tasks for this job
[2024-09-21T23:23:00.972+0000] {ssh.py:524} INFO - 24/09/21 23:23:00 INFO TaskSchedulerImpl: Killing all running tasks in stage 4: Stage finished
[2024-09-21T23:23:00.973+0000] {ssh.py:524} INFO - 24/09/21 23:23:00 INFO DAGScheduler: Job 3 finished: count at NativeMethodAccessorImpl.java:0, took 0.047322 s
[2024-09-21T23:23:00.974+0000] {ssh.py:524} INFO - [DEBUG] previsao_df count is 20352
[2024-09-21T23:23:00.999+0000] {ssh.py:524} INFO - 24/09/21 23:23:00 INFO InMemoryFileIndex: It took 4 ms to list leaf files for 1 paths.
[2024-09-21T23:23:01.030+0000] {ssh.py:524} INFO - 24/09/21 23:23:01 INFO SparkContext: Starting job: parquet at NativeMethodAccessorImpl.java:0
[2024-09-21T23:23:01.031+0000] {ssh.py:524} INFO - 24/09/21 23:23:01 INFO DAGScheduler: Got job 4 (parquet at NativeMethodAccessorImpl.java:0) with 1 output partitions
[2024-09-21T23:23:01.031+0000] {ssh.py:524} INFO - 24/09/21 23:23:01 INFO DAGScheduler: Final stage: ResultStage 5 (parquet at NativeMethodAccessorImpl.java:0)
[2024-09-21T23:23:01.031+0000] {ssh.py:524} INFO - 24/09/21 23:23:01 INFO DAGScheduler: Parents of final stage: List()
[2024-09-21T23:23:01.032+0000] {ssh.py:524} INFO - 24/09/21 23:23:01 INFO DAGScheduler: Missing parents: List()
[2024-09-21T23:23:01.032+0000] {ssh.py:524} INFO - 24/09/21 23:23:01 INFO DAGScheduler: Submitting ResultStage 5 (MapPartitionsRDD[27] at parquet at NativeMethodAccessorImpl.java:0), which has no missing parents
[2024-09-21T23:23:01.037+0000] {ssh.py:524} INFO - 24/09/21 23:23:01 INFO MemoryStore: Block broadcast_7 stored as values in memory (estimated size 106.5 KiB, free 9.4 GiB)
[2024-09-21T23:23:01.039+0000] {ssh.py:524} INFO - 24/09/21 23:23:01 INFO MemoryStore: Block broadcast_7_piece0 stored as bytes in memory (estimated size 38.6 KiB, free 9.4 GiB)
[2024-09-21T23:23:01.040+0000] {ssh.py:524} INFO - 24/09/21 23:23:01 INFO BlockManagerInfo: Added broadcast_7_piece0 in memory on spark-master:35711 (size: 38.6 KiB, free: 9.4 GiB)
[2024-09-21T23:23:01.040+0000] {ssh.py:524} INFO - 24/09/21 23:23:01 INFO SparkContext: Created broadcast 7 from broadcast at DAGScheduler.scala:1513
[2024-09-21T23:23:01.041+0000] {ssh.py:524} INFO - 24/09/21 23:23:01 INFO DAGScheduler: Submitting 1 missing tasks from ResultStage 5 (MapPartitionsRDD[27] at parquet at NativeMethodAccessorImpl.java:0) (first 15 tasks are for partitions Vector(0))
[2024-09-21T23:23:01.041+0000] {ssh.py:524} INFO - 24/09/21 23:23:01 INFO TaskSchedulerImpl: Adding task set 5.0 with 1 tasks resource profile 0
[2024-09-21T23:23:01.044+0000] {ssh.py:524} INFO - 24/09/21 23:23:01 INFO TaskSetManager: Starting task 0.0 in stage 5.0 (TID 4) (spark-master, executor driver, partition 0, PROCESS_LOCAL, 4445 bytes) taskResourceAssignments Map()
[2024-09-21T23:23:01.044+0000] {ssh.py:524} INFO - 24/09/21 23:23:01 INFO Executor: Running task 0.0 in stage 5.0 (TID 4)
[2024-09-21T23:23:01.056+0000] {ssh.py:524} INFO - 24/09/21 23:23:01 INFO Executor: Finished task 0.0 in stage 5.0 (TID 4). 866 bytes result sent to driver
[2024-09-21T23:23:01.056+0000] {ssh.py:524} INFO - 24/09/21 23:23:01 INFO TaskSetManager: Finished task 0.0 in stage 5.0 (TID 4) in 15 ms on spark-master (executor driver) (1/1)
[2024-09-21T23:23:01.057+0000] {ssh.py:524} INFO - 24/09/21 23:23:01 INFO TaskSchedulerImpl: Removed TaskSet 5.0, whose tasks have all completed, from pool 
[2024-09-21T23:23:01.057+0000] {ssh.py:524} INFO - 24/09/21 23:23:01 INFO DAGScheduler: ResultStage 5 (parquet at NativeMethodAccessorImpl.java:0) finished in 0.024 s
[2024-09-21T23:23:01.058+0000] {ssh.py:524} INFO - 24/09/21 23:23:01 INFO DAGScheduler: Job 4 is finished. Cancelling potential speculative or zombie tasks for this job
[2024-09-21T23:23:01.058+0000] {ssh.py:524} INFO - 24/09/21 23:23:01 INFO TaskSchedulerImpl: Killing all running tasks in stage 5: Stage finished
[2024-09-21T23:23:01.058+0000] {ssh.py:524} INFO - 24/09/21 23:23:01 INFO DAGScheduler: Job 4 finished: parquet at NativeMethodAccessorImpl.java:0, took 0.027638 s
[2024-09-21T23:23:01.072+0000] {ssh.py:524} INFO - Traceback (most recent call last):
[2024-09-21T23:23:01.072+0000] {ssh.py:524} INFO -   File "/opt/shared/scripts/raw_ingestion.py", line 168, in <module>
[2024-09-21T23:23:01.074+0000] {ssh.py:524} INFO -     previsao_df = spark.read.parquet("s3a://raw/olhovivo/paradas_unparsed/")
[2024-09-21T23:23:01.074+0000] {ssh.py:524} INFO -   File "/usr/local/spark/python/lib/pyspark.zip/pyspark/sql/readwriter.py", line 364, in parquet
[2024-09-21T23:23:01.075+0000] {ssh.py:524} INFO -   File "/usr/local/spark/python/lib/py4j-0.10.9.5-src.zip/py4j/java_gateway.py", line 1321, in __call__
[2024-09-21T23:23:01.075+0000] {ssh.py:524} INFO -   File "/usr/local/spark/python/lib/pyspark.zip/pyspark/sql/utils.py", line 196, in deco
[2024-09-21T23:23:01.075+0000] {ssh.py:524} INFO - pyspark.sql.utils.AnalysisException
[2024-09-21T23:23:01.079+0000] {ssh.py:524} INFO - : Unable to infer schema for Parquet. It must be specified manually.
[2024-09-21T23:23:01.112+0000] {ssh.py:524} INFO - 24/09/21 23:23:01 INFO SparkContext: Invoking stop() from shutdown hook
[2024-09-21T23:23:01.119+0000] {ssh.py:524} INFO - 24/09/21 23:23:01 INFO SparkUI: Stopped Spark web UI at http://spark-master:4044
[2024-09-21T23:23:01.125+0000] {ssh.py:524} INFO - 24/09/21 23:23:01 INFO MapOutputTrackerMasterEndpoint: MapOutputTrackerMasterEndpoint stopped!
[2024-09-21T23:23:01.136+0000] {ssh.py:524} INFO - 24/09/21 23:23:01 INFO MemoryStore: MemoryStore cleared
[2024-09-21T23:23:01.136+0000] {ssh.py:524} INFO - 24/09/21 23:23:01 INFO BlockManager: BlockManager stopped
[2024-09-21T23:23:01.138+0000] {ssh.py:524} INFO - 24/09/21 23:23:01 INFO BlockManagerMaster: BlockManagerMaster stopped
[2024-09-21T23:23:01.140+0000] {ssh.py:524} INFO - 24/09/21 23:23:01 INFO OutputCommitCoordinator$OutputCommitCoordinatorEndpoint: OutputCommitCoordinator stopped!
[2024-09-21T23:23:01.147+0000] {ssh.py:524} INFO - 24/09/21 23:23:01 INFO SparkContext: Successfully stopped SparkContext
[2024-09-21T23:23:01.148+0000] {ssh.py:524} INFO - 24/09/21 23:23:01 INFO ShutdownHookManager: Shutdown hook called
[2024-09-21T23:23:01.148+0000] {ssh.py:524} INFO - 24/09/21 23:23:01 INFO ShutdownHookManager: Deleting directory /tmp/spark-2bb9ce9c-fe13-4207-bbad-c970d2dcc8c1
[2024-09-21T23:23:01.150+0000] {ssh.py:524} INFO - 24/09/21 23:23:01 INFO ShutdownHookManager: Deleting directory /tmp/spark-366b93e6-f457-4d4a-b232-1cd863d1d9ef
[2024-09-21T23:23:01.153+0000] {ssh.py:524} INFO - 24/09/21 23:23:01 INFO ShutdownHookManager: Deleting directory /tmp/spark-366b93e6-f457-4d4a-b232-1cd863d1d9ef/pyspark-ddf111ee-49d6-4187-9045-3f9592e3f4de
[2024-09-21T23:23:01.157+0000] {ssh.py:524} INFO - 24/09/21 23:23:01 INFO MetricsSystemImpl: Stopping s3a-file-system metrics system...
[2024-09-21T23:23:01.158+0000] {ssh.py:524} INFO - 24/09/21 23:23:01 INFO MetricsSystemImpl: s3a-file-system metrics system stopped.
[2024-09-21T23:23:01.158+0000] {ssh.py:524} INFO - 24/09/21 23:23:01 INFO MetricsSystemImpl: s3a-file-system metrics system shutdown complete.
[2024-09-21T23:23:01.275+0000] {taskinstance.py:1937} ERROR - Task failed with exception
Traceback (most recent call last):
  File "/home/airflow/.local/lib/python3.8/site-packages/airflow/providers/ssh/operators/ssh.py", line 178, in execute
    result = self.run_ssh_client_command(ssh_client, self.command, context=context)
  File "/home/airflow/.local/lib/python3.8/site-packages/airflow/providers/ssh/operators/ssh.py", line 166, in run_ssh_client_command
    self.raise_for_status(exit_status, agg_stderr, context=context)
  File "/home/airflow/.local/lib/python3.8/site-packages/airflow/providers/ssh/operators/ssh.py", line 160, in raise_for_status
    raise AirflowException(f"SSH operator error: exit status = {exit_status}")
airflow.exceptions.AirflowException: SSH operator error: exit status = 1
[2024-09-21T23:23:01.277+0000] {taskinstance.py:1400} INFO - Marking task as FAILED. dag_id=raw_ingestion, task_id=spark_raw_ingestion_previsao, execution_date=20240921T223403, start_date=20240921T223404, end_date=20240921T232301
[2024-09-21T23:23:01.297+0000] {standard_task_runner.py:104} ERROR - Failed to execute job 426 for task spark_raw_ingestion_previsao (SSH operator error: exit status = 1; 2255)
[2024-09-21T23:23:01.307+0000] {local_task_job_runner.py:228} INFO - Task exited with return code 1
[2024-09-21T23:23:01.348+0000] {taskinstance.py:2778} INFO - 0 downstream tasks scheduled from follow-on schedule check
