[2024-09-20T12:49:28.168+0000] {taskinstance.py:1159} INFO - Dependencies all met for dep_context=non-requeueable deps ti=<TaskInstance: raw_ingestion.spark_stage_processing scheduled__2024-09-20T12:00:00+00:00 [queued]>
[2024-09-20T12:49:28.184+0000] {taskinstance.py:1159} INFO - Dependencies all met for dep_context=requeueable deps ti=<TaskInstance: raw_ingestion.spark_stage_processing scheduled__2024-09-20T12:00:00+00:00 [queued]>
[2024-09-20T12:49:28.185+0000] {taskinstance.py:1361} INFO - Starting attempt 1 of 0
[2024-09-20T12:49:28.207+0000] {taskinstance.py:1382} INFO - Executing <Task(SSHOperator): spark_stage_processing> on 2024-09-20 12:00:00+00:00
[2024-09-20T12:49:28.215+0000] {standard_task_runner.py:57} INFO - Started process 153 to run task
[2024-09-20T12:49:28.218+0000] {standard_task_runner.py:84} INFO - Running: ['airflow', 'tasks', 'run', 'raw_ingestion', 'spark_stage_processing', 'scheduled__2024-09-20T12:00:00+00:00', '--job-id', '252', '--raw', '--subdir', 'DAGS_FOLDER/raw_ingestion.py', '--cfg-path', '/tmp/tmp8dkj554h']
[2024-09-20T12:49:28.219+0000] {standard_task_runner.py:85} INFO - Job 252: Subtask spark_stage_processing
[2024-09-20T12:49:28.405+0000] {task_command.py:416} INFO - Running <TaskInstance: raw_ingestion.spark_stage_processing scheduled__2024-09-20T12:00:00+00:00 [running]> on host airflow-worker
[2024-09-20T12:49:28.666+0000] {taskinstance.py:1662} INFO - Exporting env vars: AIRFLOW_CTX_DAG_OWNER='***' AIRFLOW_CTX_DAG_ID='raw_ingestion' AIRFLOW_CTX_TASK_ID='spark_stage_processing' AIRFLOW_CTX_EXECUTION_DATE='2024-09-20T12:00:00+00:00' AIRFLOW_CTX_TRY_NUMBER='1' AIRFLOW_CTX_DAG_RUN_ID='scheduled__2024-09-20T12:00:00+00:00'
[2024-09-20T12:49:28.667+0000] {ssh.py:141} INFO - Creating ssh_client
[2024-09-20T12:49:28.668+0000] {ssh.py:114} INFO - ssh_hook is not provided or invalid. Trying ssh_conn_id to create SSHHook.
[2024-09-20T12:49:28.709+0000] {base.py:73} INFO - Using connection ID 'spark_ssh_default' for task execution.
[2024-09-20T12:49:28.710+0000] {ssh.py:300} WARNING - No Host Key Verification. This won't protect against Man-In-The-Middle attacks
[2024-09-20T12:49:28.721+0000] {transport.py:1893} INFO - Connected (version 2.0, client OpenSSH_8.9p1)
[2024-09-20T12:49:28.911+0000] {transport.py:1893} INFO - Authentication (password) successful!
[2024-09-20T12:49:28.912+0000] {ssh.py:478} INFO - Running command: export SPARK_HOME=/usr/local/spark; /opt/conda/bin/spark-submit --master local[*] --executor-memory 2g /opt/shared/scripts/raw_ingestion.py 2024-09-20
[2024-09-20T12:49:34.407+0000] {ssh.py:524} INFO - [DEBUG] dt_now: 2024-09-20
[2024-09-20T12:49:34.512+0000] {ssh.py:524} INFO - 24/09/20 12:49:34 INFO SparkContext: Running Spark version 3.3.1
[2024-09-20T12:49:34.552+0000] {ssh.py:524} INFO - 24/09/20 12:49:34 WARN NativeCodeLoader: Unable to load native-hadoop library for your platform... using builtin-java classes where applicable
[2024-09-20T12:49:34.700+0000] {ssh.py:524} INFO - 24/09/20 12:49:34 INFO ResourceUtils: ==============================================================
[2024-09-20T12:49:34.701+0000] {ssh.py:524} INFO - 24/09/20 12:49:34 INFO ResourceUtils: No custom resources configured for spark.driver.
[2024-09-20T12:49:34.702+0000] {ssh.py:524} INFO - 24/09/20 12:49:34 INFO ResourceUtils: ==============================================================
[2024-09-20T12:49:34.702+0000] {ssh.py:524} INFO - 24/09/20 12:49:34 INFO SparkContext: Submitted application: raw_ingestion
[2024-09-20T12:49:34.729+0000] {ssh.py:524} INFO - 24/09/20 12:49:34 INFO ResourceProfile: Default ResourceProfile created, executor resources: Map(cores -> name: cores, amount: 1, script: , vendor: , memory -> name: memory, amount: 1024, script: , vendor: , offHeap -> name: offHeap, amount: 0, script: , vendor: ), task resources: Map(cpus -> name: cpus, amount: 1.0)
[2024-09-20T12:49:34.742+0000] {ssh.py:524} INFO - 24/09/20 12:49:34 INFO ResourceProfile: Limiting resource is cpu
[2024-09-20T12:49:34.743+0000] {ssh.py:524} INFO - 24/09/20 12:49:34 INFO ResourceProfileManager: Added ResourceProfile id: 0
[2024-09-20T12:49:34.901+0000] {ssh.py:524} INFO - 24/09/20 12:49:34 INFO SecurityManager: Changing view acls to: root
[2024-09-20T12:49:34.902+0000] {ssh.py:524} INFO - 24/09/20 12:49:34 INFO SecurityManager: Changing modify acls to: root
[2024-09-20T12:49:34.902+0000] {ssh.py:524} INFO - 24/09/20 12:49:34 INFO SecurityManager: Changing view acls groups to: 
[2024-09-20T12:49:34.903+0000] {ssh.py:524} INFO - 24/09/20 12:49:34 INFO SecurityManager: Changing modify acls groups to: 
[2024-09-20T12:49:34.905+0000] {ssh.py:524} INFO - 24/09/20 12:49:34 INFO SecurityManager: SecurityManager: authentication disabled; ui acls disabled; users  with view permissions: Set(root); groups with view permissions: Set(); users  with modify permissions: Set(root); groups with modify permissions: Set()
[2024-09-20T12:49:35.422+0000] {ssh.py:524} INFO - 24/09/20 12:49:35 INFO Utils: Successfully started service 'sparkDriver' on port 42795.
[2024-09-20T12:49:35.625+0000] {ssh.py:524} INFO - 24/09/20 12:49:35 INFO SparkEnv: Registering MapOutputTracker
[2024-09-20T12:49:35.819+0000] {ssh.py:524} INFO - 24/09/20 12:49:35 INFO SparkEnv: Registering BlockManagerMaster
[2024-09-20T12:49:35.905+0000] {ssh.py:524} INFO - 24/09/20 12:49:35 INFO BlockManagerMasterEndpoint: Using org.apache.spark.storage.DefaultTopologyMapper for getting topology information
[2024-09-20T12:49:35.908+0000] {ssh.py:524} INFO - 24/09/20 12:49:35 INFO BlockManagerMasterEndpoint: BlockManagerMasterEndpoint up
[2024-09-20T12:49:35.920+0000] {ssh.py:524} INFO - 24/09/20 12:49:35 INFO SparkEnv: Registering BlockManagerMasterHeartbeat
[2024-09-20T12:49:36.010+0000] {ssh.py:524} INFO - 24/09/20 12:49:36 INFO DiskBlockManager: Created local directory at /tmp/blockmgr-f9dba04c-7700-4db9-af86-6a9210fac52e
[2024-09-20T12:49:36.040+0000] {ssh.py:524} INFO - 24/09/20 12:49:36 INFO MemoryStore: MemoryStore started with capacity 434.4 MiB
[2024-09-20T12:49:36.060+0000] {ssh.py:524} INFO - 24/09/20 12:49:36 INFO SparkEnv: Registering OutputCommitCoordinator
[2024-09-20T12:49:36.417+0000] {ssh.py:524} INFO - 24/09/20 12:49:36 WARN Utils: Service 'SparkUI' could not bind on port 4040. Attempting port 4041.
[2024-09-20T12:49:36.422+0000] {ssh.py:524} INFO - 24/09/20 12:49:36 WARN Utils: Service 'SparkUI' could not bind on port 4041. Attempting port 4042.
[2024-09-20T12:49:36.424+0000] {ssh.py:524} INFO - 24/09/20 12:49:36 WARN Utils: Service 'SparkUI' could not bind on port 4042. Attempting port 4043.
[2024-09-20T12:49:36.425+0000] {ssh.py:524} INFO - 24/09/20 12:49:36 WARN Utils: Service 'SparkUI' could not bind on port 4043. Attempting port 4044.
[2024-09-20T12:49:36.445+0000] {ssh.py:524} INFO - 24/09/20 12:49:36 INFO Utils: Successfully started service 'SparkUI' on port 4044.
[2024-09-20T12:49:36.655+0000] {ssh.py:524} INFO - 24/09/20 12:49:36 INFO Executor: Starting executor ID driver on host spark-master
[2024-09-20T12:49:36.718+0000] {ssh.py:524} INFO - 24/09/20 12:49:36 INFO Executor: Starting executor with user classpath (userClassPathFirst = false): ''
[2024-09-20T12:49:36.778+0000] {ssh.py:524} INFO - 24/09/20 12:49:36 INFO Utils: Successfully started service 'org.apache.spark.network.netty.NettyBlockTransferService' on port 36535.
[2024-09-20T12:49:36.781+0000] {ssh.py:524} INFO - 24/09/20 12:49:36 INFO NettyBlockTransferService: Server created on spark-master:36535
[2024-09-20T12:49:36.783+0000] {ssh.py:524} INFO - 24/09/20 12:49:36 INFO BlockManager: Using org.apache.spark.storage.RandomBlockReplicationPolicy for block replication policy
[2024-09-20T12:49:36.795+0000] {ssh.py:524} INFO - 24/09/20 12:49:36 INFO BlockManagerMaster: Registering BlockManager BlockManagerId(driver, spark-master, 36535, None)
[2024-09-20T12:49:36.810+0000] {ssh.py:524} INFO - 24/09/20 12:49:36 INFO BlockManagerMasterEndpoint: Registering block manager spark-master:36535 with 434.4 MiB RAM, BlockManagerId(driver, spark-master, 36535, None)
[2024-09-20T12:49:36.812+0000] {ssh.py:524} INFO - 24/09/20 12:49:36 INFO BlockManagerMaster: Registered BlockManager BlockManagerId(driver, spark-master, 36535, None)
[2024-09-20T12:49:36.837+0000] {ssh.py:524} INFO - 24/09/20 12:49:36 INFO BlockManager: Initialized BlockManager: BlockManagerId(driver, spark-master, 36535, None)
[2024-09-20T12:49:42.650+0000] {ssh.py:524} INFO - 24/09/20 12:49:42 INFO SharedState: Setting hive.metastore.warehouse.dir ('null') to the value of spark.sql.warehouse.dir.
[2024-09-20T12:49:42.691+0000] {ssh.py:524} INFO - 24/09/20 12:49:42 INFO SharedState: Warehouse path is 'file:/root/spark-warehouse'.
[2024-09-20T12:49:50.463+0000] {ssh.py:524} INFO - 24/09/20 12:49:50 WARN MetricsConfig: Cannot locate configuration: tried hadoop-metrics2-s3a-file-system.properties,hadoop-metrics2.properties
[2024-09-20T12:49:50.936+0000] {ssh.py:524} INFO - 24/09/20 12:49:50 INFO MetricsSystemImpl: Scheduled Metric snapshot period at 10 second(s).
[2024-09-20T12:49:50.936+0000] {ssh.py:524} INFO - 24/09/20 12:49:50 INFO MetricsSystemImpl: s3a-file-system metrics system started
[2024-09-20T12:49:55.006+0000] {ssh.py:524} INFO - 24/09/20 12:49:54 WARN AbstractS3ACommitterFactory: Using standard FileOutputCommitter to commit work. This is slow and potentially unsafe.
[2024-09-20T12:49:55.007+0000] {ssh.py:524} INFO - 24/09/20 12:49:54 INFO FileOutputCommitter: File Output Committer Algorithm version is 1
[2024-09-20T12:49:55.007+0000] {ssh.py:524} INFO - 24/09/20 12:49:54 INFO FileOutputCommitter: FileOutputCommitter skip cleanup _temporary folders under output directory:false, ignore cleanup failures: false
[2024-09-20T12:49:55.008+0000] {ssh.py:524} INFO - 24/09/20 12:49:55 INFO AbstractS3ACommitterFactory: Using Committer FileOutputCommitter{PathOutputCommitter{context=TaskAttemptContextImpl{JobContextImpl{jobId=job_202409201249543653579138167417435_0000}; taskId=attempt_202409201249543653579138167417435_0000_m_000000_0, status=''}; org.apache.hadoop.mapreduce.lib.output.FileOutputCommitter@9871f88}; outputPath=s3a://raw/olhovivo/corredor/dt=2024-09-20, workPath=s3a://raw/olhovivo/corredor/dt=2024-09-20/_temporary/0/_temporary/attempt_202409201249543653579138167417435_0000_m_000000_0, algorithmVersion=1, skipCleanup=false, ignoreCleanupFailures=false} for s3a://raw/olhovivo/corredor/dt=2024-09-20
[2024-09-20T12:49:55.009+0000] {ssh.py:524} INFO - 24/09/20 12:49:55 INFO SQLHadoopMapReduceCommitProtocol: Using output committer class org.apache.hadoop.mapreduce.lib.output.FileOutputCommitter
[2024-09-20T12:49:56.128+0000] {ssh.py:524} INFO - 24/09/20 12:49:56 INFO CodeGenerator: Code generated in 289.491091 ms
[2024-09-20T12:49:56.399+0000] {ssh.py:524} INFO - 24/09/20 12:49:56 INFO SparkContext: Starting job: save at NativeMethodAccessorImpl.java:0
[2024-09-20T12:49:56.457+0000] {ssh.py:524} INFO - 24/09/20 12:49:56 INFO DAGScheduler: Got job 0 (save at NativeMethodAccessorImpl.java:0) with 12 output partitions
[2024-09-20T12:49:56.458+0000] {ssh.py:524} INFO - 24/09/20 12:49:56 INFO DAGScheduler: Final stage: ResultStage 0 (save at NativeMethodAccessorImpl.java:0)
[2024-09-20T12:49:56.459+0000] {ssh.py:524} INFO - 24/09/20 12:49:56 INFO DAGScheduler: Parents of final stage: List()
[2024-09-20T12:49:56.462+0000] {ssh.py:524} INFO - 24/09/20 12:49:56 INFO DAGScheduler: Missing parents: List()
[2024-09-20T12:49:56.469+0000] {ssh.py:524} INFO - 24/09/20 12:49:56 INFO DAGScheduler: Submitting ResultStage 0 (MapPartitionsRDD[5] at save at NativeMethodAccessorImpl.java:0), which has no missing parents
[2024-09-20T12:49:56.765+0000] {ssh.py:524} INFO - 24/09/20 12:49:56 INFO MemoryStore: Block broadcast_0 stored as values in memory (estimated size 219.7 KiB, free 434.2 MiB)
[2024-09-20T12:49:56.828+0000] {ssh.py:524} INFO - 24/09/20 12:49:56 INFO MemoryStore: Block broadcast_0_piece0 stored as bytes in memory (estimated size 80.4 KiB, free 434.1 MiB)
[2024-09-20T12:49:56.867+0000] {ssh.py:524} INFO - 24/09/20 12:49:56 INFO BlockManagerInfo: Added broadcast_0_piece0 in memory on spark-master:36535 (size: 80.4 KiB, free: 434.3 MiB)
[2024-09-20T12:49:56.883+0000] {ssh.py:524} INFO - 24/09/20 12:49:56 INFO SparkContext: Created broadcast 0 from broadcast at DAGScheduler.scala:1513
[2024-09-20T12:49:56.897+0000] {ssh.py:524} INFO - 24/09/20 12:49:56 INFO DAGScheduler: Submitting 12 missing tasks from ResultStage 0 (MapPartitionsRDD[5] at save at NativeMethodAccessorImpl.java:0) (first 15 tasks are for partitions Vector(0, 1, 2, 3, 4, 5, 6, 7, 8, 9, 10, 11))
[2024-09-20T12:49:56.904+0000] {ssh.py:524} INFO - 24/09/20 12:49:56 INFO TaskSchedulerImpl: Adding task set 0.0 with 12 tasks resource profile 0
[2024-09-20T12:49:57.003+0000] {ssh.py:524} INFO - 24/09/20 12:49:57 INFO TaskSetManager: Starting task 0.0 in stage 0.0 (TID 0) (spark-master, executor driver, partition 0, PROCESS_LOCAL, 4433 bytes) taskResourceAssignments Map()
[2024-09-20T12:49:57.009+0000] {ssh.py:524} INFO - 24/09/20 12:49:57 INFO TaskSetManager: Starting task 1.0 in stage 0.0 (TID 1) (spark-master, executor driver, partition 1, PROCESS_LOCAL, 4476 bytes) taskResourceAssignments Map()
[2024-09-20T12:49:57.011+0000] {ssh.py:524} INFO - 24/09/20 12:49:57 INFO TaskSetManager: Starting task 2.0 in stage 0.0 (TID 2) (spark-master, executor driver, partition 2, PROCESS_LOCAL, 4433 bytes) taskResourceAssignments Map()
[2024-09-20T12:49:57.013+0000] {ssh.py:524} INFO - 24/09/20 12:49:57 INFO TaskSetManager: Starting task 3.0 in stage 0.0 (TID 3) (spark-master, executor driver, partition 3, PROCESS_LOCAL, 4484 bytes) taskResourceAssignments Map()
[2024-09-20T12:49:57.015+0000] {ssh.py:524} INFO - 24/09/20 12:49:57 INFO TaskSetManager: Starting task 4.0 in stage 0.0 (TID 4) (spark-master, executor driver, partition 4, PROCESS_LOCAL, 4433 bytes) taskResourceAssignments Map()
[2024-09-20T12:49:57.017+0000] {ssh.py:524} INFO - 24/09/20 12:49:57 INFO TaskSetManager: Starting task 5.0 in stage 0.0 (TID 5) (spark-master, executor driver, partition 5, PROCESS_LOCAL, 4480 bytes) taskResourceAssignments Map()
[2024-09-20T12:49:57.018+0000] {ssh.py:524} INFO - 24/09/20 12:49:57 INFO TaskSetManager: Starting task 6.0 in stage 0.0 (TID 6) (spark-master, executor driver, partition 6, PROCESS_LOCAL, 4476 bytes) taskResourceAssignments Map()
[2024-09-20T12:49:57.020+0000] {ssh.py:524} INFO - 24/09/20 12:49:57 INFO TaskSetManager: Starting task 7.0 in stage 0.0 (TID 7) (spark-master, executor driver, partition 7, PROCESS_LOCAL, 4433 bytes) taskResourceAssignments Map()
[2024-09-20T12:49:57.021+0000] {ssh.py:524} INFO - 24/09/20 12:49:57 INFO TaskSetManager: Starting task 8.0 in stage 0.0 (TID 8) (spark-master, executor driver, partition 8, PROCESS_LOCAL, 4473 bytes) taskResourceAssignments Map()
[2024-09-20T12:49:57.022+0000] {ssh.py:524} INFO - 24/09/20 12:49:57 INFO TaskSetManager: Starting task 9.0 in stage 0.0 (TID 9) (spark-master, executor driver, partition 9, PROCESS_LOCAL, 4433 bytes) taskResourceAssignments Map()
[2024-09-20T12:49:57.023+0000] {ssh.py:524} INFO - 24/09/20 12:49:57 INFO TaskSetManager: Starting task 10.0 in stage 0.0 (TID 10) (spark-master, executor driver, partition 10, PROCESS_LOCAL, 4476 bytes) taskResourceAssignments Map()
[2024-09-20T12:49:57.023+0000] {ssh.py:524} INFO - 24/09/20 12:49:57 INFO TaskSetManager: Starting task 11.0 in stage 0.0 (TID 11) (spark-master, executor driver, partition 11, PROCESS_LOCAL, 4479 bytes) taskResourceAssignments Map()
[2024-09-20T12:49:57.088+0000] {ssh.py:524} INFO - 24/09/20 12:49:57 INFO Executor: Running task 9.0 in stage 0.0 (TID 9)
[2024-09-20T12:49:57.089+0000] {ssh.py:524} INFO - 24/09/20 12:49:57 INFO Executor: Running task 4.0 in stage 0.0 (TID 4)
[2024-09-20T12:49:57.090+0000] {ssh.py:524} INFO - 24/09/20 12:49:57 INFO Executor: Running task 6.0 in stage 0.0 (TID 6)
[2024-09-20T12:49:57.090+0000] {ssh.py:524} INFO - 24/09/20 12:49:57 INFO Executor: Running task 2.0 in stage 0.0 (TID 2)
[2024-09-20T12:49:57.091+0000] {ssh.py:524} INFO - 24/09/20 12:49:57 INFO Executor: Running task 8.0 in stage 0.0 (TID 8)
[2024-09-20T12:49:57.091+0000] {ssh.py:524} INFO - 24/09/20 12:49:57 INFO Executor: Running task 5.0 in stage 0.0 (TID 5)
[2024-09-20T12:49:57.092+0000] {ssh.py:524} INFO - 24/09/20 12:49:57 INFO Executor: Running task 3.0 in stage 0.0 (TID 3)
[2024-09-20T12:49:57.092+0000] {ssh.py:524} INFO - 24/09/20 12:49:57 INFO Executor: Running task 7.0 in stage 0.0 (TID 7)
[2024-09-20T12:49:57.093+0000] {ssh.py:524} INFO - 24/09/20 12:49:57 INFO Executor: Running task 1.0 in stage 0.0 (TID 1)
[2024-09-20T12:49:57.093+0000] {ssh.py:524} INFO - 24/09/20 12:49:57 INFO Executor: Running task 0.0 in stage 0.0 (TID 0)
[2024-09-20T12:49:57.094+0000] {ssh.py:524} INFO - 24/09/20 12:49:57 INFO Executor: Running task 11.0 in stage 0.0 (TID 11)
[2024-09-20T12:49:57.094+0000] {ssh.py:524} INFO - 24/09/20 12:49:57 INFO Executor: Running task 10.0 in stage 0.0 (TID 10)
[2024-09-20T12:49:59.541+0000] {ssh.py:524} INFO - 24/09/20 12:49:59 WARN AbstractS3ACommitterFactory: Using standard FileOutputCommitter to commit work. This is slow and potentially unsafe.
[2024-09-20T12:49:59.542+0000] {ssh.py:524} INFO - 24/09/20 12:49:59 INFO FileOutputCommitter: File Output Committer Algorithm version is 1
[2024-09-20T12:49:59.542+0000] {ssh.py:524} INFO - 24/09/20 12:49:59 INFO FileOutputCommitter: FileOutputCommitter skip cleanup _temporary folders under output directory:false, ignore cleanup failures: false
[2024-09-20T12:49:59.544+0000] {ssh.py:524} INFO - 24/09/20 12:49:59 WARN AbstractS3ACommitterFactory: Using standard FileOutputCommitter to commit work. This is slow and potentially unsafe.
[2024-09-20T12:49:59.544+0000] {ssh.py:524} INFO - 24/09/20 12:49:59 INFO FileOutputCommitter: File Output Committer Algorithm version is 1
[2024-09-20T12:49:59.544+0000] {ssh.py:524} INFO - 24/09/20 12:49:59 WARN AbstractS3ACommitterFactory: Using standard FileOutputCommitter to commit work. This is slow and potentially unsafe.
[2024-09-20T12:49:59.545+0000] {ssh.py:524} INFO - 24/09/20 12:49:59 INFO FileOutputCommitter: FileOutputCommitter skip cleanup _temporary folders under output directory:false, ignore cleanup failures: false
[2024-09-20T12:49:59.546+0000] {ssh.py:524} INFO - 24/09/20 12:49:59 WARN AbstractS3ACommitterFactory: Using standard FileOutputCommitter to commit work. This is slow and potentially unsafe.
[2024-09-20T12:49:59.546+0000] {ssh.py:524} INFO - 24/09/20 12:49:59 INFO FileOutputCommitter: File Output Committer Algorithm version is 1
[2024-09-20T12:49:59.547+0000] {ssh.py:524} INFO - 24/09/20 12:49:59 WARN AbstractS3ACommitterFactory: Using standard FileOutputCommitter to commit work. This is slow and potentially unsafe.
[2024-09-20T12:49:59.547+0000] {ssh.py:524} INFO - 24/09/20 12:49:59 WARN AbstractS3ACommitterFactory: Using standard FileOutputCommitter to commit work. This is slow and potentially unsafe.
[2024-09-20T12:49:59.547+0000] {ssh.py:524} INFO - 24/09/20 12:49:59 INFO FileOutputCommitter: File Output Committer Algorithm version is 1
[2024-09-20T12:49:59.548+0000] {ssh.py:524} INFO - 24/09/20 12:49:59 WARN AbstractS3ACommitterFactory: Using standard FileOutputCommitter to commit work. This is slow and potentially unsafe.
[2024-09-20T12:49:59.548+0000] {ssh.py:524} INFO - 24/09/20 12:49:59 INFO FileOutputCommitter: File Output Committer Algorithm version is 1
[2024-09-20T12:49:59.549+0000] {ssh.py:524} INFO - 24/09/20 12:49:59 INFO FileOutputCommitter: FileOutputCommitter skip cleanup _temporary folders under output directory:false, ignore cleanup failures: false
[2024-09-20T12:49:59.550+0000] {ssh.py:524} INFO - 24/09/20 12:49:59 INFO FileOutputCommitter: FileOutputCommitter skip cleanup _temporary folders under output directory:false, ignore cleanup failures: false
[2024-09-20T12:49:59.554+0000] {ssh.py:524} INFO - 24/09/20 12:49:59 INFO FileOutputCommitter: File Output Committer Algorithm version is 1
[2024-09-20T12:49:59.555+0000] {ssh.py:524} INFO - 24/09/20 12:49:59 INFO FileOutputCommitter: File Output Committer Algorithm version is 1
[2024-09-20T12:49:59.556+0000] {ssh.py:524} INFO - 24/09/20 12:49:59 INFO FileOutputCommitter: FileOutputCommitter skip cleanup _temporary folders under output directory:false, ignore cleanup failures: false
[2024-09-20T12:49:59.556+0000] {ssh.py:524} INFO - 24/09/20 12:49:59 INFO AbstractS3ACommitterFactory: Using Committer FileOutputCommitter{PathOutputCommitter{context=TaskAttemptContextImpl{JobContextImpl{jobId=job_202409201249562361856588940549846_0000}; taskId=attempt_202409201249562361856588940549846_0000_m_000006_6, status=''}; org.apache.hadoop.mapreduce.lib.output.FileOutputCommitter@615b3ce4}; outputPath=s3a://raw/olhovivo/corredor/dt=2024-09-20, workPath=s3a://raw/olhovivo/corredor/dt=2024-09-20/_temporary/0/_temporary/attempt_202409201249562361856588940549846_0000_m_000006_6, algorithmVersion=1, skipCleanup=false, ignoreCleanupFailures=false} for s3a://raw/olhovivo/corredor/dt=2024-09-20
[2024-09-20T12:49:59.557+0000] {ssh.py:524} INFO - 24/09/20 12:49:59 INFO AbstractS3ACommitterFactory: Using Committer FileOutputCommitter{PathOutputCommitter{context=TaskAttemptContextImpl{JobContextImpl{jobId=job_202409201249564234240130648972987_0000}; taskId=attempt_202409201249564234240130648972987_0000_m_000008_8, status=''}; org.apache.hadoop.mapreduce.lib.output.FileOutputCommitter@ff61274}; outputPath=s3a://raw/olhovivo/corredor/dt=2024-09-20, workPath=s3a://raw/olhovivo/corredor/dt=2024-09-20/_temporary/0/_temporary/attempt_202409201249564234240130648972987_0000_m_000008_8, algorithmVersion=1, skipCleanup=false, ignoreCleanupFailures=false} for s3a://raw/olhovivo/corredor/dt=2024-09-20
[2024-09-20T12:49:59.557+0000] {ssh.py:524} INFO - 24/09/20 12:49:59 INFO SQLHadoopMapReduceCommitProtocol: Using output committer class org.apache.hadoop.mapreduce.lib.output.FileOutputCommitter
[2024-09-20T12:49:59.558+0000] {ssh.py:524} INFO - 24/09/20 12:49:59 INFO SQLHadoopMapReduceCommitProtocol: Using output committer class org.apache.hadoop.mapreduce.lib.output.FileOutputCommitter
[2024-09-20T12:49:59.558+0000] {ssh.py:524} INFO - 24/09/20 12:49:59 INFO AbstractS3ACommitterFactory: Using Committer FileOutputCommitter{PathOutputCommitter{context=TaskAttemptContextImpl{JobContextImpl{jobId=job_202409201249564215776683144831224_0000}; taskId=attempt_202409201249564215776683144831224_0000_m_000011_11, status=''}; org.apache.hadoop.mapreduce.lib.output.FileOutputCommitter@336a7ee3}; outputPath=s3a://raw/olhovivo/corredor/dt=2024-09-20, workPath=s3a://raw/olhovivo/corredor/dt=2024-09-20/_temporary/0/_temporary/attempt_202409201249564215776683144831224_0000_m_000011_11, algorithmVersion=1, skipCleanup=false, ignoreCleanupFailures=false} for s3a://raw/olhovivo/corredor/dt=2024-09-20
[2024-09-20T12:49:59.559+0000] {ssh.py:524} INFO - 24/09/20 12:49:59 INFO SQLHadoopMapReduceCommitProtocol: Using output committer class org.apache.hadoop.mapreduce.lib.output.FileOutputCommitter
[2024-09-20T12:49:59.560+0000] {ssh.py:524} INFO - 24/09/20 12:49:59 INFO FileOutputCommitter: FileOutputCommitter skip cleanup _temporary folders under output directory:false, ignore cleanup failures: false
[2024-09-20T12:49:59.560+0000] {ssh.py:524} INFO - 24/09/20 12:49:59 INFO FileOutputCommitter: FileOutputCommitter skip cleanup _temporary folders under output directory:false, ignore cleanup failures: false
[2024-09-20T12:49:59.561+0000] {ssh.py:524} INFO - 24/09/20 12:49:59 INFO AbstractS3ACommitterFactory: Using Committer FileOutputCommitter{PathOutputCommitter{context=TaskAttemptContextImpl{JobContextImpl{jobId=job_202409201249563930068542288525685_0000}; taskId=attempt_202409201249563930068542288525685_0000_m_000002_2, status=''}; org.apache.hadoop.mapreduce.lib.output.FileOutputCommitter@12db2eec}; outputPath=s3a://raw/olhovivo/corredor/dt=2024-09-20, workPath=s3a://raw/olhovivo/corredor/dt=2024-09-20/_temporary/0/_temporary/attempt_202409201249563930068542288525685_0000_m_000002_2, algorithmVersion=1, skipCleanup=false, ignoreCleanupFailures=false} for s3a://raw/olhovivo/corredor/dt=2024-09-20
[2024-09-20T12:49:59.561+0000] {ssh.py:524} INFO - 24/09/20 12:49:59 INFO SQLHadoopMapReduceCommitProtocol: Using output committer class org.apache.hadoop.mapreduce.lib.output.FileOutputCommitter
[2024-09-20T12:49:59.564+0000] {ssh.py:524} INFO - 24/09/20 12:49:59 INFO AbstractS3ACommitterFactory: Using Committer FileOutputCommitter{PathOutputCommitter{context=TaskAttemptContextImpl{JobContextImpl{jobId=job_202409201249567447316334202142440_0000}; taskId=attempt_202409201249567447316334202142440_0000_m_000004_4, status=''}; org.apache.hadoop.mapreduce.lib.output.FileOutputCommitter@22651fb0}; outputPath=s3a://raw/olhovivo/corredor/dt=2024-09-20, workPath=s3a://raw/olhovivo/corredor/dt=2024-09-20/_temporary/0/_temporary/attempt_202409201249567447316334202142440_0000_m_000004_4, algorithmVersion=1, skipCleanup=false, ignoreCleanupFailures=false} for s3a://raw/olhovivo/corredor/dt=2024-09-20
[2024-09-20T12:49:59.565+0000] {ssh.py:524} INFO - 24/09/20 12:49:59 INFO SQLHadoopMapReduceCommitProtocol: Using output committer class org.apache.hadoop.mapreduce.lib.output.FileOutputCommitter
[2024-09-20T12:49:59.567+0000] {ssh.py:524} INFO - 24/09/20 12:49:59 INFO AbstractS3ACommitterFactory: Using Committer FileOutputCommitter{PathOutputCommitter{context=TaskAttemptContextImpl{JobContextImpl{jobId=job_20240920124956691224811748771874_0000}; taskId=attempt_20240920124956691224811748771874_0000_m_000005_5, status=''}; org.apache.hadoop.mapreduce.lib.output.FileOutputCommitter@69321a28}; outputPath=s3a://raw/olhovivo/corredor/dt=2024-09-20, workPath=s3a://raw/olhovivo/corredor/dt=2024-09-20/_temporary/0/_temporary/attempt_20240920124956691224811748771874_0000_m_000005_5, algorithmVersion=1, skipCleanup=false, ignoreCleanupFailures=false} for s3a://raw/olhovivo/corredor/dt=2024-09-20
[2024-09-20T12:49:59.567+0000] {ssh.py:524} INFO - 24/09/20 12:49:59 INFO SQLHadoopMapReduceCommitProtocol: Using output committer class org.apache.hadoop.mapreduce.lib.output.FileOutputCommitter
[2024-09-20T12:49:59.569+0000] {ssh.py:524} INFO - 24/09/20 12:49:59 INFO AbstractS3ACommitterFactory: Using Committer FileOutputCommitter{PathOutputCommitter{context=TaskAttemptContextImpl{JobContextImpl{jobId=job_202409201249564408779149972544428_0000}; taskId=attempt_202409201249564408779149972544428_0000_m_000007_7, status=''}; org.apache.hadoop.mapreduce.lib.output.FileOutputCommitter@19c761a6}; outputPath=s3a://raw/olhovivo/corredor/dt=2024-09-20, workPath=s3a://raw/olhovivo/corredor/dt=2024-09-20/_temporary/0/_temporary/attempt_202409201249564408779149972544428_0000_m_000007_7, algorithmVersion=1, skipCleanup=false, ignoreCleanupFailures=false} for s3a://raw/olhovivo/corredor/dt=2024-09-20
[2024-09-20T12:49:59.570+0000] {ssh.py:524} INFO - 24/09/20 12:49:59 INFO SQLHadoopMapReduceCommitProtocol: Using output committer class org.apache.hadoop.mapreduce.lib.output.FileOutputCommitter
[2024-09-20T12:49:59.574+0000] {ssh.py:524} INFO - 24/09/20 12:49:59 INFO PythonRunner: Times: total = 916, boot = 802, init = 114, finish = 0
[2024-09-20T12:49:59.575+0000] {ssh.py:524} INFO - 24/09/20 12:49:59 INFO PythonRunner: Times: total = 924, boot = 795, init = 129, finish = 0
[2024-09-20T12:49:59.590+0000] {ssh.py:524} INFO - 24/09/20 12:49:59 WARN AbstractS3ACommitterFactory: Using standard FileOutputCommitter to commit work. This is slow and potentially unsafe.
[2024-09-20T12:49:59.591+0000] {ssh.py:524} INFO - 24/09/20 12:49:59 INFO FileOutputCommitter: File Output Committer Algorithm version is 1
[2024-09-20T12:49:59.591+0000] {ssh.py:524} INFO - 24/09/20 12:49:59 INFO FileOutputCommitter: FileOutputCommitter skip cleanup _temporary folders under output directory:false, ignore cleanup failures: false
[2024-09-20T12:49:59.593+0000] {ssh.py:524} INFO - 24/09/20 12:49:59 INFO AbstractS3ACommitterFactory: Using Committer FileOutputCommitter{PathOutputCommitter{context=TaskAttemptContextImpl{JobContextImpl{jobId=job_202409201249561147355216582595442_0000}; taskId=attempt_202409201249561147355216582595442_0000_m_000003_3, status=''}; org.apache.hadoop.mapreduce.lib.output.FileOutputCommitter@46abf54d}; outputPath=s3a://raw/olhovivo/corredor/dt=2024-09-20, workPath=s3a://raw/olhovivo/corredor/dt=2024-09-20/_temporary/0/_temporary/attempt_202409201249561147355216582595442_0000_m_000003_3, algorithmVersion=1, skipCleanup=false, ignoreCleanupFailures=false} for s3a://raw/olhovivo/corredor/dt=2024-09-20
[2024-09-20T12:49:59.594+0000] {ssh.py:524} INFO - 24/09/20 12:49:59 INFO SQLHadoopMapReduceCommitProtocol: Using output committer class org.apache.hadoop.mapreduce.lib.output.FileOutputCommitter
[2024-09-20T12:49:59.691+0000] {ssh.py:524} INFO - 24/09/20 12:49:59 WARN AbstractS3ACommitterFactory: Using standard FileOutputCommitter to commit work. This is slow and potentially unsafe.
[2024-09-20T12:49:59.692+0000] {ssh.py:524} INFO - 24/09/20 12:49:59 INFO FileOutputCommitter: File Output Committer Algorithm version is 1
[2024-09-20T12:49:59.692+0000] {ssh.py:524} INFO - 24/09/20 12:49:59 INFO FileOutputCommitter: FileOutputCommitter skip cleanup _temporary folders under output directory:false, ignore cleanup failures: false
[2024-09-20T12:49:59.693+0000] {ssh.py:524} INFO - 24/09/20 12:49:59 INFO AbstractS3ACommitterFactory: Using Committer FileOutputCommitter{PathOutputCommitter{context=TaskAttemptContextImpl{JobContextImpl{jobId=job_202409201249566085655418723638128_0000}; taskId=attempt_202409201249566085655418723638128_0000_m_000001_1, status=''}; org.apache.hadoop.mapreduce.lib.output.FileOutputCommitter@4e93adbd}; outputPath=s3a://raw/olhovivo/corredor/dt=2024-09-20, workPath=s3a://raw/olhovivo/corredor/dt=2024-09-20/_temporary/0/_temporary/attempt_202409201249566085655418723638128_0000_m_000001_1, algorithmVersion=1, skipCleanup=false, ignoreCleanupFailures=false} for s3a://raw/olhovivo/corredor/dt=2024-09-20
[2024-09-20T12:49:59.693+0000] {ssh.py:524} INFO - 24/09/20 12:49:59 WARN AbstractS3ACommitterFactory: Using standard FileOutputCommitter to commit work. This is slow and potentially unsafe.
[2024-09-20T12:49:59.693+0000] {ssh.py:524} INFO - 24/09/20 12:49:59 INFO SQLHadoopMapReduceCommitProtocol: Using output committer class org.apache.hadoop.mapreduce.lib.output.FileOutputCommitter
[2024-09-20T12:49:59.714+0000] {ssh.py:524} INFO - 24/09/20 12:49:59 INFO PythonRunner: Times: total = 1057, boot = 814, init = 241, finish = 2
[2024-09-20T12:49:59.715+0000] {ssh.py:524} INFO - 24/09/20 12:49:59 INFO FileOutputCommitter: File Output Committer Algorithm version is 1
[2024-09-20T12:49:59.715+0000] {ssh.py:524} INFO - 24/09/20 12:49:59 INFO FileOutputCommitter: FileOutputCommitter skip cleanup _temporary folders under output directory:false, ignore cleanup failures: false
[2024-09-20T12:49:59.724+0000] {ssh.py:524} INFO - 24/09/20 12:49:59 WARN AbstractS3ACommitterFactory: Using standard FileOutputCommitter to commit work. This is slow and potentially unsafe.
[2024-09-20T12:49:59.725+0000] {ssh.py:524} INFO - 24/09/20 12:49:59 INFO FileOutputCommitter: File Output Committer Algorithm version is 1
[2024-09-20T12:49:59.726+0000] {ssh.py:524} INFO - 24/09/20 12:49:59 INFO FileOutputCommitter: FileOutputCommitter skip cleanup _temporary folders under output directory:false, ignore cleanup failures: false
[2024-09-20T12:49:59.726+0000] {ssh.py:524} INFO - 24/09/20 12:49:59 WARN AbstractS3ACommitterFactory: Using standard FileOutputCommitter to commit work. This is slow and potentially unsafe.
[2024-09-20T12:49:59.726+0000] {ssh.py:524} INFO - 24/09/20 12:49:59 INFO AbstractS3ACommitterFactory: Using Committer FileOutputCommitter{PathOutputCommitter{context=TaskAttemptContextImpl{JobContextImpl{jobId=job_202409201249563584254958088036665_0000}; taskId=attempt_202409201249563584254958088036665_0000_m_000000_0, status=''}; org.apache.hadoop.mapreduce.lib.output.FileOutputCommitter@64db649}; outputPath=s3a://raw/olhovivo/corredor/dt=2024-09-20, workPath=s3a://raw/olhovivo/corredor/dt=2024-09-20/_temporary/0/_temporary/attempt_202409201249563584254958088036665_0000_m_000000_0, algorithmVersion=1, skipCleanup=false, ignoreCleanupFailures=false} for s3a://raw/olhovivo/corredor/dt=2024-09-20
[2024-09-20T12:49:59.727+0000] {ssh.py:524} INFO - 24/09/20 12:49:59 INFO FileOutputCommitter: File Output Committer Algorithm version is 1
[2024-09-20T12:49:59.728+0000] {ssh.py:524} INFO - 24/09/20 12:49:59 INFO FileOutputCommitter: FileOutputCommitter skip cleanup _temporary folders under output directory:false, ignore cleanup failures: false
[2024-09-20T12:49:59.729+0000] {ssh.py:524} INFO - 24/09/20 12:49:59 INFO SQLHadoopMapReduceCommitProtocol: Using output committer class org.apache.hadoop.mapreduce.lib.output.FileOutputCommitter
[2024-09-20T12:49:59.729+0000] {ssh.py:524} INFO - 24/09/20 12:49:59 INFO AbstractS3ACommitterFactory: Using Committer FileOutputCommitter{PathOutputCommitter{context=TaskAttemptContextImpl{JobContextImpl{jobId=job_202409201249563177613927210902444_0000}; taskId=attempt_202409201249563177613927210902444_0000_m_000009_9, status=''}; org.apache.hadoop.mapreduce.lib.output.FileOutputCommitter@78a02d3d}; outputPath=s3a://raw/olhovivo/corredor/dt=2024-09-20, workPath=s3a://raw/olhovivo/corredor/dt=2024-09-20/_temporary/0/_temporary/attempt_202409201249563177613927210902444_0000_m_000009_9, algorithmVersion=1, skipCleanup=false, ignoreCleanupFailures=false} for s3a://raw/olhovivo/corredor/dt=2024-09-20
[2024-09-20T12:49:59.730+0000] {ssh.py:524} INFO - 24/09/20 12:49:59 INFO SQLHadoopMapReduceCommitProtocol: Using output committer class org.apache.hadoop.mapreduce.lib.output.FileOutputCommitter
[2024-09-20T12:49:59.731+0000] {ssh.py:524} INFO - 24/09/20 12:49:59 INFO AbstractS3ACommitterFactory: Using Committer FileOutputCommitter{PathOutputCommitter{context=TaskAttemptContextImpl{JobContextImpl{jobId=job_202409201249566396057469600245663_0000}; taskId=attempt_202409201249566396057469600245663_0000_m_000010_10, status=''}; org.apache.hadoop.mapreduce.lib.output.FileOutputCommitter@5a2e15b1}; outputPath=s3a://raw/olhovivo/corredor/dt=2024-09-20, workPath=s3a://raw/olhovivo/corredor/dt=2024-09-20/_temporary/0/_temporary/attempt_202409201249566396057469600245663_0000_m_000010_10, algorithmVersion=1, skipCleanup=false, ignoreCleanupFailures=false} for s3a://raw/olhovivo/corredor/dt=2024-09-20
[2024-09-20T12:49:59.732+0000] {ssh.py:524} INFO - 24/09/20 12:49:59 INFO SQLHadoopMapReduceCommitProtocol: Using output committer class org.apache.hadoop.mapreduce.lib.output.FileOutputCommitter
[2024-09-20T12:49:59.795+0000] {ssh.py:524} INFO - 24/09/20 12:49:59 INFO SparkHadoopMapRedUtil: No need to commit output of task because needsTaskCommit=false: attempt_202409201249564408779149972544428_0000_m_000007_7
[2024-09-20T12:49:59.796+0000] {ssh.py:524} INFO - 24/09/20 12:49:59 INFO SparkHadoopMapRedUtil: No need to commit output of task because needsTaskCommit=false: attempt_202409201249567447316334202142440_0000_m_000004_4
[2024-09-20T12:49:59.798+0000] {ssh.py:524} INFO - 24/09/20 12:49:59 INFO SparkHadoopMapRedUtil: No need to commit output of task because needsTaskCommit=false: attempt_202409201249563930068542288525685_0000_m_000002_2
[2024-09-20T12:49:59.831+0000] {ssh.py:524} INFO - 24/09/20 12:49:59 INFO PythonRunner: Times: total = 1188, boot = 950, init = 238, finish = 0
[2024-09-20T12:49:59.869+0000] {ssh.py:524} INFO - 24/09/20 12:49:59 INFO SparkHadoopMapRedUtil: No need to commit output of task because needsTaskCommit=false: attempt_202409201249563177613927210902444_0000_m_000009_9
[2024-09-20T12:49:59.955+0000] {ssh.py:524} INFO - 24/09/20 12:49:59 INFO Executor: Finished task 4.0 in stage 0.0 (TID 4). 2871 bytes result sent to driver
[2024-09-20T12:49:59.956+0000] {ssh.py:524} INFO - 24/09/20 12:49:59 INFO Executor: Finished task 9.0 in stage 0.0 (TID 9). 2871 bytes result sent to driver
[2024-09-20T12:49:59.956+0000] {ssh.py:524} INFO - 24/09/20 12:49:59 INFO Executor: Finished task 2.0 in stage 0.0 (TID 2). 2871 bytes result sent to driver
[2024-09-20T12:49:59.957+0000] {ssh.py:524} INFO - 24/09/20 12:49:59 INFO Executor: Finished task 7.0 in stage 0.0 (TID 7). 2871 bytes result sent to driver
[2024-09-20T12:50:00.031+0000] {ssh.py:524} INFO - 24/09/20 12:50:00 INFO TaskSetManager: Finished task 9.0 in stage 0.0 (TID 9) in 3008 ms on spark-master (executor driver) (1/12)
[2024-09-20T12:50:00.034+0000] {ssh.py:524} INFO - 24/09/20 12:50:00 INFO TaskSetManager: Finished task 4.0 in stage 0.0 (TID 4) in 3020 ms on spark-master (executor driver) (2/12)
[2024-09-20T12:50:00.035+0000] {ssh.py:524} INFO - 24/09/20 12:50:00 INFO TaskSetManager: Finished task 2.0 in stage 0.0 (TID 2) in 3025 ms on spark-master (executor driver) (3/12)
[2024-09-20T12:50:00.038+0000] {ssh.py:524} INFO - 24/09/20 12:50:00 INFO TaskSetManager: Finished task 7.0 in stage 0.0 (TID 7) in 3018 ms on spark-master (executor driver) (4/12)
[2024-09-20T12:50:00.041+0000] {ssh.py:524} INFO - 24/09/20 12:50:00 INFO PythonAccumulatorV2: Connected to AccumulatorServer at host: 127.0.0.1 port: 35979
[2024-09-20T12:50:00.387+0000] {ssh.py:524} INFO - 24/09/20 12:50:00 INFO PythonRunner: Times: total = 1093, boot = 918, init = 174, finish = 1
[2024-09-20T12:50:00.412+0000] {ssh.py:524} INFO - 24/09/20 12:50:00 INFO PythonRunner: Times: total = 1074, boot = 888, init = 186, finish = 0
[2024-09-20T12:50:00.414+0000] {ssh.py:524} INFO - 24/09/20 12:50:00 INFO PythonRunner: Times: total = 1066, boot = 879, init = 186, finish = 1
[2024-09-20T12:50:00.415+0000] {ssh.py:524} INFO - 24/09/20 12:50:00 INFO PythonRunner: Times: total = 1085, boot = 906, init = 179, finish = 0
[2024-09-20T12:50:00.415+0000] {ssh.py:524} INFO - 24/09/20 12:50:00 INFO PythonRunner: Times: total = 898, boot = 807, init = 91, finish = 0
[2024-09-20T12:50:00.416+0000] {ssh.py:524} INFO - 24/09/20 12:50:00 INFO PythonRunner: Times: total = 1038, boot = 816, init = 222, finish = 0
[2024-09-20T12:50:00.416+0000] {ssh.py:524} INFO - 24/09/20 12:50:00 INFO PythonRunner: Times: total = 1014, boot = 824, init = 190, finish = 0
[2024-09-20T12:50:00.417+0000] {ssh.py:524} INFO - 24/09/20 12:50:00 INFO PythonRunner: Times: total = 934, boot = 830, init = 104, finish = 0
[2024-09-20T12:50:01.654+0000] {taskinstance.py:1937} ERROR - Task failed with exception
Traceback (most recent call last):
  File "/home/airflow/.local/lib/python3.8/site-packages/airflow/providers/ssh/operators/ssh.py", line 178, in execute
    result = self.run_ssh_client_command(ssh_client, self.command, context=context)
  File "/home/airflow/.local/lib/python3.8/site-packages/airflow/providers/ssh/operators/ssh.py", line 166, in run_ssh_client_command
    self.raise_for_status(exit_status, agg_stderr, context=context)
  File "/home/airflow/.local/lib/python3.8/site-packages/airflow/providers/ssh/operators/ssh.py", line 160, in raise_for_status
    raise AirflowException(f"SSH operator error: exit status = {exit_status}")
airflow.exceptions.AirflowException: SSH operator error: exit status = -1
[2024-09-20T12:50:01.659+0000] {taskinstance.py:1400} INFO - Marking task as FAILED. dag_id=raw_ingestion, task_id=spark_stage_processing, execution_date=20240920T120000, start_date=20240920T124928, end_date=20240920T125001
[2024-09-20T12:50:01.687+0000] {standard_task_runner.py:104} ERROR - Failed to execute job 252 for task spark_stage_processing (SSH operator error: exit status = -1; 153)
[2024-09-20T12:50:01.733+0000] {local_task_job_runner.py:228} INFO - Task exited with return code 1
[2024-09-20T12:50:01.794+0000] {taskinstance.py:2778} INFO - 0 downstream tasks scheduled from follow-on schedule check
