[2024-09-22T21:30:40.744+0000] {taskinstance.py:1159} INFO - Dependencies all met for dep_context=non-requeueable deps ti=<TaskInstance: raw_ingestion.spark_raw_ingestion_corredor manual__2024-09-22T00:41:46.533739+00:00 [queued]>
[2024-09-22T21:30:40.763+0000] {taskinstance.py:1159} INFO - Dependencies all met for dep_context=requeueable deps ti=<TaskInstance: raw_ingestion.spark_raw_ingestion_corredor manual__2024-09-22T00:41:46.533739+00:00 [queued]>
[2024-09-22T21:30:40.764+0000] {taskinstance.py:1361} INFO - Starting attempt 1 of 0
[2024-09-22T21:30:40.787+0000] {taskinstance.py:1382} INFO - Executing <Task(SSHOperator): spark_raw_ingestion_corredor> on 2024-09-22 00:41:46.533739+00:00
[2024-09-22T21:30:40.794+0000] {standard_task_runner.py:57} INFO - Started process 101 to run task
[2024-09-22T21:30:40.798+0000] {standard_task_runner.py:84} INFO - Running: ['airflow', 'tasks', 'run', 'raw_ingestion', 'spark_raw_ingestion_corredor', 'manual__2024-09-22T00:41:46.533739+00:00', '--job-id', '447', '--raw', '--subdir', 'DAGS_FOLDER/raw_ingestion.py', '--cfg-path', '/tmp/tmpqga1puia']
[2024-09-22T21:30:40.798+0000] {standard_task_runner.py:85} INFO - Job 447: Subtask spark_raw_ingestion_corredor
[2024-09-22T21:30:40.931+0000] {task_command.py:416} INFO - Running <TaskInstance: raw_ingestion.spark_raw_ingestion_corredor manual__2024-09-22T00:41:46.533739+00:00 [running]> on host airflow-worker
[2024-09-22T21:30:41.168+0000] {taskinstance.py:1662} INFO - Exporting env vars: AIRFLOW_CTX_DAG_OWNER='***' AIRFLOW_CTX_DAG_ID='raw_ingestion' AIRFLOW_CTX_TASK_ID='spark_raw_ingestion_corredor' AIRFLOW_CTX_EXECUTION_DATE='2024-09-22T00:41:46.533739+00:00' AIRFLOW_CTX_TRY_NUMBER='1' AIRFLOW_CTX_DAG_RUN_ID='manual__2024-09-22T00:41:46.533739+00:00'
[2024-09-22T21:30:41.169+0000] {ssh.py:141} INFO - Creating ssh_client
[2024-09-22T21:30:41.169+0000] {ssh.py:114} INFO - ssh_hook is not provided or invalid. Trying ssh_conn_id to create SSHHook.
[2024-09-22T21:30:41.206+0000] {base.py:73} INFO - Using connection ID 'spark_ssh_default' for task execution.
[2024-09-22T21:30:41.208+0000] {ssh.py:300} WARNING - No Host Key Verification. This won't protect against Man-In-The-Middle attacks
[2024-09-22T21:30:41.218+0000] {transport.py:1893} INFO - Connected (version 2.0, client OpenSSH_8.9p1)
[2024-09-22T21:30:41.308+0000] {transport.py:1893} INFO - Authentication (password) successful!
[2024-09-22T21:30:41.309+0000] {ssh.py:478} INFO - Running command: export SPARK_HOME=/usr/local/spark; /opt/conda/bin/spark-submit --master local[*] --executor-memory 4g /opt/shared/scripts/raw_ingestion.py 2024-09-22 corredor
[2024-09-22T21:30:44.109+0000] {ssh.py:524} INFO - [DEBUG] dt_now: 2024-09-22
[2024-09-22T21:30:44.110+0000] {ssh.py:524} INFO - [DEBUG] endpoint: corredor
[2024-09-22T21:30:44.187+0000] {ssh.py:524} INFO - 24/09/22 21:30:44 INFO SparkContext: Running Spark version 3.3.1
[2024-09-22T21:30:44.216+0000] {ssh.py:524} INFO - 24/09/22 21:30:44 WARN NativeCodeLoader: Unable to load native-hadoop library for your platform... using builtin-java classes where applicable
[2024-09-22T21:30:44.320+0000] {ssh.py:524} INFO - 24/09/22 21:30:44 INFO ResourceUtils: ==============================================================
[2024-09-22T21:30:44.321+0000] {ssh.py:524} INFO - 24/09/22 21:30:44 INFO ResourceUtils: No custom resources configured for spark.driver.
[2024-09-22T21:30:44.321+0000] {ssh.py:524} INFO - 24/09/22 21:30:44 INFO ResourceUtils: ==============================================================
[2024-09-22T21:30:44.322+0000] {ssh.py:524} INFO - 24/09/22 21:30:44 INFO SparkContext: Submitted application: raw_ingestion_corredor
[2024-09-22T21:30:44.342+0000] {ssh.py:524} INFO - 24/09/22 21:30:44 INFO ResourceProfile: Default ResourceProfile created, executor resources: Map(cores -> name: cores, amount: 1, script: , vendor: , memory -> name: memory, amount: 1024, script: , vendor: , offHeap -> name: offHeap, amount: 0, script: , vendor: ), task resources: Map(cpus -> name: cpus, amount: 1.0)
[2024-09-22T21:30:44.351+0000] {ssh.py:524} INFO - 24/09/22 21:30:44 INFO ResourceProfile: Limiting resource is cpu
[2024-09-22T21:30:44.352+0000] {ssh.py:524} INFO - 24/09/22 21:30:44 INFO ResourceProfileManager: Added ResourceProfile id: 0
[2024-09-22T21:30:44.395+0000] {ssh.py:524} INFO - 24/09/22 21:30:44 INFO SecurityManager: Changing view acls to: root
[2024-09-22T21:30:44.396+0000] {ssh.py:524} INFO - 24/09/22 21:30:44 INFO SecurityManager: Changing modify acls to: root
[2024-09-22T21:30:44.397+0000] {ssh.py:524} INFO - 24/09/22 21:30:44 INFO SecurityManager: Changing view acls groups to: 
[2024-09-22T21:30:44.398+0000] {ssh.py:524} INFO - 24/09/22 21:30:44 INFO SecurityManager: Changing modify acls groups to: 
[2024-09-22T21:30:44.398+0000] {ssh.py:524} INFO - 24/09/22 21:30:44 INFO SecurityManager: SecurityManager: authentication disabled; ui acls disabled; users  with view permissions: Set(root); groups with view permissions: Set(); users  with modify permissions: Set(root); groups with modify permissions: Set()
[2024-09-22T21:30:44.787+0000] {ssh.py:524} INFO - 24/09/22 21:30:44 INFO Utils: Successfully started service 'sparkDriver' on port 41531.
[2024-09-22T21:30:44.871+0000] {ssh.py:524} INFO - 24/09/22 21:30:44 INFO SparkEnv: Registering MapOutputTracker
[2024-09-22T21:30:44.928+0000] {ssh.py:524} INFO - 24/09/22 21:30:44 INFO SparkEnv: Registering BlockManagerMaster
[2024-09-22T21:30:44.945+0000] {ssh.py:524} INFO - 24/09/22 21:30:44 INFO BlockManagerMasterEndpoint: Using org.apache.spark.storage.DefaultTopologyMapper for getting topology information
[2024-09-22T21:30:44.946+0000] {ssh.py:524} INFO - 24/09/22 21:30:44 INFO BlockManagerMasterEndpoint: BlockManagerMasterEndpoint up
[2024-09-22T21:30:44.952+0000] {ssh.py:524} INFO - 24/09/22 21:30:44 INFO SparkEnv: Registering BlockManagerMasterHeartbeat
[2024-09-22T21:30:44.988+0000] {ssh.py:524} INFO - 24/09/22 21:30:44 INFO DiskBlockManager: Created local directory at /tmp/blockmgr-7f780a45-1306-4dd1-b8cf-d405a113ff59
[2024-09-22T21:30:45.031+0000] {ssh.py:524} INFO - 24/09/22 21:30:45 INFO MemoryStore: MemoryStore started with capacity 434.4 MiB
[2024-09-22T21:30:45.065+0000] {ssh.py:524} INFO - 24/09/22 21:30:45 INFO SparkEnv: Registering OutputCommitCoordinator
[2024-09-22T21:30:45.243+0000] {ssh.py:524} INFO - 24/09/22 21:30:45 WARN Utils: Service 'SparkUI' could not bind on port 4040. Attempting port 4041.
[2024-09-22T21:30:45.244+0000] {ssh.py:524} INFO - 24/09/22 21:30:45 WARN Utils: Service 'SparkUI' could not bind on port 4041. Attempting port 4042.
[2024-09-22T21:30:45.252+0000] {ssh.py:524} INFO - 24/09/22 21:30:45 INFO Utils: Successfully started service 'SparkUI' on port 4042.
[2024-09-22T21:30:45.371+0000] {ssh.py:524} INFO - 24/09/22 21:30:45 INFO Executor: Starting executor ID driver on host spark-master
[2024-09-22T21:30:45.388+0000] {ssh.py:524} INFO - 24/09/22 21:30:45 INFO Executor: Starting executor with user classpath (userClassPathFirst = false): ''
[2024-09-22T21:30:45.406+0000] {ssh.py:524} INFO - 24/09/22 21:30:45 INFO Utils: Successfully started service 'org.apache.spark.network.netty.NettyBlockTransferService' on port 39977.
[2024-09-22T21:30:45.406+0000] {ssh.py:524} INFO - 24/09/22 21:30:45 INFO NettyBlockTransferService: Server created on spark-master:39977
[2024-09-22T21:30:45.407+0000] {ssh.py:524} INFO - 24/09/22 21:30:45 INFO BlockManager: Using org.apache.spark.storage.RandomBlockReplicationPolicy for block replication policy
[2024-09-22T21:30:45.412+0000] {ssh.py:524} INFO - 24/09/22 21:30:45 INFO BlockManagerMaster: Registering BlockManager BlockManagerId(driver, spark-master, 39977, None)
[2024-09-22T21:30:45.416+0000] {ssh.py:524} INFO - 24/09/22 21:30:45 INFO BlockManagerMasterEndpoint: Registering block manager spark-master:39977 with 434.4 MiB RAM, BlockManagerId(driver, spark-master, 39977, None)
[2024-09-22T21:30:45.419+0000] {ssh.py:524} INFO - 24/09/22 21:30:45 INFO BlockManagerMaster: Registered BlockManager BlockManagerId(driver, spark-master, 39977, None)
[2024-09-22T21:30:45.420+0000] {ssh.py:524} INFO - 24/09/22 21:30:45 INFO BlockManager: Initialized BlockManager: BlockManagerId(driver, spark-master, 39977, None)
[2024-09-22T21:30:46.461+0000] {ssh.py:524} INFO - 24/09/22 21:30:46 INFO SharedState: Setting hive.metastore.warehouse.dir ('null') to the value of spark.sql.warehouse.dir.
[2024-09-22T21:30:46.466+0000] {ssh.py:524} INFO - 24/09/22 21:30:46 INFO SharedState: Warehouse path is 'file:/root/spark-warehouse'.
[2024-09-22T21:30:48.690+0000] {ssh.py:524} INFO - 24/09/22 21:30:48 WARN MetricsConfig: Cannot locate configuration: tried hadoop-metrics2-s3a-file-system.properties,hadoop-metrics2.properties
[2024-09-22T21:30:48.701+0000] {ssh.py:524} INFO - 24/09/22 21:30:48 INFO MetricsSystemImpl: Scheduled Metric snapshot period at 10 second(s).
[2024-09-22T21:30:48.702+0000] {ssh.py:524} INFO - 24/09/22 21:30:48 INFO MetricsSystemImpl: s3a-file-system metrics system started
[2024-09-22T21:30:49.859+0000] {ssh.py:524} INFO - 24/09/22 21:30:49 WARN AbstractS3ACommitterFactory: Using standard FileOutputCommitter to commit work. This is slow and potentially unsafe.
[2024-09-22T21:30:49.859+0000] {ssh.py:524} INFO - 24/09/22 21:30:49 INFO FileOutputCommitter: File Output Committer Algorithm version is 1
[2024-09-22T21:30:49.860+0000] {ssh.py:524} INFO - 24/09/22 21:30:49 INFO FileOutputCommitter: FileOutputCommitter skip cleanup _temporary folders under output directory:false, ignore cleanup failures: false
[2024-09-22T21:30:49.866+0000] {ssh.py:524} INFO - 24/09/22 21:30:49 INFO AbstractS3ACommitterFactory: Using Committer FileOutputCommitter{PathOutputCommitter{context=TaskAttemptContextImpl{JobContextImpl{jobId=job_202409222130494051013471882885306_0000}; taskId=attempt_202409222130494051013471882885306_0000_m_000000_0, status=''}; org.apache.hadoop.mapreduce.lib.output.FileOutputCommitter@151217ef}; outputPath=s3a://raw/olhovivo/corredor/dt=2024-09-22, workPath=s3a://raw/olhovivo/corredor/dt=2024-09-22/_temporary/0/_temporary/attempt_202409222130494051013471882885306_0000_m_000000_0, algorithmVersion=1, skipCleanup=false, ignoreCleanupFailures=false} for s3a://raw/olhovivo/corredor/dt=2024-09-22
[2024-09-22T21:30:49.866+0000] {ssh.py:524} INFO - 24/09/22 21:30:49 INFO SQLHadoopMapReduceCommitProtocol: Using output committer class org.apache.hadoop.mapreduce.lib.output.FileOutputCommitter
[2024-09-22T21:30:50.368+0000] {ssh.py:524} INFO - 24/09/22 21:30:50 INFO CodeGenerator: Code generated in 126.469691 ms
[2024-09-22T21:30:50.465+0000] {ssh.py:524} INFO - 24/09/22 21:30:50 INFO SparkContext: Starting job: save at NativeMethodAccessorImpl.java:0
[2024-09-22T21:30:50.475+0000] {ssh.py:524} INFO - 24/09/22 21:30:50 INFO DAGScheduler: Got job 0 (save at NativeMethodAccessorImpl.java:0) with 12 output partitions
[2024-09-22T21:30:50.476+0000] {ssh.py:524} INFO - 24/09/22 21:30:50 INFO DAGScheduler: Final stage: ResultStage 0 (save at NativeMethodAccessorImpl.java:0)
[2024-09-22T21:30:50.476+0000] {ssh.py:524} INFO - 24/09/22 21:30:50 INFO DAGScheduler: Parents of final stage: List()
[2024-09-22T21:30:50.477+0000] {ssh.py:524} INFO - 24/09/22 21:30:50 INFO DAGScheduler: Missing parents: List()
[2024-09-22T21:30:50.479+0000] {ssh.py:524} INFO - 24/09/22 21:30:50 INFO DAGScheduler: Submitting ResultStage 0 (MapPartitionsRDD[5] at save at NativeMethodAccessorImpl.java:0), which has no missing parents
[2024-09-22T21:30:50.571+0000] {ssh.py:524} INFO - 24/09/22 21:30:50 INFO MemoryStore: Block broadcast_0 stored as values in memory (estimated size 219.7 KiB, free 434.2 MiB)
[2024-09-22T21:30:50.597+0000] {ssh.py:524} INFO - 24/09/22 21:30:50 INFO MemoryStore: Block broadcast_0_piece0 stored as bytes in memory (estimated size 80.4 KiB, free 434.1 MiB)
[2024-09-22T21:30:50.600+0000] {ssh.py:524} INFO - 24/09/22 21:30:50 INFO BlockManagerInfo: Added broadcast_0_piece0 in memory on spark-master:39977 (size: 80.4 KiB, free: 434.3 MiB)
[2024-09-22T21:30:50.602+0000] {ssh.py:524} INFO - 24/09/22 21:30:50 INFO SparkContext: Created broadcast 0 from broadcast at DAGScheduler.scala:1513
[2024-09-22T21:30:50.613+0000] {ssh.py:524} INFO - 24/09/22 21:30:50 INFO DAGScheduler: Submitting 12 missing tasks from ResultStage 0 (MapPartitionsRDD[5] at save at NativeMethodAccessorImpl.java:0) (first 15 tasks are for partitions Vector(0, 1, 2, 3, 4, 5, 6, 7, 8, 9, 10, 11))
[2024-09-22T21:30:50.614+0000] {ssh.py:524} INFO - 24/09/22 21:30:50 INFO TaskSchedulerImpl: Adding task set 0.0 with 12 tasks resource profile 0
[2024-09-22T21:30:50.656+0000] {ssh.py:524} INFO - 24/09/22 21:30:50 INFO TaskSetManager: Starting task 0.0 in stage 0.0 (TID 0) (spark-master, executor driver, partition 0, PROCESS_LOCAL, 4433 bytes) taskResourceAssignments Map()
[2024-09-22T21:30:50.660+0000] {ssh.py:524} INFO - 24/09/22 21:30:50 INFO TaskSetManager: Starting task 1.0 in stage 0.0 (TID 1) (spark-master, executor driver, partition 1, PROCESS_LOCAL, 4476 bytes) taskResourceAssignments Map()
[2024-09-22T21:30:50.661+0000] {ssh.py:524} INFO - 24/09/22 21:30:50 INFO TaskSetManager: Starting task 2.0 in stage 0.0 (TID 2) (spark-master, executor driver, partition 2, PROCESS_LOCAL, 4433 bytes) taskResourceAssignments Map()
[2024-09-22T21:30:50.662+0000] {ssh.py:524} INFO - 24/09/22 21:30:50 INFO TaskSetManager: Starting task 3.0 in stage 0.0 (TID 3) (spark-master, executor driver, partition 3, PROCESS_LOCAL, 4484 bytes) taskResourceAssignments Map()
[2024-09-22T21:30:50.663+0000] {ssh.py:524} INFO - 24/09/22 21:30:50 INFO TaskSetManager: Starting task 4.0 in stage 0.0 (TID 4) (spark-master, executor driver, partition 4, PROCESS_LOCAL, 4433 bytes) taskResourceAssignments Map()
[2024-09-22T21:30:50.663+0000] {ssh.py:524} INFO - 24/09/22 21:30:50 INFO TaskSetManager: Starting task 5.0 in stage 0.0 (TID 5) (spark-master, executor driver, partition 5, PROCESS_LOCAL, 4480 bytes) taskResourceAssignments Map()
[2024-09-22T21:30:50.665+0000] {ssh.py:524} INFO - 24/09/22 21:30:50 INFO TaskSetManager: Starting task 6.0 in stage 0.0 (TID 6) (spark-master, executor driver, partition 6, PROCESS_LOCAL, 4476 bytes) taskResourceAssignments Map()
[2024-09-22T21:30:50.665+0000] {ssh.py:524} INFO - 24/09/22 21:30:50 INFO TaskSetManager: Starting task 7.0 in stage 0.0 (TID 7) (spark-master, executor driver, partition 7, PROCESS_LOCAL, 4433 bytes) taskResourceAssignments Map()
[2024-09-22T21:30:50.666+0000] {ssh.py:524} INFO - 24/09/22 21:30:50 INFO TaskSetManager: Starting task 8.0 in stage 0.0 (TID 8) (spark-master, executor driver, partition 8, PROCESS_LOCAL, 4473 bytes) taskResourceAssignments Map()
[2024-09-22T21:30:50.667+0000] {ssh.py:524} INFO - 24/09/22 21:30:50 INFO TaskSetManager: Starting task 9.0 in stage 0.0 (TID 9) (spark-master, executor driver, partition 9, PROCESS_LOCAL, 4433 bytes) taskResourceAssignments Map()
[2024-09-22T21:30:50.671+0000] {ssh.py:524} INFO - 24/09/22 21:30:50 INFO TaskSetManager: Starting task 10.0 in stage 0.0 (TID 10) (spark-master, executor driver, partition 10, PROCESS_LOCAL, 4476 bytes) taskResourceAssignments Map()
[2024-09-22T21:30:50.672+0000] {ssh.py:524} INFO - 24/09/22 21:30:50 INFO TaskSetManager: Starting task 11.0 in stage 0.0 (TID 11) (spark-master, executor driver, partition 11, PROCESS_LOCAL, 4479 bytes) taskResourceAssignments Map()
[2024-09-22T21:30:50.682+0000] {ssh.py:524} INFO - 24/09/22 21:30:50 INFO Executor: Running task 1.0 in stage 0.0 (TID 1)
[2024-09-22T21:30:50.683+0000] {ssh.py:524} INFO - 24/09/22 21:30:50 INFO Executor: Running task 0.0 in stage 0.0 (TID 0)
[2024-09-22T21:30:50.686+0000] {ssh.py:524} INFO - 24/09/22 21:30:50 INFO Executor: Running task 2.0 in stage 0.0 (TID 2)
[2024-09-22T21:30:50.688+0000] {ssh.py:524} INFO - 24/09/22 21:30:50 INFO Executor: Running task 4.0 in stage 0.0 (TID 4)
[2024-09-22T21:30:50.688+0000] {ssh.py:524} INFO - 24/09/22 21:30:50 INFO Executor: Running task 3.0 in stage 0.0 (TID 3)
[2024-09-22T21:30:50.689+0000] {ssh.py:524} INFO - 24/09/22 21:30:50 INFO Executor: Running task 5.0 in stage 0.0 (TID 5)
[2024-09-22T21:30:50.693+0000] {ssh.py:524} INFO - 24/09/22 21:30:50 INFO Executor: Running task 6.0 in stage 0.0 (TID 6)
[2024-09-22T21:30:50.694+0000] {ssh.py:524} INFO - 24/09/22 21:30:50 INFO Executor: Running task 7.0 in stage 0.0 (TID 7)
[2024-09-22T21:30:50.708+0000] {ssh.py:524} INFO - 24/09/22 21:30:50 INFO Executor: Running task 8.0 in stage 0.0 (TID 8)
[2024-09-22T21:30:50.709+0000] {ssh.py:524} INFO - 24/09/22 21:30:50 INFO Executor: Running task 9.0 in stage 0.0 (TID 9)
[2024-09-22T21:30:50.714+0000] {ssh.py:524} INFO - 24/09/22 21:30:50 INFO Executor: Running task 10.0 in stage 0.0 (TID 10)
[2024-09-22T21:30:50.718+0000] {ssh.py:524} INFO - 24/09/22 21:30:50 INFO Executor: Running task 11.0 in stage 0.0 (TID 11)
[2024-09-22T21:30:51.423+0000] {ssh.py:524} INFO - 24/09/22 21:30:51 WARN AbstractS3ACommitterFactory: Using standard FileOutputCommitter to commit work. This is slow and potentially unsafe.
[2024-09-22T21:30:51.424+0000] {ssh.py:524} INFO - 24/09/22 21:30:51 WARN AbstractS3ACommitterFactory: Using standard FileOutputCommitter to commit work. This is slow and potentially unsafe.
[2024-09-22T21:30:51.425+0000] {ssh.py:524} INFO - 24/09/22 21:30:51 INFO FileOutputCommitter: File Output Committer Algorithm version is 1
[2024-09-22T21:30:51.425+0000] {ssh.py:524} INFO - 24/09/22 21:30:51 INFO FileOutputCommitter: File Output Committer Algorithm version is 1
[2024-09-22T21:30:51.426+0000] {ssh.py:524} INFO - 24/09/22 21:30:51 INFO FileOutputCommitter: FileOutputCommitter skip cleanup _temporary folders under output directory:false, ignore cleanup failures: false
[2024-09-22T21:30:51.426+0000] {ssh.py:524} INFO - 24/09/22 21:30:51 INFO FileOutputCommitter: FileOutputCommitter skip cleanup _temporary folders under output directory:false, ignore cleanup failures: false
[2024-09-22T21:30:51.426+0000] {ssh.py:524} INFO - 24/09/22 21:30:51 WARN AbstractS3ACommitterFactory: Using standard FileOutputCommitter to commit work. This is slow and potentially unsafe.
[2024-09-22T21:30:51.427+0000] {ssh.py:524} INFO - 24/09/22 21:30:51 INFO FileOutputCommitter: File Output Committer Algorithm version is 1
[2024-09-22T21:30:51.427+0000] {ssh.py:524} INFO - 24/09/22 21:30:51 INFO FileOutputCommitter: FileOutputCommitter skip cleanup _temporary folders under output directory:false, ignore cleanup failures: false
[2024-09-22T21:30:51.428+0000] {ssh.py:524} INFO - 24/09/22 21:30:51 INFO AbstractS3ACommitterFactory: Using Committer FileOutputCommitter{PathOutputCommitter{context=TaskAttemptContextImpl{JobContextImpl{jobId=job_202409222130507982191111454572618_0000}; taskId=attempt_202409222130507982191111454572618_0000_m_000000_0, status=''}; org.apache.hadoop.mapreduce.lib.output.FileOutputCommitter@722fd101}; outputPath=s3a://raw/olhovivo/corredor/dt=2024-09-22, workPath=s3a://raw/olhovivo/corredor/dt=2024-09-22/_temporary/0/_temporary/attempt_202409222130507982191111454572618_0000_m_000000_0, algorithmVersion=1, skipCleanup=false, ignoreCleanupFailures=false} for s3a://raw/olhovivo/corredor/dt=2024-09-22
[2024-09-22T21:30:51.428+0000] {ssh.py:524} INFO - 24/09/22 21:30:51 INFO AbstractS3ACommitterFactory: Using Committer FileOutputCommitter{PathOutputCommitter{context=TaskAttemptContextImpl{JobContextImpl{jobId=job_202409222130503983034046406133912_0000}; taskId=attempt_202409222130503983034046406133912_0000_m_000001_1, status=''}; org.apache.hadoop.mapreduce.lib.output.FileOutputCommitter@5efd82a7}; outputPath=s3a://raw/olhovivo/corredor/dt=2024-09-22, workPath=s3a://raw/olhovivo/corredor/dt=2024-09-22/_temporary/0/_temporary/attempt_202409222130503983034046406133912_0000_m_000001_1, algorithmVersion=1, skipCleanup=false, ignoreCleanupFailures=false} for s3a://raw/olhovivo/corredor/dt=2024-09-22
[2024-09-22T21:30:51.428+0000] {ssh.py:524} INFO - 24/09/22 21:30:51 INFO SQLHadoopMapReduceCommitProtocol: Using output committer class org.apache.hadoop.mapreduce.lib.output.FileOutputCommitter
[2024-09-22T21:30:51.429+0000] {ssh.py:524} INFO - 24/09/22 21:30:51 INFO SQLHadoopMapReduceCommitProtocol: Using output committer class org.apache.hadoop.mapreduce.lib.output.FileOutputCommitter
[2024-09-22T21:30:51.429+0000] {ssh.py:524} INFO - 24/09/22 21:30:51 WARN AbstractS3ACommitterFactory: Using standard FileOutputCommitter to commit work. This is slow and potentially unsafe.
[2024-09-22T21:30:51.429+0000] {ssh.py:524} INFO - 24/09/22 21:30:51 INFO FileOutputCommitter: File Output Committer Algorithm version is 1
[2024-09-22T21:30:51.430+0000] {ssh.py:524} INFO - 24/09/22 21:30:51 INFO FileOutputCommitter: FileOutputCommitter skip cleanup _temporary folders under output directory:false, ignore cleanup failures: false
[2024-09-22T21:30:51.430+0000] {ssh.py:524} INFO - 24/09/22 21:30:51 INFO AbstractS3ACommitterFactory: Using Committer FileOutputCommitter{PathOutputCommitter{context=TaskAttemptContextImpl{JobContextImpl{jobId=job_20240922213050640099445230227734_0000}; taskId=attempt_20240922213050640099445230227734_0000_m_000004_4, status=''}; org.apache.hadoop.mapreduce.lib.output.FileOutputCommitter@130ee12b}; outputPath=s3a://raw/olhovivo/corredor/dt=2024-09-22, workPath=s3a://raw/olhovivo/corredor/dt=2024-09-22/_temporary/0/_temporary/attempt_20240922213050640099445230227734_0000_m_000004_4, algorithmVersion=1, skipCleanup=false, ignoreCleanupFailures=false} for s3a://raw/olhovivo/corredor/dt=2024-09-22
[2024-09-22T21:30:51.430+0000] {ssh.py:524} INFO - 24/09/22 21:30:51 INFO SQLHadoopMapReduceCommitProtocol: Using output committer class org.apache.hadoop.mapreduce.lib.output.FileOutputCommitter
[2024-09-22T21:30:51.431+0000] {ssh.py:524} INFO - 24/09/22 21:30:51 INFO AbstractS3ACommitterFactory: Using Committer FileOutputCommitter{PathOutputCommitter{context=TaskAttemptContextImpl{JobContextImpl{jobId=job_202409222130504099914810417912094_0000}; taskId=attempt_202409222130504099914810417912094_0000_m_000011_11, status=''}; org.apache.hadoop.mapreduce.lib.output.FileOutputCommitter@61676ebd}; outputPath=s3a://raw/olhovivo/corredor/dt=2024-09-22, workPath=s3a://raw/olhovivo/corredor/dt=2024-09-22/_temporary/0/_temporary/attempt_202409222130504099914810417912094_0000_m_000011_11, algorithmVersion=1, skipCleanup=false, ignoreCleanupFailures=false} for s3a://raw/olhovivo/corredor/dt=2024-09-22
[2024-09-22T21:30:51.431+0000] {ssh.py:524} INFO - 24/09/22 21:30:51 INFO SQLHadoopMapReduceCommitProtocol: Using output committer class org.apache.hadoop.mapreduce.lib.output.FileOutputCommitter
[2024-09-22T21:30:51.440+0000] {ssh.py:524} INFO - 24/09/22 21:30:51 WARN AbstractS3ACommitterFactory: Using standard FileOutputCommitter to commit work. This is slow and potentially unsafe.
[2024-09-22T21:30:51.441+0000] {ssh.py:524} INFO - 24/09/22 21:30:51 INFO FileOutputCommitter: File Output Committer Algorithm version is 1
[2024-09-22T21:30:51.441+0000] {ssh.py:524} INFO - 24/09/22 21:30:51 INFO FileOutputCommitter: FileOutputCommitter skip cleanup _temporary folders under output directory:false, ignore cleanup failures: false
[2024-09-22T21:30:51.442+0000] {ssh.py:524} INFO - 24/09/22 21:30:51 INFO AbstractS3ACommitterFactory: Using Committer FileOutputCommitter{PathOutputCommitter{context=TaskAttemptContextImpl{JobContextImpl{jobId=job_202409222130503161288183201594440_0000}; taskId=attempt_202409222130503161288183201594440_0000_m_000006_6, status=''}; org.apache.hadoop.mapreduce.lib.output.FileOutputCommitter@fe9c636}; outputPath=s3a://raw/olhovivo/corredor/dt=2024-09-22, workPath=s3a://raw/olhovivo/corredor/dt=2024-09-22/_temporary/0/_temporary/attempt_202409222130503161288183201594440_0000_m_000006_6, algorithmVersion=1, skipCleanup=false, ignoreCleanupFailures=false} for s3a://raw/olhovivo/corredor/dt=2024-09-22
[2024-09-22T21:30:51.442+0000] {ssh.py:524} INFO - 24/09/22 21:30:51 INFO SQLHadoopMapReduceCommitProtocol: Using output committer class org.apache.hadoop.mapreduce.lib.output.FileOutputCommitter
[2024-09-22T21:30:51.469+0000] {ssh.py:524} INFO - 24/09/22 21:30:51 WARN AbstractS3ACommitterFactory: Using standard FileOutputCommitter to commit work. This is slow and potentially unsafe.
[2024-09-22T21:30:51.469+0000] {ssh.py:524} INFO - 24/09/22 21:30:51 INFO FileOutputCommitter: File Output Committer Algorithm version is 1
[2024-09-22T21:30:51.470+0000] {ssh.py:524} INFO - 24/09/22 21:30:51 INFO FileOutputCommitter: FileOutputCommitter skip cleanup _temporary folders under output directory:false, ignore cleanup failures: false
[2024-09-22T21:30:51.470+0000] {ssh.py:524} INFO - 24/09/22 21:30:51 INFO AbstractS3ACommitterFactory: Using Committer FileOutputCommitter{PathOutputCommitter{context=TaskAttemptContextImpl{JobContextImpl{jobId=job_202409222130506266780257049744753_0000}; taskId=attempt_202409222130506266780257049744753_0000_m_000002_2, status=''}; org.apache.hadoop.mapreduce.lib.output.FileOutputCommitter@4d5123e6}; outputPath=s3a://raw/olhovivo/corredor/dt=2024-09-22, workPath=s3a://raw/olhovivo/corredor/dt=2024-09-22/_temporary/0/_temporary/attempt_202409222130506266780257049744753_0000_m_000002_2, algorithmVersion=1, skipCleanup=false, ignoreCleanupFailures=false} for s3a://raw/olhovivo/corredor/dt=2024-09-22
[2024-09-22T21:30:51.471+0000] {ssh.py:524} INFO - 24/09/22 21:30:51 INFO SQLHadoopMapReduceCommitProtocol: Using output committer class org.apache.hadoop.mapreduce.lib.output.FileOutputCommitter
[2024-09-22T21:30:51.503+0000] {ssh.py:524} INFO - 24/09/22 21:30:51 WARN AbstractS3ACommitterFactory: Using standard FileOutputCommitter to commit work. This is slow and potentially unsafe.
[2024-09-22T21:30:51.504+0000] {ssh.py:524} INFO - 24/09/22 21:30:51 INFO FileOutputCommitter: File Output Committer Algorithm version is 1
[2024-09-22T21:30:51.504+0000] {ssh.py:524} INFO - 24/09/22 21:30:51 INFO FileOutputCommitter: FileOutputCommitter skip cleanup _temporary folders under output directory:false, ignore cleanup failures: false
[2024-09-22T21:30:51.505+0000] {ssh.py:524} INFO - 24/09/22 21:30:51 INFO AbstractS3ACommitterFactory: Using Committer FileOutputCommitter{PathOutputCommitter{context=TaskAttemptContextImpl{JobContextImpl{jobId=job_202409222130505747680646467895960_0000}; taskId=attempt_202409222130505747680646467895960_0000_m_000008_8, status=''}; org.apache.hadoop.mapreduce.lib.output.FileOutputCommitter@3ad23e03}; outputPath=s3a://raw/olhovivo/corredor/dt=2024-09-22, workPath=s3a://raw/olhovivo/corredor/dt=2024-09-22/_temporary/0/_temporary/attempt_202409222130505747680646467895960_0000_m_000008_8, algorithmVersion=1, skipCleanup=false, ignoreCleanupFailures=false} for s3a://raw/olhovivo/corredor/dt=2024-09-22
[2024-09-22T21:30:51.505+0000] {ssh.py:524} INFO - 24/09/22 21:30:51 INFO SQLHadoopMapReduceCommitProtocol: Using output committer class org.apache.hadoop.mapreduce.lib.output.FileOutputCommitter
[2024-09-22T21:30:51.518+0000] {ssh.py:524} INFO - 24/09/22 21:30:51 INFO PythonRunner: Times: total = 587, boot = 489, init = 98, finish = 0
[2024-09-22T21:30:51.522+0000] {ssh.py:524} INFO - 24/09/22 21:30:51 WARN AbstractS3ACommitterFactory: Using standard FileOutputCommitter to commit work. This is slow and potentially unsafe.
[2024-09-22T21:30:51.526+0000] {ssh.py:524} INFO - 24/09/22 21:30:51 INFO FileOutputCommitter: File Output Committer Algorithm version is 1
[2024-09-22T21:30:51.527+0000] {ssh.py:524} INFO - 24/09/22 21:30:51 INFO FileOutputCommitter: FileOutputCommitter skip cleanup _temporary folders under output directory:false, ignore cleanup failures: false
[2024-09-22T21:30:51.527+0000] {ssh.py:524} INFO - 24/09/22 21:30:51 INFO AbstractS3ACommitterFactory: Using Committer FileOutputCommitter{PathOutputCommitter{context=TaskAttemptContextImpl{JobContextImpl{jobId=job_202409222130505239289301314238597_0000}; taskId=attempt_202409222130505239289301314238597_0000_m_000010_10, status=''}; org.apache.hadoop.mapreduce.lib.output.FileOutputCommitter@4a09579d}; outputPath=s3a://raw/olhovivo/corredor/dt=2024-09-22, workPath=s3a://raw/olhovivo/corredor/dt=2024-09-22/_temporary/0/_temporary/attempt_202409222130505239289301314238597_0000_m_000010_10, algorithmVersion=1, skipCleanup=false, ignoreCleanupFailures=false} for s3a://raw/olhovivo/corredor/dt=2024-09-22
[2024-09-22T21:30:51.527+0000] {ssh.py:524} INFO - 24/09/22 21:30:51 INFO SQLHadoopMapReduceCommitProtocol: Using output committer class org.apache.hadoop.mapreduce.lib.output.FileOutputCommitter
[2024-09-22T21:30:51.540+0000] {ssh.py:524} INFO - 24/09/22 21:30:51 INFO SparkHadoopMapRedUtil: No need to commit output of task because needsTaskCommit=false: attempt_20240922213050640099445230227734_0000_m_000004_4
[2024-09-22T21:30:51.560+0000] {ssh.py:524} INFO - 24/09/22 21:30:51 INFO Executor: Finished task 4.0 in stage 0.0 (TID 4). 2871 bytes result sent to driver
[2024-09-22T21:30:51.561+0000] {ssh.py:524} INFO - 24/09/22 21:30:51 WARN AbstractS3ACommitterFactory: Using standard FileOutputCommitter to commit work. This is slow and potentially unsafe.
[2024-09-22T21:30:51.562+0000] {ssh.py:524} INFO - 24/09/22 21:30:51 INFO FileOutputCommitter: File Output Committer Algorithm version is 1
[2024-09-22T21:30:51.562+0000] {ssh.py:524} INFO - 24/09/22 21:30:51 INFO FileOutputCommitter: FileOutputCommitter skip cleanup _temporary folders under output directory:false, ignore cleanup failures: false
[2024-09-22T21:30:51.563+0000] {ssh.py:524} INFO - 24/09/22 21:30:51 INFO AbstractS3ACommitterFactory: Using Committer FileOutputCommitter{PathOutputCommitter{context=TaskAttemptContextImpl{JobContextImpl{jobId=job_202409222130508165592303310621639_0000}; taskId=attempt_202409222130508165592303310621639_0000_m_000003_3, status=''}; org.apache.hadoop.mapreduce.lib.output.FileOutputCommitter@183b3e7d}; outputPath=s3a://raw/olhovivo/corredor/dt=2024-09-22, workPath=s3a://raw/olhovivo/corredor/dt=2024-09-22/_temporary/0/_temporary/attempt_202409222130508165592303310621639_0000_m_000003_3, algorithmVersion=1, skipCleanup=false, ignoreCleanupFailures=false} for s3a://raw/olhovivo/corredor/dt=2024-09-22
[2024-09-22T21:30:51.563+0000] {ssh.py:524} INFO - 24/09/22 21:30:51 INFO SQLHadoopMapReduceCommitProtocol: Using output committer class org.apache.hadoop.mapreduce.lib.output.FileOutputCommitter
[2024-09-22T21:30:51.568+0000] {ssh.py:524} INFO - 24/09/22 21:30:51 INFO PythonRunner: Times: total = 605, boot = 477, init = 127, finish = 1
[2024-09-22T21:30:51.574+0000] {ssh.py:524} INFO - 24/09/22 21:30:51 INFO PythonRunner: Times: total = 567, boot = 480, init = 87, finish = 0
[2024-09-22T21:30:51.575+0000] {ssh.py:524} INFO - 24/09/22 21:30:51 INFO PythonRunner: Times: total = 568, boot = 474, init = 94, finish = 0
[2024-09-22T21:30:51.578+0000] {ssh.py:524} INFO - 24/09/22 21:30:51 INFO PythonRunner: Times: total = 595, boot = 502, init = 92, finish = 1
[2024-09-22T21:30:51.588+0000] {ssh.py:524} INFO - 24/09/22 21:30:51 WARN AbstractS3ACommitterFactory: Using standard FileOutputCommitter to commit work. This is slow and potentially unsafe.
[2024-09-22T21:30:51.588+0000] {ssh.py:524} INFO - 24/09/22 21:30:51 INFO FileOutputCommitter: File Output Committer Algorithm version is 1
[2024-09-22T21:30:51.589+0000] {ssh.py:524} INFO - 24/09/22 21:30:51 INFO FileOutputCommitter: FileOutputCommitter skip cleanup _temporary folders under output directory:false, ignore cleanup failures: false
[2024-09-22T21:30:51.589+0000] {ssh.py:524} INFO - 24/09/22 21:30:51 INFO AbstractS3ACommitterFactory: Using Committer FileOutputCommitter{PathOutputCommitter{context=TaskAttemptContextImpl{JobContextImpl{jobId=job_20240922213050504405624635855563_0000}; taskId=attempt_20240922213050504405624635855563_0000_m_000009_9, status=''}; org.apache.hadoop.mapreduce.lib.output.FileOutputCommitter@4d889ba1}; outputPath=s3a://raw/olhovivo/corredor/dt=2024-09-22, workPath=s3a://raw/olhovivo/corredor/dt=2024-09-22/_temporary/0/_temporary/attempt_20240922213050504405624635855563_0000_m_000009_9, algorithmVersion=1, skipCleanup=false, ignoreCleanupFailures=false} for s3a://raw/olhovivo/corredor/dt=2024-09-22
[2024-09-22T21:30:51.589+0000] {ssh.py:524} INFO - 24/09/22 21:30:51 INFO SQLHadoopMapReduceCommitProtocol: Using output committer class org.apache.hadoop.mapreduce.lib.output.FileOutputCommitter
[2024-09-22T21:30:51.591+0000] {ssh.py:524} INFO - 24/09/22 21:30:51 INFO PythonRunner: Times: total = 655, boot = 514, init = 141, finish = 0
[2024-09-22T21:30:51.598+0000] {ssh.py:524} INFO - 24/09/22 21:30:51 INFO SparkHadoopMapRedUtil: No need to commit output of task because needsTaskCommit=false: attempt_202409222130506266780257049744753_0000_m_000002_2
[2024-09-22T21:30:51.600+0000] {ssh.py:524} INFO - 24/09/22 21:30:51 INFO Executor: Finished task 2.0 in stage 0.0 (TID 2). 2828 bytes result sent to driver
[2024-09-22T21:30:51.601+0000] {ssh.py:524} INFO - 24/09/22 21:30:51 INFO PythonRunner: Times: total = 646, boot = 533, init = 113, finish = 0
[2024-09-22T21:30:51.609+0000] {ssh.py:524} INFO - 24/09/22 21:30:51 WARN AbstractS3ACommitterFactory: Using standard FileOutputCommitter to commit work. This is slow and potentially unsafe.
[2024-09-22T21:30:51.609+0000] {ssh.py:524} INFO - 24/09/22 21:30:51 INFO FileOutputCommitter: File Output Committer Algorithm version is 1
[2024-09-22T21:30:51.610+0000] {ssh.py:524} INFO - 24/09/22 21:30:51 INFO FileOutputCommitter: FileOutputCommitter skip cleanup _temporary folders under output directory:false, ignore cleanup failures: false
[2024-09-22T21:30:51.610+0000] {ssh.py:524} INFO - 24/09/22 21:30:51 INFO AbstractS3ACommitterFactory: Using Committer FileOutputCommitter{PathOutputCommitter{context=TaskAttemptContextImpl{JobContextImpl{jobId=job_202409222130506264768472926769105_0000}; taskId=attempt_202409222130506264768472926769105_0000_m_000007_7, status=''}; org.apache.hadoop.mapreduce.lib.output.FileOutputCommitter@2837ca16}; outputPath=s3a://raw/olhovivo/corredor/dt=2024-09-22, workPath=s3a://raw/olhovivo/corredor/dt=2024-09-22/_temporary/0/_temporary/attempt_202409222130506264768472926769105_0000_m_000007_7, algorithmVersion=1, skipCleanup=false, ignoreCleanupFailures=false} for s3a://raw/olhovivo/corredor/dt=2024-09-22
[2024-09-22T21:30:51.611+0000] {ssh.py:524} INFO - 24/09/22 21:30:51 INFO SQLHadoopMapReduceCommitProtocol: Using output committer class org.apache.hadoop.mapreduce.lib.output.FileOutputCommitter
[2024-09-22T21:30:51.627+0000] {ssh.py:524} INFO - 24/09/22 21:30:51 INFO PythonRunner: Times: total = 682, boot = 542, init = 140, finish = 0
[2024-09-22T21:30:51.647+0000] {ssh.py:524} INFO - 24/09/22 21:30:51 INFO PythonRunner: Times: total = 706, boot = 559, init = 146, finish = 1
[2024-09-22T21:30:51.649+0000] {ssh.py:524} INFO - 24/09/22 21:30:51 WARN AbstractS3ACommitterFactory: Using standard FileOutputCommitter to commit work. This is slow and potentially unsafe.
[2024-09-22T21:30:51.650+0000] {ssh.py:524} INFO - 24/09/22 21:30:51 INFO FileOutputCommitter: File Output Committer Algorithm version is 1
[2024-09-22T21:30:51.650+0000] {ssh.py:524} INFO - 24/09/22 21:30:51 INFO FileOutputCommitter: FileOutputCommitter skip cleanup _temporary folders under output directory:false, ignore cleanup failures: false
[2024-09-22T21:30:51.651+0000] {ssh.py:524} INFO - 24/09/22 21:30:51 INFO AbstractS3ACommitterFactory: Using Committer FileOutputCommitter{PathOutputCommitter{context=TaskAttemptContextImpl{JobContextImpl{jobId=job_202409222130502132393938691438239_0000}; taskId=attempt_202409222130502132393938691438239_0000_m_000005_5, status=''}; org.apache.hadoop.mapreduce.lib.output.FileOutputCommitter@681d59f3}; outputPath=s3a://raw/olhovivo/corredor/dt=2024-09-22, workPath=s3a://raw/olhovivo/corredor/dt=2024-09-22/_temporary/0/_temporary/attempt_202409222130502132393938691438239_0000_m_000005_5, algorithmVersion=1, skipCleanup=false, ignoreCleanupFailures=false} for s3a://raw/olhovivo/corredor/dt=2024-09-22
[2024-09-22T21:30:51.651+0000] {ssh.py:524} INFO - 24/09/22 21:30:51 INFO SQLHadoopMapReduceCommitProtocol: Using output committer class org.apache.hadoop.mapreduce.lib.output.FileOutputCommitter
[2024-09-22T21:30:51.656+0000] {ssh.py:524} INFO - 24/09/22 21:30:51 INFO PythonRunner: Times: total = 725, boot = 587, init = 137, finish = 1
[2024-09-22T21:30:51.667+0000] {ssh.py:524} INFO - 24/09/22 21:30:51 INFO PythonRunner: Times: total = 736, boot = 582, init = 154, finish = 0
[2024-09-22T21:30:51.705+0000] {ssh.py:524} INFO - 24/09/22 21:30:51 INFO TaskSetManager: Finished task 4.0 in stage 0.0 (TID 4) in 1042 ms on spark-master (executor driver) (1/12)
[2024-09-22T21:30:51.712+0000] {ssh.py:524} INFO - 24/09/22 21:30:51 INFO TaskSetManager: Finished task 2.0 in stage 0.0 (TID 2) in 1052 ms on spark-master (executor driver) (2/12)
[2024-09-22T21:30:51.776+0000] {ssh.py:524} INFO - 24/09/22 21:30:51 INFO SparkHadoopMapRedUtil: No need to commit output of task because needsTaskCommit=false: attempt_202409222130506264768472926769105_0000_m_000007_7
[2024-09-22T21:30:51.790+0000] {ssh.py:524} INFO - 24/09/22 21:30:51 INFO SparkHadoopMapRedUtil: No need to commit output of task because needsTaskCommit=false: attempt_20240922213050504405624635855563_0000_m_000009_9
[2024-09-22T21:30:51.791+0000] {ssh.py:524} INFO - 24/09/22 21:30:51 INFO PythonRunner: Times: total = 721, boot = 578, init = 143, finish = 0
[2024-09-22T21:30:51.791+0000] {ssh.py:524} INFO - 24/09/22 21:30:51 INFO Executor: Finished task 9.0 in stage 0.0 (TID 9). 2828 bytes result sent to driver
[2024-09-22T21:30:51.792+0000] {ssh.py:524} INFO - 24/09/22 21:30:51 INFO PythonAccumulatorV2: Connected to AccumulatorServer at host: 127.0.0.1 port: 52805
[2024-09-22T21:30:51.797+0000] {ssh.py:524} INFO - 24/09/22 21:30:51 INFO Executor: Finished task 7.0 in stage 0.0 (TID 7). 2828 bytes result sent to driver
[2024-09-22T21:30:51.821+0000] {ssh.py:524} INFO - 24/09/22 21:30:51 INFO TaskSetManager: Finished task 9.0 in stage 0.0 (TID 9) in 1154 ms on spark-master (executor driver) (3/12)
[2024-09-22T21:30:51.855+0000] {ssh.py:524} INFO - 24/09/22 21:30:51 INFO TaskSetManager: Finished task 7.0 in stage 0.0 (TID 7) in 1189 ms on spark-master (executor driver) (4/12)
[2024-09-22T21:30:52.185+0000] {ssh.py:524} INFO - 24/09/22 21:30:52 INFO FileOutputCommitter: Saved output of task 'attempt_202409222130505747680646467895960_0000_m_000008_8' to s3a://raw/olhovivo/corredor/dt=2024-09-22/_temporary/0/task_202409222130505747680646467895960_0000_m_000008
[2024-09-22T21:30:52.186+0000] {ssh.py:524} INFO - 24/09/22 21:30:52 INFO SparkHadoopMapRedUtil: attempt_202409222130505747680646467895960_0000_m_000008_8: Committed. Elapsed time: 378 ms.
[2024-09-22T21:30:52.187+0000] {ssh.py:524} INFO - 24/09/22 21:30:52 INFO FileOutputCommitter: Saved output of task 'attempt_202409222130503983034046406133912_0000_m_000001_1' to s3a://raw/olhovivo/corredor/dt=2024-09-22/_temporary/0/task_202409222130503983034046406133912_0000_m_000001
[2024-09-22T21:30:52.187+0000] {ssh.py:524} INFO - 24/09/22 21:30:52 INFO SparkHadoopMapRedUtil: attempt_202409222130503983034046406133912_0000_m_000001_1: Committed. Elapsed time: 352 ms.
[2024-09-22T21:30:52.191+0000] {ssh.py:524} INFO - 24/09/22 21:30:52 INFO Executor: Finished task 8.0 in stage 0.0 (TID 8). 2914 bytes result sent to driver
[2024-09-22T21:30:52.191+0000] {ssh.py:524} INFO - 24/09/22 21:30:52 INFO Executor: Finished task 1.0 in stage 0.0 (TID 1). 2914 bytes result sent to driver
[2024-09-22T21:30:52.193+0000] {ssh.py:524} INFO - 24/09/22 21:30:52 INFO TaskSetManager: Finished task 8.0 in stage 0.0 (TID 8) in 1528 ms on spark-master (executor driver) (5/12)
[2024-09-22T21:30:52.199+0000] {ssh.py:524} INFO - 24/09/22 21:30:52 INFO FileOutputCommitter: Saved output of task 'attempt_202409222130507982191111454572618_0000_m_000000_0' to s3a://raw/olhovivo/corredor/dt=2024-09-22/_temporary/0/task_202409222130507982191111454572618_0000_m_000000
[2024-09-22T21:30:52.200+0000] {ssh.py:524} INFO - 24/09/22 21:30:52 INFO SparkHadoopMapRedUtil: attempt_202409222130507982191111454572618_0000_m_000000_0: Committed. Elapsed time: 318 ms.
[2024-09-22T21:30:52.200+0000] {ssh.py:524} INFO - 24/09/22 21:30:52 INFO FileOutputCommitter: Saved output of task 'attempt_202409222130504099914810417912094_0000_m_000011_11' to s3a://raw/olhovivo/corredor/dt=2024-09-22/_temporary/0/task_202409222130504099914810417912094_0000_m_000011
[2024-09-22T21:30:52.201+0000] {ssh.py:524} INFO - 24/09/22 21:30:52 INFO SparkHadoopMapRedUtil: attempt_202409222130504099914810417912094_0000_m_000011_11: Committed. Elapsed time: 365 ms.
[2024-09-22T21:30:52.201+0000] {ssh.py:524} INFO - 24/09/22 21:30:52 INFO TaskSetManager: Finished task 1.0 in stage 0.0 (TID 1) in 1540 ms on spark-master (executor driver) (6/12)
[2024-09-22T21:30:52.204+0000] {ssh.py:524} INFO - 24/09/22 21:30:52 INFO Executor: Finished task 11.0 in stage 0.0 (TID 11). 2914 bytes result sent to driver
[2024-09-22T21:30:52.206+0000] {ssh.py:524} INFO - 24/09/22 21:30:52 INFO FileOutputCommitter: Saved output of task 'attempt_202409222130505239289301314238597_0000_m_000010_10' to s3a://raw/olhovivo/corredor/dt=2024-09-22/_temporary/0/task_202409222130505239289301314238597_0000_m_000010
[2024-09-22T21:30:52.207+0000] {ssh.py:524} INFO - 24/09/22 21:30:52 INFO SparkHadoopMapRedUtil: attempt_202409222130505239289301314238597_0000_m_000010_10: Committed. Elapsed time: 354 ms.
[2024-09-22T21:30:52.207+0000] {ssh.py:524} INFO - 24/09/22 21:30:52 INFO TaskSetManager: Finished task 11.0 in stage 0.0 (TID 11) in 1534 ms on spark-master (executor driver) (7/12)
[2024-09-22T21:30:52.208+0000] {ssh.py:524} INFO - 24/09/22 21:30:52 INFO Executor: Finished task 0.0 in stage 0.0 (TID 0). 2828 bytes result sent to driver
[2024-09-22T21:30:52.208+0000] {ssh.py:524} INFO - 24/09/22 21:30:52 INFO Executor: Finished task 10.0 in stage 0.0 (TID 10). 2914 bytes result sent to driver
[2024-09-22T21:30:52.210+0000] {ssh.py:524} INFO - 24/09/22 21:30:52 INFO TaskSetManager: Finished task 0.0 in stage 0.0 (TID 0) in 1564 ms on spark-master (executor driver) (8/12)
[2024-09-22T21:30:52.213+0000] {ssh.py:524} INFO - 24/09/22 21:30:52 INFO FileOutputCommitter: Saved output of task 'attempt_202409222130503161288183201594440_0000_m_000006_6' to s3a://raw/olhovivo/corredor/dt=2024-09-22/_temporary/0/task_202409222130503161288183201594440_0000_m_000006
[2024-09-22T21:30:52.213+0000] {ssh.py:524} INFO - 24/09/22 21:30:52 INFO TaskSetManager: Finished task 10.0 in stage 0.0 (TID 10) in 1544 ms on spark-master (executor driver) (9/12)
[2024-09-22T21:30:52.214+0000] {ssh.py:524} INFO - 24/09/22 21:30:52 INFO SparkHadoopMapRedUtil: attempt_202409222130503161288183201594440_0000_m_000006_6: Committed. Elapsed time: 415 ms.
[2024-09-22T21:30:52.216+0000] {ssh.py:524} INFO - 24/09/22 21:30:52 INFO FileOutputCommitter: Saved output of task 'attempt_202409222130508165592303310621639_0000_m_000003_3' to s3a://raw/olhovivo/corredor/dt=2024-09-22/_temporary/0/task_202409222130508165592303310621639_0000_m_000003
[2024-09-22T21:30:52.217+0000] {ssh.py:524} INFO - 24/09/22 21:30:52 INFO SparkHadoopMapRedUtil: attempt_202409222130508165592303310621639_0000_m_000003_3: Committed. Elapsed time: 354 ms.
[2024-09-22T21:30:52.219+0000] {ssh.py:524} INFO - 24/09/22 21:30:52 INFO Executor: Finished task 6.0 in stage 0.0 (TID 6). 2914 bytes result sent to driver
[2024-09-22T21:30:52.221+0000] {ssh.py:524} INFO - 24/09/22 21:30:52 INFO Executor: Finished task 3.0 in stage 0.0 (TID 3). 2914 bytes result sent to driver
[2024-09-22T21:30:52.221+0000] {ssh.py:524} INFO - 24/09/22 21:30:52 INFO TaskSetManager: Finished task 6.0 in stage 0.0 (TID 6) in 1557 ms on spark-master (executor driver) (10/12)
[2024-09-22T21:30:52.224+0000] {ssh.py:524} INFO - 24/09/22 21:30:52 INFO TaskSetManager: Finished task 3.0 in stage 0.0 (TID 3) in 1562 ms on spark-master (executor driver) (11/12)
[2024-09-22T21:30:52.259+0000] {ssh.py:524} INFO - 24/09/22 21:30:52 INFO FileOutputCommitter: Saved output of task 'attempt_202409222130502132393938691438239_0000_m_000005_5' to s3a://raw/olhovivo/corredor/dt=2024-09-22/_temporary/0/task_202409222130502132393938691438239_0000_m_000005
[2024-09-22T21:30:52.259+0000] {ssh.py:524} INFO - 24/09/22 21:30:52 INFO SparkHadoopMapRedUtil: attempt_202409222130502132393938691438239_0000_m_000005_5: Committed. Elapsed time: 383 ms.
[2024-09-22T21:30:52.261+0000] {ssh.py:524} INFO - 24/09/22 21:30:52 INFO Executor: Finished task 5.0 in stage 0.0 (TID 5). 2914 bytes result sent to driver
[2024-09-22T21:30:52.262+0000] {ssh.py:524} INFO - 24/09/22 21:30:52 INFO TaskSetManager: Finished task 5.0 in stage 0.0 (TID 5) in 1600 ms on spark-master (executor driver) (12/12)
[2024-09-22T21:30:52.263+0000] {ssh.py:524} INFO - 24/09/22 21:30:52 INFO TaskSchedulerImpl: Removed TaskSet 0.0, whose tasks have all completed, from pool 
[2024-09-22T21:30:52.266+0000] {ssh.py:524} INFO - 24/09/22 21:30:52 INFO DAGScheduler: ResultStage 0 (save at NativeMethodAccessorImpl.java:0) finished in 1.773 s
[2024-09-22T21:30:52.268+0000] {ssh.py:524} INFO - 24/09/22 21:30:52 INFO DAGScheduler: Job 0 is finished. Cancelling potential speculative or zombie tasks for this job
[2024-09-22T21:30:52.269+0000] {ssh.py:524} INFO - 24/09/22 21:30:52 INFO TaskSchedulerImpl: Killing all running tasks in stage 0: Stage finished
[2024-09-22T21:30:52.272+0000] {ssh.py:524} INFO - 24/09/22 21:30:52 INFO DAGScheduler: Job 0 finished: save at NativeMethodAccessorImpl.java:0, took 1.805097 s
[2024-09-22T21:30:52.274+0000] {ssh.py:524} INFO - 24/09/22 21:30:52 INFO FileFormatWriter: Start to commit write Job d18411b4-327e-4012-a706-99c38b2bed2d.
[2024-09-22T21:30:53.283+0000] {ssh.py:524} INFO - 24/09/22 21:30:53 INFO FileFormatWriter: Write Job d18411b4-327e-4012-a706-99c38b2bed2d committed. Elapsed time: 1007 ms.
[2024-09-22T21:30:53.288+0000] {ssh.py:524} INFO - 24/09/22 21:30:53 INFO FileFormatWriter: Finished processing stats for write job d18411b4-327e-4012-a706-99c38b2bed2d.
[2024-09-22T21:30:53.298+0000] {ssh.py:524} INFO - [DEBUG] Done.
[2024-09-22T21:30:53.355+0000] {ssh.py:524} INFO - 24/09/22 21:30:53 INFO SparkContext: Invoking stop() from shutdown hook
[2024-09-22T21:30:53.367+0000] {ssh.py:524} INFO - 24/09/22 21:30:53 INFO SparkUI: Stopped Spark web UI at http://spark-master:4042
[2024-09-22T21:30:53.400+0000] {ssh.py:524} INFO - 24/09/22 21:30:53 INFO MapOutputTrackerMasterEndpoint: MapOutputTrackerMasterEndpoint stopped!
[2024-09-22T21:30:53.423+0000] {ssh.py:524} INFO - 24/09/22 21:30:53 INFO MemoryStore: MemoryStore cleared
[2024-09-22T21:30:53.424+0000] {ssh.py:524} INFO - 24/09/22 21:30:53 INFO BlockManager: BlockManager stopped
[2024-09-22T21:30:53.430+0000] {ssh.py:524} INFO - 24/09/22 21:30:53 INFO BlockManagerMaster: BlockManagerMaster stopped
[2024-09-22T21:30:53.432+0000] {ssh.py:524} INFO - 24/09/22 21:30:53 INFO OutputCommitCoordinator$OutputCommitCoordinatorEndpoint: OutputCommitCoordinator stopped!
[2024-09-22T21:30:53.441+0000] {ssh.py:524} INFO - 24/09/22 21:30:53 INFO SparkContext: Successfully stopped SparkContext
[2024-09-22T21:30:53.442+0000] {ssh.py:524} INFO - 24/09/22 21:30:53 INFO ShutdownHookManager: Shutdown hook called
[2024-09-22T21:30:53.442+0000] {ssh.py:524} INFO - 24/09/22 21:30:53 INFO ShutdownHookManager: Deleting directory /tmp/spark-344e6101-6400-4bb3-a864-bf4fd919f9c8/pyspark-260b11db-83b5-4e76-b3db-191e4e1b8dde
[2024-09-22T21:30:53.446+0000] {ssh.py:524} INFO - 24/09/22 21:30:53 INFO ShutdownHookManager: Deleting directory /tmp/spark-9e6b3604-ed49-4b6f-9939-12f7888cc7b9
[2024-09-22T21:30:53.450+0000] {ssh.py:524} INFO - 24/09/22 21:30:53 INFO ShutdownHookManager: Deleting directory /tmp/spark-344e6101-6400-4bb3-a864-bf4fd919f9c8
[2024-09-22T21:30:53.462+0000] {ssh.py:524} INFO - 24/09/22 21:30:53 INFO MetricsSystemImpl: Stopping s3a-file-system metrics system...
[2024-09-22T21:30:53.463+0000] {ssh.py:524} INFO - 24/09/22 21:30:53 INFO MetricsSystemImpl: s3a-file-system metrics system stopped.
[2024-09-22T21:30:53.467+0000] {ssh.py:524} INFO - 24/09/22 21:30:53 INFO MetricsSystemImpl: s3a-file-system metrics system shutdown complete.
[2024-09-22T21:30:53.651+0000] {taskinstance.py:1400} INFO - Marking task as SUCCESS. dag_id=raw_ingestion, task_id=spark_raw_ingestion_corredor, execution_date=20240922T004146, start_date=20240922T213040, end_date=20240922T213053
[2024-09-22T21:30:53.687+0000] {local_task_job_runner.py:228} INFO - Task exited with return code 0
[2024-09-22T21:30:53.748+0000] {taskinstance.py:2778} INFO - 0 downstream tasks scheduled from follow-on schedule check
