[2024-09-23T22:45:00.781+0000] {taskinstance.py:1159} INFO - Dependencies all met for dep_context=non-requeueable deps ti=<TaskInstance: raw_ingestion_15min.spark_raw_ingestion_corredor scheduled__2024-09-23T22:30:00+00:00 [queued]>
[2024-09-23T22:45:00.790+0000] {taskinstance.py:1159} INFO - Dependencies all met for dep_context=requeueable deps ti=<TaskInstance: raw_ingestion_15min.spark_raw_ingestion_corredor scheduled__2024-09-23T22:30:00+00:00 [queued]>
[2024-09-23T22:45:00.791+0000] {taskinstance.py:1361} INFO - Starting attempt 1 of 1
[2024-09-23T22:45:00.805+0000] {taskinstance.py:1382} INFO - Executing <Task(SSHOperator): spark_raw_ingestion_corredor> on 2024-09-23 22:30:00+00:00
[2024-09-23T22:45:00.809+0000] {standard_task_runner.py:57} INFO - Started process 692 to run task
[2024-09-23T22:45:00.812+0000] {standard_task_runner.py:84} INFO - Running: ['airflow', 'tasks', 'run', 'raw_ingestion_15min', 'spark_raw_ingestion_corredor', 'scheduled__2024-09-23T22:30:00+00:00', '--job-id', '515', '--raw', '--subdir', 'DAGS_FOLDER/raw_ingestion_15min.py', '--cfg-path', '/tmp/tmpxqxhkpku']
[2024-09-23T22:45:00.812+0000] {standard_task_runner.py:85} INFO - Job 515: Subtask spark_raw_ingestion_corredor
[2024-09-23T22:45:00.945+0000] {task_command.py:416} INFO - Running <TaskInstance: raw_ingestion_15min.spark_raw_ingestion_corredor scheduled__2024-09-23T22:30:00+00:00 [running]> on host airflow-worker
[2024-09-23T22:45:01.147+0000] {taskinstance.py:1662} INFO - Exporting env vars: AIRFLOW_CTX_DAG_OWNER='***' AIRFLOW_CTX_DAG_ID='raw_ingestion_15min' AIRFLOW_CTX_TASK_ID='spark_raw_ingestion_corredor' AIRFLOW_CTX_EXECUTION_DATE='2024-09-23T22:30:00+00:00' AIRFLOW_CTX_TRY_NUMBER='1' AIRFLOW_CTX_DAG_RUN_ID='scheduled__2024-09-23T22:30:00+00:00'
[2024-09-23T22:45:01.147+0000] {ssh.py:141} INFO - Creating ssh_client
[2024-09-23T22:45:01.147+0000] {ssh.py:114} INFO - ssh_hook is not provided or invalid. Trying ssh_conn_id to create SSHHook.
[2024-09-23T22:45:01.175+0000] {base.py:73} INFO - Using connection ID 'spark_ssh_default' for task execution.
[2024-09-23T22:45:01.176+0000] {ssh.py:300} WARNING - No Host Key Verification. This won't protect against Man-In-The-Middle attacks
[2024-09-23T22:45:01.183+0000] {transport.py:1893} INFO - Connected (version 2.0, client OpenSSH_8.9p1)
[2024-09-23T22:45:01.310+0000] {transport.py:1893} INFO - Authentication (password) successful!
[2024-09-23T22:45:01.311+0000] {ssh.py:478} INFO - Running command: export SPARK_HOME=/usr/local/spark; /opt/conda/bin/spark-submit --master local[*] --driver-cores 2 --executor-cores 2 --driver-memory 4G --executor-memory 4G /opt/shared/scripts/raw_ingestion.py 2024-09-23 corredor
[2024-09-23T22:45:03.808+0000] {ssh.py:524} INFO - [DEBUG] dt_now: 2024-09-23
[2024-09-23T22:45:03.808+0000] {ssh.py:524} INFO - [DEBUG] endpoint: corredor
[2024-09-23T22:45:03.870+0000] {ssh.py:524} INFO - 24/09/23 22:45:03 INFO SparkContext: Running Spark version 3.3.1
[2024-09-23T22:45:03.893+0000] {ssh.py:524} INFO - 24/09/23 22:45:03 WARN NativeCodeLoader: Unable to load native-hadoop library for your platform... using builtin-java classes where applicable
[2024-09-23T22:45:03.993+0000] {ssh.py:524} INFO - 24/09/23 22:45:03 INFO ResourceUtils: ==============================================================
[2024-09-23T22:45:03.994+0000] {ssh.py:524} INFO - 24/09/23 22:45:03 INFO ResourceUtils: No custom resources configured for spark.driver.
[2024-09-23T22:45:03.994+0000] {ssh.py:524} INFO - 24/09/23 22:45:03 INFO ResourceUtils: ==============================================================
[2024-09-23T22:45:03.995+0000] {ssh.py:524} INFO - 24/09/23 22:45:03 INFO SparkContext: Submitted application: raw_ingestion_corredor
[2024-09-23T22:45:04.015+0000] {ssh.py:524} INFO - 24/09/23 22:45:04 INFO ResourceProfile: Default ResourceProfile created, executor resources: Map(cores -> name: cores, amount: 1, script: , vendor: , memory -> name: memory, amount: 1024, script: , vendor: , offHeap -> name: offHeap, amount: 0, script: , vendor: ), task resources: Map(cpus -> name: cpus, amount: 1.0)
[2024-09-23T22:45:04.024+0000] {ssh.py:524} INFO - 24/09/23 22:45:04 INFO ResourceProfile: Limiting resource is cpu
[2024-09-23T22:45:04.025+0000] {ssh.py:524} INFO - 24/09/23 22:45:04 INFO ResourceProfileManager: Added ResourceProfile id: 0
[2024-09-23T22:45:04.067+0000] {ssh.py:524} INFO - 24/09/23 22:45:04 INFO SecurityManager: Changing view acls to: root
[2024-09-23T22:45:04.068+0000] {ssh.py:524} INFO - 24/09/23 22:45:04 INFO SecurityManager: Changing modify acls to: root
[2024-09-23T22:45:04.068+0000] {ssh.py:524} INFO - 24/09/23 22:45:04 INFO SecurityManager: Changing view acls groups to: 
[2024-09-23T22:45:04.069+0000] {ssh.py:524} INFO - 24/09/23 22:45:04 INFO SecurityManager: Changing modify acls groups to: 
[2024-09-23T22:45:04.069+0000] {ssh.py:524} INFO - 24/09/23 22:45:04 INFO SecurityManager: SecurityManager: authentication disabled; ui acls disabled; users  with view permissions: Set(root); groups with view permissions: Set(); users  with modify permissions: Set(root); groups with modify permissions: Set()
[2024-09-23T22:45:04.342+0000] {ssh.py:524} INFO - 24/09/23 22:45:04 INFO Utils: Successfully started service 'sparkDriver' on port 34999.
[2024-09-23T22:45:04.373+0000] {ssh.py:524} INFO - 24/09/23 22:45:04 INFO SparkEnv: Registering MapOutputTracker
[2024-09-23T22:45:04.405+0000] {ssh.py:524} INFO - 24/09/23 22:45:04 INFO SparkEnv: Registering BlockManagerMaster
[2024-09-23T22:45:04.423+0000] {ssh.py:524} INFO - 24/09/23 22:45:04 INFO BlockManagerMasterEndpoint: Using org.apache.spark.storage.DefaultTopologyMapper for getting topology information
[2024-09-23T22:45:04.424+0000] {ssh.py:524} INFO - 24/09/23 22:45:04 INFO BlockManagerMasterEndpoint: BlockManagerMasterEndpoint up
[2024-09-23T22:45:04.427+0000] {ssh.py:524} INFO - 24/09/23 22:45:04 INFO SparkEnv: Registering BlockManagerMasterHeartbeat
[2024-09-23T22:45:04.446+0000] {ssh.py:524} INFO - 24/09/23 22:45:04 INFO DiskBlockManager: Created local directory at /tmp/blockmgr-d1d5c011-7b76-4ed5-839c-8a01e21a2372
[2024-09-23T22:45:04.462+0000] {ssh.py:524} INFO - 24/09/23 22:45:04 INFO MemoryStore: MemoryStore started with capacity 2.2 GiB
[2024-09-23T22:45:04.481+0000] {ssh.py:524} INFO - 24/09/23 22:45:04 INFO SparkEnv: Registering OutputCommitCoordinator
[2024-09-23T22:45:04.671+0000] {ssh.py:524} INFO - 24/09/23 22:45:04 WARN Utils: Service 'SparkUI' could not bind on port 4040. Attempting port 4041.
[2024-09-23T22:45:04.672+0000] {ssh.py:524} INFO - 24/09/23 22:45:04 WARN Utils: Service 'SparkUI' could not bind on port 4041. Attempting port 4042.
[2024-09-23T22:45:04.680+0000] {ssh.py:524} INFO - 24/09/23 22:45:04 INFO Utils: Successfully started service 'SparkUI' on port 4042.
[2024-09-23T22:45:04.806+0000] {ssh.py:524} INFO - 24/09/23 22:45:04 INFO Executor: Starting executor ID driver on host spark-master
[2024-09-23T22:45:04.813+0000] {ssh.py:524} INFO - 24/09/23 22:45:04 INFO Executor: Starting executor with user classpath (userClassPathFirst = false): ''
[2024-09-23T22:45:04.833+0000] {ssh.py:524} INFO - 24/09/23 22:45:04 INFO Utils: Successfully started service 'org.apache.spark.network.netty.NettyBlockTransferService' on port 41633.
[2024-09-23T22:45:04.833+0000] {ssh.py:524} INFO - 24/09/23 22:45:04 INFO NettyBlockTransferService: Server created on spark-master:41633
[2024-09-23T22:45:04.835+0000] {ssh.py:524} INFO - 24/09/23 22:45:04 INFO BlockManager: Using org.apache.spark.storage.RandomBlockReplicationPolicy for block replication policy
[2024-09-23T22:45:04.841+0000] {ssh.py:524} INFO - 24/09/23 22:45:04 INFO BlockManagerMaster: Registering BlockManager BlockManagerId(driver, spark-master, 41633, None)
[2024-09-23T22:45:04.844+0000] {ssh.py:524} INFO - 24/09/23 22:45:04 INFO BlockManagerMasterEndpoint: Registering block manager spark-master:41633 with 2.2 GiB RAM, BlockManagerId(driver, spark-master, 41633, None)
[2024-09-23T22:45:04.848+0000] {ssh.py:524} INFO - 24/09/23 22:45:04 INFO BlockManagerMaster: Registered BlockManager BlockManagerId(driver, spark-master, 41633, None)
[2024-09-23T22:45:04.850+0000] {ssh.py:524} INFO - 24/09/23 22:45:04 INFO BlockManager: Initialized BlockManager: BlockManagerId(driver, spark-master, 41633, None)
[2024-09-23T22:45:05.890+0000] {ssh.py:524} INFO - 24/09/23 22:45:05 INFO SharedState: Setting hive.metastore.warehouse.dir ('null') to the value of spark.sql.warehouse.dir.
[2024-09-23T22:45:05.897+0000] {ssh.py:524} INFO - 24/09/23 22:45:05 INFO SharedState: Warehouse path is 'file:/root/spark-warehouse'.
[2024-09-23T22:45:07.797+0000] {ssh.py:524} INFO - 24/09/23 22:45:07 WARN MetricsConfig: Cannot locate configuration: tried hadoop-metrics2-s3a-file-system.properties,hadoop-metrics2.properties
[2024-09-23T22:45:07.809+0000] {ssh.py:524} INFO - 24/09/23 22:45:07 INFO MetricsSystemImpl: Scheduled Metric snapshot period at 10 second(s).
[2024-09-23T22:45:07.810+0000] {ssh.py:524} INFO - 24/09/23 22:45:07 INFO MetricsSystemImpl: s3a-file-system metrics system started
[2024-09-23T22:45:08.777+0000] {ssh.py:524} INFO - 24/09/23 22:45:08 WARN AbstractS3ACommitterFactory: Using standard FileOutputCommitter to commit work. This is slow and potentially unsafe.
[2024-09-23T22:45:08.778+0000] {ssh.py:524} INFO - 24/09/23 22:45:08 INFO FileOutputCommitter: File Output Committer Algorithm version is 1
[2024-09-23T22:45:08.778+0000] {ssh.py:524} INFO - 24/09/23 22:45:08 INFO FileOutputCommitter: FileOutputCommitter skip cleanup _temporary folders under output directory:false, ignore cleanup failures: false
[2024-09-23T22:45:08.780+0000] {ssh.py:524} INFO - 24/09/23 22:45:08 INFO AbstractS3ACommitterFactory: Using Committer FileOutputCommitter{PathOutputCommitter{context=TaskAttemptContextImpl{JobContextImpl{jobId=job_202409232245085799102195814725806_0000}; taskId=attempt_202409232245085799102195814725806_0000_m_000000_0, status=''}; org.apache.hadoop.mapreduce.lib.output.FileOutputCommitter@42f3d2e6}; outputPath=s3a://raw/olhovivo/corredor/dt=2024-09-23, workPath=s3a://raw/olhovivo/corredor/dt=2024-09-23/_temporary/0/_temporary/attempt_202409232245085799102195814725806_0000_m_000000_0, algorithmVersion=1, skipCleanup=false, ignoreCleanupFailures=false} for s3a://raw/olhovivo/corredor/dt=2024-09-23
[2024-09-23T22:45:08.780+0000] {ssh.py:524} INFO - 24/09/23 22:45:08 INFO SQLHadoopMapReduceCommitProtocol: Using output committer class org.apache.hadoop.mapreduce.lib.output.FileOutputCommitter
[2024-09-23T22:45:09.163+0000] {ssh.py:524} INFO - 24/09/23 22:45:09 INFO CodeGenerator: Code generated in 106.789712 ms
[2024-09-23T22:45:09.247+0000] {ssh.py:524} INFO - 24/09/23 22:45:09 INFO SparkContext: Starting job: save at NativeMethodAccessorImpl.java:0
[2024-09-23T22:45:09.257+0000] {ssh.py:524} INFO - 24/09/23 22:45:09 INFO DAGScheduler: Got job 0 (save at NativeMethodAccessorImpl.java:0) with 12 output partitions
[2024-09-23T22:45:09.257+0000] {ssh.py:524} INFO - 24/09/23 22:45:09 INFO DAGScheduler: Final stage: ResultStage 0 (save at NativeMethodAccessorImpl.java:0)
[2024-09-23T22:45:09.258+0000] {ssh.py:524} INFO - 24/09/23 22:45:09 INFO DAGScheduler: Parents of final stage: List()
[2024-09-23T22:45:09.258+0000] {ssh.py:524} INFO - 24/09/23 22:45:09 INFO DAGScheduler: Missing parents: List()
[2024-09-23T22:45:09.261+0000] {ssh.py:524} INFO - 24/09/23 22:45:09 INFO DAGScheduler: Submitting ResultStage 0 (MapPartitionsRDD[5] at save at NativeMethodAccessorImpl.java:0), which has no missing parents
[2024-09-23T22:45:09.351+0000] {ssh.py:524} INFO - 24/09/23 22:45:09 INFO MemoryStore: Block broadcast_0 stored as values in memory (estimated size 219.9 KiB, free 2.2 GiB)
[2024-09-23T22:45:09.381+0000] {ssh.py:524} INFO - 24/09/23 22:45:09 INFO MemoryStore: Block broadcast_0_piece0 stored as bytes in memory (estimated size 80.5 KiB, free 2.2 GiB)
[2024-09-23T22:45:09.385+0000] {ssh.py:524} INFO - 24/09/23 22:45:09 INFO BlockManagerInfo: Added broadcast_0_piece0 in memory on spark-master:41633 (size: 80.5 KiB, free: 2.2 GiB)
[2024-09-23T22:45:09.389+0000] {ssh.py:524} INFO - 24/09/23 22:45:09 INFO SparkContext: Created broadcast 0 from broadcast at DAGScheduler.scala:1513
[2024-09-23T22:45:09.402+0000] {ssh.py:524} INFO - 24/09/23 22:45:09 INFO DAGScheduler: Submitting 12 missing tasks from ResultStage 0 (MapPartitionsRDD[5] at save at NativeMethodAccessorImpl.java:0) (first 15 tasks are for partitions Vector(0, 1, 2, 3, 4, 5, 6, 7, 8, 9, 10, 11))
[2024-09-23T22:45:09.403+0000] {ssh.py:524} INFO - 24/09/23 22:45:09 INFO TaskSchedulerImpl: Adding task set 0.0 with 12 tasks resource profile 0
[2024-09-23T22:45:09.458+0000] {ssh.py:524} INFO - 24/09/23 22:45:09 INFO TaskSetManager: Starting task 0.0 in stage 0.0 (TID 0) (spark-master, executor driver, partition 0, PROCESS_LOCAL, 4433 bytes) taskResourceAssignments Map()
[2024-09-23T22:45:09.464+0000] {ssh.py:524} INFO - 24/09/23 22:45:09 INFO TaskSetManager: Starting task 1.0 in stage 0.0 (TID 1) (spark-master, executor driver, partition 1, PROCESS_LOCAL, 4476 bytes) taskResourceAssignments Map()
[2024-09-23T22:45:09.465+0000] {ssh.py:524} INFO - 24/09/23 22:45:09 INFO TaskSetManager: Starting task 2.0 in stage 0.0 (TID 2) (spark-master, executor driver, partition 2, PROCESS_LOCAL, 4433 bytes) taskResourceAssignments Map()
[2024-09-23T22:45:09.466+0000] {ssh.py:524} INFO - 24/09/23 22:45:09 INFO TaskSetManager: Starting task 3.0 in stage 0.0 (TID 3) (spark-master, executor driver, partition 3, PROCESS_LOCAL, 4484 bytes) taskResourceAssignments Map()
[2024-09-23T22:45:09.467+0000] {ssh.py:524} INFO - 24/09/23 22:45:09 INFO TaskSetManager: Starting task 4.0 in stage 0.0 (TID 4) (spark-master, executor driver, partition 4, PROCESS_LOCAL, 4433 bytes) taskResourceAssignments Map()
[2024-09-23T22:45:09.468+0000] {ssh.py:524} INFO - 24/09/23 22:45:09 INFO TaskSetManager: Starting task 5.0 in stage 0.0 (TID 5) (spark-master, executor driver, partition 5, PROCESS_LOCAL, 4480 bytes) taskResourceAssignments Map()
[2024-09-23T22:45:09.468+0000] {ssh.py:524} INFO - 24/09/23 22:45:09 INFO TaskSetManager: Starting task 6.0 in stage 0.0 (TID 6) (spark-master, executor driver, partition 6, PROCESS_LOCAL, 4476 bytes) taskResourceAssignments Map()
[2024-09-23T22:45:09.469+0000] {ssh.py:524} INFO - 24/09/23 22:45:09 INFO TaskSetManager: Starting task 7.0 in stage 0.0 (TID 7) (spark-master, executor driver, partition 7, PROCESS_LOCAL, 4433 bytes) taskResourceAssignments Map()
[2024-09-23T22:45:09.470+0000] {ssh.py:524} INFO - 24/09/23 22:45:09 INFO TaskSetManager: Starting task 8.0 in stage 0.0 (TID 8) (spark-master, executor driver, partition 8, PROCESS_LOCAL, 4473 bytes) taskResourceAssignments Map()
[2024-09-23T22:45:09.470+0000] {ssh.py:524} INFO - 24/09/23 22:45:09 INFO TaskSetManager: Starting task 9.0 in stage 0.0 (TID 9) (spark-master, executor driver, partition 9, PROCESS_LOCAL, 4433 bytes) taskResourceAssignments Map()
[2024-09-23T22:45:09.472+0000] {ssh.py:524} INFO - 24/09/23 22:45:09 INFO TaskSetManager: Starting task 10.0 in stage 0.0 (TID 10) (spark-master, executor driver, partition 10, PROCESS_LOCAL, 4476 bytes) taskResourceAssignments Map()
[2024-09-23T22:45:09.473+0000] {ssh.py:524} INFO - 24/09/23 22:45:09 INFO TaskSetManager: Starting task 11.0 in stage 0.0 (TID 11) (spark-master, executor driver, partition 11, PROCESS_LOCAL, 4479 bytes) taskResourceAssignments Map()
[2024-09-23T22:45:09.483+0000] {ssh.py:524} INFO - 24/09/23 22:45:09 INFO Executor: Running task 7.0 in stage 0.0 (TID 7)
[2024-09-23T22:45:09.485+0000] {ssh.py:524} INFO - 24/09/23 22:45:09 INFO Executor: Running task 1.0 in stage 0.0 (TID 1)
[2024-09-23T22:45:09.486+0000] {ssh.py:524} INFO - 24/09/23 22:45:09 INFO Executor: Running task 9.0 in stage 0.0 (TID 9)
[2024-09-23T22:45:09.486+0000] {ssh.py:524} INFO - 24/09/23 22:45:09 INFO Executor: Running task 5.0 in stage 0.0 (TID 5)
[2024-09-23T22:45:09.487+0000] {ssh.py:524} INFO - 24/09/23 22:45:09 INFO Executor: Running task 10.0 in stage 0.0 (TID 10)
[2024-09-23T22:45:09.488+0000] {ssh.py:524} INFO - 24/09/23 22:45:09 INFO Executor: Running task 3.0 in stage 0.0 (TID 3)
[2024-09-23T22:45:09.488+0000] {ssh.py:524} INFO - 24/09/23 22:45:09 INFO Executor: Running task 2.0 in stage 0.0 (TID 2)
[2024-09-23T22:45:09.488+0000] {ssh.py:524} INFO - 24/09/23 22:45:09 INFO Executor: Running task 6.0 in stage 0.0 (TID 6)
[2024-09-23T22:45:09.489+0000] {ssh.py:524} INFO - 24/09/23 22:45:09 INFO Executor: Running task 4.0 in stage 0.0 (TID 4)
[2024-09-23T22:45:09.490+0000] {ssh.py:524} INFO - 24/09/23 22:45:09 INFO Executor: Running task 0.0 in stage 0.0 (TID 0)
[2024-09-23T22:45:09.490+0000] {ssh.py:524} INFO - 24/09/23 22:45:09 INFO Executor: Running task 8.0 in stage 0.0 (TID 8)
[2024-09-23T22:45:09.491+0000] {ssh.py:524} INFO - 24/09/23 22:45:09 INFO Executor: Running task 11.0 in stage 0.0 (TID 11)
[2024-09-23T22:45:10.244+0000] {ssh.py:524} INFO - 24/09/23 22:45:10 WARN AbstractS3ACommitterFactory: Using standard FileOutputCommitter to commit work. This is slow and potentially unsafe.
[2024-09-23T22:45:10.245+0000] {ssh.py:524} INFO - 24/09/23 22:45:10 INFO FileOutputCommitter: File Output Committer Algorithm version is 1
[2024-09-23T22:45:10.245+0000] {ssh.py:524} INFO - 24/09/23 22:45:10 INFO FileOutputCommitter: FileOutputCommitter skip cleanup _temporary folders under output directory:false, ignore cleanup failures: false
[2024-09-23T22:45:10.247+0000] {ssh.py:524} INFO - 24/09/23 22:45:10 WARN AbstractS3ACommitterFactory: Using standard FileOutputCommitter to commit work. This is slow and potentially unsafe.
[2024-09-23T22:45:10.248+0000] {ssh.py:524} INFO - 24/09/23 22:45:10 INFO FileOutputCommitter: File Output Committer Algorithm version is 1
[2024-09-23T22:45:10.249+0000] {ssh.py:524} INFO - 24/09/23 22:45:10 INFO FileOutputCommitter: FileOutputCommitter skip cleanup _temporary folders under output directory:false, ignore cleanup failures: false
[2024-09-23T22:45:10.249+0000] {ssh.py:524} INFO - 24/09/23 22:45:10 INFO AbstractS3ACommitterFactory: Using Committer FileOutputCommitter{PathOutputCommitter{context=TaskAttemptContextImpl{JobContextImpl{jobId=job_202409232245094110864932990233380_0000}; taskId=attempt_202409232245094110864932990233380_0000_m_000009_9, status=''}; org.apache.hadoop.mapreduce.lib.output.FileOutputCommitter@36e4ba19}; outputPath=s3a://raw/olhovivo/corredor/dt=2024-09-23, workPath=s3a://raw/olhovivo/corredor/dt=2024-09-23/_temporary/0/_temporary/attempt_202409232245094110864932990233380_0000_m_000009_9, algorithmVersion=1, skipCleanup=false, ignoreCleanupFailures=false} for s3a://raw/olhovivo/corredor/dt=2024-09-23
[2024-09-23T22:45:10.250+0000] {ssh.py:524} INFO - 24/09/23 22:45:10 INFO SQLHadoopMapReduceCommitProtocol: Using output committer class org.apache.hadoop.mapreduce.lib.output.FileOutputCommitter
[2024-09-23T22:45:10.251+0000] {ssh.py:524} INFO - 24/09/23 22:45:10 INFO AbstractS3ACommitterFactory: Using Committer FileOutputCommitter{PathOutputCommitter{context=TaskAttemptContextImpl{JobContextImpl{jobId=job_202409232245097860688243753960542_0000}; taskId=attempt_202409232245097860688243753960542_0000_m_000011_11, status=''}; org.apache.hadoop.mapreduce.lib.output.FileOutputCommitter@20de707c}; outputPath=s3a://raw/olhovivo/corredor/dt=2024-09-23, workPath=s3a://raw/olhovivo/corredor/dt=2024-09-23/_temporary/0/_temporary/attempt_202409232245097860688243753960542_0000_m_000011_11, algorithmVersion=1, skipCleanup=false, ignoreCleanupFailures=false} for s3a://raw/olhovivo/corredor/dt=2024-09-23
[2024-09-23T22:45:10.251+0000] {ssh.py:524} INFO - 24/09/23 22:45:10 INFO SQLHadoopMapReduceCommitProtocol: Using output committer class org.apache.hadoop.mapreduce.lib.output.FileOutputCommitter
[2024-09-23T22:45:10.263+0000] {ssh.py:524} INFO - 24/09/23 22:45:10 WARN AbstractS3ACommitterFactory: Using standard FileOutputCommitter to commit work. This is slow and potentially unsafe.
[2024-09-23T22:45:10.264+0000] {ssh.py:524} INFO - 24/09/23 22:45:10 WARN AbstractS3ACommitterFactory: Using standard FileOutputCommitter to commit work. This is slow and potentially unsafe.
[2024-09-23T22:45:10.264+0000] {ssh.py:524} INFO - 24/09/23 22:45:10 INFO FileOutputCommitter: File Output Committer Algorithm version is 1
[2024-09-23T22:45:10.265+0000] {ssh.py:524} INFO - 24/09/23 22:45:10 INFO FileOutputCommitter: FileOutputCommitter skip cleanup _temporary folders under output directory:false, ignore cleanup failures: false
[2024-09-23T22:45:10.265+0000] {ssh.py:524} INFO - 24/09/23 22:45:10 INFO FileOutputCommitter: File Output Committer Algorithm version is 1
[2024-09-23T22:45:10.266+0000] {ssh.py:524} INFO - 24/09/23 22:45:10 INFO FileOutputCommitter: FileOutputCommitter skip cleanup _temporary folders under output directory:false, ignore cleanup failures: false
[2024-09-23T22:45:10.266+0000] {ssh.py:524} INFO - 24/09/23 22:45:10 INFO AbstractS3ACommitterFactory: Using Committer FileOutputCommitter{PathOutputCommitter{context=TaskAttemptContextImpl{JobContextImpl{jobId=job_202409232245098621066989831555781_0000}; taskId=attempt_202409232245098621066989831555781_0000_m_000010_10, status=''}; org.apache.hadoop.mapreduce.lib.output.FileOutputCommitter@50a97245}; outputPath=s3a://raw/olhovivo/corredor/dt=2024-09-23, workPath=s3a://raw/olhovivo/corredor/dt=2024-09-23/_temporary/0/_temporary/attempt_202409232245098621066989831555781_0000_m_000010_10, algorithmVersion=1, skipCleanup=false, ignoreCleanupFailures=false} for s3a://raw/olhovivo/corredor/dt=2024-09-23
[2024-09-23T22:45:10.266+0000] {ssh.py:524} INFO - 24/09/23 22:45:10 INFO AbstractS3ACommitterFactory: Using Committer FileOutputCommitter{PathOutputCommitter{context=TaskAttemptContextImpl{JobContextImpl{jobId=job_202409232245093523597513632205039_0000}; taskId=attempt_202409232245093523597513632205039_0000_m_000006_6, status=''}; org.apache.hadoop.mapreduce.lib.output.FileOutputCommitter@7782d5cd}; outputPath=s3a://raw/olhovivo/corredor/dt=2024-09-23, workPath=s3a://raw/olhovivo/corredor/dt=2024-09-23/_temporary/0/_temporary/attempt_202409232245093523597513632205039_0000_m_000006_6, algorithmVersion=1, skipCleanup=false, ignoreCleanupFailures=false} for s3a://raw/olhovivo/corredor/dt=2024-09-23
[2024-09-23T22:45:10.267+0000] {ssh.py:524} INFO - 24/09/23 22:45:10 INFO SQLHadoopMapReduceCommitProtocol: Using output committer class org.apache.hadoop.mapreduce.lib.output.FileOutputCommitter
[2024-09-23T22:45:10.267+0000] {ssh.py:524} INFO - 24/09/23 22:45:10 INFO SQLHadoopMapReduceCommitProtocol: Using output committer class org.apache.hadoop.mapreduce.lib.output.FileOutputCommitter
[2024-09-23T22:45:10.269+0000] {ssh.py:524} INFO - 24/09/23 22:45:10 WARN AbstractS3ACommitterFactory: Using standard FileOutputCommitter to commit work. This is slow and potentially unsafe.
[2024-09-23T22:45:10.269+0000] {ssh.py:524} INFO - 24/09/23 22:45:10 INFO FileOutputCommitter: File Output Committer Algorithm version is 1
[2024-09-23T22:45:10.270+0000] {ssh.py:524} INFO - 24/09/23 22:45:10 INFO FileOutputCommitter: FileOutputCommitter skip cleanup _temporary folders under output directory:false, ignore cleanup failures: false
[2024-09-23T22:45:10.271+0000] {ssh.py:524} INFO - 24/09/23 22:45:10 INFO AbstractS3ACommitterFactory: Using Committer FileOutputCommitter{PathOutputCommitter{context=TaskAttemptContextImpl{JobContextImpl{jobId=job_202409232245098480985220261102891_0000}; taskId=attempt_202409232245098480985220261102891_0000_m_000000_0, status=''}; org.apache.hadoop.mapreduce.lib.output.FileOutputCommitter@59f024d}; outputPath=s3a://raw/olhovivo/corredor/dt=2024-09-23, workPath=s3a://raw/olhovivo/corredor/dt=2024-09-23/_temporary/0/_temporary/attempt_202409232245098480985220261102891_0000_m_000000_0, algorithmVersion=1, skipCleanup=false, ignoreCleanupFailures=false} for s3a://raw/olhovivo/corredor/dt=2024-09-23
[2024-09-23T22:45:10.271+0000] {ssh.py:524} INFO - 24/09/23 22:45:10 INFO SQLHadoopMapReduceCommitProtocol: Using output committer class org.apache.hadoop.mapreduce.lib.output.FileOutputCommitter
[2024-09-23T22:45:10.300+0000] {ssh.py:524} INFO - 24/09/23 22:45:10 WARN AbstractS3ACommitterFactory: Using standard FileOutputCommitter to commit work. This is slow and potentially unsafe.
[2024-09-23T22:45:10.301+0000] {ssh.py:524} INFO - 24/09/23 22:45:10 INFO FileOutputCommitter: File Output Committer Algorithm version is 1
[2024-09-23T22:45:10.301+0000] {ssh.py:524} INFO - 24/09/23 22:45:10 INFO FileOutputCommitter: FileOutputCommitter skip cleanup _temporary folders under output directory:false, ignore cleanup failures: false
[2024-09-23T22:45:10.301+0000] {ssh.py:524} INFO - 24/09/23 22:45:10 INFO AbstractS3ACommitterFactory: Using Committer FileOutputCommitter{PathOutputCommitter{context=TaskAttemptContextImpl{JobContextImpl{jobId=job_202409232245095633391213135871038_0000}; taskId=attempt_202409232245095633391213135871038_0000_m_000003_3, status=''}; org.apache.hadoop.mapreduce.lib.output.FileOutputCommitter@3db625a5}; outputPath=s3a://raw/olhovivo/corredor/dt=2024-09-23, workPath=s3a://raw/olhovivo/corredor/dt=2024-09-23/_temporary/0/_temporary/attempt_202409232245095633391213135871038_0000_m_000003_3, algorithmVersion=1, skipCleanup=false, ignoreCleanupFailures=false} for s3a://raw/olhovivo/corredor/dt=2024-09-23
[2024-09-23T22:45:10.302+0000] {ssh.py:524} INFO - 24/09/23 22:45:10 INFO SQLHadoopMapReduceCommitProtocol: Using output committer class org.apache.hadoop.mapreduce.lib.output.FileOutputCommitter
[2024-09-23T22:45:10.339+0000] {ssh.py:524} INFO - 24/09/23 22:45:10 INFO PythonRunner: Times: total = 604, boot = 504, init = 100, finish = 0
[2024-09-23T22:45:10.354+0000] {ssh.py:524} INFO - 24/09/23 22:45:10 INFO SparkHadoopMapRedUtil: No need to commit output of task because needsTaskCommit=false: attempt_202409232245094110864932990233380_0000_m_000009_9
[2024-09-23T22:45:10.373+0000] {ssh.py:524} INFO - 24/09/23 22:45:10 WARN AbstractS3ACommitterFactory: Using standard FileOutputCommitter to commit work. This is slow and potentially unsafe.
[2024-09-23T22:45:10.374+0000] {ssh.py:524} INFO - 24/09/23 22:45:10 INFO FileOutputCommitter: File Output Committer Algorithm version is 1
[2024-09-23T22:45:10.376+0000] {ssh.py:524} INFO - 24/09/23 22:45:10 INFO FileOutputCommitter: FileOutputCommitter skip cleanup _temporary folders under output directory:false, ignore cleanup failures: false
[2024-09-23T22:45:10.380+0000] {ssh.py:524} INFO - 24/09/23 22:45:10 INFO AbstractS3ACommitterFactory: Using Committer FileOutputCommitter{PathOutputCommitter{context=TaskAttemptContextImpl{JobContextImpl{jobId=job_202409232245095437838569799938924_0000}; taskId=attempt_202409232245095437838569799938924_0000_m_000002_2, status=''}; org.apache.hadoop.mapreduce.lib.output.FileOutputCommitter@29495669}; outputPath=s3a://raw/olhovivo/corredor/dt=2024-09-23, workPath=s3a://raw/olhovivo/corredor/dt=2024-09-23/_temporary/0/_temporary/attempt_202409232245095437838569799938924_0000_m_000002_2, algorithmVersion=1, skipCleanup=false, ignoreCleanupFailures=false} for s3a://raw/olhovivo/corredor/dt=2024-09-23
[2024-09-23T22:45:10.382+0000] {ssh.py:524} INFO - 24/09/23 22:45:10 INFO SQLHadoopMapReduceCommitProtocol: Using output committer class org.apache.hadoop.mapreduce.lib.output.FileOutputCommitter
[2024-09-23T22:45:10.402+0000] {ssh.py:524} INFO - 24/09/23 22:45:10 WARN AbstractS3ACommitterFactory: Using standard FileOutputCommitter to commit work. This is slow and potentially unsafe.
[2024-09-23T22:45:10.407+0000] {ssh.py:524} INFO - 24/09/23 22:45:10 INFO FileOutputCommitter: File Output Committer Algorithm version is 1
[2024-09-23T22:45:10.407+0000] {ssh.py:524} INFO - 24/09/23 22:45:10 INFO FileOutputCommitter: FileOutputCommitter skip cleanup _temporary folders under output directory:false, ignore cleanup failures: false
[2024-09-23T22:45:10.408+0000] {ssh.py:524} INFO - 24/09/23 22:45:10 INFO AbstractS3ACommitterFactory: Using Committer FileOutputCommitter{PathOutputCommitter{context=TaskAttemptContextImpl{JobContextImpl{jobId=job_202409232245098797122025569214627_0000}; taskId=attempt_202409232245098797122025569214627_0000_m_000001_1, status=''}; org.apache.hadoop.mapreduce.lib.output.FileOutputCommitter@4ef461b7}; outputPath=s3a://raw/olhovivo/corredor/dt=2024-09-23, workPath=s3a://raw/olhovivo/corredor/dt=2024-09-23/_temporary/0/_temporary/attempt_202409232245098797122025569214627_0000_m_000001_1, algorithmVersion=1, skipCleanup=false, ignoreCleanupFailures=false} for s3a://raw/olhovivo/corredor/dt=2024-09-23
[2024-09-23T22:45:10.408+0000] {ssh.py:524} INFO - 24/09/23 22:45:10 INFO SQLHadoopMapReduceCommitProtocol: Using output committer class org.apache.hadoop.mapreduce.lib.output.FileOutputCommitter
[2024-09-23T22:45:10.408+0000] {ssh.py:524} INFO - 24/09/23 22:45:10 INFO Executor: Finished task 9.0 in stage 0.0 (TID 9). 2871 bytes result sent to driver
[2024-09-23T22:45:10.413+0000] {ssh.py:524} INFO - 24/09/23 22:45:10 WARN AbstractS3ACommitterFactory: Using standard FileOutputCommitter to commit work. This is slow and potentially unsafe.
[2024-09-23T22:45:10.413+0000] {ssh.py:524} INFO - 24/09/23 22:45:10 INFO FileOutputCommitter: File Output Committer Algorithm version is 1
[2024-09-23T22:45:10.414+0000] {ssh.py:524} INFO - 24/09/23 22:45:10 INFO FileOutputCommitter: FileOutputCommitter skip cleanup _temporary folders under output directory:false, ignore cleanup failures: false
[2024-09-23T22:45:10.414+0000] {ssh.py:524} INFO - 24/09/23 22:45:10 INFO AbstractS3ACommitterFactory: Using Committer FileOutputCommitter{PathOutputCommitter{context=TaskAttemptContextImpl{JobContextImpl{jobId=job_202409232245097062429711040391295_0000}; taskId=attempt_202409232245097062429711040391295_0000_m_000008_8, status=''}; org.apache.hadoop.mapreduce.lib.output.FileOutputCommitter@4ab4120e}; outputPath=s3a://raw/olhovivo/corredor/dt=2024-09-23, workPath=s3a://raw/olhovivo/corredor/dt=2024-09-23/_temporary/0/_temporary/attempt_202409232245097062429711040391295_0000_m_000008_8, algorithmVersion=1, skipCleanup=false, ignoreCleanupFailures=false} for s3a://raw/olhovivo/corredor/dt=2024-09-23
[2024-09-23T22:45:10.415+0000] {ssh.py:524} INFO - 24/09/23 22:45:10 INFO SQLHadoopMapReduceCommitProtocol: Using output committer class org.apache.hadoop.mapreduce.lib.output.FileOutputCommitter
[2024-09-23T22:45:10.451+0000] {ssh.py:524} INFO - 24/09/23 22:45:10 WARN AbstractS3ACommitterFactory: Using standard FileOutputCommitter to commit work. This is slow and potentially unsafe.
[2024-09-23T22:45:10.452+0000] {ssh.py:524} INFO - 24/09/23 22:45:10 INFO FileOutputCommitter: File Output Committer Algorithm version is 1
[2024-09-23T22:45:10.452+0000] {ssh.py:524} INFO - 24/09/23 22:45:10 INFO FileOutputCommitter: FileOutputCommitter skip cleanup _temporary folders under output directory:false, ignore cleanup failures: false
[2024-09-23T22:45:10.452+0000] {ssh.py:524} INFO - 24/09/23 22:45:10 INFO AbstractS3ACommitterFactory: Using Committer FileOutputCommitter{PathOutputCommitter{context=TaskAttemptContextImpl{JobContextImpl{jobId=job_202409232245093622842753863781964_0000}; taskId=attempt_202409232245093622842753863781964_0000_m_000005_5, status=''}; org.apache.hadoop.mapreduce.lib.output.FileOutputCommitter@f3207da}; outputPath=s3a://raw/olhovivo/corredor/dt=2024-09-23, workPath=s3a://raw/olhovivo/corredor/dt=2024-09-23/_temporary/0/_temporary/attempt_202409232245093622842753863781964_0000_m_000005_5, algorithmVersion=1, skipCleanup=false, ignoreCleanupFailures=false} for s3a://raw/olhovivo/corredor/dt=2024-09-23
[2024-09-23T22:45:10.452+0000] {ssh.py:524} INFO - 24/09/23 22:45:10 INFO SQLHadoopMapReduceCommitProtocol: Using output committer class org.apache.hadoop.mapreduce.lib.output.FileOutputCommitter
[2024-09-23T22:45:10.455+0000] {ssh.py:524} INFO - 24/09/23 22:45:10 INFO PythonRunner: Times: total = 626, boot = 508, init = 117, finish = 1
[2024-09-23T22:45:10.461+0000] {ssh.py:524} INFO - 24/09/23 22:45:10 INFO PythonRunner: Times: total = 599, boot = 483, init = 115, finish = 1
[2024-09-23T22:45:10.461+0000] {ssh.py:524} INFO - 24/09/23 22:45:10 INFO PythonRunner: Times: total = 607, boot = 500, init = 107, finish = 0
[2024-09-23T22:45:10.466+0000] {ssh.py:524} INFO - 24/09/23 22:45:10 INFO PythonRunner: Times: total = 672, boot = 531, init = 141, finish = 0
[2024-09-23T22:45:10.473+0000] {ssh.py:524} INFO - 24/09/23 22:45:10 INFO PythonRunner: Times: total = 676, boot = 538, init = 138, finish = 0
[2024-09-23T22:45:10.473+0000] {ssh.py:524} INFO - 24/09/23 22:45:10 INFO PythonRunner: Times: total = 743, boot = 531, init = 212, finish = 0
[2024-09-23T22:45:10.475+0000] {ssh.py:524} INFO - 24/09/23 22:45:10 INFO PythonRunner: Times: total = 608, boot = 493, init = 115, finish = 0
[2024-09-23T22:45:10.480+0000] {ssh.py:524} INFO - 24/09/23 22:45:10 INFO PythonRunner: Times: total = 726, boot = 514, init = 211, finish = 1
[2024-09-23T22:45:10.483+0000] {ssh.py:524} INFO - 24/09/23 22:45:10 INFO SparkHadoopMapRedUtil: No need to commit output of task because needsTaskCommit=false: attempt_202409232245095437838569799938924_0000_m_000002_2
[2024-09-23T22:45:10.486+0000] {ssh.py:524} INFO - 24/09/23 22:45:10 INFO Executor: Finished task 2.0 in stage 0.0 (TID 2). 2828 bytes result sent to driver
[2024-09-23T22:45:10.493+0000] {ssh.py:524} INFO - 24/09/23 22:45:10 INFO PythonRunner: Times: total = 702, boot = 518, init = 184, finish = 0
[2024-09-23T22:45:10.496+0000] {ssh.py:524} INFO - 24/09/23 22:45:10 WARN AbstractS3ACommitterFactory: Using standard FileOutputCommitter to commit work. This is slow and potentially unsafe.
[2024-09-23T22:45:10.497+0000] {ssh.py:524} INFO - 24/09/23 22:45:10 INFO FileOutputCommitter: File Output Committer Algorithm version is 1
[2024-09-23T22:45:10.497+0000] {ssh.py:524} INFO - 24/09/23 22:45:10 INFO FileOutputCommitter: FileOutputCommitter skip cleanup _temporary folders under output directory:false, ignore cleanup failures: false
[2024-09-23T22:45:10.497+0000] {ssh.py:524} INFO - 24/09/23 22:45:10 INFO AbstractS3ACommitterFactory: Using Committer FileOutputCommitter{PathOutputCommitter{context=TaskAttemptContextImpl{JobContextImpl{jobId=job_202409232245098555770431644416351_0000}; taskId=attempt_202409232245098555770431644416351_0000_m_000004_4, status=''}; org.apache.hadoop.mapreduce.lib.output.FileOutputCommitter@3f6d506f}; outputPath=s3a://raw/olhovivo/corredor/dt=2024-09-23, workPath=s3a://raw/olhovivo/corredor/dt=2024-09-23/_temporary/0/_temporary/attempt_202409232245098555770431644416351_0000_m_000004_4, algorithmVersion=1, skipCleanup=false, ignoreCleanupFailures=false} for s3a://raw/olhovivo/corredor/dt=2024-09-23
[2024-09-23T22:45:10.498+0000] {ssh.py:524} INFO - 24/09/23 22:45:10 INFO SQLHadoopMapReduceCommitProtocol: Using output committer class org.apache.hadoop.mapreduce.lib.output.FileOutputCommitter
[2024-09-23T22:45:10.516+0000] {ssh.py:524} INFO - 24/09/23 22:45:10 WARN AbstractS3ACommitterFactory: Using standard FileOutputCommitter to commit work. This is slow and potentially unsafe.
[2024-09-23T22:45:10.516+0000] {ssh.py:524} INFO - 24/09/23 22:45:10 INFO FileOutputCommitter: File Output Committer Algorithm version is 1
[2024-09-23T22:45:10.517+0000] {ssh.py:524} INFO - 24/09/23 22:45:10 INFO FileOutputCommitter: FileOutputCommitter skip cleanup _temporary folders under output directory:false, ignore cleanup failures: false
[2024-09-23T22:45:10.517+0000] {ssh.py:524} INFO - 24/09/23 22:45:10 INFO AbstractS3ACommitterFactory: Using Committer FileOutputCommitter{PathOutputCommitter{context=TaskAttemptContextImpl{JobContextImpl{jobId=job_202409232245094215904607988546601_0000}; taskId=attempt_202409232245094215904607988546601_0000_m_000007_7, status=''}; org.apache.hadoop.mapreduce.lib.output.FileOutputCommitter@7ecb8f55}; outputPath=s3a://raw/olhovivo/corredor/dt=2024-09-23, workPath=s3a://raw/olhovivo/corredor/dt=2024-09-23/_temporary/0/_temporary/attempt_202409232245094215904607988546601_0000_m_000007_7, algorithmVersion=1, skipCleanup=false, ignoreCleanupFailures=false} for s3a://raw/olhovivo/corredor/dt=2024-09-23
[2024-09-23T22:45:10.517+0000] {ssh.py:524} INFO - 24/09/23 22:45:10 INFO SQLHadoopMapReduceCommitProtocol: Using output committer class org.apache.hadoop.mapreduce.lib.output.FileOutputCommitter
[2024-09-23T22:45:10.518+0000] {ssh.py:524} INFO - 24/09/23 22:45:10 INFO PythonRunner: Times: total = 642, boot = 525, init = 117, finish = 0
[2024-09-23T22:45:10.559+0000] {ssh.py:524} INFO - 24/09/23 22:45:10 INFO SparkHadoopMapRedUtil: No need to commit output of task because needsTaskCommit=false: attempt_202409232245094215904607988546601_0000_m_000007_7
[2024-09-23T22:45:10.563+0000] {ssh.py:524} INFO - 24/09/23 22:45:10 INFO Executor: Finished task 7.0 in stage 0.0 (TID 7). 2828 bytes result sent to driver
[2024-09-23T22:45:10.576+0000] {ssh.py:524} INFO - 24/09/23 22:45:10 INFO PythonRunner: Times: total = 850, boot = 534, init = 316, finish = 0
[2024-09-23T22:45:10.594+0000] {ssh.py:524} INFO - 24/09/23 22:45:10 INFO SparkHadoopMapRedUtil: No need to commit output of task because needsTaskCommit=false: attempt_202409232245098555770431644416351_0000_m_000004_4
[2024-09-23T22:45:10.598+0000] {ssh.py:524} INFO - 24/09/23 22:45:10 INFO Executor: Finished task 4.0 in stage 0.0 (TID 4). 2828 bytes result sent to driver
[2024-09-23T22:45:10.614+0000] {ssh.py:524} INFO - 24/09/23 22:45:10 INFO TaskSetManager: Finished task 9.0 in stage 0.0 (TID 9) in 1141 ms on spark-master (executor driver) (1/12)
[2024-09-23T22:45:10.617+0000] {ssh.py:524} INFO - 24/09/23 22:45:10 INFO TaskSetManager: Finished task 2.0 in stage 0.0 (TID 2) in 1148 ms on spark-master (executor driver) (2/12)
[2024-09-23T22:45:10.649+0000] {ssh.py:524} INFO - 24/09/23 22:45:10 INFO TaskSetManager: Finished task 4.0 in stage 0.0 (TID 4) in 1180 ms on spark-master (executor driver) (3/12)
[2024-09-23T22:45:10.681+0000] {ssh.py:524} INFO - 24/09/23 22:45:10 INFO TaskSetManager: Finished task 7.0 in stage 0.0 (TID 7) in 1185 ms on spark-master (executor driver) (4/12)
[2024-09-23T22:45:10.705+0000] {ssh.py:524} INFO - 24/09/23 22:45:10 INFO PythonAccumulatorV2: Connected to AccumulatorServer at host: 127.0.0.1 port: 51439
[2024-09-23T22:45:10.929+0000] {ssh.py:524} INFO - 24/09/23 22:45:10 INFO FileOutputCommitter: Saved output of task 'attempt_202409232245093523597513632205039_0000_m_000006_6' to s3a://raw/olhovivo/corredor/dt=2024-09-23/_temporary/0/task_202409232245093523597513632205039_0000_m_000006
[2024-09-23T22:45:10.929+0000] {ssh.py:524} INFO - 24/09/23 22:45:10 INFO FileOutputCommitter: Saved output of task 'attempt_202409232245098621066989831555781_0000_m_000010_10' to s3a://raw/olhovivo/corredor/dt=2024-09-23/_temporary/0/task_202409232245098621066989831555781_0000_m_000010
[2024-09-23T22:45:10.930+0000] {ssh.py:524} INFO - 24/09/23 22:45:10 INFO FileOutputCommitter: Saved output of task 'attempt_202409232245098797122025569214627_0000_m_000001_1' to s3a://raw/olhovivo/corredor/dt=2024-09-23/_temporary/0/task_202409232245098797122025569214627_0000_m_000001
[2024-09-23T22:45:10.930+0000] {ssh.py:524} INFO - 24/09/23 22:45:10 INFO SparkHadoopMapRedUtil: attempt_202409232245098621066989831555781_0000_m_000010_10: Committed. Elapsed time: 185 ms.
[2024-09-23T22:45:10.931+0000] {ssh.py:524} INFO - 24/09/23 22:45:10 INFO SparkHadoopMapRedUtil: attempt_202409232245098797122025569214627_0000_m_000001_1: Committed. Elapsed time: 184 ms.
[2024-09-23T22:45:10.931+0000] {ssh.py:524} INFO - 24/09/23 22:45:10 INFO FileOutputCommitter: Saved output of task 'attempt_202409232245093622842753863781964_0000_m_000005_5' to s3a://raw/olhovivo/corredor/dt=2024-09-23/_temporary/0/task_202409232245093622842753863781964_0000_m_000005
[2024-09-23T22:45:10.931+0000] {ssh.py:524} INFO - 24/09/23 22:45:10 INFO SparkHadoopMapRedUtil: attempt_202409232245093622842753863781964_0000_m_000005_5: Committed. Elapsed time: 174 ms.
[2024-09-23T22:45:10.932+0000] {ssh.py:524} INFO - 24/09/23 22:45:10 INFO Executor: Finished task 1.0 in stage 0.0 (TID 1). 2914 bytes result sent to driver
[2024-09-23T22:45:10.932+0000] {ssh.py:524} INFO - 24/09/23 22:45:10 INFO FileOutputCommitter: Saved output of task 'attempt_202409232245097860688243753960542_0000_m_000011_11' to s3a://raw/olhovivo/corredor/dt=2024-09-23/_temporary/0/task_202409232245097860688243753960542_0000_m_000011
[2024-09-23T22:45:10.932+0000] {ssh.py:524} INFO - 24/09/23 22:45:10 INFO SparkHadoopMapRedUtil: attempt_202409232245097860688243753960542_0000_m_000011_11: Committed. Elapsed time: 196 ms.
[2024-09-23T22:45:10.934+0000] {ssh.py:524} INFO - 24/09/23 22:45:10 INFO SparkHadoopMapRedUtil: attempt_202409232245093523597513632205039_0000_m_000006_6: Committed. Elapsed time: 174 ms.
[2024-09-23T22:45:10.935+0000] {ssh.py:524} INFO - 24/09/23 22:45:10 INFO TaskSetManager: Finished task 1.0 in stage 0.0 (TID 1) in 1471 ms on spark-master (executor driver) (5/12)
[2024-09-23T22:45:10.935+0000] {ssh.py:524} INFO - 24/09/23 22:45:10 INFO Executor: Finished task 5.0 in stage 0.0 (TID 5). 2914 bytes result sent to driver
[2024-09-23T22:45:10.936+0000] {ssh.py:524} INFO - 24/09/23 22:45:10 INFO Executor: Finished task 11.0 in stage 0.0 (TID 11). 2914 bytes result sent to driver
[2024-09-23T22:45:10.938+0000] {ssh.py:524} INFO - 24/09/23 22:45:10 INFO TaskSetManager: Finished task 5.0 in stage 0.0 (TID 5) in 1470 ms on spark-master (executor driver) (6/12)
[2024-09-23T22:45:10.939+0000] {ssh.py:524} INFO - 24/09/23 22:45:10 INFO Executor: Finished task 6.0 in stage 0.0 (TID 6). 2957 bytes result sent to driver
[2024-09-23T22:45:10.939+0000] {ssh.py:524} INFO - 24/09/23 22:45:10 INFO FileOutputCommitter: Saved output of task 'attempt_202409232245095633391213135871038_0000_m_000003_3' to s3a://raw/olhovivo/corredor/dt=2024-09-23/_temporary/0/task_202409232245095633391213135871038_0000_m_000003
[2024-09-23T22:45:10.940+0000] {ssh.py:524} INFO - 24/09/23 22:45:10 INFO SparkHadoopMapRedUtil: attempt_202409232245095633391213135871038_0000_m_000003_3: Committed. Elapsed time: 197 ms.
[2024-09-23T22:45:10.941+0000] {ssh.py:524} INFO - 24/09/23 22:45:10 INFO TaskSetManager: Finished task 11.0 in stage 0.0 (TID 11) in 1468 ms on spark-master (executor driver) (7/12)
[2024-09-23T22:45:10.942+0000] {ssh.py:524} INFO - 24/09/23 22:45:10 INFO TaskSetManager: Finished task 6.0 in stage 0.0 (TID 6) in 1471 ms on spark-master (executor driver) (8/12)
[2024-09-23T22:45:10.942+0000] {ssh.py:524} INFO - 24/09/23 22:45:10 INFO Executor: Finished task 10.0 in stage 0.0 (TID 10). 2914 bytes result sent to driver
[2024-09-23T22:45:10.943+0000] {ssh.py:524} INFO - 24/09/23 22:45:10 INFO Executor: Finished task 3.0 in stage 0.0 (TID 3). 2914 bytes result sent to driver
[2024-09-23T22:45:10.943+0000] {ssh.py:524} INFO - 24/09/23 22:45:10 INFO TaskSetManager: Finished task 10.0 in stage 0.0 (TID 10) in 1471 ms on spark-master (executor driver) (9/12)
[2024-09-23T22:45:10.944+0000] {ssh.py:524} INFO - 24/09/23 22:45:10 INFO TaskSetManager: Finished task 3.0 in stage 0.0 (TID 3) in 1475 ms on spark-master (executor driver) (10/12)
[2024-09-23T22:45:10.958+0000] {ssh.py:524} INFO - 24/09/23 22:45:10 INFO FileOutputCommitter: Saved output of task 'attempt_202409232245097062429711040391295_0000_m_000008_8' to s3a://raw/olhovivo/corredor/dt=2024-09-23/_temporary/0/task_202409232245097062429711040391295_0000_m_000008
[2024-09-23T22:45:10.959+0000] {ssh.py:524} INFO - 24/09/23 22:45:10 INFO SparkHadoopMapRedUtil: attempt_202409232245097062429711040391295_0000_m_000008_8: Committed. Elapsed time: 221 ms.
[2024-09-23T22:45:10.960+0000] {ssh.py:524} INFO - 24/09/23 22:45:10 INFO Executor: Finished task 8.0 in stage 0.0 (TID 8). 2914 bytes result sent to driver
[2024-09-23T22:45:10.969+0000] {ssh.py:524} INFO - 24/09/23 22:45:10 INFO TaskSetManager: Finished task 8.0 in stage 0.0 (TID 8) in 1500 ms on spark-master (executor driver) (11/12)
[2024-09-23T22:45:10.978+0000] {ssh.py:524} INFO - 24/09/23 22:45:10 INFO FileOutputCommitter: Saved output of task 'attempt_202409232245098480985220261102891_0000_m_000000_0' to s3a://raw/olhovivo/corredor/dt=2024-09-23/_temporary/0/task_202409232245098480985220261102891_0000_m_000000
[2024-09-23T22:45:10.981+0000] {ssh.py:524} INFO - 24/09/23 22:45:10 INFO SparkHadoopMapRedUtil: attempt_202409232245098480985220261102891_0000_m_000000_0: Committed. Elapsed time: 221 ms.
[2024-09-23T22:45:10.986+0000] {ssh.py:524} INFO - 24/09/23 22:45:10 INFO Executor: Finished task 0.0 in stage 0.0 (TID 0). 2828 bytes result sent to driver
[2024-09-23T22:45:10.993+0000] {ssh.py:524} INFO - 24/09/23 22:45:10 INFO TaskSetManager: Finished task 0.0 in stage 0.0 (TID 0) in 1547 ms on spark-master (executor driver) (12/12)
[2024-09-23T22:45:10.994+0000] {ssh.py:524} INFO - 24/09/23 22:45:10 INFO TaskSchedulerImpl: Removed TaskSet 0.0, whose tasks have all completed, from pool 
[2024-09-23T22:45:11.002+0000] {ssh.py:524} INFO - 24/09/23 22:45:11 INFO DAGScheduler: ResultStage 0 (save at NativeMethodAccessorImpl.java:0) finished in 1.727 s
[2024-09-23T22:45:11.005+0000] {ssh.py:524} INFO - 24/09/23 22:45:11 INFO DAGScheduler: Job 0 is finished. Cancelling potential speculative or zombie tasks for this job
[2024-09-23T22:45:11.005+0000] {ssh.py:524} INFO - 24/09/23 22:45:11 INFO TaskSchedulerImpl: Killing all running tasks in stage 0: Stage finished
[2024-09-23T22:45:11.007+0000] {ssh.py:524} INFO - 24/09/23 22:45:11 INFO DAGScheduler: Job 0 finished: save at NativeMethodAccessorImpl.java:0, took 1.759353 s
[2024-09-23T22:45:11.014+0000] {ssh.py:524} INFO - 24/09/23 22:45:11 INFO FileFormatWriter: Start to commit write Job 6c3571be-0298-4cc2-8a6d-d8fae26c45d1.
[2024-09-23T22:45:11.649+0000] {ssh.py:524} INFO - 24/09/23 22:45:11 INFO FileFormatWriter: Write Job 6c3571be-0298-4cc2-8a6d-d8fae26c45d1 committed. Elapsed time: 633 ms.
[2024-09-23T22:45:11.653+0000] {ssh.py:524} INFO - 24/09/23 22:45:11 INFO FileFormatWriter: Finished processing stats for write job 6c3571be-0298-4cc2-8a6d-d8fae26c45d1.
[2024-09-23T22:45:11.656+0000] {ssh.py:524} INFO - [DEBUG] Done.
[2024-09-23T22:45:11.707+0000] {ssh.py:524} INFO - 24/09/23 22:45:11 INFO SparkContext: Invoking stop() from shutdown hook
[2024-09-23T22:45:11.716+0000] {ssh.py:524} INFO - 24/09/23 22:45:11 INFO SparkUI: Stopped Spark web UI at http://spark-master:4042
[2024-09-23T22:45:11.743+0000] {ssh.py:524} INFO - 24/09/23 22:45:11 INFO MapOutputTrackerMasterEndpoint: MapOutputTrackerMasterEndpoint stopped!
[2024-09-23T22:45:11.762+0000] {ssh.py:524} INFO - 24/09/23 22:45:11 INFO MemoryStore: MemoryStore cleared
[2024-09-23T22:45:11.763+0000] {ssh.py:524} INFO - 24/09/23 22:45:11 INFO BlockManager: BlockManager stopped
[2024-09-23T22:45:11.771+0000] {ssh.py:524} INFO - 24/09/23 22:45:11 INFO BlockManagerMaster: BlockManagerMaster stopped
[2024-09-23T22:45:11.774+0000] {ssh.py:524} INFO - 24/09/23 22:45:11 INFO OutputCommitCoordinator$OutputCommitCoordinatorEndpoint: OutputCommitCoordinator stopped!
[2024-09-23T22:45:11.793+0000] {ssh.py:524} INFO - 24/09/23 22:45:11 INFO SparkContext: Successfully stopped SparkContext
[2024-09-23T22:45:11.793+0000] {ssh.py:524} INFO - 24/09/23 22:45:11 INFO ShutdownHookManager: Shutdown hook called
[2024-09-23T22:45:11.793+0000] {ssh.py:524} INFO - 24/09/23 22:45:11 INFO ShutdownHookManager: Deleting directory /tmp/spark-62375ccf-12f6-4a68-8da3-e86382e9ee44
[2024-09-23T22:45:11.798+0000] {ssh.py:524} INFO - 24/09/23 22:45:11 INFO ShutdownHookManager: Deleting directory /tmp/spark-8513028b-1509-4783-8793-21798c90b510
[2024-09-23T22:45:11.800+0000] {ssh.py:524} INFO - 24/09/23 22:45:11 INFO ShutdownHookManager: Deleting directory /tmp/spark-8513028b-1509-4783-8793-21798c90b510/pyspark-e2b99c96-f3ab-4578-9606-e380ffc74e12
[2024-09-23T22:45:11.815+0000] {ssh.py:524} INFO - 24/09/23 22:45:11 INFO MetricsSystemImpl: Stopping s3a-file-system metrics system...
[2024-09-23T22:45:11.815+0000] {ssh.py:524} INFO - 24/09/23 22:45:11 INFO MetricsSystemImpl: s3a-file-system metrics system stopped.
[2024-09-23T22:45:11.816+0000] {ssh.py:524} INFO - 24/09/23 22:45:11 INFO MetricsSystemImpl: s3a-file-system metrics system shutdown complete.
[2024-09-23T22:45:12.002+0000] {taskinstance.py:1400} INFO - Marking task as SUCCESS. dag_id=raw_ingestion_15min, task_id=spark_raw_ingestion_corredor, execution_date=20240923T223000, start_date=20240923T224500, end_date=20240923T224512
[2024-09-23T22:45:12.047+0000] {local_task_job_runner.py:228} INFO - Task exited with return code 0
[2024-09-23T22:45:12.094+0000] {taskinstance.py:2778} INFO - 0 downstream tasks scheduled from follow-on schedule check
