[2024-09-23T02:08:07.191+0000] {taskinstance.py:1159} INFO - Dependencies all met for dep_context=non-requeueable deps ti=<TaskInstance: raw_ingestion_15min.spark_raw_ingestion_empresa manual__2024-09-23T02:08:05.738343+00:00 [queued]>
[2024-09-23T02:08:07.200+0000] {taskinstance.py:1159} INFO - Dependencies all met for dep_context=requeueable deps ti=<TaskInstance: raw_ingestion_15min.spark_raw_ingestion_empresa manual__2024-09-23T02:08:05.738343+00:00 [queued]>
[2024-09-23T02:08:07.201+0000] {taskinstance.py:1361} INFO - Starting attempt 1 of 1
[2024-09-23T02:08:07.214+0000] {taskinstance.py:1382} INFO - Executing <Task(SSHOperator): spark_raw_ingestion_empresa> on 2024-09-23 02:08:05.738343+00:00
[2024-09-23T02:08:07.218+0000] {standard_task_runner.py:57} INFO - Started process 4427 to run task
[2024-09-23T02:08:07.221+0000] {standard_task_runner.py:84} INFO - Running: ['airflow', 'tasks', 'run', 'raw_ingestion_15min', 'spark_raw_ingestion_empresa', 'manual__2024-09-23T02:08:05.738343+00:00', '--job-id', '477', '--raw', '--subdir', 'DAGS_FOLDER/raw_ingestion_15min.py', '--cfg-path', '/tmp/tmpgp8k7v7y']
[2024-09-23T02:08:07.222+0000] {standard_task_runner.py:85} INFO - Job 477: Subtask spark_raw_ingestion_empresa
[2024-09-23T02:08:07.335+0000] {task_command.py:416} INFO - Running <TaskInstance: raw_ingestion_15min.spark_raw_ingestion_empresa manual__2024-09-23T02:08:05.738343+00:00 [running]> on host airflow-worker
[2024-09-23T02:08:07.527+0000] {taskinstance.py:1662} INFO - Exporting env vars: AIRFLOW_CTX_DAG_OWNER='***' AIRFLOW_CTX_DAG_ID='raw_ingestion_15min' AIRFLOW_CTX_TASK_ID='spark_raw_ingestion_empresa' AIRFLOW_CTX_EXECUTION_DATE='2024-09-23T02:08:05.738343+00:00' AIRFLOW_CTX_TRY_NUMBER='1' AIRFLOW_CTX_DAG_RUN_ID='manual__2024-09-23T02:08:05.738343+00:00'
[2024-09-23T02:08:07.527+0000] {ssh.py:141} INFO - Creating ssh_client
[2024-09-23T02:08:07.528+0000] {ssh.py:114} INFO - ssh_hook is not provided or invalid. Trying ssh_conn_id to create SSHHook.
[2024-09-23T02:08:07.557+0000] {base.py:73} INFO - Using connection ID 'spark_ssh_default' for task execution.
[2024-09-23T02:08:07.558+0000] {ssh.py:300} WARNING - No Host Key Verification. This won't protect against Man-In-The-Middle attacks
[2024-09-23T02:08:07.567+0000] {transport.py:1893} INFO - Connected (version 2.0, client OpenSSH_8.9p1)
[2024-09-23T02:08:07.666+0000] {transport.py:1893} INFO - Authentication (password) successful!
[2024-09-23T02:08:07.667+0000] {ssh.py:478} INFO - Running command: export SPARK_HOME=/usr/local/spark; /opt/conda/bin/spark-submit --master local[*] --driver-cores 2 --executor-cores 2 --driver-memory 4G --executor-memory 4G /opt/shared/scripts/raw_ingestion.py 2024-09-23 empresa
[2024-09-23T02:08:10.058+0000] {ssh.py:524} INFO - [DEBUG] dt_now: 2024-09-23
[2024-09-23T02:08:10.059+0000] {ssh.py:524} INFO - [DEBUG] endpoint: empresa
[2024-09-23T02:08:10.119+0000] {ssh.py:524} INFO - 24/09/23 02:08:10 INFO SparkContext: Running Spark version 3.3.1
[2024-09-23T02:08:10.137+0000] {ssh.py:524} INFO - 24/09/23 02:08:10 WARN NativeCodeLoader: Unable to load native-hadoop library for your platform... using builtin-java classes where applicable
[2024-09-23T02:08:10.214+0000] {ssh.py:524} INFO - 24/09/23 02:08:10 INFO ResourceUtils: ==============================================================
[2024-09-23T02:08:10.215+0000] {ssh.py:524} INFO - 24/09/23 02:08:10 INFO ResourceUtils: No custom resources configured for spark.driver.
[2024-09-23T02:08:10.215+0000] {ssh.py:524} INFO - 24/09/23 02:08:10 INFO ResourceUtils: ==============================================================
[2024-09-23T02:08:10.216+0000] {ssh.py:524} INFO - 24/09/23 02:08:10 INFO SparkContext: Submitted application: raw_ingestion_empresa
[2024-09-23T02:08:10.232+0000] {ssh.py:524} INFO - 24/09/23 02:08:10 INFO ResourceProfile: Default ResourceProfile created, executor resources: Map(cores -> name: cores, amount: 1, script: , vendor: , memory -> name: memory, amount: 1024, script: , vendor: , offHeap -> name: offHeap, amount: 0, script: , vendor: ), task resources: Map(cpus -> name: cpus, amount: 1.0)
[2024-09-23T02:08:10.239+0000] {ssh.py:524} INFO - 24/09/23 02:08:10 INFO ResourceProfile: Limiting resource is cpu
[2024-09-23T02:08:10.239+0000] {ssh.py:524} INFO - 24/09/23 02:08:10 INFO ResourceProfileManager: Added ResourceProfile id: 0
[2024-09-23T02:08:10.281+0000] {ssh.py:524} INFO - 24/09/23 02:08:10 INFO SecurityManager: Changing view acls to: root
[2024-09-23T02:08:10.282+0000] {ssh.py:524} INFO - 24/09/23 02:08:10 INFO SecurityManager: Changing modify acls to: root
[2024-09-23T02:08:10.283+0000] {ssh.py:524} INFO - 24/09/23 02:08:10 INFO SecurityManager: Changing view acls groups to: 
[2024-09-23T02:08:10.283+0000] {ssh.py:524} INFO - 24/09/23 02:08:10 INFO SecurityManager: Changing modify acls groups to: 
[2024-09-23T02:08:10.283+0000] {ssh.py:524} INFO - 24/09/23 02:08:10 INFO SecurityManager: SecurityManager: authentication disabled; ui acls disabled; users  with view permissions: Set(root); groups with view permissions: Set(); users  with modify permissions: Set(root); groups with modify permissions: Set()
[2024-09-23T02:08:10.578+0000] {ssh.py:524} INFO - 24/09/23 02:08:10 INFO Utils: Successfully started service 'sparkDriver' on port 37803.
[2024-09-23T02:08:10.624+0000] {ssh.py:524} INFO - 24/09/23 02:08:10 INFO SparkEnv: Registering MapOutputTracker
[2024-09-23T02:08:10.656+0000] {ssh.py:524} INFO - 24/09/23 02:08:10 INFO SparkEnv: Registering BlockManagerMaster
[2024-09-23T02:08:10.678+0000] {ssh.py:524} INFO - 24/09/23 02:08:10 INFO BlockManagerMasterEndpoint: Using org.apache.spark.storage.DefaultTopologyMapper for getting topology information
[2024-09-23T02:08:10.680+0000] {ssh.py:524} INFO - 24/09/23 02:08:10 INFO BlockManagerMasterEndpoint: BlockManagerMasterEndpoint up
[2024-09-23T02:08:10.685+0000] {ssh.py:524} INFO - 24/09/23 02:08:10 INFO SparkEnv: Registering BlockManagerMasterHeartbeat
[2024-09-23T02:08:10.704+0000] {ssh.py:524} INFO - 24/09/23 02:08:10 INFO DiskBlockManager: Created local directory at /tmp/blockmgr-f785431d-7232-4612-bf5a-ee866df17ebf
[2024-09-23T02:08:10.721+0000] {ssh.py:524} INFO - 24/09/23 02:08:10 INFO MemoryStore: MemoryStore started with capacity 2.2 GiB
[2024-09-23T02:08:10.742+0000] {ssh.py:524} INFO - 24/09/23 02:08:10 INFO SparkEnv: Registering OutputCommitCoordinator
[2024-09-23T02:08:10.944+0000] {ssh.py:524} INFO - 24/09/23 02:08:10 INFO Utils: Successfully started service 'SparkUI' on port 4040.
[2024-09-23T02:08:11.053+0000] {ssh.py:524} INFO - 24/09/23 02:08:11 INFO Executor: Starting executor ID driver on host spark-master
[2024-09-23T02:08:11.069+0000] {ssh.py:524} INFO - 24/09/23 02:08:11 INFO Executor: Starting executor with user classpath (userClassPathFirst = false): ''
[2024-09-23T02:08:11.088+0000] {ssh.py:524} INFO - 24/09/23 02:08:11 INFO Utils: Successfully started service 'org.apache.spark.network.netty.NettyBlockTransferService' on port 34359.
[2024-09-23T02:08:11.089+0000] {ssh.py:524} INFO - 24/09/23 02:08:11 INFO NettyBlockTransferService: Server created on spark-master:34359
[2024-09-23T02:08:11.091+0000] {ssh.py:524} INFO - 24/09/23 02:08:11 INFO BlockManager: Using org.apache.spark.storage.RandomBlockReplicationPolicy for block replication policy
[2024-09-23T02:08:11.096+0000] {ssh.py:524} INFO - 24/09/23 02:08:11 INFO BlockManagerMaster: Registering BlockManager BlockManagerId(driver, spark-master, 34359, None)
[2024-09-23T02:08:11.113+0000] {ssh.py:524} INFO - 24/09/23 02:08:11 INFO BlockManagerMasterEndpoint: Registering block manager spark-master:34359 with 2.2 GiB RAM, BlockManagerId(driver, spark-master, 34359, None)
[2024-09-23T02:08:11.115+0000] {ssh.py:524} INFO - 24/09/23 02:08:11 INFO BlockManagerMaster: Registered BlockManager BlockManagerId(driver, spark-master, 34359, None)
[2024-09-23T02:08:11.118+0000] {ssh.py:524} INFO - 24/09/23 02:08:11 INFO BlockManager: Initialized BlockManager: BlockManagerId(driver, spark-master, 34359, None)
[2024-09-23T02:08:12.097+0000] {ssh.py:524} INFO - 24/09/23 02:08:12 INFO SharedState: Setting hive.metastore.warehouse.dir ('null') to the value of spark.sql.warehouse.dir.
[2024-09-23T02:08:12.103+0000] {ssh.py:524} INFO - 24/09/23 02:08:12 INFO SharedState: Warehouse path is 'file:/root/spark-warehouse'.
[2024-09-23T02:08:13.941+0000] {ssh.py:524} INFO - 24/09/23 02:08:13 WARN MetricsConfig: Cannot locate configuration: tried hadoop-metrics2-s3a-file-system.properties,hadoop-metrics2.properties
[2024-09-23T02:08:13.953+0000] {ssh.py:524} INFO - 24/09/23 02:08:13 INFO MetricsSystemImpl: Scheduled Metric snapshot period at 10 second(s).
[2024-09-23T02:08:13.954+0000] {ssh.py:524} INFO - 24/09/23 02:08:13 INFO MetricsSystemImpl: s3a-file-system metrics system started
[2024-09-23T02:08:14.869+0000] {ssh.py:524} INFO - 24/09/23 02:08:14 WARN AbstractS3ACommitterFactory: Using standard FileOutputCommitter to commit work. This is slow and potentially unsafe.
[2024-09-23T02:08:14.870+0000] {ssh.py:524} INFO - 24/09/23 02:08:14 INFO FileOutputCommitter: File Output Committer Algorithm version is 1
[2024-09-23T02:08:14.871+0000] {ssh.py:524} INFO - 24/09/23 02:08:14 INFO FileOutputCommitter: FileOutputCommitter skip cleanup _temporary folders under output directory:false, ignore cleanup failures: false
[2024-09-23T02:08:14.873+0000] {ssh.py:524} INFO - 24/09/23 02:08:14 INFO AbstractS3ACommitterFactory: Using Committer FileOutputCommitter{PathOutputCommitter{context=TaskAttemptContextImpl{JobContextImpl{jobId=job_202409230208143843149318900811062_0000}; taskId=attempt_202409230208143843149318900811062_0000_m_000000_0, status=''}; org.apache.hadoop.mapreduce.lib.output.FileOutputCommitter@1c7db34b}; outputPath=s3a://raw/olhovivo/empresa/dt=2024-09-23, workPath=s3a://raw/olhovivo/empresa/dt=2024-09-23/_temporary/0/_temporary/attempt_202409230208143843149318900811062_0000_m_000000_0, algorithmVersion=1, skipCleanup=false, ignoreCleanupFailures=false} for s3a://raw/olhovivo/empresa/dt=2024-09-23
[2024-09-23T02:08:14.874+0000] {ssh.py:524} INFO - 24/09/23 02:08:14 INFO SQLHadoopMapReduceCommitProtocol: Using output committer class org.apache.hadoop.mapreduce.lib.output.FileOutputCommitter
[2024-09-23T02:08:15.301+0000] {ssh.py:524} INFO - 24/09/23 02:08:15 INFO CodeGenerator: Code generated in 128.539084 ms
[2024-09-23T02:08:15.401+0000] {ssh.py:524} INFO - 24/09/23 02:08:15 INFO SparkContext: Starting job: save at NativeMethodAccessorImpl.java:0
[2024-09-23T02:08:15.414+0000] {ssh.py:524} INFO - 24/09/23 02:08:15 INFO DAGScheduler: Got job 0 (save at NativeMethodAccessorImpl.java:0) with 12 output partitions
[2024-09-23T02:08:15.415+0000] {ssh.py:524} INFO - 24/09/23 02:08:15 INFO DAGScheduler: Final stage: ResultStage 0 (save at NativeMethodAccessorImpl.java:0)
[2024-09-23T02:08:15.416+0000] {ssh.py:524} INFO - 24/09/23 02:08:15 INFO DAGScheduler: Parents of final stage: List()
[2024-09-23T02:08:15.417+0000] {ssh.py:524} INFO - 24/09/23 02:08:15 INFO DAGScheduler: Missing parents: List()
[2024-09-23T02:08:15.423+0000] {ssh.py:524} INFO - 24/09/23 02:08:15 INFO DAGScheduler: Submitting ResultStage 0 (MapPartitionsRDD[5] at save at NativeMethodAccessorImpl.java:0), which has no missing parents
[2024-09-23T02:08:15.530+0000] {ssh.py:524} INFO - 24/09/23 02:08:15 INFO MemoryStore: Block broadcast_0 stored as values in memory (estimated size 223.9 KiB, free 2.2 GiB)
[2024-09-23T02:08:15.555+0000] {ssh.py:524} INFO - 24/09/23 02:08:15 INFO MemoryStore: Block broadcast_0_piece0 stored as bytes in memory (estimated size 81.3 KiB, free 2.2 GiB)
[2024-09-23T02:08:15.559+0000] {ssh.py:524} INFO - 24/09/23 02:08:15 INFO BlockManagerInfo: Added broadcast_0_piece0 in memory on spark-master:34359 (size: 81.3 KiB, free: 2.2 GiB)
[2024-09-23T02:08:15.562+0000] {ssh.py:524} INFO - 24/09/23 02:08:15 INFO SparkContext: Created broadcast 0 from broadcast at DAGScheduler.scala:1513
[2024-09-23T02:08:15.576+0000] {ssh.py:524} INFO - 24/09/23 02:08:15 INFO DAGScheduler: Submitting 12 missing tasks from ResultStage 0 (MapPartitionsRDD[5] at save at NativeMethodAccessorImpl.java:0) (first 15 tasks are for partitions Vector(0, 1, 2, 3, 4, 5, 6, 7, 8, 9, 10, 11))
[2024-09-23T02:08:15.577+0000] {ssh.py:524} INFO - 24/09/23 02:08:15 INFO TaskSchedulerImpl: Adding task set 0.0 with 12 tasks resource profile 0
[2024-09-23T02:08:15.618+0000] {ssh.py:524} INFO - 24/09/23 02:08:15 INFO TaskSetManager: Starting task 0.0 in stage 0.0 (TID 0) (spark-master, executor driver, partition 0, PROCESS_LOCAL, 4433 bytes) taskResourceAssignments Map()
[2024-09-23T02:08:15.623+0000] {ssh.py:524} INFO - 24/09/23 02:08:15 INFO TaskSetManager: Starting task 1.0 in stage 0.0 (TID 1) (spark-master, executor driver, partition 1, PROCESS_LOCAL, 4433 bytes) taskResourceAssignments Map()
[2024-09-23T02:08:15.624+0000] {ssh.py:524} INFO - 24/09/23 02:08:15 INFO TaskSetManager: Starting task 2.0 in stage 0.0 (TID 2) (spark-master, executor driver, partition 2, PROCESS_LOCAL, 4433 bytes) taskResourceAssignments Map()
[2024-09-23T02:08:15.626+0000] {ssh.py:524} INFO - 24/09/23 02:08:15 INFO TaskSetManager: Starting task 3.0 in stage 0.0 (TID 3) (spark-master, executor driver, partition 3, PROCESS_LOCAL, 4433 bytes) taskResourceAssignments Map()
[2024-09-23T02:08:15.627+0000] {ssh.py:524} INFO - 24/09/23 02:08:15 INFO TaskSetManager: Starting task 4.0 in stage 0.0 (TID 4) (spark-master, executor driver, partition 4, PROCESS_LOCAL, 4433 bytes) taskResourceAssignments Map()
[2024-09-23T02:08:15.628+0000] {ssh.py:524} INFO - 24/09/23 02:08:15 INFO TaskSetManager: Starting task 5.0 in stage 0.0 (TID 5) (spark-master, executor driver, partition 5, PROCESS_LOCAL, 4433 bytes) taskResourceAssignments Map()
[2024-09-23T02:08:15.629+0000] {ssh.py:524} INFO - 24/09/23 02:08:15 INFO TaskSetManager: Starting task 6.0 in stage 0.0 (TID 6) (spark-master, executor driver, partition 6, PROCESS_LOCAL, 4433 bytes) taskResourceAssignments Map()
[2024-09-23T02:08:15.631+0000] {ssh.py:524} INFO - 24/09/23 02:08:15 INFO TaskSetManager: Starting task 7.0 in stage 0.0 (TID 7) (spark-master, executor driver, partition 7, PROCESS_LOCAL, 4433 bytes) taskResourceAssignments Map()
[2024-09-23T02:08:15.632+0000] {ssh.py:524} INFO - 24/09/23 02:08:15 INFO TaskSetManager: Starting task 8.0 in stage 0.0 (TID 8) (spark-master, executor driver, partition 8, PROCESS_LOCAL, 4433 bytes) taskResourceAssignments Map()
[2024-09-23T02:08:15.632+0000] {ssh.py:524} INFO - 24/09/23 02:08:15 INFO TaskSetManager: Starting task 9.0 in stage 0.0 (TID 9) (spark-master, executor driver, partition 9, PROCESS_LOCAL, 4433 bytes) taskResourceAssignments Map()
[2024-09-23T02:08:15.634+0000] {ssh.py:524} INFO - 24/09/23 02:08:15 INFO TaskSetManager: Starting task 10.0 in stage 0.0 (TID 10) (spark-master, executor driver, partition 10, PROCESS_LOCAL, 4433 bytes) taskResourceAssignments Map()
[2024-09-23T02:08:15.635+0000] {ssh.py:524} INFO - 24/09/23 02:08:15 INFO TaskSetManager: Starting task 11.0 in stage 0.0 (TID 11) (spark-master, executor driver, partition 11, PROCESS_LOCAL, 5155 bytes) taskResourceAssignments Map()
[2024-09-23T02:08:15.646+0000] {ssh.py:524} INFO - 24/09/23 02:08:15 INFO Executor: Running task 0.0 in stage 0.0 (TID 0)
[2024-09-23T02:08:15.647+0000] {ssh.py:524} INFO - 24/09/23 02:08:15 INFO Executor: Running task 5.0 in stage 0.0 (TID 5)
[2024-09-23T02:08:15.647+0000] {ssh.py:524} INFO - 24/09/23 02:08:15 INFO Executor: Running task 3.0 in stage 0.0 (TID 3)
[2024-09-23T02:08:15.648+0000] {ssh.py:524} INFO - 24/09/23 02:08:15 INFO Executor: Running task 1.0 in stage 0.0 (TID 1)
[2024-09-23T02:08:15.649+0000] {ssh.py:524} INFO - 24/09/23 02:08:15 INFO Executor: Running task 6.0 in stage 0.0 (TID 6)
[2024-09-23T02:08:15.649+0000] {ssh.py:524} INFO - 24/09/23 02:08:15 INFO Executor: Running task 4.0 in stage 0.0 (TID 4)
[2024-09-23T02:08:15.650+0000] {ssh.py:524} INFO - 24/09/23 02:08:15 INFO Executor: Running task 2.0 in stage 0.0 (TID 2)
[2024-09-23T02:08:15.651+0000] {ssh.py:524} INFO - 24/09/23 02:08:15 INFO Executor: Running task 8.0 in stage 0.0 (TID 8)
[2024-09-23T02:08:15.652+0000] {ssh.py:524} INFO - 24/09/23 02:08:15 INFO Executor: Running task 7.0 in stage 0.0 (TID 7)
[2024-09-23T02:08:15.653+0000] {ssh.py:524} INFO - 24/09/23 02:08:15 INFO Executor: Running task 9.0 in stage 0.0 (TID 9)
[2024-09-23T02:08:15.653+0000] {ssh.py:524} INFO - 24/09/23 02:08:15 INFO Executor: Running task 10.0 in stage 0.0 (TID 10)
[2024-09-23T02:08:15.654+0000] {ssh.py:524} INFO - 24/09/23 02:08:15 INFO Executor: Running task 11.0 in stage 0.0 (TID 11)
[2024-09-23T02:08:16.391+0000] {ssh.py:524} INFO - 24/09/23 02:08:16 WARN AbstractS3ACommitterFactory: Using standard FileOutputCommitter to commit work. This is slow and potentially unsafe.
[2024-09-23T02:08:16.391+0000] {ssh.py:524} INFO - 24/09/23 02:08:16 INFO FileOutputCommitter: File Output Committer Algorithm version is 1
[2024-09-23T02:08:16.392+0000] {ssh.py:524} INFO - 24/09/23 02:08:16 INFO FileOutputCommitter: FileOutputCommitter skip cleanup _temporary folders under output directory:false, ignore cleanup failures: false
[2024-09-23T02:08:16.392+0000] {ssh.py:524} INFO - 24/09/23 02:08:16 INFO AbstractS3ACommitterFactory: Using Committer FileOutputCommitter{PathOutputCommitter{context=TaskAttemptContextImpl{JobContextImpl{jobId=job_202409230208158990512825108349850_0000}; taskId=attempt_202409230208158990512825108349850_0000_m_000001_1, status=''}; org.apache.hadoop.mapreduce.lib.output.FileOutputCommitter@4203d47c}; outputPath=s3a://raw/olhovivo/empresa/dt=2024-09-23, workPath=s3a://raw/olhovivo/empresa/dt=2024-09-23/_temporary/0/_temporary/attempt_202409230208158990512825108349850_0000_m_000001_1, algorithmVersion=1, skipCleanup=false, ignoreCleanupFailures=false} for s3a://raw/olhovivo/empresa/dt=2024-09-23
[2024-09-23T02:08:16.397+0000] {ssh.py:524} INFO - 24/09/23 02:08:16 INFO SQLHadoopMapReduceCommitProtocol: Using output committer class org.apache.hadoop.mapreduce.lib.output.FileOutputCommitter
[2024-09-23T02:08:16.418+0000] {ssh.py:524} INFO - 24/09/23 02:08:16 WARN AbstractS3ACommitterFactory: Using standard FileOutputCommitter to commit work. This is slow and potentially unsafe.
[2024-09-23T02:08:16.418+0000] {ssh.py:524} INFO - 24/09/23 02:08:16 INFO FileOutputCommitter: File Output Committer Algorithm version is 1
[2024-09-23T02:08:16.418+0000] {ssh.py:524} INFO - 24/09/23 02:08:16 INFO FileOutputCommitter: FileOutputCommitter skip cleanup _temporary folders under output directory:false, ignore cleanup failures: false
[2024-09-23T02:08:16.419+0000] {ssh.py:524} INFO - 24/09/23 02:08:16 INFO AbstractS3ACommitterFactory: Using Committer FileOutputCommitter{PathOutputCommitter{context=TaskAttemptContextImpl{JobContextImpl{jobId=job_202409230208151084611502598631462_0000}; taskId=attempt_202409230208151084611502598631462_0000_m_000007_7, status=''}; org.apache.hadoop.mapreduce.lib.output.FileOutputCommitter@1b16e1b6}; outputPath=s3a://raw/olhovivo/empresa/dt=2024-09-23, workPath=s3a://raw/olhovivo/empresa/dt=2024-09-23/_temporary/0/_temporary/attempt_202409230208151084611502598631462_0000_m_000007_7, algorithmVersion=1, skipCleanup=false, ignoreCleanupFailures=false} for s3a://raw/olhovivo/empresa/dt=2024-09-23
[2024-09-23T02:08:16.419+0000] {ssh.py:524} INFO - 24/09/23 02:08:16 INFO SQLHadoopMapReduceCommitProtocol: Using output committer class org.apache.hadoop.mapreduce.lib.output.FileOutputCommitter
[2024-09-23T02:08:16.467+0000] {ssh.py:524} INFO - 24/09/23 02:08:16 WARN AbstractS3ACommitterFactory: Using standard FileOutputCommitter to commit work. This is slow and potentially unsafe.
[2024-09-23T02:08:16.468+0000] {ssh.py:524} INFO - 24/09/23 02:08:16 INFO FileOutputCommitter: File Output Committer Algorithm version is 1
[2024-09-23T02:08:16.468+0000] {ssh.py:524} INFO - 24/09/23 02:08:16 INFO FileOutputCommitter: FileOutputCommitter skip cleanup _temporary folders under output directory:false, ignore cleanup failures: false
[2024-09-23T02:08:16.468+0000] {ssh.py:524} INFO - 24/09/23 02:08:16 INFO AbstractS3ACommitterFactory: Using Committer FileOutputCommitter{PathOutputCommitter{context=TaskAttemptContextImpl{JobContextImpl{jobId=job_202409230208156712915832901259911_0000}; taskId=attempt_202409230208156712915832901259911_0000_m_000009_9, status=''}; org.apache.hadoop.mapreduce.lib.output.FileOutputCommitter@75c1e7dd}; outputPath=s3a://raw/olhovivo/empresa/dt=2024-09-23, workPath=s3a://raw/olhovivo/empresa/dt=2024-09-23/_temporary/0/_temporary/attempt_202409230208156712915832901259911_0000_m_000009_9, algorithmVersion=1, skipCleanup=false, ignoreCleanupFailures=false} for s3a://raw/olhovivo/empresa/dt=2024-09-23
[2024-09-23T02:08:16.469+0000] {ssh.py:524} INFO - 24/09/23 02:08:16 INFO SQLHadoopMapReduceCommitProtocol: Using output committer class org.apache.hadoop.mapreduce.lib.output.FileOutputCommitter
[2024-09-23T02:08:16.473+0000] {ssh.py:524} INFO - 24/09/23 02:08:16 INFO PythonRunner: Times: total = 561, boot = 466, init = 95, finish = 0
[2024-09-23T02:08:16.519+0000] {ssh.py:524} INFO - 24/09/23 02:08:16 WARN AbstractS3ACommitterFactory: Using standard FileOutputCommitter to commit work. This is slow and potentially unsafe.
[2024-09-23T02:08:16.519+0000] {ssh.py:524} INFO - 24/09/23 02:08:16 INFO FileOutputCommitter: File Output Committer Algorithm version is 1
[2024-09-23T02:08:16.520+0000] {ssh.py:524} INFO - 24/09/23 02:08:16 INFO FileOutputCommitter: FileOutputCommitter skip cleanup _temporary folders under output directory:false, ignore cleanup failures: false
[2024-09-23T02:08:16.520+0000] {ssh.py:524} INFO - 24/09/23 02:08:16 INFO AbstractS3ACommitterFactory: Using Committer FileOutputCommitter{PathOutputCommitter{context=TaskAttemptContextImpl{JobContextImpl{jobId=job_202409230208158347935845530143115_0000}; taskId=attempt_202409230208158347935845530143115_0000_m_000008_8, status=''}; org.apache.hadoop.mapreduce.lib.output.FileOutputCommitter@49be33c1}; outputPath=s3a://raw/olhovivo/empresa/dt=2024-09-23, workPath=s3a://raw/olhovivo/empresa/dt=2024-09-23/_temporary/0/_temporary/attempt_202409230208158347935845530143115_0000_m_000008_8, algorithmVersion=1, skipCleanup=false, ignoreCleanupFailures=false} for s3a://raw/olhovivo/empresa/dt=2024-09-23
[2024-09-23T02:08:16.520+0000] {ssh.py:524} INFO - 24/09/23 02:08:16 INFO SQLHadoopMapReduceCommitProtocol: Using output committer class org.apache.hadoop.mapreduce.lib.output.FileOutputCommitter
[2024-09-23T02:08:16.546+0000] {ssh.py:524} INFO - 24/09/23 02:08:16 INFO SparkHadoopMapRedUtil: No need to commit output of task because needsTaskCommit=false: attempt_202409230208158990512825108349850_0000_m_000001_1
[2024-09-23T02:08:16.609+0000] {ssh.py:524} INFO - 24/09/23 02:08:16 INFO PythonRunner: Times: total = 659, boot = 518, init = 141, finish = 0
[2024-09-23T02:08:16.619+0000] {ssh.py:524} INFO - 24/09/23 02:08:16 INFO SparkHadoopMapRedUtil: No need to commit output of task because needsTaskCommit=false: attempt_202409230208158347935845530143115_0000_m_000008_8
[2024-09-23T02:08:16.650+0000] {ssh.py:524} INFO - 24/09/23 02:08:16 INFO Executor: Finished task 8.0 in stage 0.0 (TID 8). 2871 bytes result sent to driver
[2024-09-23T02:08:16.651+0000] {ssh.py:524} INFO - 24/09/23 02:08:16 INFO Executor: Finished task 1.0 in stage 0.0 (TID 1). 2871 bytes result sent to driver
[2024-09-23T02:08:16.663+0000] {ssh.py:524} INFO - 24/09/23 02:08:16 WARN AbstractS3ACommitterFactory: Using standard FileOutputCommitter to commit work. This is slow and potentially unsafe.
[2024-09-23T02:08:16.664+0000] {ssh.py:524} INFO - 24/09/23 02:08:16 INFO FileOutputCommitter: File Output Committer Algorithm version is 1
[2024-09-23T02:08:16.665+0000] {ssh.py:524} INFO - 24/09/23 02:08:16 INFO FileOutputCommitter: FileOutputCommitter skip cleanup _temporary folders under output directory:false, ignore cleanup failures: false
[2024-09-23T02:08:16.665+0000] {ssh.py:524} INFO - 24/09/23 02:08:16 INFO AbstractS3ACommitterFactory: Using Committer FileOutputCommitter{PathOutputCommitter{context=TaskAttemptContextImpl{JobContextImpl{jobId=job_202409230208154399345260214083332_0000}; taskId=attempt_202409230208154399345260214083332_0000_m_000010_10, status=''}; org.apache.hadoop.mapreduce.lib.output.FileOutputCommitter@748bebac}; outputPath=s3a://raw/olhovivo/empresa/dt=2024-09-23, workPath=s3a://raw/olhovivo/empresa/dt=2024-09-23/_temporary/0/_temporary/attempt_202409230208154399345260214083332_0000_m_000010_10, algorithmVersion=1, skipCleanup=false, ignoreCleanupFailures=false} for s3a://raw/olhovivo/empresa/dt=2024-09-23
[2024-09-23T02:08:16.665+0000] {ssh.py:524} INFO - 24/09/23 02:08:16 INFO SQLHadoopMapReduceCommitProtocol: Using output committer class org.apache.hadoop.mapreduce.lib.output.FileOutputCommitter
[2024-09-23T02:08:16.681+0000] {ssh.py:524} INFO - 24/09/23 02:08:16 INFO PythonRunner: Times: total = 714, boot = 454, init = 260, finish = 0
[2024-09-23T02:08:16.686+0000] {ssh.py:524} INFO - 24/09/23 02:08:16 WARN AbstractS3ACommitterFactory: Using standard FileOutputCommitter to commit work. This is slow and potentially unsafe.
[2024-09-23T02:08:16.687+0000] {ssh.py:524} INFO - 24/09/23 02:08:16 INFO FileOutputCommitter: File Output Committer Algorithm version is 1
[2024-09-23T02:08:16.689+0000] {ssh.py:524} INFO - 24/09/23 02:08:16 INFO FileOutputCommitter: FileOutputCommitter skip cleanup _temporary folders under output directory:false, ignore cleanup failures: false
[2024-09-23T02:08:16.690+0000] {ssh.py:524} INFO - 24/09/23 02:08:16 INFO AbstractS3ACommitterFactory: Using Committer FileOutputCommitter{PathOutputCommitter{context=TaskAttemptContextImpl{JobContextImpl{jobId=job_202409230208156733483988497886779_0000}; taskId=attempt_202409230208156733483988497886779_0000_m_000005_5, status=''}; org.apache.hadoop.mapreduce.lib.output.FileOutputCommitter@6f3c32de}; outputPath=s3a://raw/olhovivo/empresa/dt=2024-09-23, workPath=s3a://raw/olhovivo/empresa/dt=2024-09-23/_temporary/0/_temporary/attempt_202409230208156733483988497886779_0000_m_000005_5, algorithmVersion=1, skipCleanup=false, ignoreCleanupFailures=false} for s3a://raw/olhovivo/empresa/dt=2024-09-23
[2024-09-23T02:08:16.690+0000] {ssh.py:524} INFO - 24/09/23 02:08:16 INFO SQLHadoopMapReduceCommitProtocol: Using output committer class org.apache.hadoop.mapreduce.lib.output.FileOutputCommitter
[2024-09-23T02:08:16.690+0000] {ssh.py:524} INFO - 24/09/23 02:08:16 INFO SparkHadoopMapRedUtil: No need to commit output of task because needsTaskCommit=false: attempt_202409230208156712915832901259911_0000_m_000009_9
[2024-09-23T02:08:16.691+0000] {ssh.py:524} INFO - 24/09/23 02:08:16 WARN AbstractS3ACommitterFactory: Using standard FileOutputCommitter to commit work. This is slow and potentially unsafe.
[2024-09-23T02:08:16.691+0000] {ssh.py:524} INFO - 24/09/23 02:08:16 INFO FileOutputCommitter: File Output Committer Algorithm version is 1
[2024-09-23T02:08:16.691+0000] {ssh.py:524} INFO - 24/09/23 02:08:16 INFO FileOutputCommitter: FileOutputCommitter skip cleanup _temporary folders under output directory:false, ignore cleanup failures: false
[2024-09-23T02:08:16.692+0000] {ssh.py:524} INFO - 24/09/23 02:08:16 INFO AbstractS3ACommitterFactory: Using Committer FileOutputCommitter{PathOutputCommitter{context=TaskAttemptContextImpl{JobContextImpl{jobId=job_202409230208156644477934853844505_0000}; taskId=attempt_202409230208156644477934853844505_0000_m_000006_6, status=''}; org.apache.hadoop.mapreduce.lib.output.FileOutputCommitter@5735c5bd}; outputPath=s3a://raw/olhovivo/empresa/dt=2024-09-23, workPath=s3a://raw/olhovivo/empresa/dt=2024-09-23/_temporary/0/_temporary/attempt_202409230208156644477934853844505_0000_m_000006_6, algorithmVersion=1, skipCleanup=false, ignoreCleanupFailures=false} for s3a://raw/olhovivo/empresa/dt=2024-09-23
[2024-09-23T02:08:16.692+0000] {ssh.py:524} INFO - 24/09/23 02:08:16 INFO SQLHadoopMapReduceCommitProtocol: Using output committer class org.apache.hadoop.mapreduce.lib.output.FileOutputCommitter
[2024-09-23T02:08:16.693+0000] {ssh.py:524} INFO - 24/09/23 02:08:16 WARN AbstractS3ACommitterFactory: Using standard FileOutputCommitter to commit work. This is slow and potentially unsafe.
[2024-09-23T02:08:16.694+0000] {ssh.py:524} INFO - 24/09/23 02:08:16 INFO Executor: Finished task 9.0 in stage 0.0 (TID 9). 2828 bytes result sent to driver
[2024-09-23T02:08:16.694+0000] {ssh.py:524} INFO - 24/09/23 02:08:16 INFO FileOutputCommitter: File Output Committer Algorithm version is 1
[2024-09-23T02:08:16.694+0000] {ssh.py:524} INFO - 24/09/23 02:08:16 INFO FileOutputCommitter: FileOutputCommitter skip cleanup _temporary folders under output directory:false, ignore cleanup failures: false
[2024-09-23T02:08:16.695+0000] {ssh.py:524} INFO - 24/09/23 02:08:16 INFO AbstractS3ACommitterFactory: Using Committer FileOutputCommitter{PathOutputCommitter{context=TaskAttemptContextImpl{JobContextImpl{jobId=job_202409230208153948401495068653685_0000}; taskId=attempt_202409230208153948401495068653685_0000_m_000011_11, status=''}; org.apache.hadoop.mapreduce.lib.output.FileOutputCommitter@61db9f0f}; outputPath=s3a://raw/olhovivo/empresa/dt=2024-09-23, workPath=s3a://raw/olhovivo/empresa/dt=2024-09-23/_temporary/0/_temporary/attempt_202409230208153948401495068653685_0000_m_000011_11, algorithmVersion=1, skipCleanup=false, ignoreCleanupFailures=false} for s3a://raw/olhovivo/empresa/dt=2024-09-23
[2024-09-23T02:08:16.695+0000] {ssh.py:524} INFO - 24/09/23 02:08:16 INFO SQLHadoopMapReduceCommitProtocol: Using output committer class org.apache.hadoop.mapreduce.lib.output.FileOutputCommitter
[2024-09-23T02:08:16.708+0000] {ssh.py:524} INFO - 24/09/23 02:08:16 INFO PythonRunner: Times: total = 743, boot = 414, init = 328, finish = 1
[2024-09-23T02:08:16.709+0000] {ssh.py:524} INFO - 24/09/23 02:08:16 INFO PythonRunner: Times: total = 744, boot = 459, init = 285, finish = 0
[2024-09-23T02:08:16.732+0000] {ssh.py:524} INFO - 24/09/23 02:08:16 WARN AbstractS3ACommitterFactory: Using standard FileOutputCommitter to commit work. This is slow and potentially unsafe.
[2024-09-23T02:08:16.733+0000] {ssh.py:524} INFO - 24/09/23 02:08:16 INFO FileOutputCommitter: File Output Committer Algorithm version is 1
[2024-09-23T02:08:16.733+0000] {ssh.py:524} INFO - 24/09/23 02:08:16 INFO FileOutputCommitter: FileOutputCommitter skip cleanup _temporary folders under output directory:false, ignore cleanup failures: false
[2024-09-23T02:08:16.733+0000] {ssh.py:524} INFO - 24/09/23 02:08:16 INFO AbstractS3ACommitterFactory: Using Committer FileOutputCommitter{PathOutputCommitter{context=TaskAttemptContextImpl{JobContextImpl{jobId=job_202409230208154938212951390106439_0000}; taskId=attempt_202409230208154938212951390106439_0000_m_000002_2, status=''}; org.apache.hadoop.mapreduce.lib.output.FileOutputCommitter@f6636b1}; outputPath=s3a://raw/olhovivo/empresa/dt=2024-09-23, workPath=s3a://raw/olhovivo/empresa/dt=2024-09-23/_temporary/0/_temporary/attempt_202409230208154938212951390106439_0000_m_000002_2, algorithmVersion=1, skipCleanup=false, ignoreCleanupFailures=false} for s3a://raw/olhovivo/empresa/dt=2024-09-23
[2024-09-23T02:08:16.734+0000] {ssh.py:524} INFO - 24/09/23 02:08:16 INFO SQLHadoopMapReduceCommitProtocol: Using output committer class org.apache.hadoop.mapreduce.lib.output.FileOutputCommitter
[2024-09-23T02:08:16.735+0000] {ssh.py:524} INFO - 24/09/23 02:08:16 INFO SparkHadoopMapRedUtil: No need to commit output of task because needsTaskCommit=false: attempt_202409230208151084611502598631462_0000_m_000007_7
[2024-09-23T02:08:16.735+0000] {ssh.py:524} INFO - 24/09/23 02:08:16 WARN AbstractS3ACommitterFactory: Using standard FileOutputCommitter to commit work. This is slow and potentially unsafe.
[2024-09-23T02:08:16.736+0000] {ssh.py:524} INFO - 24/09/23 02:08:16 WARN AbstractS3ACommitterFactory: Using standard FileOutputCommitter to commit work. This is slow and potentially unsafe.
[2024-09-23T02:08:16.736+0000] {ssh.py:524} INFO - 24/09/23 02:08:16 INFO FileOutputCommitter: File Output Committer Algorithm version is 1
[2024-09-23T02:08:16.736+0000] {ssh.py:524} INFO - 24/09/23 02:08:16 INFO FileOutputCommitter: File Output Committer Algorithm version is 1
[2024-09-23T02:08:16.737+0000] {ssh.py:524} INFO - 24/09/23 02:08:16 INFO FileOutputCommitter: FileOutputCommitter skip cleanup _temporary folders under output directory:false, ignore cleanup failures: false
[2024-09-23T02:08:16.737+0000] {ssh.py:524} INFO - 24/09/23 02:08:16 INFO FileOutputCommitter: FileOutputCommitter skip cleanup _temporary folders under output directory:false, ignore cleanup failures: false
[2024-09-23T02:08:16.737+0000] {ssh.py:524} INFO - 24/09/23 02:08:16 INFO AbstractS3ACommitterFactory: Using Committer FileOutputCommitter{PathOutputCommitter{context=TaskAttemptContextImpl{JobContextImpl{jobId=job_202409230208156754213048656104871_0000}; taskId=attempt_202409230208156754213048656104871_0000_m_000003_3, status=''}; org.apache.hadoop.mapreduce.lib.output.FileOutputCommitter@6a0ab267}; outputPath=s3a://raw/olhovivo/empresa/dt=2024-09-23, workPath=s3a://raw/olhovivo/empresa/dt=2024-09-23/_temporary/0/_temporary/attempt_202409230208156754213048656104871_0000_m_000003_3, algorithmVersion=1, skipCleanup=false, ignoreCleanupFailures=false} for s3a://raw/olhovivo/empresa/dt=2024-09-23
[2024-09-23T02:08:16.738+0000] {ssh.py:524} INFO - 24/09/23 02:08:16 INFO SQLHadoopMapReduceCommitProtocol: Using output committer class org.apache.hadoop.mapreduce.lib.output.FileOutputCommitter
[2024-09-23T02:08:16.740+0000] {ssh.py:524} INFO - 24/09/23 02:08:16 INFO PythonRunner: Times: total = 753, boot = 462, init = 291, finish = 0
[2024-09-23T02:08:16.743+0000] {ssh.py:524} INFO - 24/09/23 02:08:16 INFO SparkHadoopMapRedUtil: No need to commit output of task because needsTaskCommit=false: attempt_202409230208154399345260214083332_0000_m_000010_10
[2024-09-23T02:08:16.744+0000] {ssh.py:524} INFO - 24/09/23 02:08:16 INFO TaskSetManager: Finished task 8.0 in stage 0.0 (TID 8) in 1109 ms on spark-master (executor driver) (1/12)
[2024-09-23T02:08:16.744+0000] {ssh.py:524} INFO - 24/09/23 02:08:16 INFO AbstractS3ACommitterFactory: Using Committer FileOutputCommitter{PathOutputCommitter{context=TaskAttemptContextImpl{JobContextImpl{jobId=job_202409230208158868247086904649792_0000}; taskId=attempt_202409230208158868247086904649792_0000_m_000004_4, status=''}; org.apache.hadoop.mapreduce.lib.output.FileOutputCommitter@33ff1a5a}; outputPath=s3a://raw/olhovivo/empresa/dt=2024-09-23, workPath=s3a://raw/olhovivo/empresa/dt=2024-09-23/_temporary/0/_temporary/attempt_202409230208158868247086904649792_0000_m_000004_4, algorithmVersion=1, skipCleanup=false, ignoreCleanupFailures=false} for s3a://raw/olhovivo/empresa/dt=2024-09-23
[2024-09-23T02:08:16.745+0000] {ssh.py:524} INFO - 24/09/23 02:08:16 INFO SQLHadoopMapReduceCommitProtocol: Using output committer class org.apache.hadoop.mapreduce.lib.output.FileOutputCommitter
[2024-09-23T02:08:16.748+0000] {ssh.py:524} INFO - 24/09/23 02:08:16 INFO Executor: Finished task 7.0 in stage 0.0 (TID 7). 2828 bytes result sent to driver
[2024-09-23T02:08:16.756+0000] {ssh.py:524} INFO - 24/09/23 02:08:16 INFO Executor: Finished task 10.0 in stage 0.0 (TID 10). 2871 bytes result sent to driver
[2024-09-23T02:08:16.758+0000] {ssh.py:524} INFO - 24/09/23 02:08:16 INFO PythonAccumulatorV2: Connected to AccumulatorServer at host: 127.0.0.1 port: 33713
[2024-09-23T02:08:16.762+0000] {ssh.py:524} INFO - 24/09/23 02:08:16 WARN AbstractS3ACommitterFactory: Using standard FileOutputCommitter to commit work. This is slow and potentially unsafe.
[2024-09-23T02:08:16.763+0000] {ssh.py:524} INFO - 24/09/23 02:08:16 INFO FileOutputCommitter: File Output Committer Algorithm version is 1
[2024-09-23T02:08:16.763+0000] {ssh.py:524} INFO - 24/09/23 02:08:16 INFO FileOutputCommitter: FileOutputCommitter skip cleanup _temporary folders under output directory:false, ignore cleanup failures: false
[2024-09-23T02:08:16.765+0000] {ssh.py:524} INFO - 24/09/23 02:08:16 INFO SparkHadoopMapRedUtil: No need to commit output of task because needsTaskCommit=false: attempt_202409230208156754213048656104871_0000_m_000003_3
[2024-09-23T02:08:16.768+0000] {ssh.py:524} INFO - 24/09/23 02:08:16 INFO AbstractS3ACommitterFactory: Using Committer FileOutputCommitter{PathOutputCommitter{context=TaskAttemptContextImpl{JobContextImpl{jobId=job_202409230208157082817541650123474_0000}; taskId=attempt_202409230208157082817541650123474_0000_m_000000_0, status=''}; org.apache.hadoop.mapreduce.lib.output.FileOutputCommitter@4143e937}; outputPath=s3a://raw/olhovivo/empresa/dt=2024-09-23, workPath=s3a://raw/olhovivo/empresa/dt=2024-09-23/_temporary/0/_temporary/attempt_202409230208157082817541650123474_0000_m_000000_0, algorithmVersion=1, skipCleanup=false, ignoreCleanupFailures=false} for s3a://raw/olhovivo/empresa/dt=2024-09-23
[2024-09-23T02:08:16.771+0000] {ssh.py:524} INFO - 24/09/23 02:08:16 INFO SQLHadoopMapReduceCommitProtocol: Using output committer class org.apache.hadoop.mapreduce.lib.output.FileOutputCommitter
[2024-09-23T02:08:16.794+0000] {ssh.py:524} INFO - 24/09/23 02:08:16 INFO TaskSetManager: Finished task 9.0 in stage 0.0 (TID 9) in 1162 ms on spark-master (executor driver) (2/12)
[2024-09-23T02:08:16.796+0000] {ssh.py:524} INFO - 24/09/23 02:08:16 INFO Executor: Finished task 3.0 in stage 0.0 (TID 3). 2828 bytes result sent to driver
[2024-09-23T02:08:16.797+0000] {ssh.py:524} INFO - 24/09/23 02:08:16 INFO TaskSetManager: Finished task 1.0 in stage 0.0 (TID 1) in 1174 ms on spark-master (executor driver) (3/12)
[2024-09-23T02:08:16.797+0000] {ssh.py:524} INFO - 24/09/23 02:08:16 INFO TaskSetManager: Finished task 10.0 in stage 0.0 (TID 10) in 1164 ms on spark-master (executor driver) (4/12)
[2024-09-23T02:08:16.798+0000] {ssh.py:524} INFO - 24/09/23 02:08:16 INFO TaskSetManager: Finished task 7.0 in stage 0.0 (TID 7) in 1167 ms on spark-master (executor driver) (5/12)
[2024-09-23T02:08:16.799+0000] {ssh.py:524} INFO - 24/09/23 02:08:16 INFO TaskSetManager: Finished task 3.0 in stage 0.0 (TID 3) in 1174 ms on spark-master (executor driver) (6/12)
[2024-09-23T02:08:16.807+0000] {ssh.py:524} INFO - 24/09/23 02:08:16 INFO PythonRunner: Times: total = 896, boot = 610, init = 285, finish = 1
[2024-09-23T02:08:16.816+0000] {ssh.py:524} INFO - 24/09/23 02:08:16 INFO SparkHadoopMapRedUtil: No need to commit output of task because needsTaskCommit=false: attempt_202409230208156733483988497886779_0000_m_000005_5
[2024-09-23T02:08:16.818+0000] {ssh.py:524} INFO - 24/09/23 02:08:16 INFO Executor: Finished task 5.0 in stage 0.0 (TID 5). 2828 bytes result sent to driver
[2024-09-23T02:08:16.821+0000] {ssh.py:524} INFO - 24/09/23 02:08:16 INFO TaskSetManager: Finished task 5.0 in stage 0.0 (TID 5) in 1193 ms on spark-master (executor driver) (7/12)
[2024-09-23T02:08:16.833+0000] {ssh.py:524} INFO - 24/09/23 02:08:16 INFO PythonRunner: Times: total = 882, boot = 509, init = 373, finish = 0
[2024-09-23T02:08:16.844+0000] {ssh.py:524} INFO - 24/09/23 02:08:16 INFO PythonRunner: Times: total = 929, boot = 548, init = 381, finish = 0
[2024-09-23T02:08:16.845+0000] {ssh.py:524} INFO - 24/09/23 02:08:16 INFO SparkHadoopMapRedUtil: No need to commit output of task because needsTaskCommit=false: attempt_202409230208154938212951390106439_0000_m_000002_2
[2024-09-23T02:08:16.847+0000] {ssh.py:524} INFO - 24/09/23 02:08:16 INFO Executor: Finished task 2.0 in stage 0.0 (TID 2). 2828 bytes result sent to driver
[2024-09-23T02:08:16.851+0000] {ssh.py:524} INFO - 24/09/23 02:08:16 INFO TaskSetManager: Finished task 2.0 in stage 0.0 (TID 2) in 1227 ms on spark-master (executor driver) (8/12)
[2024-09-23T02:08:16.852+0000] {ssh.py:524} INFO - 24/09/23 02:08:16 INFO SparkHadoopMapRedUtil: No need to commit output of task because needsTaskCommit=false: attempt_202409230208158868247086904649792_0000_m_000004_4
[2024-09-23T02:08:16.854+0000] {ssh.py:524} INFO - 24/09/23 02:08:16 INFO Executor: Finished task 4.0 in stage 0.0 (TID 4). 2828 bytes result sent to driver
[2024-09-23T02:08:16.856+0000] {ssh.py:524} INFO - 24/09/23 02:08:16 INFO TaskSetManager: Finished task 4.0 in stage 0.0 (TID 4) in 1230 ms on spark-master (executor driver) (9/12)
[2024-09-23T02:08:16.878+0000] {ssh.py:524} INFO - 24/09/23 02:08:16 INFO PythonRunner: Times: total = 916, boot = 481, init = 435, finish = 0
[2024-09-23T02:08:16.889+0000] {ssh.py:524} INFO - 24/09/23 02:08:16 INFO SparkHadoopMapRedUtil: No need to commit output of task because needsTaskCommit=false: attempt_202409230208156644477934853844505_0000_m_000006_6
[2024-09-23T02:08:16.892+0000] {ssh.py:524} INFO - 24/09/23 02:08:16 INFO Executor: Finished task 6.0 in stage 0.0 (TID 6). 2828 bytes result sent to driver
[2024-09-23T02:08:16.895+0000] {ssh.py:524} INFO - 24/09/23 02:08:16 INFO TaskSetManager: Finished task 6.0 in stage 0.0 (TID 6) in 1266 ms on spark-master (executor driver) (10/12)
[2024-09-23T02:08:16.923+0000] {ssh.py:524} INFO - 24/09/23 02:08:16 INFO PythonRunner: Times: total = 909, boot = 540, init = 368, finish = 1
[2024-09-23T02:08:16.982+0000] {ssh.py:524} INFO - 24/09/23 02:08:16 INFO PythonRunner: Times: total = 1068, boot = 608, init = 460, finish = 0
[2024-09-23T02:08:17.184+0000] {ssh.py:524} INFO - 24/09/23 02:08:17 INFO FileOutputCommitter: Saved output of task 'attempt_202409230208157082817541650123474_0000_m_000000_0' to s3a://raw/olhovivo/empresa/dt=2024-09-23/_temporary/0/task_202409230208157082817541650123474_0000_m_000000
[2024-09-23T02:08:17.185+0000] {ssh.py:524} INFO - 24/09/23 02:08:17 INFO SparkHadoopMapRedUtil: attempt_202409230208157082817541650123474_0000_m_000000_0: Committed. Elapsed time: 140 ms.
[2024-09-23T02:08:17.187+0000] {ssh.py:524} INFO - 24/09/23 02:08:17 INFO Executor: Finished task 0.0 in stage 0.0 (TID 0). 2828 bytes result sent to driver
[2024-09-23T02:08:17.188+0000] {ssh.py:524} INFO - 24/09/23 02:08:17 INFO TaskSetManager: Finished task 0.0 in stage 0.0 (TID 0) in 1581 ms on spark-master (executor driver) (11/12)
[2024-09-23T02:08:17.217+0000] {ssh.py:524} INFO - 24/09/23 02:08:17 INFO FileOutputCommitter: Saved output of task 'attempt_202409230208153948401495068653685_0000_m_000011_11' to s3a://raw/olhovivo/empresa/dt=2024-09-23/_temporary/0/task_202409230208153948401495068653685_0000_m_000011
[2024-09-23T02:08:17.217+0000] {ssh.py:524} INFO - 24/09/23 02:08:17 INFO SparkHadoopMapRedUtil: attempt_202409230208153948401495068653685_0000_m_000011_11: Committed. Elapsed time: 203 ms.
[2024-09-23T02:08:17.219+0000] {ssh.py:524} INFO - 24/09/23 02:08:17 INFO Executor: Finished task 11.0 in stage 0.0 (TID 11). 2914 bytes result sent to driver
[2024-09-23T02:08:17.220+0000] {ssh.py:524} INFO - 24/09/23 02:08:17 INFO TaskSetManager: Finished task 11.0 in stage 0.0 (TID 11) in 1587 ms on spark-master (executor driver) (12/12)
[2024-09-23T02:08:17.222+0000] {ssh.py:524} INFO - 24/09/23 02:08:17 INFO TaskSchedulerImpl: Removed TaskSet 0.0, whose tasks have all completed, from pool 
[2024-09-23T02:08:17.224+0000] {ssh.py:524} INFO - 24/09/23 02:08:17 INFO DAGScheduler: ResultStage 0 (save at NativeMethodAccessorImpl.java:0) finished in 1.781 s
[2024-09-23T02:08:17.227+0000] {ssh.py:524} INFO - 24/09/23 02:08:17 INFO DAGScheduler: Job 0 is finished. Cancelling potential speculative or zombie tasks for this job
[2024-09-23T02:08:17.227+0000] {ssh.py:524} INFO - 24/09/23 02:08:17 INFO TaskSchedulerImpl: Killing all running tasks in stage 0: Stage finished
[2024-09-23T02:08:17.228+0000] {ssh.py:524} INFO - 24/09/23 02:08:17 INFO DAGScheduler: Job 0 finished: save at NativeMethodAccessorImpl.java:0, took 1.826910 s
[2024-09-23T02:08:17.231+0000] {ssh.py:524} INFO - 24/09/23 02:08:17 INFO FileFormatWriter: Start to commit write Job 62927818-362d-4dad-a861-eea3fe1cf5c1.
[2024-09-23T02:08:17.555+0000] {ssh.py:524} INFO - 24/09/23 02:08:17 INFO FileFormatWriter: Write Job 62927818-362d-4dad-a861-eea3fe1cf5c1 committed. Elapsed time: 322 ms.
[2024-09-23T02:08:17.567+0000] {ssh.py:524} INFO - 24/09/23 02:08:17 INFO FileFormatWriter: Finished processing stats for write job 62927818-362d-4dad-a861-eea3fe1cf5c1.
[2024-09-23T02:08:17.578+0000] {ssh.py:524} INFO - [DEBUG] Done.
[2024-09-23T02:08:17.639+0000] {ssh.py:524} INFO - 24/09/23 02:08:17 INFO SparkContext: Invoking stop() from shutdown hook
[2024-09-23T02:08:17.650+0000] {ssh.py:524} INFO - 24/09/23 02:08:17 INFO SparkUI: Stopped Spark web UI at http://spark-master:4040
[2024-09-23T02:08:17.685+0000] {ssh.py:524} INFO - 24/09/23 02:08:17 INFO MapOutputTrackerMasterEndpoint: MapOutputTrackerMasterEndpoint stopped!
[2024-09-23T02:08:17.710+0000] {ssh.py:524} INFO - 24/09/23 02:08:17 INFO MemoryStore: MemoryStore cleared
[2024-09-23T02:08:17.711+0000] {ssh.py:524} INFO - 24/09/23 02:08:17 INFO BlockManager: BlockManager stopped
[2024-09-23T02:08:17.719+0000] {ssh.py:524} INFO - 24/09/23 02:08:17 INFO BlockManagerMaster: BlockManagerMaster stopped
[2024-09-23T02:08:17.721+0000] {ssh.py:524} INFO - 24/09/23 02:08:17 INFO OutputCommitCoordinator$OutputCommitCoordinatorEndpoint: OutputCommitCoordinator stopped!
[2024-09-23T02:08:17.740+0000] {ssh.py:524} INFO - 24/09/23 02:08:17 INFO SparkContext: Successfully stopped SparkContext
[2024-09-23T02:08:17.741+0000] {ssh.py:524} INFO - 24/09/23 02:08:17 INFO ShutdownHookManager: Shutdown hook called
[2024-09-23T02:08:17.742+0000] {ssh.py:524} INFO - 24/09/23 02:08:17 INFO ShutdownHookManager: Deleting directory /tmp/spark-fc33f901-5055-4dcd-b76f-e620c6cbc342
[2024-09-23T02:08:17.745+0000] {ssh.py:524} INFO - 24/09/23 02:08:17 INFO ShutdownHookManager: Deleting directory /tmp/spark-fc33f901-5055-4dcd-b76f-e620c6cbc342/pyspark-d2feffc5-e85b-4aea-9535-57bb47a86c62
[2024-09-23T02:08:17.749+0000] {ssh.py:524} INFO - 24/09/23 02:08:17 INFO ShutdownHookManager: Deleting directory /tmp/spark-95c1c64d-6b20-457e-b66d-e02406457289
[2024-09-23T02:08:17.758+0000] {ssh.py:524} INFO - 24/09/23 02:08:17 INFO MetricsSystemImpl: Stopping s3a-file-system metrics system...
[2024-09-23T02:08:17.759+0000] {ssh.py:524} INFO - 24/09/23 02:08:17 INFO MetricsSystemImpl: s3a-file-system metrics system stopped.
[2024-09-23T02:08:17.759+0000] {ssh.py:524} INFO - 24/09/23 02:08:17 INFO MetricsSystemImpl: s3a-file-system metrics system shutdown complete.
[2024-09-23T02:08:17.955+0000] {taskinstance.py:1400} INFO - Marking task as SUCCESS. dag_id=raw_ingestion_15min, task_id=spark_raw_ingestion_empresa, execution_date=20240923T020805, start_date=20240923T020807, end_date=20240923T020817
[2024-09-23T02:08:18.011+0000] {local_task_job_runner.py:228} INFO - Task exited with return code 0
[2024-09-23T02:08:18.077+0000] {taskinstance.py:2778} INFO - 0 downstream tasks scheduled from follow-on schedule check
