[2024-09-21T20:19:04.878+0000] {taskinstance.py:1159} INFO - Dependencies all met for dep_context=non-requeueable deps ti=<TaskInstance: raw_ingestion.spark_raw_ingestion_empresa scheduled__2024-09-20T17:30:00+00:00 [queued]>
[2024-09-21T20:19:04.892+0000] {taskinstance.py:1159} INFO - Dependencies all met for dep_context=requeueable deps ti=<TaskInstance: raw_ingestion.spark_raw_ingestion_empresa scheduled__2024-09-20T17:30:00+00:00 [queued]>
[2024-09-21T20:19:04.894+0000] {taskinstance.py:1361} INFO - Starting attempt 1 of 0
[2024-09-21T20:19:04.919+0000] {taskinstance.py:1382} INFO - Executing <Task(SSHOperator): spark_raw_ingestion_empresa> on 2024-09-20 17:30:00+00:00
[2024-09-21T20:19:04.928+0000] {standard_task_runner.py:57} INFO - Started process 212 to run task
[2024-09-21T20:19:04.931+0000] {standard_task_runner.py:84} INFO - Running: ['airflow', 'tasks', 'run', 'raw_ingestion', 'spark_raw_ingestion_empresa', 'scheduled__2024-09-20T17:30:00+00:00', '--job-id', '295', '--raw', '--subdir', 'DAGS_FOLDER/raw_ingestion.py', '--cfg-path', '/tmp/tmprnefyqq3']
[2024-09-21T20:19:04.947+0000] {standard_task_runner.py:85} INFO - Job 295: Subtask spark_raw_ingestion_empresa
[2024-09-21T20:19:05.357+0000] {task_command.py:416} INFO - Running <TaskInstance: raw_ingestion.spark_raw_ingestion_empresa scheduled__2024-09-20T17:30:00+00:00 [running]> on host airflow-worker
[2024-09-21T20:19:05.986+0000] {taskinstance.py:1662} INFO - Exporting env vars: AIRFLOW_CTX_DAG_OWNER='***' AIRFLOW_CTX_DAG_ID='raw_ingestion' AIRFLOW_CTX_TASK_ID='spark_raw_ingestion_empresa' AIRFLOW_CTX_EXECUTION_DATE='2024-09-20T17:30:00+00:00' AIRFLOW_CTX_TRY_NUMBER='1' AIRFLOW_CTX_DAG_RUN_ID='scheduled__2024-09-20T17:30:00+00:00'
[2024-09-21T20:19:05.987+0000] {ssh.py:141} INFO - Creating ssh_client
[2024-09-21T20:19:05.990+0000] {ssh.py:114} INFO - ssh_hook is not provided or invalid. Trying ssh_conn_id to create SSHHook.
[2024-09-21T20:19:06.069+0000] {base.py:73} INFO - Using connection ID 'spark_ssh_default' for task execution.
[2024-09-21T20:19:06.071+0000] {ssh.py:300} WARNING - No Host Key Verification. This won't protect against Man-In-The-Middle attacks
[2024-09-21T20:19:06.091+0000] {transport.py:1893} INFO - Connected (version 2.0, client OpenSSH_8.9p1)
[2024-09-21T20:19:06.217+0000] {transport.py:1893} INFO - Authentication (password) successful!
[2024-09-21T20:19:06.228+0000] {ssh.py:478} INFO - Running command: export SPARK_HOME=/usr/local/spark; /opt/conda/bin/spark-submit --master local[*] --executor-memory 2g /opt/shared/scripts/raw_ingestion.py 2024-09-20 empresa
[2024-09-21T20:19:15.689+0000] {ssh.py:524} INFO - [DEBUG] dt_now: 2024-09-20
[2024-09-21T20:19:15.694+0000] {ssh.py:524} INFO - [DEBUG] endpoint: empresa
[2024-09-21T20:19:16.792+0000] {ssh.py:524} INFO - 24/09/21 20:19:16 INFO SparkContext: Running Spark version 3.3.1
[2024-09-21T20:19:16.898+0000] {ssh.py:524} INFO - 24/09/21 20:19:16 WARN NativeCodeLoader: Unable to load native-hadoop library for your platform... using builtin-java classes where applicable
[2024-09-21T20:19:17.638+0000] {ssh.py:524} INFO - 24/09/21 20:19:17 INFO ResourceUtils: ==============================================================
[2024-09-21T20:19:17.640+0000] {ssh.py:524} INFO - 24/09/21 20:19:17 INFO ResourceUtils: No custom resources configured for spark.driver.
[2024-09-21T20:19:17.641+0000] {ssh.py:524} INFO - 24/09/21 20:19:17 INFO ResourceUtils: ==============================================================
[2024-09-21T20:19:17.642+0000] {ssh.py:524} INFO - 24/09/21 20:19:17 INFO SparkContext: Submitted application: raw_ingestion_empresa
[2024-09-21T20:19:17.879+0000] {ssh.py:524} INFO - 24/09/21 20:19:17 INFO ResourceProfile: Default ResourceProfile created, executor resources: Map(cores -> name: cores, amount: 1, script: , vendor: , memory -> name: memory, amount: 1024, script: , vendor: , offHeap -> name: offHeap, amount: 0, script: , vendor: ), task resources: Map(cpus -> name: cpus, amount: 1.0)
[2024-09-21T20:19:17.943+0000] {ssh.py:524} INFO - 24/09/21 20:19:17 INFO ResourceProfile: Limiting resource is cpu
[2024-09-21T20:19:17.946+0000] {ssh.py:524} INFO - 24/09/21 20:19:17 INFO ResourceProfileManager: Added ResourceProfile id: 0
[2024-09-21T20:19:18.544+0000] {ssh.py:524} INFO - 24/09/21 20:19:18 INFO SecurityManager: Changing view acls to: root
[2024-09-21T20:19:18.546+0000] {ssh.py:524} INFO - 24/09/21 20:19:18 INFO SecurityManager: Changing modify acls to: root
[2024-09-21T20:19:18.553+0000] {ssh.py:524} INFO - 24/09/21 20:19:18 INFO SecurityManager: Changing view acls groups to: 
[2024-09-21T20:19:18.555+0000] {ssh.py:524} INFO - 24/09/21 20:19:18 INFO SecurityManager: Changing modify acls groups to: 
[2024-09-21T20:19:18.557+0000] {ssh.py:524} INFO - 24/09/21 20:19:18 INFO SecurityManager: SecurityManager: authentication disabled; ui acls disabled; users  with view permissions: Set(root); groups with view permissions: Set(); users  with modify permissions: Set(root); groups with modify permissions: Set()
[2024-09-21T20:19:22.929+0000] {ssh.py:524} INFO - 24/09/21 20:19:22 INFO Utils: Successfully started service 'sparkDriver' on port 37145.
[2024-09-21T20:19:23.749+0000] {ssh.py:524} INFO - 24/09/21 20:19:23 INFO SparkEnv: Registering MapOutputTracker
[2024-09-21T20:19:23.964+0000] {ssh.py:524} INFO - 24/09/21 20:19:23 INFO SparkEnv: Registering BlockManagerMaster
[2024-09-21T20:19:24.055+0000] {ssh.py:524} INFO - 24/09/21 20:19:24 INFO BlockManagerMasterEndpoint: Using org.apache.spark.storage.DefaultTopologyMapper for getting topology information
[2024-09-21T20:19:24.057+0000] {ssh.py:524} INFO - 24/09/21 20:19:24 INFO BlockManagerMasterEndpoint: BlockManagerMasterEndpoint up
[2024-09-21T20:19:24.103+0000] {ssh.py:524} INFO - 24/09/21 20:19:24 INFO SparkEnv: Registering BlockManagerMasterHeartbeat
[2024-09-21T20:19:24.300+0000] {ssh.py:524} INFO - 24/09/21 20:19:24 INFO DiskBlockManager: Created local directory at /tmp/blockmgr-128b7be2-693d-4ff2-a686-28cceca1a792
[2024-09-21T20:19:24.488+0000] {ssh.py:524} INFO - 24/09/21 20:19:24 INFO MemoryStore: MemoryStore started with capacity 434.4 MiB
[2024-09-21T20:19:24.668+0000] {ssh.py:524} INFO - 24/09/21 20:19:24 INFO SparkEnv: Registering OutputCommitCoordinator
[2024-09-21T20:19:26.006+0000] {ssh.py:524} INFO - 24/09/21 20:19:26 WARN Utils: Service 'SparkUI' could not bind on port 4040. Attempting port 4041.
[2024-09-21T20:19:26.011+0000] {ssh.py:524} INFO - 24/09/21 20:19:26 WARN Utils: Service 'SparkUI' could not bind on port 4041. Attempting port 4042.
[2024-09-21T20:19:26.028+0000] {ssh.py:524} INFO - 24/09/21 20:19:26 INFO Utils: Successfully started service 'SparkUI' on port 4042.
[2024-09-21T20:19:27.030+0000] {ssh.py:524} INFO - 24/09/21 20:19:27 INFO Executor: Starting executor ID driver on host spark-master
[2024-09-21T20:19:27.110+0000] {ssh.py:524} INFO - 24/09/21 20:19:27 INFO Executor: Starting executor with user classpath (userClassPathFirst = false): ''
[2024-09-21T20:19:27.438+0000] {ssh.py:524} INFO - 24/09/21 20:19:27 INFO Utils: Successfully started service 'org.apache.spark.network.netty.NettyBlockTransferService' on port 41509.
[2024-09-21T20:19:27.439+0000] {ssh.py:524} INFO - 24/09/21 20:19:27 INFO NettyBlockTransferService: Server created on spark-master:41509
[2024-09-21T20:19:27.451+0000] {ssh.py:524} INFO - 24/09/21 20:19:27 INFO BlockManager: Using org.apache.spark.storage.RandomBlockReplicationPolicy for block replication policy
[2024-09-21T20:19:27.470+0000] {ssh.py:524} INFO - 24/09/21 20:19:27 INFO BlockManagerMaster: Registering BlockManager BlockManagerId(driver, spark-master, 41509, None)
[2024-09-21T20:19:27.478+0000] {ssh.py:524} INFO - 24/09/21 20:19:27 INFO BlockManagerMasterEndpoint: Registering block manager spark-master:41509 with 434.4 MiB RAM, BlockManagerId(driver, spark-master, 41509, None)
[2024-09-21T20:19:27.485+0000] {ssh.py:524} INFO - 24/09/21 20:19:27 INFO BlockManagerMaster: Registered BlockManager BlockManagerId(driver, spark-master, 41509, None)
[2024-09-21T20:19:27.488+0000] {ssh.py:524} INFO - 24/09/21 20:19:27 INFO BlockManager: Initialized BlockManager: BlockManagerId(driver, spark-master, 41509, None)
[2024-09-21T20:19:37.589+0000] {taskinstance.py:1937} ERROR - Task failed with exception
Traceback (most recent call last):
  File "/home/airflow/.local/lib/python3.8/site-packages/airflow/providers/ssh/operators/ssh.py", line 178, in execute
    result = self.run_ssh_client_command(ssh_client, self.command, context=context)
  File "/home/airflow/.local/lib/python3.8/site-packages/airflow/providers/ssh/operators/ssh.py", line 163, in run_ssh_client_command
    exit_status, agg_stdout, agg_stderr = self.hook.exec_ssh_client_command(
  File "/home/airflow/.local/lib/python3.8/site-packages/airflow/providers/ssh/hooks/ssh.py", line 549, in exec_ssh_client_command
    raise AirflowException("SSH command timed out")
airflow.exceptions.AirflowException: SSH command timed out
[2024-09-21T20:19:37.595+0000] {taskinstance.py:1400} INFO - Marking task as FAILED. dag_id=raw_ingestion, task_id=spark_raw_ingestion_empresa, execution_date=20240920T173000, start_date=20240921T201904, end_date=20240921T201937
[2024-09-21T20:19:37.667+0000] {standard_task_runner.py:104} ERROR - Failed to execute job 295 for task spark_raw_ingestion_empresa (SSH command timed out; 212)
[2024-09-21T20:19:37.709+0000] {local_task_job_runner.py:228} INFO - Task exited with return code 1
[2024-09-21T20:19:38.035+0000] {taskinstance.py:2778} INFO - 0 downstream tasks scheduled from follow-on schedule check
