[2024-09-21T22:15:12.270+0000] {taskinstance.py:1159} INFO - Dependencies all met for dep_context=non-requeueable deps ti=<TaskInstance: raw_ingestion.spark_raw_ingestion_corredor manual__2024-09-21T22:15:11.318217+00:00 [queued]>
[2024-09-21T22:15:12.279+0000] {taskinstance.py:1159} INFO - Dependencies all met for dep_context=requeueable deps ti=<TaskInstance: raw_ingestion.spark_raw_ingestion_corredor manual__2024-09-21T22:15:11.318217+00:00 [queued]>
[2024-09-21T22:15:12.280+0000] {taskinstance.py:1361} INFO - Starting attempt 1 of 0
[2024-09-21T22:15:12.303+0000] {taskinstance.py:1382} INFO - Executing <Task(SSHOperator): spark_raw_ingestion_corredor> on 2024-09-21 22:15:11.318217+00:00
[2024-09-21T22:15:12.308+0000] {standard_task_runner.py:57} INFO - Started process 1935 to run task
[2024-09-21T22:15:12.310+0000] {standard_task_runner.py:84} INFO - Running: ['airflow', 'tasks', 'run', 'raw_ingestion', 'spark_raw_ingestion_corredor', 'manual__2024-09-21T22:15:11.318217+00:00', '--job-id', '419', '--raw', '--subdir', 'DAGS_FOLDER/raw_ingestion.py', '--cfg-path', '/tmp/tmpvloaimt7']
[2024-09-21T22:15:12.311+0000] {standard_task_runner.py:85} INFO - Job 419: Subtask spark_raw_ingestion_corredor
[2024-09-21T22:15:12.445+0000] {task_command.py:416} INFO - Running <TaskInstance: raw_ingestion.spark_raw_ingestion_corredor manual__2024-09-21T22:15:11.318217+00:00 [running]> on host airflow-worker
[2024-09-21T22:15:12.660+0000] {taskinstance.py:1662} INFO - Exporting env vars: AIRFLOW_CTX_DAG_OWNER='***' AIRFLOW_CTX_DAG_ID='raw_ingestion' AIRFLOW_CTX_TASK_ID='spark_raw_ingestion_corredor' AIRFLOW_CTX_EXECUTION_DATE='2024-09-21T22:15:11.318217+00:00' AIRFLOW_CTX_TRY_NUMBER='1' AIRFLOW_CTX_DAG_RUN_ID='manual__2024-09-21T22:15:11.318217+00:00'
[2024-09-21T22:15:12.661+0000] {ssh.py:141} INFO - Creating ssh_client
[2024-09-21T22:15:12.661+0000] {ssh.py:114} INFO - ssh_hook is not provided or invalid. Trying ssh_conn_id to create SSHHook.
[2024-09-21T22:15:12.689+0000] {base.py:73} INFO - Using connection ID 'spark_ssh_default' for task execution.
[2024-09-21T22:15:12.690+0000] {ssh.py:300} WARNING - No Host Key Verification. This won't protect against Man-In-The-Middle attacks
[2024-09-21T22:15:12.698+0000] {transport.py:1893} INFO - Connected (version 2.0, client OpenSSH_8.9p1)
[2024-09-21T22:15:12.783+0000] {transport.py:1893} INFO - Authentication (password) successful!
[2024-09-21T22:15:12.784+0000] {ssh.py:478} INFO - Running command: export SPARK_HOME=/usr/local/spark; /opt/conda/bin/spark-submit --master local[*] --executor-memory 4g /opt/shared/scripts/raw_ingestion.py 2024-09-21 corredor
[2024-09-21T22:15:15.446+0000] {ssh.py:524} INFO - [DEBUG] dt_now: 2024-09-21
[2024-09-21T22:15:15.447+0000] {ssh.py:524} INFO - [DEBUG] endpoint: corredor
[2024-09-21T22:15:15.521+0000] {ssh.py:524} INFO - 24/09/21 22:15:15 INFO SparkContext: Running Spark version 3.3.1
[2024-09-21T22:15:15.547+0000] {ssh.py:524} INFO - 24/09/21 22:15:15 WARN NativeCodeLoader: Unable to load native-hadoop library for your platform... using builtin-java classes where applicable
[2024-09-21T22:15:15.647+0000] {ssh.py:524} INFO - 24/09/21 22:15:15 INFO ResourceUtils: ==============================================================
[2024-09-21T22:15:15.648+0000] {ssh.py:524} INFO - 24/09/21 22:15:15 INFO ResourceUtils: No custom resources configured for spark.driver.
[2024-09-21T22:15:15.648+0000] {ssh.py:524} INFO - 24/09/21 22:15:15 INFO ResourceUtils: ==============================================================
[2024-09-21T22:15:15.649+0000] {ssh.py:524} INFO - 24/09/21 22:15:15 INFO SparkContext: Submitted application: raw_ingestion_corredor
[2024-09-21T22:15:15.668+0000] {ssh.py:524} INFO - 24/09/21 22:15:15 INFO ResourceProfile: Default ResourceProfile created, executor resources: Map(cores -> name: cores, amount: 1, script: , vendor: , memory -> name: memory, amount: 1024, script: , vendor: , offHeap -> name: offHeap, amount: 0, script: , vendor: ), task resources: Map(cpus -> name: cpus, amount: 1.0)
[2024-09-21T22:15:15.678+0000] {ssh.py:524} INFO - 24/09/21 22:15:15 INFO ResourceProfile: Limiting resource is cpu
[2024-09-21T22:15:15.679+0000] {ssh.py:524} INFO - 24/09/21 22:15:15 INFO ResourceProfileManager: Added ResourceProfile id: 0
[2024-09-21T22:15:15.725+0000] {ssh.py:524} INFO - 24/09/21 22:15:15 INFO SecurityManager: Changing view acls to: root
[2024-09-21T22:15:15.726+0000] {ssh.py:524} INFO - 24/09/21 22:15:15 INFO SecurityManager: Changing modify acls to: root
[2024-09-21T22:15:15.726+0000] {ssh.py:524} INFO - 24/09/21 22:15:15 INFO SecurityManager: Changing view acls groups to: 
[2024-09-21T22:15:15.727+0000] {ssh.py:524} INFO - 24/09/21 22:15:15 INFO SecurityManager: Changing modify acls groups to: 
[2024-09-21T22:15:15.728+0000] {ssh.py:524} INFO - 24/09/21 22:15:15 INFO SecurityManager: SecurityManager: authentication disabled; ui acls disabled; users  with view permissions: Set(root); groups with view permissions: Set(); users  with modify permissions: Set(root); groups with modify permissions: Set()
[2024-09-21T22:15:16.049+0000] {ssh.py:524} INFO - 24/09/21 22:15:16 INFO Utils: Successfully started service 'sparkDriver' on port 34345.
[2024-09-21T22:15:16.183+0000] {ssh.py:524} INFO - 24/09/21 22:15:16 INFO SparkEnv: Registering MapOutputTracker
[2024-09-21T22:15:16.219+0000] {ssh.py:524} INFO - 24/09/21 22:15:16 INFO SparkEnv: Registering BlockManagerMaster
[2024-09-21T22:15:16.239+0000] {ssh.py:524} INFO - 24/09/21 22:15:16 INFO BlockManagerMasterEndpoint: Using org.apache.spark.storage.DefaultTopologyMapper for getting topology information
[2024-09-21T22:15:16.241+0000] {ssh.py:524} INFO - 24/09/21 22:15:16 INFO BlockManagerMasterEndpoint: BlockManagerMasterEndpoint up
[2024-09-21T22:15:16.254+0000] {ssh.py:524} INFO - 24/09/21 22:15:16 INFO SparkEnv: Registering BlockManagerMasterHeartbeat
[2024-09-21T22:15:16.279+0000] {ssh.py:524} INFO - 24/09/21 22:15:16 INFO DiskBlockManager: Created local directory at /tmp/blockmgr-f97ca82a-5d15-405a-864a-e7a02535697f
[2024-09-21T22:15:16.318+0000] {ssh.py:524} INFO - 24/09/21 22:15:16 INFO MemoryStore: MemoryStore started with capacity 434.4 MiB
[2024-09-21T22:15:16.342+0000] {ssh.py:524} INFO - 24/09/21 22:15:16 INFO SparkEnv: Registering OutputCommitCoordinator
[2024-09-21T22:15:16.541+0000] {ssh.py:524} INFO - 24/09/21 22:15:16 WARN Utils: Service 'SparkUI' could not bind on port 4040. Attempting port 4041.
[2024-09-21T22:15:16.553+0000] {ssh.py:524} INFO - 24/09/21 22:15:16 INFO Utils: Successfully started service 'SparkUI' on port 4041.
[2024-09-21T22:15:16.685+0000] {ssh.py:524} INFO - 24/09/21 22:15:16 INFO Executor: Starting executor ID driver on host spark-master
[2024-09-21T22:15:16.702+0000] {ssh.py:524} INFO - 24/09/21 22:15:16 INFO Executor: Starting executor with user classpath (userClassPathFirst = false): ''
[2024-09-21T22:15:16.728+0000] {ssh.py:524} INFO - 24/09/21 22:15:16 INFO Utils: Successfully started service 'org.apache.spark.network.netty.NettyBlockTransferService' on port 38445.
[2024-09-21T22:15:16.728+0000] {ssh.py:524} INFO - 24/09/21 22:15:16 INFO NettyBlockTransferService: Server created on spark-master:38445
[2024-09-21T22:15:16.729+0000] {ssh.py:524} INFO - 24/09/21 22:15:16 INFO BlockManager: Using org.apache.spark.storage.RandomBlockReplicationPolicy for block replication policy
[2024-09-21T22:15:16.737+0000] {ssh.py:524} INFO - 24/09/21 22:15:16 INFO BlockManagerMaster: Registering BlockManager BlockManagerId(driver, spark-master, 38445, None)
[2024-09-21T22:15:16.740+0000] {ssh.py:524} INFO - 24/09/21 22:15:16 INFO BlockManagerMasterEndpoint: Registering block manager spark-master:38445 with 434.4 MiB RAM, BlockManagerId(driver, spark-master, 38445, None)
[2024-09-21T22:15:16.741+0000] {ssh.py:524} INFO - 24/09/21 22:15:16 INFO BlockManagerMaster: Registered BlockManager BlockManagerId(driver, spark-master, 38445, None)
[2024-09-21T22:15:16.743+0000] {ssh.py:524} INFO - 24/09/21 22:15:16 INFO BlockManager: Initialized BlockManager: BlockManagerId(driver, spark-master, 38445, None)
[2024-09-21T22:15:17.755+0000] {ssh.py:524} INFO - 24/09/21 22:15:17 INFO SharedState: Setting hive.metastore.warehouse.dir ('null') to the value of spark.sql.warehouse.dir.
[2024-09-21T22:15:17.761+0000] {ssh.py:524} INFO - 24/09/21 22:15:17 INFO SharedState: Warehouse path is 'file:/root/spark-warehouse'.
[2024-09-21T22:15:19.888+0000] {ssh.py:524} INFO - 24/09/21 22:15:19 WARN MetricsConfig: Cannot locate configuration: tried hadoop-metrics2-s3a-file-system.properties,hadoop-metrics2.properties
[2024-09-21T22:15:19.901+0000] {ssh.py:524} INFO - 24/09/21 22:15:19 INFO MetricsSystemImpl: Scheduled Metric snapshot period at 10 second(s).
[2024-09-21T22:15:19.902+0000] {ssh.py:524} INFO - 24/09/21 22:15:19 INFO MetricsSystemImpl: s3a-file-system metrics system started
[2024-09-21T22:15:21.073+0000] {ssh.py:524} INFO - 24/09/21 22:15:21 WARN AbstractS3ACommitterFactory: Using standard FileOutputCommitter to commit work. This is slow and potentially unsafe.
[2024-09-21T22:15:21.074+0000] {ssh.py:524} INFO - 24/09/21 22:15:21 INFO FileOutputCommitter: File Output Committer Algorithm version is 1
[2024-09-21T22:15:21.074+0000] {ssh.py:524} INFO - 24/09/21 22:15:21 INFO FileOutputCommitter: FileOutputCommitter skip cleanup _temporary folders under output directory:false, ignore cleanup failures: false
[2024-09-21T22:15:21.076+0000] {ssh.py:524} INFO - 24/09/21 22:15:21 INFO AbstractS3ACommitterFactory: Using Committer FileOutputCommitter{PathOutputCommitter{context=TaskAttemptContextImpl{JobContextImpl{jobId=job_202409212215213060445647711362559_0000}; taskId=attempt_202409212215213060445647711362559_0000_m_000000_0, status=''}; org.apache.hadoop.mapreduce.lib.output.FileOutputCommitter@604bbeee}; outputPath=s3a://raw/olhovivo/corredor/dt=2024-09-21, workPath=s3a://raw/olhovivo/corredor/dt=2024-09-21/_temporary/0/_temporary/attempt_202409212215213060445647711362559_0000_m_000000_0, algorithmVersion=1, skipCleanup=false, ignoreCleanupFailures=false} for s3a://raw/olhovivo/corredor/dt=2024-09-21
[2024-09-21T22:15:21.077+0000] {ssh.py:524} INFO - 24/09/21 22:15:21 INFO SQLHadoopMapReduceCommitProtocol: Using output committer class org.apache.hadoop.mapreduce.lib.output.FileOutputCommitter
[2024-09-21T22:15:21.519+0000] {ssh.py:524} INFO - 24/09/21 22:15:21 INFO CodeGenerator: Code generated in 116.800971 ms
[2024-09-21T22:15:21.624+0000] {ssh.py:524} INFO - 24/09/21 22:15:21 INFO SparkContext: Starting job: save at NativeMethodAccessorImpl.java:0
[2024-09-21T22:15:21.635+0000] {ssh.py:524} INFO - 24/09/21 22:15:21 INFO DAGScheduler: Got job 0 (save at NativeMethodAccessorImpl.java:0) with 12 output partitions
[2024-09-21T22:15:21.636+0000] {ssh.py:524} INFO - 24/09/21 22:15:21 INFO DAGScheduler: Final stage: ResultStage 0 (save at NativeMethodAccessorImpl.java:0)
[2024-09-21T22:15:21.636+0000] {ssh.py:524} INFO - 24/09/21 22:15:21 INFO DAGScheduler: Parents of final stage: List()
[2024-09-21T22:15:21.638+0000] {ssh.py:524} INFO - 24/09/21 22:15:21 INFO DAGScheduler: Missing parents: List()
[2024-09-21T22:15:21.642+0000] {ssh.py:524} INFO - 24/09/21 22:15:21 INFO DAGScheduler: Submitting ResultStage 0 (MapPartitionsRDD[5] at save at NativeMethodAccessorImpl.java:0), which has no missing parents
[2024-09-21T22:15:21.739+0000] {ssh.py:524} INFO - 24/09/21 22:15:21 INFO MemoryStore: Block broadcast_0 stored as values in memory (estimated size 219.7 KiB, free 434.2 MiB)
[2024-09-21T22:15:21.767+0000] {ssh.py:524} INFO - 24/09/21 22:15:21 INFO MemoryStore: Block broadcast_0_piece0 stored as bytes in memory (estimated size 80.4 KiB, free 434.1 MiB)
[2024-09-21T22:15:21.771+0000] {ssh.py:524} INFO - 24/09/21 22:15:21 INFO BlockManagerInfo: Added broadcast_0_piece0 in memory on spark-master:38445 (size: 80.4 KiB, free: 434.3 MiB)
[2024-09-21T22:15:21.776+0000] {ssh.py:524} INFO - 24/09/21 22:15:21 INFO SparkContext: Created broadcast 0 from broadcast at DAGScheduler.scala:1513
[2024-09-21T22:15:21.786+0000] {ssh.py:524} INFO - 24/09/21 22:15:21 INFO DAGScheduler: Submitting 12 missing tasks from ResultStage 0 (MapPartitionsRDD[5] at save at NativeMethodAccessorImpl.java:0) (first 15 tasks are for partitions Vector(0, 1, 2, 3, 4, 5, 6, 7, 8, 9, 10, 11))
[2024-09-21T22:15:21.787+0000] {ssh.py:524} INFO - 24/09/21 22:15:21 INFO TaskSchedulerImpl: Adding task set 0.0 with 12 tasks resource profile 0
[2024-09-21T22:15:21.833+0000] {ssh.py:524} INFO - 24/09/21 22:15:21 INFO TaskSetManager: Starting task 0.0 in stage 0.0 (TID 0) (spark-master, executor driver, partition 0, PROCESS_LOCAL, 4433 bytes) taskResourceAssignments Map()
[2024-09-21T22:15:21.837+0000] {ssh.py:524} INFO - 24/09/21 22:15:21 INFO TaskSetManager: Starting task 1.0 in stage 0.0 (TID 1) (spark-master, executor driver, partition 1, PROCESS_LOCAL, 4476 bytes) taskResourceAssignments Map()
[2024-09-21T22:15:21.837+0000] {ssh.py:524} INFO - 24/09/21 22:15:21 INFO TaskSetManager: Starting task 2.0 in stage 0.0 (TID 2) (spark-master, executor driver, partition 2, PROCESS_LOCAL, 4433 bytes) taskResourceAssignments Map()
[2024-09-21T22:15:21.838+0000] {ssh.py:524} INFO - 24/09/21 22:15:21 INFO TaskSetManager: Starting task 3.0 in stage 0.0 (TID 3) (spark-master, executor driver, partition 3, PROCESS_LOCAL, 4484 bytes) taskResourceAssignments Map()
[2024-09-21T22:15:21.839+0000] {ssh.py:524} INFO - 24/09/21 22:15:21 INFO TaskSetManager: Starting task 4.0 in stage 0.0 (TID 4) (spark-master, executor driver, partition 4, PROCESS_LOCAL, 4433 bytes) taskResourceAssignments Map()
[2024-09-21T22:15:21.840+0000] {ssh.py:524} INFO - 24/09/21 22:15:21 INFO TaskSetManager: Starting task 5.0 in stage 0.0 (TID 5) (spark-master, executor driver, partition 5, PROCESS_LOCAL, 4480 bytes) taskResourceAssignments Map()
[2024-09-21T22:15:21.841+0000] {ssh.py:524} INFO - 24/09/21 22:15:21 INFO TaskSetManager: Starting task 6.0 in stage 0.0 (TID 6) (spark-master, executor driver, partition 6, PROCESS_LOCAL, 4476 bytes) taskResourceAssignments Map()
[2024-09-21T22:15:21.842+0000] {ssh.py:524} INFO - 24/09/21 22:15:21 INFO TaskSetManager: Starting task 7.0 in stage 0.0 (TID 7) (spark-master, executor driver, partition 7, PROCESS_LOCAL, 4433 bytes) taskResourceAssignments Map()
[2024-09-21T22:15:21.842+0000] {ssh.py:524} INFO - 24/09/21 22:15:21 INFO TaskSetManager: Starting task 8.0 in stage 0.0 (TID 8) (spark-master, executor driver, partition 8, PROCESS_LOCAL, 4473 bytes) taskResourceAssignments Map()
[2024-09-21T22:15:21.843+0000] {ssh.py:524} INFO - 24/09/21 22:15:21 INFO TaskSetManager: Starting task 9.0 in stage 0.0 (TID 9) (spark-master, executor driver, partition 9, PROCESS_LOCAL, 4433 bytes) taskResourceAssignments Map()
[2024-09-21T22:15:21.844+0000] {ssh.py:524} INFO - 24/09/21 22:15:21 INFO TaskSetManager: Starting task 10.0 in stage 0.0 (TID 10) (spark-master, executor driver, partition 10, PROCESS_LOCAL, 4476 bytes) taskResourceAssignments Map()
[2024-09-21T22:15:21.845+0000] {ssh.py:524} INFO - 24/09/21 22:15:21 INFO TaskSetManager: Starting task 11.0 in stage 0.0 (TID 11) (spark-master, executor driver, partition 11, PROCESS_LOCAL, 4479 bytes) taskResourceAssignments Map()
[2024-09-21T22:15:21.854+0000] {ssh.py:524} INFO - 24/09/21 22:15:21 INFO Executor: Running task 2.0 in stage 0.0 (TID 2)
[2024-09-21T22:15:21.855+0000] {ssh.py:524} INFO - 24/09/21 22:15:21 INFO Executor: Running task 4.0 in stage 0.0 (TID 4)
[2024-09-21T22:15:21.855+0000] {ssh.py:524} INFO - 24/09/21 22:15:21 INFO Executor: Running task 8.0 in stage 0.0 (TID 8)
[2024-09-21T22:15:21.856+0000] {ssh.py:524} INFO - 24/09/21 22:15:21 INFO Executor: Running task 5.0 in stage 0.0 (TID 5)
[2024-09-21T22:15:21.856+0000] {ssh.py:524} INFO - 24/09/21 22:15:21 INFO Executor: Running task 6.0 in stage 0.0 (TID 6)
[2024-09-21T22:15:21.856+0000] {ssh.py:524} INFO - 24/09/21 22:15:21 INFO Executor: Running task 0.0 in stage 0.0 (TID 0)
[2024-09-21T22:15:21.857+0000] {ssh.py:524} INFO - 24/09/21 22:15:21 INFO Executor: Running task 7.0 in stage 0.0 (TID 7)
[2024-09-21T22:15:21.857+0000] {ssh.py:524} INFO - 24/09/21 22:15:21 INFO Executor: Running task 10.0 in stage 0.0 (TID 10)
[2024-09-21T22:15:21.858+0000] {ssh.py:524} INFO - 24/09/21 22:15:21 INFO Executor: Running task 1.0 in stage 0.0 (TID 1)
[2024-09-21T22:15:21.858+0000] {ssh.py:524} INFO - 24/09/21 22:15:21 INFO Executor: Running task 3.0 in stage 0.0 (TID 3)
[2024-09-21T22:15:21.861+0000] {ssh.py:524} INFO - 24/09/21 22:15:21 INFO Executor: Running task 11.0 in stage 0.0 (TID 11)
[2024-09-21T22:15:21.871+0000] {ssh.py:524} INFO - 24/09/21 22:15:21 INFO Executor: Running task 9.0 in stage 0.0 (TID 9)
[2024-09-21T22:15:22.715+0000] {ssh.py:524} INFO - 24/09/21 22:15:22 WARN AbstractS3ACommitterFactory: Using standard FileOutputCommitter to commit work. This is slow and potentially unsafe.
[2024-09-21T22:15:22.716+0000] {ssh.py:524} INFO - 24/09/21 22:15:22 INFO FileOutputCommitter: File Output Committer Algorithm version is 1
[2024-09-21T22:15:22.716+0000] {ssh.py:524} INFO - 24/09/21 22:15:22 INFO FileOutputCommitter: FileOutputCommitter skip cleanup _temporary folders under output directory:false, ignore cleanup failures: false
[2024-09-21T22:15:22.717+0000] {ssh.py:524} INFO - 24/09/21 22:15:22 INFO AbstractS3ACommitterFactory: Using Committer FileOutputCommitter{PathOutputCommitter{context=TaskAttemptContextImpl{JobContextImpl{jobId=job_202409212215214579616227243807085_0000}; taskId=attempt_202409212215214579616227243807085_0000_m_000010_10, status=''}; org.apache.hadoop.mapreduce.lib.output.FileOutputCommitter@8c60dc8}; outputPath=s3a://raw/olhovivo/corredor/dt=2024-09-21, workPath=s3a://raw/olhovivo/corredor/dt=2024-09-21/_temporary/0/_temporary/attempt_202409212215214579616227243807085_0000_m_000010_10, algorithmVersion=1, skipCleanup=false, ignoreCleanupFailures=false} for s3a://raw/olhovivo/corredor/dt=2024-09-21
[2024-09-21T22:15:22.717+0000] {ssh.py:524} INFO - 24/09/21 22:15:22 INFO SQLHadoopMapReduceCommitProtocol: Using output committer class org.apache.hadoop.mapreduce.lib.output.FileOutputCommitter
[2024-09-21T22:15:22.753+0000] {ssh.py:524} INFO - 24/09/21 22:15:22 WARN AbstractS3ACommitterFactory: Using standard FileOutputCommitter to commit work. This is slow and potentially unsafe.
[2024-09-21T22:15:22.754+0000] {ssh.py:524} INFO - 24/09/21 22:15:22 INFO FileOutputCommitter: File Output Committer Algorithm version is 1
[2024-09-21T22:15:22.754+0000] {ssh.py:524} INFO - 24/09/21 22:15:22 INFO FileOutputCommitter: FileOutputCommitter skip cleanup _temporary folders under output directory:false, ignore cleanup failures: false
[2024-09-21T22:15:22.755+0000] {ssh.py:524} INFO - 24/09/21 22:15:22 INFO AbstractS3ACommitterFactory: Using Committer FileOutputCommitter{PathOutputCommitter{context=TaskAttemptContextImpl{JobContextImpl{jobId=job_202409212215211298038571184474049_0000}; taskId=attempt_202409212215211298038571184474049_0000_m_000000_0, status=''}; org.apache.hadoop.mapreduce.lib.output.FileOutputCommitter@15950117}; outputPath=s3a://raw/olhovivo/corredor/dt=2024-09-21, workPath=s3a://raw/olhovivo/corredor/dt=2024-09-21/_temporary/0/_temporary/attempt_202409212215211298038571184474049_0000_m_000000_0, algorithmVersion=1, skipCleanup=false, ignoreCleanupFailures=false} for s3a://raw/olhovivo/corredor/dt=2024-09-21
[2024-09-21T22:15:22.755+0000] {ssh.py:524} INFO - 24/09/21 22:15:22 INFO SQLHadoopMapReduceCommitProtocol: Using output committer class org.apache.hadoop.mapreduce.lib.output.FileOutputCommitter
[2024-09-21T22:15:22.783+0000] {ssh.py:524} INFO - 24/09/21 22:15:22 WARN AbstractS3ACommitterFactory: Using standard FileOutputCommitter to commit work. This is slow and potentially unsafe.
[2024-09-21T22:15:22.784+0000] {ssh.py:524} INFO - 24/09/21 22:15:22 INFO FileOutputCommitter: File Output Committer Algorithm version is 1
[2024-09-21T22:15:22.787+0000] {ssh.py:524} INFO - 24/09/21 22:15:22 INFO FileOutputCommitter: FileOutputCommitter skip cleanup _temporary folders under output directory:false, ignore cleanup failures: false
[2024-09-21T22:15:22.790+0000] {ssh.py:524} INFO - 24/09/21 22:15:22 INFO AbstractS3ACommitterFactory: Using Committer FileOutputCommitter{PathOutputCommitter{context=TaskAttemptContextImpl{JobContextImpl{jobId=job_202409212215214475968493436507066_0000}; taskId=attempt_202409212215214475968493436507066_0000_m_000011_11, status=''}; org.apache.hadoop.mapreduce.lib.output.FileOutputCommitter@ac29b82}; outputPath=s3a://raw/olhovivo/corredor/dt=2024-09-21, workPath=s3a://raw/olhovivo/corredor/dt=2024-09-21/_temporary/0/_temporary/attempt_202409212215214475968493436507066_0000_m_000011_11, algorithmVersion=1, skipCleanup=false, ignoreCleanupFailures=false} for s3a://raw/olhovivo/corredor/dt=2024-09-21
[2024-09-21T22:15:22.791+0000] {ssh.py:524} INFO - 24/09/21 22:15:22 INFO SQLHadoopMapReduceCommitProtocol: Using output committer class org.apache.hadoop.mapreduce.lib.output.FileOutputCommitter
[2024-09-21T22:15:22.825+0000] {ssh.py:524} INFO - 24/09/21 22:15:22 WARN AbstractS3ACommitterFactory: Using standard FileOutputCommitter to commit work. This is slow and potentially unsafe.
[2024-09-21T22:15:22.825+0000] {ssh.py:524} INFO - 24/09/21 22:15:22 INFO FileOutputCommitter: File Output Committer Algorithm version is 1
[2024-09-21T22:15:22.826+0000] {ssh.py:524} INFO - 24/09/21 22:15:22 INFO FileOutputCommitter: FileOutputCommitter skip cleanup _temporary folders under output directory:false, ignore cleanup failures: false
[2024-09-21T22:15:22.827+0000] {ssh.py:524} INFO - 24/09/21 22:15:22 INFO AbstractS3ACommitterFactory: Using Committer FileOutputCommitter{PathOutputCommitter{context=TaskAttemptContextImpl{JobContextImpl{jobId=job_202409212215212195152549686009843_0000}; taskId=attempt_202409212215212195152549686009843_0000_m_000007_7, status=''}; org.apache.hadoop.mapreduce.lib.output.FileOutputCommitter@37aca6d8}; outputPath=s3a://raw/olhovivo/corredor/dt=2024-09-21, workPath=s3a://raw/olhovivo/corredor/dt=2024-09-21/_temporary/0/_temporary/attempt_202409212215212195152549686009843_0000_m_000007_7, algorithmVersion=1, skipCleanup=false, ignoreCleanupFailures=false} for s3a://raw/olhovivo/corredor/dt=2024-09-21
[2024-09-21T22:15:22.828+0000] {ssh.py:524} INFO - 24/09/21 22:15:22 INFO SQLHadoopMapReduceCommitProtocol: Using output committer class org.apache.hadoop.mapreduce.lib.output.FileOutputCommitter
[2024-09-21T22:15:22.838+0000] {ssh.py:524} INFO - 24/09/21 22:15:22 INFO PythonRunner: Times: total = 661, boot = 561, init = 100, finish = 0
[2024-09-21T22:15:22.875+0000] {ssh.py:524} INFO - 24/09/21 22:15:22 WARN AbstractS3ACommitterFactory: Using standard FileOutputCommitter to commit work. This is slow and potentially unsafe.
[2024-09-21T22:15:22.875+0000] {ssh.py:524} INFO - 24/09/21 22:15:22 INFO FileOutputCommitter: File Output Committer Algorithm version is 1
[2024-09-21T22:15:22.876+0000] {ssh.py:524} INFO - 24/09/21 22:15:22 INFO FileOutputCommitter: FileOutputCommitter skip cleanup _temporary folders under output directory:false, ignore cleanup failures: false
[2024-09-21T22:15:22.876+0000] {ssh.py:524} INFO - 24/09/21 22:15:22 INFO AbstractS3ACommitterFactory: Using Committer FileOutputCommitter{PathOutputCommitter{context=TaskAttemptContextImpl{JobContextImpl{jobId=job_20240921221521998505573242342137_0000}; taskId=attempt_20240921221521998505573242342137_0000_m_000001_1, status=''}; org.apache.hadoop.mapreduce.lib.output.FileOutputCommitter@327ffe9a}; outputPath=s3a://raw/olhovivo/corredor/dt=2024-09-21, workPath=s3a://raw/olhovivo/corredor/dt=2024-09-21/_temporary/0/_temporary/attempt_20240921221521998505573242342137_0000_m_000001_1, algorithmVersion=1, skipCleanup=false, ignoreCleanupFailures=false} for s3a://raw/olhovivo/corredor/dt=2024-09-21
[2024-09-21T22:15:22.876+0000] {ssh.py:524} INFO - 24/09/21 22:15:22 INFO SQLHadoopMapReduceCommitProtocol: Using output committer class org.apache.hadoop.mapreduce.lib.output.FileOutputCommitter
[2024-09-21T22:15:22.899+0000] {ssh.py:524} INFO - 24/09/21 22:15:22 INFO SparkHadoopMapRedUtil: No need to commit output of task because needsTaskCommit=false: attempt_202409212215212195152549686009843_0000_m_000007_7
[2024-09-21T22:15:22.912+0000] {ssh.py:524} INFO - 24/09/21 22:15:22 WARN AbstractS3ACommitterFactory: Using standard FileOutputCommitter to commit work. This is slow and potentially unsafe.
[2024-09-21T22:15:22.913+0000] {ssh.py:524} INFO - 24/09/21 22:15:22 INFO FileOutputCommitter: File Output Committer Algorithm version is 1
[2024-09-21T22:15:22.913+0000] {ssh.py:524} INFO - 24/09/21 22:15:22 INFO FileOutputCommitter: FileOutputCommitter skip cleanup _temporary folders under output directory:false, ignore cleanup failures: false
[2024-09-21T22:15:22.913+0000] {ssh.py:524} INFO - 24/09/21 22:15:22 INFO AbstractS3ACommitterFactory: Using Committer FileOutputCommitter{PathOutputCommitter{context=TaskAttemptContextImpl{JobContextImpl{jobId=job_202409212215214020782372372142137_0000}; taskId=attempt_202409212215214020782372372142137_0000_m_000009_9, status=''}; org.apache.hadoop.mapreduce.lib.output.FileOutputCommitter@3fc5137e}; outputPath=s3a://raw/olhovivo/corredor/dt=2024-09-21, workPath=s3a://raw/olhovivo/corredor/dt=2024-09-21/_temporary/0/_temporary/attempt_202409212215214020782372372142137_0000_m_000009_9, algorithmVersion=1, skipCleanup=false, ignoreCleanupFailures=false} for s3a://raw/olhovivo/corredor/dt=2024-09-21
[2024-09-21T22:15:22.914+0000] {ssh.py:524} INFO - 24/09/21 22:15:22 INFO SQLHadoopMapReduceCommitProtocol: Using output committer class org.apache.hadoop.mapreduce.lib.output.FileOutputCommitter
[2024-09-21T22:15:22.918+0000] {ssh.py:524} INFO - 24/09/21 22:15:22 WARN AbstractS3ACommitterFactory: Using standard FileOutputCommitter to commit work. This is slow and potentially unsafe.
[2024-09-21T22:15:22.920+0000] {ssh.py:524} INFO - 24/09/21 22:15:22 INFO FileOutputCommitter: File Output Committer Algorithm version is 1
[2024-09-21T22:15:22.922+0000] {ssh.py:524} INFO - 24/09/21 22:15:22 INFO FileOutputCommitter: FileOutputCommitter skip cleanup _temporary folders under output directory:false, ignore cleanup failures: false
[2024-09-21T22:15:22.922+0000] {ssh.py:524} INFO - 24/09/21 22:15:22 INFO AbstractS3ACommitterFactory: Using Committer FileOutputCommitter{PathOutputCommitter{context=TaskAttemptContextImpl{JobContextImpl{jobId=job_202409212215214895746438968646694_0000}; taskId=attempt_202409212215214895746438968646694_0000_m_000004_4, status=''}; org.apache.hadoop.mapreduce.lib.output.FileOutputCommitter@23b7aed2}; outputPath=s3a://raw/olhovivo/corredor/dt=2024-09-21, workPath=s3a://raw/olhovivo/corredor/dt=2024-09-21/_temporary/0/_temporary/attempt_202409212215214895746438968646694_0000_m_000004_4, algorithmVersion=1, skipCleanup=false, ignoreCleanupFailures=false} for s3a://raw/olhovivo/corredor/dt=2024-09-21
[2024-09-21T22:15:22.922+0000] {ssh.py:524} INFO - 24/09/21 22:15:22 INFO SQLHadoopMapReduceCommitProtocol: Using output committer class org.apache.hadoop.mapreduce.lib.output.FileOutputCommitter
[2024-09-21T22:15:22.944+0000] {ssh.py:524} INFO - 24/09/21 22:15:22 INFO Executor: Finished task 7.0 in stage 0.0 (TID 7). 2871 bytes result sent to driver
[2024-09-21T22:15:22.963+0000] {ssh.py:524} INFO - 24/09/21 22:15:22 INFO PythonRunner: Times: total = 846, boot = 612, init = 234, finish = 0
[2024-09-21T22:15:22.971+0000] {ssh.py:524} INFO - 24/09/21 22:15:22 WARN AbstractS3ACommitterFactory: Using standard FileOutputCommitter to commit work. This is slow and potentially unsafe.
[2024-09-21T22:15:22.972+0000] {ssh.py:524} INFO - 24/09/21 22:15:22 INFO FileOutputCommitter: File Output Committer Algorithm version is 1
[2024-09-21T22:15:22.974+0000] {ssh.py:524} INFO - 24/09/21 22:15:22 INFO FileOutputCommitter: FileOutputCommitter skip cleanup _temporary folders under output directory:false, ignore cleanup failures: false
[2024-09-21T22:15:22.974+0000] {ssh.py:524} INFO - 24/09/21 22:15:22 INFO AbstractS3ACommitterFactory: Using Committer FileOutputCommitter{PathOutputCommitter{context=TaskAttemptContextImpl{JobContextImpl{jobId=job_202409212215214466281370405494572_0000}; taskId=attempt_202409212215214466281370405494572_0000_m_000003_3, status=''}; org.apache.hadoop.mapreduce.lib.output.FileOutputCommitter@4f8d7a40}; outputPath=s3a://raw/olhovivo/corredor/dt=2024-09-21, workPath=s3a://raw/olhovivo/corredor/dt=2024-09-21/_temporary/0/_temporary/attempt_202409212215214466281370405494572_0000_m_000003_3, algorithmVersion=1, skipCleanup=false, ignoreCleanupFailures=false} for s3a://raw/olhovivo/corredor/dt=2024-09-21
[2024-09-21T22:15:22.974+0000] {ssh.py:524} INFO - 24/09/21 22:15:22 INFO PythonRunner: Times: total = 757, boot = 573, init = 184, finish = 0
[2024-09-21T22:15:22.975+0000] {ssh.py:524} INFO - 24/09/21 22:15:22 INFO SQLHadoopMapReduceCommitProtocol: Using output committer class org.apache.hadoop.mapreduce.lib.output.FileOutputCommitter
[2024-09-21T22:15:22.975+0000] {ssh.py:524} INFO - 24/09/21 22:15:22 INFO SparkHadoopMapRedUtil: No need to commit output of task because needsTaskCommit=false: attempt_202409212215214020782372372142137_0000_m_000009_9
[2024-09-21T22:15:22.977+0000] {ssh.py:524} INFO - 24/09/21 22:15:22 INFO Executor: Finished task 9.0 in stage 0.0 (TID 9). 2828 bytes result sent to driver
[2024-09-21T22:15:22.982+0000] {ssh.py:524} INFO - 24/09/21 22:15:22 INFO PythonRunner: Times: total = 795, boot = 589, init = 205, finish = 1
[2024-09-21T22:15:22.983+0000] {ssh.py:524} INFO - 24/09/21 22:15:22 INFO PythonRunner: Times: total = 772, boot = 566, init = 206, finish = 0
[2024-09-21T22:15:22.984+0000] {ssh.py:524} INFO - 24/09/21 22:15:22 INFO PythonRunner: Times: total = 826, boot = 630, init = 195, finish = 1
[2024-09-21T22:15:22.987+0000] {ssh.py:524} INFO - 24/09/21 22:15:22 INFO PythonRunner: Times: total = 727, boot = 568, init = 159, finish = 0
[2024-09-21T22:15:23.002+0000] {ssh.py:524} INFO - 24/09/21 22:15:23 INFO PythonRunner: Times: total = 881, boot = 580, init = 301, finish = 0
[2024-09-21T22:15:23.003+0000] {ssh.py:524} INFO - 24/09/21 22:15:23 WARN AbstractS3ACommitterFactory: Using standard FileOutputCommitter to commit work. This is slow and potentially unsafe.
[2024-09-21T22:15:23.003+0000] {ssh.py:524} INFO - 24/09/21 22:15:23 INFO FileOutputCommitter: File Output Committer Algorithm version is 1
[2024-09-21T22:15:23.004+0000] {ssh.py:524} INFO - 24/09/21 22:15:23 INFO FileOutputCommitter: FileOutputCommitter skip cleanup _temporary folders under output directory:false, ignore cleanup failures: false
[2024-09-21T22:15:23.004+0000] {ssh.py:524} INFO - 24/09/21 22:15:23 INFO AbstractS3ACommitterFactory: Using Committer FileOutputCommitter{PathOutputCommitter{context=TaskAttemptContextImpl{JobContextImpl{jobId=job_202409212215218070022848804778186_0000}; taskId=attempt_202409212215218070022848804778186_0000_m_000008_8, status=''}; org.apache.hadoop.mapreduce.lib.output.FileOutputCommitter@710ca500}; outputPath=s3a://raw/olhovivo/corredor/dt=2024-09-21, workPath=s3a://raw/olhovivo/corredor/dt=2024-09-21/_temporary/0/_temporary/attempt_202409212215218070022848804778186_0000_m_000008_8, algorithmVersion=1, skipCleanup=false, ignoreCleanupFailures=false} for s3a://raw/olhovivo/corredor/dt=2024-09-21
[2024-09-21T22:15:23.005+0000] {ssh.py:524} INFO - 24/09/21 22:15:23 INFO SQLHadoopMapReduceCommitProtocol: Using output committer class org.apache.hadoop.mapreduce.lib.output.FileOutputCommitter
[2024-09-21T22:15:23.013+0000] {ssh.py:524} INFO - 24/09/21 22:15:23 INFO SparkHadoopMapRedUtil: No need to commit output of task because needsTaskCommit=false: attempt_202409212215214895746438968646694_0000_m_000004_4
[2024-09-21T22:15:23.016+0000] {ssh.py:524} INFO - 24/09/21 22:15:23 INFO Executor: Finished task 4.0 in stage 0.0 (TID 4). 2828 bytes result sent to driver
[2024-09-21T22:15:23.023+0000] {ssh.py:524} INFO - 24/09/21 22:15:23 WARN AbstractS3ACommitterFactory: Using standard FileOutputCommitter to commit work. This is slow and potentially unsafe.
[2024-09-21T22:15:23.024+0000] {ssh.py:524} INFO - 24/09/21 22:15:23 INFO FileOutputCommitter: File Output Committer Algorithm version is 1
[2024-09-21T22:15:23.024+0000] {ssh.py:524} INFO - 24/09/21 22:15:23 INFO FileOutputCommitter: FileOutputCommitter skip cleanup _temporary folders under output directory:false, ignore cleanup failures: false
[2024-09-21T22:15:23.025+0000] {ssh.py:524} INFO - 24/09/21 22:15:23 INFO AbstractS3ACommitterFactory: Using Committer FileOutputCommitter{PathOutputCommitter{context=TaskAttemptContextImpl{JobContextImpl{jobId=job_202409212215213105424485137381410_0000}; taskId=attempt_202409212215213105424485137381410_0000_m_000005_5, status=''}; org.apache.hadoop.mapreduce.lib.output.FileOutputCommitter@65854cfb}; outputPath=s3a://raw/olhovivo/corredor/dt=2024-09-21, workPath=s3a://raw/olhovivo/corredor/dt=2024-09-21/_temporary/0/_temporary/attempt_202409212215213105424485137381410_0000_m_000005_5, algorithmVersion=1, skipCleanup=false, ignoreCleanupFailures=false} for s3a://raw/olhovivo/corredor/dt=2024-09-21
[2024-09-21T22:15:23.025+0000] {ssh.py:524} INFO - 24/09/21 22:15:23 INFO SQLHadoopMapReduceCommitProtocol: Using output committer class org.apache.hadoop.mapreduce.lib.output.FileOutputCommitter
[2024-09-21T22:15:23.030+0000] {ssh.py:524} INFO - 24/09/21 22:15:23 WARN AbstractS3ACommitterFactory: Using standard FileOutputCommitter to commit work. This is slow and potentially unsafe.
[2024-09-21T22:15:23.031+0000] {ssh.py:524} INFO - 24/09/21 22:15:23 INFO FileOutputCommitter: File Output Committer Algorithm version is 1
[2024-09-21T22:15:23.032+0000] {ssh.py:524} INFO - 24/09/21 22:15:23 INFO FileOutputCommitter: FileOutputCommitter skip cleanup _temporary folders under output directory:false, ignore cleanup failures: false
[2024-09-21T22:15:23.033+0000] {ssh.py:524} INFO - 24/09/21 22:15:23 INFO AbstractS3ACommitterFactory: Using Committer FileOutputCommitter{PathOutputCommitter{context=TaskAttemptContextImpl{JobContextImpl{jobId=job_202409212215217891674118542539051_0000}; taskId=attempt_202409212215217891674118542539051_0000_m_000006_6, status=''}; org.apache.hadoop.mapreduce.lib.output.FileOutputCommitter@5568c2bf}; outputPath=s3a://raw/olhovivo/corredor/dt=2024-09-21, workPath=s3a://raw/olhovivo/corredor/dt=2024-09-21/_temporary/0/_temporary/attempt_202409212215217891674118542539051_0000_m_000006_6, algorithmVersion=1, skipCleanup=false, ignoreCleanupFailures=false} for s3a://raw/olhovivo/corredor/dt=2024-09-21
[2024-09-21T22:15:23.033+0000] {ssh.py:524} INFO - 24/09/21 22:15:23 INFO SQLHadoopMapReduceCommitProtocol: Using output committer class org.apache.hadoop.mapreduce.lib.output.FileOutputCommitter
[2024-09-21T22:15:23.044+0000] {ssh.py:524} INFO - 24/09/21 22:15:23 WARN AbstractS3ACommitterFactory: Using standard FileOutputCommitter to commit work. This is slow and potentially unsafe.
[2024-09-21T22:15:23.044+0000] {ssh.py:524} INFO - 24/09/21 22:15:23 INFO FileOutputCommitter: File Output Committer Algorithm version is 1
[2024-09-21T22:15:23.045+0000] {ssh.py:524} INFO - 24/09/21 22:15:23 INFO FileOutputCommitter: FileOutputCommitter skip cleanup _temporary folders under output directory:false, ignore cleanup failures: false
[2024-09-21T22:15:23.045+0000] {ssh.py:524} INFO - 24/09/21 22:15:23 INFO AbstractS3ACommitterFactory: Using Committer FileOutputCommitter{PathOutputCommitter{context=TaskAttemptContextImpl{JobContextImpl{jobId=job_202409212215213066425412436561216_0000}; taskId=attempt_202409212215213066425412436561216_0000_m_000002_2, status=''}; org.apache.hadoop.mapreduce.lib.output.FileOutputCommitter@1b571861}; outputPath=s3a://raw/olhovivo/corredor/dt=2024-09-21, workPath=s3a://raw/olhovivo/corredor/dt=2024-09-21/_temporary/0/_temporary/attempt_202409212215213066425412436561216_0000_m_000002_2, algorithmVersion=1, skipCleanup=false, ignoreCleanupFailures=false} for s3a://raw/olhovivo/corredor/dt=2024-09-21
[2024-09-21T22:15:23.045+0000] {ssh.py:524} INFO - 24/09/21 22:15:23 INFO SQLHadoopMapReduceCommitProtocol: Using output committer class org.apache.hadoop.mapreduce.lib.output.FileOutputCommitter
[2024-09-21T22:15:23.050+0000] {ssh.py:524} INFO - 24/09/21 22:15:23 INFO TaskSetManager: Finished task 7.0 in stage 0.0 (TID 7) in 1208 ms on spark-master (executor driver) (1/12)
[2024-09-21T22:15:23.066+0000] {ssh.py:524} INFO - 24/09/21 22:15:23 INFO PythonAccumulatorV2: Connected to AccumulatorServer at host: 127.0.0.1 port: 48389
[2024-09-21T22:15:23.068+0000] {ssh.py:524} INFO - 24/09/21 22:15:23 INFO TaskSetManager: Finished task 9.0 in stage 0.0 (TID 9) in 1226 ms on spark-master (executor driver) (2/12)
[2024-09-21T22:15:23.073+0000] {ssh.py:524} INFO - 24/09/21 22:15:23 INFO TaskSetManager: Finished task 4.0 in stage 0.0 (TID 4) in 1234 ms on spark-master (executor driver) (3/12)
[2024-09-21T22:15:23.081+0000] {ssh.py:524} INFO - 24/09/21 22:15:23 INFO PythonRunner: Times: total = 917, boot = 638, init = 279, finish = 0
[2024-09-21T22:15:23.082+0000] {ssh.py:524} INFO - 24/09/21 22:15:23 INFO PythonRunner: Times: total = 901, boot = 593, init = 307, finish = 1
[2024-09-21T22:15:23.102+0000] {ssh.py:524} INFO - 24/09/21 22:15:23 INFO PythonRunner: Times: total = 975, boot = 629, init = 345, finish = 1
[2024-09-21T22:15:23.191+0000] {ssh.py:524} INFO - 24/09/21 22:15:23 INFO PythonRunner: Times: total = 1067, boot = 587, init = 480, finish = 0
[2024-09-21T22:15:23.205+0000] {ssh.py:524} INFO - 24/09/21 22:15:23 INFO SparkHadoopMapRedUtil: No need to commit output of task because needsTaskCommit=false: attempt_202409212215213066425412436561216_0000_m_000002_2
[2024-09-21T22:15:23.207+0000] {ssh.py:524} INFO - 24/09/21 22:15:23 INFO Executor: Finished task 2.0 in stage 0.0 (TID 2). 2828 bytes result sent to driver
[2024-09-21T22:15:23.217+0000] {ssh.py:524} INFO - 24/09/21 22:15:23 INFO TaskSetManager: Finished task 2.0 in stage 0.0 (TID 2) in 1379 ms on spark-master (executor driver) (4/12)
[2024-09-21T22:15:23.640+0000] {ssh.py:524} INFO - 24/09/21 22:15:23 INFO FileOutputCommitter: Saved output of task 'attempt_202409212215214579616227243807085_0000_m_000010_10' to s3a://raw/olhovivo/corredor/dt=2024-09-21/_temporary/0/task_202409212215214579616227243807085_0000_m_000010
[2024-09-21T22:15:23.641+0000] {ssh.py:524} INFO - 24/09/21 22:15:23 INFO SparkHadoopMapRedUtil: attempt_202409212215214579616227243807085_0000_m_000010_10: Committed. Elapsed time: 492 ms.
[2024-09-21T22:15:23.647+0000] {ssh.py:524} INFO - 24/09/21 22:15:23 INFO Executor: Finished task 10.0 in stage 0.0 (TID 10). 2957 bytes result sent to driver
[2024-09-21T22:15:23.652+0000] {ssh.py:524} INFO - 24/09/21 22:15:23 INFO FileOutputCommitter: Saved output of task 'attempt_202409212215217891674118542539051_0000_m_000006_6' to s3a://raw/olhovivo/corredor/dt=2024-09-21/_temporary/0/task_202409212215217891674118542539051_0000_m_000006
[2024-09-21T22:15:23.655+0000] {ssh.py:524} INFO - 24/09/21 22:15:23 INFO TaskSetManager: Finished task 10.0 in stage 0.0 (TID 10) in 1808 ms on spark-master (executor driver) (5/12)
[2024-09-21T22:15:23.656+0000] {ssh.py:524} INFO - 24/09/21 22:15:23 INFO SparkHadoopMapRedUtil: attempt_202409212215217891674118542539051_0000_m_000006_6: Committed. Elapsed time: 500 ms.
[2024-09-21T22:15:23.656+0000] {ssh.py:524} INFO - 24/09/21 22:15:23 INFO FileOutputCommitter: Saved output of task 'attempt_202409212215213105424485137381410_0000_m_000005_5' to s3a://raw/olhovivo/corredor/dt=2024-09-21/_temporary/0/task_202409212215213105424485137381410_0000_m_000005
[2024-09-21T22:15:23.657+0000] {ssh.py:524} INFO - 24/09/21 22:15:23 INFO SparkHadoopMapRedUtil: attempt_202409212215213105424485137381410_0000_m_000005_5: Committed. Elapsed time: 492 ms.
[2024-09-21T22:15:23.658+0000] {ssh.py:524} INFO - 24/09/21 22:15:23 INFO Executor: Finished task 6.0 in stage 0.0 (TID 6). 2914 bytes result sent to driver
[2024-09-21T22:15:23.659+0000] {ssh.py:524} INFO - 24/09/21 22:15:23 INFO FileOutputCommitter: Saved output of task 'attempt_202409212215214475968493436507066_0000_m_000011_11' to s3a://raw/olhovivo/corredor/dt=2024-09-21/_temporary/0/task_202409212215214475968493436507066_0000_m_000011
[2024-09-21T22:15:23.660+0000] {ssh.py:524} INFO - 24/09/21 22:15:23 INFO SparkHadoopMapRedUtil: attempt_202409212215214475968493436507066_0000_m_000011_11: Committed. Elapsed time: 451 ms.
[2024-09-21T22:15:23.660+0000] {ssh.py:524} INFO - 24/09/21 22:15:23 INFO Executor: Finished task 5.0 in stage 0.0 (TID 5). 2914 bytes result sent to driver
[2024-09-21T22:15:23.661+0000] {ssh.py:524} INFO - 24/09/21 22:15:23 INFO TaskSetManager: Finished task 6.0 in stage 0.0 (TID 6) in 1817 ms on spark-master (executor driver) (6/12)
[2024-09-21T22:15:23.661+0000] {ssh.py:524} INFO - 24/09/21 22:15:23 INFO TaskSetManager: Finished task 5.0 in stage 0.0 (TID 5) in 1819 ms on spark-master (executor driver) (7/12)
[2024-09-21T22:15:23.661+0000] {ssh.py:524} INFO - 24/09/21 22:15:23 INFO Executor: Finished task 11.0 in stage 0.0 (TID 11). 2914 bytes result sent to driver
[2024-09-21T22:15:23.662+0000] {ssh.py:524} INFO - 24/09/21 22:15:23 INFO TaskSetManager: Finished task 11.0 in stage 0.0 (TID 11) in 1818 ms on spark-master (executor driver) (8/12)
[2024-09-21T22:15:23.667+0000] {ssh.py:524} INFO - 24/09/21 22:15:23 INFO FileOutputCommitter: Saved output of task 'attempt_202409212215211298038571184474049_0000_m_000000_0' to s3a://raw/olhovivo/corredor/dt=2024-09-21/_temporary/0/task_202409212215211298038571184474049_0000_m_000000
[2024-09-21T22:15:23.668+0000] {ssh.py:524} INFO - 24/09/21 22:15:23 INFO FileOutputCommitter: Saved output of task 'attempt_202409212215218070022848804778186_0000_m_000008_8' to s3a://raw/olhovivo/corredor/dt=2024-09-21/_temporary/0/task_202409212215218070022848804778186_0000_m_000008
[2024-09-21T22:15:23.670+0000] {ssh.py:524} INFO - 24/09/21 22:15:23 INFO SparkHadoopMapRedUtil: attempt_202409212215218070022848804778186_0000_m_000008_8: Committed. Elapsed time: 495 ms.
[2024-09-21T22:15:23.671+0000] {ssh.py:524} INFO - 24/09/21 22:15:23 INFO SparkHadoopMapRedUtil: attempt_202409212215211298038571184474049_0000_m_000000_0: Committed. Elapsed time: 530 ms.
[2024-09-21T22:15:23.674+0000] {ssh.py:524} INFO - 24/09/21 22:15:23 INFO FileOutputCommitter: Saved output of task 'attempt_202409212215214466281370405494572_0000_m_000003_3' to s3a://raw/olhovivo/corredor/dt=2024-09-21/_temporary/0/task_202409212215214466281370405494572_0000_m_000003
[2024-09-21T22:15:23.675+0000] {ssh.py:524} INFO - 24/09/21 22:15:23 INFO Executor: Finished task 8.0 in stage 0.0 (TID 8). 2914 bytes result sent to driver
[2024-09-21T22:15:23.675+0000] {ssh.py:524} INFO - 24/09/21 22:15:23 INFO TaskSetManager: Finished task 8.0 in stage 0.0 (TID 8) in 1833 ms on spark-master (executor driver) (9/12)
[2024-09-21T22:15:23.676+0000] {ssh.py:524} INFO - 24/09/21 22:15:23 INFO SparkHadoopMapRedUtil: attempt_202409212215214466281370405494572_0000_m_000003_3: Committed. Elapsed time: 531 ms.
[2024-09-21T22:15:23.678+0000] {ssh.py:524} INFO - 24/09/21 22:15:23 INFO Executor: Finished task 0.0 in stage 0.0 (TID 0). 2828 bytes result sent to driver
[2024-09-21T22:15:23.682+0000] {ssh.py:524} INFO - 24/09/21 22:15:23 INFO Executor: Finished task 3.0 in stage 0.0 (TID 3). 2914 bytes result sent to driver
[2024-09-21T22:15:23.687+0000] {ssh.py:524} INFO - 24/09/21 22:15:23 INFO TaskSetManager: Finished task 0.0 in stage 0.0 (TID 0) in 1858 ms on spark-master (executor driver) (10/12)
[2024-09-21T22:15:23.688+0000] {ssh.py:524} INFO - 24/09/21 22:15:23 INFO TaskSetManager: Finished task 3.0 in stage 0.0 (TID 3) in 1849 ms on spark-master (executor driver) (11/12)
[2024-09-21T22:15:23.697+0000] {ssh.py:524} INFO - 24/09/21 22:15:23 INFO FileOutputCommitter: Saved output of task 'attempt_20240921221521998505573242342137_0000_m_000001_1' to s3a://raw/olhovivo/corredor/dt=2024-09-21/_temporary/0/task_20240921221521998505573242342137_0000_m_000001
[2024-09-21T22:15:23.698+0000] {ssh.py:524} INFO - 24/09/21 22:15:23 INFO SparkHadoopMapRedUtil: attempt_20240921221521998505573242342137_0000_m_000001_1: Committed. Elapsed time: 504 ms.
[2024-09-21T22:15:23.700+0000] {ssh.py:524} INFO - 24/09/21 22:15:23 INFO Executor: Finished task 1.0 in stage 0.0 (TID 1). 2914 bytes result sent to driver
[2024-09-21T22:15:23.703+0000] {ssh.py:524} INFO - 24/09/21 22:15:23 INFO TaskSetManager: Finished task 1.0 in stage 0.0 (TID 1) in 1866 ms on spark-master (executor driver) (12/12)
[2024-09-21T22:15:23.703+0000] {ssh.py:524} INFO - 24/09/21 22:15:23 INFO TaskSchedulerImpl: Removed TaskSet 0.0, whose tasks have all completed, from pool 
[2024-09-21T22:15:23.711+0000] {ssh.py:524} INFO - 24/09/21 22:15:23 INFO DAGScheduler: ResultStage 0 (save at NativeMethodAccessorImpl.java:0) finished in 2.048 s
[2024-09-21T22:15:23.713+0000] {ssh.py:524} INFO - 24/09/21 22:15:23 INFO DAGScheduler: Job 0 is finished. Cancelling potential speculative or zombie tasks for this job
[2024-09-21T22:15:23.714+0000] {ssh.py:524} INFO - 24/09/21 22:15:23 INFO TaskSchedulerImpl: Killing all running tasks in stage 0: Stage finished
[2024-09-21T22:15:23.725+0000] {ssh.py:524} INFO - 24/09/21 22:15:23 INFO DAGScheduler: Job 0 finished: save at NativeMethodAccessorImpl.java:0, took 2.099966 s
[2024-09-21T22:15:23.728+0000] {ssh.py:524} INFO - 24/09/21 22:15:23 INFO FileFormatWriter: Start to commit write Job 04c0d2b0-0dfb-4fea-889e-1171717109b5.
[2024-09-21T22:15:24.587+0000] {ssh.py:524} INFO - 24/09/21 22:15:24 INFO FileFormatWriter: Write Job 04c0d2b0-0dfb-4fea-889e-1171717109b5 committed. Elapsed time: 858 ms.
[2024-09-21T22:15:24.593+0000] {ssh.py:524} INFO - 24/09/21 22:15:24 INFO FileFormatWriter: Finished processing stats for write job 04c0d2b0-0dfb-4fea-889e-1171717109b5.
[2024-09-21T22:15:24.598+0000] {ssh.py:524} INFO - [DEBUG] Done.
[2024-09-21T22:15:24.686+0000] {ssh.py:524} INFO - 24/09/21 22:15:24 INFO SparkContext: Invoking stop() from shutdown hook
[2024-09-21T22:15:24.699+0000] {ssh.py:524} INFO - 24/09/21 22:15:24 INFO SparkUI: Stopped Spark web UI at http://spark-master:4041
[2024-09-21T22:15:24.756+0000] {ssh.py:524} INFO - 24/09/21 22:15:24 INFO MapOutputTrackerMasterEndpoint: MapOutputTrackerMasterEndpoint stopped!
[2024-09-21T22:15:24.894+0000] {ssh.py:524} INFO - 24/09/21 22:15:24 INFO MemoryStore: MemoryStore cleared
[2024-09-21T22:15:24.896+0000] {ssh.py:524} INFO - 24/09/21 22:15:24 INFO BlockManager: BlockManager stopped
[2024-09-21T22:15:24.904+0000] {ssh.py:524} INFO - 24/09/21 22:15:24 INFO BlockManagerMaster: BlockManagerMaster stopped
[2024-09-21T22:15:24.910+0000] {ssh.py:524} INFO - 24/09/21 22:15:24 INFO OutputCommitCoordinator$OutputCommitCoordinatorEndpoint: OutputCommitCoordinator stopped!
[2024-09-21T22:15:24.926+0000] {ssh.py:524} INFO - 24/09/21 22:15:24 INFO SparkContext: Successfully stopped SparkContext
[2024-09-21T22:15:24.927+0000] {ssh.py:524} INFO - 24/09/21 22:15:24 INFO ShutdownHookManager: Shutdown hook called
[2024-09-21T22:15:24.927+0000] {ssh.py:524} INFO - 24/09/21 22:15:24 INFO ShutdownHookManager: Deleting directory /tmp/spark-a3ab1d37-1ecb-4a2c-b40c-f9a2ac1cb2af/pyspark-3e3a7a0f-ca1b-4a2f-91f2-06758f0c20d8
[2024-09-21T22:15:24.930+0000] {ssh.py:524} INFO - 24/09/21 22:15:24 INFO ShutdownHookManager: Deleting directory /tmp/spark-177b4e35-6ff9-48b7-9de3-d6efa796222c
[2024-09-21T22:15:24.935+0000] {ssh.py:524} INFO - 24/09/21 22:15:24 INFO ShutdownHookManager: Deleting directory /tmp/spark-a3ab1d37-1ecb-4a2c-b40c-f9a2ac1cb2af
[2024-09-21T22:15:24.952+0000] {ssh.py:524} INFO - 24/09/21 22:15:24 INFO MetricsSystemImpl: Stopping s3a-file-system metrics system...
[2024-09-21T22:15:24.952+0000] {ssh.py:524} INFO - 24/09/21 22:15:24 INFO MetricsSystemImpl: s3a-file-system metrics system stopped.
[2024-09-21T22:15:24.953+0000] {ssh.py:524} INFO - 24/09/21 22:15:24 INFO MetricsSystemImpl: s3a-file-system metrics system shutdown complete.
[2024-09-21T22:15:25.126+0000] {taskinstance.py:1400} INFO - Marking task as SUCCESS. dag_id=raw_ingestion, task_id=spark_raw_ingestion_corredor, execution_date=20240921T221511, start_date=20240921T221512, end_date=20240921T221525
[2024-09-21T22:15:25.180+0000] {local_task_job_runner.py:228} INFO - Task exited with return code 0
[2024-09-21T22:15:25.229+0000] {taskinstance.py:2778} INFO - 0 downstream tasks scheduled from follow-on schedule check
