[2024-09-20T12:48:35.483+0000] {taskinstance.py:1159} INFO - Dependencies all met for dep_context=non-requeueable deps ti=<TaskInstance: raw_ingestion.spark_stage_processing scheduled__2024-09-20T03:30:00+00:00 [queued]>
[2024-09-20T12:48:35.500+0000] {taskinstance.py:1159} INFO - Dependencies all met for dep_context=requeueable deps ti=<TaskInstance: raw_ingestion.spark_stage_processing scheduled__2024-09-20T03:30:00+00:00 [queued]>
[2024-09-20T12:48:35.501+0000] {taskinstance.py:1361} INFO - Starting attempt 1 of 0
[2024-09-20T12:48:35.532+0000] {taskinstance.py:1382} INFO - Executing <Task(SSHOperator): spark_stage_processing> on 2024-09-20 03:30:00+00:00
[2024-09-20T12:48:35.558+0000] {standard_task_runner.py:57} INFO - Started process 78 to run task
[2024-09-20T12:48:35.566+0000] {standard_task_runner.py:84} INFO - Running: ['airflow', 'tasks', 'run', 'raw_ingestion', 'spark_stage_processing', 'scheduled__2024-09-20T03:30:00+00:00', '--job-id', '232', '--raw', '--subdir', 'DAGS_FOLDER/raw_ingestion.py', '--cfg-path', '/tmp/tmpu4gq9_sd']
[2024-09-20T12:48:35.568+0000] {standard_task_runner.py:85} INFO - Job 232: Subtask spark_stage_processing
[2024-09-20T12:48:35.868+0000] {task_command.py:416} INFO - Running <TaskInstance: raw_ingestion.spark_stage_processing scheduled__2024-09-20T03:30:00+00:00 [running]> on host airflow-worker
[2024-09-20T12:48:36.493+0000] {taskinstance.py:1662} INFO - Exporting env vars: AIRFLOW_CTX_DAG_OWNER='***' AIRFLOW_CTX_DAG_ID='raw_ingestion' AIRFLOW_CTX_TASK_ID='spark_stage_processing' AIRFLOW_CTX_EXECUTION_DATE='2024-09-20T03:30:00+00:00' AIRFLOW_CTX_TRY_NUMBER='1' AIRFLOW_CTX_DAG_RUN_ID='scheduled__2024-09-20T03:30:00+00:00'
[2024-09-20T12:48:36.495+0000] {ssh.py:141} INFO - Creating ssh_client
[2024-09-20T12:48:36.496+0000] {ssh.py:114} INFO - ssh_hook is not provided or invalid. Trying ssh_conn_id to create SSHHook.
[2024-09-20T12:48:36.611+0000] {base.py:73} INFO - Using connection ID 'spark_ssh_default' for task execution.
[2024-09-20T12:48:36.614+0000] {ssh.py:300} WARNING - No Host Key Verification. This won't protect against Man-In-The-Middle attacks
[2024-09-20T12:48:36.627+0000] {transport.py:1893} INFO - Connected (version 2.0, client OpenSSH_8.9p1)
[2024-09-20T12:48:36.755+0000] {transport.py:1893} INFO - Authentication (password) successful!
[2024-09-20T12:48:36.757+0000] {ssh.py:478} INFO - Running command: export SPARK_HOME=/usr/local/spark; /opt/conda/bin/spark-submit --master local[*] --executor-memory 2g /opt/shared/scripts/raw_ingestion.py 2024-09-20
[2024-09-20T12:48:46.369+0000] {ssh.py:524} INFO - [DEBUG] dt_now: 2024-09-20
[2024-09-20T12:48:47.976+0000] {ssh.py:524} INFO - 24/09/20 12:48:47 INFO SparkContext: Running Spark version 3.3.1
[2024-09-20T12:48:48.361+0000] {ssh.py:524} INFO - 24/09/20 12:48:48 WARN NativeCodeLoader: Unable to load native-hadoop library for your platform... using builtin-java classes where applicable
[2024-09-20T12:48:49.618+0000] {ssh.py:524} INFO - 24/09/20 12:48:49 INFO ResourceUtils: ==============================================================
[2024-09-20T12:48:49.621+0000] {ssh.py:524} INFO - 24/09/20 12:48:49 INFO ResourceUtils: No custom resources configured for spark.driver.
[2024-09-20T12:48:49.625+0000] {ssh.py:524} INFO - 24/09/20 12:48:49 INFO ResourceUtils: ==============================================================
[2024-09-20T12:48:49.631+0000] {ssh.py:524} INFO - 24/09/20 12:48:49 INFO SparkContext: Submitted application: raw_ingestion
[2024-09-20T12:48:49.961+0000] {ssh.py:524} INFO - 24/09/20 12:48:49 INFO ResourceProfile: Default ResourceProfile created, executor resources: Map(cores -> name: cores, amount: 1, script: , vendor: , memory -> name: memory, amount: 1024, script: , vendor: , offHeap -> name: offHeap, amount: 0, script: , vendor: ), task resources: Map(cpus -> name: cpus, amount: 1.0)
[2024-09-20T12:48:50.048+0000] {ssh.py:524} INFO - 24/09/20 12:48:50 INFO ResourceProfile: Limiting resource is cpu
[2024-09-20T12:48:50.051+0000] {ssh.py:524} INFO - 24/09/20 12:48:50 INFO ResourceProfileManager: Added ResourceProfile id: 0
[2024-09-20T12:48:50.795+0000] {ssh.py:524} INFO - 24/09/20 12:48:50 INFO SecurityManager: Changing view acls to: root
[2024-09-20T12:48:50.798+0000] {ssh.py:524} INFO - 24/09/20 12:48:50 INFO SecurityManager: Changing modify acls to: root
[2024-09-20T12:48:50.808+0000] {ssh.py:524} INFO - 24/09/20 12:48:50 INFO SecurityManager: Changing view acls groups to: 
[2024-09-20T12:48:50.863+0000] {ssh.py:524} INFO - 24/09/20 12:48:50 INFO SecurityManager: Changing modify acls groups to: 
[2024-09-20T12:48:50.886+0000] {ssh.py:524} INFO - 24/09/20 12:48:50 INFO SecurityManager: SecurityManager: authentication disabled; ui acls disabled; users  with view permissions: Set(root); groups with view permissions: Set(); users  with modify permissions: Set(root); groups with modify permissions: Set()
[2024-09-20T12:48:55.398+0000] {ssh.py:524} INFO - 24/09/20 12:48:55 INFO Utils: Successfully started service 'sparkDriver' on port 43165.
[2024-09-20T12:48:57.623+0000] {ssh.py:524} INFO - 24/09/20 12:48:57 INFO SparkEnv: Registering MapOutputTracker
[2024-09-20T12:48:58.027+0000] {ssh.py:524} INFO - 24/09/20 12:48:58 INFO SparkEnv: Registering BlockManagerMaster
[2024-09-20T12:48:58.165+0000] {ssh.py:524} INFO - 24/09/20 12:48:58 INFO BlockManagerMasterEndpoint: Using org.apache.spark.storage.DefaultTopologyMapper for getting topology information
[2024-09-20T12:48:58.168+0000] {ssh.py:524} INFO - 24/09/20 12:48:58 INFO BlockManagerMasterEndpoint: BlockManagerMasterEndpoint up
[2024-09-20T12:48:58.198+0000] {ssh.py:524} INFO - 24/09/20 12:48:58 INFO SparkEnv: Registering BlockManagerMasterHeartbeat
[2024-09-20T12:48:58.418+0000] {ssh.py:524} INFO - 24/09/20 12:48:58 INFO DiskBlockManager: Created local directory at /tmp/blockmgr-c0a37f8f-f8af-4cd5-9fd5-3c909e288962
[2024-09-20T12:48:58.778+0000] {ssh.py:524} INFO - 24/09/20 12:48:58 INFO MemoryStore: MemoryStore started with capacity 434.4 MiB
[2024-09-20T12:48:59.101+0000] {ssh.py:524} INFO - 24/09/20 12:48:59 INFO SparkEnv: Registering OutputCommitCoordinator
[2024-09-20T12:49:00.524+0000] {ssh.py:524} INFO - 24/09/20 12:49:00 WARN Utils: Service 'SparkUI' could not bind on port 4040. Attempting port 4041.
[2024-09-20T12:49:00.528+0000] {ssh.py:524} INFO - 24/09/20 12:49:00 WARN Utils: Service 'SparkUI' could not bind on port 4041. Attempting port 4042.
[2024-09-20T12:49:00.530+0000] {ssh.py:524} INFO - 24/09/20 12:49:00 WARN Utils: Service 'SparkUI' could not bind on port 4042. Attempting port 4043.
[2024-09-20T12:49:00.530+0000] {ssh.py:524} INFO - 24/09/20 12:49:00 WARN Utils: Service 'SparkUI' could not bind on port 4043. Attempting port 4044.
[2024-09-20T12:49:00.536+0000] {ssh.py:524} INFO - 24/09/20 12:49:00 WARN Utils: Service 'SparkUI' could not bind on port 4044. Attempting port 4045.
[2024-09-20T12:49:00.537+0000] {ssh.py:524} INFO - 24/09/20 12:49:00 WARN Utils: Service 'SparkUI' could not bind on port 4045. Attempting port 4046.
[2024-09-20T12:49:00.538+0000] {ssh.py:524} INFO - 24/09/20 12:49:00 WARN Utils: Service 'SparkUI' could not bind on port 4046. Attempting port 4047.
[2024-09-20T12:49:00.539+0000] {ssh.py:524} INFO - 24/09/20 12:49:00 WARN Utils: Service 'SparkUI' could not bind on port 4047. Attempting port 4048.
[2024-09-20T12:49:00.539+0000] {ssh.py:524} INFO - 24/09/20 12:49:00 WARN Utils: Service 'SparkUI' could not bind on port 4048. Attempting port 4049.
[2024-09-20T12:49:00.542+0000] {ssh.py:524} INFO - 24/09/20 12:49:00 WARN Utils: Service 'SparkUI' could not bind on port 4049. Attempting port 4050.
[2024-09-20T12:49:00.543+0000] {ssh.py:524} INFO - 24/09/20 12:49:00 WARN Utils: Service 'SparkUI' could not bind on port 4050. Attempting port 4051.
[2024-09-20T12:49:00.544+0000] {ssh.py:524} INFO - 24/09/20 12:49:00 WARN Utils: Service 'SparkUI' could not bind on port 4051. Attempting port 4052.
[2024-09-20T12:49:00.544+0000] {ssh.py:524} INFO - 24/09/20 12:49:00 WARN Utils: Service 'SparkUI' could not bind on port 4052. Attempting port 4053.
[2024-09-20T12:49:00.545+0000] {ssh.py:524} INFO - 24/09/20 12:49:00 WARN Utils: Service 'SparkUI' could not bind on port 4053. Attempting port 4054.
[2024-09-20T12:49:00.567+0000] {ssh.py:524} INFO - 24/09/20 12:49:00 INFO Utils: Successfully started service 'SparkUI' on port 4054.
[2024-09-20T12:49:01.047+0000] {ssh.py:524} INFO - 24/09/20 12:49:01 INFO Executor: Starting executor ID driver on host spark-master
[2024-09-20T12:49:01.146+0000] {ssh.py:524} INFO - 24/09/20 12:49:01 INFO Executor: Starting executor with user classpath (userClassPathFirst = false): ''
[2024-09-20T12:49:01.369+0000] {ssh.py:524} INFO - 24/09/20 12:49:01 INFO Utils: Successfully started service 'org.apache.spark.network.netty.NettyBlockTransferService' on port 39419.
[2024-09-20T12:49:01.370+0000] {ssh.py:524} INFO - 24/09/20 12:49:01 INFO NettyBlockTransferService: Server created on spark-master:39419
[2024-09-20T12:49:01.409+0000] {ssh.py:524} INFO - 24/09/20 12:49:01 INFO BlockManager: Using org.apache.spark.storage.RandomBlockReplicationPolicy for block replication policy
[2024-09-20T12:49:01.411+0000] {ssh.py:524} INFO - 24/09/20 12:49:01 INFO BlockManagerMaster: Registering BlockManager BlockManagerId(driver, spark-master, 39419, None)
[2024-09-20T12:49:01.422+0000] {ssh.py:524} INFO - 24/09/20 12:49:01 INFO BlockManagerMasterEndpoint: Registering block manager spark-master:39419 with 434.4 MiB RAM, BlockManagerId(driver, spark-master, 39419, None)
[2024-09-20T12:49:01.425+0000] {ssh.py:524} INFO - 24/09/20 12:49:01 INFO BlockManagerMaster: Registered BlockManager BlockManagerId(driver, spark-master, 39419, None)
[2024-09-20T12:49:01.429+0000] {ssh.py:524} INFO - 24/09/20 12:49:01 INFO BlockManager: Initialized BlockManager: BlockManagerId(driver, spark-master, 39419, None)
[2024-09-20T12:49:11.495+0000] {taskinstance.py:1937} ERROR - Task failed with exception
Traceback (most recent call last):
  File "/home/airflow/.local/lib/python3.8/site-packages/airflow/providers/ssh/operators/ssh.py", line 178, in execute
    result = self.run_ssh_client_command(ssh_client, self.command, context=context)
  File "/home/airflow/.local/lib/python3.8/site-packages/airflow/providers/ssh/operators/ssh.py", line 163, in run_ssh_client_command
    exit_status, agg_stdout, agg_stderr = self.hook.exec_ssh_client_command(
  File "/home/airflow/.local/lib/python3.8/site-packages/airflow/providers/ssh/hooks/ssh.py", line 549, in exec_ssh_client_command
    raise AirflowException("SSH command timed out")
airflow.exceptions.AirflowException: SSH command timed out
[2024-09-20T12:49:11.501+0000] {taskinstance.py:1400} INFO - Marking task as FAILED. dag_id=raw_ingestion, task_id=spark_stage_processing, execution_date=20240920T033000, start_date=20240920T124835, end_date=20240920T124911
[2024-09-20T12:49:11.533+0000] {standard_task_runner.py:104} ERROR - Failed to execute job 232 for task spark_stage_processing (SSH command timed out; 78)
[2024-09-20T12:49:11.557+0000] {local_task_job_runner.py:228} INFO - Task exited with return code 1
[2024-09-20T12:49:11.638+0000] {taskinstance.py:2778} INFO - 0 downstream tasks scheduled from follow-on schedule check
