[2024-09-24T01:15:01.058+0000] {taskinstance.py:1159} INFO - Dependencies all met for dep_context=non-requeueable deps ti=<TaskInstance: raw_ingestion_15min.spark_raw_ingestion_corredor scheduled__2024-09-24T01:00:00+00:00 [queued]>
[2024-09-24T01:15:01.068+0000] {taskinstance.py:1159} INFO - Dependencies all met for dep_context=requeueable deps ti=<TaskInstance: raw_ingestion_15min.spark_raw_ingestion_corredor scheduled__2024-09-24T01:00:00+00:00 [queued]>
[2024-09-24T01:15:01.068+0000] {taskinstance.py:1361} INFO - Starting attempt 1 of 1
[2024-09-24T01:15:01.085+0000] {taskinstance.py:1382} INFO - Executing <Task(SSHOperator): spark_raw_ingestion_corredor> on 2024-09-24 01:00:00+00:00
[2024-09-24T01:15:01.089+0000] {standard_task_runner.py:57} INFO - Started process 3186 to run task
[2024-09-24T01:15:01.092+0000] {standard_task_runner.py:84} INFO - Running: ['airflow', 'tasks', 'run', 'raw_ingestion_15min', 'spark_raw_ingestion_corredor', 'scheduled__2024-09-24T01:00:00+00:00', '--job-id', '579', '--raw', '--subdir', 'DAGS_FOLDER/raw_ingestion_15min.py', '--cfg-path', '/tmp/tmpshgfxjw7']
[2024-09-24T01:15:01.093+0000] {standard_task_runner.py:85} INFO - Job 579: Subtask spark_raw_ingestion_corredor
[2024-09-24T01:15:01.209+0000] {task_command.py:416} INFO - Running <TaskInstance: raw_ingestion_15min.spark_raw_ingestion_corredor scheduled__2024-09-24T01:00:00+00:00 [running]> on host airflow-worker
[2024-09-24T01:15:01.408+0000] {taskinstance.py:1662} INFO - Exporting env vars: AIRFLOW_CTX_DAG_OWNER='***' AIRFLOW_CTX_DAG_ID='raw_ingestion_15min' AIRFLOW_CTX_TASK_ID='spark_raw_ingestion_corredor' AIRFLOW_CTX_EXECUTION_DATE='2024-09-24T01:00:00+00:00' AIRFLOW_CTX_TRY_NUMBER='1' AIRFLOW_CTX_DAG_RUN_ID='scheduled__2024-09-24T01:00:00+00:00'
[2024-09-24T01:15:01.409+0000] {ssh.py:141} INFO - Creating ssh_client
[2024-09-24T01:15:01.409+0000] {ssh.py:114} INFO - ssh_hook is not provided or invalid. Trying ssh_conn_id to create SSHHook.
[2024-09-24T01:15:01.461+0000] {base.py:73} INFO - Using connection ID 'spark_ssh_default' for task execution.
[2024-09-24T01:15:01.462+0000] {ssh.py:300} WARNING - No Host Key Verification. This won't protect against Man-In-The-Middle attacks
[2024-09-24T01:15:01.469+0000] {transport.py:1893} INFO - Connected (version 2.0, client OpenSSH_8.9p1)
[2024-09-24T01:15:01.592+0000] {transport.py:1893} INFO - Authentication (password) successful!
[2024-09-24T01:15:01.593+0000] {ssh.py:478} INFO - Running command: export SPARK_HOME=/usr/local/spark; /opt/conda/bin/spark-submit --master local[*] --driver-cores 2 --executor-cores 2 --driver-memory 4G --executor-memory 4G /opt/shared/scripts/raw_ingestion.py 2024-09-24 corredor
[2024-09-24T01:15:04.068+0000] {ssh.py:524} INFO - [DEBUG] dt_now: 2024-09-24
[2024-09-24T01:15:04.068+0000] {ssh.py:524} INFO - [DEBUG] endpoint: corredor
[2024-09-24T01:15:04.133+0000] {ssh.py:524} INFO - 24/09/24 01:15:04 INFO SparkContext: Running Spark version 3.3.1
[2024-09-24T01:15:04.160+0000] {ssh.py:524} INFO - 24/09/24 01:15:04 WARN NativeCodeLoader: Unable to load native-hadoop library for your platform... using builtin-java classes where applicable
[2024-09-24T01:15:04.255+0000] {ssh.py:524} INFO - 24/09/24 01:15:04 INFO ResourceUtils: ==============================================================
[2024-09-24T01:15:04.256+0000] {ssh.py:524} INFO - 24/09/24 01:15:04 INFO ResourceUtils: No custom resources configured for spark.driver.
[2024-09-24T01:15:04.256+0000] {ssh.py:524} INFO - 24/09/24 01:15:04 INFO ResourceUtils: ==============================================================
[2024-09-24T01:15:04.257+0000] {ssh.py:524} INFO - 24/09/24 01:15:04 INFO SparkContext: Submitted application: raw_ingestion_corredor
[2024-09-24T01:15:04.287+0000] {ssh.py:524} INFO - 24/09/24 01:15:04 INFO ResourceProfile: Default ResourceProfile created, executor resources: Map(cores -> name: cores, amount: 1, script: , vendor: , memory -> name: memory, amount: 1024, script: , vendor: , offHeap -> name: offHeap, amount: 0, script: , vendor: ), task resources: Map(cpus -> name: cpus, amount: 1.0)
[2024-09-24T01:15:04.296+0000] {ssh.py:524} INFO - 24/09/24 01:15:04 INFO ResourceProfile: Limiting resource is cpu
[2024-09-24T01:15:04.297+0000] {ssh.py:524} INFO - 24/09/24 01:15:04 INFO ResourceProfileManager: Added ResourceProfile id: 0
[2024-09-24T01:15:04.342+0000] {ssh.py:524} INFO - 24/09/24 01:15:04 INFO SecurityManager: Changing view acls to: root
[2024-09-24T01:15:04.343+0000] {ssh.py:524} INFO - 24/09/24 01:15:04 INFO SecurityManager: Changing modify acls to: root
[2024-09-24T01:15:04.343+0000] {ssh.py:524} INFO - 24/09/24 01:15:04 INFO SecurityManager: Changing view acls groups to: 
[2024-09-24T01:15:04.344+0000] {ssh.py:524} INFO - 24/09/24 01:15:04 INFO SecurityManager: Changing modify acls groups to: 
[2024-09-24T01:15:04.344+0000] {ssh.py:524} INFO - 24/09/24 01:15:04 INFO SecurityManager: SecurityManager: authentication disabled; ui acls disabled; users  with view permissions: Set(root); groups with view permissions: Set(); users  with modify permissions: Set(root); groups with modify permissions: Set()
[2024-09-24T01:15:04.615+0000] {ssh.py:524} INFO - 24/09/24 01:15:04 INFO Utils: Successfully started service 'sparkDriver' on port 37229.
[2024-09-24T01:15:04.644+0000] {ssh.py:524} INFO - 24/09/24 01:15:04 INFO SparkEnv: Registering MapOutputTracker
[2024-09-24T01:15:04.686+0000] {ssh.py:524} INFO - 24/09/24 01:15:04 INFO SparkEnv: Registering BlockManagerMaster
[2024-09-24T01:15:04.704+0000] {ssh.py:524} INFO - 24/09/24 01:15:04 INFO BlockManagerMasterEndpoint: Using org.apache.spark.storage.DefaultTopologyMapper for getting topology information
[2024-09-24T01:15:04.705+0000] {ssh.py:524} INFO - 24/09/24 01:15:04 INFO BlockManagerMasterEndpoint: BlockManagerMasterEndpoint up
[2024-09-24T01:15:04.709+0000] {ssh.py:524} INFO - 24/09/24 01:15:04 INFO SparkEnv: Registering BlockManagerMasterHeartbeat
[2024-09-24T01:15:04.730+0000] {ssh.py:524} INFO - 24/09/24 01:15:04 INFO DiskBlockManager: Created local directory at /tmp/blockmgr-38c6a72d-aa9c-4249-b4c2-8559f551f953
[2024-09-24T01:15:04.759+0000] {ssh.py:524} INFO - 24/09/24 01:15:04 INFO MemoryStore: MemoryStore started with capacity 2.2 GiB
[2024-09-24T01:15:04.783+0000] {ssh.py:524} INFO - 24/09/24 01:15:04 INFO SparkEnv: Registering OutputCommitCoordinator
[2024-09-24T01:15:04.982+0000] {ssh.py:524} INFO - 24/09/24 01:15:04 WARN Utils: Service 'SparkUI' could not bind on port 4040. Attempting port 4041.
[2024-09-24T01:15:04.992+0000] {ssh.py:524} INFO - 24/09/24 01:15:04 INFO Utils: Successfully started service 'SparkUI' on port 4041.
[2024-09-24T01:15:05.141+0000] {ssh.py:524} INFO - 24/09/24 01:15:05 INFO Executor: Starting executor ID driver on host spark-master
[2024-09-24T01:15:05.152+0000] {ssh.py:524} INFO - 24/09/24 01:15:05 INFO Executor: Starting executor with user classpath (userClassPathFirst = false): ''
[2024-09-24T01:15:05.178+0000] {ssh.py:524} INFO - 24/09/24 01:15:05 INFO Utils: Successfully started service 'org.apache.spark.network.netty.NettyBlockTransferService' on port 46447.
[2024-09-24T01:15:05.178+0000] {ssh.py:524} INFO - 24/09/24 01:15:05 INFO NettyBlockTransferService: Server created on spark-master:46447
[2024-09-24T01:15:05.180+0000] {ssh.py:524} INFO - 24/09/24 01:15:05 INFO BlockManager: Using org.apache.spark.storage.RandomBlockReplicationPolicy for block replication policy
[2024-09-24T01:15:05.194+0000] {ssh.py:524} INFO - 24/09/24 01:15:05 INFO BlockManagerMaster: Registering BlockManager BlockManagerId(driver, spark-master, 46447, None)
[2024-09-24T01:15:05.204+0000] {ssh.py:524} INFO - 24/09/24 01:15:05 INFO BlockManagerMasterEndpoint: Registering block manager spark-master:46447 with 2.2 GiB RAM, BlockManagerId(driver, spark-master, 46447, None)
[2024-09-24T01:15:05.210+0000] {ssh.py:524} INFO - 24/09/24 01:15:05 INFO BlockManagerMaster: Registered BlockManager BlockManagerId(driver, spark-master, 46447, None)
[2024-09-24T01:15:05.220+0000] {ssh.py:524} INFO - 24/09/24 01:15:05 INFO BlockManager: Initialized BlockManager: BlockManagerId(driver, spark-master, 46447, None)
[2024-09-24T01:15:06.199+0000] {ssh.py:524} INFO - 24/09/24 01:15:06 INFO SharedState: Setting hive.metastore.warehouse.dir ('null') to the value of spark.sql.warehouse.dir.
[2024-09-24T01:15:06.205+0000] {ssh.py:524} INFO - 24/09/24 01:15:06 INFO SharedState: Warehouse path is 'file:/root/spark-warehouse'.
[2024-09-24T01:15:08.048+0000] {ssh.py:524} INFO - 24/09/24 01:15:08 WARN MetricsConfig: Cannot locate configuration: tried hadoop-metrics2-s3a-file-system.properties,hadoop-metrics2.properties
[2024-09-24T01:15:08.066+0000] {ssh.py:524} INFO - 24/09/24 01:15:08 INFO MetricsSystemImpl: Scheduled Metric snapshot period at 10 second(s).
[2024-09-24T01:15:08.066+0000] {ssh.py:524} INFO - 24/09/24 01:15:08 INFO MetricsSystemImpl: s3a-file-system metrics system started
[2024-09-24T01:15:09.178+0000] {ssh.py:524} INFO - 24/09/24 01:15:09 WARN AbstractS3ACommitterFactory: Using standard FileOutputCommitter to commit work. This is slow and potentially unsafe.
[2024-09-24T01:15:09.178+0000] {ssh.py:524} INFO - 24/09/24 01:15:09 INFO FileOutputCommitter: File Output Committer Algorithm version is 1
[2024-09-24T01:15:09.179+0000] {ssh.py:524} INFO - 24/09/24 01:15:09 INFO FileOutputCommitter: FileOutputCommitter skip cleanup _temporary folders under output directory:false, ignore cleanup failures: false
[2024-09-24T01:15:09.181+0000] {ssh.py:524} INFO - 24/09/24 01:15:09 INFO AbstractS3ACommitterFactory: Using Committer FileOutputCommitter{PathOutputCommitter{context=TaskAttemptContextImpl{JobContextImpl{jobId=job_20240924011509615957658466291749_0000}; taskId=attempt_20240924011509615957658466291749_0000_m_000000_0, status=''}; org.apache.hadoop.mapreduce.lib.output.FileOutputCommitter@1829f469}; outputPath=s3a://raw/olhovivo/corredor/dt=2024-09-24, workPath=s3a://raw/olhovivo/corredor/dt=2024-09-24/_temporary/0/_temporary/attempt_20240924011509615957658466291749_0000_m_000000_0, algorithmVersion=1, skipCleanup=false, ignoreCleanupFailures=false} for s3a://raw/olhovivo/corredor/dt=2024-09-24
[2024-09-24T01:15:09.182+0000] {ssh.py:524} INFO - 24/09/24 01:15:09 INFO SQLHadoopMapReduceCommitProtocol: Using output committer class org.apache.hadoop.mapreduce.lib.output.FileOutputCommitter
[2024-09-24T01:15:09.643+0000] {ssh.py:524} INFO - 24/09/24 01:15:09 INFO CodeGenerator: Code generated in 129.717278 ms
[2024-09-24T01:15:09.760+0000] {ssh.py:524} INFO - 24/09/24 01:15:09 INFO SparkContext: Starting job: save at NativeMethodAccessorImpl.java:0
[2024-09-24T01:15:09.775+0000] {ssh.py:524} INFO - 24/09/24 01:15:09 INFO DAGScheduler: Got job 0 (save at NativeMethodAccessorImpl.java:0) with 12 output partitions
[2024-09-24T01:15:09.775+0000] {ssh.py:524} INFO - 24/09/24 01:15:09 INFO DAGScheduler: Final stage: ResultStage 0 (save at NativeMethodAccessorImpl.java:0)
[2024-09-24T01:15:09.776+0000] {ssh.py:524} INFO - 24/09/24 01:15:09 INFO DAGScheduler: Parents of final stage: List()
[2024-09-24T01:15:09.777+0000] {ssh.py:524} INFO - 24/09/24 01:15:09 INFO DAGScheduler: Missing parents: List()
[2024-09-24T01:15:09.782+0000] {ssh.py:524} INFO - 24/09/24 01:15:09 INFO DAGScheduler: Submitting ResultStage 0 (MapPartitionsRDD[5] at save at NativeMethodAccessorImpl.java:0), which has no missing parents
[2024-09-24T01:15:09.888+0000] {ssh.py:524} INFO - 24/09/24 01:15:09 INFO MemoryStore: Block broadcast_0 stored as values in memory (estimated size 219.9 KiB, free 2.2 GiB)
[2024-09-24T01:15:09.933+0000] {ssh.py:524} INFO - 24/09/24 01:15:09 INFO MemoryStore: Block broadcast_0_piece0 stored as bytes in memory (estimated size 80.5 KiB, free 2.2 GiB)
[2024-09-24T01:15:09.940+0000] {ssh.py:524} INFO - 24/09/24 01:15:09 INFO BlockManagerInfo: Added broadcast_0_piece0 in memory on spark-master:46447 (size: 80.5 KiB, free: 2.2 GiB)
[2024-09-24T01:15:09.946+0000] {ssh.py:524} INFO - 24/09/24 01:15:09 INFO SparkContext: Created broadcast 0 from broadcast at DAGScheduler.scala:1513
[2024-09-24T01:15:09.962+0000] {ssh.py:524} INFO - 24/09/24 01:15:09 INFO DAGScheduler: Submitting 12 missing tasks from ResultStage 0 (MapPartitionsRDD[5] at save at NativeMethodAccessorImpl.java:0) (first 15 tasks are for partitions Vector(0, 1, 2, 3, 4, 5, 6, 7, 8, 9, 10, 11))
[2024-09-24T01:15:09.966+0000] {ssh.py:524} INFO - 24/09/24 01:15:09 INFO TaskSchedulerImpl: Adding task set 0.0 with 12 tasks resource profile 0
[2024-09-24T01:15:10.043+0000] {ssh.py:524} INFO - 24/09/24 01:15:10 INFO TaskSetManager: Starting task 0.0 in stage 0.0 (TID 0) (spark-master, executor driver, partition 0, PROCESS_LOCAL, 4433 bytes) taskResourceAssignments Map()
[2024-09-24T01:15:10.049+0000] {ssh.py:524} INFO - 24/09/24 01:15:10 INFO TaskSetManager: Starting task 1.0 in stage 0.0 (TID 1) (spark-master, executor driver, partition 1, PROCESS_LOCAL, 4476 bytes) taskResourceAssignments Map()
[2024-09-24T01:15:10.054+0000] {ssh.py:524} INFO - 24/09/24 01:15:10 INFO TaskSetManager: Starting task 2.0 in stage 0.0 (TID 2) (spark-master, executor driver, partition 2, PROCESS_LOCAL, 4433 bytes) taskResourceAssignments Map()
[2024-09-24T01:15:10.059+0000] {ssh.py:524} INFO - 24/09/24 01:15:10 INFO TaskSetManager: Starting task 3.0 in stage 0.0 (TID 3) (spark-master, executor driver, partition 3, PROCESS_LOCAL, 4484 bytes) taskResourceAssignments Map()
[2024-09-24T01:15:10.060+0000] {ssh.py:524} INFO - 24/09/24 01:15:10 INFO TaskSetManager: Starting task 4.0 in stage 0.0 (TID 4) (spark-master, executor driver, partition 4, PROCESS_LOCAL, 4433 bytes) taskResourceAssignments Map()
[2024-09-24T01:15:10.062+0000] {ssh.py:524} INFO - 24/09/24 01:15:10 INFO TaskSetManager: Starting task 5.0 in stage 0.0 (TID 5) (spark-master, executor driver, partition 5, PROCESS_LOCAL, 4480 bytes) taskResourceAssignments Map()
[2024-09-24T01:15:10.062+0000] {ssh.py:524} INFO - 24/09/24 01:15:10 INFO TaskSetManager: Starting task 6.0 in stage 0.0 (TID 6) (spark-master, executor driver, partition 6, PROCESS_LOCAL, 4476 bytes) taskResourceAssignments Map()
[2024-09-24T01:15:10.063+0000] {ssh.py:524} INFO - 24/09/24 01:15:10 INFO TaskSetManager: Starting task 7.0 in stage 0.0 (TID 7) (spark-master, executor driver, partition 7, PROCESS_LOCAL, 4433 bytes) taskResourceAssignments Map()
[2024-09-24T01:15:10.063+0000] {ssh.py:524} INFO - 24/09/24 01:15:10 INFO TaskSetManager: Starting task 8.0 in stage 0.0 (TID 8) (spark-master, executor driver, partition 8, PROCESS_LOCAL, 4473 bytes) taskResourceAssignments Map()
[2024-09-24T01:15:10.067+0000] {ssh.py:524} INFO - 24/09/24 01:15:10 INFO TaskSetManager: Starting task 9.0 in stage 0.0 (TID 9) (spark-master, executor driver, partition 9, PROCESS_LOCAL, 4433 bytes) taskResourceAssignments Map()
[2024-09-24T01:15:10.068+0000] {ssh.py:524} INFO - 24/09/24 01:15:10 INFO TaskSetManager: Starting task 10.0 in stage 0.0 (TID 10) (spark-master, executor driver, partition 10, PROCESS_LOCAL, 4476 bytes) taskResourceAssignments Map()
[2024-09-24T01:15:10.068+0000] {ssh.py:524} INFO - 24/09/24 01:15:10 INFO TaskSetManager: Starting task 11.0 in stage 0.0 (TID 11) (spark-master, executor driver, partition 11, PROCESS_LOCAL, 4479 bytes) taskResourceAssignments Map()
[2024-09-24T01:15:10.084+0000] {ssh.py:524} INFO - 24/09/24 01:15:10 INFO Executor: Running task 2.0 in stage 0.0 (TID 2)
[2024-09-24T01:15:10.091+0000] {ssh.py:524} INFO - 24/09/24 01:15:10 INFO Executor: Running task 3.0 in stage 0.0 (TID 3)
[2024-09-24T01:15:10.092+0000] {ssh.py:524} INFO - 24/09/24 01:15:10 INFO Executor: Running task 1.0 in stage 0.0 (TID 1)
[2024-09-24T01:15:10.092+0000] {ssh.py:524} INFO - 24/09/24 01:15:10 INFO Executor: Running task 0.0 in stage 0.0 (TID 0)
[2024-09-24T01:15:10.095+0000] {ssh.py:524} INFO - 24/09/24 01:15:10 INFO Executor: Running task 4.0 in stage 0.0 (TID 4)
[2024-09-24T01:15:10.095+0000] {ssh.py:524} INFO - 24/09/24 01:15:10 INFO Executor: Running task 5.0 in stage 0.0 (TID 5)
[2024-09-24T01:15:10.096+0000] {ssh.py:524} INFO - 24/09/24 01:15:10 INFO Executor: Running task 6.0 in stage 0.0 (TID 6)
[2024-09-24T01:15:10.096+0000] {ssh.py:524} INFO - 24/09/24 01:15:10 INFO Executor: Running task 7.0 in stage 0.0 (TID 7)
[2024-09-24T01:15:10.096+0000] {ssh.py:524} INFO - 24/09/24 01:15:10 INFO Executor: Running task 8.0 in stage 0.0 (TID 8)
[2024-09-24T01:15:10.097+0000] {ssh.py:524} INFO - 24/09/24 01:15:10 INFO Executor: Running task 9.0 in stage 0.0 (TID 9)
[2024-09-24T01:15:10.097+0000] {ssh.py:524} INFO - 24/09/24 01:15:10 INFO Executor: Running task 10.0 in stage 0.0 (TID 10)
[2024-09-24T01:15:10.098+0000] {ssh.py:524} INFO - 24/09/24 01:15:10 INFO Executor: Running task 11.0 in stage 0.0 (TID 11)
[2024-09-24T01:15:11.042+0000] {ssh.py:524} INFO - 24/09/24 01:15:11 WARN AbstractS3ACommitterFactory: Using standard FileOutputCommitter to commit work. This is slow and potentially unsafe.
[2024-09-24T01:15:11.044+0000] {ssh.py:524} INFO - 24/09/24 01:15:11 INFO FileOutputCommitter: File Output Committer Algorithm version is 1
[2024-09-24T01:15:11.044+0000] {ssh.py:524} INFO - 24/09/24 01:15:11 INFO FileOutputCommitter: FileOutputCommitter skip cleanup _temporary folders under output directory:false, ignore cleanup failures: false
[2024-09-24T01:15:11.045+0000] {ssh.py:524} INFO - 24/09/24 01:15:11 INFO AbstractS3ACommitterFactory: Using Committer FileOutputCommitter{PathOutputCommitter{context=TaskAttemptContextImpl{JobContextImpl{jobId=job_202409240115095162794977679698904_0000}; taskId=attempt_202409240115095162794977679698904_0000_m_000006_6, status=''}; org.apache.hadoop.mapreduce.lib.output.FileOutputCommitter@6fa0a731}; outputPath=s3a://raw/olhovivo/corredor/dt=2024-09-24, workPath=s3a://raw/olhovivo/corredor/dt=2024-09-24/_temporary/0/_temporary/attempt_202409240115095162794977679698904_0000_m_000006_6, algorithmVersion=1, skipCleanup=false, ignoreCleanupFailures=false} for s3a://raw/olhovivo/corredor/dt=2024-09-24
[2024-09-24T01:15:11.046+0000] {ssh.py:524} INFO - 24/09/24 01:15:11 INFO SQLHadoopMapReduceCommitProtocol: Using output committer class org.apache.hadoop.mapreduce.lib.output.FileOutputCommitter
[2024-09-24T01:15:11.046+0000] {ssh.py:524} INFO - 24/09/24 01:15:11 WARN AbstractS3ACommitterFactory: Using standard FileOutputCommitter to commit work. This is slow and potentially unsafe.
[2024-09-24T01:15:11.047+0000] {ssh.py:524} INFO - 24/09/24 01:15:11 INFO FileOutputCommitter: File Output Committer Algorithm version is 1
[2024-09-24T01:15:11.048+0000] {ssh.py:524} INFO - 24/09/24 01:15:11 INFO FileOutputCommitter: FileOutputCommitter skip cleanup _temporary folders under output directory:false, ignore cleanup failures: false
[2024-09-24T01:15:11.050+0000] {ssh.py:524} INFO - 24/09/24 01:15:11 INFO AbstractS3ACommitterFactory: Using Committer FileOutputCommitter{PathOutputCommitter{context=TaskAttemptContextImpl{JobContextImpl{jobId=job_20240924011509570510246575667743_0000}; taskId=attempt_20240924011509570510246575667743_0000_m_000005_5, status=''}; org.apache.hadoop.mapreduce.lib.output.FileOutputCommitter@2d7e8999}; outputPath=s3a://raw/olhovivo/corredor/dt=2024-09-24, workPath=s3a://raw/olhovivo/corredor/dt=2024-09-24/_temporary/0/_temporary/attempt_20240924011509570510246575667743_0000_m_000005_5, algorithmVersion=1, skipCleanup=false, ignoreCleanupFailures=false} for s3a://raw/olhovivo/corredor/dt=2024-09-24
[2024-09-24T01:15:11.054+0000] {ssh.py:524} INFO - 24/09/24 01:15:11 INFO SQLHadoopMapReduceCommitProtocol: Using output committer class org.apache.hadoop.mapreduce.lib.output.FileOutputCommitter
[2024-09-24T01:15:11.064+0000] {ssh.py:524} INFO - 24/09/24 01:15:11 WARN AbstractS3ACommitterFactory: Using standard FileOutputCommitter to commit work. This is slow and potentially unsafe.
[2024-09-24T01:15:11.068+0000] {ssh.py:524} INFO - 24/09/24 01:15:11 INFO FileOutputCommitter: File Output Committer Algorithm version is 1
[2024-09-24T01:15:11.069+0000] {ssh.py:524} INFO - 24/09/24 01:15:11 INFO FileOutputCommitter: FileOutputCommitter skip cleanup _temporary folders under output directory:false, ignore cleanup failures: false
[2024-09-24T01:15:11.070+0000] {ssh.py:524} INFO - 24/09/24 01:15:11 WARN AbstractS3ACommitterFactory: Using standard FileOutputCommitter to commit work. This is slow and potentially unsafe.
[2024-09-24T01:15:11.072+0000] {ssh.py:524} INFO - 24/09/24 01:15:11 INFO FileOutputCommitter: File Output Committer Algorithm version is 1
[2024-09-24T01:15:11.080+0000] {ssh.py:524} INFO - 24/09/24 01:15:11 INFO FileOutputCommitter: FileOutputCommitter skip cleanup _temporary folders under output directory:false, ignore cleanup failures: false
[2024-09-24T01:15:11.081+0000] {ssh.py:524} INFO - 24/09/24 01:15:11 INFO AbstractS3ACommitterFactory: Using Committer FileOutputCommitter{PathOutputCommitter{context=TaskAttemptContextImpl{JobContextImpl{jobId=job_202409240115092172813609262013420_0000}; taskId=attempt_202409240115092172813609262013420_0000_m_000007_7, status=''}; org.apache.hadoop.mapreduce.lib.output.FileOutputCommitter@24be914d}; outputPath=s3a://raw/olhovivo/corredor/dt=2024-09-24, workPath=s3a://raw/olhovivo/corredor/dt=2024-09-24/_temporary/0/_temporary/attempt_202409240115092172813609262013420_0000_m_000007_7, algorithmVersion=1, skipCleanup=false, ignoreCleanupFailures=false} for s3a://raw/olhovivo/corredor/dt=2024-09-24
[2024-09-24T01:15:11.082+0000] {ssh.py:524} INFO - 24/09/24 01:15:11 INFO SQLHadoopMapReduceCommitProtocol: Using output committer class org.apache.hadoop.mapreduce.lib.output.FileOutputCommitter
[2024-09-24T01:15:11.093+0000] {ssh.py:524} INFO - 24/09/24 01:15:11 INFO AbstractS3ACommitterFactory: Using Committer FileOutputCommitter{PathOutputCommitter{context=TaskAttemptContextImpl{JobContextImpl{jobId=job_202409240115092920400244484492991_0000}; taskId=attempt_202409240115092920400244484492991_0000_m_000004_4, status=''}; org.apache.hadoop.mapreduce.lib.output.FileOutputCommitter@3a5a4392}; outputPath=s3a://raw/olhovivo/corredor/dt=2024-09-24, workPath=s3a://raw/olhovivo/corredor/dt=2024-09-24/_temporary/0/_temporary/attempt_202409240115092920400244484492991_0000_m_000004_4, algorithmVersion=1, skipCleanup=false, ignoreCleanupFailures=false} for s3a://raw/olhovivo/corredor/dt=2024-09-24
[2024-09-24T01:15:11.097+0000] {ssh.py:524} INFO - 24/09/24 01:15:11 INFO SQLHadoopMapReduceCommitProtocol: Using output committer class org.apache.hadoop.mapreduce.lib.output.FileOutputCommitter
[2024-09-24T01:15:11.119+0000] {ssh.py:524} INFO - 24/09/24 01:15:11 WARN AbstractS3ACommitterFactory: Using standard FileOutputCommitter to commit work. This is slow and potentially unsafe.
[2024-09-24T01:15:11.120+0000] {ssh.py:524} INFO - 24/09/24 01:15:11 INFO FileOutputCommitter: File Output Committer Algorithm version is 1
[2024-09-24T01:15:11.120+0000] {ssh.py:524} INFO - 24/09/24 01:15:11 INFO FileOutputCommitter: FileOutputCommitter skip cleanup _temporary folders under output directory:false, ignore cleanup failures: false
[2024-09-24T01:15:11.128+0000] {ssh.py:524} INFO - 24/09/24 01:15:11 INFO AbstractS3ACommitterFactory: Using Committer FileOutputCommitter{PathOutputCommitter{context=TaskAttemptContextImpl{JobContextImpl{jobId=job_202409240115097971969007086503692_0000}; taskId=attempt_202409240115097971969007086503692_0000_m_000002_2, status=''}; org.apache.hadoop.mapreduce.lib.output.FileOutputCommitter@2f06dc66}; outputPath=s3a://raw/olhovivo/corredor/dt=2024-09-24, workPath=s3a://raw/olhovivo/corredor/dt=2024-09-24/_temporary/0/_temporary/attempt_202409240115097971969007086503692_0000_m_000002_2, algorithmVersion=1, skipCleanup=false, ignoreCleanupFailures=false} for s3a://raw/olhovivo/corredor/dt=2024-09-24
[2024-09-24T01:15:11.129+0000] {ssh.py:524} INFO - 24/09/24 01:15:11 INFO SQLHadoopMapReduceCommitProtocol: Using output committer class org.apache.hadoop.mapreduce.lib.output.FileOutputCommitter
[2024-09-24T01:15:11.129+0000] {ssh.py:524} INFO - 24/09/24 01:15:11 WARN AbstractS3ACommitterFactory: Using standard FileOutputCommitter to commit work. This is slow and potentially unsafe.
[2024-09-24T01:15:11.131+0000] {ssh.py:524} INFO - 24/09/24 01:15:11 INFO FileOutputCommitter: File Output Committer Algorithm version is 1
[2024-09-24T01:15:11.131+0000] {ssh.py:524} INFO - 24/09/24 01:15:11 INFO FileOutputCommitter: FileOutputCommitter skip cleanup _temporary folders under output directory:false, ignore cleanup failures: false
[2024-09-24T01:15:11.135+0000] {ssh.py:524} INFO - 24/09/24 01:15:11 INFO AbstractS3ACommitterFactory: Using Committer FileOutputCommitter{PathOutputCommitter{context=TaskAttemptContextImpl{JobContextImpl{jobId=job_202409240115097762809885935513093_0000}; taskId=attempt_202409240115097762809885935513093_0000_m_000009_9, status=''}; org.apache.hadoop.mapreduce.lib.output.FileOutputCommitter@1a1b7c65}; outputPath=s3a://raw/olhovivo/corredor/dt=2024-09-24, workPath=s3a://raw/olhovivo/corredor/dt=2024-09-24/_temporary/0/_temporary/attempt_202409240115097762809885935513093_0000_m_000009_9, algorithmVersion=1, skipCleanup=false, ignoreCleanupFailures=false} for s3a://raw/olhovivo/corredor/dt=2024-09-24
[2024-09-24T01:15:11.139+0000] {ssh.py:524} INFO - 24/09/24 01:15:11 INFO SQLHadoopMapReduceCommitProtocol: Using output committer class org.apache.hadoop.mapreduce.lib.output.FileOutputCommitter
[2024-09-24T01:15:11.166+0000] {ssh.py:524} INFO - 24/09/24 01:15:11 WARN AbstractS3ACommitterFactory: Using standard FileOutputCommitter to commit work. This is slow and potentially unsafe.
[2024-09-24T01:15:11.166+0000] {ssh.py:524} INFO - 24/09/24 01:15:11 INFO FileOutputCommitter: File Output Committer Algorithm version is 1
[2024-09-24T01:15:11.167+0000] {ssh.py:524} INFO - 24/09/24 01:15:11 INFO FileOutputCommitter: FileOutputCommitter skip cleanup _temporary folders under output directory:false, ignore cleanup failures: false
[2024-09-24T01:15:11.168+0000] {ssh.py:524} INFO - 24/09/24 01:15:11 INFO AbstractS3ACommitterFactory: Using Committer FileOutputCommitter{PathOutputCommitter{context=TaskAttemptContextImpl{JobContextImpl{jobId=job_202409240115098616510839686195779_0000}; taskId=attempt_202409240115098616510839686195779_0000_m_000008_8, status=''}; org.apache.hadoop.mapreduce.lib.output.FileOutputCommitter@49c9fb47}; outputPath=s3a://raw/olhovivo/corredor/dt=2024-09-24, workPath=s3a://raw/olhovivo/corredor/dt=2024-09-24/_temporary/0/_temporary/attempt_202409240115098616510839686195779_0000_m_000008_8, algorithmVersion=1, skipCleanup=false, ignoreCleanupFailures=false} for s3a://raw/olhovivo/corredor/dt=2024-09-24
[2024-09-24T01:15:11.169+0000] {ssh.py:524} INFO - 24/09/24 01:15:11 INFO SQLHadoopMapReduceCommitProtocol: Using output committer class org.apache.hadoop.mapreduce.lib.output.FileOutputCommitter
[2024-09-24T01:15:11.180+0000] {ssh.py:524} INFO - 24/09/24 01:15:11 INFO PythonRunner: Times: total = 781, boot = 634, init = 147, finish = 0
[2024-09-24T01:15:11.181+0000] {ssh.py:524} INFO - 24/09/24 01:15:11 INFO PythonRunner: Times: total = 780, boot = 651, init = 129, finish = 0
[2024-09-24T01:15:11.196+0000] {ssh.py:524} INFO - 24/09/24 01:15:11 INFO PythonRunner: Times: total = 784, boot = 635, init = 149, finish = 0
[2024-09-24T01:15:11.216+0000] {ssh.py:524} INFO - 24/09/24 01:15:11 INFO SparkHadoopMapRedUtil: No need to commit output of task because needsTaskCommit=false: attempt_202409240115092172813609262013420_0000_m_000007_7
[2024-09-24T01:15:11.221+0000] {ssh.py:524} INFO - 24/09/24 01:15:11 INFO SparkHadoopMapRedUtil: No need to commit output of task because needsTaskCommit=false: attempt_202409240115097762809885935513093_0000_m_000009_9
[2024-09-24T01:15:11.233+0000] {ssh.py:524} INFO - 24/09/24 01:15:11 WARN AbstractS3ACommitterFactory: Using standard FileOutputCommitter to commit work. This is slow and potentially unsafe.
[2024-09-24T01:15:11.236+0000] {ssh.py:524} INFO - 24/09/24 01:15:11 INFO FileOutputCommitter: File Output Committer Algorithm version is 1
[2024-09-24T01:15:11.237+0000] {ssh.py:524} INFO - 24/09/24 01:15:11 INFO FileOutputCommitter: FileOutputCommitter skip cleanup _temporary folders under output directory:false, ignore cleanup failures: false
[2024-09-24T01:15:11.238+0000] {ssh.py:524} INFO - 24/09/24 01:15:11 INFO AbstractS3ACommitterFactory: Using Committer FileOutputCommitter{PathOutputCommitter{context=TaskAttemptContextImpl{JobContextImpl{jobId=job_202409240115098211735525439509181_0000}; taskId=attempt_202409240115098211735525439509181_0000_m_000011_11, status=''}; org.apache.hadoop.mapreduce.lib.output.FileOutputCommitter@b057b6a}; outputPath=s3a://raw/olhovivo/corredor/dt=2024-09-24, workPath=s3a://raw/olhovivo/corredor/dt=2024-09-24/_temporary/0/_temporary/attempt_202409240115098211735525439509181_0000_m_000011_11, algorithmVersion=1, skipCleanup=false, ignoreCleanupFailures=false} for s3a://raw/olhovivo/corredor/dt=2024-09-24
[2024-09-24T01:15:11.239+0000] {ssh.py:524} INFO - 24/09/24 01:15:11 INFO SQLHadoopMapReduceCommitProtocol: Using output committer class org.apache.hadoop.mapreduce.lib.output.FileOutputCommitter
[2024-09-24T01:15:11.250+0000] {ssh.py:524} INFO - 24/09/24 01:15:11 INFO SparkHadoopMapRedUtil: No need to commit output of task because needsTaskCommit=false: attempt_202409240115092920400244484492991_0000_m_000004_4
[2024-09-24T01:15:11.256+0000] {ssh.py:524} INFO - 24/09/24 01:15:11 INFO Executor: Finished task 9.0 in stage 0.0 (TID 9). 2871 bytes result sent to driver
[2024-09-24T01:15:11.256+0000] {ssh.py:524} INFO - 24/09/24 01:15:11 INFO Executor: Finished task 4.0 in stage 0.0 (TID 4). 2828 bytes result sent to driver
[2024-09-24T01:15:11.263+0000] {ssh.py:524} INFO - 24/09/24 01:15:11 INFO Executor: Finished task 7.0 in stage 0.0 (TID 7). 2871 bytes result sent to driver
[2024-09-24T01:15:11.265+0000] {ssh.py:524} INFO - 24/09/24 01:15:11 WARN AbstractS3ACommitterFactory: Using standard FileOutputCommitter to commit work. This is slow and potentially unsafe.
[2024-09-24T01:15:11.266+0000] {ssh.py:524} INFO - 24/09/24 01:15:11 INFO FileOutputCommitter: File Output Committer Algorithm version is 1
[2024-09-24T01:15:11.266+0000] {ssh.py:524} INFO - 24/09/24 01:15:11 INFO FileOutputCommitter: FileOutputCommitter skip cleanup _temporary folders under output directory:false, ignore cleanup failures: false
[2024-09-24T01:15:11.266+0000] {ssh.py:524} INFO - 24/09/24 01:15:11 INFO AbstractS3ACommitterFactory: Using Committer FileOutputCommitter{PathOutputCommitter{context=TaskAttemptContextImpl{JobContextImpl{jobId=job_202409240115092358224195157514533_0000}; taskId=attempt_202409240115092358224195157514533_0000_m_000003_3, status=''}; org.apache.hadoop.mapreduce.lib.output.FileOutputCommitter@45972240}; outputPath=s3a://raw/olhovivo/corredor/dt=2024-09-24, workPath=s3a://raw/olhovivo/corredor/dt=2024-09-24/_temporary/0/_temporary/attempt_202409240115092358224195157514533_0000_m_000003_3, algorithmVersion=1, skipCleanup=false, ignoreCleanupFailures=false} for s3a://raw/olhovivo/corredor/dt=2024-09-24
[2024-09-24T01:15:11.267+0000] {ssh.py:524} INFO - 24/09/24 01:15:11 INFO SQLHadoopMapReduceCommitProtocol: Using output committer class org.apache.hadoop.mapreduce.lib.output.FileOutputCommitter
[2024-09-24T01:15:11.284+0000] {ssh.py:524} INFO - 24/09/24 01:15:11 WARN AbstractS3ACommitterFactory: Using standard FileOutputCommitter to commit work. This is slow and potentially unsafe.
[2024-09-24T01:15:11.285+0000] {ssh.py:524} INFO - 24/09/24 01:15:11 INFO PythonRunner: Times: total = 878, boot = 700, init = 178, finish = 0
[2024-09-24T01:15:11.285+0000] {ssh.py:524} INFO - 24/09/24 01:15:11 INFO FileOutputCommitter: File Output Committer Algorithm version is 1
[2024-09-24T01:15:11.286+0000] {ssh.py:524} INFO - 24/09/24 01:15:11 INFO FileOutputCommitter: FileOutputCommitter skip cleanup _temporary folders under output directory:false, ignore cleanup failures: false
[2024-09-24T01:15:11.286+0000] {ssh.py:524} INFO - 24/09/24 01:15:11 INFO AbstractS3ACommitterFactory: Using Committer FileOutputCommitter{PathOutputCommitter{context=TaskAttemptContextImpl{JobContextImpl{jobId=job_202409240115096103628827169920739_0000}; taskId=attempt_202409240115096103628827169920739_0000_m_000010_10, status=''}; org.apache.hadoop.mapreduce.lib.output.FileOutputCommitter@2cd2e10f}; outputPath=s3a://raw/olhovivo/corredor/dt=2024-09-24, workPath=s3a://raw/olhovivo/corredor/dt=2024-09-24/_temporary/0/_temporary/attempt_202409240115096103628827169920739_0000_m_000010_10, algorithmVersion=1, skipCleanup=false, ignoreCleanupFailures=false} for s3a://raw/olhovivo/corredor/dt=2024-09-24
[2024-09-24T01:15:11.287+0000] {ssh.py:524} INFO - 24/09/24 01:15:11 INFO SQLHadoopMapReduceCommitProtocol: Using output committer class org.apache.hadoop.mapreduce.lib.output.FileOutputCommitter
[2024-09-24T01:15:11.297+0000] {ssh.py:524} INFO - 24/09/24 01:15:11 WARN AbstractS3ACommitterFactory: Using standard FileOutputCommitter to commit work. This is slow and potentially unsafe.
[2024-09-24T01:15:11.304+0000] {ssh.py:524} INFO - 24/09/24 01:15:11 INFO FileOutputCommitter: File Output Committer Algorithm version is 1
[2024-09-24T01:15:11.305+0000] {ssh.py:524} INFO - 24/09/24 01:15:11 INFO FileOutputCommitter: FileOutputCommitter skip cleanup _temporary folders under output directory:false, ignore cleanup failures: false
[2024-09-24T01:15:11.305+0000] {ssh.py:524} INFO - 24/09/24 01:15:11 INFO AbstractS3ACommitterFactory: Using Committer FileOutputCommitter{PathOutputCommitter{context=TaskAttemptContextImpl{JobContextImpl{jobId=job_20240924011509370386597139648869_0000}; taskId=attempt_20240924011509370386597139648869_0000_m_000001_1, status=''}; org.apache.hadoop.mapreduce.lib.output.FileOutputCommitter@23e212e0}; outputPath=s3a://raw/olhovivo/corredor/dt=2024-09-24, workPath=s3a://raw/olhovivo/corredor/dt=2024-09-24/_temporary/0/_temporary/attempt_20240924011509370386597139648869_0000_m_000001_1, algorithmVersion=1, skipCleanup=false, ignoreCleanupFailures=false} for s3a://raw/olhovivo/corredor/dt=2024-09-24
[2024-09-24T01:15:11.306+0000] {ssh.py:524} INFO - 24/09/24 01:15:11 INFO SQLHadoopMapReduceCommitProtocol: Using output committer class org.apache.hadoop.mapreduce.lib.output.FileOutputCommitter
[2024-09-24T01:15:11.316+0000] {ssh.py:524} INFO - 24/09/24 01:15:11 INFO SparkHadoopMapRedUtil: No need to commit output of task because needsTaskCommit=false: attempt_202409240115097971969007086503692_0000_m_000002_2
[2024-09-24T01:15:11.317+0000] {ssh.py:524} INFO - 24/09/24 01:15:11 INFO Executor: Finished task 2.0 in stage 0.0 (TID 2). 2828 bytes result sent to driver
[2024-09-24T01:15:11.344+0000] {ssh.py:524} INFO - 24/09/24 01:15:11 WARN AbstractS3ACommitterFactory: Using standard FileOutputCommitter to commit work. This is slow and potentially unsafe.
[2024-09-24T01:15:11.347+0000] {ssh.py:524} INFO - 24/09/24 01:15:11 INFO FileOutputCommitter: File Output Committer Algorithm version is 1
[2024-09-24T01:15:11.348+0000] {ssh.py:524} INFO - 24/09/24 01:15:11 INFO FileOutputCommitter: FileOutputCommitter skip cleanup _temporary folders under output directory:false, ignore cleanup failures: false
[2024-09-24T01:15:11.349+0000] {ssh.py:524} INFO - 24/09/24 01:15:11 INFO AbstractS3ACommitterFactory: Using Committer FileOutputCommitter{PathOutputCommitter{context=TaskAttemptContextImpl{JobContextImpl{jobId=job_202409240115094705507254419995039_0000}; taskId=attempt_202409240115094705507254419995039_0000_m_000000_0, status=''}; org.apache.hadoop.mapreduce.lib.output.FileOutputCommitter@6db62e07}; outputPath=s3a://raw/olhovivo/corredor/dt=2024-09-24, workPath=s3a://raw/olhovivo/corredor/dt=2024-09-24/_temporary/0/_temporary/attempt_202409240115094705507254419995039_0000_m_000000_0, algorithmVersion=1, skipCleanup=false, ignoreCleanupFailures=false} for s3a://raw/olhovivo/corredor/dt=2024-09-24
[2024-09-24T01:15:11.351+0000] {ssh.py:524} INFO - 24/09/24 01:15:11 INFO SQLHadoopMapReduceCommitProtocol: Using output committer class org.apache.hadoop.mapreduce.lib.output.FileOutputCommitter
[2024-09-24T01:15:11.361+0000] {ssh.py:524} INFO - 24/09/24 01:15:11 INFO TaskSetManager: Finished task 7.0 in stage 0.0 (TID 7) in 1300 ms on spark-master (executor driver) (1/12)
[2024-09-24T01:15:11.367+0000] {ssh.py:524} INFO - 24/09/24 01:15:11 INFO PythonRunner: Times: total = 892, boot = 684, init = 207, finish = 1
[2024-09-24T01:15:11.370+0000] {ssh.py:524} INFO - 24/09/24 01:15:11 INFO PythonRunner: Times: total = 921, boot = 707, init = 213, finish = 1
[2024-09-24T01:15:11.373+0000] {ssh.py:524} INFO - 24/09/24 01:15:11 INFO PythonRunner: Times: total = 762, boot = 628, init = 134, finish = 0
[2024-09-24T01:15:11.375+0000] {ssh.py:524} INFO - 24/09/24 01:15:11 INFO PythonRunner: Times: total = 852, boot = 639, init = 213, finish = 0
[2024-09-24T01:15:11.375+0000] {ssh.py:524} INFO - 24/09/24 01:15:11 INFO PythonRunner: Times: total = 922, boot = 645, init = 276, finish = 1
[2024-09-24T01:15:11.376+0000] {ssh.py:524} INFO - 24/09/24 01:15:11 INFO PythonRunner: Times: total = 939, boot = 690, init = 249, finish = 0
[2024-09-24T01:15:11.377+0000] {ssh.py:524} INFO - 24/09/24 01:15:11 INFO PythonRunner: Times: total = 756, boot = 622, init = 134, finish = 0
[2024-09-24T01:15:11.383+0000] {ssh.py:524} INFO - 24/09/24 01:15:11 INFO TaskSetManager: Finished task 2.0 in stage 0.0 (TID 2) in 1323 ms on spark-master (executor driver) (2/12)
[2024-09-24T01:15:11.383+0000] {ssh.py:524} INFO - 24/09/24 01:15:11 INFO TaskSetManager: Finished task 9.0 in stage 0.0 (TID 9) in 1310 ms on spark-master (executor driver) (3/12)
[2024-09-24T01:15:11.385+0000] {ssh.py:524} INFO - 24/09/24 01:15:11 INFO PythonAccumulatorV2: Connected to AccumulatorServer at host: 127.0.0.1 port: 36911
[2024-09-24T01:15:11.385+0000] {ssh.py:524} INFO - 24/09/24 01:15:11 INFO TaskSetManager: Finished task 4.0 in stage 0.0 (TID 4) in 1318 ms on spark-master (executor driver) (4/12)
[2024-09-24T01:15:11.483+0000] {ssh.py:524} INFO - 24/09/24 01:15:11 INFO PythonRunner: Times: total = 1039, boot = 711, init = 328, finish = 0
[2024-09-24T01:15:12.056+0000] {ssh.py:524} INFO - 24/09/24 01:15:12 INFO FileOutputCommitter: Saved output of task 'attempt_20240924011509570510246575667743_0000_m_000005_5' to s3a://raw/olhovivo/corredor/dt=2024-09-24/_temporary/0/task_20240924011509570510246575667743_0000_m_000005
[2024-09-24T01:15:12.057+0000] {ssh.py:524} INFO - 24/09/24 01:15:12 INFO SparkHadoopMapRedUtil: attempt_20240924011509570510246575667743_0000_m_000005_5: Committed. Elapsed time: 523 ms.
[2024-09-24T01:15:12.062+0000] {ssh.py:524} INFO - 24/09/24 01:15:12 INFO Executor: Finished task 5.0 in stage 0.0 (TID 5). 2914 bytes result sent to driver
[2024-09-24T01:15:12.062+0000] {ssh.py:524} INFO - 24/09/24 01:15:12 INFO FileOutputCommitter: Saved output of task 'attempt_202409240115094705507254419995039_0000_m_000000_0' to s3a://raw/olhovivo/corredor/dt=2024-09-24/_temporary/0/task_202409240115094705507254419995039_0000_m_000000
[2024-09-24T01:15:12.062+0000] {ssh.py:524} INFO - 24/09/24 01:15:12 INFO SparkHadoopMapRedUtil: attempt_202409240115094705507254419995039_0000_m_000000_0: Committed. Elapsed time: 520 ms.
[2024-09-24T01:15:12.067+0000] {ssh.py:524} INFO - 24/09/24 01:15:12 INFO FileOutputCommitter: Saved output of task 'attempt_202409240115098211735525439509181_0000_m_000011_11' to s3a://raw/olhovivo/corredor/dt=2024-09-24/_temporary/0/task_202409240115098211735525439509181_0000_m_000011
[2024-09-24T01:15:12.068+0000] {ssh.py:524} INFO - 24/09/24 01:15:12 INFO SparkHadoopMapRedUtil: attempt_202409240115098211735525439509181_0000_m_000011_11: Committed. Elapsed time: 534 ms.
[2024-09-24T01:15:12.068+0000] {ssh.py:524} INFO - 24/09/24 01:15:12 INFO TaskSetManager: Finished task 5.0 in stage 0.0 (TID 5) in 2011 ms on spark-master (executor driver) (5/12)
[2024-09-24T01:15:12.071+0000] {ssh.py:524} INFO - 24/09/24 01:15:12 INFO FileOutputCommitter: Saved output of task 'attempt_202409240115095162794977679698904_0000_m_000006_6' to s3a://raw/olhovivo/corredor/dt=2024-09-24/_temporary/0/task_202409240115095162794977679698904_0000_m_000006
[2024-09-24T01:15:12.071+0000] {ssh.py:524} INFO - 24/09/24 01:15:12 INFO SparkHadoopMapRedUtil: attempt_202409240115095162794977679698904_0000_m_000006_6: Committed. Elapsed time: 535 ms.
[2024-09-24T01:15:12.073+0000] {ssh.py:524} INFO - 24/09/24 01:15:12 INFO Executor: Finished task 11.0 in stage 0.0 (TID 11). 2914 bytes result sent to driver
[2024-09-24T01:15:12.073+0000] {ssh.py:524} INFO - 24/09/24 01:15:12 INFO Executor: Finished task 0.0 in stage 0.0 (TID 0). 2828 bytes result sent to driver
[2024-09-24T01:15:12.074+0000] {ssh.py:524} INFO - 24/09/24 01:15:12 INFO FileOutputCommitter: Saved output of task 'attempt_202409240115098616510839686195779_0000_m_000008_8' to s3a://raw/olhovivo/corredor/dt=2024-09-24/_temporary/0/task_202409240115098616510839686195779_0000_m_000008
[2024-09-24T01:15:12.074+0000] {ssh.py:524} INFO - 24/09/24 01:15:12 INFO SparkHadoopMapRedUtil: attempt_202409240115098616510839686195779_0000_m_000008_8: Committed. Elapsed time: 403 ms.
[2024-09-24T01:15:12.076+0000] {ssh.py:524} INFO - 24/09/24 01:15:12 INFO Executor: Finished task 6.0 in stage 0.0 (TID 6). 2914 bytes result sent to driver
[2024-09-24T01:15:12.079+0000] {ssh.py:524} INFO - 24/09/24 01:15:12 INFO Executor: Finished task 8.0 in stage 0.0 (TID 8). 2914 bytes result sent to driver
[2024-09-24T01:15:12.083+0000] {ssh.py:524} INFO - 24/09/24 01:15:12 INFO TaskSetManager: Finished task 11.0 in stage 0.0 (TID 11) in 2015 ms on spark-master (executor driver) (6/12)
[2024-09-24T01:15:12.083+0000] {ssh.py:524} INFO - 24/09/24 01:15:12 INFO TaskSetManager: Finished task 0.0 in stage 0.0 (TID 0) in 2061 ms on spark-master (executor driver) (7/12)
[2024-09-24T01:15:12.086+0000] {ssh.py:524} INFO - 24/09/24 01:15:12 INFO TaskSetManager: Finished task 8.0 in stage 0.0 (TID 8) in 2023 ms on spark-master (executor driver) (8/12)
[2024-09-24T01:15:12.087+0000] {ssh.py:524} INFO - 24/09/24 01:15:12 INFO TaskSetManager: Finished task 6.0 in stage 0.0 (TID 6) in 2028 ms on spark-master (executor driver) (9/12)
[2024-09-24T01:15:12.101+0000] {ssh.py:524} INFO - 24/09/24 01:15:12 INFO FileOutputCommitter: Saved output of task 'attempt_20240924011509370386597139648869_0000_m_000001_1' to s3a://raw/olhovivo/corredor/dt=2024-09-24/_temporary/0/task_20240924011509370386597139648869_0000_m_000001
[2024-09-24T01:15:12.102+0000] {ssh.py:524} INFO - 24/09/24 01:15:12 INFO SparkHadoopMapRedUtil: attempt_20240924011509370386597139648869_0000_m_000001_1: Committed. Elapsed time: 474 ms.
[2024-09-24T01:15:12.109+0000] {ssh.py:524} INFO - 24/09/24 01:15:12 INFO Executor: Finished task 1.0 in stage 0.0 (TID 1). 2914 bytes result sent to driver
[2024-09-24T01:15:12.112+0000] {ssh.py:524} INFO - 24/09/24 01:15:12 INFO TaskSetManager: Finished task 1.0 in stage 0.0 (TID 1) in 2065 ms on spark-master (executor driver) (10/12)
[2024-09-24T01:15:12.120+0000] {ssh.py:524} INFO - 24/09/24 01:15:12 INFO FileOutputCommitter: Saved output of task 'attempt_202409240115092358224195157514533_0000_m_000003_3' to s3a://raw/olhovivo/corredor/dt=2024-09-24/_temporary/0/task_202409240115092358224195157514533_0000_m_000003
[2024-09-24T01:15:12.121+0000] {ssh.py:524} INFO - 24/09/24 01:15:12 INFO SparkHadoopMapRedUtil: attempt_202409240115092358224195157514533_0000_m_000003_3: Committed. Elapsed time: 568 ms.
[2024-09-24T01:15:12.122+0000] {ssh.py:524} INFO - 24/09/24 01:15:12 INFO Executor: Finished task 3.0 in stage 0.0 (TID 3). 2914 bytes result sent to driver
[2024-09-24T01:15:12.124+0000] {ssh.py:524} INFO - 24/09/24 01:15:12 INFO TaskSetManager: Finished task 3.0 in stage 0.0 (TID 3) in 2074 ms on spark-master (executor driver) (11/12)
[2024-09-24T01:15:12.143+0000] {ssh.py:524} INFO - 24/09/24 01:15:12 INFO FileOutputCommitter: Saved output of task 'attempt_202409240115096103628827169920739_0000_m_000010_10' to s3a://raw/olhovivo/corredor/dt=2024-09-24/_temporary/0/task_202409240115096103628827169920739_0000_m_000010
[2024-09-24T01:15:12.144+0000] {ssh.py:524} INFO - 24/09/24 01:15:12 INFO SparkHadoopMapRedUtil: attempt_202409240115096103628827169920739_0000_m_000010_10: Committed. Elapsed time: 589 ms.
[2024-09-24T01:15:12.148+0000] {ssh.py:524} INFO - 24/09/24 01:15:12 INFO Executor: Finished task 10.0 in stage 0.0 (TID 10). 2914 bytes result sent to driver
[2024-09-24T01:15:12.150+0000] {ssh.py:524} INFO - 24/09/24 01:15:12 INFO TaskSetManager: Finished task 10.0 in stage 0.0 (TID 10) in 2087 ms on spark-master (executor driver) (12/12)
[2024-09-24T01:15:12.151+0000] {ssh.py:524} INFO - 24/09/24 01:15:12 INFO TaskSchedulerImpl: Removed TaskSet 0.0, whose tasks have all completed, from pool 
[2024-09-24T01:15:12.155+0000] {ssh.py:524} INFO - 24/09/24 01:15:12 INFO DAGScheduler: ResultStage 0 (save at NativeMethodAccessorImpl.java:0) finished in 2.359 s
[2024-09-24T01:15:12.158+0000] {ssh.py:524} INFO - 24/09/24 01:15:12 INFO DAGScheduler: Job 0 is finished. Cancelling potential speculative or zombie tasks for this job
[2024-09-24T01:15:12.163+0000] {ssh.py:524} INFO - 24/09/24 01:15:12 INFO TaskSchedulerImpl: Killing all running tasks in stage 0: Stage finished
[2024-09-24T01:15:12.168+0000] {ssh.py:524} INFO - 24/09/24 01:15:12 INFO DAGScheduler: Job 0 finished: save at NativeMethodAccessorImpl.java:0, took 2.407260 s
[2024-09-24T01:15:12.172+0000] {ssh.py:524} INFO - 24/09/24 01:15:12 INFO FileFormatWriter: Start to commit write Job 7ab2cba4-b54d-42ad-b29e-477dd3e171f3.
[2024-09-24T01:15:12.996+0000] {ssh.py:524} INFO - 24/09/24 01:15:12 INFO FileFormatWriter: Write Job 7ab2cba4-b54d-42ad-b29e-477dd3e171f3 committed. Elapsed time: 823 ms.
[2024-09-24T01:15:13.002+0000] {ssh.py:524} INFO - 24/09/24 01:15:13 INFO FileFormatWriter: Finished processing stats for write job 7ab2cba4-b54d-42ad-b29e-477dd3e171f3.
[2024-09-24T01:15:13.005+0000] {ssh.py:524} INFO - [DEBUG] Done.
[2024-09-24T01:15:13.058+0000] {ssh.py:524} INFO - 24/09/24 01:15:13 INFO SparkContext: Invoking stop() from shutdown hook
[2024-09-24T01:15:13.071+0000] {ssh.py:524} INFO - 24/09/24 01:15:13 INFO SparkUI: Stopped Spark web UI at http://spark-master:4041
[2024-09-24T01:15:13.094+0000] {ssh.py:524} INFO - 24/09/24 01:15:13 INFO MapOutputTrackerMasterEndpoint: MapOutputTrackerMasterEndpoint stopped!
[2024-09-24T01:15:13.110+0000] {ssh.py:524} INFO - 24/09/24 01:15:13 INFO MemoryStore: MemoryStore cleared
[2024-09-24T01:15:13.110+0000] {ssh.py:524} INFO - 24/09/24 01:15:13 INFO BlockManager: BlockManager stopped
[2024-09-24T01:15:13.117+0000] {ssh.py:524} INFO - 24/09/24 01:15:13 INFO BlockManagerMaster: BlockManagerMaster stopped
[2024-09-24T01:15:13.120+0000] {ssh.py:524} INFO - 24/09/24 01:15:13 INFO OutputCommitCoordinator$OutputCommitCoordinatorEndpoint: OutputCommitCoordinator stopped!
[2024-09-24T01:15:13.129+0000] {ssh.py:524} INFO - 24/09/24 01:15:13 INFO SparkContext: Successfully stopped SparkContext
[2024-09-24T01:15:13.130+0000] {ssh.py:524} INFO - 24/09/24 01:15:13 INFO ShutdownHookManager: Shutdown hook called
[2024-09-24T01:15:13.132+0000] {ssh.py:524} INFO - 24/09/24 01:15:13 INFO ShutdownHookManager: Deleting directory /tmp/spark-1e66b2d9-832b-44d2-be25-28b9ebe23db6/pyspark-ce7e02f8-bd50-4097-a880-6bd0894807a8
[2024-09-24T01:15:13.136+0000] {ssh.py:524} INFO - 24/09/24 01:15:13 INFO ShutdownHookManager: Deleting directory /tmp/spark-bebff68f-7669-4565-be7a-ac26ebe6df6a
[2024-09-24T01:15:13.138+0000] {ssh.py:524} INFO - 24/09/24 01:15:13 INFO ShutdownHookManager: Deleting directory /tmp/spark-1e66b2d9-832b-44d2-be25-28b9ebe23db6
[2024-09-24T01:15:13.151+0000] {ssh.py:524} INFO - 24/09/24 01:15:13 INFO MetricsSystemImpl: Stopping s3a-file-system metrics system...
[2024-09-24T01:15:13.152+0000] {ssh.py:524} INFO - 24/09/24 01:15:13 INFO MetricsSystemImpl: s3a-file-system metrics system stopped.
[2024-09-24T01:15:13.152+0000] {ssh.py:524} INFO - 24/09/24 01:15:13 INFO MetricsSystemImpl: s3a-file-system metrics system shutdown complete.
[2024-09-24T01:15:13.331+0000] {taskinstance.py:1400} INFO - Marking task as SUCCESS. dag_id=raw_ingestion_15min, task_id=spark_raw_ingestion_corredor, execution_date=20240924T010000, start_date=20240924T011501, end_date=20240924T011513
[2024-09-24T01:15:13.399+0000] {local_task_job_runner.py:228} INFO - Task exited with return code 0
[2024-09-24T01:15:13.466+0000] {taskinstance.py:2778} INFO - 0 downstream tasks scheduled from follow-on schedule check
