[2024-09-22T21:37:13.411+0000] {taskinstance.py:1159} INFO - Dependencies all met for dep_context=non-requeueable deps ti=<TaskInstance: raw_ingestion_6h.spark_raw_ingestion_previsao scheduled__2024-09-22T12:00:00+00:00 [queued]>
[2024-09-22T21:37:13.422+0000] {taskinstance.py:1159} INFO - Dependencies all met for dep_context=requeueable deps ti=<TaskInstance: raw_ingestion_6h.spark_raw_ingestion_previsao scheduled__2024-09-22T12:00:00+00:00 [queued]>
[2024-09-22T21:37:13.423+0000] {taskinstance.py:1361} INFO - Starting attempt 1 of 0
[2024-09-22T21:37:13.439+0000] {taskinstance.py:1382} INFO - Executing <Task(SSHOperator): spark_raw_ingestion_previsao> on 2024-09-22 12:00:00+00:00
[2024-09-22T21:37:13.445+0000] {standard_task_runner.py:57} INFO - Started process 220 to run task
[2024-09-22T21:37:13.447+0000] {standard_task_runner.py:84} INFO - Running: ['airflow', 'tasks', 'run', 'raw_ingestion_6h', 'spark_raw_ingestion_previsao', 'scheduled__2024-09-22T12:00:00+00:00', '--job-id', '454', '--raw', '--subdir', 'DAGS_FOLDER/raw_ingestion_6h.py', '--cfg-path', '/tmp/tmp3q0ir7cv']
[2024-09-22T21:37:13.448+0000] {standard_task_runner.py:85} INFO - Job 454: Subtask spark_raw_ingestion_previsao
[2024-09-22T21:37:13.573+0000] {task_command.py:416} INFO - Running <TaskInstance: raw_ingestion_6h.spark_raw_ingestion_previsao scheduled__2024-09-22T12:00:00+00:00 [running]> on host airflow-worker
[2024-09-22T21:37:13.733+0000] {taskinstance.py:1662} INFO - Exporting env vars: AIRFLOW_CTX_DAG_OWNER='***' AIRFLOW_CTX_DAG_ID='raw_ingestion_6h' AIRFLOW_CTX_TASK_ID='spark_raw_ingestion_previsao' AIRFLOW_CTX_EXECUTION_DATE='2024-09-22T12:00:00+00:00' AIRFLOW_CTX_TRY_NUMBER='1' AIRFLOW_CTX_DAG_RUN_ID='scheduled__2024-09-22T12:00:00+00:00'
[2024-09-22T21:37:13.733+0000] {ssh.py:141} INFO - Creating ssh_client
[2024-09-22T21:37:13.733+0000] {ssh.py:114} INFO - ssh_hook is not provided or invalid. Trying ssh_conn_id to create SSHHook.
[2024-09-22T21:37:13.758+0000] {base.py:73} INFO - Using connection ID 'spark_ssh_default' for task execution.
[2024-09-22T21:37:13.758+0000] {ssh.py:300} WARNING - No Host Key Verification. This won't protect against Man-In-The-Middle attacks
[2024-09-22T21:37:13.766+0000] {transport.py:1893} INFO - Connected (version 2.0, client OpenSSH_8.9p1)
[2024-09-22T21:37:13.847+0000] {transport.py:1893} INFO - Authentication (password) successful!
[2024-09-22T21:37:13.848+0000] {ssh.py:478} INFO - Running command: export SPARK_HOME=/usr/local/spark; /opt/conda/bin/spark-submit --master local[*] --driver-cores 6 --executor-cores 6 --driver-memory 16G --executor-memory 16G /opt/shared/scripts/raw_ingestion.py 2024-09-22 previsao
[2024-09-22T21:37:15.993+0000] {ssh.py:524} INFO - [DEBUG] dt_now: 2024-09-22
[2024-09-22T21:37:15.994+0000] {ssh.py:524} INFO - [DEBUG] endpoint: previsao
[2024-09-22T21:37:16.050+0000] {ssh.py:524} INFO - 24/09/22 21:37:16 INFO SparkContext: Running Spark version 3.3.1
[2024-09-22T21:37:16.071+0000] {ssh.py:524} INFO - 24/09/22 21:37:16 WARN NativeCodeLoader: Unable to load native-hadoop library for your platform... using builtin-java classes where applicable
[2024-09-22T21:37:16.144+0000] {ssh.py:524} INFO - 24/09/22 21:37:16 INFO ResourceUtils: ==============================================================
[2024-09-22T21:37:16.145+0000] {ssh.py:524} INFO - 24/09/22 21:37:16 INFO ResourceUtils: No custom resources configured for spark.driver.
[2024-09-22T21:37:16.145+0000] {ssh.py:524} INFO - 24/09/22 21:37:16 INFO ResourceUtils: ==============================================================
[2024-09-22T21:37:16.146+0000] {ssh.py:524} INFO - 24/09/22 21:37:16 INFO SparkContext: Submitted application: raw_ingestion_previsao
[2024-09-22T21:37:16.162+0000] {ssh.py:524} INFO - 24/09/22 21:37:16 INFO ResourceProfile: Default ResourceProfile created, executor resources: Map(cores -> name: cores, amount: 1, script: , vendor: , memory -> name: memory, amount: 1024, script: , vendor: , offHeap -> name: offHeap, amount: 0, script: , vendor: ), task resources: Map(cpus -> name: cpus, amount: 1.0)
[2024-09-22T21:37:16.168+0000] {ssh.py:524} INFO - 24/09/22 21:37:16 INFO ResourceProfile: Limiting resource is cpu
[2024-09-22T21:37:16.169+0000] {ssh.py:524} INFO - 24/09/22 21:37:16 INFO ResourceProfileManager: Added ResourceProfile id: 0
[2024-09-22T21:37:16.201+0000] {ssh.py:524} INFO - 24/09/22 21:37:16 INFO SecurityManager: Changing view acls to: root
[2024-09-22T21:37:16.201+0000] {ssh.py:524} INFO - 24/09/22 21:37:16 INFO SecurityManager: Changing modify acls to: root
[2024-09-22T21:37:16.202+0000] {ssh.py:524} INFO - 24/09/22 21:37:16 INFO SecurityManager: Changing view acls groups to: 
[2024-09-22T21:37:16.202+0000] {ssh.py:524} INFO - 24/09/22 21:37:16 INFO SecurityManager: Changing modify acls groups to: 
[2024-09-22T21:37:16.203+0000] {ssh.py:524} INFO - 24/09/22 21:37:16 INFO SecurityManager: SecurityManager: authentication disabled; ui acls disabled; users  with view permissions: Set(root); groups with view permissions: Set(); users  with modify permissions: Set(root); groups with modify permissions: Set()
[2024-09-22T21:37:16.420+0000] {ssh.py:524} INFO - 24/09/22 21:37:16 INFO Utils: Successfully started service 'sparkDriver' on port 42359.
[2024-09-22T21:37:16.442+0000] {ssh.py:524} INFO - 24/09/22 21:37:16 INFO SparkEnv: Registering MapOutputTracker
[2024-09-22T21:37:16.464+0000] {ssh.py:524} INFO - 24/09/22 21:37:16 INFO SparkEnv: Registering BlockManagerMaster
[2024-09-22T21:37:16.476+0000] {ssh.py:524} INFO - 24/09/22 21:37:16 INFO BlockManagerMasterEndpoint: Using org.apache.spark.storage.DefaultTopologyMapper for getting topology information
[2024-09-22T21:37:16.477+0000] {ssh.py:524} INFO - 24/09/22 21:37:16 INFO BlockManagerMasterEndpoint: BlockManagerMasterEndpoint up
[2024-09-22T21:37:16.480+0000] {ssh.py:524} INFO - 24/09/22 21:37:16 INFO SparkEnv: Registering BlockManagerMasterHeartbeat
[2024-09-22T21:37:16.495+0000] {ssh.py:524} INFO - 24/09/22 21:37:16 INFO DiskBlockManager: Created local directory at /tmp/blockmgr-6bd80d25-3aa6-4fce-8b8d-78aa5405a528
[2024-09-22T21:37:16.506+0000] {ssh.py:524} INFO - 24/09/22 21:37:16 INFO MemoryStore: MemoryStore started with capacity 9.4 GiB
[2024-09-22T21:37:16.517+0000] {ssh.py:524} INFO - 24/09/22 21:37:16 INFO SparkEnv: Registering OutputCommitCoordinator
[2024-09-22T21:37:16.658+0000] {ssh.py:524} INFO - 24/09/22 21:37:16 WARN Utils: Service 'SparkUI' could not bind on port 4040. Attempting port 4041.
[2024-09-22T21:37:16.665+0000] {ssh.py:524} INFO - 24/09/22 21:37:16 INFO Utils: Successfully started service 'SparkUI' on port 4041.
[2024-09-22T21:37:16.748+0000] {ssh.py:524} INFO - 24/09/22 21:37:16 INFO Executor: Starting executor ID driver on host spark-master
[2024-09-22T21:37:16.752+0000] {ssh.py:524} INFO - 24/09/22 21:37:16 INFO Executor: Starting executor with user classpath (userClassPathFirst = false): ''
[2024-09-22T21:37:16.767+0000] {ssh.py:524} INFO - 24/09/22 21:37:16 INFO Utils: Successfully started service 'org.apache.spark.network.netty.NettyBlockTransferService' on port 36395.
[2024-09-22T21:37:16.768+0000] {ssh.py:524} INFO - 24/09/22 21:37:16 INFO NettyBlockTransferService: Server created on spark-master:36395
[2024-09-22T21:37:16.769+0000] {ssh.py:524} INFO - 24/09/22 21:37:16 INFO BlockManager: Using org.apache.spark.storage.RandomBlockReplicationPolicy for block replication policy
[2024-09-22T21:37:16.773+0000] {ssh.py:524} INFO - 24/09/22 21:37:16 INFO BlockManagerMaster: Registering BlockManager BlockManagerId(driver, spark-master, 36395, None)
[2024-09-22T21:37:16.776+0000] {ssh.py:524} INFO - 24/09/22 21:37:16 INFO BlockManagerMasterEndpoint: Registering block manager spark-master:36395 with 9.4 GiB RAM, BlockManagerId(driver, spark-master, 36395, None)
[2024-09-22T21:37:16.778+0000] {ssh.py:524} INFO - 24/09/22 21:37:16 INFO BlockManagerMaster: Registered BlockManager BlockManagerId(driver, spark-master, 36395, None)
[2024-09-22T21:37:16.779+0000] {ssh.py:524} INFO - 24/09/22 21:37:16 INFO BlockManager: Initialized BlockManager: BlockManagerId(driver, spark-master, 36395, None)
[2024-09-22T21:37:17.167+0000] {ssh.py:524} INFO - 24/09/22 21:37:17 INFO SharedState: Setting hive.metastore.warehouse.dir ('null') to the value of spark.sql.warehouse.dir.
[2024-09-22T21:37:17.172+0000] {ssh.py:524} INFO - 24/09/22 21:37:17 INFO SharedState: Warehouse path is 'file:/root/spark-warehouse'.
[2024-09-22T21:37:17.665+0000] {ssh.py:524} INFO - 24/09/22 21:37:17 WARN MetricsConfig: Cannot locate configuration: tried hadoop-metrics2-s3a-file-system.properties,hadoop-metrics2.properties
[2024-09-22T21:37:17.673+0000] {ssh.py:524} INFO - 24/09/22 21:37:17 INFO MetricsSystemImpl: Scheduled Metric snapshot period at 10 second(s).
[2024-09-22T21:37:17.674+0000] {ssh.py:524} INFO - 24/09/22 21:37:17 INFO MetricsSystemImpl: s3a-file-system metrics system started
[2024-09-22T21:37:18.339+0000] {ssh.py:524} INFO - 24/09/22 21:37:18 INFO InMemoryFileIndex: It took 36 ms to list leaf files for 1 paths.
[2024-09-22T21:37:18.395+0000] {ssh.py:524} INFO - 24/09/22 21:37:18 INFO InMemoryFileIndex: It took 10 ms to list leaf files for 1 paths.
[2024-09-22T21:37:19.759+0000] {ssh.py:524} INFO - 24/09/22 21:37:19 INFO FileSourceStrategy: Pushed Filters: 
[2024-09-22T21:37:19.760+0000] {ssh.py:524} INFO - 24/09/22 21:37:19 INFO FileSourceStrategy: Post-Scan Filters: (length(trim(value#0, None)) > 0)
[2024-09-22T21:37:19.762+0000] {ssh.py:524} INFO - 24/09/22 21:37:19 INFO FileSourceStrategy: Output Data Schema: struct<value: string>
[2024-09-22T21:37:20.032+0000] {ssh.py:524} INFO - 24/09/22 21:37:20 INFO CodeGenerator: Code generated in 82.083639 ms
[2024-09-22T21:37:20.072+0000] {ssh.py:524} INFO - 24/09/22 21:37:20 INFO MemoryStore: Block broadcast_0 stored as values in memory (estimated size 215.3 KiB, free 9.4 GiB)
[2024-09-22T21:37:20.116+0000] {ssh.py:524} INFO - 24/09/22 21:37:20 INFO MemoryStore: Block broadcast_0_piece0 stored as bytes in memory (estimated size 35.9 KiB, free 9.4 GiB)
[2024-09-22T21:37:20.119+0000] {ssh.py:524} INFO - 24/09/22 21:37:20 INFO BlockManagerInfo: Added broadcast_0_piece0 in memory on spark-master:36395 (size: 35.9 KiB, free: 9.4 GiB)
[2024-09-22T21:37:20.122+0000] {ssh.py:524} INFO - 24/09/22 21:37:20 INFO SparkContext: Created broadcast 0 from csv at NativeMethodAccessorImpl.java:0
[2024-09-22T21:37:20.128+0000] {ssh.py:524} INFO - 24/09/22 21:37:20 INFO FileSourceScanExec: Planning scan with bin packing, max size: 4194304 bytes, open cost is considered as scanning 4194304 bytes.
[2024-09-22T21:37:20.207+0000] {ssh.py:524} INFO - 24/09/22 21:37:20 INFO SparkContext: Starting job: csv at NativeMethodAccessorImpl.java:0
[2024-09-22T21:37:20.216+0000] {ssh.py:524} INFO - 24/09/22 21:37:20 INFO DAGScheduler: Got job 0 (csv at NativeMethodAccessorImpl.java:0) with 1 output partitions
[2024-09-22T21:37:20.217+0000] {ssh.py:524} INFO - 24/09/22 21:37:20 INFO DAGScheduler: Final stage: ResultStage 0 (csv at NativeMethodAccessorImpl.java:0)
[2024-09-22T21:37:20.217+0000] {ssh.py:524} INFO - 24/09/22 21:37:20 INFO DAGScheduler: Parents of final stage: List()
[2024-09-22T21:37:20.218+0000] {ssh.py:524} INFO - 24/09/22 21:37:20 INFO DAGScheduler: Missing parents: List()
[2024-09-22T21:37:20.220+0000] {ssh.py:524} INFO - 24/09/22 21:37:20 INFO DAGScheduler: Submitting ResultStage 0 (MapPartitionsRDD[3] at csv at NativeMethodAccessorImpl.java:0), which has no missing parents
[2024-09-22T21:37:20.264+0000] {ssh.py:524} INFO - 24/09/22 21:37:20 INFO MemoryStore: Block broadcast_1 stored as values in memory (estimated size 11.8 KiB, free 9.4 GiB)
[2024-09-22T21:37:20.267+0000] {ssh.py:524} INFO - 24/09/22 21:37:20 INFO MemoryStore: Block broadcast_1_piece0 stored as bytes in memory (estimated size 5.9 KiB, free 9.4 GiB)
[2024-09-22T21:37:20.268+0000] {ssh.py:524} INFO - 24/09/22 21:37:20 INFO BlockManagerInfo: Added broadcast_1_piece0 in memory on spark-master:36395 (size: 5.9 KiB, free: 9.4 GiB)
[2024-09-22T21:37:20.268+0000] {ssh.py:524} INFO - 24/09/22 21:37:20 INFO SparkContext: Created broadcast 1 from broadcast at DAGScheduler.scala:1513
[2024-09-22T21:37:20.278+0000] {ssh.py:524} INFO - 24/09/22 21:37:20 INFO DAGScheduler: Submitting 1 missing tasks from ResultStage 0 (MapPartitionsRDD[3] at csv at NativeMethodAccessorImpl.java:0) (first 15 tasks are for partitions Vector(0))
[2024-09-22T21:37:20.279+0000] {ssh.py:524} INFO - 24/09/22 21:37:20 INFO TaskSchedulerImpl: Adding task set 0.0 with 1 tasks resource profile 0
[2024-09-22T21:37:20.306+0000] {ssh.py:524} INFO - 24/09/22 21:37:20 INFO TaskSetManager: Starting task 0.0 in stage 0.0 (TID 0) (spark-master, executor driver, partition 0, PROCESS_LOCAL, 4903 bytes) taskResourceAssignments Map()
[2024-09-22T21:37:20.315+0000] {ssh.py:524} INFO - 24/09/22 21:37:20 INFO Executor: Running task 0.0 in stage 0.0 (TID 0)
[2024-09-22T21:37:20.382+0000] {ssh.py:524} INFO - 24/09/22 21:37:20 INFO FileScanRDD: Reading File path: s3a://raw/GTFS/paradas/stops.txt, range: 0-2221690, partition values: [empty row]
[2024-09-22T21:37:20.394+0000] {ssh.py:524} INFO - 24/09/22 21:37:20 INFO CodeGenerator: Code generated in 8.393013 ms
[2024-09-22T21:37:20.440+0000] {ssh.py:524} INFO - 24/09/22 21:37:20 INFO Executor: Finished task 0.0 in stage 0.0 (TID 0). 1562 bytes result sent to driver
[2024-09-22T21:37:20.445+0000] {ssh.py:524} INFO - 24/09/22 21:37:20 INFO TaskSetManager: Finished task 0.0 in stage 0.0 (TID 0) in 145 ms on spark-master (executor driver) (1/1)
[2024-09-22T21:37:20.446+0000] {ssh.py:524} INFO - 24/09/22 21:37:20 INFO TaskSchedulerImpl: Removed TaskSet 0.0, whose tasks have all completed, from pool 
[2024-09-22T21:37:20.450+0000] {ssh.py:524} INFO - 24/09/22 21:37:20 INFO DAGScheduler: ResultStage 0 (csv at NativeMethodAccessorImpl.java:0) finished in 0.222 s
[2024-09-22T21:37:20.452+0000] {ssh.py:524} INFO - 24/09/22 21:37:20 INFO DAGScheduler: Job 0 is finished. Cancelling potential speculative or zombie tasks for this job
[2024-09-22T21:37:20.452+0000] {ssh.py:524} INFO - 24/09/22 21:37:20 INFO TaskSchedulerImpl: Killing all running tasks in stage 0: Stage finished
[2024-09-22T21:37:20.453+0000] {ssh.py:524} INFO - 24/09/22 21:37:20 INFO DAGScheduler: Job 0 finished: csv at NativeMethodAccessorImpl.java:0, took 0.246706 s
[2024-09-22T21:37:20.469+0000] {ssh.py:524} INFO - 24/09/22 21:37:20 INFO CodeGenerator: Code generated in 8.42211 ms
[2024-09-22T21:37:20.499+0000] {ssh.py:524} INFO - 24/09/22 21:37:20 INFO FileSourceStrategy: Pushed Filters: 
[2024-09-22T21:37:20.499+0000] {ssh.py:524} INFO - 24/09/22 21:37:20 INFO FileSourceStrategy: Post-Scan Filters: 
[2024-09-22T21:37:20.500+0000] {ssh.py:524} INFO - 24/09/22 21:37:20 INFO FileSourceStrategy: Output Data Schema: struct<value: string>
[2024-09-22T21:37:20.506+0000] {ssh.py:524} INFO - 24/09/22 21:37:20 INFO MemoryStore: Block broadcast_2 stored as values in memory (estimated size 215.3 KiB, free 9.4 GiB)
[2024-09-22T21:37:20.516+0000] {ssh.py:524} INFO - 24/09/22 21:37:20 INFO MemoryStore: Block broadcast_2_piece0 stored as bytes in memory (estimated size 35.9 KiB, free 9.4 GiB)
[2024-09-22T21:37:20.517+0000] {ssh.py:524} INFO - 24/09/22 21:37:20 INFO BlockManagerInfo: Added broadcast_2_piece0 in memory on spark-master:36395 (size: 35.9 KiB, free: 9.4 GiB)
[2024-09-22T21:37:20.518+0000] {ssh.py:524} INFO - 24/09/22 21:37:20 INFO SparkContext: Created broadcast 2 from csv at NativeMethodAccessorImpl.java:0
[2024-09-22T21:37:20.519+0000] {ssh.py:524} INFO - 24/09/22 21:37:20 INFO FileSourceScanExec: Planning scan with bin packing, max size: 4194304 bytes, open cost is considered as scanning 4194304 bytes.
[2024-09-22T21:37:20.598+0000] {ssh.py:524} INFO - 24/09/22 21:37:20 INFO FileSourceStrategy: Pushed Filters: IsNotNull(stop_desc)
[2024-09-22T21:37:20.599+0000] {ssh.py:524} INFO - 24/09/22 21:37:20 INFO FileSourceStrategy: Post-Scan Filters: isnotnull(stop_desc#19)
[2024-09-22T21:37:20.599+0000] {ssh.py:524} INFO - 24/09/22 21:37:20 INFO FileSourceStrategy: Output Data Schema: struct<stop_id: string, stop_desc: string>
[2024-09-22T21:37:20.618+0000] {ssh.py:524} INFO - 24/09/22 21:37:20 INFO CodeGenerator: Code generated in 7.068739 ms
[2024-09-22T21:37:20.623+0000] {ssh.py:524} INFO - 24/09/22 21:37:20 INFO MemoryStore: Block broadcast_3 stored as values in memory (estimated size 215.2 KiB, free 9.4 GiB)
[2024-09-22T21:37:20.631+0000] {ssh.py:524} INFO - 24/09/22 21:37:20 INFO MemoryStore: Block broadcast_3_piece0 stored as bytes in memory (estimated size 35.9 KiB, free 9.4 GiB)
[2024-09-22T21:37:20.632+0000] {ssh.py:524} INFO - 24/09/22 21:37:20 INFO BlockManagerInfo: Added broadcast_3_piece0 in memory on spark-master:36395 (size: 35.9 KiB, free: 9.4 GiB)
[2024-09-22T21:37:20.633+0000] {ssh.py:524} INFO - 24/09/22 21:37:20 INFO SparkContext: Created broadcast 3 from javaToPython at NativeMethodAccessorImpl.java:0
[2024-09-22T21:37:20.636+0000] {ssh.py:524} INFO - 24/09/22 21:37:20 INFO FileSourceScanExec: Planning scan with bin packing, max size: 4194304 bytes, open cost is considered as scanning 4194304 bytes.
[2024-09-22T21:37:20.834+0000] {ssh.py:524} INFO - 24/09/22 21:37:20 INFO ParquetFileFormat: Using default output committer for Parquet: org.apache.parquet.hadoop.ParquetOutputCommitter
[2024-09-22T21:37:20.845+0000] {ssh.py:524} INFO - 24/09/22 21:37:20 INFO FileOutputCommitter: File Output Committer Algorithm version is 1
[2024-09-22T21:37:20.846+0000] {ssh.py:524} INFO - 24/09/22 21:37:20 INFO FileOutputCommitter: FileOutputCommitter skip cleanup _temporary folders under output directory:false, ignore cleanup failures: false
[2024-09-22T21:37:20.847+0000] {ssh.py:524} INFO - 24/09/22 21:37:20 INFO SQLHadoopMapReduceCommitProtocol: Using user defined output committer class org.apache.parquet.hadoop.ParquetOutputCommitter
[2024-09-22T21:37:20.847+0000] {ssh.py:524} INFO - 24/09/22 21:37:20 INFO FileOutputCommitter: File Output Committer Algorithm version is 1
[2024-09-22T21:37:20.847+0000] {ssh.py:524} INFO - 24/09/22 21:37:20 INFO FileOutputCommitter: FileOutputCommitter skip cleanup _temporary folders under output directory:false, ignore cleanup failures: false
[2024-09-22T21:37:20.848+0000] {ssh.py:524} INFO - 24/09/22 21:37:20 INFO SQLHadoopMapReduceCommitProtocol: Using output committer class org.apache.parquet.hadoop.ParquetOutputCommitter
[2024-09-22T21:37:20.901+0000] {ssh.py:524} INFO - 24/09/22 21:37:20 INFO CodeGenerator: Code generated in 7.696742 ms
[2024-09-22T21:37:20.936+0000] {ssh.py:524} INFO - 24/09/22 21:37:20 INFO SparkContext: Starting job: save at NativeMethodAccessorImpl.java:0
[2024-09-22T21:37:20.938+0000] {ssh.py:524} INFO - 24/09/22 21:37:20 INFO DAGScheduler: Got job 1 (save at NativeMethodAccessorImpl.java:0) with 1 output partitions
[2024-09-22T21:37:20.938+0000] {ssh.py:524} INFO - 24/09/22 21:37:20 INFO DAGScheduler: Final stage: ResultStage 1 (save at NativeMethodAccessorImpl.java:0)
[2024-09-22T21:37:20.939+0000] {ssh.py:524} INFO - 24/09/22 21:37:20 INFO DAGScheduler: Parents of final stage: List()
[2024-09-22T21:37:20.939+0000] {ssh.py:524} INFO - 24/09/22 21:37:20 INFO DAGScheduler: Missing parents: List()
[2024-09-22T21:37:20.940+0000] {ssh.py:524} INFO - 24/09/22 21:37:20 INFO DAGScheduler: Submitting ResultStage 1 (MapPartitionsRDD[20] at save at NativeMethodAccessorImpl.java:0), which has no missing parents
[2024-09-22T21:37:20.966+0000] {ssh.py:524} INFO - 24/09/22 21:37:20 INFO MemoryStore: Block broadcast_4 stored as values in memory (estimated size 238.2 KiB, free 9.4 GiB)
[2024-09-22T21:37:20.969+0000] {ssh.py:524} INFO - 24/09/22 21:37:20 INFO MemoryStore: Block broadcast_4_piece0 stored as bytes in memory (estimated size 89.2 KiB, free 9.4 GiB)
[2024-09-22T21:37:20.970+0000] {ssh.py:524} INFO - 24/09/22 21:37:20 INFO BlockManagerInfo: Added broadcast_4_piece0 in memory on spark-master:36395 (size: 89.2 KiB, free: 9.4 GiB)
[2024-09-22T21:37:20.970+0000] {ssh.py:524} INFO - 24/09/22 21:37:20 INFO SparkContext: Created broadcast 4 from broadcast at DAGScheduler.scala:1513
[2024-09-22T21:37:20.971+0000] {ssh.py:524} INFO - 24/09/22 21:37:20 INFO DAGScheduler: Submitting 1 missing tasks from ResultStage 1 (MapPartitionsRDD[20] at save at NativeMethodAccessorImpl.java:0) (first 15 tasks are for partitions Vector(0))
[2024-09-22T21:37:20.971+0000] {ssh.py:524} INFO - 24/09/22 21:37:20 INFO TaskSchedulerImpl: Adding task set 1.0 with 1 tasks resource profile 0
[2024-09-22T21:37:20.973+0000] {ssh.py:524} INFO - 24/09/22 21:37:20 INFO TaskSetManager: Starting task 0.0 in stage 1.0 (TID 1) (spark-master, executor driver, partition 0, PROCESS_LOCAL, 4903 bytes) taskResourceAssignments Map()
[2024-09-22T21:37:20.973+0000] {ssh.py:524} INFO - 24/09/22 21:37:20 INFO Executor: Running task 0.0 in stage 1.0 (TID 1)
[2024-09-22T21:37:21.324+0000] {ssh.py:524} INFO - 24/09/22 21:37:21 INFO FileScanRDD: Reading File path: s3a://raw/GTFS/paradas/stops.txt, range: 0-2221690, partition values: [empty row]
[2024-09-22T21:37:21.325+0000] {ssh.py:524} INFO - 24/09/22 21:37:21 INFO FileOutputCommitter: File Output Committer Algorithm version is 1
[2024-09-22T21:37:21.326+0000] {ssh.py:524} INFO - 24/09/22 21:37:21 INFO FileOutputCommitter: FileOutputCommitter skip cleanup _temporary folders under output directory:false, ignore cleanup failures: false
[2024-09-22T21:37:21.326+0000] {ssh.py:524} INFO - 24/09/22 21:37:21 INFO SQLHadoopMapReduceCommitProtocol: Using user defined output committer class org.apache.parquet.hadoop.ParquetOutputCommitter
[2024-09-22T21:37:21.326+0000] {ssh.py:524} INFO - 24/09/22 21:37:21 INFO FileOutputCommitter: File Output Committer Algorithm version is 1
[2024-09-22T21:37:21.327+0000] {ssh.py:524} INFO - 24/09/22 21:37:21 INFO FileOutputCommitter: FileOutputCommitter skip cleanup _temporary folders under output directory:false, ignore cleanup failures: false
[2024-09-22T21:37:21.327+0000] {ssh.py:524} INFO - 24/09/22 21:37:21 INFO SQLHadoopMapReduceCommitProtocol: Using output committer class org.apache.parquet.hadoop.ParquetOutputCommitter
[2024-09-22T21:37:21.330+0000] {ssh.py:524} INFO - 24/09/22 21:37:21 INFO CodecConfig: Compression: SNAPPY
[2024-09-22T21:37:21.332+0000] {ssh.py:524} INFO - 24/09/22 21:37:21 INFO CodecConfig: Compression: SNAPPY
[2024-09-22T21:37:21.336+0000] {ssh.py:524} INFO - 24/09/22 21:37:21 INFO CodeGenerator: Code generated in 8.976885 ms
[2024-09-22T21:37:21.344+0000] {ssh.py:524} INFO - 24/09/22 21:37:21 INFO ParquetOutputFormat: Parquet block size to 134217728
[2024-09-22T21:37:21.344+0000] {ssh.py:524} INFO - 24/09/22 21:37:21 INFO ParquetOutputFormat: Validation is off
[2024-09-22T21:37:21.344+0000] {ssh.py:524} INFO - 24/09/22 21:37:21 INFO ParquetOutputFormat: Maximum row group padding size is 8388608 bytes
[2024-09-22T21:37:21.345+0000] {ssh.py:524} INFO - 24/09/22 21:37:21 INFO ParquetOutputFormat: Parquet properties are:
[2024-09-22T21:37:21.345+0000] {ssh.py:524} INFO - Parquet page size to 1048576
[2024-09-22T21:37:21.345+0000] {ssh.py:524} INFO - Parquet dictionary page size to 1048576
[2024-09-22T21:37:21.346+0000] {ssh.py:524} INFO - Dictionary is true
[2024-09-22T21:37:21.346+0000] {ssh.py:524} INFO - Writer version is: PARQUET_1_0
[2024-09-22T21:37:21.346+0000] {ssh.py:524} INFO - Page size checking is: estimated
[2024-09-22T21:37:21.347+0000] {ssh.py:524} INFO - Min row count for page size check is: 100
[2024-09-22T21:37:21.347+0000] {ssh.py:524} INFO - Max row count for page size check is: 10000
[2024-09-22T21:37:21.347+0000] {ssh.py:524} INFO - Truncate length for column indexes is: 64
[2024-09-22T21:37:21.347+0000] {ssh.py:524} INFO - Truncate length for statistics min/max  is: 2147483647
[2024-09-22T21:37:21.348+0000] {ssh.py:524} INFO - Bloom filter enabled: false
[2024-09-22T21:37:21.348+0000] {ssh.py:524} INFO - Max Bloom filter size for a column is 1048576
[2024-09-22T21:37:21.348+0000] {ssh.py:524} INFO - Bloom filter expected number of distinct values are: null
[2024-09-22T21:37:21.349+0000] {ssh.py:524} INFO - Page row count limit to 20000
[2024-09-22T21:37:21.349+0000] {ssh.py:524} INFO - Writing page checksums is: on
[2024-09-22T21:37:21.352+0000] {ssh.py:524} INFO - 24/09/22 21:37:21 INFO CodeGenerator: Code generated in 3.356446 ms
[2024-09-22T21:37:21.367+0000] {ssh.py:524} INFO - 24/09/22 21:37:21 INFO ParquetWriteSupport: Initialized Parquet WriteSupport with Catalyst schema:
[2024-09-22T21:37:21.368+0000] {ssh.py:524} INFO - {
[2024-09-22T21:37:21.368+0000] {ssh.py:524} INFO -   "type" : "struct",
[2024-09-22T21:37:21.369+0000] {ssh.py:524} INFO -   "fields" : [ {
[2024-09-22T21:37:21.369+0000] {ssh.py:524} INFO -     "name" : "data",
[2024-09-22T21:37:21.369+0000] {ssh.py:524} INFO -     "type" : "string",
[2024-09-22T21:37:21.370+0000] {ssh.py:524} INFO -     "nullable" : true,
[2024-09-22T21:37:21.370+0000] {ssh.py:524} INFO -     "metadata" : { }
[2024-09-22T21:37:21.370+0000] {ssh.py:524} INFO -   } ]
[2024-09-22T21:37:21.371+0000] {ssh.py:524} INFO - }
[2024-09-22T21:37:21.371+0000] {ssh.py:524} INFO - and corresponding Parquet message type:
[2024-09-22T21:37:21.371+0000] {ssh.py:524} INFO - message spark_schema {
[2024-09-22T21:37:21.371+0000] {ssh.py:524} INFO -   optional binary data (STRING);
[2024-09-22T21:37:21.372+0000] {ssh.py:524} INFO - }
[2024-09-22T21:37:21.372+0000] {ssh.py:524} INFO - 
[2024-09-22T21:37:21.372+0000] {ssh.py:524} INFO -        
[2024-09-22T21:37:21.415+0000] {ssh.py:524} INFO - 24/09/22 21:37:21 INFO CodecPool: Got brand-new compressor [.snappy]
[2024-09-22T21:37:21.533+0000] {ssh.py:524} INFO - 24/09/22 21:37:21 INFO BlockManagerInfo: Removed broadcast_2_piece0 on spark-master:36395 in memory (size: 35.9 KiB, free: 9.4 GiB)
[2024-09-22T21:37:21.539+0000] {ssh.py:524} INFO - 24/09/22 21:37:21 INFO BlockManagerInfo: Removed broadcast_1_piece0 on spark-master:36395 in memory (size: 5.9 KiB, free: 9.4 GiB)
[2024-09-22T21:37:21.543+0000] {ssh.py:524} INFO - 24/09/22 21:37:21 INFO BlockManagerInfo: Removed broadcast_0_piece0 on spark-master:36395 in memory (size: 35.9 KiB, free: 9.4 GiB)
[2024-09-22T22:03:05.105+0000] {ssh.py:524} INFO - 24/09/22 22:03:05 INFO PythonRunner: Times: total = 1544083, boot = 298, init = 258, finish = 1543527
[2024-09-22T22:03:05.382+0000] {ssh.py:524} INFO - 24/09/22 22:03:05 INFO FileOutputCommitter: Saved output of task 'attempt_202409222137204053579941517586973_0001_m_000000_1' to s3a://raw/olhovivo/paradas_unparsed/_temporary/0/task_202409222137204053579941517586973_0001_m_000000
[2024-09-22T22:03:05.383+0000] {ssh.py:524} INFO - 24/09/22 22:03:05 INFO SparkHadoopMapRedUtil: attempt_202409222137204053579941517586973_0001_m_000000_1: Committed. Elapsed time: 88 ms.
[2024-09-22T22:03:05.388+0000] {ssh.py:524} INFO - 24/09/22 22:03:05 INFO Executor: Finished task 0.0 in stage 1.0 (TID 1). 3211 bytes result sent to driver
[2024-09-22T22:03:05.390+0000] {ssh.py:524} INFO - 24/09/22 22:03:05 INFO TaskSetManager: Finished task 0.0 in stage 1.0 (TID 1) in 1544417 ms on spark-master (executor driver) (1/1)
[2024-09-22T22:03:05.390+0000] {ssh.py:524} INFO - 24/09/22 22:03:05 INFO TaskSchedulerImpl: Removed TaskSet 1.0, whose tasks have all completed, from pool 
[2024-09-22T22:03:05.391+0000] {ssh.py:524} INFO - 24/09/22 22:03:05 INFO PythonAccumulatorV2: Connected to AccumulatorServer at host: 127.0.0.1 port: 57391
[2024-09-22T22:03:05.392+0000] {ssh.py:524} INFO - 24/09/22 22:03:05 INFO DAGScheduler: ResultStage 1 (save at NativeMethodAccessorImpl.java:0) finished in 1544.452 s
[2024-09-22T22:03:05.393+0000] {ssh.py:524} INFO - 24/09/22 22:03:05 INFO DAGScheduler: Job 1 is finished. Cancelling potential speculative or zombie tasks for this job
[2024-09-22T22:03:05.393+0000] {ssh.py:524} INFO - 24/09/22 22:03:05 INFO TaskSchedulerImpl: Killing all running tasks in stage 1: Stage finished
[2024-09-22T22:03:05.394+0000] {ssh.py:524} INFO - 24/09/22 22:03:05 INFO DAGScheduler: Job 1 finished: save at NativeMethodAccessorImpl.java:0, took 1544.462219 s
[2024-09-22T22:03:05.395+0000] {ssh.py:524} INFO - 24/09/22 22:03:05 INFO FileFormatWriter: Start to commit write Job e6e92716-b3f7-4cb3-8f8e-496366563a19.
[2024-09-22T22:03:05.499+0000] {ssh.py:524} INFO - 24/09/22 22:03:05 INFO FileFormatWriter: Write Job e6e92716-b3f7-4cb3-8f8e-496366563a19 committed. Elapsed time: 102 ms.
[2024-09-22T22:03:05.501+0000] {ssh.py:524} INFO - 24/09/22 22:03:05 INFO FileFormatWriter: Finished processing stats for write job e6e92716-b3f7-4cb3-8f8e-496366563a19.
[2024-09-22T22:03:05.600+0000] {ssh.py:524} INFO - 24/09/22 22:03:05 INFO CodeGenerator: Code generated in 10.242523 ms
[2024-09-22T22:03:05.616+0000] {ssh.py:524} INFO - 24/09/22 22:03:05 INFO DAGScheduler: Registering RDD 22 (count at NativeMethodAccessorImpl.java:0) as input to shuffle 0
[2024-09-22T22:03:05.618+0000] {ssh.py:524} INFO - 24/09/22 22:03:05 INFO DAGScheduler: Got map stage job 2 (count at NativeMethodAccessorImpl.java:0) with 1 output partitions
[2024-09-22T22:03:05.619+0000] {ssh.py:524} INFO - 24/09/22 22:03:05 INFO DAGScheduler: Final stage: ShuffleMapStage 2 (count at NativeMethodAccessorImpl.java:0)
[2024-09-22T22:03:05.619+0000] {ssh.py:524} INFO - 24/09/22 22:03:05 INFO DAGScheduler: Parents of final stage: List()
[2024-09-22T22:03:05.620+0000] {ssh.py:524} INFO - 24/09/22 22:03:05 INFO DAGScheduler: Missing parents: List()
[2024-09-22T22:03:05.621+0000] {ssh.py:524} INFO - 24/09/22 22:03:05 INFO DAGScheduler: Submitting ShuffleMapStage 2 (MapPartitionsRDD[22] at count at NativeMethodAccessorImpl.java:0), which has no missing parents
[2024-09-22T22:03:05.630+0000] {ssh.py:524} INFO - 24/09/22 22:03:05 INFO MemoryStore: Block broadcast_5 stored as values in memory (estimated size 34.4 KiB, free 9.4 GiB)
[2024-09-22T22:03:05.632+0000] {ssh.py:524} INFO - 24/09/22 22:03:05 INFO MemoryStore: Block broadcast_5_piece0 stored as bytes in memory (estimated size 17.6 KiB, free 9.4 GiB)
[2024-09-22T22:03:05.633+0000] {ssh.py:524} INFO - 24/09/22 22:03:05 INFO BlockManagerInfo: Added broadcast_5_piece0 in memory on spark-master:36395 (size: 17.6 KiB, free: 9.4 GiB)
[2024-09-22T22:03:05.634+0000] {ssh.py:524} INFO - 24/09/22 22:03:05 INFO SparkContext: Created broadcast 5 from broadcast at DAGScheduler.scala:1513
[2024-09-22T22:03:05.635+0000] {ssh.py:524} INFO - 24/09/22 22:03:05 INFO DAGScheduler: Submitting 1 missing tasks from ShuffleMapStage 2 (MapPartitionsRDD[22] at count at NativeMethodAccessorImpl.java:0) (first 15 tasks are for partitions Vector(0))
[2024-09-22T22:03:05.635+0000] {ssh.py:524} INFO - 24/09/22 22:03:05 INFO TaskSchedulerImpl: Adding task set 2.0 with 1 tasks resource profile 0
[2024-09-22T22:03:05.637+0000] {ssh.py:524} INFO - 24/09/22 22:03:05 INFO TaskSetManager: Starting task 0.0 in stage 2.0 (TID 2) (spark-master, executor driver, partition 0, PROCESS_LOCAL, 4892 bytes) taskResourceAssignments Map()
[2024-09-22T22:03:05.637+0000] {ssh.py:524} INFO - 24/09/22 22:03:05 INFO Executor: Running task 0.0 in stage 2.0 (TID 2)
[2024-09-22T22:03:05.652+0000] {ssh.py:524} INFO - 24/09/22 22:03:05 INFO FileScanRDD: Reading File path: s3a://raw/GTFS/paradas/stops.txt, range: 0-2221690, partition values: [empty row]
[2024-09-22T22:07:16.886+0000] {ssh.py:524} INFO - 24/09/22 22:07:16 INFO BlockManagerInfo: Removed broadcast_4_piece0 on spark-master:36395 in memory (size: 89.2 KiB, free: 9.4 GiB)
[2024-09-22T22:28:35.337+0000] {ssh.py:524} INFO - 24/09/22 22:28:35 INFO PythonRunner: Times: total = 1529686, boot = -542, init = 595, finish = 1529633
[2024-09-22T22:28:35.352+0000] {ssh.py:524} INFO - 24/09/22 22:28:35 INFO Executor: Finished task 0.0 in stage 2.0 (TID 2). 2569 bytes result sent to driver
[2024-09-22T22:28:35.354+0000] {ssh.py:524} INFO - 24/09/22 22:28:35 INFO TaskSetManager: Finished task 0.0 in stage 2.0 (TID 2) in 1529718 ms on spark-master (executor driver) (1/1)
[2024-09-22T22:28:35.355+0000] {ssh.py:524} INFO - 24/09/22 22:28:35 INFO TaskSchedulerImpl: Removed TaskSet 2.0, whose tasks have all completed, from pool 
[2024-09-22T22:28:35.356+0000] {ssh.py:524} INFO - 24/09/22 22:28:35 INFO DAGScheduler: ShuffleMapStage 2 (count at NativeMethodAccessorImpl.java:0) finished in 1529.733 s
[2024-09-22T22:28:35.356+0000] {ssh.py:524} INFO - 24/09/22 22:28:35 INFO DAGScheduler: looking for newly runnable stages
[2024-09-22T22:28:35.356+0000] {ssh.py:524} INFO - 24/09/22 22:28:35 INFO DAGScheduler: running: Set()
[2024-09-22T22:28:35.357+0000] {ssh.py:524} INFO - 24/09/22 22:28:35 INFO DAGScheduler: waiting: Set()
[2024-09-22T22:28:35.357+0000] {ssh.py:524} INFO - 24/09/22 22:28:35 INFO DAGScheduler: failed: Set()
[2024-09-22T22:28:35.382+0000] {ssh.py:524} INFO - 24/09/22 22:28:35 INFO CodeGenerator: Code generated in 6.717446 ms
[2024-09-22T22:28:35.402+0000] {ssh.py:524} INFO - 24/09/22 22:28:35 INFO SparkContext: Starting job: count at NativeMethodAccessorImpl.java:0
[2024-09-22T22:28:35.404+0000] {ssh.py:524} INFO - 24/09/22 22:28:35 INFO DAGScheduler: Got job 3 (count at NativeMethodAccessorImpl.java:0) with 1 output partitions
[2024-09-22T22:28:35.405+0000] {ssh.py:524} INFO - 24/09/22 22:28:35 INFO DAGScheduler: Final stage: ResultStage 4 (count at NativeMethodAccessorImpl.java:0)
[2024-09-22T22:28:35.405+0000] {ssh.py:524} INFO - 24/09/22 22:28:35 INFO DAGScheduler: Parents of final stage: List(ShuffleMapStage 3)
[2024-09-22T22:28:35.406+0000] {ssh.py:524} INFO - 24/09/22 22:28:35 INFO DAGScheduler: Missing parents: List()
[2024-09-22T22:28:35.406+0000] {ssh.py:524} INFO - 24/09/22 22:28:35 INFO DAGScheduler: Submitting ResultStage 4 (MapPartitionsRDD[25] at count at NativeMethodAccessorImpl.java:0), which has no missing parents
[2024-09-22T22:28:35.411+0000] {ssh.py:524} INFO - 24/09/22 22:28:35 INFO MemoryStore: Block broadcast_6 stored as values in memory (estimated size 11.1 KiB, free 9.4 GiB)
[2024-09-22T22:28:35.414+0000] {ssh.py:524} INFO - 24/09/22 22:28:35 INFO MemoryStore: Block broadcast_6_piece0 stored as bytes in memory (estimated size 5.5 KiB, free 9.4 GiB)
[2024-09-22T22:28:35.415+0000] {ssh.py:524} INFO - 24/09/22 22:28:35 INFO BlockManagerInfo: Added broadcast_6_piece0 in memory on spark-master:36395 (size: 5.5 KiB, free: 9.4 GiB)
[2024-09-22T22:28:35.416+0000] {ssh.py:524} INFO - 24/09/22 22:28:35 INFO SparkContext: Created broadcast 6 from broadcast at DAGScheduler.scala:1513
[2024-09-22T22:28:35.416+0000] {ssh.py:524} INFO - 24/09/22 22:28:35 INFO DAGScheduler: Submitting 1 missing tasks from ResultStage 4 (MapPartitionsRDD[25] at count at NativeMethodAccessorImpl.java:0) (first 15 tasks are for partitions Vector(0))
[2024-09-22T22:28:35.417+0000] {ssh.py:524} INFO - 24/09/22 22:28:35 INFO TaskSchedulerImpl: Adding task set 4.0 with 1 tasks resource profile 0
[2024-09-22T22:28:35.421+0000] {ssh.py:524} INFO - 24/09/22 22:28:35 INFO TaskSetManager: Starting task 0.0 in stage 4.0 (TID 3) (spark-master, executor driver, partition 0, NODE_LOCAL, 4453 bytes) taskResourceAssignments Map()
[2024-09-22T22:28:35.421+0000] {ssh.py:524} INFO - 24/09/22 22:28:35 INFO Executor: Running task 0.0 in stage 4.0 (TID 3)
[2024-09-22T22:28:35.442+0000] {ssh.py:524} INFO - 24/09/22 22:28:35 INFO ShuffleBlockFetcherIterator: Getting 1 (60.0 B) non-empty blocks including 1 (60.0 B) local and 0 (0.0 B) host-local and 0 (0.0 B) push-merged-local and 0 (0.0 B) remote blocks
[2024-09-22T22:28:35.443+0000] {ssh.py:524} INFO - 24/09/22 22:28:35 INFO ShuffleBlockFetcherIterator: Started 0 remote fetches in 8 ms
[2024-09-22T22:28:35.453+0000] {ssh.py:524} INFO - 24/09/22 22:28:35 INFO Executor: Finished task 0.0 in stage 4.0 (TID 3). 2656 bytes result sent to driver
[2024-09-22T22:28:35.455+0000] {ssh.py:524} INFO - 24/09/22 22:28:35 INFO TaskSetManager: Finished task 0.0 in stage 4.0 (TID 3) in 35 ms on spark-master (executor driver) (1/1)
[2024-09-22T22:28:35.455+0000] {ssh.py:524} INFO - 24/09/22 22:28:35 INFO TaskSchedulerImpl: Removed TaskSet 4.0, whose tasks have all completed, from pool 
[2024-09-22T22:28:35.456+0000] {ssh.py:524} INFO - 24/09/22 22:28:35 INFO DAGScheduler: ResultStage 4 (count at NativeMethodAccessorImpl.java:0) finished in 0.046 s
[2024-09-22T22:28:35.456+0000] {ssh.py:524} INFO - 24/09/22 22:28:35 INFO DAGScheduler: Job 3 is finished. Cancelling potential speculative or zombie tasks for this job
[2024-09-22T22:28:35.457+0000] {ssh.py:524} INFO - 24/09/22 22:28:35 INFO TaskSchedulerImpl: Killing all running tasks in stage 4: Stage finished
[2024-09-22T22:28:35.457+0000] {ssh.py:524} INFO - 24/09/22 22:28:35 INFO DAGScheduler: Job 3 finished: count at NativeMethodAccessorImpl.java:0, took 0.053663 s
[2024-09-22T22:28:35.459+0000] {ssh.py:524} INFO - [DEBUG] previsao_df count is 20352
[2024-09-22T22:28:35.488+0000] {ssh.py:524} INFO - 24/09/22 22:28:35 INFO InMemoryFileIndex: It took 4 ms to list leaf files for 1 paths.
[2024-09-22T22:28:35.583+0000] {ssh.py:524} INFO - 24/09/22 22:28:35 INFO FileSourceStrategy: Pushed Filters: 
[2024-09-22T22:28:35.583+0000] {ssh.py:524} INFO - 24/09/22 22:28:35 INFO FileSourceStrategy: Post-Scan Filters: 
[2024-09-22T22:28:35.584+0000] {ssh.py:524} INFO - 24/09/22 22:28:35 INFO FileSourceStrategy: Output Data Schema: struct<data: string>
[2024-09-22T22:28:35.598+0000] {ssh.py:524} INFO - 24/09/22 22:28:35 WARN AbstractS3ACommitterFactory: Using standard FileOutputCommitter to commit work. This is slow and potentially unsafe.
[2024-09-22T22:28:35.599+0000] {ssh.py:524} INFO - 24/09/22 22:28:35 INFO FileOutputCommitter: File Output Committer Algorithm version is 1
[2024-09-22T22:28:35.599+0000] {ssh.py:524} INFO - 24/09/22 22:28:35 INFO FileOutputCommitter: FileOutputCommitter skip cleanup _temporary folders under output directory:false, ignore cleanup failures: false
[2024-09-22T22:28:35.600+0000] {ssh.py:524} INFO - 24/09/22 22:28:35 INFO AbstractS3ACommitterFactory: Using Committer FileOutputCommitter{PathOutputCommitter{context=TaskAttemptContextImpl{JobContextImpl{jobId=job_202409222228354674808874421670806_0000}; taskId=attempt_202409222228354674808874421670806_0000_m_000000_0, status=''}; org.apache.hadoop.mapreduce.lib.output.FileOutputCommitter@3f5f7435}; outputPath=s3a://raw/olhovivo/previsao/dt=2024-09-22, workPath=s3a://raw/olhovivo/previsao/dt=2024-09-22/_temporary/0/_temporary/attempt_202409222228354674808874421670806_0000_m_000000_0, algorithmVersion=1, skipCleanup=false, ignoreCleanupFailures=false} for s3a://raw/olhovivo/previsao/dt=2024-09-22
[2024-09-22T22:28:35.600+0000] {ssh.py:524} INFO - 24/09/22 22:28:35 INFO SQLHadoopMapReduceCommitProtocol: Using output committer class org.apache.hadoop.mapreduce.lib.output.FileOutputCommitter
[2024-09-22T22:28:35.650+0000] {ssh.py:524} INFO - 24/09/22 22:28:35 INFO CodeGenerator: Code generated in 19.565791 ms
[2024-09-22T22:28:35.661+0000] {ssh.py:524} INFO - 24/09/22 22:28:35 INFO CodeGenerator: Code generated in 7.804323 ms
[2024-09-22T22:28:35.664+0000] {ssh.py:524} INFO - 24/09/22 22:28:35 INFO MemoryStore: Block broadcast_7 stored as values in memory (estimated size 216.4 KiB, free 9.4 GiB)
[2024-09-22T22:28:35.670+0000] {ssh.py:524} INFO - 24/09/22 22:28:35 INFO MemoryStore: Block broadcast_7_piece0 stored as bytes in memory (estimated size 36.5 KiB, free 9.4 GiB)
[2024-09-22T22:28:35.671+0000] {ssh.py:524} INFO - 24/09/22 22:28:35 INFO BlockManagerInfo: Added broadcast_7_piece0 in memory on spark-master:36395 (size: 36.5 KiB, free: 9.4 GiB)
[2024-09-22T22:28:35.671+0000] {ssh.py:524} INFO - 24/09/22 22:28:35 INFO SparkContext: Created broadcast 7 from save at NativeMethodAccessorImpl.java:0
[2024-09-22T22:28:35.673+0000] {ssh.py:524} INFO - 24/09/22 22:28:35 INFO FileSourceScanExec: Planning scan with bin packing, max size: 4194304 bytes, open cost is considered as scanning 4194304 bytes.
[2024-09-22T22:28:35.690+0000] {ssh.py:524} INFO - 24/09/22 22:28:35 INFO SparkContext: Starting job: save at NativeMethodAccessorImpl.java:0
[2024-09-22T22:28:35.691+0000] {ssh.py:524} INFO - 24/09/22 22:28:35 INFO DAGScheduler: Got job 4 (save at NativeMethodAccessorImpl.java:0) with 2 output partitions
[2024-09-22T22:28:35.692+0000] {ssh.py:524} INFO - 24/09/22 22:28:35 INFO DAGScheduler: Final stage: ResultStage 5 (save at NativeMethodAccessorImpl.java:0)
[2024-09-22T22:28:35.692+0000] {ssh.py:524} INFO - 24/09/22 22:28:35 INFO DAGScheduler: Parents of final stage: List()
[2024-09-22T22:28:35.692+0000] {ssh.py:524} INFO - 24/09/22 22:28:35 INFO DAGScheduler: Missing parents: List()
[2024-09-22T22:28:35.692+0000] {ssh.py:524} INFO - 24/09/22 22:28:35 INFO DAGScheduler: Submitting ResultStage 5 (MapPartitionsRDD[30] at save at NativeMethodAccessorImpl.java:0), which has no missing parents
[2024-09-22T22:28:35.717+0000] {ssh.py:524} INFO - 24/09/22 22:28:35 INFO MemoryStore: Block broadcast_8 stored as values in memory (estimated size 241.3 KiB, free 9.4 GiB)
[2024-09-22T22:28:35.719+0000] {ssh.py:524} INFO - 24/09/22 22:28:35 INFO MemoryStore: Block broadcast_8_piece0 stored as bytes in memory (estimated size 87.6 KiB, free 9.4 GiB)
[2024-09-22T22:28:35.720+0000] {ssh.py:524} INFO - 24/09/22 22:28:35 INFO BlockManagerInfo: Added broadcast_8_piece0 in memory on spark-master:36395 (size: 87.6 KiB, free: 9.4 GiB)
[2024-09-22T22:28:35.721+0000] {ssh.py:524} INFO - 24/09/22 22:28:35 INFO SparkContext: Created broadcast 8 from broadcast at DAGScheduler.scala:1513
[2024-09-22T22:28:35.721+0000] {ssh.py:524} INFO - 24/09/22 22:28:35 INFO DAGScheduler: Submitting 2 missing tasks from ResultStage 5 (MapPartitionsRDD[30] at save at NativeMethodAccessorImpl.java:0) (first 15 tasks are for partitions Vector(0, 1))
[2024-09-22T22:28:35.721+0000] {ssh.py:524} INFO - 24/09/22 22:28:35 INFO TaskSchedulerImpl: Adding task set 5.0 with 2 tasks resource profile 0
[2024-09-22T22:28:35.722+0000] {ssh.py:524} INFO - 24/09/22 22:28:35 INFO TaskSetManager: Starting task 0.0 in stage 5.0 (TID 4) (spark-master, executor driver, partition 0, PROCESS_LOCAL, 4974 bytes) taskResourceAssignments Map()
[2024-09-22T22:28:35.723+0000] {ssh.py:524} INFO - 24/09/22 22:28:35 INFO TaskSetManager: Starting task 1.0 in stage 5.0 (TID 5) (spark-master, executor driver, partition 1, PROCESS_LOCAL, 4974 bytes) taskResourceAssignments Map()
[2024-09-22T22:28:35.723+0000] {ssh.py:524} INFO - 24/09/22 22:28:35 INFO Executor: Running task 0.0 in stage 5.0 (TID 4)
[2024-09-22T22:28:35.724+0000] {ssh.py:524} INFO - 24/09/22 22:28:35 INFO Executor: Running task 1.0 in stage 5.0 (TID 5)
[2024-09-22T22:28:35.767+0000] {ssh.py:524} INFO - 24/09/22 22:28:35 INFO CodeGenerator: Code generated in 15.342141 ms
[2024-09-22T22:28:35.770+0000] {ssh.py:524} INFO - 24/09/22 22:28:35 WARN AbstractS3ACommitterFactory: Using standard FileOutputCommitter to commit work. This is slow and potentially unsafe.
[2024-09-22T22:28:35.771+0000] {ssh.py:524} INFO - 24/09/22 22:28:35 WARN AbstractS3ACommitterFactory: Using standard FileOutputCommitter to commit work. This is slow and potentially unsafe.
[2024-09-22T22:28:35.772+0000] {ssh.py:524} INFO - 24/09/22 22:28:35 INFO FileOutputCommitter: File Output Committer Algorithm version is 1
[2024-09-22T22:28:35.773+0000] {ssh.py:524} INFO - 24/09/22 22:28:35 INFO FileOutputCommitter: FileOutputCommitter skip cleanup _temporary folders under output directory:false, ignore cleanup failures: false
[2024-09-22T22:28:35.773+0000] {ssh.py:524} INFO - 24/09/22 22:28:35 INFO FileOutputCommitter: File Output Committer Algorithm version is 1
[2024-09-22T22:28:35.773+0000] {ssh.py:524} INFO - 24/09/22 22:28:35 INFO FileOutputCommitter: FileOutputCommitter skip cleanup _temporary folders under output directory:false, ignore cleanup failures: false
[2024-09-22T22:28:35.774+0000] {ssh.py:524} INFO - 24/09/22 22:28:35 INFO AbstractS3ACommitterFactory: Using Committer FileOutputCommitter{PathOutputCommitter{context=TaskAttemptContextImpl{JobContextImpl{jobId=job_202409222228352322597483625631605_0005}; taskId=attempt_202409222228352322597483625631605_0005_m_000001_5, status=''}; org.apache.hadoop.mapreduce.lib.output.FileOutputCommitter@5779913f}; outputPath=s3a://raw/olhovivo/previsao/dt=2024-09-22, workPath=s3a://raw/olhovivo/previsao/dt=2024-09-22/_temporary/0/_temporary/attempt_202409222228352322597483625631605_0005_m_000001_5, algorithmVersion=1, skipCleanup=false, ignoreCleanupFailures=false} for s3a://raw/olhovivo/previsao/dt=2024-09-22
[2024-09-22T22:28:35.774+0000] {ssh.py:524} INFO - 24/09/22 22:28:35 INFO SQLHadoopMapReduceCommitProtocol: Using output committer class org.apache.hadoop.mapreduce.lib.output.FileOutputCommitter
[2024-09-22T22:28:35.774+0000] {ssh.py:524} INFO - 24/09/22 22:28:35 INFO FileScanRDD: Reading File path: s3a://raw/olhovivo/paradas_unparsed/part-00000-e74d0875-be2d-4aed-852e-06eab3e2dfcc-c000.snappy.parquet, range: 0-2266678, partition values: [empty row]
[2024-09-22T22:28:35.775+0000] {ssh.py:524} INFO - 24/09/22 22:28:35 INFO AbstractS3ACommitterFactory: Using Committer FileOutputCommitter{PathOutputCommitter{context=TaskAttemptContextImpl{JobContextImpl{jobId=job_202409222228354012109928248668878_0005}; taskId=attempt_202409222228354012109928248668878_0005_m_000000_4, status=''}; org.apache.hadoop.mapreduce.lib.output.FileOutputCommitter@372eab7d}; outputPath=s3a://raw/olhovivo/previsao/dt=2024-09-22, workPath=s3a://raw/olhovivo/previsao/dt=2024-09-22/_temporary/0/_temporary/attempt_202409222228354012109928248668878_0005_m_000000_4, algorithmVersion=1, skipCleanup=false, ignoreCleanupFailures=false} for s3a://raw/olhovivo/previsao/dt=2024-09-22
[2024-09-22T22:28:35.775+0000] {ssh.py:524} INFO - 24/09/22 22:28:35 INFO SQLHadoopMapReduceCommitProtocol: Using output committer class org.apache.hadoop.mapreduce.lib.output.FileOutputCommitter
[2024-09-22T22:28:35.783+0000] {ssh.py:524} INFO - 24/09/22 22:28:35 INFO FileScanRDD: Reading File path: s3a://raw/olhovivo/paradas_unparsed/part-00000-8c9e8628-0dcd-4d1b-9202-64152afd7adf-c000.snappy.parquet, range: 0-2316848, partition values: [empty row]
[2024-09-22T22:28:35.787+0000] {ssh.py:524} INFO - 24/09/22 22:28:35 INFO S3AInputStream: Switching to Random IO seek policy
[2024-09-22T22:28:35.790+0000] {ssh.py:524} INFO - 24/09/22 22:28:35 INFO S3AInputStream: Switching to Random IO seek policy
[2024-09-22T22:28:35.813+0000] {ssh.py:524} INFO - 24/09/22 22:28:35 INFO S3AInputStream: Switching to Random IO seek policy
[2024-09-22T22:28:35.813+0000] {ssh.py:524} INFO - 24/09/22 22:28:35 INFO S3AInputStream: Switching to Random IO seek policy
[2024-09-22T22:28:35.837+0000] {ssh.py:524} INFO - 24/09/22 22:28:35 INFO CodecPool: Got brand-new decompressor [.snappy]
[2024-09-22T22:28:35.837+0000] {ssh.py:524} INFO - 24/09/22 22:28:35 INFO CodecPool: Got brand-new decompressor [.snappy]
[2024-09-22T22:28:35.943+0000] {ssh.py:524} INFO - 24/09/22 22:28:35 INFO BlockManagerInfo: Removed broadcast_6_piece0 on spark-master:36395 in memory (size: 5.5 KiB, free: 9.4 GiB)
[2024-09-22T22:28:36.913+0000] {ssh.py:524} INFO - 24/09/22 22:28:36 INFO FileOutputCommitter: Saved output of task 'attempt_202409222228354012109928248668878_0005_m_000000_4' to s3a://raw/olhovivo/previsao/dt=2024-09-22/_temporary/0/task_202409222228354012109928248668878_0005_m_000000
[2024-09-22T22:28:36.914+0000] {ssh.py:524} INFO - 24/09/22 22:28:36 INFO SparkHadoopMapRedUtil: attempt_202409222228354012109928248668878_0005_m_000000_4: Committed. Elapsed time: 71 ms.
[2024-09-22T22:28:36.914+0000] {ssh.py:524} INFO - 24/09/22 22:28:36 INFO Executor: Finished task 0.0 in stage 5.0 (TID 4). 3063 bytes result sent to driver
[2024-09-22T22:28:36.915+0000] {ssh.py:524} INFO - 24/09/22 22:28:36 INFO TaskSetManager: Finished task 0.0 in stage 5.0 (TID 4) in 1192 ms on spark-master (executor driver) (1/2)
[2024-09-22T22:28:36.941+0000] {ssh.py:524} INFO - 24/09/22 22:28:36 INFO FileOutputCommitter: Saved output of task 'attempt_202409222228352322597483625631605_0005_m_000001_5' to s3a://raw/olhovivo/previsao/dt=2024-09-22/_temporary/0/task_202409222228352322597483625631605_0005_m_000001
[2024-09-22T22:28:36.942+0000] {ssh.py:524} INFO - 24/09/22 22:28:36 INFO SparkHadoopMapRedUtil: attempt_202409222228352322597483625631605_0005_m_000001_5: Committed. Elapsed time: 70 ms.
[2024-09-22T22:28:36.943+0000] {ssh.py:524} INFO - 24/09/22 22:28:36 INFO Executor: Finished task 1.0 in stage 5.0 (TID 5). 3063 bytes result sent to driver
[2024-09-22T22:28:36.944+0000] {ssh.py:524} INFO - 24/09/22 22:28:36 INFO TaskSetManager: Finished task 1.0 in stage 5.0 (TID 5) in 1221 ms on spark-master (executor driver) (2/2)
[2024-09-22T22:28:36.944+0000] {ssh.py:524} INFO - 24/09/22 22:28:36 INFO TaskSchedulerImpl: Removed TaskSet 5.0, whose tasks have all completed, from pool 
[2024-09-22T22:28:36.945+0000] {ssh.py:524} INFO - 24/09/22 22:28:36 INFO DAGScheduler: ResultStage 5 (save at NativeMethodAccessorImpl.java:0) finished in 1.251 s
[2024-09-22T22:28:36.945+0000] {ssh.py:524} INFO - 24/09/22 22:28:36 INFO DAGScheduler: Job 4 is finished. Cancelling potential speculative or zombie tasks for this job
[2024-09-22T22:28:36.945+0000] {ssh.py:524} INFO - 24/09/22 22:28:36 INFO TaskSchedulerImpl: Killing all running tasks in stage 5: Stage finished
[2024-09-22T22:28:36.946+0000] {ssh.py:524} INFO - 24/09/22 22:28:36 INFO DAGScheduler: Job 4 finished: save at NativeMethodAccessorImpl.java:0, took 1.254657 s
[2024-09-22T22:28:36.946+0000] {ssh.py:524} INFO - 24/09/22 22:28:36 INFO FileFormatWriter: Start to commit write Job a641fc93-d66e-4438-929f-71f62370bc4f.
[2024-09-22T22:28:37.120+0000] {ssh.py:524} INFO - 24/09/22 22:28:37 INFO FileFormatWriter: Write Job a641fc93-d66e-4438-929f-71f62370bc4f committed. Elapsed time: 174 ms.
[2024-09-22T22:28:37.121+0000] {ssh.py:524} INFO - 24/09/22 22:28:37 INFO FileFormatWriter: Finished processing stats for write job a641fc93-d66e-4438-929f-71f62370bc4f.
[2024-09-22T22:28:37.121+0000] {ssh.py:524} INFO - [DEBUG] Done.
[2024-09-22T22:28:37.150+0000] {ssh.py:524} INFO - 24/09/22 22:28:37 INFO SparkContext: Invoking stop() from shutdown hook
[2024-09-22T22:28:37.156+0000] {ssh.py:524} INFO - 24/09/22 22:28:37 INFO SparkUI: Stopped Spark web UI at http://spark-master:4041
[2024-09-22T22:28:37.163+0000] {ssh.py:524} INFO - 24/09/22 22:28:37 INFO MapOutputTrackerMasterEndpoint: MapOutputTrackerMasterEndpoint stopped!
[2024-09-22T22:28:37.173+0000] {ssh.py:524} INFO - 24/09/22 22:28:37 INFO MemoryStore: MemoryStore cleared
[2024-09-22T22:28:37.173+0000] {ssh.py:524} INFO - 24/09/22 22:28:37 INFO BlockManager: BlockManager stopped
[2024-09-22T22:28:37.174+0000] {ssh.py:524} INFO - 24/09/22 22:28:37 INFO BlockManagerMaster: BlockManagerMaster stopped
[2024-09-22T22:28:37.176+0000] {ssh.py:524} INFO - 24/09/22 22:28:37 INFO OutputCommitCoordinator$OutputCommitCoordinatorEndpoint: OutputCommitCoordinator stopped!
[2024-09-22T22:28:37.183+0000] {ssh.py:524} INFO - 24/09/22 22:28:37 INFO SparkContext: Successfully stopped SparkContext
[2024-09-22T22:28:37.183+0000] {ssh.py:524} INFO - 24/09/22 22:28:37 INFO ShutdownHookManager: Shutdown hook called
[2024-09-22T22:28:37.183+0000] {ssh.py:524} INFO - 24/09/22 22:28:37 INFO ShutdownHookManager: Deleting directory /tmp/spark-7d0b9fde-b35c-4485-817b-d15b00d90734
[2024-09-22T22:28:37.185+0000] {ssh.py:524} INFO - 24/09/22 22:28:37 INFO ShutdownHookManager: Deleting directory /tmp/spark-ec2e14e1-3e50-472a-bc99-580504ce826d
[2024-09-22T22:28:37.188+0000] {ssh.py:524} INFO - 24/09/22 22:28:37 INFO ShutdownHookManager: Deleting directory /tmp/spark-7d0b9fde-b35c-4485-817b-d15b00d90734/pyspark-52c6677d-9d86-4fb6-a7f4-465983003d1a
[2024-09-22T22:28:37.193+0000] {ssh.py:524} INFO - 24/09/22 22:28:37 INFO MetricsSystemImpl: Stopping s3a-file-system metrics system...
[2024-09-22T22:28:37.194+0000] {ssh.py:524} INFO - 24/09/22 22:28:37 INFO MetricsSystemImpl: s3a-file-system metrics system stopped.
[2024-09-22T22:28:37.194+0000] {ssh.py:524} INFO - 24/09/22 22:28:37 INFO MetricsSystemImpl: s3a-file-system metrics system shutdown complete.
[2024-09-22T22:28:37.352+0000] {taskinstance.py:1400} INFO - Marking task as SUCCESS. dag_id=raw_ingestion_6h, task_id=spark_raw_ingestion_previsao, execution_date=20240922T120000, start_date=20240922T213713, end_date=20240922T222837
[2024-09-22T22:28:37.403+0000] {local_task_job_runner.py:228} INFO - Task exited with return code 0
[2024-09-22T22:28:37.440+0000] {taskinstance.py:2778} INFO - 0 downstream tasks scheduled from follow-on schedule check
