[2024-09-23T02:00:01.430+0000] {taskinstance.py:1159} INFO - Dependencies all met for dep_context=non-requeueable deps ti=<TaskInstance: raw_ingestion_15min.spark_raw_ingestion_posicao scheduled__2024-09-23T01:45:00+00:00 [queued]>
[2024-09-23T02:00:01.439+0000] {taskinstance.py:1159} INFO - Dependencies all met for dep_context=requeueable deps ti=<TaskInstance: raw_ingestion_15min.spark_raw_ingestion_posicao scheduled__2024-09-23T01:45:00+00:00 [queued]>
[2024-09-23T02:00:01.439+0000] {taskinstance.py:1361} INFO - Starting attempt 1 of 0
[2024-09-23T02:00:01.452+0000] {taskinstance.py:1382} INFO - Executing <Task(SSHOperator): spark_raw_ingestion_posicao> on 2024-09-23 01:45:00+00:00
[2024-09-23T02:00:01.457+0000] {standard_task_runner.py:57} INFO - Started process 4266 to run task
[2024-09-23T02:00:01.460+0000] {standard_task_runner.py:84} INFO - Running: ['airflow', 'tasks', 'run', 'raw_ingestion_15min', 'spark_raw_ingestion_posicao', 'scheduled__2024-09-23T01:45:00+00:00', '--job-id', '465', '--raw', '--subdir', 'DAGS_FOLDER/raw_ingestion_15min.py', '--cfg-path', '/tmp/tmplwva56ji']
[2024-09-23T02:00:01.461+0000] {standard_task_runner.py:85} INFO - Job 465: Subtask spark_raw_ingestion_posicao
[2024-09-23T02:00:01.570+0000] {task_command.py:416} INFO - Running <TaskInstance: raw_ingestion_15min.spark_raw_ingestion_posicao scheduled__2024-09-23T01:45:00+00:00 [running]> on host airflow-worker
[2024-09-23T02:00:01.754+0000] {taskinstance.py:1662} INFO - Exporting env vars: AIRFLOW_CTX_DAG_OWNER='***' AIRFLOW_CTX_DAG_ID='raw_ingestion_15min' AIRFLOW_CTX_TASK_ID='spark_raw_ingestion_posicao' AIRFLOW_CTX_EXECUTION_DATE='2024-09-23T01:45:00+00:00' AIRFLOW_CTX_TRY_NUMBER='1' AIRFLOW_CTX_DAG_RUN_ID='scheduled__2024-09-23T01:45:00+00:00'
[2024-09-23T02:00:01.754+0000] {ssh.py:141} INFO - Creating ssh_client
[2024-09-23T02:00:01.755+0000] {ssh.py:114} INFO - ssh_hook is not provided or invalid. Trying ssh_conn_id to create SSHHook.
[2024-09-23T02:00:01.784+0000] {base.py:73} INFO - Using connection ID 'spark_ssh_default' for task execution.
[2024-09-23T02:00:01.785+0000] {ssh.py:300} WARNING - No Host Key Verification. This won't protect against Man-In-The-Middle attacks
[2024-09-23T02:00:01.792+0000] {transport.py:1893} INFO - Connected (version 2.0, client OpenSSH_8.9p1)
[2024-09-23T02:00:01.917+0000] {transport.py:1893} INFO - Authentication (password) successful!
[2024-09-23T02:00:01.918+0000] {ssh.py:478} INFO - Running command: export SPARK_HOME=/usr/local/spark; /opt/conda/bin/spark-submit --master local[*] --driver-cores 2 --executor-cores 2 --driver-memory 4G --executor-memory 4G /opt/shared/scripts/raw_ingestion.py 2024-09-23 posicao
[2024-09-23T02:00:04.230+0000] {ssh.py:524} INFO - [DEBUG] dt_now: 2024-09-23
[2024-09-23T02:00:04.230+0000] {ssh.py:524} INFO - [DEBUG] endpoint: posicao
[2024-09-23T02:00:04.299+0000] {ssh.py:524} INFO - 24/09/23 02:00:04 INFO SparkContext: Running Spark version 3.3.1
[2024-09-23T02:00:04.320+0000] {ssh.py:524} INFO - 24/09/23 02:00:04 WARN NativeCodeLoader: Unable to load native-hadoop library for your platform... using builtin-java classes where applicable
[2024-09-23T02:00:04.396+0000] {ssh.py:524} INFO - 24/09/23 02:00:04 INFO ResourceUtils: ==============================================================
[2024-09-23T02:00:04.396+0000] {ssh.py:524} INFO - 24/09/23 02:00:04 INFO ResourceUtils: No custom resources configured for spark.driver.
[2024-09-23T02:00:04.397+0000] {ssh.py:524} INFO - 24/09/23 02:00:04 INFO ResourceUtils: ==============================================================
[2024-09-23T02:00:04.397+0000] {ssh.py:524} INFO - 24/09/23 02:00:04 INFO SparkContext: Submitted application: raw_ingestion_posicao
[2024-09-23T02:00:04.420+0000] {ssh.py:524} INFO - 24/09/23 02:00:04 INFO ResourceProfile: Default ResourceProfile created, executor resources: Map(cores -> name: cores, amount: 1, script: , vendor: , memory -> name: memory, amount: 1024, script: , vendor: , offHeap -> name: offHeap, amount: 0, script: , vendor: ), task resources: Map(cpus -> name: cpus, amount: 1.0)
[2024-09-23T02:00:04.428+0000] {ssh.py:524} INFO - 24/09/23 02:00:04 INFO ResourceProfile: Limiting resource is cpu
[2024-09-23T02:00:04.429+0000] {ssh.py:524} INFO - 24/09/23 02:00:04 INFO ResourceProfileManager: Added ResourceProfile id: 0
[2024-09-23T02:00:04.467+0000] {ssh.py:524} INFO - 24/09/23 02:00:04 INFO SecurityManager: Changing view acls to: root
[2024-09-23T02:00:04.468+0000] {ssh.py:524} INFO - 24/09/23 02:00:04 INFO SecurityManager: Changing modify acls to: root
[2024-09-23T02:00:04.468+0000] {ssh.py:524} INFO - 24/09/23 02:00:04 INFO SecurityManager: Changing view acls groups to: 
[2024-09-23T02:00:04.468+0000] {ssh.py:524} INFO - 24/09/23 02:00:04 INFO SecurityManager: Changing modify acls groups to: 
[2024-09-23T02:00:04.469+0000] {ssh.py:524} INFO - 24/09/23 02:00:04 INFO SecurityManager: SecurityManager: authentication disabled; ui acls disabled; users  with view permissions: Set(root); groups with view permissions: Set(); users  with modify permissions: Set(root); groups with modify permissions: Set()
[2024-09-23T02:00:04.719+0000] {ssh.py:524} INFO - 24/09/23 02:00:04 INFO Utils: Successfully started service 'sparkDriver' on port 36445.
[2024-09-23T02:00:04.760+0000] {ssh.py:524} INFO - 24/09/23 02:00:04 INFO SparkEnv: Registering MapOutputTracker
[2024-09-23T02:00:04.808+0000] {ssh.py:524} INFO - 24/09/23 02:00:04 INFO SparkEnv: Registering BlockManagerMaster
[2024-09-23T02:00:04.823+0000] {ssh.py:524} INFO - 24/09/23 02:00:04 INFO BlockManagerMasterEndpoint: Using org.apache.spark.storage.DefaultTopologyMapper for getting topology information
[2024-09-23T02:00:04.824+0000] {ssh.py:524} INFO - 24/09/23 02:00:04 INFO BlockManagerMasterEndpoint: BlockManagerMasterEndpoint up
[2024-09-23T02:00:04.828+0000] {ssh.py:524} INFO - 24/09/23 02:00:04 INFO SparkEnv: Registering BlockManagerMasterHeartbeat
[2024-09-23T02:00:04.845+0000] {ssh.py:524} INFO - 24/09/23 02:00:04 INFO DiskBlockManager: Created local directory at /tmp/blockmgr-3b044045-c682-49cb-a3e7-df5a1d480698
[2024-09-23T02:00:04.860+0000] {ssh.py:524} INFO - 24/09/23 02:00:04 INFO MemoryStore: MemoryStore started with capacity 2.2 GiB
[2024-09-23T02:00:04.874+0000] {ssh.py:524} INFO - 24/09/23 02:00:04 INFO SparkEnv: Registering OutputCommitCoordinator
[2024-09-23T02:00:05.070+0000] {ssh.py:524} INFO - 24/09/23 02:00:05 WARN Utils: Service 'SparkUI' could not bind on port 4040. Attempting port 4041.
[2024-09-23T02:00:05.071+0000] {ssh.py:524} INFO - 24/09/23 02:00:05 WARN Utils: Service 'SparkUI' could not bind on port 4041. Attempting port 4042.
[2024-09-23T02:00:05.084+0000] {ssh.py:524} INFO - 24/09/23 02:00:05 INFO Utils: Successfully started service 'SparkUI' on port 4042.
[2024-09-23T02:00:05.190+0000] {ssh.py:524} INFO - 24/09/23 02:00:05 INFO Executor: Starting executor ID driver on host spark-master
[2024-09-23T02:00:05.195+0000] {ssh.py:524} INFO - 24/09/23 02:00:05 INFO Executor: Starting executor with user classpath (userClassPathFirst = false): ''
[2024-09-23T02:00:05.209+0000] {ssh.py:524} INFO - 24/09/23 02:00:05 INFO Utils: Successfully started service 'org.apache.spark.network.netty.NettyBlockTransferService' on port 43103.
[2024-09-23T02:00:05.209+0000] {ssh.py:524} INFO - 24/09/23 02:00:05 INFO NettyBlockTransferService: Server created on spark-master:43103
[2024-09-23T02:00:05.210+0000] {ssh.py:524} INFO - 24/09/23 02:00:05 INFO BlockManager: Using org.apache.spark.storage.RandomBlockReplicationPolicy for block replication policy
[2024-09-23T02:00:05.215+0000] {ssh.py:524} INFO - 24/09/23 02:00:05 INFO BlockManagerMaster: Registering BlockManager BlockManagerId(driver, spark-master, 43103, None)
[2024-09-23T02:00:05.218+0000] {ssh.py:524} INFO - 24/09/23 02:00:05 INFO BlockManagerMasterEndpoint: Registering block manager spark-master:43103 with 2.2 GiB RAM, BlockManagerId(driver, spark-master, 43103, None)
[2024-09-23T02:00:05.219+0000] {ssh.py:524} INFO - 24/09/23 02:00:05 INFO BlockManagerMaster: Registered BlockManager BlockManagerId(driver, spark-master, 43103, None)
[2024-09-23T02:00:05.220+0000] {ssh.py:524} INFO - 24/09/23 02:00:05 INFO BlockManager: Initialized BlockManager: BlockManagerId(driver, spark-master, 43103, None)
[2024-09-23T02:00:06.933+0000] {ssh.py:524} INFO - 24/09/23 02:00:06 INFO SharedState: Setting hive.metastore.warehouse.dir ('null') to the value of spark.sql.warehouse.dir.
[2024-09-23T02:00:06.940+0000] {ssh.py:524} INFO - 24/09/23 02:00:06 INFO SharedState: Warehouse path is 'file:/root/spark-warehouse'.
[2024-09-23T02:00:08.919+0000] {ssh.py:524} INFO - 24/09/23 02:00:08 WARN MetricsConfig: Cannot locate configuration: tried hadoop-metrics2-s3a-file-system.properties,hadoop-metrics2.properties
[2024-09-23T02:00:08.928+0000] {ssh.py:524} INFO - 24/09/23 02:00:08 INFO MetricsSystemImpl: Scheduled Metric snapshot period at 10 second(s).
[2024-09-23T02:00:08.929+0000] {ssh.py:524} INFO - 24/09/23 02:00:08 INFO MetricsSystemImpl: s3a-file-system metrics system started
[2024-09-23T02:00:10.051+0000] {ssh.py:524} INFO - 24/09/23 02:00:10 WARN AbstractS3ACommitterFactory: Using standard FileOutputCommitter to commit work. This is slow and potentially unsafe.
[2024-09-23T02:00:10.052+0000] {ssh.py:524} INFO - 24/09/23 02:00:10 INFO FileOutputCommitter: File Output Committer Algorithm version is 1
[2024-09-23T02:00:10.053+0000] {ssh.py:524} INFO - 24/09/23 02:00:10 INFO FileOutputCommitter: FileOutputCommitter skip cleanup _temporary folders under output directory:false, ignore cleanup failures: false
[2024-09-23T02:00:10.054+0000] {ssh.py:524} INFO - 24/09/23 02:00:10 INFO AbstractS3ACommitterFactory: Using Committer FileOutputCommitter{PathOutputCommitter{context=TaskAttemptContextImpl{JobContextImpl{jobId=job_202409230200105392639240498246626_0000}; taskId=attempt_202409230200105392639240498246626_0000_m_000000_0, status=''}; org.apache.hadoop.mapreduce.lib.output.FileOutputCommitter@214644e2}; outputPath=s3a://raw/olhovivo/posicao/dt=2024-09-23, workPath=s3a://raw/olhovivo/posicao/dt=2024-09-23/_temporary/0/_temporary/attempt_202409230200105392639240498246626_0000_m_000000_0, algorithmVersion=1, skipCleanup=false, ignoreCleanupFailures=false} for s3a://raw/olhovivo/posicao/dt=2024-09-23
[2024-09-23T02:00:10.054+0000] {ssh.py:524} INFO - 24/09/23 02:00:10 INFO SQLHadoopMapReduceCommitProtocol: Using output committer class org.apache.hadoop.mapreduce.lib.output.FileOutputCommitter
[2024-09-23T02:00:10.777+0000] {ssh.py:524} INFO - 24/09/23 02:00:10 INFO CodeGenerator: Code generated in 244.502183 ms
[2024-09-23T02:00:10.897+0000] {ssh.py:524} INFO - 24/09/23 02:00:10 INFO SparkContext: Starting job: save at NativeMethodAccessorImpl.java:0
[2024-09-23T02:00:10.911+0000] {ssh.py:524} INFO - 24/09/23 02:00:10 INFO DAGScheduler: Got job 0 (save at NativeMethodAccessorImpl.java:0) with 12 output partitions
[2024-09-23T02:00:10.912+0000] {ssh.py:524} INFO - 24/09/23 02:00:10 INFO DAGScheduler: Final stage: ResultStage 0 (save at NativeMethodAccessorImpl.java:0)
[2024-09-23T02:00:10.912+0000] {ssh.py:524} INFO - 24/09/23 02:00:10 INFO DAGScheduler: Parents of final stage: List()
[2024-09-23T02:00:10.914+0000] {ssh.py:524} INFO - 24/09/23 02:00:10 INFO DAGScheduler: Missing parents: List()
[2024-09-23T02:00:10.917+0000] {ssh.py:524} INFO - 24/09/23 02:00:10 INFO DAGScheduler: Submitting ResultStage 0 (MapPartitionsRDD[5] at save at NativeMethodAccessorImpl.java:0), which has no missing parents
[2024-09-23T02:00:11.028+0000] {ssh.py:524} INFO - 24/09/23 02:00:11 INFO MemoryStore: Block broadcast_0 stored as values in memory (estimated size 225.6 KiB, free 2.2 GiB)
[2024-09-23T02:00:11.054+0000] {ssh.py:524} INFO - 24/09/23 02:00:11 INFO MemoryStore: Block broadcast_0_piece0 stored as bytes in memory (estimated size 82.0 KiB, free 2.2 GiB)
[2024-09-23T02:00:11.057+0000] {ssh.py:524} INFO - 24/09/23 02:00:11 INFO BlockManagerInfo: Added broadcast_0_piece0 in memory on spark-master:43103 (size: 82.0 KiB, free: 2.2 GiB)
[2024-09-23T02:00:11.060+0000] {ssh.py:524} INFO - 24/09/23 02:00:11 INFO SparkContext: Created broadcast 0 from broadcast at DAGScheduler.scala:1513
[2024-09-23T02:00:11.073+0000] {ssh.py:524} INFO - 24/09/23 02:00:11 INFO DAGScheduler: Submitting 12 missing tasks from ResultStage 0 (MapPartitionsRDD[5] at save at NativeMethodAccessorImpl.java:0) (first 15 tasks are for partitions Vector(0, 1, 2, 3, 4, 5, 6, 7, 8, 9, 10, 11))
[2024-09-23T02:00:11.074+0000] {ssh.py:524} INFO - 24/09/23 02:00:11 INFO TaskSchedulerImpl: Adding task set 0.0 with 12 tasks resource profile 0
[2024-09-23T02:00:11.121+0000] {ssh.py:524} INFO - 24/09/23 02:00:11 INFO TaskSetManager: Starting task 0.0 in stage 0.0 (TID 0) (spark-master, executor driver, partition 0, PROCESS_LOCAL, 4433 bytes) taskResourceAssignments Map()
[2024-09-23T02:00:11.128+0000] {ssh.py:524} INFO - 24/09/23 02:00:11 INFO TaskSetManager: Starting task 1.0 in stage 0.0 (TID 1) (spark-master, executor driver, partition 1, PROCESS_LOCAL, 4433 bytes) taskResourceAssignments Map()
[2024-09-23T02:00:11.128+0000] {ssh.py:524} INFO - 24/09/23 02:00:11 INFO TaskSetManager: Starting task 2.0 in stage 0.0 (TID 2) (spark-master, executor driver, partition 2, PROCESS_LOCAL, 4433 bytes) taskResourceAssignments Map()
[2024-09-23T02:00:11.131+0000] {ssh.py:524} INFO - 24/09/23 02:00:11 INFO TaskSetManager: Starting task 3.0 in stage 0.0 (TID 3) (spark-master, executor driver, partition 3, PROCESS_LOCAL, 4433 bytes) taskResourceAssignments Map()
[2024-09-23T02:00:11.135+0000] {ssh.py:524} INFO - 24/09/23 02:00:11 INFO TaskSetManager: Starting task 4.0 in stage 0.0 (TID 4) (spark-master, executor driver, partition 4, PROCESS_LOCAL, 4433 bytes) taskResourceAssignments Map()
[2024-09-23T02:00:11.138+0000] {ssh.py:524} INFO - 24/09/23 02:00:11 INFO TaskSetManager: Starting task 5.0 in stage 0.0 (TID 5) (spark-master, executor driver, partition 5, PROCESS_LOCAL, 4433 bytes) taskResourceAssignments Map()
[2024-09-23T02:00:11.141+0000] {ssh.py:524} INFO - 24/09/23 02:00:11 INFO TaskSetManager: Starting task 6.0 in stage 0.0 (TID 6) (spark-master, executor driver, partition 6, PROCESS_LOCAL, 4433 bytes) taskResourceAssignments Map()
[2024-09-23T02:00:11.142+0000] {ssh.py:524} INFO - 24/09/23 02:00:11 INFO TaskSetManager: Starting task 7.0 in stage 0.0 (TID 7) (spark-master, executor driver, partition 7, PROCESS_LOCAL, 4433 bytes) taskResourceAssignments Map()
[2024-09-23T02:00:11.143+0000] {ssh.py:524} INFO - 24/09/23 02:00:11 INFO TaskSetManager: Starting task 8.0 in stage 0.0 (TID 8) (spark-master, executor driver, partition 8, PROCESS_LOCAL, 4433 bytes) taskResourceAssignments Map()
[2024-09-23T02:00:11.144+0000] {ssh.py:524} INFO - 24/09/23 02:00:11 INFO TaskSetManager: Starting task 9.0 in stage 0.0 (TID 9) (spark-master, executor driver, partition 9, PROCESS_LOCAL, 4433 bytes) taskResourceAssignments Map()
[2024-09-23T02:00:11.145+0000] {ssh.py:524} INFO - 24/09/23 02:00:11 INFO TaskSetManager: Starting task 10.0 in stage 0.0 (TID 10) (spark-master, executor driver, partition 10, PROCESS_LOCAL, 4433 bytes) taskResourceAssignments Map()
[2024-09-23T02:00:11.146+0000] {ssh.py:524} INFO - 24/09/23 02:00:11 INFO TaskSetManager: Starting task 11.0 in stage 0.0 (TID 11) (spark-master, executor driver, partition 11, PROCESS_LOCAL, 270641 bytes) taskResourceAssignments Map()
[2024-09-23T02:00:11.157+0000] {ssh.py:524} INFO - 24/09/23 02:00:11 INFO Executor: Running task 7.0 in stage 0.0 (TID 7)
[2024-09-23T02:00:11.157+0000] {ssh.py:524} INFO - 24/09/23 02:00:11 INFO Executor: Running task 3.0 in stage 0.0 (TID 3)
[2024-09-23T02:00:11.158+0000] {ssh.py:524} INFO - 24/09/23 02:00:11 INFO Executor: Running task 8.0 in stage 0.0 (TID 8)
[2024-09-23T02:00:11.158+0000] {ssh.py:524} INFO - 24/09/23 02:00:11 INFO Executor: Running task 2.0 in stage 0.0 (TID 2)
[2024-09-23T02:00:11.159+0000] {ssh.py:524} INFO - 24/09/23 02:00:11 INFO Executor: Running task 1.0 in stage 0.0 (TID 1)
[2024-09-23T02:00:11.162+0000] {ssh.py:524} INFO - 24/09/23 02:00:11 INFO Executor: Running task 10.0 in stage 0.0 (TID 10)
[2024-09-23T02:00:11.163+0000] {ssh.py:524} INFO - 24/09/23 02:00:11 INFO Executor: Running task 0.0 in stage 0.0 (TID 0)
[2024-09-23T02:00:11.163+0000] {ssh.py:524} INFO - 24/09/23 02:00:11 INFO Executor: Running task 5.0 in stage 0.0 (TID 5)
[2024-09-23T02:00:11.163+0000] {ssh.py:524} INFO - 24/09/23 02:00:11 INFO Executor: Running task 9.0 in stage 0.0 (TID 9)
[2024-09-23T02:00:11.164+0000] {ssh.py:524} INFO - 24/09/23 02:00:11 INFO Executor: Running task 6.0 in stage 0.0 (TID 6)
[2024-09-23T02:00:11.164+0000] {ssh.py:524} INFO - 24/09/23 02:00:11 INFO Executor: Running task 4.0 in stage 0.0 (TID 4)
[2024-09-23T02:00:11.168+0000] {ssh.py:524} INFO - 24/09/23 02:00:11 INFO Executor: Running task 11.0 in stage 0.0 (TID 11)
[2024-09-23T02:00:11.743+0000] {ssh.py:524} INFO - 24/09/23 02:00:11 WARN AbstractS3ACommitterFactory: Using standard FileOutputCommitter to commit work. This is slow and potentially unsafe.
[2024-09-23T02:00:11.744+0000] {ssh.py:524} INFO - 24/09/23 02:00:11 WARN AbstractS3ACommitterFactory: Using standard FileOutputCommitter to commit work. This is slow and potentially unsafe.
[2024-09-23T02:00:11.744+0000] {ssh.py:524} INFO - 24/09/23 02:00:11 WARN AbstractS3ACommitterFactory: Using standard FileOutputCommitter to commit work. This is slow and potentially unsafe.
[2024-09-23T02:00:11.745+0000] {ssh.py:524} INFO - 24/09/23 02:00:11 INFO FileOutputCommitter: File Output Committer Algorithm version is 1
[2024-09-23T02:00:11.746+0000] {ssh.py:524} INFO - 24/09/23 02:00:11 INFO FileOutputCommitter: File Output Committer Algorithm version is 1
[2024-09-23T02:00:11.747+0000] {ssh.py:524} INFO - 24/09/23 02:00:11 INFO FileOutputCommitter: File Output Committer Algorithm version is 1
[2024-09-23T02:00:11.748+0000] {ssh.py:524} INFO - 24/09/23 02:00:11 WARN AbstractS3ACommitterFactory: Using standard FileOutputCommitter to commit work. This is slow and potentially unsafe.
[2024-09-23T02:00:11.748+0000] {ssh.py:524} INFO - 24/09/23 02:00:11 INFO FileOutputCommitter: FileOutputCommitter skip cleanup _temporary folders under output directory:false, ignore cleanup failures: false
[2024-09-23T02:00:11.748+0000] {ssh.py:524} INFO - 24/09/23 02:00:11 INFO FileOutputCommitter: FileOutputCommitter skip cleanup _temporary folders under output directory:false, ignore cleanup failures: false
[2024-09-23T02:00:11.749+0000] {ssh.py:524} INFO - 24/09/23 02:00:11 INFO FileOutputCommitter: FileOutputCommitter skip cleanup _temporary folders under output directory:false, ignore cleanup failures: false
[2024-09-23T02:00:11.749+0000] {ssh.py:524} INFO - 24/09/23 02:00:11 INFO FileOutputCommitter: File Output Committer Algorithm version is 1
[2024-09-23T02:00:11.749+0000] {ssh.py:524} INFO - 24/09/23 02:00:11 INFO FileOutputCommitter: FileOutputCommitter skip cleanup _temporary folders under output directory:false, ignore cleanup failures: false
[2024-09-23T02:00:11.750+0000] {ssh.py:524} INFO - 24/09/23 02:00:11 WARN AbstractS3ACommitterFactory: Using standard FileOutputCommitter to commit work. This is slow and potentially unsafe.
[2024-09-23T02:00:11.750+0000] {ssh.py:524} INFO - 24/09/23 02:00:11 INFO FileOutputCommitter: File Output Committer Algorithm version is 1
[2024-09-23T02:00:11.751+0000] {ssh.py:524} INFO - 24/09/23 02:00:11 INFO FileOutputCommitter: FileOutputCommitter skip cleanup _temporary folders under output directory:false, ignore cleanup failures: false
[2024-09-23T02:00:11.751+0000] {ssh.py:524} INFO - 24/09/23 02:00:11 INFO AbstractS3ACommitterFactory: Using Committer FileOutputCommitter{PathOutputCommitter{context=TaskAttemptContextImpl{JobContextImpl{jobId=job_202409230200104034607948836599454_0000}; taskId=attempt_202409230200104034607948836599454_0000_m_000001_1, status=''}; org.apache.hadoop.mapreduce.lib.output.FileOutputCommitter@6e67f3fb}; outputPath=s3a://raw/olhovivo/posicao/dt=2024-09-23, workPath=s3a://raw/olhovivo/posicao/dt=2024-09-23/_temporary/0/_temporary/attempt_202409230200104034607948836599454_0000_m_000001_1, algorithmVersion=1, skipCleanup=false, ignoreCleanupFailures=false} for s3a://raw/olhovivo/posicao/dt=2024-09-23
[2024-09-23T02:00:11.751+0000] {ssh.py:524} INFO - 24/09/23 02:00:11 INFO AbstractS3ACommitterFactory: Using Committer FileOutputCommitter{PathOutputCommitter{context=TaskAttemptContextImpl{JobContextImpl{jobId=job_202409230200107613312225902083394_0000}; taskId=attempt_202409230200107613312225902083394_0000_m_000008_8, status=''}; org.apache.hadoop.mapreduce.lib.output.FileOutputCommitter@af9b484}; outputPath=s3a://raw/olhovivo/posicao/dt=2024-09-23, workPath=s3a://raw/olhovivo/posicao/dt=2024-09-23/_temporary/0/_temporary/attempt_202409230200107613312225902083394_0000_m_000008_8, algorithmVersion=1, skipCleanup=false, ignoreCleanupFailures=false} for s3a://raw/olhovivo/posicao/dt=2024-09-23
[2024-09-23T02:00:11.752+0000] {ssh.py:524} INFO - 24/09/23 02:00:11 INFO AbstractS3ACommitterFactory: Using Committer FileOutputCommitter{PathOutputCommitter{context=TaskAttemptContextImpl{JobContextImpl{jobId=job_202409230200101106747739654398858_0000}; taskId=attempt_202409230200101106747739654398858_0000_m_000010_10, status=''}; org.apache.hadoop.mapreduce.lib.output.FileOutputCommitter@fca952e}; outputPath=s3a://raw/olhovivo/posicao/dt=2024-09-23, workPath=s3a://raw/olhovivo/posicao/dt=2024-09-23/_temporary/0/_temporary/attempt_202409230200101106747739654398858_0000_m_000010_10, algorithmVersion=1, skipCleanup=false, ignoreCleanupFailures=false} for s3a://raw/olhovivo/posicao/dt=2024-09-23
[2024-09-23T02:00:11.752+0000] {ssh.py:524} INFO - 24/09/23 02:00:11 INFO AbstractS3ACommitterFactory: Using Committer FileOutputCommitter{PathOutputCommitter{context=TaskAttemptContextImpl{JobContextImpl{jobId=job_202409230200106507357398318401205_0000}; taskId=attempt_202409230200106507357398318401205_0000_m_000000_0, status=''}; org.apache.hadoop.mapreduce.lib.output.FileOutputCommitter@61b074fd}; outputPath=s3a://raw/olhovivo/posicao/dt=2024-09-23, workPath=s3a://raw/olhovivo/posicao/dt=2024-09-23/_temporary/0/_temporary/attempt_202409230200106507357398318401205_0000_m_000000_0, algorithmVersion=1, skipCleanup=false, ignoreCleanupFailures=false} for s3a://raw/olhovivo/posicao/dt=2024-09-23
[2024-09-23T02:00:11.753+0000] {ssh.py:524} INFO - 24/09/23 02:00:11 INFO SQLHadoopMapReduceCommitProtocol: Using output committer class org.apache.hadoop.mapreduce.lib.output.FileOutputCommitter
[2024-09-23T02:00:11.753+0000] {ssh.py:524} INFO - 24/09/23 02:00:11 INFO SQLHadoopMapReduceCommitProtocol: Using output committer class org.apache.hadoop.mapreduce.lib.output.FileOutputCommitter
[2024-09-23T02:00:11.753+0000] {ssh.py:524} INFO - 24/09/23 02:00:11 INFO SQLHadoopMapReduceCommitProtocol: Using output committer class org.apache.hadoop.mapreduce.lib.output.FileOutputCommitter
[2024-09-23T02:00:11.754+0000] {ssh.py:524} INFO - 24/09/23 02:00:11 INFO AbstractS3ACommitterFactory: Using Committer FileOutputCommitter{PathOutputCommitter{context=TaskAttemptContextImpl{JobContextImpl{jobId=job_202409230200105127822346262444584_0000}; taskId=attempt_202409230200105127822346262444584_0000_m_000005_5, status=''}; org.apache.hadoop.mapreduce.lib.output.FileOutputCommitter@4a31659a}; outputPath=s3a://raw/olhovivo/posicao/dt=2024-09-23, workPath=s3a://raw/olhovivo/posicao/dt=2024-09-23/_temporary/0/_temporary/attempt_202409230200105127822346262444584_0000_m_000005_5, algorithmVersion=1, skipCleanup=false, ignoreCleanupFailures=false} for s3a://raw/olhovivo/posicao/dt=2024-09-23
[2024-09-23T02:00:11.754+0000] {ssh.py:524} INFO - 24/09/23 02:00:11 INFO SQLHadoopMapReduceCommitProtocol: Using output committer class org.apache.hadoop.mapreduce.lib.output.FileOutputCommitter
[2024-09-23T02:00:11.754+0000] {ssh.py:524} INFO - 24/09/23 02:00:11 INFO SQLHadoopMapReduceCommitProtocol: Using output committer class org.apache.hadoop.mapreduce.lib.output.FileOutputCommitter
[2024-09-23T02:00:11.790+0000] {ssh.py:524} INFO - 24/09/23 02:00:11 WARN AbstractS3ACommitterFactory: Using standard FileOutputCommitter to commit work. This is slow and potentially unsafe.
[2024-09-23T02:00:11.791+0000] {ssh.py:524} INFO - 24/09/23 02:00:11 INFO FileOutputCommitter: File Output Committer Algorithm version is 1
[2024-09-23T02:00:11.791+0000] {ssh.py:524} INFO - 24/09/23 02:00:11 INFO FileOutputCommitter: FileOutputCommitter skip cleanup _temporary folders under output directory:false, ignore cleanup failures: false
[2024-09-23T02:00:11.792+0000] {ssh.py:524} INFO - 24/09/23 02:00:11 INFO AbstractS3ACommitterFactory: Using Committer FileOutputCommitter{PathOutputCommitter{context=TaskAttemptContextImpl{JobContextImpl{jobId=job_202409230200104236305286318850385_0000}; taskId=attempt_202409230200104236305286318850385_0000_m_000006_6, status=''}; org.apache.hadoop.mapreduce.lib.output.FileOutputCommitter@1477ee15}; outputPath=s3a://raw/olhovivo/posicao/dt=2024-09-23, workPath=s3a://raw/olhovivo/posicao/dt=2024-09-23/_temporary/0/_temporary/attempt_202409230200104236305286318850385_0000_m_000006_6, algorithmVersion=1, skipCleanup=false, ignoreCleanupFailures=false} for s3a://raw/olhovivo/posicao/dt=2024-09-23
[2024-09-23T02:00:11.792+0000] {ssh.py:524} INFO - 24/09/23 02:00:11 INFO SQLHadoopMapReduceCommitProtocol: Using output committer class org.apache.hadoop.mapreduce.lib.output.FileOutputCommitter
[2024-09-23T02:00:11.798+0000] {ssh.py:524} INFO - 24/09/23 02:00:11 WARN AbstractS3ACommitterFactory: Using standard FileOutputCommitter to commit work. This is slow and potentially unsafe.
[2024-09-23T02:00:11.799+0000] {ssh.py:524} INFO - 24/09/23 02:00:11 INFO FileOutputCommitter: File Output Committer Algorithm version is 1
[2024-09-23T02:00:11.799+0000] {ssh.py:524} INFO - 24/09/23 02:00:11 INFO FileOutputCommitter: FileOutputCommitter skip cleanup _temporary folders under output directory:false, ignore cleanup failures: false
[2024-09-23T02:00:11.800+0000] {ssh.py:524} INFO - 24/09/23 02:00:11 INFO AbstractS3ACommitterFactory: Using Committer FileOutputCommitter{PathOutputCommitter{context=TaskAttemptContextImpl{JobContextImpl{jobId=job_202409230200102845020323463304641_0000}; taskId=attempt_202409230200102845020323463304641_0000_m_000003_3, status=''}; org.apache.hadoop.mapreduce.lib.output.FileOutputCommitter@7cdcd624}; outputPath=s3a://raw/olhovivo/posicao/dt=2024-09-23, workPath=s3a://raw/olhovivo/posicao/dt=2024-09-23/_temporary/0/_temporary/attempt_202409230200102845020323463304641_0000_m_000003_3, algorithmVersion=1, skipCleanup=false, ignoreCleanupFailures=false} for s3a://raw/olhovivo/posicao/dt=2024-09-23
[2024-09-23T02:00:11.800+0000] {ssh.py:524} INFO - 24/09/23 02:00:11 INFO SQLHadoopMapReduceCommitProtocol: Using output committer class org.apache.hadoop.mapreduce.lib.output.FileOutputCommitter
[2024-09-23T02:00:11.814+0000] {ssh.py:524} INFO - 24/09/23 02:00:11 WARN AbstractS3ACommitterFactory: Using standard FileOutputCommitter to commit work. This is slow and potentially unsafe.
[2024-09-23T02:00:11.816+0000] {ssh.py:524} INFO - 24/09/23 02:00:11 INFO FileOutputCommitter: File Output Committer Algorithm version is 1
[2024-09-23T02:00:11.816+0000] {ssh.py:524} INFO - 24/09/23 02:00:11 INFO FileOutputCommitter: FileOutputCommitter skip cleanup _temporary folders under output directory:false, ignore cleanup failures: false
[2024-09-23T02:00:11.816+0000] {ssh.py:524} INFO - 24/09/23 02:00:11 INFO AbstractS3ACommitterFactory: Using Committer FileOutputCommitter{PathOutputCommitter{context=TaskAttemptContextImpl{JobContextImpl{jobId=job_2024092302001038558173512778402_0000}; taskId=attempt_2024092302001038558173512778402_0000_m_000004_4, status=''}; org.apache.hadoop.mapreduce.lib.output.FileOutputCommitter@3e9fb305}; outputPath=s3a://raw/olhovivo/posicao/dt=2024-09-23, workPath=s3a://raw/olhovivo/posicao/dt=2024-09-23/_temporary/0/_temporary/attempt_2024092302001038558173512778402_0000_m_000004_4, algorithmVersion=1, skipCleanup=false, ignoreCleanupFailures=false} for s3a://raw/olhovivo/posicao/dt=2024-09-23
[2024-09-23T02:00:11.817+0000] {ssh.py:524} INFO - 24/09/23 02:00:11 INFO SQLHadoopMapReduceCommitProtocol: Using output committer class org.apache.hadoop.mapreduce.lib.output.FileOutputCommitter
[2024-09-23T02:00:11.817+0000] {ssh.py:524} INFO - 24/09/23 02:00:11 INFO PythonRunner: Times: total = 480, boot = 397, init = 83, finish = 0
[2024-09-23T02:00:11.819+0000] {ssh.py:524} INFO - 24/09/23 02:00:11 WARN AbstractS3ACommitterFactory: Using standard FileOutputCommitter to commit work. This is slow and potentially unsafe.
[2024-09-23T02:00:11.820+0000] {ssh.py:524} INFO - 24/09/23 02:00:11 INFO FileOutputCommitter: File Output Committer Algorithm version is 1
[2024-09-23T02:00:11.820+0000] {ssh.py:524} INFO - 24/09/23 02:00:11 INFO FileOutputCommitter: FileOutputCommitter skip cleanup _temporary folders under output directory:false, ignore cleanup failures: false
[2024-09-23T02:00:11.821+0000] {ssh.py:524} INFO - 24/09/23 02:00:11 INFO AbstractS3ACommitterFactory: Using Committer FileOutputCommitter{PathOutputCommitter{context=TaskAttemptContextImpl{JobContextImpl{jobId=job_202409230200109058036579128626486_0000}; taskId=attempt_202409230200109058036579128626486_0000_m_000007_7, status=''}; org.apache.hadoop.mapreduce.lib.output.FileOutputCommitter@37b59082}; outputPath=s3a://raw/olhovivo/posicao/dt=2024-09-23, workPath=s3a://raw/olhovivo/posicao/dt=2024-09-23/_temporary/0/_temporary/attempt_202409230200109058036579128626486_0000_m_000007_7, algorithmVersion=1, skipCleanup=false, ignoreCleanupFailures=false} for s3a://raw/olhovivo/posicao/dt=2024-09-23
[2024-09-23T02:00:11.821+0000] {ssh.py:524} INFO - 24/09/23 02:00:11 INFO SQLHadoopMapReduceCommitProtocol: Using output committer class org.apache.hadoop.mapreduce.lib.output.FileOutputCommitter
[2024-09-23T02:00:11.824+0000] {ssh.py:524} INFO - 24/09/23 02:00:11 INFO PythonRunner: Times: total = 477, boot = 387, init = 90, finish = 0
[2024-09-23T02:00:11.828+0000] {ssh.py:524} INFO - 24/09/23 02:00:11 INFO PythonRunner: Times: total = 481, boot = 385, init = 96, finish = 0
[2024-09-23T02:00:11.833+0000] {ssh.py:524} INFO - 24/09/23 02:00:11 INFO SparkHadoopMapRedUtil: No need to commit output of task because needsTaskCommit=false: attempt_202409230200101106747739654398858_0000_m_000010_10
[2024-09-23T02:00:11.834+0000] {ssh.py:524} INFO - 24/09/23 02:00:11 INFO PythonRunner: Times: total = 490, boot = 393, init = 97, finish = 0
[2024-09-23T02:00:11.837+0000] {ssh.py:524} INFO - 24/09/23 02:00:11 INFO SparkHadoopMapRedUtil: No need to commit output of task because needsTaskCommit=false: attempt_202409230200107613312225902083394_0000_m_000008_8
[2024-09-23T02:00:11.844+0000] {ssh.py:524} INFO - 24/09/23 02:00:11 INFO SparkHadoopMapRedUtil: No need to commit output of task because needsTaskCommit=false: attempt_202409230200105127822346262444584_0000_m_000005_5
[2024-09-23T02:00:11.845+0000] {ssh.py:524} INFO - 24/09/23 02:00:11 INFO SparkHadoopMapRedUtil: No need to commit output of task because needsTaskCommit=false: attempt_202409230200104034607948836599454_0000_m_000001_1
[2024-09-23T02:00:11.853+0000] {ssh.py:524} INFO - 24/09/23 02:00:11 INFO PythonRunner: Times: total = 492, boot = 398, init = 93, finish = 1
[2024-09-23T02:00:11.855+0000] {ssh.py:524} INFO - 24/09/23 02:00:11 WARN AbstractS3ACommitterFactory: Using standard FileOutputCommitter to commit work. This is slow and potentially unsafe.
[2024-09-23T02:00:11.856+0000] {ssh.py:524} INFO - 24/09/23 02:00:11 INFO FileOutputCommitter: File Output Committer Algorithm version is 1
[2024-09-23T02:00:11.856+0000] {ssh.py:524} INFO - 24/09/23 02:00:11 INFO FileOutputCommitter: FileOutputCommitter skip cleanup _temporary folders under output directory:false, ignore cleanup failures: false
[2024-09-23T02:00:11.856+0000] {ssh.py:524} INFO - 24/09/23 02:00:11 INFO AbstractS3ACommitterFactory: Using Committer FileOutputCommitter{PathOutputCommitter{context=TaskAttemptContextImpl{JobContextImpl{jobId=job_202409230200101878558677142787468_0000}; taskId=attempt_202409230200101878558677142787468_0000_m_000009_9, status=''}; org.apache.hadoop.mapreduce.lib.output.FileOutputCommitter@549b075e}; outputPath=s3a://raw/olhovivo/posicao/dt=2024-09-23, workPath=s3a://raw/olhovivo/posicao/dt=2024-09-23/_temporary/0/_temporary/attempt_202409230200101878558677142787468_0000_m_000009_9, algorithmVersion=1, skipCleanup=false, ignoreCleanupFailures=false} for s3a://raw/olhovivo/posicao/dt=2024-09-23
[2024-09-23T02:00:11.856+0000] {ssh.py:524} INFO - 24/09/23 02:00:11 INFO SQLHadoopMapReduceCommitProtocol: Using output committer class org.apache.hadoop.mapreduce.lib.output.FileOutputCommitter
[2024-09-23T02:00:11.857+0000] {ssh.py:524} INFO - 24/09/23 02:00:11 INFO Executor: Finished task 5.0 in stage 0.0 (TID 5). 2871 bytes result sent to driver
[2024-09-23T02:00:11.858+0000] {ssh.py:524} INFO - 24/09/23 02:00:11 INFO Executor: Finished task 10.0 in stage 0.0 (TID 10). 2828 bytes result sent to driver
[2024-09-23T02:00:11.859+0000] {ssh.py:524} INFO - 24/09/23 02:00:11 WARN AbstractS3ACommitterFactory: Using standard FileOutputCommitter to commit work. This is slow and potentially unsafe.
[2024-09-23T02:00:11.859+0000] {ssh.py:524} INFO - 24/09/23 02:00:11 INFO FileOutputCommitter: File Output Committer Algorithm version is 1
[2024-09-23T02:00:11.859+0000] {ssh.py:524} INFO - 24/09/23 02:00:11 INFO FileOutputCommitter: FileOutputCommitter skip cleanup _temporary folders under output directory:false, ignore cleanup failures: false
[2024-09-23T02:00:11.860+0000] {ssh.py:524} INFO - 24/09/23 02:00:11 INFO AbstractS3ACommitterFactory: Using Committer FileOutputCommitter{PathOutputCommitter{context=TaskAttemptContextImpl{JobContextImpl{jobId=job_202409230200108431674386170349768_0000}; taskId=attempt_202409230200108431674386170349768_0000_m_000011_11, status=''}; org.apache.hadoop.mapreduce.lib.output.FileOutputCommitter@366eb866}; outputPath=s3a://raw/olhovivo/posicao/dt=2024-09-23, workPath=s3a://raw/olhovivo/posicao/dt=2024-09-23/_temporary/0/_temporary/attempt_202409230200108431674386170349768_0000_m_000011_11, algorithmVersion=1, skipCleanup=false, ignoreCleanupFailures=false} for s3a://raw/olhovivo/posicao/dt=2024-09-23
[2024-09-23T02:00:11.860+0000] {ssh.py:524} INFO - 24/09/23 02:00:11 INFO SQLHadoopMapReduceCommitProtocol: Using output committer class org.apache.hadoop.mapreduce.lib.output.FileOutputCommitter
[2024-09-23T02:00:11.863+0000] {ssh.py:524} INFO - 24/09/23 02:00:11 INFO Executor: Finished task 8.0 in stage 0.0 (TID 8). 2871 bytes result sent to driver
[2024-09-23T02:00:11.864+0000] {ssh.py:524} INFO - 24/09/23 02:00:11 INFO Executor: Finished task 1.0 in stage 0.0 (TID 1). 2828 bytes result sent to driver
[2024-09-23T02:00:11.869+0000] {ssh.py:524} INFO - 24/09/23 02:00:11 INFO PythonRunner: Times: total = 527, boot = 406, init = 120, finish = 1
[2024-09-23T02:00:11.870+0000] {ssh.py:524} INFO - 24/09/23 02:00:11 WARN AbstractS3ACommitterFactory: Using standard FileOutputCommitter to commit work. This is slow and potentially unsafe.
[2024-09-23T02:00:11.870+0000] {ssh.py:524} INFO - 24/09/23 02:00:11 INFO FileOutputCommitter: File Output Committer Algorithm version is 1
[2024-09-23T02:00:11.870+0000] {ssh.py:524} INFO - 24/09/23 02:00:11 INFO FileOutputCommitter: FileOutputCommitter skip cleanup _temporary folders under output directory:false, ignore cleanup failures: false
[2024-09-23T02:00:11.871+0000] {ssh.py:524} INFO - 24/09/23 02:00:11 INFO AbstractS3ACommitterFactory: Using Committer FileOutputCommitter{PathOutputCommitter{context=TaskAttemptContextImpl{JobContextImpl{jobId=job_202409230200105869701974360814881_0000}; taskId=attempt_202409230200105869701974360814881_0000_m_000002_2, status=''}; org.apache.hadoop.mapreduce.lib.output.FileOutputCommitter@64edf5ed}; outputPath=s3a://raw/olhovivo/posicao/dt=2024-09-23, workPath=s3a://raw/olhovivo/posicao/dt=2024-09-23/_temporary/0/_temporary/attempt_202409230200105869701974360814881_0000_m_000002_2, algorithmVersion=1, skipCleanup=false, ignoreCleanupFailures=false} for s3a://raw/olhovivo/posicao/dt=2024-09-23
[2024-09-23T02:00:11.871+0000] {ssh.py:524} INFO - 24/09/23 02:00:11 INFO SQLHadoopMapReduceCommitProtocol: Using output committer class org.apache.hadoop.mapreduce.lib.output.FileOutputCommitter
[2024-09-23T02:00:11.874+0000] {ssh.py:524} INFO - 24/09/23 02:00:11 INFO PythonRunner: Times: total = 541, boot = 418, init = 123, finish = 0
[2024-09-23T02:00:11.879+0000] {ssh.py:524} INFO - 24/09/23 02:00:11 INFO SparkHadoopMapRedUtil: No need to commit output of task because needsTaskCommit=false: attempt_202409230200104236305286318850385_0000_m_000006_6
[2024-09-23T02:00:11.883+0000] {ssh.py:524} INFO - 24/09/23 02:00:11 INFO Executor: Finished task 6.0 in stage 0.0 (TID 6). 2828 bytes result sent to driver
[2024-09-23T02:00:11.885+0000] {ssh.py:524} INFO - 24/09/23 02:00:11 INFO SparkHadoopMapRedUtil: No need to commit output of task because needsTaskCommit=false: attempt_2024092302001038558173512778402_0000_m_000004_4
[2024-09-23T02:00:11.887+0000] {ssh.py:524} INFO - 24/09/23 02:00:11 INFO TaskSetManager: Finished task 10.0 in stage 0.0 (TID 10) in 739 ms on spark-master (executor driver) (1/12)
[2024-09-23T02:00:11.888+0000] {ssh.py:524} INFO - 24/09/23 02:00:11 INFO Executor: Finished task 4.0 in stage 0.0 (TID 4). 2828 bytes result sent to driver
[2024-09-23T02:00:11.889+0000] {ssh.py:524} INFO - 24/09/23 02:00:11 INFO TaskSetManager: Finished task 8.0 in stage 0.0 (TID 8) in 746 ms on spark-master (executor driver) (2/12)
[2024-09-23T02:00:11.889+0000] {ssh.py:524} INFO - 24/09/23 02:00:11 INFO TaskSetManager: Finished task 5.0 in stage 0.0 (TID 5) in 755 ms on spark-master (executor driver) (3/12)
[2024-09-23T02:00:11.890+0000] {ssh.py:524} INFO - 24/09/23 02:00:11 INFO TaskSetManager: Finished task 1.0 in stage 0.0 (TID 1) in 763 ms on spark-master (executor driver) (4/12)
[2024-09-23T02:00:11.890+0000] {ssh.py:524} INFO - 24/09/23 02:00:11 INFO TaskSetManager: Finished task 6.0 in stage 0.0 (TID 6) in 751 ms on spark-master (executor driver) (5/12)
[2024-09-23T02:00:11.892+0000] {ssh.py:524} INFO - 24/09/23 02:00:11 INFO PythonAccumulatorV2: Connected to AccumulatorServer at host: 127.0.0.1 port: 33359
[2024-09-23T02:00:11.893+0000] {ssh.py:524} INFO - 24/09/23 02:00:11 INFO PythonRunner: Times: total = 559, boot = 457, init = 102, finish = 0
[2024-09-23T02:00:11.894+0000] {ssh.py:524} INFO - 24/09/23 02:00:11 INFO TaskSetManager: Finished task 4.0 in stage 0.0 (TID 4) in 763 ms on spark-master (executor driver) (6/12)
[2024-09-23T02:00:11.902+0000] {ssh.py:524} INFO - 24/09/23 02:00:11 INFO SparkHadoopMapRedUtil: No need to commit output of task because needsTaskCommit=false: attempt_202409230200109058036579128626486_0000_m_000007_7
[2024-09-23T02:00:11.904+0000] {ssh.py:524} INFO - 24/09/23 02:00:11 INFO Executor: Finished task 7.0 in stage 0.0 (TID 7). 2828 bytes result sent to driver
[2024-09-23T02:00:11.906+0000] {ssh.py:524} INFO - 24/09/23 02:00:11 INFO TaskSetManager: Finished task 7.0 in stage 0.0 (TID 7) in 764 ms on spark-master (executor driver) (7/12)
[2024-09-23T02:00:11.924+0000] {ssh.py:524} INFO - 24/09/23 02:00:11 INFO PythonRunner: Times: total = 588, boot = 440, init = 147, finish = 1
[2024-09-23T02:00:11.930+0000] {ssh.py:524} INFO - 24/09/23 02:00:11 INFO PythonRunner: Times: total = 597, boot = 446, init = 151, finish = 0
[2024-09-23T02:00:11.932+0000] {ssh.py:524} INFO - 24/09/23 02:00:11 INFO SparkHadoopMapRedUtil: No need to commit output of task because needsTaskCommit=false: attempt_202409230200102845020323463304641_0000_m_000003_3
[2024-09-23T02:00:11.935+0000] {ssh.py:524} INFO - 24/09/23 02:00:11 INFO Executor: Finished task 3.0 in stage 0.0 (TID 3). 2828 bytes result sent to driver
[2024-09-23T02:00:11.938+0000] {ssh.py:524} INFO - 24/09/23 02:00:11 INFO TaskSetManager: Finished task 3.0 in stage 0.0 (TID 3) in 809 ms on spark-master (executor driver) (8/12)
[2024-09-23T02:00:11.938+0000] {ssh.py:524} INFO - 24/09/23 02:00:11 INFO PythonRunner: Times: total = 602, boot = 418, init = 184, finish = 0
[2024-09-23T02:00:11.939+0000] {ssh.py:524} INFO - 24/09/23 02:00:11 INFO SparkHadoopMapRedUtil: No need to commit output of task because needsTaskCommit=false: attempt_202409230200101878558677142787468_0000_m_000009_9
[2024-09-23T02:00:11.941+0000] {ssh.py:524} INFO - 24/09/23 02:00:11 INFO Executor: Finished task 9.0 in stage 0.0 (TID 9). 2828 bytes result sent to driver
[2024-09-23T02:00:11.943+0000] {ssh.py:524} INFO - 24/09/23 02:00:11 INFO TaskSetManager: Finished task 9.0 in stage 0.0 (TID 9) in 799 ms on spark-master (executor driver) (9/12)
[2024-09-23T02:00:11.947+0000] {ssh.py:524} INFO - 24/09/23 02:00:11 INFO SparkHadoopMapRedUtil: No need to commit output of task because needsTaskCommit=false: attempt_202409230200105869701974360814881_0000_m_000002_2
[2024-09-23T02:00:11.949+0000] {ssh.py:524} INFO - 24/09/23 02:00:11 INFO Executor: Finished task 2.0 in stage 0.0 (TID 2). 2828 bytes result sent to driver
[2024-09-23T02:00:11.950+0000] {ssh.py:524} INFO - 24/09/23 02:00:11 INFO TaskSetManager: Finished task 2.0 in stage 0.0 (TID 2) in 822 ms on spark-master (executor driver) (10/12)
[2024-09-23T02:00:12.015+0000] {ssh.py:524} INFO - 24/09/23 02:00:12 INFO FileOutputCommitter: Saved output of task 'attempt_202409230200106507357398318401205_0000_m_000000_0' to s3a://raw/olhovivo/posicao/dt=2024-09-23/_temporary/0/task_202409230200106507357398318401205_0000_m_000000
[2024-09-23T02:00:12.016+0000] {ssh.py:524} INFO - 24/09/23 02:00:12 INFO SparkHadoopMapRedUtil: attempt_202409230200106507357398318401205_0000_m_000000_0: Committed. Elapsed time: 95 ms.
[2024-09-23T02:00:12.017+0000] {ssh.py:524} INFO - 24/09/23 02:00:12 INFO Executor: Finished task 0.0 in stage 0.0 (TID 0). 2828 bytes result sent to driver
[2024-09-23T02:00:12.018+0000] {ssh.py:524} INFO - 24/09/23 02:00:12 INFO TaskSetManager: Finished task 0.0 in stage 0.0 (TID 0) in 909 ms on spark-master (executor driver) (11/12)
[2024-09-23T02:00:12.044+0000] {ssh.py:524} INFO - 24/09/23 02:00:12 INFO PythonRunner: Times: total = 581, boot = 421, init = 155, finish = 5
[2024-09-23T02:00:12.153+0000] {ssh.py:524} INFO - 24/09/23 02:00:12 INFO FileOutputCommitter: Saved output of task 'attempt_202409230200108431674386170349768_0000_m_000011_11' to s3a://raw/olhovivo/posicao/dt=2024-09-23/_temporary/0/task_202409230200108431674386170349768_0000_m_000011
[2024-09-23T02:00:12.154+0000] {ssh.py:524} INFO - 24/09/23 02:00:12 INFO SparkHadoopMapRedUtil: attempt_202409230200108431674386170349768_0000_m_000011_11: Committed. Elapsed time: 67 ms.
[2024-09-23T02:00:12.154+0000] {ssh.py:524} INFO - 24/09/23 02:00:12 INFO Executor: Finished task 11.0 in stage 0.0 (TID 11). 2914 bytes result sent to driver
[2024-09-23T02:00:12.155+0000] {ssh.py:524} INFO - 24/09/23 02:00:12 INFO TaskSetManager: Finished task 11.0 in stage 0.0 (TID 11) in 1011 ms on spark-master (executor driver) (12/12)
[2024-09-23T02:00:12.156+0000] {ssh.py:524} INFO - 24/09/23 02:00:12 INFO TaskSchedulerImpl: Removed TaskSet 0.0, whose tasks have all completed, from pool 
[2024-09-23T02:00:12.157+0000] {ssh.py:524} INFO - 24/09/23 02:00:12 INFO DAGScheduler: ResultStage 0 (save at NativeMethodAccessorImpl.java:0) finished in 1.214 s
[2024-09-23T02:00:12.159+0000] {ssh.py:524} INFO - 24/09/23 02:00:12 INFO DAGScheduler: Job 0 is finished. Cancelling potential speculative or zombie tasks for this job
[2024-09-23T02:00:12.160+0000] {ssh.py:524} INFO - 24/09/23 02:00:12 INFO TaskSchedulerImpl: Killing all running tasks in stage 0: Stage finished
[2024-09-23T02:00:12.161+0000] {ssh.py:524} INFO - 24/09/23 02:00:12 INFO DAGScheduler: Job 0 finished: save at NativeMethodAccessorImpl.java:0, took 1.263995 s
[2024-09-23T02:00:12.162+0000] {ssh.py:524} INFO - 24/09/23 02:00:12 INFO FileFormatWriter: Start to commit write Job a050272d-5033-4c0c-a1d3-98abc16ef56d.
[2024-09-23T02:00:12.340+0000] {ssh.py:524} INFO - 24/09/23 02:00:12 INFO FileFormatWriter: Write Job a050272d-5033-4c0c-a1d3-98abc16ef56d committed. Elapsed time: 177 ms.
[2024-09-23T02:00:12.343+0000] {ssh.py:524} INFO - 24/09/23 02:00:12 INFO FileFormatWriter: Finished processing stats for write job a050272d-5033-4c0c-a1d3-98abc16ef56d.
[2024-09-23T02:00:12.345+0000] {ssh.py:524} INFO - [DEBUG] Done.
[2024-09-23T02:00:12.376+0000] {ssh.py:524} INFO - 24/09/23 02:00:12 INFO SparkContext: Invoking stop() from shutdown hook
[2024-09-23T02:00:12.383+0000] {ssh.py:524} INFO - 24/09/23 02:00:12 INFO SparkUI: Stopped Spark web UI at http://spark-master:4042
[2024-09-23T02:00:12.398+0000] {ssh.py:524} INFO - 24/09/23 02:00:12 INFO MapOutputTrackerMasterEndpoint: MapOutputTrackerMasterEndpoint stopped!
[2024-09-23T02:00:12.409+0000] {ssh.py:524} INFO - 24/09/23 02:00:12 INFO MemoryStore: MemoryStore cleared
[2024-09-23T02:00:12.410+0000] {ssh.py:524} INFO - 24/09/23 02:00:12 INFO BlockManager: BlockManager stopped
[2024-09-23T02:00:12.414+0000] {ssh.py:524} INFO - 24/09/23 02:00:12 INFO BlockManagerMaster: BlockManagerMaster stopped
[2024-09-23T02:00:12.415+0000] {ssh.py:524} INFO - 24/09/23 02:00:12 INFO OutputCommitCoordinator$OutputCommitCoordinatorEndpoint: OutputCommitCoordinator stopped!
[2024-09-23T02:00:12.422+0000] {ssh.py:524} INFO - 24/09/23 02:00:12 INFO SparkContext: Successfully stopped SparkContext
[2024-09-23T02:00:12.422+0000] {ssh.py:524} INFO - 24/09/23 02:00:12 INFO ShutdownHookManager: Shutdown hook called
[2024-09-23T02:00:12.423+0000] {ssh.py:524} INFO - 24/09/23 02:00:12 INFO ShutdownHookManager: Deleting directory /tmp/spark-52a8c8e6-14ba-4585-bc53-9fb9631fb39b
[2024-09-23T02:00:12.424+0000] {ssh.py:524} INFO - 24/09/23 02:00:12 INFO ShutdownHookManager: Deleting directory /tmp/spark-e1fac38b-3fe3-4b86-b9a4-1c2f1b6b0f24
[2024-09-23T02:00:12.427+0000] {ssh.py:524} INFO - 24/09/23 02:00:12 INFO ShutdownHookManager: Deleting directory /tmp/spark-e1fac38b-3fe3-4b86-b9a4-1c2f1b6b0f24/pyspark-e86771b1-f373-4b7b-848d-5da29e8cb84c
[2024-09-23T02:00:12.431+0000] {ssh.py:524} INFO - 24/09/23 02:00:12 INFO MetricsSystemImpl: Stopping s3a-file-system metrics system...
[2024-09-23T02:00:12.432+0000] {ssh.py:524} INFO - 24/09/23 02:00:12 INFO MetricsSystemImpl: s3a-file-system metrics system stopped.
[2024-09-23T02:00:12.432+0000] {ssh.py:524} INFO - 24/09/23 02:00:12 INFO MetricsSystemImpl: s3a-file-system metrics system shutdown complete.
[2024-09-23T02:00:12.568+0000] {taskinstance.py:1400} INFO - Marking task as SUCCESS. dag_id=raw_ingestion_15min, task_id=spark_raw_ingestion_posicao, execution_date=20240923T014500, start_date=20240923T020001, end_date=20240923T020012
[2024-09-23T02:00:12.597+0000] {local_task_job_runner.py:228} INFO - Task exited with return code 0
[2024-09-23T02:00:12.636+0000] {taskinstance.py:2778} INFO - 1 downstream tasks scheduled from follow-on schedule check
