[2024-09-23T23:15:01.881+0000] {taskinstance.py:1159} INFO - Dependencies all met for dep_context=non-requeueable deps ti=<TaskInstance: raw_ingestion_15min.spark_raw_ingestion_empresa scheduled__2024-09-23T23:00:00+00:00 [queued]>
[2024-09-23T23:15:01.890+0000] {taskinstance.py:1159} INFO - Dependencies all met for dep_context=requeueable deps ti=<TaskInstance: raw_ingestion_15min.spark_raw_ingestion_empresa scheduled__2024-09-23T23:00:00+00:00 [queued]>
[2024-09-23T23:15:01.891+0000] {taskinstance.py:1361} INFO - Starting attempt 1 of 1
[2024-09-23T23:15:01.909+0000] {taskinstance.py:1382} INFO - Executing <Task(SSHOperator): spark_raw_ingestion_empresa> on 2024-09-23 23:00:00+00:00
[2024-09-23T23:15:01.913+0000] {standard_task_runner.py:57} INFO - Started process 1180 to run task
[2024-09-23T23:15:01.917+0000] {standard_task_runner.py:84} INFO - Running: ['airflow', 'tasks', 'run', 'raw_ingestion_15min', 'spark_raw_ingestion_empresa', 'scheduled__2024-09-23T23:00:00+00:00', '--job-id', '526', '--raw', '--subdir', 'DAGS_FOLDER/raw_ingestion_15min.py', '--cfg-path', '/tmp/tmp31d9079j']
[2024-09-23T23:15:01.918+0000] {standard_task_runner.py:85} INFO - Job 526: Subtask spark_raw_ingestion_empresa
[2024-09-23T23:15:02.058+0000] {task_command.py:416} INFO - Running <TaskInstance: raw_ingestion_15min.spark_raw_ingestion_empresa scheduled__2024-09-23T23:00:00+00:00 [running]> on host airflow-worker
[2024-09-23T23:15:02.320+0000] {taskinstance.py:1662} INFO - Exporting env vars: AIRFLOW_CTX_DAG_OWNER='***' AIRFLOW_CTX_DAG_ID='raw_ingestion_15min' AIRFLOW_CTX_TASK_ID='spark_raw_ingestion_empresa' AIRFLOW_CTX_EXECUTION_DATE='2024-09-23T23:00:00+00:00' AIRFLOW_CTX_TRY_NUMBER='1' AIRFLOW_CTX_DAG_RUN_ID='scheduled__2024-09-23T23:00:00+00:00'
[2024-09-23T23:15:02.321+0000] {ssh.py:141} INFO - Creating ssh_client
[2024-09-23T23:15:02.322+0000] {ssh.py:114} INFO - ssh_hook is not provided or invalid. Trying ssh_conn_id to create SSHHook.
[2024-09-23T23:15:02.354+0000] {base.py:73} INFO - Using connection ID 'spark_ssh_default' for task execution.
[2024-09-23T23:15:02.354+0000] {ssh.py:300} WARNING - No Host Key Verification. This won't protect against Man-In-The-Middle attacks
[2024-09-23T23:15:02.362+0000] {transport.py:1893} INFO - Connected (version 2.0, client OpenSSH_8.9p1)
[2024-09-23T23:15:02.461+0000] {transport.py:1893} INFO - Authentication (password) successful!
[2024-09-23T23:15:02.462+0000] {ssh.py:478} INFO - Running command: export SPARK_HOME=/usr/local/spark; /opt/conda/bin/spark-submit --master local[*] --driver-cores 2 --executor-cores 2 --driver-memory 4G --executor-memory 4G /opt/shared/scripts/raw_ingestion.py 2024-09-23 empresa
[2024-09-23T23:15:04.930+0000] {ssh.py:524} INFO - [DEBUG] dt_now: 2024-09-23
[2024-09-23T23:15:04.930+0000] {ssh.py:524} INFO - [DEBUG] endpoint: empresa
[2024-09-23T23:15:05.008+0000] {ssh.py:524} INFO - 24/09/23 23:15:05 INFO SparkContext: Running Spark version 3.3.1
[2024-09-23T23:15:05.030+0000] {ssh.py:524} INFO - 24/09/23 23:15:05 WARN NativeCodeLoader: Unable to load native-hadoop library for your platform... using builtin-java classes where applicable
[2024-09-23T23:15:05.108+0000] {ssh.py:524} INFO - 24/09/23 23:15:05 INFO ResourceUtils: ==============================================================
[2024-09-23T23:15:05.109+0000] {ssh.py:524} INFO - 24/09/23 23:15:05 INFO ResourceUtils: No custom resources configured for spark.driver.
[2024-09-23T23:15:05.109+0000] {ssh.py:524} INFO - 24/09/23 23:15:05 INFO ResourceUtils: ==============================================================
[2024-09-23T23:15:05.110+0000] {ssh.py:524} INFO - 24/09/23 23:15:05 INFO SparkContext: Submitted application: raw_ingestion_empresa
[2024-09-23T23:15:05.130+0000] {ssh.py:524} INFO - 24/09/23 23:15:05 INFO ResourceProfile: Default ResourceProfile created, executor resources: Map(cores -> name: cores, amount: 1, script: , vendor: , memory -> name: memory, amount: 1024, script: , vendor: , offHeap -> name: offHeap, amount: 0, script: , vendor: ), task resources: Map(cpus -> name: cpus, amount: 1.0)
[2024-09-23T23:15:05.138+0000] {ssh.py:524} INFO - 24/09/23 23:15:05 INFO ResourceProfile: Limiting resource is cpu
[2024-09-23T23:15:05.138+0000] {ssh.py:524} INFO - 24/09/23 23:15:05 INFO ResourceProfileManager: Added ResourceProfile id: 0
[2024-09-23T23:15:05.180+0000] {ssh.py:524} INFO - 24/09/23 23:15:05 INFO SecurityManager: Changing view acls to: root
[2024-09-23T23:15:05.181+0000] {ssh.py:524} INFO - 24/09/23 23:15:05 INFO SecurityManager: Changing modify acls to: root
[2024-09-23T23:15:05.182+0000] {ssh.py:524} INFO - 24/09/23 23:15:05 INFO SecurityManager: Changing view acls groups to: 
[2024-09-23T23:15:05.182+0000] {ssh.py:524} INFO - 24/09/23 23:15:05 INFO SecurityManager: Changing modify acls groups to: 
[2024-09-23T23:15:05.182+0000] {ssh.py:524} INFO - 24/09/23 23:15:05 INFO SecurityManager: SecurityManager: authentication disabled; ui acls disabled; users  with view permissions: Set(root); groups with view permissions: Set(); users  with modify permissions: Set(root); groups with modify permissions: Set()
[2024-09-23T23:15:05.498+0000] {ssh.py:524} INFO - 24/09/23 23:15:05 INFO Utils: Successfully started service 'sparkDriver' on port 39937.
[2024-09-23T23:15:05.529+0000] {ssh.py:524} INFO - 24/09/23 23:15:05 INFO SparkEnv: Registering MapOutputTracker
[2024-09-23T23:15:05.563+0000] {ssh.py:524} INFO - 24/09/23 23:15:05 INFO SparkEnv: Registering BlockManagerMaster
[2024-09-23T23:15:05.583+0000] {ssh.py:524} INFO - 24/09/23 23:15:05 INFO BlockManagerMasterEndpoint: Using org.apache.spark.storage.DefaultTopologyMapper for getting topology information
[2024-09-23T23:15:05.586+0000] {ssh.py:524} INFO - 24/09/23 23:15:05 INFO BlockManagerMasterEndpoint: BlockManagerMasterEndpoint up
[2024-09-23T23:15:05.588+0000] {ssh.py:524} INFO - 24/09/23 23:15:05 INFO SparkEnv: Registering BlockManagerMasterHeartbeat
[2024-09-23T23:15:05.610+0000] {ssh.py:524} INFO - 24/09/23 23:15:05 INFO DiskBlockManager: Created local directory at /tmp/blockmgr-cc350325-fca5-4af0-870c-82f4703abf69
[2024-09-23T23:15:05.631+0000] {ssh.py:524} INFO - 24/09/23 23:15:05 INFO MemoryStore: MemoryStore started with capacity 2.2 GiB
[2024-09-23T23:15:05.648+0000] {ssh.py:524} INFO - 24/09/23 23:15:05 INFO SparkEnv: Registering OutputCommitCoordinator
[2024-09-23T23:15:05.878+0000] {ssh.py:524} INFO - 24/09/23 23:15:05 WARN Utils: Service 'SparkUI' could not bind on port 4040. Attempting port 4041.
[2024-09-23T23:15:05.879+0000] {ssh.py:524} INFO - 24/09/23 23:15:05 WARN Utils: Service 'SparkUI' could not bind on port 4041. Attempting port 4042.
[2024-09-23T23:15:05.880+0000] {ssh.py:524} INFO - 24/09/23 23:15:05 WARN Utils: Service 'SparkUI' could not bind on port 4042. Attempting port 4043.
[2024-09-23T23:15:05.891+0000] {ssh.py:524} INFO - 24/09/23 23:15:05 INFO Utils: Successfully started service 'SparkUI' on port 4043.
[2024-09-23T23:15:06.008+0000] {ssh.py:524} INFO - 24/09/23 23:15:06 INFO Executor: Starting executor ID driver on host spark-master
[2024-09-23T23:15:06.014+0000] {ssh.py:524} INFO - 24/09/23 23:15:06 INFO Executor: Starting executor with user classpath (userClassPathFirst = false): ''
[2024-09-23T23:15:06.028+0000] {ssh.py:524} INFO - 24/09/23 23:15:06 INFO Utils: Successfully started service 'org.apache.spark.network.netty.NettyBlockTransferService' on port 44249.
[2024-09-23T23:15:06.029+0000] {ssh.py:524} INFO - 24/09/23 23:15:06 INFO NettyBlockTransferService: Server created on spark-master:44249
[2024-09-23T23:15:06.030+0000] {ssh.py:524} INFO - 24/09/23 23:15:06 INFO BlockManager: Using org.apache.spark.storage.RandomBlockReplicationPolicy for block replication policy
[2024-09-23T23:15:06.035+0000] {ssh.py:524} INFO - 24/09/23 23:15:06 INFO BlockManagerMaster: Registering BlockManager BlockManagerId(driver, spark-master, 44249, None)
[2024-09-23T23:15:06.038+0000] {ssh.py:524} INFO - 24/09/23 23:15:06 INFO BlockManagerMasterEndpoint: Registering block manager spark-master:44249 with 2.2 GiB RAM, BlockManagerId(driver, spark-master, 44249, None)
[2024-09-23T23:15:06.039+0000] {ssh.py:524} INFO - 24/09/23 23:15:06 INFO BlockManagerMaster: Registered BlockManager BlockManagerId(driver, spark-master, 44249, None)
[2024-09-23T23:15:06.041+0000] {ssh.py:524} INFO - 24/09/23 23:15:06 INFO BlockManager: Initialized BlockManager: BlockManagerId(driver, spark-master, 44249, None)
[2024-09-23T23:15:07.055+0000] {ssh.py:524} INFO - 24/09/23 23:15:07 INFO SharedState: Setting hive.metastore.warehouse.dir ('null') to the value of spark.sql.warehouse.dir.
[2024-09-23T23:15:07.062+0000] {ssh.py:524} INFO - 24/09/23 23:15:07 INFO SharedState: Warehouse path is 'file:/root/spark-warehouse'.
[2024-09-23T23:15:08.926+0000] {ssh.py:524} INFO - 24/09/23 23:15:08 WARN MetricsConfig: Cannot locate configuration: tried hadoop-metrics2-s3a-file-system.properties,hadoop-metrics2.properties
[2024-09-23T23:15:08.940+0000] {ssh.py:524} INFO - 24/09/23 23:15:08 INFO MetricsSystemImpl: Scheduled Metric snapshot period at 10 second(s).
[2024-09-23T23:15:08.941+0000] {ssh.py:524} INFO - 24/09/23 23:15:08 INFO MetricsSystemImpl: s3a-file-system metrics system started
[2024-09-23T23:15:09.973+0000] {ssh.py:524} INFO - 24/09/23 23:15:09 WARN AbstractS3ACommitterFactory: Using standard FileOutputCommitter to commit work. This is slow and potentially unsafe.
[2024-09-23T23:15:09.974+0000] {ssh.py:524} INFO - 24/09/23 23:15:09 INFO FileOutputCommitter: File Output Committer Algorithm version is 1
[2024-09-23T23:15:09.974+0000] {ssh.py:524} INFO - 24/09/23 23:15:09 INFO FileOutputCommitter: FileOutputCommitter skip cleanup _temporary folders under output directory:false, ignore cleanup failures: false
[2024-09-23T23:15:09.976+0000] {ssh.py:524} INFO - 24/09/23 23:15:09 INFO AbstractS3ACommitterFactory: Using Committer FileOutputCommitter{PathOutputCommitter{context=TaskAttemptContextImpl{JobContextImpl{jobId=job_202409232315096800700041285320741_0000}; taskId=attempt_202409232315096800700041285320741_0000_m_000000_0, status=''}; org.apache.hadoop.mapreduce.lib.output.FileOutputCommitter@1d9aa5}; outputPath=s3a://raw/olhovivo/empresa/dt=2024-09-23, workPath=s3a://raw/olhovivo/empresa/dt=2024-09-23/_temporary/0/_temporary/attempt_202409232315096800700041285320741_0000_m_000000_0, algorithmVersion=1, skipCleanup=false, ignoreCleanupFailures=false} for s3a://raw/olhovivo/empresa/dt=2024-09-23
[2024-09-23T23:15:09.976+0000] {ssh.py:524} INFO - 24/09/23 23:15:09 INFO SQLHadoopMapReduceCommitProtocol: Using output committer class org.apache.hadoop.mapreduce.lib.output.FileOutputCommitter
[2024-09-23T23:15:10.416+0000] {ssh.py:524} INFO - 24/09/23 23:15:10 INFO CodeGenerator: Code generated in 150.273968 ms
[2024-09-23T23:15:10.521+0000] {ssh.py:524} INFO - 24/09/23 23:15:10 INFO SparkContext: Starting job: save at NativeMethodAccessorImpl.java:0
[2024-09-23T23:15:10.530+0000] {ssh.py:524} INFO - 24/09/23 23:15:10 INFO DAGScheduler: Got job 0 (save at NativeMethodAccessorImpl.java:0) with 12 output partitions
[2024-09-23T23:15:10.531+0000] {ssh.py:524} INFO - 24/09/23 23:15:10 INFO DAGScheduler: Final stage: ResultStage 0 (save at NativeMethodAccessorImpl.java:0)
[2024-09-23T23:15:10.531+0000] {ssh.py:524} INFO - 24/09/23 23:15:10 INFO DAGScheduler: Parents of final stage: List()
[2024-09-23T23:15:10.532+0000] {ssh.py:524} INFO - 24/09/23 23:15:10 INFO DAGScheduler: Missing parents: List()
[2024-09-23T23:15:10.535+0000] {ssh.py:524} INFO - 24/09/23 23:15:10 INFO DAGScheduler: Submitting ResultStage 0 (MapPartitionsRDD[5] at save at NativeMethodAccessorImpl.java:0), which has no missing parents
[2024-09-23T23:15:10.666+0000] {ssh.py:524} INFO - 24/09/23 23:15:10 INFO MemoryStore: Block broadcast_0 stored as values in memory (estimated size 223.9 KiB, free 2.2 GiB)
[2024-09-23T23:15:10.702+0000] {ssh.py:524} INFO - 24/09/23 23:15:10 INFO MemoryStore: Block broadcast_0_piece0 stored as bytes in memory (estimated size 81.3 KiB, free 2.2 GiB)
[2024-09-23T23:15:10.708+0000] {ssh.py:524} INFO - 24/09/23 23:15:10 INFO BlockManagerInfo: Added broadcast_0_piece0 in memory on spark-master:44249 (size: 81.3 KiB, free: 2.2 GiB)
[2024-09-23T23:15:10.711+0000] {ssh.py:524} INFO - 24/09/23 23:15:10 INFO SparkContext: Created broadcast 0 from broadcast at DAGScheduler.scala:1513
[2024-09-23T23:15:10.737+0000] {ssh.py:524} INFO - 24/09/23 23:15:10 INFO DAGScheduler: Submitting 12 missing tasks from ResultStage 0 (MapPartitionsRDD[5] at save at NativeMethodAccessorImpl.java:0) (first 15 tasks are for partitions Vector(0, 1, 2, 3, 4, 5, 6, 7, 8, 9, 10, 11))
[2024-09-23T23:15:10.738+0000] {ssh.py:524} INFO - 24/09/23 23:15:10 INFO TaskSchedulerImpl: Adding task set 0.0 with 12 tasks resource profile 0
[2024-09-23T23:15:10.803+0000] {ssh.py:524} INFO - 24/09/23 23:15:10 INFO TaskSetManager: Starting task 0.0 in stage 0.0 (TID 0) (spark-master, executor driver, partition 0, PROCESS_LOCAL, 4433 bytes) taskResourceAssignments Map()
[2024-09-23T23:15:10.808+0000] {ssh.py:524} INFO - 24/09/23 23:15:10 INFO TaskSetManager: Starting task 1.0 in stage 0.0 (TID 1) (spark-master, executor driver, partition 1, PROCESS_LOCAL, 4433 bytes) taskResourceAssignments Map()
[2024-09-23T23:15:10.809+0000] {ssh.py:524} INFO - 24/09/23 23:15:10 INFO TaskSetManager: Starting task 2.0 in stage 0.0 (TID 2) (spark-master, executor driver, partition 2, PROCESS_LOCAL, 4433 bytes) taskResourceAssignments Map()
[2024-09-23T23:15:10.817+0000] {ssh.py:524} INFO - 24/09/23 23:15:10 INFO TaskSetManager: Starting task 3.0 in stage 0.0 (TID 3) (spark-master, executor driver, partition 3, PROCESS_LOCAL, 4433 bytes) taskResourceAssignments Map()
[2024-09-23T23:15:10.817+0000] {ssh.py:524} INFO - 24/09/23 23:15:10 INFO TaskSetManager: Starting task 4.0 in stage 0.0 (TID 4) (spark-master, executor driver, partition 4, PROCESS_LOCAL, 4433 bytes) taskResourceAssignments Map()
[2024-09-23T23:15:10.818+0000] {ssh.py:524} INFO - 24/09/23 23:15:10 INFO TaskSetManager: Starting task 5.0 in stage 0.0 (TID 5) (spark-master, executor driver, partition 5, PROCESS_LOCAL, 4433 bytes) taskResourceAssignments Map()
[2024-09-23T23:15:10.819+0000] {ssh.py:524} INFO - 24/09/23 23:15:10 INFO TaskSetManager: Starting task 6.0 in stage 0.0 (TID 6) (spark-master, executor driver, partition 6, PROCESS_LOCAL, 4433 bytes) taskResourceAssignments Map()
[2024-09-23T23:15:10.819+0000] {ssh.py:524} INFO - 24/09/23 23:15:10 INFO TaskSetManager: Starting task 7.0 in stage 0.0 (TID 7) (spark-master, executor driver, partition 7, PROCESS_LOCAL, 4433 bytes) taskResourceAssignments Map()
[2024-09-23T23:15:10.820+0000] {ssh.py:524} INFO - 24/09/23 23:15:10 INFO TaskSetManager: Starting task 8.0 in stage 0.0 (TID 8) (spark-master, executor driver, partition 8, PROCESS_LOCAL, 4433 bytes) taskResourceAssignments Map()
[2024-09-23T23:15:10.823+0000] {ssh.py:524} INFO - 24/09/23 23:15:10 INFO TaskSetManager: Starting task 9.0 in stage 0.0 (TID 9) (spark-master, executor driver, partition 9, PROCESS_LOCAL, 4433 bytes) taskResourceAssignments Map()
[2024-09-23T23:15:10.825+0000] {ssh.py:524} INFO - 24/09/23 23:15:10 INFO TaskSetManager: Starting task 10.0 in stage 0.0 (TID 10) (spark-master, executor driver, partition 10, PROCESS_LOCAL, 4433 bytes) taskResourceAssignments Map()
[2024-09-23T23:15:10.826+0000] {ssh.py:524} INFO - 24/09/23 23:15:10 INFO TaskSetManager: Starting task 11.0 in stage 0.0 (TID 11) (spark-master, executor driver, partition 11, PROCESS_LOCAL, 5155 bytes) taskResourceAssignments Map()
[2024-09-23T23:15:10.837+0000] {ssh.py:524} INFO - 24/09/23 23:15:10 INFO Executor: Running task 6.0 in stage 0.0 (TID 6)
[2024-09-23T23:15:10.837+0000] {ssh.py:524} INFO - 24/09/23 23:15:10 INFO Executor: Running task 9.0 in stage 0.0 (TID 9)
[2024-09-23T23:15:10.839+0000] {ssh.py:524} INFO - 24/09/23 23:15:10 INFO Executor: Running task 3.0 in stage 0.0 (TID 3)
[2024-09-23T23:15:10.840+0000] {ssh.py:524} INFO - 24/09/23 23:15:10 INFO Executor: Running task 8.0 in stage 0.0 (TID 8)
[2024-09-23T23:15:10.840+0000] {ssh.py:524} INFO - 24/09/23 23:15:10 INFO Executor: Running task 5.0 in stage 0.0 (TID 5)
[2024-09-23T23:15:10.841+0000] {ssh.py:524} INFO - 24/09/23 23:15:10 INFO Executor: Running task 2.0 in stage 0.0 (TID 2)
[2024-09-23T23:15:10.841+0000] {ssh.py:524} INFO - 24/09/23 23:15:10 INFO Executor: Running task 10.0 in stage 0.0 (TID 10)
[2024-09-23T23:15:10.841+0000] {ssh.py:524} INFO - 24/09/23 23:15:10 INFO Executor: Running task 1.0 in stage 0.0 (TID 1)
[2024-09-23T23:15:10.842+0000] {ssh.py:524} INFO - 24/09/23 23:15:10 INFO Executor: Running task 4.0 in stage 0.0 (TID 4)
[2024-09-23T23:15:10.842+0000] {ssh.py:524} INFO - 24/09/23 23:15:10 INFO Executor: Running task 0.0 in stage 0.0 (TID 0)
[2024-09-23T23:15:10.842+0000] {ssh.py:524} INFO - 24/09/23 23:15:10 INFO Executor: Running task 11.0 in stage 0.0 (TID 11)
[2024-09-23T23:15:10.843+0000] {ssh.py:524} INFO - 24/09/23 23:15:10 INFO Executor: Running task 7.0 in stage 0.0 (TID 7)
[2024-09-23T23:15:11.572+0000] {ssh.py:524} INFO - 24/09/23 23:15:11 WARN AbstractS3ACommitterFactory: Using standard FileOutputCommitter to commit work. This is slow and potentially unsafe.
[2024-09-23T23:15:11.573+0000] {ssh.py:524} INFO - 24/09/23 23:15:11 INFO FileOutputCommitter: File Output Committer Algorithm version is 1
[2024-09-23T23:15:11.573+0000] {ssh.py:524} INFO - 24/09/23 23:15:11 INFO FileOutputCommitter: FileOutputCommitter skip cleanup _temporary folders under output directory:false, ignore cleanup failures: false
[2024-09-23T23:15:11.574+0000] {ssh.py:524} INFO - 24/09/23 23:15:11 INFO AbstractS3ACommitterFactory: Using Committer FileOutputCommitter{PathOutputCommitter{context=TaskAttemptContextImpl{JobContextImpl{jobId=job_202409232315106885370448830453743_0000}; taskId=attempt_202409232315106885370448830453743_0000_m_000009_9, status=''}; org.apache.hadoop.mapreduce.lib.output.FileOutputCommitter@770ec78a}; outputPath=s3a://raw/olhovivo/empresa/dt=2024-09-23, workPath=s3a://raw/olhovivo/empresa/dt=2024-09-23/_temporary/0/_temporary/attempt_202409232315106885370448830453743_0000_m_000009_9, algorithmVersion=1, skipCleanup=false, ignoreCleanupFailures=false} for s3a://raw/olhovivo/empresa/dt=2024-09-23
[2024-09-23T23:15:11.574+0000] {ssh.py:524} INFO - 24/09/23 23:15:11 INFO SQLHadoopMapReduceCommitProtocol: Using output committer class org.apache.hadoop.mapreduce.lib.output.FileOutputCommitter
[2024-09-23T23:15:11.575+0000] {ssh.py:524} INFO - 24/09/23 23:15:11 WARN AbstractS3ACommitterFactory: Using standard FileOutputCommitter to commit work. This is slow and potentially unsafe.
[2024-09-23T23:15:11.576+0000] {ssh.py:524} INFO - 24/09/23 23:15:11 INFO FileOutputCommitter: File Output Committer Algorithm version is 1
[2024-09-23T23:15:11.576+0000] {ssh.py:524} INFO - 24/09/23 23:15:11 INFO FileOutputCommitter: FileOutputCommitter skip cleanup _temporary folders under output directory:false, ignore cleanup failures: false
[2024-09-23T23:15:11.577+0000] {ssh.py:524} INFO - 24/09/23 23:15:11 INFO AbstractS3ACommitterFactory: Using Committer FileOutputCommitter{PathOutputCommitter{context=TaskAttemptContextImpl{JobContextImpl{jobId=job_202409232315101715216805285733385_0000}; taskId=attempt_202409232315101715216805285733385_0000_m_000001_1, status=''}; org.apache.hadoop.mapreduce.lib.output.FileOutputCommitter@187bca71}; outputPath=s3a://raw/olhovivo/empresa/dt=2024-09-23, workPath=s3a://raw/olhovivo/empresa/dt=2024-09-23/_temporary/0/_temporary/attempt_202409232315101715216805285733385_0000_m_000001_1, algorithmVersion=1, skipCleanup=false, ignoreCleanupFailures=false} for s3a://raw/olhovivo/empresa/dt=2024-09-23
[2024-09-23T23:15:11.579+0000] {ssh.py:524} INFO - 24/09/23 23:15:11 INFO SQLHadoopMapReduceCommitProtocol: Using output committer class org.apache.hadoop.mapreduce.lib.output.FileOutputCommitter
[2024-09-23T23:15:11.594+0000] {ssh.py:524} INFO - 24/09/23 23:15:11 WARN AbstractS3ACommitterFactory: Using standard FileOutputCommitter to commit work. This is slow and potentially unsafe.
[2024-09-23T23:15:11.595+0000] {ssh.py:524} INFO - 24/09/23 23:15:11 INFO FileOutputCommitter: File Output Committer Algorithm version is 1
[2024-09-23T23:15:11.595+0000] {ssh.py:524} INFO - 24/09/23 23:15:11 INFO FileOutputCommitter: FileOutputCommitter skip cleanup _temporary folders under output directory:false, ignore cleanup failures: false
[2024-09-23T23:15:11.595+0000] {ssh.py:524} INFO - 24/09/23 23:15:11 INFO AbstractS3ACommitterFactory: Using Committer FileOutputCommitter{PathOutputCommitter{context=TaskAttemptContextImpl{JobContextImpl{jobId=job_202409232315103114211606861237569_0000}; taskId=attempt_202409232315103114211606861237569_0000_m_000004_4, status=''}; org.apache.hadoop.mapreduce.lib.output.FileOutputCommitter@6e1081a}; outputPath=s3a://raw/olhovivo/empresa/dt=2024-09-23, workPath=s3a://raw/olhovivo/empresa/dt=2024-09-23/_temporary/0/_temporary/attempt_202409232315103114211606861237569_0000_m_000004_4, algorithmVersion=1, skipCleanup=false, ignoreCleanupFailures=false} for s3a://raw/olhovivo/empresa/dt=2024-09-23
[2024-09-23T23:15:11.596+0000] {ssh.py:524} INFO - 24/09/23 23:15:11 INFO SQLHadoopMapReduceCommitProtocol: Using output committer class org.apache.hadoop.mapreduce.lib.output.FileOutputCommitter
[2024-09-23T23:15:11.600+0000] {ssh.py:524} INFO - 24/09/23 23:15:11 WARN AbstractS3ACommitterFactory: Using standard FileOutputCommitter to commit work. This is slow and potentially unsafe.
[2024-09-23T23:15:11.600+0000] {ssh.py:524} INFO - 24/09/23 23:15:11 INFO FileOutputCommitter: File Output Committer Algorithm version is 1
[2024-09-23T23:15:11.600+0000] {ssh.py:524} INFO - 24/09/23 23:15:11 INFO FileOutputCommitter: FileOutputCommitter skip cleanup _temporary folders under output directory:false, ignore cleanup failures: false
[2024-09-23T23:15:11.601+0000] {ssh.py:524} INFO - 24/09/23 23:15:11 INFO AbstractS3ACommitterFactory: Using Committer FileOutputCommitter{PathOutputCommitter{context=TaskAttemptContextImpl{JobContextImpl{jobId=job_202409232315108203885347638921881_0000}; taskId=attempt_202409232315108203885347638921881_0000_m_000006_6, status=''}; org.apache.hadoop.mapreduce.lib.output.FileOutputCommitter@68740377}; outputPath=s3a://raw/olhovivo/empresa/dt=2024-09-23, workPath=s3a://raw/olhovivo/empresa/dt=2024-09-23/_temporary/0/_temporary/attempt_202409232315108203885347638921881_0000_m_000006_6, algorithmVersion=1, skipCleanup=false, ignoreCleanupFailures=false} for s3a://raw/olhovivo/empresa/dt=2024-09-23
[2024-09-23T23:15:11.601+0000] {ssh.py:524} INFO - 24/09/23 23:15:11 INFO SQLHadoopMapReduceCommitProtocol: Using output committer class org.apache.hadoop.mapreduce.lib.output.FileOutputCommitter
[2024-09-23T23:15:11.602+0000] {ssh.py:524} INFO - 24/09/23 23:15:11 WARN AbstractS3ACommitterFactory: Using standard FileOutputCommitter to commit work. This is slow and potentially unsafe.
[2024-09-23T23:15:11.603+0000] {ssh.py:524} INFO - 24/09/23 23:15:11 INFO FileOutputCommitter: File Output Committer Algorithm version is 1
[2024-09-23T23:15:11.603+0000] {ssh.py:524} INFO - 24/09/23 23:15:11 INFO FileOutputCommitter: FileOutputCommitter skip cleanup _temporary folders under output directory:false, ignore cleanup failures: false
[2024-09-23T23:15:11.604+0000] {ssh.py:524} INFO - 24/09/23 23:15:11 INFO AbstractS3ACommitterFactory: Using Committer FileOutputCommitter{PathOutputCommitter{context=TaskAttemptContextImpl{JobContextImpl{jobId=job_202409232315104651118367684984875_0000}; taskId=attempt_202409232315104651118367684984875_0000_m_000007_7, status=''}; org.apache.hadoop.mapreduce.lib.output.FileOutputCommitter@5d073fba}; outputPath=s3a://raw/olhovivo/empresa/dt=2024-09-23, workPath=s3a://raw/olhovivo/empresa/dt=2024-09-23/_temporary/0/_temporary/attempt_202409232315104651118367684984875_0000_m_000007_7, algorithmVersion=1, skipCleanup=false, ignoreCleanupFailures=false} for s3a://raw/olhovivo/empresa/dt=2024-09-23
[2024-09-23T23:15:11.604+0000] {ssh.py:524} INFO - 24/09/23 23:15:11 INFO SQLHadoopMapReduceCommitProtocol: Using output committer class org.apache.hadoop.mapreduce.lib.output.FileOutputCommitter
[2024-09-23T23:15:11.648+0000] {ssh.py:524} INFO - 24/09/23 23:15:11 WARN AbstractS3ACommitterFactory: Using standard FileOutputCommitter to commit work. This is slow and potentially unsafe.
[2024-09-23T23:15:11.649+0000] {ssh.py:524} INFO - 24/09/23 23:15:11 INFO FileOutputCommitter: File Output Committer Algorithm version is 1
[2024-09-23T23:15:11.650+0000] {ssh.py:524} INFO - 24/09/23 23:15:11 INFO FileOutputCommitter: FileOutputCommitter skip cleanup _temporary folders under output directory:false, ignore cleanup failures: false
[2024-09-23T23:15:11.650+0000] {ssh.py:524} INFO - 24/09/23 23:15:11 INFO AbstractS3ACommitterFactory: Using Committer FileOutputCommitter{PathOutputCommitter{context=TaskAttemptContextImpl{JobContextImpl{jobId=job_20240923231510162394338061330854_0000}; taskId=attempt_20240923231510162394338061330854_0000_m_000002_2, status=''}; org.apache.hadoop.mapreduce.lib.output.FileOutputCommitter@494ff774}; outputPath=s3a://raw/olhovivo/empresa/dt=2024-09-23, workPath=s3a://raw/olhovivo/empresa/dt=2024-09-23/_temporary/0/_temporary/attempt_20240923231510162394338061330854_0000_m_000002_2, algorithmVersion=1, skipCleanup=false, ignoreCleanupFailures=false} for s3a://raw/olhovivo/empresa/dt=2024-09-23
[2024-09-23T23:15:11.650+0000] {ssh.py:524} INFO - 24/09/23 23:15:11 INFO SQLHadoopMapReduceCommitProtocol: Using output committer class org.apache.hadoop.mapreduce.lib.output.FileOutputCommitter
[2024-09-23T23:15:11.652+0000] {ssh.py:524} INFO - 24/09/23 23:15:11 INFO PythonRunner: Times: total = 574, boot = 485, init = 89, finish = 0
[2024-09-23T23:15:11.668+0000] {ssh.py:524} INFO - 24/09/23 23:15:11 WARN AbstractS3ACommitterFactory: Using standard FileOutputCommitter to commit work. This is slow and potentially unsafe.
[2024-09-23T23:15:11.669+0000] {ssh.py:524} INFO - 24/09/23 23:15:11 INFO FileOutputCommitter: File Output Committer Algorithm version is 1
[2024-09-23T23:15:11.669+0000] {ssh.py:524} INFO - 24/09/23 23:15:11 INFO FileOutputCommitter: FileOutputCommitter skip cleanup _temporary folders under output directory:false, ignore cleanup failures: false
[2024-09-23T23:15:11.669+0000] {ssh.py:524} INFO - 24/09/23 23:15:11 INFO AbstractS3ACommitterFactory: Using Committer FileOutputCommitter{PathOutputCommitter{context=TaskAttemptContextImpl{JobContextImpl{jobId=job_20240923231510994649392011344020_0000}; taskId=attempt_20240923231510994649392011344020_0000_m_000005_5, status=''}; org.apache.hadoop.mapreduce.lib.output.FileOutputCommitter@45d69413}; outputPath=s3a://raw/olhovivo/empresa/dt=2024-09-23, workPath=s3a://raw/olhovivo/empresa/dt=2024-09-23/_temporary/0/_temporary/attempt_20240923231510994649392011344020_0000_m_000005_5, algorithmVersion=1, skipCleanup=false, ignoreCleanupFailures=false} for s3a://raw/olhovivo/empresa/dt=2024-09-23
[2024-09-23T23:15:11.670+0000] {ssh.py:524} INFO - 24/09/23 23:15:11 INFO SQLHadoopMapReduceCommitProtocol: Using output committer class org.apache.hadoop.mapreduce.lib.output.FileOutputCommitter
[2024-09-23T23:15:11.684+0000] {ssh.py:524} INFO - 24/09/23 23:15:11 INFO PythonRunner: Times: total = 607, boot = 481, init = 126, finish = 0
[2024-09-23T23:15:11.691+0000] {ssh.py:524} INFO - 24/09/23 23:15:11 INFO PythonRunner: Times: total = 619, boot = 480, init = 139, finish = 0
[2024-09-23T23:15:11.705+0000] {ssh.py:524} INFO - 24/09/23 23:15:11 WARN AbstractS3ACommitterFactory: Using standard FileOutputCommitter to commit work. This is slow and potentially unsafe.
[2024-09-23T23:15:11.706+0000] {ssh.py:524} INFO - 24/09/23 23:15:11 INFO FileOutputCommitter: File Output Committer Algorithm version is 1
[2024-09-23T23:15:11.706+0000] {ssh.py:524} INFO - 24/09/23 23:15:11 INFO FileOutputCommitter: FileOutputCommitter skip cleanup _temporary folders under output directory:false, ignore cleanup failures: false
[2024-09-23T23:15:11.706+0000] {ssh.py:524} INFO - 24/09/23 23:15:11 INFO AbstractS3ACommitterFactory: Using Committer FileOutputCommitter{PathOutputCommitter{context=TaskAttemptContextImpl{JobContextImpl{jobId=job_202409232315105223071669073917592_0000}; taskId=attempt_202409232315105223071669073917592_0000_m_000010_10, status=''}; org.apache.hadoop.mapreduce.lib.output.FileOutputCommitter@70d9ef5c}; outputPath=s3a://raw/olhovivo/empresa/dt=2024-09-23, workPath=s3a://raw/olhovivo/empresa/dt=2024-09-23/_temporary/0/_temporary/attempt_202409232315105223071669073917592_0000_m_000010_10, algorithmVersion=1, skipCleanup=false, ignoreCleanupFailures=false} for s3a://raw/olhovivo/empresa/dt=2024-09-23
[2024-09-23T23:15:11.709+0000] {ssh.py:524} INFO - 24/09/23 23:15:11 INFO SQLHadoopMapReduceCommitProtocol: Using output committer class org.apache.hadoop.mapreduce.lib.output.FileOutputCommitter
[2024-09-23T23:15:11.715+0000] {ssh.py:524} INFO - 24/09/23 23:15:11 INFO PythonRunner: Times: total = 640, boot = 518, init = 122, finish = 0
[2024-09-23T23:15:11.718+0000] {ssh.py:524} INFO - 24/09/23 23:15:11 INFO SparkHadoopMapRedUtil: No need to commit output of task because needsTaskCommit=false: attempt_202409232315106885370448830453743_0000_m_000009_9
[2024-09-23T23:15:11.723+0000] {ssh.py:524} INFO - 24/09/23 23:15:11 INFO SparkHadoopMapRedUtil: No need to commit output of task because needsTaskCommit=false: attempt_202409232315101715216805285733385_0000_m_000001_1
[2024-09-23T23:15:11.727+0000] {ssh.py:524} INFO - 24/09/23 23:15:11 INFO SparkHadoopMapRedUtil: No need to commit output of task because needsTaskCommit=false: attempt_202409232315104651118367684984875_0000_m_000007_7
[2024-09-23T23:15:11.741+0000] {ssh.py:524} INFO - 24/09/23 23:15:11 INFO PythonRunner: Times: total = 659, boot = 494, init = 165, finish = 0
[2024-09-23T23:15:11.753+0000] {ssh.py:524} INFO - 24/09/23 23:15:11 INFO SparkHadoopMapRedUtil: No need to commit output of task because needsTaskCommit=false: attempt_202409232315103114211606861237569_0000_m_000004_4
[2024-09-23T23:15:11.770+0000] {ssh.py:524} INFO - 24/09/23 23:15:11 INFO SparkHadoopMapRedUtil: No need to commit output of task because needsTaskCommit=false: attempt_202409232315108203885347638921881_0000_m_000006_6
[2024-09-23T23:15:11.777+0000] {ssh.py:524} INFO - 24/09/23 23:15:11 INFO PythonRunner: Times: total = 702, boot = 556, init = 146, finish = 0
[2024-09-23T23:15:11.778+0000] {ssh.py:524} INFO - 24/09/23 23:15:11 INFO Executor: Finished task 4.0 in stage 0.0 (TID 4). 2871 bytes result sent to driver
[2024-09-23T23:15:11.778+0000] {ssh.py:524} INFO - 24/09/23 23:15:11 INFO Executor: Finished task 9.0 in stage 0.0 (TID 9). 2871 bytes result sent to driver
[2024-09-23T23:15:11.779+0000] {ssh.py:524} INFO - 24/09/23 23:15:11 INFO Executor: Finished task 1.0 in stage 0.0 (TID 1). 2828 bytes result sent to driver
[2024-09-23T23:15:11.779+0000] {ssh.py:524} INFO - 24/09/23 23:15:11 INFO Executor: Finished task 7.0 in stage 0.0 (TID 7). 2871 bytes result sent to driver
[2024-09-23T23:15:11.781+0000] {ssh.py:524} INFO - 24/09/23 23:15:11 INFO Executor: Finished task 6.0 in stage 0.0 (TID 6). 2828 bytes result sent to driver
[2024-09-23T23:15:11.781+0000] {ssh.py:524} INFO - 24/09/23 23:15:11 INFO PythonRunner: Times: total = 709, boot = 507, init = 202, finish = 0
[2024-09-23T23:15:11.782+0000] {ssh.py:524} INFO - 24/09/23 23:15:11 WARN AbstractS3ACommitterFactory: Using standard FileOutputCommitter to commit work. This is slow and potentially unsafe.
[2024-09-23T23:15:11.784+0000] {ssh.py:524} INFO - 24/09/23 23:15:11 INFO FileOutputCommitter: File Output Committer Algorithm version is 1
[2024-09-23T23:15:11.784+0000] {ssh.py:524} INFO - 24/09/23 23:15:11 INFO FileOutputCommitter: FileOutputCommitter skip cleanup _temporary folders under output directory:false, ignore cleanup failures: false
[2024-09-23T23:15:11.785+0000] {ssh.py:524} INFO - 24/09/23 23:15:11 INFO SparkHadoopMapRedUtil: No need to commit output of task because needsTaskCommit=false: attempt_20240923231510994649392011344020_0000_m_000005_5
[2024-09-23T23:15:11.785+0000] {ssh.py:524} INFO - 24/09/23 23:15:11 INFO AbstractS3ACommitterFactory: Using Committer FileOutputCommitter{PathOutputCommitter{context=TaskAttemptContextImpl{JobContextImpl{jobId=job_202409232315107971276059920504119_0000}; taskId=attempt_202409232315107971276059920504119_0000_m_000000_0, status=''}; org.apache.hadoop.mapreduce.lib.output.FileOutputCommitter@4b1f4b60}; outputPath=s3a://raw/olhovivo/empresa/dt=2024-09-23, workPath=s3a://raw/olhovivo/empresa/dt=2024-09-23/_temporary/0/_temporary/attempt_202409232315107971276059920504119_0000_m_000000_0, algorithmVersion=1, skipCleanup=false, ignoreCleanupFailures=false} for s3a://raw/olhovivo/empresa/dt=2024-09-23
[2024-09-23T23:15:11.786+0000] {ssh.py:524} INFO - 24/09/23 23:15:11 INFO SQLHadoopMapReduceCommitProtocol: Using output committer class org.apache.hadoop.mapreduce.lib.output.FileOutputCommitter
[2024-09-23T23:15:11.786+0000] {ssh.py:524} INFO - 24/09/23 23:15:11 INFO Executor: Finished task 5.0 in stage 0.0 (TID 5). 2828 bytes result sent to driver
[2024-09-23T23:15:11.789+0000] {ssh.py:524} INFO - 24/09/23 23:15:11 WARN AbstractS3ACommitterFactory: Using standard FileOutputCommitter to commit work. This is slow and potentially unsafe.
[2024-09-23T23:15:11.789+0000] {ssh.py:524} INFO - 24/09/23 23:15:11 INFO FileOutputCommitter: File Output Committer Algorithm version is 1
[2024-09-23T23:15:11.790+0000] {ssh.py:524} INFO - 24/09/23 23:15:11 INFO FileOutputCommitter: FileOutputCommitter skip cleanup _temporary folders under output directory:false, ignore cleanup failures: false
[2024-09-23T23:15:11.790+0000] {ssh.py:524} INFO - 24/09/23 23:15:11 INFO AbstractS3ACommitterFactory: Using Committer FileOutputCommitter{PathOutputCommitter{context=TaskAttemptContextImpl{JobContextImpl{jobId=job_202409232315108985078285134116329_0000}; taskId=attempt_202409232315108985078285134116329_0000_m_000003_3, status=''}; org.apache.hadoop.mapreduce.lib.output.FileOutputCommitter@45c3620}; outputPath=s3a://raw/olhovivo/empresa/dt=2024-09-23, workPath=s3a://raw/olhovivo/empresa/dt=2024-09-23/_temporary/0/_temporary/attempt_202409232315108985078285134116329_0000_m_000003_3, algorithmVersion=1, skipCleanup=false, ignoreCleanupFailures=false} for s3a://raw/olhovivo/empresa/dt=2024-09-23
[2024-09-23T23:15:11.791+0000] {ssh.py:524} INFO - 24/09/23 23:15:11 INFO SQLHadoopMapReduceCommitProtocol: Using output committer class org.apache.hadoop.mapreduce.lib.output.FileOutputCommitter
[2024-09-23T23:15:11.799+0000] {ssh.py:524} INFO - 24/09/23 23:15:11 INFO SparkHadoopMapRedUtil: No need to commit output of task because needsTaskCommit=false: attempt_20240923231510162394338061330854_0000_m_000002_2
[2024-09-23T23:15:11.801+0000] {ssh.py:524} INFO - 24/09/23 23:15:11 INFO Executor: Finished task 2.0 in stage 0.0 (TID 2). 2828 bytes result sent to driver
[2024-09-23T23:15:11.809+0000] {ssh.py:524} INFO - 24/09/23 23:15:11 WARN AbstractS3ACommitterFactory: Using standard FileOutputCommitter to commit work. This is slow and potentially unsafe.
[2024-09-23T23:15:11.810+0000] {ssh.py:524} INFO - 24/09/23 23:15:11 INFO FileOutputCommitter: File Output Committer Algorithm version is 1
[2024-09-23T23:15:11.811+0000] {ssh.py:524} INFO - 24/09/23 23:15:11 INFO FileOutputCommitter: FileOutputCommitter skip cleanup _temporary folders under output directory:false, ignore cleanup failures: false
[2024-09-23T23:15:11.812+0000] {ssh.py:524} INFO - 24/09/23 23:15:11 INFO AbstractS3ACommitterFactory: Using Committer FileOutputCommitter{PathOutputCommitter{context=TaskAttemptContextImpl{JobContextImpl{jobId=job_202409232315108372650864227671378_0000}; taskId=attempt_202409232315108372650864227671378_0000_m_000008_8, status=''}; org.apache.hadoop.mapreduce.lib.output.FileOutputCommitter@2e913b16}; outputPath=s3a://raw/olhovivo/empresa/dt=2024-09-23, workPath=s3a://raw/olhovivo/empresa/dt=2024-09-23/_temporary/0/_temporary/attempt_202409232315108372650864227671378_0000_m_000008_8, algorithmVersion=1, skipCleanup=false, ignoreCleanupFailures=false} for s3a://raw/olhovivo/empresa/dt=2024-09-23
[2024-09-23T23:15:11.813+0000] {ssh.py:524} INFO - 24/09/23 23:15:11 INFO SQLHadoopMapReduceCommitProtocol: Using output committer class org.apache.hadoop.mapreduce.lib.output.FileOutputCommitter
[2024-09-23T23:15:11.815+0000] {ssh.py:524} INFO - 24/09/23 23:15:11 INFO PythonRunner: Times: total = 742, boot = 593, init = 149, finish = 0
[2024-09-23T23:15:11.816+0000] {ssh.py:524} INFO - 24/09/23 23:15:11 WARN AbstractS3ACommitterFactory: Using standard FileOutputCommitter to commit work. This is slow and potentially unsafe.
[2024-09-23T23:15:11.816+0000] {ssh.py:524} INFO - 24/09/23 23:15:11 INFO FileOutputCommitter: File Output Committer Algorithm version is 1
[2024-09-23T23:15:11.817+0000] {ssh.py:524} INFO - 24/09/23 23:15:11 INFO FileOutputCommitter: FileOutputCommitter skip cleanup _temporary folders under output directory:false, ignore cleanup failures: false
[2024-09-23T23:15:11.817+0000] {ssh.py:524} INFO - 24/09/23 23:15:11 INFO AbstractS3ACommitterFactory: Using Committer FileOutputCommitter{PathOutputCommitter{context=TaskAttemptContextImpl{JobContextImpl{jobId=job_20240923231510159567308581250012_0000}; taskId=attempt_20240923231510159567308581250012_0000_m_000011_11, status=''}; org.apache.hadoop.mapreduce.lib.output.FileOutputCommitter@25de0076}; outputPath=s3a://raw/olhovivo/empresa/dt=2024-09-23, workPath=s3a://raw/olhovivo/empresa/dt=2024-09-23/_temporary/0/_temporary/attempt_20240923231510159567308581250012_0000_m_000011_11, algorithmVersion=1, skipCleanup=false, ignoreCleanupFailures=false} for s3a://raw/olhovivo/empresa/dt=2024-09-23
[2024-09-23T23:15:11.817+0000] {ssh.py:524} INFO - 24/09/23 23:15:11 INFO SQLHadoopMapReduceCommitProtocol: Using output committer class org.apache.hadoop.mapreduce.lib.output.FileOutputCommitter
[2024-09-23T23:15:11.826+0000] {ssh.py:524} INFO - 24/09/23 23:15:11 INFO SparkHadoopMapRedUtil: No need to commit output of task because needsTaskCommit=false: attempt_202409232315108372650864227671378_0000_m_000008_8
[2024-09-23T23:15:11.827+0000] {ssh.py:524} INFO - 24/09/23 23:15:11 INFO Executor: Finished task 8.0 in stage 0.0 (TID 8). 2828 bytes result sent to driver
[2024-09-23T23:15:11.833+0000] {ssh.py:524} INFO - 24/09/23 23:15:11 INFO PythonRunner: Times: total = 759, boot = 528, init = 231, finish = 0
[2024-09-23T23:15:11.836+0000] {ssh.py:524} INFO - 24/09/23 23:15:11 INFO PythonRunner: Times: total = 762, boot = 568, init = 194, finish = 0
[2024-09-23T23:15:11.839+0000] {ssh.py:524} INFO - 24/09/23 23:15:11 INFO TaskSetManager: Finished task 9.0 in stage 0.0 (TID 9) in 1017 ms on spark-master (executor driver) (1/12)
[2024-09-23T23:15:11.840+0000] {ssh.py:524} INFO - 24/09/23 23:15:11 INFO TaskSetManager: Finished task 7.0 in stage 0.0 (TID 7) in 1021 ms on spark-master (executor driver) (2/12)
[2024-09-23T23:15:11.841+0000] {ssh.py:524} INFO - 24/09/23 23:15:11 INFO SparkHadoopMapRedUtil: No need to commit output of task because needsTaskCommit=false: attempt_202409232315108985078285134116329_0000_m_000003_3
[2024-09-23T23:15:11.844+0000] {ssh.py:524} INFO - 24/09/23 23:15:11 INFO TaskSetManager: Finished task 5.0 in stage 0.0 (TID 5) in 1024 ms on spark-master (executor driver) (3/12)
[2024-09-23T23:15:11.844+0000] {ssh.py:524} INFO - 24/09/23 23:15:11 INFO TaskSetManager: Finished task 2.0 in stage 0.0 (TID 2) in 1034 ms on spark-master (executor driver) (4/12)
[2024-09-23T23:15:11.845+0000] {ssh.py:524} INFO - 24/09/23 23:15:11 INFO TaskSetManager: Finished task 8.0 in stage 0.0 (TID 8) in 1024 ms on spark-master (executor driver) (5/12)
[2024-09-23T23:15:11.845+0000] {ssh.py:524} INFO - 24/09/23 23:15:11 INFO TaskSetManager: Finished task 6.0 in stage 0.0 (TID 6) in 1025 ms on spark-master (executor driver) (6/12)
[2024-09-23T23:15:11.846+0000] {ssh.py:524} INFO - 24/09/23 23:15:11 INFO Executor: Finished task 3.0 in stage 0.0 (TID 3). 2828 bytes result sent to driver
[2024-09-23T23:15:11.846+0000] {ssh.py:524} INFO - 24/09/23 23:15:11 INFO PythonAccumulatorV2: Connected to AccumulatorServer at host: 127.0.0.1 port: 45437
[2024-09-23T23:15:11.846+0000] {ssh.py:524} INFO - 24/09/23 23:15:11 INFO TaskSetManager: Finished task 4.0 in stage 0.0 (TID 4) in 1028 ms on spark-master (executor driver) (7/12)
[2024-09-23T23:15:11.847+0000] {ssh.py:524} INFO - 24/09/23 23:15:11 INFO SparkHadoopMapRedUtil: No need to commit output of task because needsTaskCommit=false: attempt_202409232315105223071669073917592_0000_m_000010_10
[2024-09-23T23:15:11.847+0000] {ssh.py:524} INFO - 24/09/23 23:15:11 INFO TaskSetManager: Finished task 3.0 in stage 0.0 (TID 3) in 1037 ms on spark-master (executor driver) (8/12)
[2024-09-23T23:15:11.847+0000] {ssh.py:524} INFO - 24/09/23 23:15:11 INFO TaskSetManager: Finished task 1.0 in stage 0.0 (TID 1) in 1040 ms on spark-master (executor driver) (9/12)
[2024-09-23T23:15:11.849+0000] {ssh.py:524} INFO - 24/09/23 23:15:11 INFO Executor: Finished task 10.0 in stage 0.0 (TID 10). 2828 bytes result sent to driver
[2024-09-23T23:15:11.851+0000] {ssh.py:524} INFO - 24/09/23 23:15:11 INFO TaskSetManager: Finished task 10.0 in stage 0.0 (TID 10) in 1026 ms on spark-master (executor driver) (10/12)
[2024-09-23T23:15:11.941+0000] {ssh.py:524} INFO - 24/09/23 23:15:11 INFO PythonRunner: Times: total = 792, boot = 611, init = 181, finish = 0
[2024-09-23T23:15:11.950+0000] {ssh.py:524} INFO - 24/09/23 23:15:11 INFO PythonRunner: Times: total = 752, boot = 581, init = 171, finish = 0
[2024-09-23T23:15:12.170+0000] {ssh.py:524} INFO - 24/09/23 23:15:12 INFO FileOutputCommitter: Saved output of task 'attempt_20240923231510159567308581250012_0000_m_000011_11' to s3a://raw/olhovivo/empresa/dt=2024-09-23/_temporary/0/task_20240923231510159567308581250012_0000_m_000011
[2024-09-23T23:15:12.171+0000] {ssh.py:524} INFO - 24/09/23 23:15:12 INFO SparkHadoopMapRedUtil: attempt_20240923231510159567308581250012_0000_m_000011_11: Committed. Elapsed time: 179 ms.
[2024-09-23T23:15:12.174+0000] {ssh.py:524} INFO - 24/09/23 23:15:12 INFO Executor: Finished task 11.0 in stage 0.0 (TID 11). 2914 bytes result sent to driver
[2024-09-23T23:15:12.175+0000] {ssh.py:524} INFO - 24/09/23 23:15:12 INFO TaskSetManager: Finished task 11.0 in stage 0.0 (TID 11) in 1349 ms on spark-master (executor driver) (11/12)
[2024-09-23T23:15:12.179+0000] {ssh.py:524} INFO - 24/09/23 23:15:12 INFO FileOutputCommitter: Saved output of task 'attempt_202409232315107971276059920504119_0000_m_000000_0' to s3a://raw/olhovivo/empresa/dt=2024-09-23/_temporary/0/task_202409232315107971276059920504119_0000_m_000000
[2024-09-23T23:15:12.180+0000] {ssh.py:524} INFO - 24/09/23 23:15:12 INFO SparkHadoopMapRedUtil: attempt_202409232315107971276059920504119_0000_m_000000_0: Committed. Elapsed time: 170 ms.
[2024-09-23T23:15:12.181+0000] {ssh.py:524} INFO - 24/09/23 23:15:12 INFO Executor: Finished task 0.0 in stage 0.0 (TID 0). 2828 bytes result sent to driver
[2024-09-23T23:15:12.183+0000] {ssh.py:524} INFO - 24/09/23 23:15:12 INFO TaskSetManager: Finished task 0.0 in stage 0.0 (TID 0) in 1397 ms on spark-master (executor driver) (12/12)
[2024-09-23T23:15:12.185+0000] {ssh.py:524} INFO - 24/09/23 23:15:12 INFO TaskSchedulerImpl: Removed TaskSet 0.0, whose tasks have all completed, from pool 
[2024-09-23T23:15:12.186+0000] {ssh.py:524} INFO - 24/09/23 23:15:12 INFO DAGScheduler: ResultStage 0 (save at NativeMethodAccessorImpl.java:0) finished in 1.624 s
[2024-09-23T23:15:12.192+0000] {ssh.py:524} INFO - 24/09/23 23:15:12 INFO DAGScheduler: Job 0 is finished. Cancelling potential speculative or zombie tasks for this job
[2024-09-23T23:15:12.193+0000] {ssh.py:524} INFO - 24/09/23 23:15:12 INFO TaskSchedulerImpl: Killing all running tasks in stage 0: Stage finished
[2024-09-23T23:15:12.194+0000] {ssh.py:524} INFO - 24/09/23 23:15:12 INFO DAGScheduler: Job 0 finished: save at NativeMethodAccessorImpl.java:0, took 1.673002 s
[2024-09-23T23:15:12.197+0000] {ssh.py:524} INFO - 24/09/23 23:15:12 INFO FileFormatWriter: Start to commit write Job 3aa8f45d-4958-4f78-a9f1-a4c8042df03f.
[2024-09-23T23:15:12.635+0000] {ssh.py:524} INFO - 24/09/23 23:15:12 INFO FileFormatWriter: Write Job 3aa8f45d-4958-4f78-a9f1-a4c8042df03f committed. Elapsed time: 436 ms.
[2024-09-23T23:15:12.648+0000] {ssh.py:524} INFO - 24/09/23 23:15:12 INFO FileFormatWriter: Finished processing stats for write job 3aa8f45d-4958-4f78-a9f1-a4c8042df03f.
[2024-09-23T23:15:12.658+0000] {ssh.py:524} INFO - [DEBUG] Done.
[2024-09-23T23:15:12.747+0000] {ssh.py:524} INFO - 24/09/23 23:15:12 INFO SparkContext: Invoking stop() from shutdown hook
[2024-09-23T23:15:12.777+0000] {ssh.py:524} INFO - 24/09/23 23:15:12 INFO SparkUI: Stopped Spark web UI at http://spark-master:4043
[2024-09-23T23:15:12.825+0000] {ssh.py:524} INFO - 24/09/23 23:15:12 INFO MapOutputTrackerMasterEndpoint: MapOutputTrackerMasterEndpoint stopped!
[2024-09-23T23:15:12.864+0000] {ssh.py:524} INFO - 24/09/23 23:15:12 INFO MemoryStore: MemoryStore cleared
[2024-09-23T23:15:12.864+0000] {ssh.py:524} INFO - 24/09/23 23:15:12 INFO BlockManager: BlockManager stopped
[2024-09-23T23:15:12.870+0000] {ssh.py:524} INFO - 24/09/23 23:15:12 INFO BlockManagerMaster: BlockManagerMaster stopped
[2024-09-23T23:15:12.874+0000] {ssh.py:524} INFO - 24/09/23 23:15:12 INFO OutputCommitCoordinator$OutputCommitCoordinatorEndpoint: OutputCommitCoordinator stopped!
[2024-09-23T23:15:12.884+0000] {ssh.py:524} INFO - 24/09/23 23:15:12 INFO SparkContext: Successfully stopped SparkContext
[2024-09-23T23:15:12.885+0000] {ssh.py:524} INFO - 24/09/23 23:15:12 INFO ShutdownHookManager: Shutdown hook called
[2024-09-23T23:15:12.886+0000] {ssh.py:524} INFO - 24/09/23 23:15:12 INFO ShutdownHookManager: Deleting directory /tmp/spark-fad312da-d3ff-429a-810c-1aaa24e56f71/pyspark-6753b95c-c58d-4a55-88fd-61b77c2342b5
[2024-09-23T23:15:12.891+0000] {ssh.py:524} INFO - 24/09/23 23:15:12 INFO ShutdownHookManager: Deleting directory /tmp/spark-43e74287-eadb-4c2c-a0e5-963e633c2ee6
[2024-09-23T23:15:12.895+0000] {ssh.py:524} INFO - 24/09/23 23:15:12 INFO ShutdownHookManager: Deleting directory /tmp/spark-fad312da-d3ff-429a-810c-1aaa24e56f71
[2024-09-23T23:15:12.905+0000] {ssh.py:524} INFO - 24/09/23 23:15:12 INFO MetricsSystemImpl: Stopping s3a-file-system metrics system...
[2024-09-23T23:15:12.906+0000] {ssh.py:524} INFO - 24/09/23 23:15:12 INFO MetricsSystemImpl: s3a-file-system metrics system stopped.
[2024-09-23T23:15:12.906+0000] {ssh.py:524} INFO - 24/09/23 23:15:12 INFO MetricsSystemImpl: s3a-file-system metrics system shutdown complete.
[2024-09-23T23:15:13.140+0000] {taskinstance.py:1400} INFO - Marking task as SUCCESS. dag_id=raw_ingestion_15min, task_id=spark_raw_ingestion_empresa, execution_date=20240923T230000, start_date=20240923T231501, end_date=20240923T231513
[2024-09-23T23:15:13.195+0000] {local_task_job_runner.py:228} INFO - Task exited with return code 0
[2024-09-23T23:15:13.269+0000] {taskinstance.py:2778} INFO - 0 downstream tasks scheduled from follow-on schedule check
