[2024-09-12T22:32:29.809+0000] {taskinstance.py:1159} INFO - Dependencies all met for dep_context=non-requeueable deps ti=<TaskInstance: raw_ingestion.raw_ingestion scheduled__2020-11-21T01:00:00+00:00 [queued]>
[2024-09-12T22:32:29.823+0000] {taskinstance.py:1159} INFO - Dependencies all met for dep_context=requeueable deps ti=<TaskInstance: raw_ingestion.raw_ingestion scheduled__2020-11-21T01:00:00+00:00 [queued]>
[2024-09-12T22:32:29.824+0000] {taskinstance.py:1361} INFO - Starting attempt 1 of 11
[2024-09-12T22:32:29.846+0000] {taskinstance.py:1382} INFO - Executing <Task(SparkSubmitOperator): raw_ingestion> on 2020-11-21 01:00:00+00:00
[2024-09-12T22:32:29.857+0000] {standard_task_runner.py:57} INFO - Started process 144 to run task
[2024-09-12T22:32:29.859+0000] {standard_task_runner.py:84} INFO - Running: ['airflow', 'tasks', 'run', 'raw_ingestion', 'raw_ingestion', 'scheduled__2020-11-21T01:00:00+00:00', '--job-id', '13', '--raw', '--subdir', 'DAGS_FOLDER/raw_ingestion.py', '--cfg-path', '/tmp/tmphywr79nc']
[2024-09-12T22:32:29.860+0000] {standard_task_runner.py:85} INFO - Job 13: Subtask raw_ingestion
[2024-09-12T22:32:30.020+0000] {task_command.py:416} INFO - Running <TaskInstance: raw_ingestion.raw_ingestion scheduled__2020-11-21T01:00:00+00:00 [running]> on host airflow-worker
[2024-09-12T22:32:30.276+0000] {taskinstance.py:1662} INFO - Exporting env vars: AIRFLOW_CTX_DAG_OWNER='jozimar' AIRFLOW_CTX_DAG_ID='raw_ingestion' AIRFLOW_CTX_TASK_ID='raw_ingestion' AIRFLOW_CTX_EXECUTION_DATE='2020-11-21T01:00:00+00:00' AIRFLOW_CTX_TRY_NUMBER='1' AIRFLOW_CTX_DAG_RUN_ID='scheduled__2020-11-21T01:00:00+00:00'
[2024-09-12T22:32:30.329+0000] {base.py:73} INFO - Using connection ID 'spark_default' for task execution.
[2024-09-12T22:32:30.331+0000] {spark_submit.py:335} INFO - Spark-Submit cmd: spark-submit --master spark-master:7077 --total-executor-cores * --executor-memory 2g --name arrow-spark /opt/airflow/scripts/raw_ingestion.py
[2024-09-12T22:32:30.504+0000] {spark_submit.py:488} INFO - /home/airflow/.local/lib/python3.8/site-packages/pyspark/bin/load-spark-env.sh: line 68: ps: command not found
[2024-09-12T22:32:30.505+0000] {spark_submit.py:488} INFO - JAVA_HOME is not set
[2024-09-12T22:32:30.553+0000] {taskinstance.py:1937} ERROR - Task failed with exception
Traceback (most recent call last):
  File "/home/airflow/.local/lib/python3.8/site-packages/airflow/providers/apache/spark/operators/spark_submit.py", line 157, in execute
    self._hook.submit(self._application)
  File "/home/airflow/.local/lib/python3.8/site-packages/airflow/providers/apache/spark/hooks/spark_submit.py", line 419, in submit
    raise AirflowException(
airflow.exceptions.AirflowException: Cannot execute: spark-submit --master spark-master:7077 --total-executor-cores * --executor-memory 2g --name arrow-spark /opt/airflow/scripts/raw_ingestion.py. Error code is: 1.
[2024-09-12T22:32:30.557+0000] {taskinstance.py:1400} INFO - Marking task as UP_FOR_RETRY. dag_id=raw_ingestion, task_id=raw_ingestion, execution_date=20201121T010000, start_date=20240912T223229, end_date=20240912T223230
[2024-09-12T22:32:30.581+0000] {standard_task_runner.py:104} ERROR - Failed to execute job 13 for task raw_ingestion (Cannot execute: spark-submit --master spark-master:7077 --total-executor-cores * --executor-memory 2g --name arrow-spark /opt/airflow/scripts/raw_ingestion.py. Error code is: 1.; 144)
[2024-09-12T22:32:30.596+0000] {local_task_job_runner.py:228} INFO - Task exited with return code 1
[2024-09-12T22:32:30.648+0000] {taskinstance.py:2778} INFO - 0 downstream tasks scheduled from follow-on schedule check
