[2024-09-24T02:00:00.970+0000] {taskinstance.py:1159} INFO - Dependencies all met for dep_context=non-requeueable deps ti=<TaskInstance: raw_ingestion_15min.spark_raw_ingestion_posicao scheduled__2024-09-24T01:45:00+00:00 [queued]>
[2024-09-24T02:00:00.981+0000] {taskinstance.py:1159} INFO - Dependencies all met for dep_context=requeueable deps ti=<TaskInstance: raw_ingestion_15min.spark_raw_ingestion_posicao scheduled__2024-09-24T01:45:00+00:00 [queued]>
[2024-09-24T02:00:00.982+0000] {taskinstance.py:1361} INFO - Starting attempt 1 of 1
[2024-09-24T02:00:01.000+0000] {taskinstance.py:1382} INFO - Executing <Task(SSHOperator): spark_raw_ingestion_posicao> on 2024-09-24 01:45:00+00:00
[2024-09-24T02:00:01.007+0000] {standard_task_runner.py:57} INFO - Started process 3950 to run task
[2024-09-24T02:00:01.009+0000] {standard_task_runner.py:84} INFO - Running: ['airflow', 'tasks', 'run', 'raw_ingestion_15min', 'spark_raw_ingestion_posicao', 'scheduled__2024-09-24T01:45:00+00:00', '--job-id', '603', '--raw', '--subdir', 'DAGS_FOLDER/raw_ingestion_15min.py', '--cfg-path', '/tmp/tmp5ndd6alq']
[2024-09-24T02:00:01.010+0000] {standard_task_runner.py:85} INFO - Job 603: Subtask spark_raw_ingestion_posicao
[2024-09-24T02:00:01.145+0000] {task_command.py:416} INFO - Running <TaskInstance: raw_ingestion_15min.spark_raw_ingestion_posicao scheduled__2024-09-24T01:45:00+00:00 [running]> on host airflow-worker
[2024-09-24T02:00:01.378+0000] {taskinstance.py:1662} INFO - Exporting env vars: AIRFLOW_CTX_DAG_OWNER='***' AIRFLOW_CTX_DAG_ID='raw_ingestion_15min' AIRFLOW_CTX_TASK_ID='spark_raw_ingestion_posicao' AIRFLOW_CTX_EXECUTION_DATE='2024-09-24T01:45:00+00:00' AIRFLOW_CTX_TRY_NUMBER='1' AIRFLOW_CTX_DAG_RUN_ID='scheduled__2024-09-24T01:45:00+00:00'
[2024-09-24T02:00:01.379+0000] {ssh.py:141} INFO - Creating ssh_client
[2024-09-24T02:00:01.379+0000] {ssh.py:114} INFO - ssh_hook is not provided or invalid. Trying ssh_conn_id to create SSHHook.
[2024-09-24T02:00:01.410+0000] {base.py:73} INFO - Using connection ID 'spark_ssh_default' for task execution.
[2024-09-24T02:00:01.411+0000] {ssh.py:300} WARNING - No Host Key Verification. This won't protect against Man-In-The-Middle attacks
[2024-09-24T02:00:01.421+0000] {transport.py:1893} INFO - Connected (version 2.0, client OpenSSH_8.9p1)
[2024-09-24T02:00:01.560+0000] {transport.py:1893} INFO - Authentication (password) successful!
[2024-09-24T02:00:01.561+0000] {ssh.py:478} INFO - Running command: export SPARK_HOME=/usr/local/spark; /opt/conda/bin/spark-submit --master local[*] --driver-cores 2 --executor-cores 2 --driver-memory 4G --executor-memory 4G /opt/shared/scripts/raw_ingestion.py 2024-09-24 posicao
[2024-09-24T02:00:04.321+0000] {ssh.py:524} INFO - [DEBUG] dt_now: 2024-09-24
[2024-09-24T02:00:04.322+0000] {ssh.py:524} INFO - [DEBUG] endpoint: posicao
[2024-09-24T02:00:04.389+0000] {ssh.py:524} INFO - 24/09/24 02:00:04 INFO SparkContext: Running Spark version 3.3.1
[2024-09-24T02:00:04.412+0000] {ssh.py:524} INFO - 24/09/24 02:00:04 WARN NativeCodeLoader: Unable to load native-hadoop library for your platform... using builtin-java classes where applicable
[2024-09-24T02:00:04.514+0000] {ssh.py:524} INFO - 24/09/24 02:00:04 INFO ResourceUtils: ==============================================================
[2024-09-24T02:00:04.515+0000] {ssh.py:524} INFO - 24/09/24 02:00:04 INFO ResourceUtils: No custom resources configured for spark.driver.
[2024-09-24T02:00:04.516+0000] {ssh.py:524} INFO - 24/09/24 02:00:04 INFO ResourceUtils: ==============================================================
[2024-09-24T02:00:04.516+0000] {ssh.py:524} INFO - 24/09/24 02:00:04 INFO SparkContext: Submitted application: raw_ingestion_posicao
[2024-09-24T02:00:04.535+0000] {ssh.py:524} INFO - 24/09/24 02:00:04 INFO ResourceProfile: Default ResourceProfile created, executor resources: Map(cores -> name: cores, amount: 1, script: , vendor: , memory -> name: memory, amount: 1024, script: , vendor: , offHeap -> name: offHeap, amount: 0, script: , vendor: ), task resources: Map(cpus -> name: cpus, amount: 1.0)
[2024-09-24T02:00:04.543+0000] {ssh.py:524} INFO - 24/09/24 02:00:04 INFO ResourceProfile: Limiting resource is cpu
[2024-09-24T02:00:04.544+0000] {ssh.py:524} INFO - 24/09/24 02:00:04 INFO ResourceProfileManager: Added ResourceProfile id: 0
[2024-09-24T02:00:04.585+0000] {ssh.py:524} INFO - 24/09/24 02:00:04 INFO SecurityManager: Changing view acls to: root
[2024-09-24T02:00:04.586+0000] {ssh.py:524} INFO - 24/09/24 02:00:04 INFO SecurityManager: Changing modify acls to: root
[2024-09-24T02:00:04.586+0000] {ssh.py:524} INFO - 24/09/24 02:00:04 INFO SecurityManager: Changing view acls groups to: 
[2024-09-24T02:00:04.587+0000] {ssh.py:524} INFO - 24/09/24 02:00:04 INFO SecurityManager: Changing modify acls groups to: 
[2024-09-24T02:00:04.587+0000] {ssh.py:524} INFO - 24/09/24 02:00:04 INFO SecurityManager: SecurityManager: authentication disabled; ui acls disabled; users  with view permissions: Set(root); groups with view permissions: Set(); users  with modify permissions: Set(root); groups with modify permissions: Set()
[2024-09-24T02:00:04.876+0000] {ssh.py:524} INFO - 24/09/24 02:00:04 INFO Utils: Successfully started service 'sparkDriver' on port 43939.
[2024-09-24T02:00:04.918+0000] {ssh.py:524} INFO - 24/09/24 02:00:04 INFO SparkEnv: Registering MapOutputTracker
[2024-09-24T02:00:04.964+0000] {ssh.py:524} INFO - 24/09/24 02:00:04 INFO SparkEnv: Registering BlockManagerMaster
[2024-09-24T02:00:04.992+0000] {ssh.py:524} INFO - 24/09/24 02:00:04 INFO BlockManagerMasterEndpoint: Using org.apache.spark.storage.DefaultTopologyMapper for getting topology information
[2024-09-24T02:00:04.995+0000] {ssh.py:524} INFO - 24/09/24 02:00:04 INFO BlockManagerMasterEndpoint: BlockManagerMasterEndpoint up
[2024-09-24T02:00:05.001+0000] {ssh.py:524} INFO - 24/09/24 02:00:05 INFO SparkEnv: Registering BlockManagerMasterHeartbeat
[2024-09-24T02:00:05.036+0000] {ssh.py:524} INFO - 24/09/24 02:00:05 INFO DiskBlockManager: Created local directory at /tmp/blockmgr-b0497d4b-945a-4396-b82c-b17a974d39f8
[2024-09-24T02:00:05.057+0000] {ssh.py:524} INFO - 24/09/24 02:00:05 INFO MemoryStore: MemoryStore started with capacity 2.2 GiB
[2024-09-24T02:00:05.075+0000] {ssh.py:524} INFO - 24/09/24 02:00:05 INFO SparkEnv: Registering OutputCommitCoordinator
[2024-09-24T02:00:05.290+0000] {ssh.py:524} INFO - 24/09/24 02:00:05 WARN Utils: Service 'SparkUI' could not bind on port 4040. Attempting port 4041.
[2024-09-24T02:00:05.291+0000] {ssh.py:524} INFO - 24/09/24 02:00:05 WARN Utils: Service 'SparkUI' could not bind on port 4041. Attempting port 4042.
[2024-09-24T02:00:05.292+0000] {ssh.py:524} INFO - 24/09/24 02:00:05 WARN Utils: Service 'SparkUI' could not bind on port 4042. Attempting port 4043.
[2024-09-24T02:00:05.302+0000] {ssh.py:524} INFO - 24/09/24 02:00:05 INFO Utils: Successfully started service 'SparkUI' on port 4043.
[2024-09-24T02:00:05.493+0000] {ssh.py:524} INFO - 24/09/24 02:00:05 INFO Executor: Starting executor ID driver on host spark-master
[2024-09-24T02:00:05.504+0000] {ssh.py:524} INFO - 24/09/24 02:00:05 INFO Executor: Starting executor with user classpath (userClassPathFirst = false): ''
[2024-09-24T02:00:05.530+0000] {ssh.py:524} INFO - 24/09/24 02:00:05 INFO Utils: Successfully started service 'org.apache.spark.network.netty.NettyBlockTransferService' on port 46831.
[2024-09-24T02:00:05.531+0000] {ssh.py:524} INFO - 24/09/24 02:00:05 INFO NettyBlockTransferService: Server created on spark-master:46831
[2024-09-24T02:00:05.533+0000] {ssh.py:524} INFO - 24/09/24 02:00:05 INFO BlockManager: Using org.apache.spark.storage.RandomBlockReplicationPolicy for block replication policy
[2024-09-24T02:00:05.540+0000] {ssh.py:524} INFO - 24/09/24 02:00:05 INFO BlockManagerMaster: Registering BlockManager BlockManagerId(driver, spark-master, 46831, None)
[2024-09-24T02:00:05.544+0000] {ssh.py:524} INFO - 24/09/24 02:00:05 INFO BlockManagerMasterEndpoint: Registering block manager spark-master:46831 with 2.2 GiB RAM, BlockManagerId(driver, spark-master, 46831, None)
[2024-09-24T02:00:05.546+0000] {ssh.py:524} INFO - 24/09/24 02:00:05 INFO BlockManagerMaster: Registered BlockManager BlockManagerId(driver, spark-master, 46831, None)
[2024-09-24T02:00:05.547+0000] {ssh.py:524} INFO - 24/09/24 02:00:05 INFO BlockManager: Initialized BlockManager: BlockManagerId(driver, spark-master, 46831, None)
[2024-09-24T02:00:07.469+0000] {ssh.py:524} INFO - 24/09/24 02:00:07 INFO SharedState: Setting hive.metastore.warehouse.dir ('null') to the value of spark.sql.warehouse.dir.
[2024-09-24T02:00:07.477+0000] {ssh.py:524} INFO - 24/09/24 02:00:07 INFO SharedState: Warehouse path is 'file:/root/spark-warehouse'.
[2024-09-24T02:00:09.700+0000] {ssh.py:524} INFO - 24/09/24 02:00:09 WARN MetricsConfig: Cannot locate configuration: tried hadoop-metrics2-s3a-file-system.properties,hadoop-metrics2.properties
[2024-09-24T02:00:09.714+0000] {ssh.py:524} INFO - 24/09/24 02:00:09 INFO MetricsSystemImpl: Scheduled Metric snapshot period at 10 second(s).
[2024-09-24T02:00:09.714+0000] {ssh.py:524} INFO - 24/09/24 02:00:09 INFO MetricsSystemImpl: s3a-file-system metrics system started
[2024-09-24T02:00:11.024+0000] {ssh.py:524} INFO - 24/09/24 02:00:11 WARN AbstractS3ACommitterFactory: Using standard FileOutputCommitter to commit work. This is slow and potentially unsafe.
[2024-09-24T02:00:11.024+0000] {ssh.py:524} INFO - 24/09/24 02:00:11 INFO FileOutputCommitter: File Output Committer Algorithm version is 1
[2024-09-24T02:00:11.025+0000] {ssh.py:524} INFO - 24/09/24 02:00:11 INFO FileOutputCommitter: FileOutputCommitter skip cleanup _temporary folders under output directory:false, ignore cleanup failures: false
[2024-09-24T02:00:11.028+0000] {ssh.py:524} INFO - 24/09/24 02:00:11 INFO AbstractS3ACommitterFactory: Using Committer FileOutputCommitter{PathOutputCommitter{context=TaskAttemptContextImpl{JobContextImpl{jobId=job_20240924020011620480117162078605_0000}; taskId=attempt_20240924020011620480117162078605_0000_m_000000_0, status=''}; org.apache.hadoop.mapreduce.lib.output.FileOutputCommitter@56c92cd6}; outputPath=s3a://raw/olhovivo/posicao/dt=2024-09-24, workPath=s3a://raw/olhovivo/posicao/dt=2024-09-24/_temporary/0/_temporary/attempt_20240924020011620480117162078605_0000_m_000000_0, algorithmVersion=1, skipCleanup=false, ignoreCleanupFailures=false} for s3a://raw/olhovivo/posicao/dt=2024-09-24
[2024-09-24T02:00:11.029+0000] {ssh.py:524} INFO - 24/09/24 02:00:11 INFO SQLHadoopMapReduceCommitProtocol: Using output committer class org.apache.hadoop.mapreduce.lib.output.FileOutputCommitter
[2024-09-24T02:00:11.943+0000] {ssh.py:524} INFO - 24/09/24 02:00:11 INFO CodeGenerator: Code generated in 415.851776 ms
[2024-09-24T02:00:12.116+0000] {ssh.py:524} INFO - 24/09/24 02:00:12 INFO SparkContext: Starting job: save at NativeMethodAccessorImpl.java:0
[2024-09-24T02:00:12.135+0000] {ssh.py:524} INFO - 24/09/24 02:00:12 INFO DAGScheduler: Got job 0 (save at NativeMethodAccessorImpl.java:0) with 12 output partitions
[2024-09-24T02:00:12.136+0000] {ssh.py:524} INFO - 24/09/24 02:00:12 INFO DAGScheduler: Final stage: ResultStage 0 (save at NativeMethodAccessorImpl.java:0)
[2024-09-24T02:00:12.137+0000] {ssh.py:524} INFO - 24/09/24 02:00:12 INFO DAGScheduler: Parents of final stage: List()
[2024-09-24T02:00:12.140+0000] {ssh.py:524} INFO - 24/09/24 02:00:12 INFO DAGScheduler: Missing parents: List()
[2024-09-24T02:00:12.161+0000] {ssh.py:524} INFO - 24/09/24 02:00:12 INFO DAGScheduler: Submitting ResultStage 0 (MapPartitionsRDD[5] at save at NativeMethodAccessorImpl.java:0), which has no missing parents
[2024-09-24T02:00:12.298+0000] {ssh.py:524} INFO - 24/09/24 02:00:12 INFO MemoryStore: Block broadcast_0 stored as values in memory (estimated size 225.5 KiB, free 2.2 GiB)
[2024-09-24T02:00:12.330+0000] {ssh.py:524} INFO - 24/09/24 02:00:12 INFO MemoryStore: Block broadcast_0_piece0 stored as bytes in memory (estimated size 81.9 KiB, free 2.2 GiB)
[2024-09-24T02:00:12.333+0000] {ssh.py:524} INFO - 24/09/24 02:00:12 INFO BlockManagerInfo: Added broadcast_0_piece0 in memory on spark-master:46831 (size: 81.9 KiB, free: 2.2 GiB)
[2024-09-24T02:00:12.337+0000] {ssh.py:524} INFO - 24/09/24 02:00:12 INFO SparkContext: Created broadcast 0 from broadcast at DAGScheduler.scala:1513
[2024-09-24T02:00:12.350+0000] {ssh.py:524} INFO - 24/09/24 02:00:12 INFO DAGScheduler: Submitting 12 missing tasks from ResultStage 0 (MapPartitionsRDD[5] at save at NativeMethodAccessorImpl.java:0) (first 15 tasks are for partitions Vector(0, 1, 2, 3, 4, 5, 6, 7, 8, 9, 10, 11))
[2024-09-24T02:00:12.351+0000] {ssh.py:524} INFO - 24/09/24 02:00:12 INFO TaskSchedulerImpl: Adding task set 0.0 with 12 tasks resource profile 0
[2024-09-24T02:00:12.423+0000] {ssh.py:524} INFO - 24/09/24 02:00:12 INFO TaskSetManager: Starting task 0.0 in stage 0.0 (TID 0) (spark-master, executor driver, partition 0, PROCESS_LOCAL, 4433 bytes) taskResourceAssignments Map()
[2024-09-24T02:00:12.449+0000] {ssh.py:524} INFO - 24/09/24 02:00:12 INFO TaskSetManager: Starting task 1.0 in stage 0.0 (TID 1) (spark-master, executor driver, partition 1, PROCESS_LOCAL, 4433 bytes) taskResourceAssignments Map()
[2024-09-24T02:00:12.450+0000] {ssh.py:524} INFO - 24/09/24 02:00:12 INFO TaskSetManager: Starting task 2.0 in stage 0.0 (TID 2) (spark-master, executor driver, partition 2, PROCESS_LOCAL, 4433 bytes) taskResourceAssignments Map()
[2024-09-24T02:00:12.451+0000] {ssh.py:524} INFO - 24/09/24 02:00:12 INFO TaskSetManager: Starting task 3.0 in stage 0.0 (TID 3) (spark-master, executor driver, partition 3, PROCESS_LOCAL, 4433 bytes) taskResourceAssignments Map()
[2024-09-24T02:00:12.452+0000] {ssh.py:524} INFO - 24/09/24 02:00:12 INFO TaskSetManager: Starting task 4.0 in stage 0.0 (TID 4) (spark-master, executor driver, partition 4, PROCESS_LOCAL, 4433 bytes) taskResourceAssignments Map()
[2024-09-24T02:00:12.452+0000] {ssh.py:524} INFO - 24/09/24 02:00:12 INFO TaskSetManager: Starting task 5.0 in stage 0.0 (TID 5) (spark-master, executor driver, partition 5, PROCESS_LOCAL, 4433 bytes) taskResourceAssignments Map()
[2024-09-24T02:00:12.453+0000] {ssh.py:524} INFO - 24/09/24 02:00:12 INFO TaskSetManager: Starting task 6.0 in stage 0.0 (TID 6) (spark-master, executor driver, partition 6, PROCESS_LOCAL, 4433 bytes) taskResourceAssignments Map()
[2024-09-24T02:00:12.454+0000] {ssh.py:524} INFO - 24/09/24 02:00:12 INFO TaskSetManager: Starting task 7.0 in stage 0.0 (TID 7) (spark-master, executor driver, partition 7, PROCESS_LOCAL, 4433 bytes) taskResourceAssignments Map()
[2024-09-24T02:00:12.454+0000] {ssh.py:524} INFO - 24/09/24 02:00:12 INFO TaskSetManager: Starting task 8.0 in stage 0.0 (TID 8) (spark-master, executor driver, partition 8, PROCESS_LOCAL, 4433 bytes) taskResourceAssignments Map()
[2024-09-24T02:00:12.455+0000] {ssh.py:524} INFO - 24/09/24 02:00:12 INFO TaskSetManager: Starting task 9.0 in stage 0.0 (TID 9) (spark-master, executor driver, partition 9, PROCESS_LOCAL, 4433 bytes) taskResourceAssignments Map()
[2024-09-24T02:00:12.456+0000] {ssh.py:524} INFO - 24/09/24 02:00:12 INFO TaskSetManager: Starting task 10.0 in stage 0.0 (TID 10) (spark-master, executor driver, partition 10, PROCESS_LOCAL, 4433 bytes) taskResourceAssignments Map()
[2024-09-24T02:00:12.456+0000] {ssh.py:524} INFO - 24/09/24 02:00:12 INFO TaskSetManager: Starting task 11.0 in stage 0.0 (TID 11) (spark-master, executor driver, partition 11, PROCESS_LOCAL, 435075 bytes) taskResourceAssignments Map()
[2024-09-24T02:00:12.467+0000] {ssh.py:524} INFO - 24/09/24 02:00:12 INFO Executor: Running task 6.0 in stage 0.0 (TID 6)
[2024-09-24T02:00:12.468+0000] {ssh.py:524} INFO - 24/09/24 02:00:12 INFO Executor: Running task 9.0 in stage 0.0 (TID 9)
[2024-09-24T02:00:12.469+0000] {ssh.py:524} INFO - 24/09/24 02:00:12 INFO Executor: Running task 7.0 in stage 0.0 (TID 7)
[2024-09-24T02:00:12.469+0000] {ssh.py:524} INFO - 24/09/24 02:00:12 INFO Executor: Running task 3.0 in stage 0.0 (TID 3)
[2024-09-24T02:00:12.470+0000] {ssh.py:524} INFO - 24/09/24 02:00:12 INFO Executor: Running task 11.0 in stage 0.0 (TID 11)
[2024-09-24T02:00:12.470+0000] {ssh.py:524} INFO - 24/09/24 02:00:12 INFO Executor: Running task 1.0 in stage 0.0 (TID 1)
[2024-09-24T02:00:12.471+0000] {ssh.py:524} INFO - 24/09/24 02:00:12 INFO Executor: Running task 4.0 in stage 0.0 (TID 4)
[2024-09-24T02:00:12.471+0000] {ssh.py:524} INFO - 24/09/24 02:00:12 INFO Executor: Running task 0.0 in stage 0.0 (TID 0)
[2024-09-24T02:00:12.472+0000] {ssh.py:524} INFO - 24/09/24 02:00:12 INFO Executor: Running task 10.0 in stage 0.0 (TID 10)
[2024-09-24T02:00:12.472+0000] {ssh.py:524} INFO - 24/09/24 02:00:12 INFO Executor: Running task 5.0 in stage 0.0 (TID 5)
[2024-09-24T02:00:12.473+0000] {ssh.py:524} INFO - 24/09/24 02:00:12 INFO Executor: Running task 2.0 in stage 0.0 (TID 2)
[2024-09-24T02:00:12.473+0000] {ssh.py:524} INFO - 24/09/24 02:00:12 INFO Executor: Running task 8.0 in stage 0.0 (TID 8)
[2024-09-24T02:00:13.182+0000] {ssh.py:524} INFO - 24/09/24 02:00:13 WARN AbstractS3ACommitterFactory: Using standard FileOutputCommitter to commit work. This is slow and potentially unsafe.
[2024-09-24T02:00:13.184+0000] {ssh.py:524} INFO - 24/09/24 02:00:13 WARN AbstractS3ACommitterFactory: Using standard FileOutputCommitter to commit work. This is slow and potentially unsafe.
[2024-09-24T02:00:13.184+0000] {ssh.py:524} INFO - 24/09/24 02:00:13 INFO FileOutputCommitter: File Output Committer Algorithm version is 1
[2024-09-24T02:00:13.185+0000] {ssh.py:524} INFO - 24/09/24 02:00:13 INFO FileOutputCommitter: File Output Committer Algorithm version is 1
[2024-09-24T02:00:13.185+0000] {ssh.py:524} INFO - 24/09/24 02:00:13 INFO FileOutputCommitter: FileOutputCommitter skip cleanup _temporary folders under output directory:false, ignore cleanup failures: false
[2024-09-24T02:00:13.186+0000] {ssh.py:524} INFO - 24/09/24 02:00:13 INFO FileOutputCommitter: FileOutputCommitter skip cleanup _temporary folders under output directory:false, ignore cleanup failures: false
[2024-09-24T02:00:13.186+0000] {ssh.py:524} INFO - 24/09/24 02:00:13 WARN AbstractS3ACommitterFactory: Using standard FileOutputCommitter to commit work. This is slow and potentially unsafe.
[2024-09-24T02:00:13.186+0000] {ssh.py:524} INFO - 24/09/24 02:00:13 INFO FileOutputCommitter: File Output Committer Algorithm version is 1
[2024-09-24T02:00:13.187+0000] {ssh.py:524} INFO - 24/09/24 02:00:13 INFO FileOutputCommitter: FileOutputCommitter skip cleanup _temporary folders under output directory:false, ignore cleanup failures: false
[2024-09-24T02:00:13.187+0000] {ssh.py:524} INFO - 24/09/24 02:00:13 INFO AbstractS3ACommitterFactory: Using Committer FileOutputCommitter{PathOutputCommitter{context=TaskAttemptContextImpl{JobContextImpl{jobId=job_202409240200128788099562726211591_0000}; taskId=attempt_202409240200128788099562726211591_0000_m_000004_4, status=''}; org.apache.hadoop.mapreduce.lib.output.FileOutputCommitter@503f3a0b}; outputPath=s3a://raw/olhovivo/posicao/dt=2024-09-24, workPath=s3a://raw/olhovivo/posicao/dt=2024-09-24/_temporary/0/_temporary/attempt_202409240200128788099562726211591_0000_m_000004_4, algorithmVersion=1, skipCleanup=false, ignoreCleanupFailures=false} for s3a://raw/olhovivo/posicao/dt=2024-09-24
[2024-09-24T02:00:13.187+0000] {ssh.py:524} INFO - 24/09/24 02:00:13 WARN AbstractS3ACommitterFactory: Using standard FileOutputCommitter to commit work. This is slow and potentially unsafe.
[2024-09-24T02:00:13.188+0000] {ssh.py:524} INFO - 24/09/24 02:00:13 INFO AbstractS3ACommitterFactory: Using Committer FileOutputCommitter{PathOutputCommitter{context=TaskAttemptContextImpl{JobContextImpl{jobId=job_202409240200125350615255496886840_0000}; taskId=attempt_202409240200125350615255496886840_0000_m_000008_8, status=''}; org.apache.hadoop.mapreduce.lib.output.FileOutputCommitter@47aa139b}; outputPath=s3a://raw/olhovivo/posicao/dt=2024-09-24, workPath=s3a://raw/olhovivo/posicao/dt=2024-09-24/_temporary/0/_temporary/attempt_202409240200125350615255496886840_0000_m_000008_8, algorithmVersion=1, skipCleanup=false, ignoreCleanupFailures=false} for s3a://raw/olhovivo/posicao/dt=2024-09-24
[2024-09-24T02:00:13.188+0000] {ssh.py:524} INFO - 24/09/24 02:00:13 INFO FileOutputCommitter: File Output Committer Algorithm version is 1
[2024-09-24T02:00:13.188+0000] {ssh.py:524} INFO - 24/09/24 02:00:13 INFO SQLHadoopMapReduceCommitProtocol: Using output committer class org.apache.hadoop.mapreduce.lib.output.FileOutputCommitter
[2024-09-24T02:00:13.189+0000] {ssh.py:524} INFO - 24/09/24 02:00:13 INFO SQLHadoopMapReduceCommitProtocol: Using output committer class org.apache.hadoop.mapreduce.lib.output.FileOutputCommitter
[2024-09-24T02:00:13.189+0000] {ssh.py:524} INFO - 24/09/24 02:00:13 INFO FileOutputCommitter: FileOutputCommitter skip cleanup _temporary folders under output directory:false, ignore cleanup failures: false
[2024-09-24T02:00:13.189+0000] {ssh.py:524} INFO - 24/09/24 02:00:13 INFO AbstractS3ACommitterFactory: Using Committer FileOutputCommitter{PathOutputCommitter{context=TaskAttemptContextImpl{JobContextImpl{jobId=job_202409240200126742549349525162230_0000}; taskId=attempt_202409240200126742549349525162230_0000_m_000009_9, status=''}; org.apache.hadoop.mapreduce.lib.output.FileOutputCommitter@6d9d7347}; outputPath=s3a://raw/olhovivo/posicao/dt=2024-09-24, workPath=s3a://raw/olhovivo/posicao/dt=2024-09-24/_temporary/0/_temporary/attempt_202409240200126742549349525162230_0000_m_000009_9, algorithmVersion=1, skipCleanup=false, ignoreCleanupFailures=false} for s3a://raw/olhovivo/posicao/dt=2024-09-24
[2024-09-24T02:00:13.190+0000] {ssh.py:524} INFO - 24/09/24 02:00:13 INFO SQLHadoopMapReduceCommitProtocol: Using output committer class org.apache.hadoop.mapreduce.lib.output.FileOutputCommitter
[2024-09-24T02:00:13.190+0000] {ssh.py:524} INFO - 24/09/24 02:00:13 INFO AbstractS3ACommitterFactory: Using Committer FileOutputCommitter{PathOutputCommitter{context=TaskAttemptContextImpl{JobContextImpl{jobId=job_202409240200124250111057164827476_0000}; taskId=attempt_202409240200124250111057164827476_0000_m_000007_7, status=''}; org.apache.hadoop.mapreduce.lib.output.FileOutputCommitter@17deeb4b}; outputPath=s3a://raw/olhovivo/posicao/dt=2024-09-24, workPath=s3a://raw/olhovivo/posicao/dt=2024-09-24/_temporary/0/_temporary/attempt_202409240200124250111057164827476_0000_m_000007_7, algorithmVersion=1, skipCleanup=false, ignoreCleanupFailures=false} for s3a://raw/olhovivo/posicao/dt=2024-09-24
[2024-09-24T02:00:13.190+0000] {ssh.py:524} INFO - 24/09/24 02:00:13 WARN AbstractS3ACommitterFactory: Using standard FileOutputCommitter to commit work. This is slow and potentially unsafe.
[2024-09-24T02:00:13.191+0000] {ssh.py:524} INFO - 24/09/24 02:00:13 INFO SQLHadoopMapReduceCommitProtocol: Using output committer class org.apache.hadoop.mapreduce.lib.output.FileOutputCommitter
[2024-09-24T02:00:13.191+0000] {ssh.py:524} INFO - 24/09/24 02:00:13 INFO FileOutputCommitter: File Output Committer Algorithm version is 1
[2024-09-24T02:00:13.191+0000] {ssh.py:524} INFO - 24/09/24 02:00:13 INFO FileOutputCommitter: FileOutputCommitter skip cleanup _temporary folders under output directory:false, ignore cleanup failures: false
[2024-09-24T02:00:13.192+0000] {ssh.py:524} INFO - 24/09/24 02:00:13 INFO AbstractS3ACommitterFactory: Using Committer FileOutputCommitter{PathOutputCommitter{context=TaskAttemptContextImpl{JobContextImpl{jobId=job_202409240200123486776970870232440_0000}; taskId=attempt_202409240200123486776970870232440_0000_m_000000_0, status=''}; org.apache.hadoop.mapreduce.lib.output.FileOutputCommitter@2f97bbe5}; outputPath=s3a://raw/olhovivo/posicao/dt=2024-09-24, workPath=s3a://raw/olhovivo/posicao/dt=2024-09-24/_temporary/0/_temporary/attempt_202409240200123486776970870232440_0000_m_000000_0, algorithmVersion=1, skipCleanup=false, ignoreCleanupFailures=false} for s3a://raw/olhovivo/posicao/dt=2024-09-24
[2024-09-24T02:00:13.192+0000] {ssh.py:524} INFO - 24/09/24 02:00:13 INFO SQLHadoopMapReduceCommitProtocol: Using output committer class org.apache.hadoop.mapreduce.lib.output.FileOutputCommitter
[2024-09-24T02:00:13.194+0000] {ssh.py:524} INFO - 24/09/24 02:00:13 WARN AbstractS3ACommitterFactory: Using standard FileOutputCommitter to commit work. This is slow and potentially unsafe.
[2024-09-24T02:00:13.194+0000] {ssh.py:524} INFO - 24/09/24 02:00:13 INFO FileOutputCommitter: File Output Committer Algorithm version is 1
[2024-09-24T02:00:13.195+0000] {ssh.py:524} INFO - 24/09/24 02:00:13 WARN AbstractS3ACommitterFactory: Using standard FileOutputCommitter to commit work. This is slow and potentially unsafe.
[2024-09-24T02:00:13.196+0000] {ssh.py:524} INFO - 24/09/24 02:00:13 INFO FileOutputCommitter: FileOutputCommitter skip cleanup _temporary folders under output directory:false, ignore cleanup failures: false
[2024-09-24T02:00:13.196+0000] {ssh.py:524} INFO - 24/09/24 02:00:13 INFO FileOutputCommitter: File Output Committer Algorithm version is 1
[2024-09-24T02:00:13.196+0000] {ssh.py:524} INFO - 24/09/24 02:00:13 INFO FileOutputCommitter: FileOutputCommitter skip cleanup _temporary folders under output directory:false, ignore cleanup failures: false
[2024-09-24T02:00:13.197+0000] {ssh.py:524} INFO - 24/09/24 02:00:13 INFO AbstractS3ACommitterFactory: Using Committer FileOutputCommitter{PathOutputCommitter{context=TaskAttemptContextImpl{JobContextImpl{jobId=job_202409240200126408834282825963526_0000}; taskId=attempt_202409240200126408834282825963526_0000_m_000002_2, status=''}; org.apache.hadoop.mapreduce.lib.output.FileOutputCommitter@21708e9b}; outputPath=s3a://raw/olhovivo/posicao/dt=2024-09-24, workPath=s3a://raw/olhovivo/posicao/dt=2024-09-24/_temporary/0/_temporary/attempt_202409240200126408834282825963526_0000_m_000002_2, algorithmVersion=1, skipCleanup=false, ignoreCleanupFailures=false} for s3a://raw/olhovivo/posicao/dt=2024-09-24
[2024-09-24T02:00:13.198+0000] {ssh.py:524} INFO - 24/09/24 02:00:13 INFO AbstractS3ACommitterFactory: Using Committer FileOutputCommitter{PathOutputCommitter{context=TaskAttemptContextImpl{JobContextImpl{jobId=job_202409240200125030748664658905017_0000}; taskId=attempt_202409240200125030748664658905017_0000_m_000003_3, status=''}; org.apache.hadoop.mapreduce.lib.output.FileOutputCommitter@4e6f90a8}; outputPath=s3a://raw/olhovivo/posicao/dt=2024-09-24, workPath=s3a://raw/olhovivo/posicao/dt=2024-09-24/_temporary/0/_temporary/attempt_202409240200125030748664658905017_0000_m_000003_3, algorithmVersion=1, skipCleanup=false, ignoreCleanupFailures=false} for s3a://raw/olhovivo/posicao/dt=2024-09-24
[2024-09-24T02:00:13.199+0000] {ssh.py:524} INFO - 24/09/24 02:00:13 INFO SQLHadoopMapReduceCommitProtocol: Using output committer class org.apache.hadoop.mapreduce.lib.output.FileOutputCommitter
[2024-09-24T02:00:13.200+0000] {ssh.py:524} INFO - 24/09/24 02:00:13 INFO SQLHadoopMapReduceCommitProtocol: Using output committer class org.apache.hadoop.mapreduce.lib.output.FileOutputCommitter
[2024-09-24T02:00:13.203+0000] {ssh.py:524} INFO - 24/09/24 02:00:13 WARN AbstractS3ACommitterFactory: Using standard FileOutputCommitter to commit work. This is slow and potentially unsafe.
[2024-09-24T02:00:13.204+0000] {ssh.py:524} INFO - 24/09/24 02:00:13 INFO FileOutputCommitter: File Output Committer Algorithm version is 1
[2024-09-24T02:00:13.205+0000] {ssh.py:524} INFO - 24/09/24 02:00:13 INFO FileOutputCommitter: FileOutputCommitter skip cleanup _temporary folders under output directory:false, ignore cleanup failures: false
[2024-09-24T02:00:13.206+0000] {ssh.py:524} INFO - 24/09/24 02:00:13 INFO AbstractS3ACommitterFactory: Using Committer FileOutputCommitter{PathOutputCommitter{context=TaskAttemptContextImpl{JobContextImpl{jobId=job_202409240200124973868099916022503_0000}; taskId=attempt_202409240200124973868099916022503_0000_m_000005_5, status=''}; org.apache.hadoop.mapreduce.lib.output.FileOutputCommitter@2b8b992b}; outputPath=s3a://raw/olhovivo/posicao/dt=2024-09-24, workPath=s3a://raw/olhovivo/posicao/dt=2024-09-24/_temporary/0/_temporary/attempt_202409240200124973868099916022503_0000_m_000005_5, algorithmVersion=1, skipCleanup=false, ignoreCleanupFailures=false} for s3a://raw/olhovivo/posicao/dt=2024-09-24
[2024-09-24T02:00:13.206+0000] {ssh.py:524} INFO - 24/09/24 02:00:13 INFO SQLHadoopMapReduceCommitProtocol: Using output committer class org.apache.hadoop.mapreduce.lib.output.FileOutputCommitter
[2024-09-24T02:00:13.237+0000] {ssh.py:524} INFO - 24/09/24 02:00:13 WARN AbstractS3ACommitterFactory: Using standard FileOutputCommitter to commit work. This is slow and potentially unsafe.
[2024-09-24T02:00:13.238+0000] {ssh.py:524} INFO - 24/09/24 02:00:13 INFO FileOutputCommitter: File Output Committer Algorithm version is 1
[2024-09-24T02:00:13.238+0000] {ssh.py:524} INFO - 24/09/24 02:00:13 INFO FileOutputCommitter: FileOutputCommitter skip cleanup _temporary folders under output directory:false, ignore cleanup failures: false
[2024-09-24T02:00:13.239+0000] {ssh.py:524} INFO - 24/09/24 02:00:13 INFO AbstractS3ACommitterFactory: Using Committer FileOutputCommitter{PathOutputCommitter{context=TaskAttemptContextImpl{JobContextImpl{jobId=job_202409240200125846141094376352718_0000}; taskId=attempt_202409240200125846141094376352718_0000_m_000001_1, status=''}; org.apache.hadoop.mapreduce.lib.output.FileOutputCommitter@15e10c4}; outputPath=s3a://raw/olhovivo/posicao/dt=2024-09-24, workPath=s3a://raw/olhovivo/posicao/dt=2024-09-24/_temporary/0/_temporary/attempt_202409240200125846141094376352718_0000_m_000001_1, algorithmVersion=1, skipCleanup=false, ignoreCleanupFailures=false} for s3a://raw/olhovivo/posicao/dt=2024-09-24
[2024-09-24T02:00:13.239+0000] {ssh.py:524} INFO - 24/09/24 02:00:13 INFO SQLHadoopMapReduceCommitProtocol: Using output committer class org.apache.hadoop.mapreduce.lib.output.FileOutputCommitter
[2024-09-24T02:00:13.273+0000] {ssh.py:524} INFO - 24/09/24 02:00:13 INFO PythonRunner: Times: total = 521, boot = 425, init = 96, finish = 0
[2024-09-24T02:00:13.278+0000] {ssh.py:524} INFO - 24/09/24 02:00:13 INFO PythonRunner: Times: total = 523, boot = 417, init = 106, finish = 0
[2024-09-24T02:00:13.279+0000] {ssh.py:524} INFO - 24/09/24 02:00:13 INFO PythonRunner: Times: total = 529, boot = 415, init = 114, finish = 0
[2024-09-24T02:00:13.279+0000] {ssh.py:524} INFO - 24/09/24 02:00:13 INFO PythonRunner: Times: total = 533, boot = 422, init = 111, finish = 0
[2024-09-24T02:00:13.280+0000] {ssh.py:524} INFO - 24/09/24 02:00:13 WARN AbstractS3ACommitterFactory: Using standard FileOutputCommitter to commit work. This is slow and potentially unsafe.
[2024-09-24T02:00:13.280+0000] {ssh.py:524} INFO - 24/09/24 02:00:13 INFO FileOutputCommitter: File Output Committer Algorithm version is 1
[2024-09-24T02:00:13.281+0000] {ssh.py:524} INFO - 24/09/24 02:00:13 INFO FileOutputCommitter: FileOutputCommitter skip cleanup _temporary folders under output directory:false, ignore cleanup failures: false
[2024-09-24T02:00:13.281+0000] {ssh.py:524} INFO - 24/09/24 02:00:13 INFO AbstractS3ACommitterFactory: Using Committer FileOutputCommitter{PathOutputCommitter{context=TaskAttemptContextImpl{JobContextImpl{jobId=job_20240924020012844051605727254299_0000}; taskId=attempt_20240924020012844051605727254299_0000_m_000006_6, status=''}; org.apache.hadoop.mapreduce.lib.output.FileOutputCommitter@73d510f}; outputPath=s3a://raw/olhovivo/posicao/dt=2024-09-24, workPath=s3a://raw/olhovivo/posicao/dt=2024-09-24/_temporary/0/_temporary/attempt_20240924020012844051605727254299_0000_m_000006_6, algorithmVersion=1, skipCleanup=false, ignoreCleanupFailures=false} for s3a://raw/olhovivo/posicao/dt=2024-09-24
[2024-09-24T02:00:13.282+0000] {ssh.py:524} INFO - 24/09/24 02:00:13 INFO SQLHadoopMapReduceCommitProtocol: Using output committer class org.apache.hadoop.mapreduce.lib.output.FileOutputCommitter
[2024-09-24T02:00:13.294+0000] {ssh.py:524} INFO - 24/09/24 02:00:13 INFO SparkHadoopMapRedUtil: No need to commit output of task because needsTaskCommit=false: attempt_202409240200124250111057164827476_0000_m_000007_7
[2024-09-24T02:00:13.297+0000] {ssh.py:524} INFO - 24/09/24 02:00:13 WARN AbstractS3ACommitterFactory: Using standard FileOutputCommitter to commit work. This is slow and potentially unsafe.
[2024-09-24T02:00:13.298+0000] {ssh.py:524} INFO - 24/09/24 02:00:13 INFO FileOutputCommitter: File Output Committer Algorithm version is 1
[2024-09-24T02:00:13.298+0000] {ssh.py:524} INFO - 24/09/24 02:00:13 INFO FileOutputCommitter: FileOutputCommitter skip cleanup _temporary folders under output directory:false, ignore cleanup failures: false
[2024-09-24T02:00:13.299+0000] {ssh.py:524} INFO - 24/09/24 02:00:13 INFO PythonRunner: Times: total = 550, boot = 443, init = 107, finish = 0
[2024-09-24T02:00:13.299+0000] {ssh.py:524} INFO - 24/09/24 02:00:13 INFO AbstractS3ACommitterFactory: Using Committer FileOutputCommitter{PathOutputCommitter{context=TaskAttemptContextImpl{JobContextImpl{jobId=job_202409240200125953649888222750783_0000}; taskId=attempt_202409240200125953649888222750783_0000_m_000010_10, status=''}; org.apache.hadoop.mapreduce.lib.output.FileOutputCommitter@a6de028}; outputPath=s3a://raw/olhovivo/posicao/dt=2024-09-24, workPath=s3a://raw/olhovivo/posicao/dt=2024-09-24/_temporary/0/_temporary/attempt_202409240200125953649888222750783_0000_m_000010_10, algorithmVersion=1, skipCleanup=false, ignoreCleanupFailures=false} for s3a://raw/olhovivo/posicao/dt=2024-09-24
[2024-09-24T02:00:13.300+0000] {ssh.py:524} INFO - 24/09/24 02:00:13 INFO SQLHadoopMapReduceCommitProtocol: Using output committer class org.apache.hadoop.mapreduce.lib.output.FileOutputCommitter
[2024-09-24T02:00:13.304+0000] {ssh.py:524} INFO - 24/09/24 02:00:13 INFO PythonRunner: Times: total = 559, boot = 434, init = 125, finish = 0
[2024-09-24T02:00:13.307+0000] {ssh.py:524} INFO - 24/09/24 02:00:13 INFO SparkHadoopMapRedUtil: No need to commit output of task because needsTaskCommit=false: attempt_202409240200124973868099916022503_0000_m_000005_5
[2024-09-24T02:00:13.309+0000] {ssh.py:524} INFO - 24/09/24 02:00:13 INFO SparkHadoopMapRedUtil: No need to commit output of task because needsTaskCommit=false: attempt_202409240200125350615255496886840_0000_m_000008_8
[2024-09-24T02:00:13.311+0000] {ssh.py:524} INFO - 24/09/24 02:00:13 INFO SparkHadoopMapRedUtil: No need to commit output of task because needsTaskCommit=false: attempt_202409240200126408834282825963526_0000_m_000002_2
[2024-09-24T02:00:13.315+0000] {ssh.py:524} INFO - 24/09/24 02:00:13 INFO SparkHadoopMapRedUtil: No need to commit output of task because needsTaskCommit=false: attempt_202409240200128788099562726211591_0000_m_000004_4
[2024-09-24T02:00:13.318+0000] {ssh.py:524} INFO - 24/09/24 02:00:13 INFO SparkHadoopMapRedUtil: No need to commit output of task because needsTaskCommit=false: attempt_202409240200126742549349525162230_0000_m_000009_9
[2024-09-24T02:00:13.318+0000] {ssh.py:524} INFO - 24/09/24 02:00:13 INFO PythonRunner: Times: total = 571, boot = 440, init = 131, finish = 0
[2024-09-24T02:00:13.342+0000] {ssh.py:524} INFO - 24/09/24 02:00:13 INFO Executor: Finished task 7.0 in stage 0.0 (TID 7). 2828 bytes result sent to driver
[2024-09-24T02:00:13.343+0000] {ssh.py:524} INFO - 24/09/24 02:00:13 INFO Executor: Finished task 9.0 in stage 0.0 (TID 9). 2871 bytes result sent to driver
[2024-09-24T02:00:13.343+0000] {ssh.py:524} INFO - 24/09/24 02:00:13 INFO Executor: Finished task 8.0 in stage 0.0 (TID 8). 2871 bytes result sent to driver
[2024-09-24T02:00:13.346+0000] {ssh.py:524} INFO - 24/09/24 02:00:13 INFO Executor: Finished task 2.0 in stage 0.0 (TID 2). 2871 bytes result sent to driver
[2024-09-24T02:00:13.347+0000] {ssh.py:524} INFO - 24/09/24 02:00:13 INFO Executor: Finished task 5.0 in stage 0.0 (TID 5). 2871 bytes result sent to driver
[2024-09-24T02:00:13.348+0000] {ssh.py:524} INFO - 24/09/24 02:00:13 INFO SparkHadoopMapRedUtil: No need to commit output of task because needsTaskCommit=false: attempt_202409240200125030748664658905017_0000_m_000003_3
[2024-09-24T02:00:13.349+0000] {ssh.py:524} INFO - 24/09/24 02:00:13 INFO Executor: Finished task 4.0 in stage 0.0 (TID 4). 2871 bytes result sent to driver
[2024-09-24T02:00:13.355+0000] {ssh.py:524} INFO - 24/09/24 02:00:13 INFO Executor: Finished task 3.0 in stage 0.0 (TID 3). 2828 bytes result sent to driver
[2024-09-24T02:00:13.360+0000] {ssh.py:524} INFO - 24/09/24 02:00:13 WARN AbstractS3ACommitterFactory: Using standard FileOutputCommitter to commit work. This is slow and potentially unsafe.
[2024-09-24T02:00:13.361+0000] {ssh.py:524} INFO - 24/09/24 02:00:13 INFO PythonRunner: Times: total = 519, boot = 418, init = 101, finish = 0
[2024-09-24T02:00:13.362+0000] {ssh.py:524} INFO - 24/09/24 02:00:13 INFO FileOutputCommitter: File Output Committer Algorithm version is 1
[2024-09-24T02:00:13.363+0000] {ssh.py:524} INFO - 24/09/24 02:00:13 INFO FileOutputCommitter: FileOutputCommitter skip cleanup _temporary folders under output directory:false, ignore cleanup failures: false
[2024-09-24T02:00:13.365+0000] {ssh.py:524} INFO - 24/09/24 02:00:13 INFO AbstractS3ACommitterFactory: Using Committer FileOutputCommitter{PathOutputCommitter{context=TaskAttemptContextImpl{JobContextImpl{jobId=job_202409240200128009740228149162889_0000}; taskId=attempt_202409240200128009740228149162889_0000_m_000011_11, status=''}; org.apache.hadoop.mapreduce.lib.output.FileOutputCommitter@61567a69}; outputPath=s3a://raw/olhovivo/posicao/dt=2024-09-24, workPath=s3a://raw/olhovivo/posicao/dt=2024-09-24/_temporary/0/_temporary/attempt_202409240200128009740228149162889_0000_m_000011_11, algorithmVersion=1, skipCleanup=false, ignoreCleanupFailures=false} for s3a://raw/olhovivo/posicao/dt=2024-09-24
[2024-09-24T02:00:13.365+0000] {ssh.py:524} INFO - 24/09/24 02:00:13 INFO SQLHadoopMapReduceCommitProtocol: Using output committer class org.apache.hadoop.mapreduce.lib.output.FileOutputCommitter
[2024-09-24T02:00:13.366+0000] {ssh.py:524} INFO - 24/09/24 02:00:13 INFO PythonRunner: Times: total = 616, boot = 478, init = 138, finish = 0
[2024-09-24T02:00:13.367+0000] {ssh.py:524} INFO - 24/09/24 02:00:13 INFO TaskSetManager: Finished task 8.0 in stage 0.0 (TID 8) in 908 ms on spark-master (executor driver) (1/12)
[2024-09-24T02:00:13.367+0000] {ssh.py:524} INFO - 24/09/24 02:00:13 INFO TaskSetManager: Finished task 5.0 in stage 0.0 (TID 5) in 914 ms on spark-master (executor driver) (2/12)
[2024-09-24T02:00:13.367+0000] {ssh.py:524} INFO - 24/09/24 02:00:13 INFO TaskSetManager: Finished task 9.0 in stage 0.0 (TID 9) in 913 ms on spark-master (executor driver) (3/12)
[2024-09-24T02:00:13.368+0000] {ssh.py:524} INFO - 24/09/24 02:00:13 INFO TaskSetManager: Finished task 7.0 in stage 0.0 (TID 7) in 916 ms on spark-master (executor driver) (4/12)
[2024-09-24T02:00:13.370+0000] {ssh.py:524} INFO - 24/09/24 02:00:13 INFO PythonAccumulatorV2: Connected to AccumulatorServer at host: 127.0.0.1 port: 53789
[2024-09-24T02:00:13.373+0000] {ssh.py:524} INFO - 24/09/24 02:00:13 INFO PythonRunner: Times: total = 626, boot = 466, init = 160, finish = 0
[2024-09-24T02:00:13.374+0000] {ssh.py:524} INFO - 24/09/24 02:00:13 INFO TaskSetManager: Finished task 2.0 in stage 0.0 (TID 2) in 921 ms on spark-master (executor driver) (5/12)
[2024-09-24T02:00:13.378+0000] {ssh.py:524} INFO - 24/09/24 02:00:13 INFO PythonRunner: Times: total = 629, boot = 474, init = 155, finish = 0
[2024-09-24T02:00:13.380+0000] {ssh.py:524} INFO - 24/09/24 02:00:13 INFO TaskSetManager: Finished task 3.0 in stage 0.0 (TID 3) in 926 ms on spark-master (executor driver) (6/12)
[2024-09-24T02:00:13.380+0000] {ssh.py:524} INFO - 24/09/24 02:00:13 INFO TaskSetManager: Finished task 4.0 in stage 0.0 (TID 4) in 925 ms on spark-master (executor driver) (7/12)
[2024-09-24T02:00:13.390+0000] {ssh.py:524} INFO - 24/09/24 02:00:13 INFO SparkHadoopMapRedUtil: No need to commit output of task because needsTaskCommit=false: attempt_202409240200125846141094376352718_0000_m_000001_1
[2024-09-24T02:00:13.393+0000] {ssh.py:524} INFO - 24/09/24 02:00:13 INFO Executor: Finished task 1.0 in stage 0.0 (TID 1). 2828 bytes result sent to driver
[2024-09-24T02:00:13.397+0000] {ssh.py:524} INFO - 24/09/24 02:00:13 INFO SparkHadoopMapRedUtil: No need to commit output of task because needsTaskCommit=false: attempt_202409240200125953649888222750783_0000_m_000010_10
[2024-09-24T02:00:13.398+0000] {ssh.py:524} INFO - 24/09/24 02:00:13 INFO TaskSetManager: Finished task 1.0 in stage 0.0 (TID 1) in 949 ms on spark-master (executor driver) (8/12)
[2024-09-24T02:00:13.398+0000] {ssh.py:524} INFO - 24/09/24 02:00:13 INFO SparkHadoopMapRedUtil: No need to commit output of task because needsTaskCommit=false: attempt_20240924020012844051605727254299_0000_m_000006_6
[2024-09-24T02:00:13.401+0000] {ssh.py:524} INFO - 24/09/24 02:00:13 INFO Executor: Finished task 6.0 in stage 0.0 (TID 6). 2828 bytes result sent to driver
[2024-09-24T02:00:13.402+0000] {ssh.py:524} INFO - 24/09/24 02:00:13 INFO TaskSetManager: Finished task 6.0 in stage 0.0 (TID 6) in 950 ms on spark-master (executor driver) (9/12)
[2024-09-24T02:00:13.405+0000] {ssh.py:524} INFO - 24/09/24 02:00:13 INFO Executor: Finished task 10.0 in stage 0.0 (TID 10). 2828 bytes result sent to driver
[2024-09-24T02:00:13.407+0000] {ssh.py:524} INFO - 24/09/24 02:00:13 INFO TaskSetManager: Finished task 10.0 in stage 0.0 (TID 10) in 951 ms on spark-master (executor driver) (10/12)
[2024-09-24T02:00:13.562+0000] {ssh.py:524} INFO - 24/09/24 02:00:13 INFO FileOutputCommitter: Saved output of task 'attempt_202409240200123486776970870232440_0000_m_000000_0' to s3a://raw/olhovivo/posicao/dt=2024-09-24/_temporary/0/task_202409240200123486776970870232440_0000_m_000000
[2024-09-24T02:00:13.563+0000] {ssh.py:524} INFO - 24/09/24 02:00:13 INFO SparkHadoopMapRedUtil: attempt_202409240200123486776970870232440_0000_m_000000_0: Committed. Elapsed time: 112 ms.
[2024-09-24T02:00:13.565+0000] {ssh.py:524} INFO - 24/09/24 02:00:13 INFO Executor: Finished task 0.0 in stage 0.0 (TID 0). 2828 bytes result sent to driver
[2024-09-24T02:00:13.566+0000] {ssh.py:524} INFO - 24/09/24 02:00:13 INFO TaskSetManager: Finished task 0.0 in stage 0.0 (TID 0) in 1175 ms on spark-master (executor driver) (11/12)
[2024-09-24T02:00:13.604+0000] {ssh.py:524} INFO - 24/09/24 02:00:13 INFO PythonRunner: Times: total = 691, boot = 483, init = 197, finish = 11
[2024-09-24T02:00:13.729+0000] {ssh.py:524} INFO - 24/09/24 02:00:13 INFO FileOutputCommitter: Saved output of task 'attempt_202409240200128009740228149162889_0000_m_000011_11' to s3a://raw/olhovivo/posicao/dt=2024-09-24/_temporary/0/task_202409240200128009740228149162889_0000_m_000011
[2024-09-24T02:00:13.730+0000] {ssh.py:524} INFO - 24/09/24 02:00:13 INFO SparkHadoopMapRedUtil: attempt_202409240200128009740228149162889_0000_m_000011_11: Committed. Elapsed time: 79 ms.
[2024-09-24T02:00:13.731+0000] {ssh.py:524} INFO - 24/09/24 02:00:13 INFO Executor: Finished task 11.0 in stage 0.0 (TID 11). 2914 bytes result sent to driver
[2024-09-24T02:00:13.733+0000] {ssh.py:524} INFO - 24/09/24 02:00:13 INFO TaskSetManager: Finished task 11.0 in stage 0.0 (TID 11) in 1278 ms on spark-master (executor driver) (12/12)
[2024-09-24T02:00:13.735+0000] {ssh.py:524} INFO - 24/09/24 02:00:13 INFO TaskSchedulerImpl: Removed TaskSet 0.0, whose tasks have all completed, from pool 
[2024-09-24T02:00:13.736+0000] {ssh.py:524} INFO - 24/09/24 02:00:13 INFO DAGScheduler: ResultStage 0 (save at NativeMethodAccessorImpl.java:0) finished in 1.558 s
[2024-09-24T02:00:13.739+0000] {ssh.py:524} INFO - 24/09/24 02:00:13 INFO DAGScheduler: Job 0 is finished. Cancelling potential speculative or zombie tasks for this job
[2024-09-24T02:00:13.739+0000] {ssh.py:524} INFO - 24/09/24 02:00:13 INFO TaskSchedulerImpl: Killing all running tasks in stage 0: Stage finished
[2024-09-24T02:00:13.741+0000] {ssh.py:524} INFO - 24/09/24 02:00:13 INFO DAGScheduler: Job 0 finished: save at NativeMethodAccessorImpl.java:0, took 1.624441 s
[2024-09-24T02:00:13.743+0000] {ssh.py:524} INFO - 24/09/24 02:00:13 INFO FileFormatWriter: Start to commit write Job 21b7a64e-d6a2-4e8f-b015-30b282199f2a.
[2024-09-24T02:00:13.926+0000] {ssh.py:524} INFO - 24/09/24 02:00:13 INFO FileFormatWriter: Write Job 21b7a64e-d6a2-4e8f-b015-30b282199f2a committed. Elapsed time: 182 ms.
[2024-09-24T02:00:13.929+0000] {ssh.py:524} INFO - 24/09/24 02:00:13 INFO FileFormatWriter: Finished processing stats for write job 21b7a64e-d6a2-4e8f-b015-30b282199f2a.
[2024-09-24T02:00:13.932+0000] {ssh.py:524} INFO - [DEBUG] Done.
[2024-09-24T02:00:13.970+0000] {ssh.py:524} INFO - 24/09/24 02:00:13 INFO SparkContext: Invoking stop() from shutdown hook
[2024-09-24T02:00:13.980+0000] {ssh.py:524} INFO - 24/09/24 02:00:13 INFO SparkUI: Stopped Spark web UI at http://spark-master:4043
[2024-09-24T02:00:14.000+0000] {ssh.py:524} INFO - 24/09/24 02:00:13 INFO MapOutputTrackerMasterEndpoint: MapOutputTrackerMasterEndpoint stopped!
[2024-09-24T02:00:14.012+0000] {ssh.py:524} INFO - 24/09/24 02:00:14 INFO MemoryStore: MemoryStore cleared
[2024-09-24T02:00:14.012+0000] {ssh.py:524} INFO - 24/09/24 02:00:14 INFO BlockManager: BlockManager stopped
[2024-09-24T02:00:14.017+0000] {ssh.py:524} INFO - 24/09/24 02:00:14 INFO BlockManagerMaster: BlockManagerMaster stopped
[2024-09-24T02:00:14.019+0000] {ssh.py:524} INFO - 24/09/24 02:00:14 INFO OutputCommitCoordinator$OutputCommitCoordinatorEndpoint: OutputCommitCoordinator stopped!
[2024-09-24T02:00:14.026+0000] {ssh.py:524} INFO - 24/09/24 02:00:14 INFO SparkContext: Successfully stopped SparkContext
[2024-09-24T02:00:14.026+0000] {ssh.py:524} INFO - 24/09/24 02:00:14 INFO ShutdownHookManager: Shutdown hook called
[2024-09-24T02:00:14.027+0000] {ssh.py:524} INFO - 24/09/24 02:00:14 INFO ShutdownHookManager: Deleting directory /tmp/spark-fbf68307-4809-4586-8a11-f67b70e37288
[2024-09-24T02:00:14.029+0000] {ssh.py:524} INFO - 24/09/24 02:00:14 INFO ShutdownHookManager: Deleting directory /tmp/spark-4f280f62-07ea-44a3-8b45-335c1e2e5651
[2024-09-24T02:00:14.031+0000] {ssh.py:524} INFO - 24/09/24 02:00:14 INFO ShutdownHookManager: Deleting directory /tmp/spark-4f280f62-07ea-44a3-8b45-335c1e2e5651/pyspark-a29d5971-8a69-4402-abda-4c2d4e1244c8
[2024-09-24T02:00:14.036+0000] {ssh.py:524} INFO - 24/09/24 02:00:14 INFO MetricsSystemImpl: Stopping s3a-file-system metrics system...
[2024-09-24T02:00:14.036+0000] {ssh.py:524} INFO - 24/09/24 02:00:14 INFO MetricsSystemImpl: s3a-file-system metrics system stopped.
[2024-09-24T02:00:14.037+0000] {ssh.py:524} INFO - 24/09/24 02:00:14 INFO MetricsSystemImpl: s3a-file-system metrics system shutdown complete.
[2024-09-24T02:00:14.189+0000] {taskinstance.py:1400} INFO - Marking task as SUCCESS. dag_id=raw_ingestion_15min, task_id=spark_raw_ingestion_posicao, execution_date=20240924T014500, start_date=20240924T020000, end_date=20240924T020014
[2024-09-24T02:00:14.249+0000] {local_task_job_runner.py:228} INFO - Task exited with return code 0
[2024-09-24T02:00:14.298+0000] {taskinstance.py:2778} INFO - 1 downstream tasks scheduled from follow-on schedule check
