[2024-09-23T02:06:29.370+0000] {taskinstance.py:1159} INFO - Dependencies all met for dep_context=non-requeueable deps ti=<TaskInstance: raw_ingestion_15min.spark_raw_ingestion_empresa manual__2024-09-23T02:06:28.369355+00:00 [queued]>
[2024-09-23T02:06:29.379+0000] {taskinstance.py:1159} INFO - Dependencies all met for dep_context=requeueable deps ti=<TaskInstance: raw_ingestion_15min.spark_raw_ingestion_empresa manual__2024-09-23T02:06:28.369355+00:00 [queued]>
[2024-09-23T02:06:29.379+0000] {taskinstance.py:1361} INFO - Starting attempt 1 of 1
[2024-09-23T02:06:29.395+0000] {taskinstance.py:1382} INFO - Executing <Task(SSHOperator): spark_raw_ingestion_empresa> on 2024-09-23 02:06:28.369355+00:00
[2024-09-23T02:06:29.400+0000] {standard_task_runner.py:57} INFO - Started process 4391 to run task
[2024-09-23T02:06:29.402+0000] {standard_task_runner.py:84} INFO - Running: ['airflow', 'tasks', 'run', 'raw_ingestion_15min', 'spark_raw_ingestion_empresa', 'manual__2024-09-23T02:06:28.369355+00:00', '--job-id', '472', '--raw', '--subdir', 'DAGS_FOLDER/raw_ingestion_15min.py', '--cfg-path', '/tmp/tmpqtyknmyu']
[2024-09-23T02:06:29.403+0000] {standard_task_runner.py:85} INFO - Job 472: Subtask spark_raw_ingestion_empresa
[2024-09-23T02:06:29.516+0000] {task_command.py:416} INFO - Running <TaskInstance: raw_ingestion_15min.spark_raw_ingestion_empresa manual__2024-09-23T02:06:28.369355+00:00 [running]> on host airflow-worker
[2024-09-23T02:06:29.704+0000] {taskinstance.py:1662} INFO - Exporting env vars: AIRFLOW_CTX_DAG_OWNER='***' AIRFLOW_CTX_DAG_ID='raw_ingestion_15min' AIRFLOW_CTX_TASK_ID='spark_raw_ingestion_empresa' AIRFLOW_CTX_EXECUTION_DATE='2024-09-23T02:06:28.369355+00:00' AIRFLOW_CTX_TRY_NUMBER='1' AIRFLOW_CTX_DAG_RUN_ID='manual__2024-09-23T02:06:28.369355+00:00'
[2024-09-23T02:06:29.705+0000] {ssh.py:141} INFO - Creating ssh_client
[2024-09-23T02:06:29.705+0000] {ssh.py:114} INFO - ssh_hook is not provided or invalid. Trying ssh_conn_id to create SSHHook.
[2024-09-23T02:06:29.733+0000] {base.py:73} INFO - Using connection ID 'spark_ssh_default' for task execution.
[2024-09-23T02:06:29.733+0000] {ssh.py:300} WARNING - No Host Key Verification. This won't protect against Man-In-The-Middle attacks
[2024-09-23T02:06:29.742+0000] {transport.py:1893} INFO - Connected (version 2.0, client OpenSSH_8.9p1)
[2024-09-23T02:06:29.827+0000] {transport.py:1893} INFO - Authentication (password) successful!
[2024-09-23T02:06:29.828+0000] {ssh.py:478} INFO - Running command: export SPARK_HOME=/usr/local/spark; /opt/conda/bin/spark-submit --master local[*] --driver-cores 2 --executor-cores 2 --driver-memory 4G --executor-memory 4G /opt/shared/scripts/raw_ingestion.py 2024-09-23 empresa
[2024-09-23T02:06:32.301+0000] {ssh.py:524} INFO - [DEBUG] dt_now: 2024-09-23
[2024-09-23T02:06:32.301+0000] {ssh.py:524} INFO - [DEBUG] endpoint: empresa
[2024-09-23T02:06:32.368+0000] {ssh.py:524} INFO - 24/09/23 02:06:32 INFO SparkContext: Running Spark version 3.3.1
[2024-09-23T02:06:32.391+0000] {ssh.py:524} INFO - 24/09/23 02:06:32 WARN NativeCodeLoader: Unable to load native-hadoop library for your platform... using builtin-java classes where applicable
[2024-09-23T02:06:32.471+0000] {ssh.py:524} INFO - 24/09/23 02:06:32 INFO ResourceUtils: ==============================================================
[2024-09-23T02:06:32.472+0000] {ssh.py:524} INFO - 24/09/23 02:06:32 INFO ResourceUtils: No custom resources configured for spark.driver.
[2024-09-23T02:06:32.473+0000] {ssh.py:524} INFO - 24/09/23 02:06:32 INFO ResourceUtils: ==============================================================
[2024-09-23T02:06:32.473+0000] {ssh.py:524} INFO - 24/09/23 02:06:32 INFO SparkContext: Submitted application: raw_ingestion_empresa
[2024-09-23T02:06:32.492+0000] {ssh.py:524} INFO - 24/09/23 02:06:32 INFO ResourceProfile: Default ResourceProfile created, executor resources: Map(cores -> name: cores, amount: 1, script: , vendor: , memory -> name: memory, amount: 1024, script: , vendor: , offHeap -> name: offHeap, amount: 0, script: , vendor: ), task resources: Map(cpus -> name: cpus, amount: 1.0)
[2024-09-23T02:06:32.500+0000] {ssh.py:524} INFO - 24/09/23 02:06:32 INFO ResourceProfile: Limiting resource is cpu
[2024-09-23T02:06:32.501+0000] {ssh.py:524} INFO - 24/09/23 02:06:32 INFO ResourceProfileManager: Added ResourceProfile id: 0
[2024-09-23T02:06:32.540+0000] {ssh.py:524} INFO - 24/09/23 02:06:32 INFO SecurityManager: Changing view acls to: root
[2024-09-23T02:06:32.541+0000] {ssh.py:524} INFO - 24/09/23 02:06:32 INFO SecurityManager: Changing modify acls to: root
[2024-09-23T02:06:32.541+0000] {ssh.py:524} INFO - 24/09/23 02:06:32 INFO SecurityManager: Changing view acls groups to: 
[2024-09-23T02:06:32.542+0000] {ssh.py:524} INFO - 24/09/23 02:06:32 INFO SecurityManager: Changing modify acls groups to: 
[2024-09-23T02:06:32.542+0000] {ssh.py:524} INFO - 24/09/23 02:06:32 INFO SecurityManager: SecurityManager: authentication disabled; ui acls disabled; users  with view permissions: Set(root); groups with view permissions: Set(); users  with modify permissions: Set(root); groups with modify permissions: Set()
[2024-09-23T02:06:32.808+0000] {ssh.py:524} INFO - 24/09/23 02:06:32 INFO Utils: Successfully started service 'sparkDriver' on port 46801.
[2024-09-23T02:06:32.842+0000] {ssh.py:524} INFO - 24/09/23 02:06:32 INFO SparkEnv: Registering MapOutputTracker
[2024-09-23T02:06:32.878+0000] {ssh.py:524} INFO - 24/09/23 02:06:32 INFO SparkEnv: Registering BlockManagerMaster
[2024-09-23T02:06:32.896+0000] {ssh.py:524} INFO - 24/09/23 02:06:32 INFO BlockManagerMasterEndpoint: Using org.apache.spark.storage.DefaultTopologyMapper for getting topology information
[2024-09-23T02:06:32.897+0000] {ssh.py:524} INFO - 24/09/23 02:06:32 INFO BlockManagerMasterEndpoint: BlockManagerMasterEndpoint up
[2024-09-23T02:06:32.902+0000] {ssh.py:524} INFO - 24/09/23 02:06:32 INFO SparkEnv: Registering BlockManagerMasterHeartbeat
[2024-09-23T02:06:32.921+0000] {ssh.py:524} INFO - 24/09/23 02:06:32 INFO DiskBlockManager: Created local directory at /tmp/blockmgr-1aa8abb7-0357-4307-995c-69458475878c
[2024-09-23T02:06:32.944+0000] {ssh.py:524} INFO - 24/09/23 02:06:32 INFO MemoryStore: MemoryStore started with capacity 2.2 GiB
[2024-09-23T02:06:32.965+0000] {ssh.py:524} INFO - 24/09/23 02:06:32 INFO SparkEnv: Registering OutputCommitCoordinator
[2024-09-23T02:06:33.132+0000] {ssh.py:524} INFO - 24/09/23 02:06:33 INFO Utils: Successfully started service 'SparkUI' on port 4040.
[2024-09-23T02:06:33.250+0000] {ssh.py:524} INFO - 24/09/23 02:06:33 INFO Executor: Starting executor ID driver on host spark-master
[2024-09-23T02:06:33.257+0000] {ssh.py:524} INFO - 24/09/23 02:06:33 INFO Executor: Starting executor with user classpath (userClassPathFirst = false): ''
[2024-09-23T02:06:33.280+0000] {ssh.py:524} INFO - 24/09/23 02:06:33 INFO Utils: Successfully started service 'org.apache.spark.network.netty.NettyBlockTransferService' on port 37029.
[2024-09-23T02:06:33.280+0000] {ssh.py:524} INFO - 24/09/23 02:06:33 INFO NettyBlockTransferService: Server created on spark-master:37029
[2024-09-23T02:06:33.282+0000] {ssh.py:524} INFO - 24/09/23 02:06:33 INFO BlockManager: Using org.apache.spark.storage.RandomBlockReplicationPolicy for block replication policy
[2024-09-23T02:06:33.288+0000] {ssh.py:524} INFO - 24/09/23 02:06:33 INFO BlockManagerMaster: Registering BlockManager BlockManagerId(driver, spark-master, 37029, None)
[2024-09-23T02:06:33.291+0000] {ssh.py:524} INFO - 24/09/23 02:06:33 INFO BlockManagerMasterEndpoint: Registering block manager spark-master:37029 with 2.2 GiB RAM, BlockManagerId(driver, spark-master, 37029, None)
[2024-09-23T02:06:33.293+0000] {ssh.py:524} INFO - 24/09/23 02:06:33 INFO BlockManagerMaster: Registered BlockManager BlockManagerId(driver, spark-master, 37029, None)
[2024-09-23T02:06:33.294+0000] {ssh.py:524} INFO - 24/09/23 02:06:33 INFO BlockManager: Initialized BlockManager: BlockManagerId(driver, spark-master, 37029, None)
[2024-09-23T02:06:34.234+0000] {ssh.py:524} INFO - 24/09/23 02:06:34 INFO SharedState: Setting hive.metastore.warehouse.dir ('null') to the value of spark.sql.warehouse.dir.
[2024-09-23T02:06:34.239+0000] {ssh.py:524} INFO - 24/09/23 02:06:34 INFO SharedState: Warehouse path is 'file:/root/spark-warehouse'.
[2024-09-23T02:06:36.513+0000] {ssh.py:524} INFO - 24/09/23 02:06:36 WARN MetricsConfig: Cannot locate configuration: tried hadoop-metrics2-s3a-file-system.properties,hadoop-metrics2.properties
[2024-09-23T02:06:36.527+0000] {ssh.py:524} INFO - 24/09/23 02:06:36 INFO MetricsSystemImpl: Scheduled Metric snapshot period at 10 second(s).
[2024-09-23T02:06:36.527+0000] {ssh.py:524} INFO - 24/09/23 02:06:36 INFO MetricsSystemImpl: s3a-file-system metrics system started
[2024-09-23T02:06:37.844+0000] {ssh.py:524} INFO - 24/09/23 02:06:37 WARN AbstractS3ACommitterFactory: Using standard FileOutputCommitter to commit work. This is slow and potentially unsafe.
[2024-09-23T02:06:37.846+0000] {ssh.py:524} INFO - 24/09/23 02:06:37 INFO FileOutputCommitter: File Output Committer Algorithm version is 1
[2024-09-23T02:06:37.846+0000] {ssh.py:524} INFO - 24/09/23 02:06:37 INFO FileOutputCommitter: FileOutputCommitter skip cleanup _temporary folders under output directory:false, ignore cleanup failures: false
[2024-09-23T02:06:37.851+0000] {ssh.py:524} INFO - 24/09/23 02:06:37 INFO AbstractS3ACommitterFactory: Using Committer FileOutputCommitter{PathOutputCommitter{context=TaskAttemptContextImpl{JobContextImpl{jobId=job_20240923020637286309764913582277_0000}; taskId=attempt_20240923020637286309764913582277_0000_m_000000_0, status=''}; org.apache.hadoop.mapreduce.lib.output.FileOutputCommitter@1a093009}; outputPath=s3a://raw/olhovivo/empresa/dt=2024-09-23, workPath=s3a://raw/olhovivo/empresa/dt=2024-09-23/_temporary/0/_temporary/attempt_20240923020637286309764913582277_0000_m_000000_0, algorithmVersion=1, skipCleanup=false, ignoreCleanupFailures=false} for s3a://raw/olhovivo/empresa/dt=2024-09-23
[2024-09-23T02:06:37.852+0000] {ssh.py:524} INFO - 24/09/23 02:06:37 INFO SQLHadoopMapReduceCommitProtocol: Using output committer class org.apache.hadoop.mapreduce.lib.output.FileOutputCommitter
[2024-09-23T02:06:38.494+0000] {ssh.py:524} INFO - 24/09/23 02:06:38 INFO CodeGenerator: Code generated in 216.609174 ms
[2024-09-23T02:06:38.626+0000] {ssh.py:524} INFO - 24/09/23 02:06:38 INFO SparkContext: Starting job: save at NativeMethodAccessorImpl.java:0
[2024-09-23T02:06:38.639+0000] {ssh.py:524} INFO - 24/09/23 02:06:38 INFO DAGScheduler: Got job 0 (save at NativeMethodAccessorImpl.java:0) with 12 output partitions
[2024-09-23T02:06:38.640+0000] {ssh.py:524} INFO - 24/09/23 02:06:38 INFO DAGScheduler: Final stage: ResultStage 0 (save at NativeMethodAccessorImpl.java:0)
[2024-09-23T02:06:38.640+0000] {ssh.py:524} INFO - 24/09/23 02:06:38 INFO DAGScheduler: Parents of final stage: List()
[2024-09-23T02:06:38.644+0000] {ssh.py:524} INFO - 24/09/23 02:06:38 INFO DAGScheduler: Missing parents: List()
[2024-09-23T02:06:38.649+0000] {ssh.py:524} INFO - 24/09/23 02:06:38 INFO DAGScheduler: Submitting ResultStage 0 (MapPartitionsRDD[5] at save at NativeMethodAccessorImpl.java:0), which has no missing parents
[2024-09-23T02:06:38.796+0000] {ssh.py:524} INFO - 24/09/23 02:06:38 INFO MemoryStore: Block broadcast_0 stored as values in memory (estimated size 223.9 KiB, free 2.2 GiB)
[2024-09-23T02:06:38.858+0000] {ssh.py:524} INFO - 24/09/23 02:06:38 INFO MemoryStore: Block broadcast_0_piece0 stored as bytes in memory (estimated size 81.3 KiB, free 2.2 GiB)
[2024-09-23T02:06:38.867+0000] {ssh.py:524} INFO - 24/09/23 02:06:38 INFO BlockManagerInfo: Added broadcast_0_piece0 in memory on spark-master:37029 (size: 81.3 KiB, free: 2.2 GiB)
[2024-09-23T02:06:38.878+0000] {ssh.py:524} INFO - 24/09/23 02:06:38 INFO SparkContext: Created broadcast 0 from broadcast at DAGScheduler.scala:1513
[2024-09-23T02:06:38.929+0000] {ssh.py:524} INFO - 24/09/23 02:06:38 INFO DAGScheduler: Submitting 12 missing tasks from ResultStage 0 (MapPartitionsRDD[5] at save at NativeMethodAccessorImpl.java:0) (first 15 tasks are for partitions Vector(0, 1, 2, 3, 4, 5, 6, 7, 8, 9, 10, 11))
[2024-09-23T02:06:38.934+0000] {ssh.py:524} INFO - 24/09/23 02:06:38 INFO TaskSchedulerImpl: Adding task set 0.0 with 12 tasks resource profile 0
[2024-09-23T02:06:39.035+0000] {ssh.py:524} INFO - 24/09/23 02:06:39 INFO TaskSetManager: Starting task 0.0 in stage 0.0 (TID 0) (spark-master, executor driver, partition 0, PROCESS_LOCAL, 4433 bytes) taskResourceAssignments Map()
[2024-09-23T02:06:39.039+0000] {ssh.py:524} INFO - 24/09/23 02:06:39 INFO TaskSetManager: Starting task 1.0 in stage 0.0 (TID 1) (spark-master, executor driver, partition 1, PROCESS_LOCAL, 4433 bytes) taskResourceAssignments Map()
[2024-09-23T02:06:39.042+0000] {ssh.py:524} INFO - 24/09/23 02:06:39 INFO TaskSetManager: Starting task 2.0 in stage 0.0 (TID 2) (spark-master, executor driver, partition 2, PROCESS_LOCAL, 4433 bytes) taskResourceAssignments Map()
[2024-09-23T02:06:39.043+0000] {ssh.py:524} INFO - 24/09/23 02:06:39 INFO TaskSetManager: Starting task 3.0 in stage 0.0 (TID 3) (spark-master, executor driver, partition 3, PROCESS_LOCAL, 4433 bytes) taskResourceAssignments Map()
[2024-09-23T02:06:39.053+0000] {ssh.py:524} INFO - 24/09/23 02:06:39 INFO TaskSetManager: Starting task 4.0 in stage 0.0 (TID 4) (spark-master, executor driver, partition 4, PROCESS_LOCAL, 4433 bytes) taskResourceAssignments Map()
[2024-09-23T02:06:39.053+0000] {ssh.py:524} INFO - 24/09/23 02:06:39 INFO TaskSetManager: Starting task 5.0 in stage 0.0 (TID 5) (spark-master, executor driver, partition 5, PROCESS_LOCAL, 4433 bytes) taskResourceAssignments Map()
[2024-09-23T02:06:39.054+0000] {ssh.py:524} INFO - 24/09/23 02:06:39 INFO TaskSetManager: Starting task 6.0 in stage 0.0 (TID 6) (spark-master, executor driver, partition 6, PROCESS_LOCAL, 4433 bytes) taskResourceAssignments Map()
[2024-09-23T02:06:39.054+0000] {ssh.py:524} INFO - 24/09/23 02:06:39 INFO TaskSetManager: Starting task 7.0 in stage 0.0 (TID 7) (spark-master, executor driver, partition 7, PROCESS_LOCAL, 4433 bytes) taskResourceAssignments Map()
[2024-09-23T02:06:39.055+0000] {ssh.py:524} INFO - 24/09/23 02:06:39 INFO TaskSetManager: Starting task 8.0 in stage 0.0 (TID 8) (spark-master, executor driver, partition 8, PROCESS_LOCAL, 4433 bytes) taskResourceAssignments Map()
[2024-09-23T02:06:39.056+0000] {ssh.py:524} INFO - 24/09/23 02:06:39 INFO TaskSetManager: Starting task 9.0 in stage 0.0 (TID 9) (spark-master, executor driver, partition 9, PROCESS_LOCAL, 4433 bytes) taskResourceAssignments Map()
[2024-09-23T02:06:39.057+0000] {ssh.py:524} INFO - 24/09/23 02:06:39 INFO TaskSetManager: Starting task 10.0 in stage 0.0 (TID 10) (spark-master, executor driver, partition 10, PROCESS_LOCAL, 4433 bytes) taskResourceAssignments Map()
[2024-09-23T02:06:39.058+0000] {ssh.py:524} INFO - 24/09/23 02:06:39 INFO TaskSetManager: Starting task 11.0 in stage 0.0 (TID 11) (spark-master, executor driver, partition 11, PROCESS_LOCAL, 5155 bytes) taskResourceAssignments Map()
[2024-09-23T02:06:39.077+0000] {ssh.py:524} INFO - 24/09/23 02:06:39 INFO Executor: Running task 0.0 in stage 0.0 (TID 0)
[2024-09-23T02:06:39.078+0000] {ssh.py:524} INFO - 24/09/23 02:06:39 INFO Executor: Running task 1.0 in stage 0.0 (TID 1)
[2024-09-23T02:06:39.083+0000] {ssh.py:524} INFO - 24/09/23 02:06:39 INFO Executor: Running task 3.0 in stage 0.0 (TID 3)
[2024-09-23T02:06:39.083+0000] {ssh.py:524} INFO - 24/09/23 02:06:39 INFO Executor: Running task 4.0 in stage 0.0 (TID 4)
[2024-09-23T02:06:39.085+0000] {ssh.py:524} INFO - 24/09/23 02:06:39 INFO Executor: Running task 2.0 in stage 0.0 (TID 2)
[2024-09-23T02:06:39.095+0000] {ssh.py:524} INFO - 24/09/23 02:06:39 INFO Executor: Running task 5.0 in stage 0.0 (TID 5)
[2024-09-23T02:06:39.098+0000] {ssh.py:524} INFO - 24/09/23 02:06:39 INFO Executor: Running task 6.0 in stage 0.0 (TID 6)
[2024-09-23T02:06:39.107+0000] {ssh.py:524} INFO - 24/09/23 02:06:39 INFO Executor: Running task 7.0 in stage 0.0 (TID 7)
[2024-09-23T02:06:39.109+0000] {ssh.py:524} INFO - 24/09/23 02:06:39 INFO Executor: Running task 8.0 in stage 0.0 (TID 8)
[2024-09-23T02:06:39.131+0000] {ssh.py:524} INFO - 24/09/23 02:06:39 INFO Executor: Running task 9.0 in stage 0.0 (TID 9)
[2024-09-23T02:06:39.139+0000] {ssh.py:524} INFO - 24/09/23 02:06:39 INFO Executor: Running task 10.0 in stage 0.0 (TID 10)
[2024-09-23T02:06:39.173+0000] {ssh.py:524} INFO - 24/09/23 02:06:39 INFO Executor: Running task 11.0 in stage 0.0 (TID 11)
[2024-09-23T02:06:40.125+0000] {ssh.py:524} INFO - 24/09/23 02:06:40 WARN AbstractS3ACommitterFactory: Using standard FileOutputCommitter to commit work. This is slow and potentially unsafe.
[2024-09-23T02:06:40.126+0000] {ssh.py:524} INFO - 24/09/23 02:06:40 INFO FileOutputCommitter: File Output Committer Algorithm version is 1
[2024-09-23T02:06:40.127+0000] {ssh.py:524} INFO - 24/09/23 02:06:40 INFO FileOutputCommitter: FileOutputCommitter skip cleanup _temporary folders under output directory:false, ignore cleanup failures: false
[2024-09-23T02:06:40.127+0000] {ssh.py:524} INFO - 24/09/23 02:06:40 INFO AbstractS3ACommitterFactory: Using Committer FileOutputCommitter{PathOutputCommitter{context=TaskAttemptContextImpl{JobContextImpl{jobId=job_202409230206381392081636160026852_0000}; taskId=attempt_202409230206381392081636160026852_0000_m_000002_2, status=''}; org.apache.hadoop.mapreduce.lib.output.FileOutputCommitter@1707c503}; outputPath=s3a://raw/olhovivo/empresa/dt=2024-09-23, workPath=s3a://raw/olhovivo/empresa/dt=2024-09-23/_temporary/0/_temporary/attempt_202409230206381392081636160026852_0000_m_000002_2, algorithmVersion=1, skipCleanup=false, ignoreCleanupFailures=false} for s3a://raw/olhovivo/empresa/dt=2024-09-23
[2024-09-23T02:06:40.128+0000] {ssh.py:524} INFO - 24/09/23 02:06:40 WARN AbstractS3ACommitterFactory: Using standard FileOutputCommitter to commit work. This is slow and potentially unsafe.
[2024-09-23T02:06:40.128+0000] {ssh.py:524} INFO - 24/09/23 02:06:40 INFO FileOutputCommitter: File Output Committer Algorithm version is 1
[2024-09-23T02:06:40.132+0000] {ssh.py:524} INFO - 24/09/23 02:06:40 INFO FileOutputCommitter: FileOutputCommitter skip cleanup _temporary folders under output directory:false, ignore cleanup failures: false
[2024-09-23T02:06:40.133+0000] {ssh.py:524} INFO - 24/09/23 02:06:40 INFO AbstractS3ACommitterFactory: Using Committer FileOutputCommitter{PathOutputCommitter{context=TaskAttemptContextImpl{JobContextImpl{jobId=job_202409230206386142588249866709526_0000}; taskId=attempt_202409230206386142588249866709526_0000_m_000000_0, status=''}; org.apache.hadoop.mapreduce.lib.output.FileOutputCommitter@3765b312}; outputPath=s3a://raw/olhovivo/empresa/dt=2024-09-23, workPath=s3a://raw/olhovivo/empresa/dt=2024-09-23/_temporary/0/_temporary/attempt_202409230206386142588249866709526_0000_m_000000_0, algorithmVersion=1, skipCleanup=false, ignoreCleanupFailures=false} for s3a://raw/olhovivo/empresa/dt=2024-09-23
[2024-09-23T02:06:40.134+0000] {ssh.py:524} INFO - 24/09/23 02:06:40 INFO SQLHadoopMapReduceCommitProtocol: Using output committer class org.apache.hadoop.mapreduce.lib.output.FileOutputCommitter
[2024-09-23T02:06:40.154+0000] {ssh.py:524} INFO - 24/09/23 02:06:40 INFO SQLHadoopMapReduceCommitProtocol: Using output committer class org.apache.hadoop.mapreduce.lib.output.FileOutputCommitter
[2024-09-23T02:06:40.156+0000] {ssh.py:524} INFO - 24/09/23 02:06:40 WARN AbstractS3ACommitterFactory: Using standard FileOutputCommitter to commit work. This is slow and potentially unsafe.
[2024-09-23T02:06:40.156+0000] {ssh.py:524} INFO - 24/09/23 02:06:40 INFO FileOutputCommitter: File Output Committer Algorithm version is 1
[2024-09-23T02:06:40.156+0000] {ssh.py:524} INFO - 24/09/23 02:06:40 INFO FileOutputCommitter: FileOutputCommitter skip cleanup _temporary folders under output directory:false, ignore cleanup failures: false
[2024-09-23T02:06:40.157+0000] {ssh.py:524} INFO - 24/09/23 02:06:40 INFO AbstractS3ACommitterFactory: Using Committer FileOutputCommitter{PathOutputCommitter{context=TaskAttemptContextImpl{JobContextImpl{jobId=job_202409230206387042840343595513907_0000}; taskId=attempt_202409230206387042840343595513907_0000_m_000007_7, status=''}; org.apache.hadoop.mapreduce.lib.output.FileOutputCommitter@4cbf743d}; outputPath=s3a://raw/olhovivo/empresa/dt=2024-09-23, workPath=s3a://raw/olhovivo/empresa/dt=2024-09-23/_temporary/0/_temporary/attempt_202409230206387042840343595513907_0000_m_000007_7, algorithmVersion=1, skipCleanup=false, ignoreCleanupFailures=false} for s3a://raw/olhovivo/empresa/dt=2024-09-23
[2024-09-23T02:06:40.157+0000] {ssh.py:524} INFO - 24/09/23 02:06:40 INFO SQLHadoopMapReduceCommitProtocol: Using output committer class org.apache.hadoop.mapreduce.lib.output.FileOutputCommitter
[2024-09-23T02:06:40.165+0000] {ssh.py:524} INFO - 24/09/23 02:06:40 WARN AbstractS3ACommitterFactory: Using standard FileOutputCommitter to commit work. This is slow and potentially unsafe.
[2024-09-23T02:06:40.175+0000] {ssh.py:524} INFO - 24/09/23 02:06:40 INFO FileOutputCommitter: File Output Committer Algorithm version is 1
[2024-09-23T02:06:40.176+0000] {ssh.py:524} INFO - 24/09/23 02:06:40 WARN AbstractS3ACommitterFactory: Using standard FileOutputCommitter to commit work. This is slow and potentially unsafe.
[2024-09-23T02:06:40.176+0000] {ssh.py:524} INFO - 24/09/23 02:06:40 INFO FileOutputCommitter: FileOutputCommitter skip cleanup _temporary folders under output directory:false, ignore cleanup failures: false
[2024-09-23T02:06:40.177+0000] {ssh.py:524} INFO - 24/09/23 02:06:40 INFO FileOutputCommitter: File Output Committer Algorithm version is 1
[2024-09-23T02:06:40.177+0000] {ssh.py:524} INFO - 24/09/23 02:06:40 INFO FileOutputCommitter: FileOutputCommitter skip cleanup _temporary folders under output directory:false, ignore cleanup failures: false
[2024-09-23T02:06:40.178+0000] {ssh.py:524} INFO - 24/09/23 02:06:40 INFO AbstractS3ACommitterFactory: Using Committer FileOutputCommitter{PathOutputCommitter{context=TaskAttemptContextImpl{JobContextImpl{jobId=job_202409230206385279786985534466330_0000}; taskId=attempt_202409230206385279786985534466330_0000_m_000011_11, status=''}; org.apache.hadoop.mapreduce.lib.output.FileOutputCommitter@47509888}; outputPath=s3a://raw/olhovivo/empresa/dt=2024-09-23, workPath=s3a://raw/olhovivo/empresa/dt=2024-09-23/_temporary/0/_temporary/attempt_202409230206385279786985534466330_0000_m_000011_11, algorithmVersion=1, skipCleanup=false, ignoreCleanupFailures=false} for s3a://raw/olhovivo/empresa/dt=2024-09-23
[2024-09-23T02:06:40.178+0000] {ssh.py:524} INFO - 24/09/23 02:06:40 INFO AbstractS3ACommitterFactory: Using Committer FileOutputCommitter{PathOutputCommitter{context=TaskAttemptContextImpl{JobContextImpl{jobId=job_202409230206386066952429769222648_0000}; taskId=attempt_202409230206386066952429769222648_0000_m_000010_10, status=''}; org.apache.hadoop.mapreduce.lib.output.FileOutputCommitter@46b980d1}; outputPath=s3a://raw/olhovivo/empresa/dt=2024-09-23, workPath=s3a://raw/olhovivo/empresa/dt=2024-09-23/_temporary/0/_temporary/attempt_202409230206386066952429769222648_0000_m_000010_10, algorithmVersion=1, skipCleanup=false, ignoreCleanupFailures=false} for s3a://raw/olhovivo/empresa/dt=2024-09-23
[2024-09-23T02:06:40.178+0000] {ssh.py:524} INFO - 24/09/23 02:06:40 INFO SQLHadoopMapReduceCommitProtocol: Using output committer class org.apache.hadoop.mapreduce.lib.output.FileOutputCommitter
[2024-09-23T02:06:40.178+0000] {ssh.py:524} INFO - 24/09/23 02:06:40 INFO SQLHadoopMapReduceCommitProtocol: Using output committer class org.apache.hadoop.mapreduce.lib.output.FileOutputCommitter
[2024-09-23T02:06:40.195+0000] {ssh.py:524} INFO - 24/09/23 02:06:40 INFO PythonRunner: Times: total = 866, boot = 684, init = 182, finish = 0
[2024-09-23T02:06:40.200+0000] {ssh.py:524} INFO - 24/09/23 02:06:40 WARN AbstractS3ACommitterFactory: Using standard FileOutputCommitter to commit work. This is slow and potentially unsafe.
[2024-09-23T02:06:40.204+0000] {ssh.py:524} INFO - 24/09/23 02:06:40 INFO FileOutputCommitter: File Output Committer Algorithm version is 1
[2024-09-23T02:06:40.210+0000] {ssh.py:524} INFO - 24/09/23 02:06:40 INFO FileOutputCommitter: FileOutputCommitter skip cleanup _temporary folders under output directory:false, ignore cleanup failures: false
[2024-09-23T02:06:40.217+0000] {ssh.py:524} INFO - 24/09/23 02:06:40 INFO AbstractS3ACommitterFactory: Using Committer FileOutputCommitter{PathOutputCommitter{context=TaskAttemptContextImpl{JobContextImpl{jobId=job_202409230206382171868226214125729_0000}; taskId=attempt_202409230206382171868226214125729_0000_m_000009_9, status=''}; org.apache.hadoop.mapreduce.lib.output.FileOutputCommitter@11a0c30c}; outputPath=s3a://raw/olhovivo/empresa/dt=2024-09-23, workPath=s3a://raw/olhovivo/empresa/dt=2024-09-23/_temporary/0/_temporary/attempt_202409230206382171868226214125729_0000_m_000009_9, algorithmVersion=1, skipCleanup=false, ignoreCleanupFailures=false} for s3a://raw/olhovivo/empresa/dt=2024-09-23
[2024-09-23T02:06:40.218+0000] {ssh.py:524} INFO - 24/09/23 02:06:40 INFO SQLHadoopMapReduceCommitProtocol: Using output committer class org.apache.hadoop.mapreduce.lib.output.FileOutputCommitter
[2024-09-23T02:06:40.248+0000] {ssh.py:524} INFO - 24/09/23 02:06:40 WARN AbstractS3ACommitterFactory: Using standard FileOutputCommitter to commit work. This is slow and potentially unsafe.
[2024-09-23T02:06:40.249+0000] {ssh.py:524} INFO - 24/09/23 02:06:40 INFO FileOutputCommitter: File Output Committer Algorithm version is 1
[2024-09-23T02:06:40.250+0000] {ssh.py:524} INFO - 24/09/23 02:06:40 INFO FileOutputCommitter: FileOutputCommitter skip cleanup _temporary folders under output directory:false, ignore cleanup failures: false
[2024-09-23T02:06:40.250+0000] {ssh.py:524} INFO - 24/09/23 02:06:40 INFO SparkHadoopMapRedUtil: No need to commit output of task because needsTaskCommit=false: attempt_202409230206381392081636160026852_0000_m_000002_2
[2024-09-23T02:06:40.251+0000] {ssh.py:524} INFO - 24/09/23 02:06:40 INFO AbstractS3ACommitterFactory: Using Committer FileOutputCommitter{PathOutputCommitter{context=TaskAttemptContextImpl{JobContextImpl{jobId=job_202409230206385156601763998908043_0000}; taskId=attempt_202409230206385156601763998908043_0000_m_000004_4, status=''}; org.apache.hadoop.mapreduce.lib.output.FileOutputCommitter@4000ad3}; outputPath=s3a://raw/olhovivo/empresa/dt=2024-09-23, workPath=s3a://raw/olhovivo/empresa/dt=2024-09-23/_temporary/0/_temporary/attempt_202409230206385156601763998908043_0000_m_000004_4, algorithmVersion=1, skipCleanup=false, ignoreCleanupFailures=false} for s3a://raw/olhovivo/empresa/dt=2024-09-23
[2024-09-23T02:06:40.251+0000] {ssh.py:524} INFO - 24/09/23 02:06:40 INFO SQLHadoopMapReduceCommitProtocol: Using output committer class org.apache.hadoop.mapreduce.lib.output.FileOutputCommitter
[2024-09-23T02:06:40.259+0000] {ssh.py:524} INFO - 24/09/23 02:06:40 INFO PythonRunner: Times: total = 847, boot = 660, init = 186, finish = 1
[2024-09-23T02:06:40.264+0000] {ssh.py:524} INFO - 24/09/23 02:06:40 WARN AbstractS3ACommitterFactory: Using standard FileOutputCommitter to commit work. This is slow and potentially unsafe.
[2024-09-23T02:06:40.267+0000] {ssh.py:524} INFO - 24/09/23 02:06:40 INFO FileOutputCommitter: File Output Committer Algorithm version is 1
[2024-09-23T02:06:40.268+0000] {ssh.py:524} INFO - 24/09/23 02:06:40 INFO FileOutputCommitter: FileOutputCommitter skip cleanup _temporary folders under output directory:false, ignore cleanup failures: false
[2024-09-23T02:06:40.269+0000] {ssh.py:524} INFO - 24/09/23 02:06:40 INFO AbstractS3ACommitterFactory: Using Committer FileOutputCommitter{PathOutputCommitter{context=TaskAttemptContextImpl{JobContextImpl{jobId=job_202409230206382496618737618243688_0000}; taskId=attempt_202409230206382496618737618243688_0000_m_000003_3, status=''}; org.apache.hadoop.mapreduce.lib.output.FileOutputCommitter@7b03b352}; outputPath=s3a://raw/olhovivo/empresa/dt=2024-09-23, workPath=s3a://raw/olhovivo/empresa/dt=2024-09-23/_temporary/0/_temporary/attempt_202409230206382496618737618243688_0000_m_000003_3, algorithmVersion=1, skipCleanup=false, ignoreCleanupFailures=false} for s3a://raw/olhovivo/empresa/dt=2024-09-23
[2024-09-23T02:06:40.270+0000] {ssh.py:524} INFO - 24/09/23 02:06:40 INFO SQLHadoopMapReduceCommitProtocol: Using output committer class org.apache.hadoop.mapreduce.lib.output.FileOutputCommitter
[2024-09-23T02:06:40.270+0000] {ssh.py:524} INFO - 24/09/23 02:06:40 WARN AbstractS3ACommitterFactory: Using standard FileOutputCommitter to commit work. This is slow and potentially unsafe.
[2024-09-23T02:06:40.271+0000] {ssh.py:524} INFO - 24/09/23 02:06:40 INFO FileOutputCommitter: File Output Committer Algorithm version is 1
[2024-09-23T02:06:40.273+0000] {ssh.py:524} INFO - 24/09/23 02:06:40 INFO FileOutputCommitter: FileOutputCommitter skip cleanup _temporary folders under output directory:false, ignore cleanup failures: false
[2024-09-23T02:06:40.274+0000] {ssh.py:524} INFO - 24/09/23 02:06:40 INFO Executor: Finished task 2.0 in stage 0.0 (TID 2). 2871 bytes result sent to driver
[2024-09-23T02:06:40.284+0000] {ssh.py:524} INFO - 24/09/23 02:06:40 INFO PythonRunner: Times: total = 907, boot = 672, init = 235, finish = 0
[2024-09-23T02:06:40.285+0000] {ssh.py:524} INFO - 24/09/23 02:06:40 INFO AbstractS3ACommitterFactory: Using Committer FileOutputCommitter{PathOutputCommitter{context=TaskAttemptContextImpl{JobContextImpl{jobId=job_202409230206383076870172528486719_0000}; taskId=attempt_202409230206383076870172528486719_0000_m_000001_1, status=''}; org.apache.hadoop.mapreduce.lib.output.FileOutputCommitter@724f87b1}; outputPath=s3a://raw/olhovivo/empresa/dt=2024-09-23, workPath=s3a://raw/olhovivo/empresa/dt=2024-09-23/_temporary/0/_temporary/attempt_202409230206383076870172528486719_0000_m_000001_1, algorithmVersion=1, skipCleanup=false, ignoreCleanupFailures=false} for s3a://raw/olhovivo/empresa/dt=2024-09-23
[2024-09-23T02:06:40.287+0000] {ssh.py:524} INFO - 24/09/23 02:06:40 WARN AbstractS3ACommitterFactory: Using standard FileOutputCommitter to commit work. This is slow and potentially unsafe.
[2024-09-23T02:06:40.287+0000] {ssh.py:524} INFO - 24/09/23 02:06:40 INFO FileOutputCommitter: File Output Committer Algorithm version is 1
[2024-09-23T02:06:40.293+0000] {ssh.py:524} INFO - 24/09/23 02:06:40 INFO FileOutputCommitter: FileOutputCommitter skip cleanup _temporary folders under output directory:false, ignore cleanup failures: false
[2024-09-23T02:06:40.295+0000] {ssh.py:524} INFO - 24/09/23 02:06:40 WARN AbstractS3ACommitterFactory: Using standard FileOutputCommitter to commit work. This is slow and potentially unsafe.
[2024-09-23T02:06:40.302+0000] {ssh.py:524} INFO - 24/09/23 02:06:40 INFO AbstractS3ACommitterFactory: Using Committer FileOutputCommitter{PathOutputCommitter{context=TaskAttemptContextImpl{JobContextImpl{jobId=job_202409230206386215724131512216225_0000}; taskId=attempt_202409230206386215724131512216225_0000_m_000008_8, status=''}; org.apache.hadoop.mapreduce.lib.output.FileOutputCommitter@69ce1082}; outputPath=s3a://raw/olhovivo/empresa/dt=2024-09-23, workPath=s3a://raw/olhovivo/empresa/dt=2024-09-23/_temporary/0/_temporary/attempt_202409230206386215724131512216225_0000_m_000008_8, algorithmVersion=1, skipCleanup=false, ignoreCleanupFailures=false} for s3a://raw/olhovivo/empresa/dt=2024-09-23
[2024-09-23T02:06:40.303+0000] {ssh.py:524} INFO - 24/09/23 02:06:40 INFO FileOutputCommitter: File Output Committer Algorithm version is 1
[2024-09-23T02:06:40.303+0000] {ssh.py:524} INFO - 24/09/23 02:06:40 INFO FileOutputCommitter: FileOutputCommitter skip cleanup _temporary folders under output directory:false, ignore cleanup failures: false
[2024-09-23T02:06:40.304+0000] {ssh.py:524} INFO - 24/09/23 02:06:40 INFO SQLHadoopMapReduceCommitProtocol: Using output committer class org.apache.hadoop.mapreduce.lib.output.FileOutputCommitter
[2024-09-23T02:06:40.304+0000] {ssh.py:524} INFO - 24/09/23 02:06:40 INFO SQLHadoopMapReduceCommitProtocol: Using output committer class org.apache.hadoop.mapreduce.lib.output.FileOutputCommitter
[2024-09-23T02:06:40.306+0000] {ssh.py:524} INFO - 24/09/23 02:06:40 INFO SparkHadoopMapRedUtil: No need to commit output of task because needsTaskCommit=false: attempt_202409230206385156601763998908043_0000_m_000004_4
[2024-09-23T02:06:40.306+0000] {ssh.py:524} INFO - 24/09/23 02:06:40 INFO AbstractS3ACommitterFactory: Using Committer FileOutputCommitter{PathOutputCommitter{context=TaskAttemptContextImpl{JobContextImpl{jobId=job_202409230206382407124481859902868_0000}; taskId=attempt_202409230206382407124481859902868_0000_m_000005_5, status=''}; org.apache.hadoop.mapreduce.lib.output.FileOutputCommitter@3a0a19c5}; outputPath=s3a://raw/olhovivo/empresa/dt=2024-09-23, workPath=s3a://raw/olhovivo/empresa/dt=2024-09-23/_temporary/0/_temporary/attempt_202409230206382407124481859902868_0000_m_000005_5, algorithmVersion=1, skipCleanup=false, ignoreCleanupFailures=false} for s3a://raw/olhovivo/empresa/dt=2024-09-23
[2024-09-23T02:06:40.307+0000] {ssh.py:524} INFO - 24/09/23 02:06:40 INFO SQLHadoopMapReduceCommitProtocol: Using output committer class org.apache.hadoop.mapreduce.lib.output.FileOutputCommitter
[2024-09-23T02:06:40.310+0000] {ssh.py:524} INFO - 24/09/23 02:06:40 INFO Executor: Finished task 4.0 in stage 0.0 (TID 4). 2828 bytes result sent to driver
[2024-09-23T02:06:40.311+0000] {ssh.py:524} INFO - 24/09/23 02:06:40 INFO SparkHadoopMapRedUtil: No need to commit output of task because needsTaskCommit=false: attempt_202409230206386066952429769222648_0000_m_000010_10
[2024-09-23T02:06:40.314+0000] {ssh.py:524} INFO - 24/09/23 02:06:40 INFO Executor: Finished task 10.0 in stage 0.0 (TID 10). 2828 bytes result sent to driver
[2024-09-23T02:06:40.324+0000] {ssh.py:524} INFO - 24/09/23 02:06:40 INFO PythonRunner: Times: total = 972, boot = 757, init = 215, finish = 0
[2024-09-23T02:06:40.333+0000] {ssh.py:524} INFO - 24/09/23 02:06:40 WARN AbstractS3ACommitterFactory: Using standard FileOutputCommitter to commit work. This is slow and potentially unsafe.
[2024-09-23T02:06:40.341+0000] {ssh.py:524} INFO - 24/09/23 02:06:40 INFO FileOutputCommitter: File Output Committer Algorithm version is 1
[2024-09-23T02:06:40.341+0000] {ssh.py:524} INFO - 24/09/23 02:06:40 INFO FileOutputCommitter: FileOutputCommitter skip cleanup _temporary folders under output directory:false, ignore cleanup failures: false
[2024-09-23T02:06:40.342+0000] {ssh.py:524} INFO - 24/09/23 02:06:40 INFO AbstractS3ACommitterFactory: Using Committer FileOutputCommitter{PathOutputCommitter{context=TaskAttemptContextImpl{JobContextImpl{jobId=job_202409230206387228330810020297192_0000}; taskId=attempt_202409230206387228330810020297192_0000_m_000006_6, status=''}; org.apache.hadoop.mapreduce.lib.output.FileOutputCommitter@79d209c6}; outputPath=s3a://raw/olhovivo/empresa/dt=2024-09-23, workPath=s3a://raw/olhovivo/empresa/dt=2024-09-23/_temporary/0/_temporary/attempt_202409230206387228330810020297192_0000_m_000006_6, algorithmVersion=1, skipCleanup=false, ignoreCleanupFailures=false} for s3a://raw/olhovivo/empresa/dt=2024-09-23
[2024-09-23T02:06:40.342+0000] {ssh.py:524} INFO - 24/09/23 02:06:40 INFO TaskSetManager: Finished task 2.0 in stage 0.0 (TID 2) in 1292 ms on spark-master (executor driver) (1/12)
[2024-09-23T02:06:40.342+0000] {ssh.py:524} INFO - 24/09/23 02:06:40 INFO SQLHadoopMapReduceCommitProtocol: Using output committer class org.apache.hadoop.mapreduce.lib.output.FileOutputCommitter
[2024-09-23T02:06:40.343+0000] {ssh.py:524} INFO - 24/09/23 02:06:40 INFO SparkHadoopMapRedUtil: No need to commit output of task because needsTaskCommit=false: attempt_202409230206387042840343595513907_0000_m_000007_7
[2024-09-23T02:06:40.343+0000] {ssh.py:524} INFO - 24/09/23 02:06:40 INFO Executor: Finished task 7.0 in stage 0.0 (TID 7). 2828 bytes result sent to driver
[2024-09-23T02:06:40.343+0000] {ssh.py:524} INFO - 24/09/23 02:06:40 INFO PythonAccumulatorV2: Connected to AccumulatorServer at host: 127.0.0.1 port: 42689
[2024-09-23T02:06:40.344+0000] {ssh.py:524} INFO - 24/09/23 02:06:40 INFO TaskSetManager: Finished task 10.0 in stage 0.0 (TID 10) in 1279 ms on spark-master (executor driver) (2/12)
[2024-09-23T02:06:40.344+0000] {ssh.py:524} INFO - 24/09/23 02:06:40 INFO PythonRunner: Times: total = 991, boot = 752, init = 239, finish = 0
[2024-09-23T02:06:40.358+0000] {ssh.py:524} INFO - 24/09/23 02:06:40 INFO TaskSetManager: Finished task 4.0 in stage 0.0 (TID 4) in 1314 ms on spark-master (executor driver) (3/12)
[2024-09-23T02:06:40.364+0000] {ssh.py:524} INFO - 24/09/23 02:06:40 INFO SparkHadoopMapRedUtil: No need to commit output of task because needsTaskCommit=false: attempt_202409230206382496618737618243688_0000_m_000003_3
[2024-09-23T02:06:40.374+0000] {ssh.py:524} INFO - 24/09/23 02:06:40 INFO PythonRunner: Times: total = 1016, boot = 708, init = 308, finish = 0
[2024-09-23T02:06:40.389+0000] {ssh.py:524} INFO - 24/09/23 02:06:40 INFO Executor: Finished task 3.0 in stage 0.0 (TID 3). 2828 bytes result sent to driver
[2024-09-23T02:06:40.392+0000] {ssh.py:524} INFO - 24/09/23 02:06:40 INFO TaskSetManager: Finished task 7.0 in stage 0.0 (TID 7) in 1333 ms on spark-master (executor driver) (4/12)
[2024-09-23T02:06:40.397+0000] {ssh.py:524} INFO - 24/09/23 02:06:40 INFO PythonRunner: Times: total = 1003, boot = 699, init = 304, finish = 0
[2024-09-23T02:06:40.400+0000] {ssh.py:524} INFO - 24/09/23 02:06:40 INFO TaskSetManager: Finished task 3.0 in stage 0.0 (TID 3) in 1358 ms on spark-master (executor driver) (5/12)
[2024-09-23T02:06:40.405+0000] {ssh.py:524} INFO - 24/09/23 02:06:40 INFO SparkHadoopMapRedUtil: No need to commit output of task because needsTaskCommit=false: attempt_202409230206382171868226214125729_0000_m_000009_9
[2024-09-23T02:06:40.407+0000] {ssh.py:524} INFO - 24/09/23 02:06:40 INFO Executor: Finished task 9.0 in stage 0.0 (TID 9). 2828 bytes result sent to driver
[2024-09-23T02:06:40.407+0000] {ssh.py:524} INFO - 24/09/23 02:06:40 INFO TaskSetManager: Finished task 9.0 in stage 0.0 (TID 9) in 1351 ms on spark-master (executor driver) (6/12)
[2024-09-23T02:06:40.423+0000] {ssh.py:524} INFO - 24/09/23 02:06:40 INFO PythonRunner: Times: total = 1080, boot = 829, init = 251, finish = 0
[2024-09-23T02:06:40.435+0000] {ssh.py:524} INFO - 24/09/23 02:06:40 INFO PythonRunner: Times: total = 1113, boot = 881, init = 232, finish = 0
[2024-09-23T02:06:40.444+0000] {ssh.py:524} INFO - 24/09/23 02:06:40 INFO PythonRunner: Times: total = 1094, boot = 810, init = 284, finish = 0
[2024-09-23T02:06:40.445+0000] {ssh.py:524} INFO - 24/09/23 02:06:40 INFO SparkHadoopMapRedUtil: No need to commit output of task because needsTaskCommit=false: attempt_202409230206386215724131512216225_0000_m_000008_8
[2024-09-23T02:06:40.445+0000] {ssh.py:524} INFO - 24/09/23 02:06:40 INFO Executor: Finished task 8.0 in stage 0.0 (TID 8). 2828 bytes result sent to driver
[2024-09-23T02:06:40.446+0000] {ssh.py:524} INFO - 24/09/23 02:06:40 INFO TaskSetManager: Finished task 8.0 in stage 0.0 (TID 8) in 1391 ms on spark-master (executor driver) (7/12)
[2024-09-23T02:06:40.458+0000] {ssh.py:524} INFO - 24/09/23 02:06:40 INFO PythonRunner: Times: total = 1039, boot = 746, init = 293, finish = 0
[2024-09-23T02:06:40.459+0000] {ssh.py:524} INFO - 24/09/23 02:06:40 INFO SparkHadoopMapRedUtil: No need to commit output of task because needsTaskCommit=false: attempt_202409230206382407124481859902868_0000_m_000005_5
[2024-09-23T02:06:40.462+0000] {ssh.py:524} INFO - 24/09/23 02:06:40 INFO Executor: Finished task 5.0 in stage 0.0 (TID 5). 2828 bytes result sent to driver
[2024-09-23T02:06:40.463+0000] {ssh.py:524} INFO - 24/09/23 02:06:40 INFO TaskSetManager: Finished task 5.0 in stage 0.0 (TID 5) in 1410 ms on spark-master (executor driver) (8/12)
[2024-09-23T02:06:40.473+0000] {ssh.py:524} INFO - 24/09/23 02:06:40 INFO SparkHadoopMapRedUtil: No need to commit output of task because needsTaskCommit=false: attempt_202409230206383076870172528486719_0000_m_000001_1
[2024-09-23T02:06:40.477+0000] {ssh.py:524} INFO - 24/09/23 02:06:40 INFO Executor: Finished task 1.0 in stage 0.0 (TID 1). 2828 bytes result sent to driver
[2024-09-23T02:06:40.478+0000] {ssh.py:524} INFO - 24/09/23 02:06:40 INFO TaskSetManager: Finished task 1.0 in stage 0.0 (TID 1) in 1439 ms on spark-master (executor driver) (9/12)
[2024-09-23T02:06:40.523+0000] {ssh.py:524} INFO - 24/09/23 02:06:40 INFO PythonRunner: Times: total = 1201, boot = 900, init = 301, finish = 0
[2024-09-23T02:06:40.543+0000] {ssh.py:524} INFO - 24/09/23 02:06:40 INFO SparkHadoopMapRedUtil: No need to commit output of task because needsTaskCommit=false: attempt_202409230206387228330810020297192_0000_m_000006_6
[2024-09-23T02:06:40.553+0000] {ssh.py:524} INFO - 24/09/23 02:06:40 INFO Executor: Finished task 6.0 in stage 0.0 (TID 6). 2828 bytes result sent to driver
[2024-09-23T02:06:40.556+0000] {ssh.py:524} INFO - 24/09/23 02:06:40 INFO TaskSetManager: Finished task 6.0 in stage 0.0 (TID 6) in 1504 ms on spark-master (executor driver) (10/12)
[2024-09-23T02:06:40.707+0000] {ssh.py:524} INFO - 24/09/23 02:06:40 INFO FileOutputCommitter: Saved output of task 'attempt_202409230206385279786985534466330_0000_m_000011_11' to s3a://raw/olhovivo/empresa/dt=2024-09-23/_temporary/0/task_202409230206385279786985534466330_0000_m_000011
[2024-09-23T02:06:40.708+0000] {ssh.py:524} INFO - 24/09/23 02:06:40 INFO SparkHadoopMapRedUtil: attempt_202409230206385279786985534466330_0000_m_000011_11: Committed. Elapsed time: 160 ms.
[2024-09-23T02:06:40.710+0000] {ssh.py:524} INFO - 24/09/23 02:06:40 INFO Executor: Finished task 11.0 in stage 0.0 (TID 11). 2914 bytes result sent to driver
[2024-09-23T02:06:40.716+0000] {ssh.py:524} INFO - 24/09/23 02:06:40 INFO TaskSetManager: Finished task 11.0 in stage 0.0 (TID 11) in 1659 ms on spark-master (executor driver) (11/12)
[2024-09-23T02:06:40.735+0000] {ssh.py:524} INFO - 24/09/23 02:06:40 INFO FileOutputCommitter: Saved output of task 'attempt_202409230206386142588249866709526_0000_m_000000_0' to s3a://raw/olhovivo/empresa/dt=2024-09-23/_temporary/0/task_202409230206386142588249866709526_0000_m_000000
[2024-09-23T02:06:40.736+0000] {ssh.py:524} INFO - 24/09/23 02:06:40 INFO SparkHadoopMapRedUtil: attempt_202409230206386142588249866709526_0000_m_000000_0: Committed. Elapsed time: 176 ms.
[2024-09-23T02:06:40.738+0000] {ssh.py:524} INFO - 24/09/23 02:06:40 INFO Executor: Finished task 0.0 in stage 0.0 (TID 0). 2828 bytes result sent to driver
[2024-09-23T02:06:40.739+0000] {ssh.py:524} INFO - 24/09/23 02:06:40 INFO TaskSetManager: Finished task 0.0 in stage 0.0 (TID 0) in 1731 ms on spark-master (executor driver) (12/12)
[2024-09-23T02:06:40.741+0000] {ssh.py:524} INFO - 24/09/23 02:06:40 INFO TaskSchedulerImpl: Removed TaskSet 0.0, whose tasks have all completed, from pool 
[2024-09-23T02:06:40.744+0000] {ssh.py:524} INFO - 24/09/23 02:06:40 INFO DAGScheduler: ResultStage 0 (save at NativeMethodAccessorImpl.java:0) finished in 2.072 s
[2024-09-23T02:06:40.750+0000] {ssh.py:524} INFO - 24/09/23 02:06:40 INFO DAGScheduler: Job 0 is finished. Cancelling potential speculative or zombie tasks for this job
[2024-09-23T02:06:40.752+0000] {ssh.py:524} INFO - 24/09/23 02:06:40 INFO TaskSchedulerImpl: Killing all running tasks in stage 0: Stage finished
[2024-09-23T02:06:40.757+0000] {ssh.py:524} INFO - 24/09/23 02:06:40 INFO DAGScheduler: Job 0 finished: save at NativeMethodAccessorImpl.java:0, took 2.126984 s
[2024-09-23T02:06:40.778+0000] {ssh.py:524} INFO - 24/09/23 02:06:40 INFO FileFormatWriter: Start to commit write Job 50b845d1-d454-404f-82ac-8c3fd4158550.
[2024-09-23T02:06:41.240+0000] {ssh.py:524} INFO - 24/09/23 02:06:41 INFO FileFormatWriter: Write Job 50b845d1-d454-404f-82ac-8c3fd4158550 committed. Elapsed time: 463 ms.
[2024-09-23T02:06:41.246+0000] {ssh.py:524} INFO - 24/09/23 02:06:41 INFO FileFormatWriter: Finished processing stats for write job 50b845d1-d454-404f-82ac-8c3fd4158550.
[2024-09-23T02:06:41.252+0000] {ssh.py:524} INFO - [DEBUG] Done.
[2024-09-23T02:06:41.336+0000] {ssh.py:524} INFO - 24/09/23 02:06:41 INFO SparkContext: Invoking stop() from shutdown hook
[2024-09-23T02:06:41.351+0000] {ssh.py:524} INFO - 24/09/23 02:06:41 INFO SparkUI: Stopped Spark web UI at http://spark-master:4040
[2024-09-23T02:06:41.376+0000] {ssh.py:524} INFO - 24/09/23 02:06:41 INFO MapOutputTrackerMasterEndpoint: MapOutputTrackerMasterEndpoint stopped!
[2024-09-23T02:06:41.397+0000] {ssh.py:524} INFO - 24/09/23 02:06:41 INFO MemoryStore: MemoryStore cleared
[2024-09-23T02:06:41.397+0000] {ssh.py:524} INFO - 24/09/23 02:06:41 INFO BlockManager: BlockManager stopped
[2024-09-23T02:06:41.407+0000] {ssh.py:524} INFO - 24/09/23 02:06:41 INFO BlockManagerMaster: BlockManagerMaster stopped
[2024-09-23T02:06:41.409+0000] {ssh.py:524} INFO - 24/09/23 02:06:41 INFO OutputCommitCoordinator$OutputCommitCoordinatorEndpoint: OutputCommitCoordinator stopped!
[2024-09-23T02:06:41.420+0000] {ssh.py:524} INFO - 24/09/23 02:06:41 INFO SparkContext: Successfully stopped SparkContext
[2024-09-23T02:06:41.421+0000] {ssh.py:524} INFO - 24/09/23 02:06:41 INFO ShutdownHookManager: Shutdown hook called
[2024-09-23T02:06:41.421+0000] {ssh.py:524} INFO - 24/09/23 02:06:41 INFO ShutdownHookManager: Deleting directory /tmp/spark-69f5cfa8-8583-40ec-9516-ab13b5c3e224
[2024-09-23T02:06:41.424+0000] {ssh.py:524} INFO - 24/09/23 02:06:41 INFO ShutdownHookManager: Deleting directory /tmp/spark-01e70b64-0ff2-4248-bad6-92a005f221f0
[2024-09-23T02:06:41.428+0000] {ssh.py:524} INFO - 24/09/23 02:06:41 INFO ShutdownHookManager: Deleting directory /tmp/spark-69f5cfa8-8583-40ec-9516-ab13b5c3e224/pyspark-f70819b3-72e0-428b-bfec-1d8185e7df3a
[2024-09-23T02:06:41.435+0000] {ssh.py:524} INFO - 24/09/23 02:06:41 INFO MetricsSystemImpl: Stopping s3a-file-system metrics system...
[2024-09-23T02:06:41.436+0000] {ssh.py:524} INFO - 24/09/23 02:06:41 INFO MetricsSystemImpl: s3a-file-system metrics system stopped.
[2024-09-23T02:06:41.436+0000] {ssh.py:524} INFO - 24/09/23 02:06:41 INFO MetricsSystemImpl: s3a-file-system metrics system shutdown complete.
[2024-09-23T02:06:41.690+0000] {taskinstance.py:1400} INFO - Marking task as SUCCESS. dag_id=raw_ingestion_15min, task_id=spark_raw_ingestion_empresa, execution_date=20240923T020628, start_date=20240923T020629, end_date=20240923T020641
[2024-09-23T02:06:41.755+0000] {local_task_job_runner.py:228} INFO - Task exited with return code 0
[2024-09-23T02:06:41.876+0000] {taskinstance.py:2778} INFO - 0 downstream tasks scheduled from follow-on schedule check
