[2024-09-21T23:30:01.128+0000] {taskinstance.py:1159} INFO - Dependencies all met for dep_context=non-requeueable deps ti=<TaskInstance: raw_ingestion.spark_raw_ingestion_previsao scheduled__2024-09-21T23:00:00+00:00 [queued]>
[2024-09-21T23:30:01.138+0000] {taskinstance.py:1159} INFO - Dependencies all met for dep_context=requeueable deps ti=<TaskInstance: raw_ingestion.spark_raw_ingestion_previsao scheduled__2024-09-21T23:00:00+00:00 [queued]>
[2024-09-21T23:30:01.139+0000] {taskinstance.py:1361} INFO - Starting attempt 1 of 0
[2024-09-21T23:30:01.170+0000] {taskinstance.py:1382} INFO - Executing <Task(SSHOperator): spark_raw_ingestion_previsao> on 2024-09-21 23:00:00+00:00
[2024-09-21T23:30:01.175+0000] {standard_task_runner.py:57} INFO - Started process 3142 to run task
[2024-09-21T23:30:01.177+0000] {standard_task_runner.py:84} INFO - Running: ['airflow', 'tasks', 'run', 'raw_ingestion', 'spark_raw_ingestion_previsao', 'scheduled__2024-09-21T23:00:00+00:00', '--job-id', '433', '--raw', '--subdir', 'DAGS_FOLDER/raw_ingestion.py', '--cfg-path', '/tmp/tmpq6ignw32']
[2024-09-21T23:30:01.178+0000] {standard_task_runner.py:85} INFO - Job 433: Subtask spark_raw_ingestion_previsao
[2024-09-21T23:30:01.293+0000] {task_command.py:416} INFO - Running <TaskInstance: raw_ingestion.spark_raw_ingestion_previsao scheduled__2024-09-21T23:00:00+00:00 [running]> on host airflow-worker
[2024-09-21T23:30:01.483+0000] {taskinstance.py:1662} INFO - Exporting env vars: AIRFLOW_CTX_DAG_OWNER='***' AIRFLOW_CTX_DAG_ID='raw_ingestion' AIRFLOW_CTX_TASK_ID='spark_raw_ingestion_previsao' AIRFLOW_CTX_EXECUTION_DATE='2024-09-21T23:00:00+00:00' AIRFLOW_CTX_TRY_NUMBER='1' AIRFLOW_CTX_DAG_RUN_ID='scheduled__2024-09-21T23:00:00+00:00'
[2024-09-21T23:30:01.485+0000] {ssh.py:141} INFO - Creating ssh_client
[2024-09-21T23:30:01.485+0000] {ssh.py:114} INFO - ssh_hook is not provided or invalid. Trying ssh_conn_id to create SSHHook.
[2024-09-21T23:30:01.515+0000] {base.py:73} INFO - Using connection ID 'spark_ssh_default' for task execution.
[2024-09-21T23:30:01.515+0000] {ssh.py:300} WARNING - No Host Key Verification. This won't protect against Man-In-The-Middle attacks
[2024-09-21T23:30:01.523+0000] {transport.py:1893} INFO - Connected (version 2.0, client OpenSSH_8.9p1)
[2024-09-21T23:30:01.660+0000] {transport.py:1893} INFO - Authentication (password) successful!
[2024-09-21T23:30:01.661+0000] {ssh.py:478} INFO - Running command: export SPARK_HOME=/usr/local/spark; /opt/conda/bin/spark-submit --master local[*] --driver-cores 6 --executor-cores 6 --driver-memory 16G --executor-memory 16G /opt/shared/scripts/raw_ingestion.py 2024-09-21 previsao
[2024-09-21T23:30:04.249+0000] {ssh.py:524} INFO - [DEBUG] dt_now: 2024-09-21
[2024-09-21T23:30:04.250+0000] {ssh.py:524} INFO - [DEBUG] endpoint: previsao
[2024-09-21T23:30:04.340+0000] {ssh.py:524} INFO - 24/09/21 23:30:04 INFO SparkContext: Running Spark version 3.3.1
[2024-09-21T23:30:04.364+0000] {ssh.py:524} INFO - 24/09/21 23:30:04 WARN NativeCodeLoader: Unable to load native-hadoop library for your platform... using builtin-java classes where applicable
[2024-09-21T23:30:04.457+0000] {ssh.py:524} INFO - 24/09/21 23:30:04 INFO ResourceUtils: ==============================================================
[2024-09-21T23:30:04.457+0000] {ssh.py:524} INFO - 24/09/21 23:30:04 INFO ResourceUtils: No custom resources configured for spark.driver.
[2024-09-21T23:30:04.458+0000] {ssh.py:524} INFO - 24/09/21 23:30:04 INFO ResourceUtils: ==============================================================
[2024-09-21T23:30:04.458+0000] {ssh.py:524} INFO - 24/09/21 23:30:04 INFO SparkContext: Submitted application: raw_ingestion_previsao
[2024-09-21T23:30:04.489+0000] {ssh.py:524} INFO - 24/09/21 23:30:04 INFO ResourceProfile: Default ResourceProfile created, executor resources: Map(cores -> name: cores, amount: 1, script: , vendor: , memory -> name: memory, amount: 1024, script: , vendor: , offHeap -> name: offHeap, amount: 0, script: , vendor: ), task resources: Map(cpus -> name: cpus, amount: 1.0)
[2024-09-21T23:30:04.498+0000] {ssh.py:524} INFO - 24/09/21 23:30:04 INFO ResourceProfile: Limiting resource is cpu
[2024-09-21T23:30:04.499+0000] {ssh.py:524} INFO - 24/09/21 23:30:04 INFO ResourceProfileManager: Added ResourceProfile id: 0
[2024-09-21T23:30:04.540+0000] {ssh.py:524} INFO - 24/09/21 23:30:04 INFO SecurityManager: Changing view acls to: root
[2024-09-21T23:30:04.541+0000] {ssh.py:524} INFO - 24/09/21 23:30:04 INFO SecurityManager: Changing modify acls to: root
[2024-09-21T23:30:04.541+0000] {ssh.py:524} INFO - 24/09/21 23:30:04 INFO SecurityManager: Changing view acls groups to: 
[2024-09-21T23:30:04.542+0000] {ssh.py:524} INFO - 24/09/21 23:30:04 INFO SecurityManager: Changing modify acls groups to: 
[2024-09-21T23:30:04.542+0000] {ssh.py:524} INFO - 24/09/21 23:30:04 INFO SecurityManager: SecurityManager: authentication disabled; ui acls disabled; users  with view permissions: Set(root); groups with view permissions: Set(); users  with modify permissions: Set(root); groups with modify permissions: Set()
[2024-09-21T23:30:04.886+0000] {ssh.py:524} INFO - 24/09/21 23:30:04 INFO Utils: Successfully started service 'sparkDriver' on port 46243.
[2024-09-21T23:30:04.943+0000] {ssh.py:524} INFO - 24/09/21 23:30:04 INFO SparkEnv: Registering MapOutputTracker
[2024-09-21T23:30:04.992+0000] {ssh.py:524} INFO - 24/09/21 23:30:04 INFO SparkEnv: Registering BlockManagerMaster
[2024-09-21T23:30:05.012+0000] {ssh.py:524} INFO - 24/09/21 23:30:05 INFO BlockManagerMasterEndpoint: Using org.apache.spark.storage.DefaultTopologyMapper for getting topology information
[2024-09-21T23:30:05.013+0000] {ssh.py:524} INFO - 24/09/21 23:30:05 INFO BlockManagerMasterEndpoint: BlockManagerMasterEndpoint up
[2024-09-21T23:30:05.020+0000] {ssh.py:524} INFO - 24/09/21 23:30:05 INFO SparkEnv: Registering BlockManagerMasterHeartbeat
[2024-09-21T23:30:05.044+0000] {ssh.py:524} INFO - 24/09/21 23:30:05 INFO DiskBlockManager: Created local directory at /tmp/blockmgr-0d44e604-b2fe-4947-bd1f-148c0d465b94
[2024-09-21T23:30:05.066+0000] {ssh.py:524} INFO - 24/09/21 23:30:05 INFO MemoryStore: MemoryStore started with capacity 9.4 GiB
[2024-09-21T23:30:05.081+0000] {ssh.py:524} INFO - 24/09/21 23:30:05 INFO SparkEnv: Registering OutputCommitCoordinator
[2024-09-21T23:30:05.302+0000] {ssh.py:524} INFO - 24/09/21 23:30:05 WARN Utils: Service 'SparkUI' could not bind on port 4040. Attempting port 4041.
[2024-09-21T23:30:05.304+0000] {ssh.py:524} INFO - 24/09/21 23:30:05 WARN Utils: Service 'SparkUI' could not bind on port 4041. Attempting port 4042.
[2024-09-21T23:30:05.307+0000] {ssh.py:524} INFO - 24/09/21 23:30:05 WARN Utils: Service 'SparkUI' could not bind on port 4042. Attempting port 4043.
[2024-09-21T23:30:05.308+0000] {ssh.py:524} INFO - 24/09/21 23:30:05 WARN Utils: Service 'SparkUI' could not bind on port 4043. Attempting port 4044.
[2024-09-21T23:30:05.319+0000] {ssh.py:524} INFO - 24/09/21 23:30:05 INFO Utils: Successfully started service 'SparkUI' on port 4044.
[2024-09-21T23:30:05.456+0000] {ssh.py:524} INFO - 24/09/21 23:30:05 INFO Executor: Starting executor ID driver on host spark-master
[2024-09-21T23:30:05.464+0000] {ssh.py:524} INFO - 24/09/21 23:30:05 INFO Executor: Starting executor with user classpath (userClassPathFirst = false): ''
[2024-09-21T23:30:05.484+0000] {ssh.py:524} INFO - 24/09/21 23:30:05 INFO Utils: Successfully started service 'org.apache.spark.network.netty.NettyBlockTransferService' on port 40027.
[2024-09-21T23:30:05.485+0000] {ssh.py:524} INFO - 24/09/21 23:30:05 INFO NettyBlockTransferService: Server created on spark-master:40027
[2024-09-21T23:30:05.486+0000] {ssh.py:524} INFO - 24/09/21 23:30:05 INFO BlockManager: Using org.apache.spark.storage.RandomBlockReplicationPolicy for block replication policy
[2024-09-21T23:30:05.493+0000] {ssh.py:524} INFO - 24/09/21 23:30:05 INFO BlockManagerMaster: Registering BlockManager BlockManagerId(driver, spark-master, 40027, None)
[2024-09-21T23:30:05.496+0000] {ssh.py:524} INFO - 24/09/21 23:30:05 INFO BlockManagerMasterEndpoint: Registering block manager spark-master:40027 with 9.4 GiB RAM, BlockManagerId(driver, spark-master, 40027, None)
[2024-09-21T23:30:05.498+0000] {ssh.py:524} INFO - 24/09/21 23:30:05 INFO BlockManagerMaster: Registered BlockManager BlockManagerId(driver, spark-master, 40027, None)
[2024-09-21T23:30:05.500+0000] {ssh.py:524} INFO - 24/09/21 23:30:05 INFO BlockManager: Initialized BlockManager: BlockManagerId(driver, spark-master, 40027, None)
[2024-09-21T23:30:05.965+0000] {ssh.py:524} INFO - 24/09/21 23:30:05 INFO SharedState: Setting hive.metastore.warehouse.dir ('null') to the value of spark.sql.warehouse.dir.
[2024-09-21T23:30:05.970+0000] {ssh.py:524} INFO - 24/09/21 23:30:05 INFO SharedState: Warehouse path is 'file:/root/spark-warehouse'.
[2024-09-21T23:30:06.525+0000] {ssh.py:524} INFO - 24/09/21 23:30:06 WARN MetricsConfig: Cannot locate configuration: tried hadoop-metrics2-s3a-file-system.properties,hadoop-metrics2.properties
[2024-09-21T23:30:06.536+0000] {ssh.py:524} INFO - 24/09/21 23:30:06 INFO MetricsSystemImpl: Scheduled Metric snapshot period at 10 second(s).
[2024-09-21T23:30:06.537+0000] {ssh.py:524} INFO - 24/09/21 23:30:06 INFO MetricsSystemImpl: s3a-file-system metrics system started
[2024-09-21T23:30:07.399+0000] {ssh.py:524} INFO - 24/09/21 23:30:07 INFO InMemoryFileIndex: It took 52 ms to list leaf files for 1 paths.
[2024-09-21T23:30:07.486+0000] {ssh.py:524} INFO - 24/09/21 23:30:07 INFO InMemoryFileIndex: It took 15 ms to list leaf files for 1 paths.
[2024-09-21T23:30:09.561+0000] {ssh.py:524} INFO - 24/09/21 23:30:09 INFO FileSourceStrategy: Pushed Filters: 
[2024-09-21T23:30:09.563+0000] {ssh.py:524} INFO - 24/09/21 23:30:09 INFO FileSourceStrategy: Post-Scan Filters: (length(trim(value#0, None)) > 0)
[2024-09-21T23:30:09.565+0000] {ssh.py:524} INFO - 24/09/21 23:30:09 INFO FileSourceStrategy: Output Data Schema: struct<value: string>
[2024-09-21T23:30:10.007+0000] {ssh.py:524} INFO - 24/09/21 23:30:10 INFO CodeGenerator: Code generated in 134.389207 ms
[2024-09-21T23:30:10.058+0000] {ssh.py:524} INFO - 24/09/21 23:30:10 INFO MemoryStore: Block broadcast_0 stored as values in memory (estimated size 215.3 KiB, free 9.4 GiB)
[2024-09-21T23:30:10.109+0000] {ssh.py:524} INFO - 24/09/21 23:30:10 INFO MemoryStore: Block broadcast_0_piece0 stored as bytes in memory (estimated size 35.9 KiB, free 9.4 GiB)
[2024-09-21T23:30:10.113+0000] {ssh.py:524} INFO - 24/09/21 23:30:10 INFO BlockManagerInfo: Added broadcast_0_piece0 in memory on spark-master:40027 (size: 35.9 KiB, free: 9.4 GiB)
[2024-09-21T23:30:10.116+0000] {ssh.py:524} INFO - 24/09/21 23:30:10 INFO SparkContext: Created broadcast 0 from csv at NativeMethodAccessorImpl.java:0
[2024-09-21T23:30:10.124+0000] {ssh.py:524} INFO - 24/09/21 23:30:10 INFO FileSourceScanExec: Planning scan with bin packing, max size: 4194304 bytes, open cost is considered as scanning 4194304 bytes.
[2024-09-21T23:30:10.240+0000] {ssh.py:524} INFO - 24/09/21 23:30:10 INFO SparkContext: Starting job: csv at NativeMethodAccessorImpl.java:0
[2024-09-21T23:30:10.256+0000] {ssh.py:524} INFO - 24/09/21 23:30:10 INFO DAGScheduler: Got job 0 (csv at NativeMethodAccessorImpl.java:0) with 1 output partitions
[2024-09-21T23:30:10.257+0000] {ssh.py:524} INFO - 24/09/21 23:30:10 INFO DAGScheduler: Final stage: ResultStage 0 (csv at NativeMethodAccessorImpl.java:0)
[2024-09-21T23:30:10.258+0000] {ssh.py:524} INFO - 24/09/21 23:30:10 INFO DAGScheduler: Parents of final stage: List()
[2024-09-21T23:30:10.260+0000] {ssh.py:524} INFO - 24/09/21 23:30:10 INFO DAGScheduler: Missing parents: List()
[2024-09-21T23:30:10.264+0000] {ssh.py:524} INFO - 24/09/21 23:30:10 INFO DAGScheduler: Submitting ResultStage 0 (MapPartitionsRDD[3] at csv at NativeMethodAccessorImpl.java:0), which has no missing parents
[2024-09-21T23:30:10.356+0000] {ssh.py:524} INFO - 24/09/21 23:30:10 INFO MemoryStore: Block broadcast_1 stored as values in memory (estimated size 11.8 KiB, free 9.4 GiB)
[2024-09-21T23:30:10.363+0000] {ssh.py:524} INFO - 24/09/21 23:30:10 INFO MemoryStore: Block broadcast_1_piece0 stored as bytes in memory (estimated size 5.9 KiB, free 9.4 GiB)
[2024-09-21T23:30:10.364+0000] {ssh.py:524} INFO - 24/09/21 23:30:10 INFO BlockManagerInfo: Added broadcast_1_piece0 in memory on spark-master:40027 (size: 5.9 KiB, free: 9.4 GiB)
[2024-09-21T23:30:10.368+0000] {ssh.py:524} INFO - 24/09/21 23:30:10 INFO SparkContext: Created broadcast 1 from broadcast at DAGScheduler.scala:1513
[2024-09-21T23:30:10.385+0000] {ssh.py:524} INFO - 24/09/21 23:30:10 INFO DAGScheduler: Submitting 1 missing tasks from ResultStage 0 (MapPartitionsRDD[3] at csv at NativeMethodAccessorImpl.java:0) (first 15 tasks are for partitions Vector(0))
[2024-09-21T23:30:10.386+0000] {ssh.py:524} INFO - 24/09/21 23:30:10 INFO TaskSchedulerImpl: Adding task set 0.0 with 1 tasks resource profile 0
[2024-09-21T23:30:10.464+0000] {ssh.py:524} INFO - 24/09/21 23:30:10 INFO TaskSetManager: Starting task 0.0 in stage 0.0 (TID 0) (spark-master, executor driver, partition 0, PROCESS_LOCAL, 4903 bytes) taskResourceAssignments Map()
[2024-09-21T23:30:10.481+0000] {ssh.py:524} INFO - 24/09/21 23:30:10 INFO Executor: Running task 0.0 in stage 0.0 (TID 0)
[2024-09-21T23:30:10.628+0000] {ssh.py:524} INFO - 24/09/21 23:30:10 INFO FileScanRDD: Reading File path: s3a://raw/GTFS/paradas/stops.txt, range: 0-2221690, partition values: [empty row]
[2024-09-21T23:30:10.647+0000] {ssh.py:524} INFO - 24/09/21 23:30:10 INFO CodeGenerator: Code generated in 11.864993 ms
[2024-09-21T23:30:10.724+0000] {ssh.py:524} INFO - 24/09/21 23:30:10 INFO Executor: Finished task 0.0 in stage 0.0 (TID 0). 1562 bytes result sent to driver
[2024-09-21T23:30:10.741+0000] {ssh.py:524} INFO - 24/09/21 23:30:10 INFO TaskSetManager: Finished task 0.0 in stage 0.0 (TID 0) in 294 ms on spark-master (executor driver) (1/1)
[2024-09-21T23:30:10.743+0000] {ssh.py:524} INFO - 24/09/21 23:30:10 INFO TaskSchedulerImpl: Removed TaskSet 0.0, whose tasks have all completed, from pool 
[2024-09-21T23:30:10.759+0000] {ssh.py:524} INFO - 24/09/21 23:30:10 INFO DAGScheduler: ResultStage 0 (csv at NativeMethodAccessorImpl.java:0) finished in 0.483 s
[2024-09-21T23:30:10.763+0000] {ssh.py:524} INFO - 24/09/21 23:30:10 INFO DAGScheduler: Job 0 is finished. Cancelling potential speculative or zombie tasks for this job
[2024-09-21T23:30:10.763+0000] {ssh.py:524} INFO - 24/09/21 23:30:10 INFO TaskSchedulerImpl: Killing all running tasks in stage 0: Stage finished
[2024-09-21T23:30:10.769+0000] {ssh.py:524} INFO - 24/09/21 23:30:10 INFO DAGScheduler: Job 0 finished: csv at NativeMethodAccessorImpl.java:0, took 0.524532 s
[2024-09-21T23:30:10.822+0000] {ssh.py:524} INFO - 24/09/21 23:30:10 INFO CodeGenerator: Code generated in 35.191314 ms
[2024-09-21T23:30:10.908+0000] {ssh.py:524} INFO - 24/09/21 23:30:10 INFO FileSourceStrategy: Pushed Filters: 
[2024-09-21T23:30:10.908+0000] {ssh.py:524} INFO - 24/09/21 23:30:10 INFO FileSourceStrategy: Post-Scan Filters: 
[2024-09-21T23:30:10.909+0000] {ssh.py:524} INFO - 24/09/21 23:30:10 INFO FileSourceStrategy: Output Data Schema: struct<value: string>
[2024-09-21T23:30:10.936+0000] {ssh.py:524} INFO - 24/09/21 23:30:10 INFO MemoryStore: Block broadcast_2 stored as values in memory (estimated size 215.3 KiB, free 9.4 GiB)
[2024-09-21T23:30:10.966+0000] {ssh.py:524} INFO - 24/09/21 23:30:10 INFO MemoryStore: Block broadcast_2_piece0 stored as bytes in memory (estimated size 35.9 KiB, free 9.4 GiB)
[2024-09-21T23:30:10.966+0000] {ssh.py:524} INFO - 24/09/21 23:30:10 INFO BlockManagerInfo: Added broadcast_2_piece0 in memory on spark-master:40027 (size: 35.9 KiB, free: 9.4 GiB)
[2024-09-21T23:30:10.967+0000] {ssh.py:524} INFO - 24/09/21 23:30:10 INFO SparkContext: Created broadcast 2 from csv at NativeMethodAccessorImpl.java:0
[2024-09-21T23:30:10.967+0000] {ssh.py:524} INFO - 24/09/21 23:30:10 INFO FileSourceScanExec: Planning scan with bin packing, max size: 4194304 bytes, open cost is considered as scanning 4194304 bytes.
[2024-09-21T23:30:11.085+0000] {ssh.py:524} INFO - 24/09/21 23:30:11 INFO FileSourceStrategy: Pushed Filters: IsNotNull(stop_desc)
[2024-09-21T23:30:11.095+0000] {ssh.py:524} INFO - 24/09/21 23:30:11 INFO FileSourceStrategy: Post-Scan Filters: isnotnull(stop_desc#19)
[2024-09-21T23:30:11.096+0000] {ssh.py:524} INFO - 24/09/21 23:30:11 INFO FileSourceStrategy: Output Data Schema: struct<stop_id: string, stop_desc: string>
[2024-09-21T23:30:11.133+0000] {ssh.py:524} INFO - 24/09/21 23:30:11 INFO CodeGenerator: Code generated in 15.816195 ms
[2024-09-21T23:30:11.140+0000] {ssh.py:524} INFO - 24/09/21 23:30:11 INFO MemoryStore: Block broadcast_3 stored as values in memory (estimated size 215.2 KiB, free 9.4 GiB)
[2024-09-21T23:30:11.187+0000] {ssh.py:524} INFO - 24/09/21 23:30:11 INFO MemoryStore: Block broadcast_3_piece0 stored as bytes in memory (estimated size 35.9 KiB, free 9.4 GiB)
[2024-09-21T23:30:11.190+0000] {ssh.py:524} INFO - 24/09/21 23:30:11 INFO BlockManagerInfo: Added broadcast_3_piece0 in memory on spark-master:40027 (size: 35.9 KiB, free: 9.4 GiB)
[2024-09-21T23:30:11.191+0000] {ssh.py:524} INFO - 24/09/21 23:30:11 INFO SparkContext: Created broadcast 3 from javaToPython at NativeMethodAccessorImpl.java:0
[2024-09-21T23:30:11.195+0000] {ssh.py:524} INFO - 24/09/21 23:30:11 INFO FileSourceScanExec: Planning scan with bin packing, max size: 4194304 bytes, open cost is considered as scanning 4194304 bytes.
[2024-09-21T23:30:11.676+0000] {ssh.py:524} INFO - 24/09/21 23:30:11 INFO ParquetFileFormat: Using default output committer for Parquet: org.apache.parquet.hadoop.ParquetOutputCommitter
[2024-09-21T23:30:11.696+0000] {ssh.py:524} INFO - 24/09/21 23:30:11 INFO FileOutputCommitter: File Output Committer Algorithm version is 1
[2024-09-21T23:30:11.697+0000] {ssh.py:524} INFO - 24/09/21 23:30:11 INFO FileOutputCommitter: FileOutputCommitter skip cleanup _temporary folders under output directory:false, ignore cleanup failures: false
[2024-09-21T23:30:11.699+0000] {ssh.py:524} INFO - 24/09/21 23:30:11 INFO SQLHadoopMapReduceCommitProtocol: Using user defined output committer class org.apache.parquet.hadoop.ParquetOutputCommitter
[2024-09-21T23:30:11.700+0000] {ssh.py:524} INFO - 24/09/21 23:30:11 INFO FileOutputCommitter: File Output Committer Algorithm version is 1
[2024-09-21T23:30:11.701+0000] {ssh.py:524} INFO - 24/09/21 23:30:11 INFO FileOutputCommitter: FileOutputCommitter skip cleanup _temporary folders under output directory:false, ignore cleanup failures: false
[2024-09-21T23:30:11.707+0000] {ssh.py:524} INFO - 24/09/21 23:30:11 INFO SQLHadoopMapReduceCommitProtocol: Using output committer class org.apache.parquet.hadoop.ParquetOutputCommitter
[2024-09-21T23:30:11.904+0000] {ssh.py:524} INFO - 24/09/21 23:30:11 INFO CodeGenerator: Code generated in 39.588949 ms
[2024-09-21T23:30:11.987+0000] {ssh.py:524} INFO - 24/09/21 23:30:11 INFO SparkContext: Starting job: save at NativeMethodAccessorImpl.java:0
[2024-09-21T23:30:11.993+0000] {ssh.py:524} INFO - 24/09/21 23:30:11 INFO DAGScheduler: Got job 1 (save at NativeMethodAccessorImpl.java:0) with 1 output partitions
[2024-09-21T23:30:11.994+0000] {ssh.py:524} INFO - 24/09/21 23:30:11 INFO DAGScheduler: Final stage: ResultStage 1 (save at NativeMethodAccessorImpl.java:0)
[2024-09-21T23:30:11.994+0000] {ssh.py:524} INFO - 24/09/21 23:30:11 INFO DAGScheduler: Parents of final stage: List()
[2024-09-21T23:30:11.996+0000] {ssh.py:524} INFO - 24/09/21 23:30:11 INFO DAGScheduler: Missing parents: List()
[2024-09-21T23:30:11.997+0000] {ssh.py:524} INFO - 24/09/21 23:30:11 INFO DAGScheduler: Submitting ResultStage 1 (MapPartitionsRDD[20] at save at NativeMethodAccessorImpl.java:0), which has no missing parents
[2024-09-21T23:30:12.049+0000] {ssh.py:524} INFO - 24/09/21 23:30:12 INFO MemoryStore: Block broadcast_4 stored as values in memory (estimated size 238.2 KiB, free 9.4 GiB)
[2024-09-21T23:30:12.056+0000] {ssh.py:524} INFO - 24/09/21 23:30:12 INFO MemoryStore: Block broadcast_4_piece0 stored as bytes in memory (estimated size 89.1 KiB, free 9.4 GiB)
[2024-09-21T23:30:12.059+0000] {ssh.py:524} INFO - 24/09/21 23:30:12 INFO BlockManagerInfo: Added broadcast_4_piece0 in memory on spark-master:40027 (size: 89.1 KiB, free: 9.4 GiB)
[2024-09-21T23:30:12.060+0000] {ssh.py:524} INFO - 24/09/21 23:30:12 INFO SparkContext: Created broadcast 4 from broadcast at DAGScheduler.scala:1513
[2024-09-21T23:30:12.061+0000] {ssh.py:524} INFO - 24/09/21 23:30:12 INFO DAGScheduler: Submitting 1 missing tasks from ResultStage 1 (MapPartitionsRDD[20] at save at NativeMethodAccessorImpl.java:0) (first 15 tasks are for partitions Vector(0))
[2024-09-21T23:30:12.061+0000] {ssh.py:524} INFO - 24/09/21 23:30:12 INFO TaskSchedulerImpl: Adding task set 1.0 with 1 tasks resource profile 0
[2024-09-21T23:30:12.068+0000] {ssh.py:524} INFO - 24/09/21 23:30:12 INFO TaskSetManager: Starting task 0.0 in stage 1.0 (TID 1) (spark-master, executor driver, partition 0, PROCESS_LOCAL, 4903 bytes) taskResourceAssignments Map()
[2024-09-21T23:30:12.068+0000] {ssh.py:524} INFO - 24/09/21 23:30:12 INFO Executor: Running task 0.0 in stage 1.0 (TID 1)
[2024-09-21T23:30:12.679+0000] {ssh.py:524} INFO - 24/09/21 23:30:12 INFO FileScanRDD: Reading File path: s3a://raw/GTFS/paradas/stops.txt, range: 0-2221690, partition values: [empty row]
[2024-09-21T23:30:12.682+0000] {ssh.py:524} INFO - 24/09/21 23:30:12 INFO FileOutputCommitter: File Output Committer Algorithm version is 1
[2024-09-21T23:30:12.683+0000] {ssh.py:524} INFO - 24/09/21 23:30:12 INFO FileOutputCommitter: FileOutputCommitter skip cleanup _temporary folders under output directory:false, ignore cleanup failures: false
[2024-09-21T23:30:12.684+0000] {ssh.py:524} INFO - 24/09/21 23:30:12 INFO SQLHadoopMapReduceCommitProtocol: Using user defined output committer class org.apache.parquet.hadoop.ParquetOutputCommitter
[2024-09-21T23:30:12.684+0000] {ssh.py:524} INFO - 24/09/21 23:30:12 INFO FileOutputCommitter: File Output Committer Algorithm version is 1
[2024-09-21T23:30:12.685+0000] {ssh.py:524} INFO - 24/09/21 23:30:12 INFO FileOutputCommitter: FileOutputCommitter skip cleanup _temporary folders under output directory:false, ignore cleanup failures: false
[2024-09-21T23:30:12.688+0000] {ssh.py:524} INFO - 24/09/21 23:30:12 INFO SQLHadoopMapReduceCommitProtocol: Using output committer class org.apache.parquet.hadoop.ParquetOutputCommitter
[2024-09-21T23:30:12.693+0000] {ssh.py:524} INFO - 24/09/21 23:30:12 INFO CodeGenerator: Code generated in 10.169931 ms
[2024-09-21T23:30:12.706+0000] {ssh.py:524} INFO - 24/09/21 23:30:12 INFO CodecConfig: Compression: SNAPPY
[2024-09-21T23:30:12.709+0000] {ssh.py:524} INFO - 24/09/21 23:30:12 INFO CodecConfig: Compression: SNAPPY
[2024-09-21T23:30:12.734+0000] {ssh.py:524} INFO - 24/09/21 23:30:12 INFO CodeGenerator: Code generated in 11.605508 ms
[2024-09-21T23:30:12.737+0000] {ssh.py:524} INFO - 24/09/21 23:30:12 INFO ParquetOutputFormat: Parquet block size to 134217728
[2024-09-21T23:30:12.738+0000] {ssh.py:524} INFO - 24/09/21 23:30:12 INFO ParquetOutputFormat: Validation is off
[2024-09-21T23:30:12.738+0000] {ssh.py:524} INFO - 24/09/21 23:30:12 INFO ParquetOutputFormat: Maximum row group padding size is 8388608 bytes
[2024-09-21T23:30:12.739+0000] {ssh.py:524} INFO - 24/09/21 23:30:12 INFO ParquetOutputFormat: Parquet properties are:
[2024-09-21T23:30:12.739+0000] {ssh.py:524} INFO - Parquet page size to 1048576
[2024-09-21T23:30:12.740+0000] {ssh.py:524} INFO - Parquet dictionary page size to 1048576
[2024-09-21T23:30:12.740+0000] {ssh.py:524} INFO - Dictionary is true
[2024-09-21T23:30:12.741+0000] {ssh.py:524} INFO - Writer version is: PARQUET_1_0
[2024-09-21T23:30:12.741+0000] {ssh.py:524} INFO - Page size checking is: estimated
[2024-09-21T23:30:12.741+0000] {ssh.py:524} INFO - Min row count for page size check is: 100
[2024-09-21T23:30:12.741+0000] {ssh.py:524} INFO - Max row count for page size check is: 10000
[2024-09-21T23:30:12.742+0000] {ssh.py:524} INFO - Truncate length for column indexes is: 64
[2024-09-21T23:30:12.742+0000] {ssh.py:524} INFO - Truncate length for statistics min/max  is: 2147483647
[2024-09-21T23:30:12.742+0000] {ssh.py:524} INFO - Bloom filter enabled: false
[2024-09-21T23:30:12.743+0000] {ssh.py:524} INFO - Max Bloom filter size for a column is 1048576
[2024-09-21T23:30:12.743+0000] {ssh.py:524} INFO - Bloom filter expected number of distinct values are: null
[2024-09-21T23:30:12.743+0000] {ssh.py:524} INFO - Page row count limit to 20000
[2024-09-21T23:30:12.744+0000] {ssh.py:524} INFO - Writing page checksums is: on
[2024-09-21T23:30:12.768+0000] {ssh.py:524} INFO - 24/09/21 23:30:12 INFO ParquetWriteSupport: Initialized Parquet WriteSupport with Catalyst schema:
[2024-09-21T23:30:12.769+0000] {ssh.py:524} INFO - {
[2024-09-21T23:30:12.770+0000] {ssh.py:524} INFO -   "type" : "struct",
[2024-09-21T23:30:12.770+0000] {ssh.py:524} INFO -   "fields" : [ {
[2024-09-21T23:30:12.770+0000] {ssh.py:524} INFO -     "name" : "data",
[2024-09-21T23:30:12.771+0000] {ssh.py:524} INFO -     "type" : "string",
[2024-09-21T23:30:12.771+0000] {ssh.py:524} INFO -     "nullable" : true,
[2024-09-21T23:30:12.772+0000] {ssh.py:524} INFO -     "metadata" : { }
[2024-09-21T23:30:12.772+0000] {ssh.py:524} INFO -   } ]
[2024-09-21T23:30:12.773+0000] {ssh.py:524} INFO - }
[2024-09-21T23:30:12.773+0000] {ssh.py:524} INFO - and corresponding Parquet message type:
[2024-09-21T23:30:12.773+0000] {ssh.py:524} INFO - message spark_schema {
[2024-09-21T23:30:12.774+0000] {ssh.py:524} INFO -   optional binary data (STRING);
[2024-09-21T23:30:12.774+0000] {ssh.py:524} INFO - }
[2024-09-21T23:30:12.774+0000] {ssh.py:524} INFO - 
[2024-09-21T23:30:12.774+0000] {ssh.py:524} INFO -        
[2024-09-21T23:30:12.833+0000] {ssh.py:524} INFO - 24/09/21 23:30:12 INFO CodecPool: Got brand-new compressor [.snappy]
[2024-09-21T23:30:12.942+0000] {ssh.py:524} INFO - 24/09/21 23:30:12 INFO BlockManagerInfo: Removed broadcast_0_piece0 on spark-master:40027 in memory (size: 35.9 KiB, free: 9.4 GiB)
[2024-09-21T23:30:12.963+0000] {ssh.py:524} INFO - 24/09/21 23:30:12 INFO BlockManagerInfo: Removed broadcast_1_piece0 on spark-master:40027 in memory (size: 5.9 KiB, free: 9.4 GiB)
[2024-09-21T23:30:12.976+0000] {ssh.py:524} INFO - 24/09/21 23:30:12 INFO BlockManagerInfo: Removed broadcast_2_piece0 on spark-master:40027 in memory (size: 35.9 KiB, free: 9.4 GiB)
[2024-09-21T23:54:10.052+0000] {ssh.py:524} INFO - 24/09/21 23:54:10 INFO PythonRunner: Times: total = 1437860, boot = 477, init = 386, finish = 1436997
[2024-09-21T23:54:10.344+0000] {ssh.py:524} INFO - 24/09/21 23:54:10 INFO FileOutputCommitter: Saved output of task 'attempt_202409212330114947099281739871403_0001_m_000000_1' to s3a://raw/olhovivo/paradas_unparsed/_temporary/0/task_202409212330114947099281739871403_0001_m_000000
[2024-09-21T23:54:10.344+0000] {ssh.py:524} INFO - 24/09/21 23:54:10 INFO SparkHadoopMapRedUtil: attempt_202409212330114947099281739871403_0001_m_000000_1: Committed. Elapsed time: 97 ms.
[2024-09-21T23:54:10.350+0000] {ssh.py:524} INFO - 24/09/21 23:54:10 INFO Executor: Finished task 0.0 in stage 1.0 (TID 1). 3211 bytes result sent to driver
[2024-09-21T23:54:10.352+0000] {ssh.py:524} INFO - 24/09/21 23:54:10 INFO TaskSetManager: Finished task 0.0 in stage 1.0 (TID 1) in 1438285 ms on spark-master (executor driver) (1/1)
[2024-09-21T23:54:10.352+0000] {ssh.py:524} INFO - 24/09/21 23:54:10 INFO TaskSchedulerImpl: Removed TaskSet 1.0, whose tasks have all completed, from pool 
[2024-09-21T23:54:10.353+0000] {ssh.py:524} INFO - 24/09/21 23:54:10 INFO PythonAccumulatorV2: Connected to AccumulatorServer at host: 127.0.0.1 port: 34125
[2024-09-21T23:54:10.354+0000] {ssh.py:524} INFO - 24/09/21 23:54:10 INFO DAGScheduler: ResultStage 1 (save at NativeMethodAccessorImpl.java:0) finished in 1438.361 s
[2024-09-21T23:54:10.355+0000] {ssh.py:524} INFO - 24/09/21 23:54:10 INFO DAGScheduler: Job 1 is finished. Cancelling potential speculative or zombie tasks for this job
[2024-09-21T23:54:10.356+0000] {ssh.py:524} INFO - 24/09/21 23:54:10 INFO TaskSchedulerImpl: Killing all running tasks in stage 1: Stage finished
[2024-09-21T23:54:10.356+0000] {ssh.py:524} INFO - 24/09/21 23:54:10 INFO DAGScheduler: Job 1 finished: save at NativeMethodAccessorImpl.java:0, took 1438.378329 s
[2024-09-21T23:54:10.358+0000] {ssh.py:524} INFO - 24/09/21 23:54:10 INFO FileFormatWriter: Start to commit write Job c5a09cf1-cf66-49da-9380-023a71d73597.
[2024-09-21T23:54:10.462+0000] {ssh.py:524} INFO - 24/09/21 23:54:10 INFO FileFormatWriter: Write Job c5a09cf1-cf66-49da-9380-023a71d73597 committed. Elapsed time: 103 ms.
[2024-09-21T23:54:10.464+0000] {ssh.py:524} INFO - 24/09/21 23:54:10 INFO FileFormatWriter: Finished processing stats for write job c5a09cf1-cf66-49da-9380-023a71d73597.
[2024-09-21T23:54:10.568+0000] {ssh.py:524} INFO - 24/09/21 23:54:10 INFO CodeGenerator: Code generated in 8.446634 ms
[2024-09-21T23:54:10.585+0000] {ssh.py:524} INFO - 24/09/21 23:54:10 INFO DAGScheduler: Registering RDD 22 (count at NativeMethodAccessorImpl.java:0) as input to shuffle 0
[2024-09-21T23:54:10.587+0000] {ssh.py:524} INFO - 24/09/21 23:54:10 INFO DAGScheduler: Got map stage job 2 (count at NativeMethodAccessorImpl.java:0) with 1 output partitions
[2024-09-21T23:54:10.587+0000] {ssh.py:524} INFO - 24/09/21 23:54:10 INFO DAGScheduler: Final stage: ShuffleMapStage 2 (count at NativeMethodAccessorImpl.java:0)
[2024-09-21T23:54:10.588+0000] {ssh.py:524} INFO - 24/09/21 23:54:10 INFO DAGScheduler: Parents of final stage: List()
[2024-09-21T23:54:10.588+0000] {ssh.py:524} INFO - 24/09/21 23:54:10 INFO DAGScheduler: Missing parents: List()
[2024-09-21T23:54:10.589+0000] {ssh.py:524} INFO - 24/09/21 23:54:10 INFO DAGScheduler: Submitting ShuffleMapStage 2 (MapPartitionsRDD[22] at count at NativeMethodAccessorImpl.java:0), which has no missing parents
[2024-09-21T23:54:10.601+0000] {ssh.py:524} INFO - 24/09/21 23:54:10 INFO MemoryStore: Block broadcast_5 stored as values in memory (estimated size 34.4 KiB, free 9.4 GiB)
[2024-09-21T23:54:10.603+0000] {ssh.py:524} INFO - 24/09/21 23:54:10 INFO MemoryStore: Block broadcast_5_piece0 stored as bytes in memory (estimated size 17.6 KiB, free 9.4 GiB)
[2024-09-21T23:54:10.604+0000] {ssh.py:524} INFO - 24/09/21 23:54:10 INFO BlockManagerInfo: Added broadcast_5_piece0 in memory on spark-master:40027 (size: 17.6 KiB, free: 9.4 GiB)
[2024-09-21T23:54:10.604+0000] {ssh.py:524} INFO - 24/09/21 23:54:10 INFO SparkContext: Created broadcast 5 from broadcast at DAGScheduler.scala:1513
[2024-09-21T23:54:10.605+0000] {ssh.py:524} INFO - 24/09/21 23:54:10 INFO DAGScheduler: Submitting 1 missing tasks from ShuffleMapStage 2 (MapPartitionsRDD[22] at count at NativeMethodAccessorImpl.java:0) (first 15 tasks are for partitions Vector(0))
[2024-09-21T23:54:10.606+0000] {ssh.py:524} INFO - 24/09/21 23:54:10 INFO TaskSchedulerImpl: Adding task set 2.0 with 1 tasks resource profile 0
[2024-09-21T23:54:10.607+0000] {ssh.py:524} INFO - 24/09/21 23:54:10 INFO TaskSetManager: Starting task 0.0 in stage 2.0 (TID 2) (spark-master, executor driver, partition 0, PROCESS_LOCAL, 4892 bytes) taskResourceAssignments Map()
[2024-09-21T23:54:10.608+0000] {ssh.py:524} INFO - 24/09/21 23:54:10 INFO Executor: Running task 0.0 in stage 2.0 (TID 2)
[2024-09-21T23:54:10.622+0000] {ssh.py:524} INFO - 24/09/21 23:54:10 INFO FileScanRDD: Reading File path: s3a://raw/GTFS/paradas/stops.txt, range: 0-2221690, partition values: [empty row]
[2024-09-22T00:00:05.683+0000] {ssh.py:524} INFO - 24/09/22 00:00:05 INFO BlockManagerInfo: Removed broadcast_4_piece0 on spark-master:40027 in memory (size: 89.1 KiB, free: 9.4 GiB)
[2024-09-22T00:18:06.753+0000] {ssh.py:524} INFO - 24/09/22 00:18:06 INFO PythonRunner: Times: total = 1436132, boot = -565, init = 614, finish = 1436083
[2024-09-22T00:18:06.770+0000] {ssh.py:524} INFO - 24/09/22 00:18:06 INFO Executor: Finished task 0.0 in stage 2.0 (TID 2). 2569 bytes result sent to driver
[2024-09-22T00:18:06.772+0000] {ssh.py:524} INFO - 24/09/22 00:18:06 INFO TaskSetManager: Finished task 0.0 in stage 2.0 (TID 2) in 1436165 ms on spark-master (executor driver) (1/1)
[2024-09-22T00:18:06.772+0000] {ssh.py:524} INFO - 24/09/22 00:18:06 INFO TaskSchedulerImpl: Removed TaskSet 2.0, whose tasks have all completed, from pool 
[2024-09-22T00:18:06.775+0000] {ssh.py:524} INFO - 24/09/22 00:18:06 INFO DAGScheduler: ShuffleMapStage 2 (count at NativeMethodAccessorImpl.java:0) finished in 1436.182 s
[2024-09-22T00:18:06.775+0000] {ssh.py:524} INFO - 24/09/22 00:18:06 INFO DAGScheduler: looking for newly runnable stages
[2024-09-22T00:18:06.775+0000] {ssh.py:524} INFO - 24/09/22 00:18:06 INFO DAGScheduler: running: Set()
[2024-09-22T00:18:06.776+0000] {ssh.py:524} INFO - 24/09/22 00:18:06 INFO DAGScheduler: waiting: Set()
[2024-09-22T00:18:06.776+0000] {ssh.py:524} INFO - 24/09/22 00:18:06 INFO DAGScheduler: failed: Set()
[2024-09-22T00:18:06.799+0000] {ssh.py:524} INFO - 24/09/22 00:18:06 INFO CodeGenerator: Code generated in 7.230248 ms
[2024-09-22T00:18:06.813+0000] {ssh.py:524} INFO - 24/09/22 00:18:06 INFO SparkContext: Starting job: count at NativeMethodAccessorImpl.java:0
[2024-09-22T00:18:06.814+0000] {ssh.py:524} INFO - 24/09/22 00:18:06 INFO DAGScheduler: Got job 3 (count at NativeMethodAccessorImpl.java:0) with 1 output partitions
[2024-09-22T00:18:06.815+0000] {ssh.py:524} INFO - 24/09/22 00:18:06 INFO DAGScheduler: Final stage: ResultStage 4 (count at NativeMethodAccessorImpl.java:0)
[2024-09-22T00:18:06.816+0000] {ssh.py:524} INFO - 24/09/22 00:18:06 INFO DAGScheduler: Parents of final stage: List(ShuffleMapStage 3)
[2024-09-22T00:18:06.816+0000] {ssh.py:524} INFO - 24/09/22 00:18:06 INFO DAGScheduler: Missing parents: List()
[2024-09-22T00:18:06.816+0000] {ssh.py:524} INFO - 24/09/22 00:18:06 INFO DAGScheduler: Submitting ResultStage 4 (MapPartitionsRDD[25] at count at NativeMethodAccessorImpl.java:0), which has no missing parents
[2024-09-22T00:18:06.823+0000] {ssh.py:524} INFO - 24/09/22 00:18:06 INFO MemoryStore: Block broadcast_6 stored as values in memory (estimated size 11.1 KiB, free 9.4 GiB)
[2024-09-22T00:18:06.824+0000] {ssh.py:524} INFO - 24/09/22 00:18:06 INFO MemoryStore: Block broadcast_6_piece0 stored as bytes in memory (estimated size 5.5 KiB, free 9.4 GiB)
[2024-09-22T00:18:06.825+0000] {ssh.py:524} INFO - 24/09/22 00:18:06 INFO BlockManagerInfo: Added broadcast_6_piece0 in memory on spark-master:40027 (size: 5.5 KiB, free: 9.4 GiB)
[2024-09-22T00:18:06.825+0000] {ssh.py:524} INFO - 24/09/22 00:18:06 INFO SparkContext: Created broadcast 6 from broadcast at DAGScheduler.scala:1513
[2024-09-22T00:18:06.826+0000] {ssh.py:524} INFO - 24/09/22 00:18:06 INFO DAGScheduler: Submitting 1 missing tasks from ResultStage 4 (MapPartitionsRDD[25] at count at NativeMethodAccessorImpl.java:0) (first 15 tasks are for partitions Vector(0))
[2024-09-22T00:18:06.826+0000] {ssh.py:524} INFO - 24/09/22 00:18:06 INFO TaskSchedulerImpl: Adding task set 4.0 with 1 tasks resource profile 0
[2024-09-22T00:18:06.829+0000] {ssh.py:524} INFO - 24/09/22 00:18:06 INFO TaskSetManager: Starting task 0.0 in stage 4.0 (TID 3) (spark-master, executor driver, partition 0, NODE_LOCAL, 4453 bytes) taskResourceAssignments Map()
[2024-09-22T00:18:06.830+0000] {ssh.py:524} INFO - 24/09/22 00:18:06 INFO Executor: Running task 0.0 in stage 4.0 (TID 3)
[2024-09-22T00:18:06.849+0000] {ssh.py:524} INFO - 24/09/22 00:18:06 INFO ShuffleBlockFetcherIterator: Getting 1 (60.0 B) non-empty blocks including 1 (60.0 B) local and 0 (0.0 B) host-local and 0 (0.0 B) push-merged-local and 0 (0.0 B) remote blocks
[2024-09-22T00:18:06.850+0000] {ssh.py:524} INFO - 24/09/22 00:18:06 INFO ShuffleBlockFetcherIterator: Started 0 remote fetches in 6 ms
[2024-09-22T00:18:06.860+0000] {ssh.py:524} INFO - 24/09/22 00:18:06 INFO Executor: Finished task 0.0 in stage 4.0 (TID 3). 2656 bytes result sent to driver
[2024-09-22T00:18:06.862+0000] {ssh.py:524} INFO - 24/09/22 00:18:06 INFO TaskSetManager: Finished task 0.0 in stage 4.0 (TID 3) in 33 ms on spark-master (executor driver) (1/1)
[2024-09-22T00:18:06.862+0000] {ssh.py:524} INFO - 24/09/22 00:18:06 INFO TaskSchedulerImpl: Removed TaskSet 4.0, whose tasks have all completed, from pool 
[2024-09-22T00:18:06.863+0000] {ssh.py:524} INFO - 24/09/22 00:18:06 INFO DAGScheduler: ResultStage 4 (count at NativeMethodAccessorImpl.java:0) finished in 0.042 s
[2024-09-22T00:18:06.863+0000] {ssh.py:524} INFO - 24/09/22 00:18:06 INFO DAGScheduler: Job 3 is finished. Cancelling potential speculative or zombie tasks for this job
[2024-09-22T00:18:06.864+0000] {ssh.py:524} INFO - 24/09/22 00:18:06 INFO TaskSchedulerImpl: Killing all running tasks in stage 4: Stage finished
[2024-09-22T00:18:06.864+0000] {ssh.py:524} INFO - 24/09/22 00:18:06 INFO DAGScheduler: Job 3 finished: count at NativeMethodAccessorImpl.java:0, took 0.049860 s
[2024-09-22T00:18:06.866+0000] {ssh.py:524} INFO - [DEBUG] previsao_df count is 20352
[2024-09-22T00:18:06.891+0000] {ssh.py:524} INFO - 24/09/22 00:18:06 INFO InMemoryFileIndex: It took 4 ms to list leaf files for 1 paths.
[2024-09-22T00:18:06.922+0000] {ssh.py:524} INFO - 24/09/22 00:18:06 INFO SparkContext: Starting job: parquet at NativeMethodAccessorImpl.java:0
[2024-09-22T00:18:06.923+0000] {ssh.py:524} INFO - 24/09/22 00:18:06 INFO DAGScheduler: Got job 4 (parquet at NativeMethodAccessorImpl.java:0) with 1 output partitions
[2024-09-22T00:18:06.924+0000] {ssh.py:524} INFO - 24/09/22 00:18:06 INFO DAGScheduler: Final stage: ResultStage 5 (parquet at NativeMethodAccessorImpl.java:0)
[2024-09-22T00:18:06.925+0000] {ssh.py:524} INFO - 24/09/22 00:18:06 INFO DAGScheduler: Parents of final stage: List()
[2024-09-22T00:18:06.925+0000] {ssh.py:524} INFO - 24/09/22 00:18:06 INFO DAGScheduler: Missing parents: List()
[2024-09-22T00:18:06.925+0000] {ssh.py:524} INFO - 24/09/22 00:18:06 INFO DAGScheduler: Submitting ResultStage 5 (MapPartitionsRDD[27] at parquet at NativeMethodAccessorImpl.java:0), which has no missing parents
[2024-09-22T00:18:06.930+0000] {ssh.py:524} INFO - 24/09/22 00:18:06 INFO MemoryStore: Block broadcast_7 stored as values in memory (estimated size 106.5 KiB, free 9.4 GiB)
[2024-09-22T00:18:06.932+0000] {ssh.py:524} INFO - 24/09/22 00:18:06 INFO MemoryStore: Block broadcast_7_piece0 stored as bytes in memory (estimated size 38.6 KiB, free 9.4 GiB)
[2024-09-22T00:18:06.933+0000] {ssh.py:524} INFO - 24/09/22 00:18:06 INFO BlockManagerInfo: Added broadcast_7_piece0 in memory on spark-master:40027 (size: 38.6 KiB, free: 9.4 GiB)
[2024-09-22T00:18:06.933+0000] {ssh.py:524} INFO - 24/09/22 00:18:06 INFO SparkContext: Created broadcast 7 from broadcast at DAGScheduler.scala:1513
[2024-09-22T00:18:06.933+0000] {ssh.py:524} INFO - 24/09/22 00:18:06 INFO DAGScheduler: Submitting 1 missing tasks from ResultStage 5 (MapPartitionsRDD[27] at parquet at NativeMethodAccessorImpl.java:0) (first 15 tasks are for partitions Vector(0))
[2024-09-22T00:18:06.934+0000] {ssh.py:524} INFO - 24/09/22 00:18:06 INFO TaskSchedulerImpl: Adding task set 5.0 with 1 tasks resource profile 0
[2024-09-22T00:18:06.936+0000] {ssh.py:524} INFO - 24/09/22 00:18:06 INFO TaskSetManager: Starting task 0.0 in stage 5.0 (TID 4) (spark-master, executor driver, partition 0, PROCESS_LOCAL, 4445 bytes) taskResourceAssignments Map()
[2024-09-22T00:18:06.937+0000] {ssh.py:524} INFO - 24/09/22 00:18:06 INFO Executor: Running task 0.0 in stage 5.0 (TID 4)
[2024-09-22T00:18:06.948+0000] {ssh.py:524} INFO - 24/09/22 00:18:06 INFO Executor: Finished task 0.0 in stage 5.0 (TID 4). 866 bytes result sent to driver
[2024-09-22T00:18:06.948+0000] {ssh.py:524} INFO - 24/09/22 00:18:06 INFO TaskSetManager: Finished task 0.0 in stage 5.0 (TID 4) in 14 ms on spark-master (executor driver) (1/1)
[2024-09-22T00:18:06.949+0000] {ssh.py:524} INFO - 24/09/22 00:18:06 INFO TaskSchedulerImpl: Removed TaskSet 5.0, whose tasks have all completed, from pool 
[2024-09-22T00:18:06.950+0000] {ssh.py:524} INFO - 24/09/22 00:18:06 INFO DAGScheduler: ResultStage 5 (parquet at NativeMethodAccessorImpl.java:0) finished in 0.024 s
[2024-09-22T00:18:06.950+0000] {ssh.py:524} INFO - 24/09/22 00:18:06 INFO DAGScheduler: Job 4 is finished. Cancelling potential speculative or zombie tasks for this job
[2024-09-22T00:18:06.950+0000] {ssh.py:524} INFO - 24/09/22 00:18:06 INFO TaskSchedulerImpl: Killing all running tasks in stage 5: Stage finished
[2024-09-22T00:18:06.951+0000] {ssh.py:524} INFO - 24/09/22 00:18:06 INFO DAGScheduler: Job 4 finished: parquet at NativeMethodAccessorImpl.java:0, took 0.027112 s
[2024-09-22T00:18:06.963+0000] {ssh.py:524} INFO - Traceback (most recent call last):
[2024-09-22T00:18:06.964+0000] {ssh.py:524} INFO -   File "/opt/shared/scripts/raw_ingestion.py", line 168, in <module>
[2024-09-22T00:18:06.966+0000] {ssh.py:524} INFO -     previsao_df = spark.read.parquet("s3a://raw/olhovivo/paradas_unparsed/")
[2024-09-22T00:18:06.967+0000] {ssh.py:524} INFO -   File "/usr/local/spark/python/lib/pyspark.zip/pyspark/sql/readwriter.py", line 364, in parquet
[2024-09-22T00:18:06.967+0000] {ssh.py:524} INFO -   File "/usr/local/spark/python/lib/py4j-0.10.9.5-src.zip/py4j/java_gateway.py", line 1321, in __call__
[2024-09-22T00:18:06.967+0000] {ssh.py:524} INFO -   File "/usr/local/spark/python/lib/pyspark.zip/pyspark/sql/utils.py", line 196, in deco
[2024-09-22T00:18:06.968+0000] {ssh.py:524} INFO - pyspark.sql.utils.AnalysisException
[2024-09-22T00:18:06.971+0000] {ssh.py:524} INFO - : Unable to infer schema for Parquet. It must be specified manually.
[2024-09-22T00:18:07.003+0000] {ssh.py:524} INFO - 24/09/22 00:18:07 INFO SparkContext: Invoking stop() from shutdown hook
[2024-09-22T00:18:07.012+0000] {ssh.py:524} INFO - 24/09/22 00:18:07 INFO SparkUI: Stopped Spark web UI at http://spark-master:4044
[2024-09-22T00:18:07.019+0000] {ssh.py:524} INFO - 24/09/22 00:18:07 INFO MapOutputTrackerMasterEndpoint: MapOutputTrackerMasterEndpoint stopped!
[2024-09-22T00:18:07.030+0000] {ssh.py:524} INFO - 24/09/22 00:18:07 INFO MemoryStore: MemoryStore cleared
[2024-09-22T00:18:07.030+0000] {ssh.py:524} INFO - 24/09/22 00:18:07 INFO BlockManager: BlockManager stopped
[2024-09-22T00:18:07.031+0000] {ssh.py:524} INFO - 24/09/22 00:18:07 INFO BlockManagerMaster: BlockManagerMaster stopped
[2024-09-22T00:18:07.033+0000] {ssh.py:524} INFO - 24/09/22 00:18:07 INFO OutputCommitCoordinator$OutputCommitCoordinatorEndpoint: OutputCommitCoordinator stopped!
[2024-09-22T00:18:07.040+0000] {ssh.py:524} INFO - 24/09/22 00:18:07 INFO SparkContext: Successfully stopped SparkContext
[2024-09-22T00:18:07.040+0000] {ssh.py:524} INFO - 24/09/22 00:18:07 INFO ShutdownHookManager: Shutdown hook called
[2024-09-22T00:18:07.041+0000] {ssh.py:524} INFO - 24/09/22 00:18:07 INFO ShutdownHookManager: Deleting directory /tmp/spark-52af8018-2d06-4b94-b1cc-23c4710c0fa1
[2024-09-22T00:18:07.044+0000] {ssh.py:524} INFO - 24/09/22 00:18:07 INFO ShutdownHookManager: Deleting directory /tmp/spark-f749867a-a979-4d58-a2e8-b722c3e616e5
[2024-09-22T00:18:07.046+0000] {ssh.py:524} INFO - 24/09/22 00:18:07 INFO ShutdownHookManager: Deleting directory /tmp/spark-f749867a-a979-4d58-a2e8-b722c3e616e5/pyspark-66a33fa4-cd1b-406f-a9c1-a5bc04321663
[2024-09-22T00:18:07.050+0000] {ssh.py:524} INFO - 24/09/22 00:18:07 INFO MetricsSystemImpl: Stopping s3a-file-system metrics system...
[2024-09-22T00:18:07.050+0000] {ssh.py:524} INFO - 24/09/22 00:18:07 INFO MetricsSystemImpl: s3a-file-system metrics system stopped.
[2024-09-22T00:18:07.051+0000] {ssh.py:524} INFO - 24/09/22 00:18:07 INFO MetricsSystemImpl: s3a-file-system metrics system shutdown complete.
[2024-09-22T00:18:07.166+0000] {taskinstance.py:1937} ERROR - Task failed with exception
Traceback (most recent call last):
  File "/home/airflow/.local/lib/python3.8/site-packages/airflow/providers/ssh/operators/ssh.py", line 178, in execute
    result = self.run_ssh_client_command(ssh_client, self.command, context=context)
  File "/home/airflow/.local/lib/python3.8/site-packages/airflow/providers/ssh/operators/ssh.py", line 166, in run_ssh_client_command
    self.raise_for_status(exit_status, agg_stderr, context=context)
  File "/home/airflow/.local/lib/python3.8/site-packages/airflow/providers/ssh/operators/ssh.py", line 160, in raise_for_status
    raise AirflowException(f"SSH operator error: exit status = {exit_status}")
airflow.exceptions.AirflowException: SSH operator error: exit status = 1
[2024-09-22T00:18:07.169+0000] {taskinstance.py:1400} INFO - Marking task as FAILED. dag_id=raw_ingestion, task_id=spark_raw_ingestion_previsao, execution_date=20240921T230000, start_date=20240921T233001, end_date=20240922T001807
[2024-09-22T00:18:07.186+0000] {standard_task_runner.py:104} ERROR - Failed to execute job 433 for task spark_raw_ingestion_previsao (SSH operator error: exit status = 1; 3142)
[2024-09-22T00:18:07.204+0000] {local_task_job_runner.py:228} INFO - Task exited with return code 1
[2024-09-22T00:18:07.244+0000] {taskinstance.py:2778} INFO - 0 downstream tasks scheduled from follow-on schedule check
