[2024-09-20T12:48:36.909+0000] {taskinstance.py:1159} INFO - Dependencies all met for dep_context=non-requeueable deps ti=<TaskInstance: raw_ingestion.spark_stage_processing scheduled__2024-09-20T09:30:00+00:00 [queued]>
[2024-09-20T12:48:36.941+0000] {taskinstance.py:1159} INFO - Dependencies all met for dep_context=requeueable deps ti=<TaskInstance: raw_ingestion.spark_stage_processing scheduled__2024-09-20T09:30:00+00:00 [queued]>
[2024-09-20T12:48:36.942+0000] {taskinstance.py:1361} INFO - Starting attempt 1 of 0
[2024-09-20T12:48:36.970+0000] {taskinstance.py:1382} INFO - Executing <Task(SSHOperator): spark_stage_processing> on 2024-09-20 09:30:00+00:00
[2024-09-20T12:48:36.982+0000] {standard_task_runner.py:57} INFO - Started process 106 to run task
[2024-09-20T12:48:36.988+0000] {standard_task_runner.py:84} INFO - Running: ['airflow', 'tasks', 'run', 'raw_ingestion', 'spark_stage_processing', 'scheduled__2024-09-20T09:30:00+00:00', '--job-id', '247', '--raw', '--subdir', 'DAGS_FOLDER/raw_ingestion.py', '--cfg-path', '/tmp/tmplt9n0r4d']
[2024-09-20T12:48:36.989+0000] {standard_task_runner.py:85} INFO - Job 247: Subtask spark_stage_processing
[2024-09-20T12:48:37.184+0000] {task_command.py:416} INFO - Running <TaskInstance: raw_ingestion.spark_stage_processing scheduled__2024-09-20T09:30:00+00:00 [running]> on host airflow-worker
[2024-09-20T12:48:37.445+0000] {taskinstance.py:1662} INFO - Exporting env vars: AIRFLOW_CTX_DAG_OWNER='***' AIRFLOW_CTX_DAG_ID='raw_ingestion' AIRFLOW_CTX_TASK_ID='spark_stage_processing' AIRFLOW_CTX_EXECUTION_DATE='2024-09-20T09:30:00+00:00' AIRFLOW_CTX_TRY_NUMBER='1' AIRFLOW_CTX_DAG_RUN_ID='scheduled__2024-09-20T09:30:00+00:00'
[2024-09-20T12:48:37.446+0000] {ssh.py:141} INFO - Creating ssh_client
[2024-09-20T12:48:37.446+0000] {ssh.py:114} INFO - ssh_hook is not provided or invalid. Trying ssh_conn_id to create SSHHook.
[2024-09-20T12:48:37.487+0000] {base.py:73} INFO - Using connection ID 'spark_ssh_default' for task execution.
[2024-09-20T12:48:37.490+0000] {ssh.py:300} WARNING - No Host Key Verification. This won't protect against Man-In-The-Middle attacks
[2024-09-20T12:48:37.502+0000] {transport.py:1893} INFO - Connected (version 2.0, client OpenSSH_8.9p1)
[2024-09-20T12:48:37.643+0000] {transport.py:1893} INFO - Authentication (password) successful!
[2024-09-20T12:48:37.645+0000] {ssh.py:478} INFO - Running command: export SPARK_HOME=/usr/local/spark; /opt/conda/bin/spark-submit --master local[*] --executor-memory 2g /opt/shared/scripts/raw_ingestion.py 2024-09-20
[2024-09-20T12:48:46.823+0000] {ssh.py:524} INFO - [DEBUG] dt_now: 2024-09-20
[2024-09-20T12:48:47.027+0000] {ssh.py:524} INFO - 24/09/20 12:48:47 INFO SparkContext: Running Spark version 3.3.1
[2024-09-20T12:48:47.135+0000] {ssh.py:524} INFO - 24/09/20 12:48:47 WARN NativeCodeLoader: Unable to load native-hadoop library for your platform... using builtin-java classes where applicable
[2024-09-20T12:48:47.349+0000] {ssh.py:524} INFO - 24/09/20 12:48:47 INFO ResourceUtils: ==============================================================
[2024-09-20T12:48:47.350+0000] {ssh.py:524} INFO - 24/09/20 12:48:47 INFO ResourceUtils: No custom resources configured for spark.driver.
[2024-09-20T12:48:47.351+0000] {ssh.py:524} INFO - 24/09/20 12:48:47 INFO ResourceUtils: ==============================================================
[2024-09-20T12:48:47.351+0000] {ssh.py:524} INFO - 24/09/20 12:48:47 INFO SparkContext: Submitted application: raw_ingestion
[2024-09-20T12:48:47.419+0000] {ssh.py:524} INFO - 24/09/20 12:48:47 INFO ResourceProfile: Default ResourceProfile created, executor resources: Map(cores -> name: cores, amount: 1, script: , vendor: , memory -> name: memory, amount: 1024, script: , vendor: , offHeap -> name: offHeap, amount: 0, script: , vendor: ), task resources: Map(cpus -> name: cpus, amount: 1.0)
[2024-09-20T12:48:47.437+0000] {ssh.py:524} INFO - 24/09/20 12:48:47 INFO ResourceProfile: Limiting resource is cpu
[2024-09-20T12:48:47.438+0000] {ssh.py:524} INFO - 24/09/20 12:48:47 INFO ResourceProfileManager: Added ResourceProfile id: 0
[2024-09-20T12:48:47.580+0000] {ssh.py:524} INFO - 24/09/20 12:48:47 INFO SecurityManager: Changing view acls to: root
[2024-09-20T12:48:47.581+0000] {ssh.py:524} INFO - 24/09/20 12:48:47 INFO SecurityManager: Changing modify acls to: root
[2024-09-20T12:48:47.583+0000] {ssh.py:524} INFO - 24/09/20 12:48:47 INFO SecurityManager: Changing view acls groups to: 
[2024-09-20T12:48:47.584+0000] {ssh.py:524} INFO - 24/09/20 12:48:47 INFO SecurityManager: Changing modify acls groups to: 
[2024-09-20T12:48:47.586+0000] {ssh.py:524} INFO - 24/09/20 12:48:47 INFO SecurityManager: SecurityManager: authentication disabled; ui acls disabled; users  with view permissions: Set(root); groups with view permissions: Set(); users  with modify permissions: Set(root); groups with modify permissions: Set()
[2024-09-20T12:48:48.768+0000] {ssh.py:524} INFO - 24/09/20 12:48:48 INFO Utils: Successfully started service 'sparkDriver' on port 35873.
[2024-09-20T12:48:48.946+0000] {ssh.py:524} INFO - 24/09/20 12:48:48 INFO SparkEnv: Registering MapOutputTracker
[2024-09-20T12:48:49.128+0000] {ssh.py:524} INFO - 24/09/20 12:48:49 INFO SparkEnv: Registering BlockManagerMaster
[2024-09-20T12:48:49.222+0000] {ssh.py:524} INFO - 24/09/20 12:48:49 INFO BlockManagerMasterEndpoint: Using org.apache.spark.storage.DefaultTopologyMapper for getting topology information
[2024-09-20T12:48:49.230+0000] {ssh.py:524} INFO - 24/09/20 12:48:49 INFO BlockManagerMasterEndpoint: BlockManagerMasterEndpoint up
[2024-09-20T12:48:49.264+0000] {ssh.py:524} INFO - 24/09/20 12:48:49 INFO SparkEnv: Registering BlockManagerMasterHeartbeat
[2024-09-20T12:48:49.420+0000] {ssh.py:524} INFO - 24/09/20 12:48:49 INFO DiskBlockManager: Created local directory at /tmp/blockmgr-b45f2508-6e56-4c27-9f4b-ab620369609f
[2024-09-20T12:48:49.540+0000] {ssh.py:524} INFO - 24/09/20 12:48:49 INFO MemoryStore: MemoryStore started with capacity 434.4 MiB
[2024-09-20T12:48:49.589+0000] {ssh.py:524} INFO - 24/09/20 12:48:49 INFO SparkEnv: Registering OutputCommitCoordinator
[2024-09-20T12:48:50.958+0000] {ssh.py:524} INFO - 24/09/20 12:48:50 WARN Utils: Service 'SparkUI' could not bind on port 4040. Attempting port 4041.
[2024-09-20T12:48:50.969+0000] {ssh.py:524} INFO - 24/09/20 12:48:50 WARN Utils: Service 'SparkUI' could not bind on port 4041. Attempting port 4042.
[2024-09-20T12:48:51.018+0000] {ssh.py:524} INFO - 24/09/20 12:48:51 INFO Utils: Successfully started service 'SparkUI' on port 4042.
[2024-09-20T12:48:52.266+0000] {ssh.py:524} INFO - 24/09/20 12:48:52 INFO Executor: Starting executor ID driver on host spark-master
[2024-09-20T12:48:52.374+0000] {ssh.py:524} INFO - 24/09/20 12:48:52 INFO Executor: Starting executor with user classpath (userClassPathFirst = false): ''
[2024-09-20T12:48:52.949+0000] {ssh.py:524} INFO - 24/09/20 12:48:52 INFO Utils: Successfully started service 'org.apache.spark.network.netty.NettyBlockTransferService' on port 38389.
[2024-09-20T12:48:52.950+0000] {ssh.py:524} INFO - 24/09/20 12:48:52 INFO NettyBlockTransferService: Server created on spark-master:38389
[2024-09-20T12:48:52.972+0000] {ssh.py:524} INFO - 24/09/20 12:48:52 INFO BlockManager: Using org.apache.spark.storage.RandomBlockReplicationPolicy for block replication policy
[2024-09-20T12:48:53.149+0000] {ssh.py:524} INFO - 24/09/20 12:48:53 INFO BlockManagerMaster: Registering BlockManager BlockManagerId(driver, spark-master, 38389, None)
[2024-09-20T12:48:53.258+0000] {ssh.py:524} INFO - 24/09/20 12:48:53 INFO BlockManagerMasterEndpoint: Registering block manager spark-master:38389 with 434.4 MiB RAM, BlockManagerId(driver, spark-master, 38389, None)
[2024-09-20T12:48:53.286+0000] {ssh.py:524} INFO - 24/09/20 12:48:53 INFO BlockManagerMaster: Registered BlockManager BlockManagerId(driver, spark-master, 38389, None)
[2024-09-20T12:48:53.296+0000] {ssh.py:524} INFO - 24/09/20 12:48:53 INFO BlockManager: Initialized BlockManager: BlockManagerId(driver, spark-master, 38389, None)
[2024-09-20T12:49:03.362+0000] {taskinstance.py:1937} ERROR - Task failed with exception
Traceback (most recent call last):
  File "/home/airflow/.local/lib/python3.8/site-packages/airflow/providers/ssh/operators/ssh.py", line 178, in execute
    result = self.run_ssh_client_command(ssh_client, self.command, context=context)
  File "/home/airflow/.local/lib/python3.8/site-packages/airflow/providers/ssh/operators/ssh.py", line 163, in run_ssh_client_command
    exit_status, agg_stdout, agg_stderr = self.hook.exec_ssh_client_command(
  File "/home/airflow/.local/lib/python3.8/site-packages/airflow/providers/ssh/hooks/ssh.py", line 549, in exec_ssh_client_command
    raise AirflowException("SSH command timed out")
airflow.exceptions.AirflowException: SSH command timed out
[2024-09-20T12:49:03.367+0000] {taskinstance.py:1400} INFO - Marking task as FAILED. dag_id=raw_ingestion, task_id=spark_stage_processing, execution_date=20240920T093000, start_date=20240920T124836, end_date=20240920T124903
[2024-09-20T12:49:03.403+0000] {standard_task_runner.py:104} ERROR - Failed to execute job 247 for task spark_stage_processing (SSH command timed out; 106)
[2024-09-20T12:49:03.433+0000] {local_task_job_runner.py:228} INFO - Task exited with return code 1
[2024-09-20T12:49:03.546+0000] {taskinstance.py:2778} INFO - 0 downstream tasks scheduled from follow-on schedule check
