[2024-09-17T23:27:35.653+0000] {taskinstance.py:1159} INFO - Dependencies all met for dep_context=non-requeueable deps ti=<TaskInstance: raw_ingestion.raw_ingestion scheduled__2024-09-17T09:00:00+00:00 [queued]>
[2024-09-17T23:27:35.667+0000] {taskinstance.py:1159} INFO - Dependencies all met for dep_context=requeueable deps ti=<TaskInstance: raw_ingestion.raw_ingestion scheduled__2024-09-17T09:00:00+00:00 [queued]>
[2024-09-17T23:27:35.667+0000] {taskinstance.py:1361} INFO - Starting attempt 1 of 0
[2024-09-17T23:27:35.691+0000] {taskinstance.py:1382} INFO - Executing <Task(SSHOperator): raw_ingestion> on 2024-09-17 09:00:00+00:00
[2024-09-17T23:27:35.701+0000] {standard_task_runner.py:57} INFO - Started process 1325 to run task
[2024-09-17T23:27:35.704+0000] {standard_task_runner.py:84} INFO - Running: ['airflow', 'tasks', 'run', 'raw_ingestion', 'raw_ingestion', 'scheduled__2024-09-17T09:00:00+00:00', '--job-id', '90', '--raw', '--subdir', 'DAGS_FOLDER/raw_ingestion.py', '--cfg-path', '/tmp/tmpu_4cf7z_']
[2024-09-17T23:27:35.704+0000] {standard_task_runner.py:85} INFO - Job 90: Subtask raw_ingestion
[2024-09-17T23:27:35.883+0000] {task_command.py:416} INFO - Running <TaskInstance: raw_ingestion.raw_ingestion scheduled__2024-09-17T09:00:00+00:00 [running]> on host airflow-worker
[2024-09-17T23:27:36.197+0000] {taskinstance.py:1662} INFO - Exporting env vars: AIRFLOW_CTX_DAG_OWNER='***' AIRFLOW_CTX_DAG_ID='raw_ingestion' AIRFLOW_CTX_TASK_ID='raw_ingestion' AIRFLOW_CTX_EXECUTION_DATE='2024-09-17T09:00:00+00:00' AIRFLOW_CTX_TRY_NUMBER='1' AIRFLOW_CTX_DAG_RUN_ID='scheduled__2024-09-17T09:00:00+00:00'
[2024-09-17T23:27:36.199+0000] {ssh.py:141} INFO - Creating ssh_client
[2024-09-17T23:27:36.199+0000] {ssh.py:114} INFO - ssh_hook is not provided or invalid. Trying ssh_conn_id to create SSHHook.
[2024-09-17T23:27:36.251+0000] {base.py:73} INFO - Using connection ID 'spark_ssh_default' for task execution.
[2024-09-17T23:27:36.254+0000] {ssh.py:300} WARNING - No Host Key Verification. This won't protect against Man-In-The-Middle attacks
[2024-09-17T23:27:36.268+0000] {transport.py:1893} INFO - Connected (version 2.0, client OpenSSH_8.9p1)
[2024-09-17T23:27:36.428+0000] {transport.py:1893} INFO - Authentication (password) successful!
[2024-09-17T23:27:36.430+0000] {ssh.py:478} INFO - Running command: export SPARK_HOME=/usr/local/spark; /opt/conda/bin/spark-submit --master local[*] --executor-memory 2g /opt/shared/scripts/raw_ingestion.py
[2024-09-17T23:27:44.180+0000] {ssh.py:524} INFO - 24/09/17 23:27:44 INFO SparkContext: Running Spark version 3.3.1
[2024-09-17T23:27:44.288+0000] {ssh.py:524} INFO - 24/09/17 23:27:44 WARN NativeCodeLoader: Unable to load native-hadoop library for your platform... using builtin-java classes where applicable
[2024-09-17T23:27:44.843+0000] {ssh.py:524} INFO - 24/09/17 23:27:44 INFO ResourceUtils: ==============================================================
[2024-09-17T23:27:44.844+0000] {ssh.py:524} INFO - 24/09/17 23:27:44 INFO ResourceUtils: No custom resources configured for spark.driver.
[2024-09-17T23:27:44.845+0000] {ssh.py:524} INFO - 24/09/17 23:27:44 INFO ResourceUtils: ==============================================================
[2024-09-17T23:27:44.846+0000] {ssh.py:524} INFO - 24/09/17 23:27:44 INFO SparkContext: Submitted application: load
[2024-09-17T23:27:44.934+0000] {ssh.py:524} INFO - 24/09/17 23:27:44 INFO ResourceProfile: Default ResourceProfile created, executor resources: Map(cores -> name: cores, amount: 1, script: , vendor: , memory -> name: memory, amount: 1024, script: , vendor: , offHeap -> name: offHeap, amount: 0, script: , vendor: ), task resources: Map(cpus -> name: cpus, amount: 1.0)
[2024-09-17T23:27:44.976+0000] {ssh.py:524} INFO - 24/09/17 23:27:44 INFO ResourceProfile: Limiting resource is cpu
[2024-09-17T23:27:44.978+0000] {ssh.py:524} INFO - 24/09/17 23:27:44 INFO ResourceProfileManager: Added ResourceProfile id: 0
[2024-09-17T23:27:45.416+0000] {ssh.py:524} INFO - 24/09/17 23:27:45 INFO SecurityManager: Changing view acls to: root
[2024-09-17T23:27:45.419+0000] {ssh.py:524} INFO - 24/09/17 23:27:45 INFO SecurityManager: Changing modify acls to: root
[2024-09-17T23:27:45.429+0000] {ssh.py:524} INFO - 24/09/17 23:27:45 INFO SecurityManager: Changing view acls groups to: 
[2024-09-17T23:27:45.436+0000] {ssh.py:524} INFO - 24/09/17 23:27:45 INFO SecurityManager: Changing modify acls groups to: 
[2024-09-17T23:27:45.446+0000] {ssh.py:524} INFO - 24/09/17 23:27:45 INFO SecurityManager: SecurityManager: authentication disabled; ui acls disabled; users  with view permissions: Set(root); groups with view permissions: Set(); users  with modify permissions: Set(root); groups with modify permissions: Set()
[2024-09-17T23:27:48.210+0000] {ssh.py:524} INFO - 24/09/17 23:27:48 INFO Utils: Successfully started service 'sparkDriver' on port 39433.
[2024-09-17T23:27:48.533+0000] {ssh.py:524} INFO - 24/09/17 23:27:48 INFO SparkEnv: Registering MapOutputTracker
[2024-09-17T23:27:48.840+0000] {ssh.py:524} INFO - 24/09/17 23:27:48 INFO SparkEnv: Registering BlockManagerMaster
[2024-09-17T23:27:48.966+0000] {ssh.py:524} INFO - 24/09/17 23:27:48 INFO BlockManagerMasterEndpoint: Using org.apache.spark.storage.DefaultTopologyMapper for getting topology information
[2024-09-17T23:27:48.997+0000] {ssh.py:524} INFO - 24/09/17 23:27:48 INFO BlockManagerMasterEndpoint: BlockManagerMasterEndpoint up
[2024-09-17T23:27:49.025+0000] {ssh.py:524} INFO - 24/09/17 23:27:49 INFO SparkEnv: Registering BlockManagerMasterHeartbeat
[2024-09-17T23:27:49.331+0000] {ssh.py:524} INFO - 24/09/17 23:27:49 INFO DiskBlockManager: Created local directory at /tmp/blockmgr-374837b8-7d63-4e1f-b1c7-19f7f90eaeac
[2024-09-17T23:27:49.514+0000] {ssh.py:524} INFO - 24/09/17 23:27:49 INFO MemoryStore: MemoryStore started with capacity 434.4 MiB
[2024-09-17T23:27:49.672+0000] {ssh.py:524} INFO - 24/09/17 23:27:49 INFO SparkEnv: Registering OutputCommitCoordinator
[2024-09-17T23:27:51.016+0000] {ssh.py:524} INFO - 24/09/17 23:27:51 WARN Utils: Service 'SparkUI' could not bind on port 4040. Attempting port 4041.
[2024-09-17T23:27:51.022+0000] {ssh.py:524} INFO - 24/09/17 23:27:51 WARN Utils: Service 'SparkUI' could not bind on port 4041. Attempting port 4042.
[2024-09-17T23:27:51.023+0000] {ssh.py:524} INFO - 24/09/17 23:27:51 WARN Utils: Service 'SparkUI' could not bind on port 4042. Attempting port 4043.
[2024-09-17T23:27:51.113+0000] {ssh.py:524} INFO - 24/09/17 23:27:51 INFO Utils: Successfully started service 'SparkUI' on port 4043.
[2024-09-17T23:27:52.574+0000] {ssh.py:524} INFO - 24/09/17 23:27:52 INFO Executor: Starting executor ID driver on host spark-master
[2024-09-17T23:27:52.638+0000] {ssh.py:524} INFO - 24/09/17 23:27:52 INFO Executor: Starting executor with user classpath (userClassPathFirst = false): ''
[2024-09-17T23:27:52.790+0000] {ssh.py:524} INFO - 24/09/17 23:27:52 INFO Utils: Successfully started service 'org.apache.spark.network.netty.NettyBlockTransferService' on port 33737.
[2024-09-17T23:27:52.792+0000] {ssh.py:524} INFO - 24/09/17 23:27:52 INFO NettyBlockTransferService: Server created on spark-master:33737
[2024-09-17T23:27:52.796+0000] {ssh.py:524} INFO - 24/09/17 23:27:52 INFO BlockManager: Using org.apache.spark.storage.RandomBlockReplicationPolicy for block replication policy
[2024-09-17T23:27:52.826+0000] {ssh.py:524} INFO - 24/09/17 23:27:52 INFO BlockManagerMaster: Registering BlockManager BlockManagerId(driver, spark-master, 33737, None)
[2024-09-17T23:27:52.835+0000] {ssh.py:524} INFO - 24/09/17 23:27:52 INFO BlockManagerMasterEndpoint: Registering block manager spark-master:33737 with 434.4 MiB RAM, BlockManagerId(driver, spark-master, 33737, None)
[2024-09-17T23:27:52.840+0000] {ssh.py:524} INFO - 24/09/17 23:27:52 INFO BlockManagerMaster: Registered BlockManager BlockManagerId(driver, spark-master, 33737, None)
[2024-09-17T23:27:52.841+0000] {ssh.py:524} INFO - 24/09/17 23:27:52 INFO BlockManager: Initialized BlockManager: BlockManagerId(driver, spark-master, 33737, None)
[2024-09-17T23:28:02.915+0000] {taskinstance.py:1937} ERROR - Task failed with exception
Traceback (most recent call last):
  File "/home/airflow/.local/lib/python3.8/site-packages/airflow/providers/ssh/operators/ssh.py", line 178, in execute
    result = self.run_ssh_client_command(ssh_client, self.command, context=context)
  File "/home/airflow/.local/lib/python3.8/site-packages/airflow/providers/ssh/operators/ssh.py", line 163, in run_ssh_client_command
    exit_status, agg_stdout, agg_stderr = self.hook.exec_ssh_client_command(
  File "/home/airflow/.local/lib/python3.8/site-packages/airflow/providers/ssh/hooks/ssh.py", line 549, in exec_ssh_client_command
    raise AirflowException("SSH command timed out")
airflow.exceptions.AirflowException: SSH command timed out
[2024-09-17T23:28:02.920+0000] {taskinstance.py:1400} INFO - Marking task as FAILED. dag_id=raw_ingestion, task_id=raw_ingestion, execution_date=20240917T090000, start_date=20240917T232735, end_date=20240917T232802
[2024-09-17T23:28:02.962+0000] {standard_task_runner.py:104} ERROR - Failed to execute job 90 for task raw_ingestion (SSH command timed out; 1325)
[2024-09-17T23:28:03.010+0000] {local_task_job_runner.py:228} INFO - Task exited with return code 1
[2024-09-17T23:28:03.141+0000] {taskinstance.py:2778} INFO - 0 downstream tasks scheduled from follow-on schedule check
